
===========================================================================
report_checks -unconstrained
===========================================================================
======================= Fastest Corner ===================================

Startpoint: A[0] (input port clocked by clk)
Endpoint: SUM[6] (output port clocked by clk)
Path Group: clk
Path Type: max
Corner: Fastest

Fanout     Cap    Slew   Delay    Time   Description
-----------------------------------------------------------------------------
                  0.00    0.00    0.00   clock clk (rise edge)
                          0.00    0.00   clock network delay (ideal)
                          2.00    2.00 v input external delay
                  0.01    0.00    2.00 v A[0] (in)
     1    0.00                           A[0] (net)
                  0.01    0.00    2.00 v input1/A (sky130_fd_sc_hd__dlymetal6s2s_1)
                  0.07    0.12    2.12 v input1/X (sky130_fd_sc_hd__dlymetal6s2s_1)
     4    0.02                           net1 (net)
                  0.07    0.00    2.12 v _27_/A2 (sky130_fd_sc_hd__a21o_1)
                  0.03    0.14    2.26 v _27_/X (sky130_fd_sc_hd__a21o_1)
     2    0.01                           _00_ (net)
                  0.03    0.00    2.26 v _30_/B (sky130_fd_sc_hd__and3_1)
                  0.04    0.12    2.38 v _30_/X (sky130_fd_sc_hd__and3_1)
     3    0.01                           _03_ (net)
                  0.04    0.00    2.38 v _33_/C (sky130_fd_sc_hd__or3_1)
                  0.05    0.19    2.58 v _33_/X (sky130_fd_sc_hd__or3_1)
     2    0.00                           _05_ (net)
                  0.05    0.00    2.58 v _37_/A2 (sky130_fd_sc_hd__a21bo_1)
                  0.04    0.15    2.72 v _37_/X (sky130_fd_sc_hd__a21bo_1)
     2    0.01                           _08_ (net)
                  0.04    0.00    2.72 v _38_/B (sky130_fd_sc_hd__xor2_1)
                  0.18    0.17    2.90 ^ _38_/X (sky130_fd_sc_hd__xor2_1)
     2    0.01                           _09_ (net)
                  0.18    0.00    2.90 ^ _41_/A2 (sky130_fd_sc_hd__a21oi_2)
                  0.06    0.07    2.96 v _41_/Y (sky130_fd_sc_hd__a21oi_2)
     2    0.01                           _11_ (net)
                  0.06    0.00    2.97 v _42_/B (sky130_fd_sc_hd__xnor2_1)
                  0.18    0.18    3.15 ^ _42_/Y (sky130_fd_sc_hd__xnor2_1)
     2    0.01                           _12_ (net)
                  0.18    0.00    3.15 ^ _45_/A2 (sky130_fd_sc_hd__a21oi_2)
                  0.05    0.05    3.20 v _45_/Y (sky130_fd_sc_hd__a21oi_2)
     2    0.01                           _14_ (net)
                  0.05    0.00    3.20 v _46_/B (sky130_fd_sc_hd__xnor2_1)
                  0.12    0.13    3.33 ^ _46_/Y (sky130_fd_sc_hd__xnor2_1)
     2    0.01                           _15_ (net)
                  0.12    0.00    3.33 ^ _48_/A (sky130_fd_sc_hd__nand2_1)
                  0.07    0.08    3.40 v _48_/Y (sky130_fd_sc_hd__nand2_1)
     4    0.01                           _17_ (net)
                  0.07    0.00    3.40 v _53_/A2 (sky130_fd_sc_hd__a21bo_1)
                  0.02    0.14    3.54 v _53_/X (sky130_fd_sc_hd__a21bo_1)
     1    0.00                           _21_ (net)
                  0.02    0.00    3.54 v _54_/B (sky130_fd_sc_hd__nand2_1)
                  0.06    0.06    3.60 ^ _54_/Y (sky130_fd_sc_hd__nand2_1)
     1    0.01                           _22_ (net)
                  0.06    0.00    3.60 ^ _55_/B (sky130_fd_sc_hd__xnor2_1)
                  0.16    0.11    3.71 ^ _55_/Y (sky130_fd_sc_hd__xnor2_1)
     1    0.01                           net23 (net)
                  0.16    0.00    3.71 ^ output23/A (sky130_fd_sc_hd__buf_4)
                  0.08    0.14    3.85 ^ output23/X (sky130_fd_sc_hd__buf_4)
     1    0.04                           SUM[6] (net)
                  0.08    0.00    3.85 ^ SUM[6] (out)
                                  3.85   data arrival time

                  0.00   10.00   10.00   clock clk (rise edge)
                          0.00   10.00   clock network delay (ideal)
                         -0.25    9.75   clock uncertainty
                          0.00    9.75   clock reconvergence pessimism
                         -2.00    7.75   output external delay
                                  7.75   data required time
-----------------------------------------------------------------------------
                                  7.75   data required time
                                 -3.85   data arrival time
-----------------------------------------------------------------------------
                                  3.90   slack (MET)



======================= Slowest Corner ===================================

Startpoint: A[0] (input port clocked by clk)
Endpoint: SUM[6] (output port clocked by clk)
Path Group: clk
Path Type: max
Corner: Slowest

Fanout     Cap    Slew   Delay    Time   Description
-----------------------------------------------------------------------------
                  0.00    0.00    0.00   clock clk (rise edge)
                          0.00    0.00   clock network delay (ideal)
                          2.00    2.00 v input external delay
                  0.02    0.01    2.01 v A[0] (in)
     1    0.00                           A[0] (net)
                  0.02    0.00    2.01 v input1/A (sky130_fd_sc_hd__dlymetal6s2s_1)
                  0.19    0.38    2.39 v input1/X (sky130_fd_sc_hd__dlymetal6s2s_1)
     4    0.02                           net1 (net)
                  0.19    0.00    2.39 v _27_/A2 (sky130_fd_sc_hd__a21o_1)
                  0.08    0.40    2.79 v _27_/X (sky130_fd_sc_hd__a21o_1)
     2    0.01                           _00_ (net)
                  0.08    0.00    2.79 v _30_/B (sky130_fd_sc_hd__and3_1)
                  0.11    0.39    3.19 v _30_/X (sky130_fd_sc_hd__and3_1)
     3    0.01                           _03_ (net)
                  0.11    0.00    3.19 v _33_/C (sky130_fd_sc_hd__or3_1)
                  0.16    0.80    3.99 v _33_/X (sky130_fd_sc_hd__or3_1)
     2    0.00                           _05_ (net)
                  0.16    0.00    3.99 v _37_/A2 (sky130_fd_sc_hd__a21bo_1)
                  0.10    0.43    4.42 v _37_/X (sky130_fd_sc_hd__a21bo_1)
     2    0.01                           _08_ (net)
                  0.10    0.00    4.42 v _38_/B (sky130_fd_sc_hd__xor2_1)
                  0.19    0.35    4.77 v _38_/X (sky130_fd_sc_hd__xor2_1)
     2    0.01                           _09_ (net)
                  0.19    0.00    4.77 v _41_/A2 (sky130_fd_sc_hd__a21oi_2)
                  0.28    0.40    5.17 ^ _41_/Y (sky130_fd_sc_hd__a21oi_2)
     2    0.01                           _11_ (net)
                  0.28    0.00    5.17 ^ _44_/A_N (sky130_fd_sc_hd__and2b_1)
                  0.08    0.48    5.65 v _44_/X (sky130_fd_sc_hd__and2b_1)
     1    0.00                           _13_ (net)
                  0.08    0.00    5.65 v _45_/B1 (sky130_fd_sc_hd__a21oi_2)
                  0.21    0.23    5.88 ^ _45_/Y (sky130_fd_sc_hd__a21oi_2)
     2    0.01                           _14_ (net)
                  0.21    0.00    5.88 ^ _46_/B (sky130_fd_sc_hd__xnor2_1)
                  0.27    0.29    6.17 ^ _46_/Y (sky130_fd_sc_hd__xnor2_1)
     2    0.01                           _15_ (net)
                  0.27    0.00    6.17 ^ _48_/A (sky130_fd_sc_hd__nand2_1)
                  0.21    0.30    6.47 v _48_/Y (sky130_fd_sc_hd__nand2_1)
     4    0.01                           _17_ (net)
                  0.21    0.00    6.47 v _53_/A2 (sky130_fd_sc_hd__a21bo_1)
                  0.06    0.41    6.88 v _53_/X (sky130_fd_sc_hd__a21bo_1)
     1    0.00                           _21_ (net)
                  0.06    0.00    6.88 v _54_/B (sky130_fd_sc_hd__nand2_1)
                  0.12    0.14    7.01 ^ _54_/Y (sky130_fd_sc_hd__nand2_1)
     1    0.01                           _22_ (net)
                  0.12    0.00    7.01 ^ _55_/B (sky130_fd_sc_hd__xnor2_1)
                  0.37    0.29    7.30 ^ _55_/Y (sky130_fd_sc_hd__xnor2_1)
     1    0.01                           net23 (net)
                  0.37    0.00    7.30 ^ output23/A (sky130_fd_sc_hd__buf_4)
                  0.17    0.43    7.74 ^ output23/X (sky130_fd_sc_hd__buf_4)
     1    0.04                           SUM[6] (net)
                  0.17    0.00    7.74 ^ SUM[6] (out)
                                  7.74   data arrival time

                  0.00   10.00   10.00   clock clk (rise edge)
                          0.00   10.00   clock network delay (ideal)
                         -0.25    9.75   clock uncertainty
                          0.00    9.75   clock reconvergence pessimism
                         -2.00    7.75   output external delay
                                  7.75   data required time
-----------------------------------------------------------------------------
                                  7.75   data required time
                                 -7.74   data arrival time
-----------------------------------------------------------------------------
                                  0.01   slack (MET)



======================= Typical Corner ===================================

Startpoint: A[0] (input port clocked by clk)
Endpoint: SUM[6] (output port clocked by clk)
Path Group: clk
Path Type: max
Corner: Typical

Fanout     Cap    Slew   Delay    Time   Description
-----------------------------------------------------------------------------
                  0.00    0.00    0.00   clock clk (rise edge)
                          0.00    0.00   clock network delay (ideal)
                          2.00    2.00 v input external delay
                  0.01    0.00    2.00 v A[0] (in)
     1    0.00                           A[0] (net)
                  0.01    0.00    2.00 v input1/A (sky130_fd_sc_hd__dlymetal6s2s_1)
                  0.10    0.18    2.19 v input1/X (sky130_fd_sc_hd__dlymetal6s2s_1)
     4    0.02                           net1 (net)
                  0.10    0.00    2.19 v _27_/A2 (sky130_fd_sc_hd__a21o_1)
                  0.04    0.21    2.40 v _27_/X (sky130_fd_sc_hd__a21o_1)
     2    0.01                           _00_ (net)
                  0.04    0.00    2.40 v _30_/B (sky130_fd_sc_hd__and3_1)
                  0.06    0.19    2.59 v _30_/X (sky130_fd_sc_hd__and3_1)
     3    0.01                           _03_ (net)
                  0.06    0.00    2.59 v _33_/C (sky130_fd_sc_hd__or3_1)
                  0.08    0.34    2.93 v _33_/X (sky130_fd_sc_hd__or3_1)
     2    0.00                           _05_ (net)
                  0.08    0.00    2.93 v _37_/A2 (sky130_fd_sc_hd__a21bo_1)
                  0.05    0.23    3.16 v _37_/X (sky130_fd_sc_hd__a21bo_1)
     2    0.01                           _08_ (net)
                  0.05    0.00    3.16 v _38_/B (sky130_fd_sc_hd__xor2_1)
                  0.25    0.25    3.40 ^ _38_/X (sky130_fd_sc_hd__xor2_1)
     2    0.01                           _09_ (net)
                  0.25    0.00    3.40 ^ _41_/A2 (sky130_fd_sc_hd__a21oi_2)
                  0.08    0.13    3.53 v _41_/Y (sky130_fd_sc_hd__a21oi_2)
     2    0.01                           _11_ (net)
                  0.08    0.00    3.53 v _42_/B (sky130_fd_sc_hd__xnor2_1)
                  0.26    0.26    3.80 ^ _42_/Y (sky130_fd_sc_hd__xnor2_1)
     2    0.01                           _12_ (net)
                  0.26    0.00    3.80 ^ _45_/A2 (sky130_fd_sc_hd__a21oi_2)
                  0.07    0.11    3.91 v _45_/Y (sky130_fd_sc_hd__a21oi_2)
     2    0.01                           _14_ (net)
                  0.07    0.00    3.91 v _46_/B (sky130_fd_sc_hd__xnor2_1)
                  0.17    0.18    4.09 ^ _46_/Y (sky130_fd_sc_hd__xnor2_1)
     2    0.01                           _15_ (net)
                  0.17    0.00    4.09 ^ _48_/A (sky130_fd_sc_hd__nand2_1)
                  0.10    0.13    4.23 v _48_/Y (sky130_fd_sc_hd__nand2_1)
     4    0.01                           _17_ (net)
                  0.10    0.00    4.23 v _53_/A2 (sky130_fd_sc_hd__a21bo_1)
                  0.03    0.21    4.44 v _53_/X (sky130_fd_sc_hd__a21bo_1)
     1    0.00                           _21_ (net)
                  0.03    0.00    4.44 v _54_/B (sky130_fd_sc_hd__nand2_1)
                  0.07    0.08    4.53 ^ _54_/Y (sky130_fd_sc_hd__nand2_1)
     1    0.01                           _22_ (net)
                  0.07    0.00    4.53 ^ _55_/B (sky130_fd_sc_hd__xnor2_1)
                  0.23    0.16    4.69 ^ _55_/Y (sky130_fd_sc_hd__xnor2_1)
     1    0.01                           net23 (net)
                  0.23    0.00    4.69 ^ output23/A (sky130_fd_sc_hd__buf_4)
                  0.11    0.23    4.92 ^ output23/X (sky130_fd_sc_hd__buf_4)
     1    0.04                           SUM[6] (net)
                  0.11    0.00    4.92 ^ SUM[6] (out)
                                  4.92   data arrival time

                  0.00   10.00   10.00   clock clk (rise edge)
                          0.00   10.00   clock network delay (ideal)
                         -0.25    9.75   clock uncertainty
                          0.00    9.75   clock reconvergence pessimism
                         -2.00    7.75   output external delay
                                  7.75   data required time
-----------------------------------------------------------------------------
                                  7.75   data required time
                                 -4.92   data arrival time
-----------------------------------------------------------------------------
                                  2.83   slack (MET)




===========================================================================
report_checks --slack_max -0.01
============================================================================
======================= Fastest Corner ===================================

No paths found.

======================= Slowest Corner ===================================

No paths found.

======================= Typical Corner ===================================

No paths found.


===========================================================================
 report_check_types -max_slew -max_cap -max_fanout -violators
============================================================================
======================= Fastest Corner ===================================


======================= Slowest Corner ===================================


======================= Typical Corner ===================================



===========================================================================
report_parasitic_annotation -report_unannotated
============================================================================
Found 0 unannotated drivers.
Found 0 partially unannotated drivers.

===========================================================================
max slew violation count 0
max fanout violation count 0
max cap violation count 0
============================================================================

===========================================================================
check_setup -verbose -unconstrained_endpoints -multiple_clock -no_clock -no_input_delay -loops -generated_clocks
===========================================================================
