
===========================================================================
report_checks -path_delay min (Hold)
============================================================================
======================= Fastest Corner ===================================

Startpoint: B[4] (input port clocked by clk)
Endpoint: SUM[4] (output port clocked by clk)
Path Group: clk
Path Type: min
Corner: Fastest

Fanout     Cap    Slew   Delay    Time   Description
-----------------------------------------------------------------------------
                  0.00    0.00    0.00   clock clk (rise edge)
                          0.00    0.00   clock network delay (ideal)
                          2.00    2.00 ^ input external delay
                  0.02    0.01    2.01 ^ B[4] (in)
     1    0.00                           B[4] (net)
                  0.02    0.00    2.01 ^ input13/A (sky130_fd_sc_hd__buf_1)
                  0.10    0.09    2.10 ^ input13/X (sky130_fd_sc_hd__buf_1)
     2    0.01                           net13 (net)
                  0.10    0.00    2.10 ^ _43_/A (sky130_fd_sc_hd__xor2_1)
                  0.03    0.05    2.15 v _43_/X (sky130_fd_sc_hd__xor2_1)
     1    0.01                           net21 (net)
                  0.03    0.00    2.15 v output21/A (sky130_fd_sc_hd__clkbuf_4)
                  0.06    0.12    2.27 v output21/X (sky130_fd_sc_hd__clkbuf_4)
     1    0.03                           SUM[4] (net)
                  0.06    0.00    2.27 v SUM[4] (out)
                                  2.27   data arrival time

                  0.00    0.00    0.00   clock clk (rise edge)
                          0.00    0.00   clock network delay (ideal)
                          0.25    0.25   clock uncertainty
                          0.00    0.25   clock reconvergence pessimism
                         -2.00   -1.75   output external delay
                                 -1.75   data required time
-----------------------------------------------------------------------------
                                 -1.75   data required time
                                 -2.27   data arrival time
-----------------------------------------------------------------------------
                                  4.02   slack (MET)


Startpoint: B[1] (input port clocked by clk)
Endpoint: SUM[1] (output port clocked by clk)
Path Group: clk
Path Type: min
Corner: Fastest

Fanout     Cap    Slew   Delay    Time   Description
-----------------------------------------------------------------------------
                  0.00    0.00    0.00   clock clk (rise edge)
                          0.00    0.00   clock network delay (ideal)
                          2.00    2.00 v input external delay
                  0.01    0.00    2.00 v B[1] (in)
     1    0.00                           B[1] (net)
                  0.01    0.00    2.00 v input10/A (sky130_fd_sc_hd__clkbuf_1)
                  0.04    0.06    2.06 v input10/X (sky130_fd_sc_hd__clkbuf_1)
     2    0.01                           net10 (net)
                  0.04    0.00    2.06 v _29_/B1 (sky130_fd_sc_hd__a21oi_1)
                  0.06    0.06    2.12 ^ _29_/Y (sky130_fd_sc_hd__a21oi_1)
     1    0.00                           _02_ (net)
                  0.06    0.00    2.12 ^ _31_/A (sky130_fd_sc_hd__nor2_1)
                  0.03    0.04    2.16 v _31_/Y (sky130_fd_sc_hd__nor2_1)
     1    0.01                           net18 (net)
                  0.03    0.00    2.16 v output18/A (sky130_fd_sc_hd__buf_2)
                  0.06    0.11    2.27 v output18/X (sky130_fd_sc_hd__buf_2)
     1    0.03                           SUM[1] (net)
                  0.06    0.00    2.27 v SUM[1] (out)
                                  2.27   data arrival time

                  0.00    0.00    0.00   clock clk (rise edge)
                          0.00    0.00   clock network delay (ideal)
                          0.25    0.25   clock uncertainty
                          0.00    0.25   clock reconvergence pessimism
                         -2.00   -1.75   output external delay
                                 -1.75   data required time
-----------------------------------------------------------------------------
                                 -1.75   data required time
                                 -2.27   data arrival time
-----------------------------------------------------------------------------
                                  4.02   slack (MET)


Startpoint: B[0] (input port clocked by clk)
Endpoint: SUM[0] (output port clocked by clk)
Path Group: clk
Path Type: min
Corner: Fastest

Fanout     Cap    Slew   Delay    Time   Description
-----------------------------------------------------------------------------
                  0.00    0.00    0.00   clock clk (rise edge)
                          0.00    0.00   clock network delay (ideal)
                          2.00    2.00 ^ input external delay
                  0.01    0.01    2.01 ^ B[0] (in)
     1    0.00                           B[0] (net)
                  0.01    0.00    2.01 ^ input9/A (sky130_fd_sc_hd__buf_1)
                  0.13    0.11    2.11 ^ input9/X (sky130_fd_sc_hd__buf_1)
     4    0.01                           net9 (net)
                  0.13    0.00    2.11 ^ _26_/A (sky130_fd_sc_hd__xor2_1)
                  0.02    0.05    2.16 v _26_/X (sky130_fd_sc_hd__xor2_1)
     1    0.00                           net17 (net)
                  0.02    0.00    2.16 v output17/A (sky130_fd_sc_hd__clkbuf_4)
                  0.06    0.11    2.27 v output17/X (sky130_fd_sc_hd__clkbuf_4)
     1    0.03                           SUM[0] (net)
                  0.06    0.00    2.28 v SUM[0] (out)
                                  2.28   data arrival time

                  0.00    0.00    0.00   clock clk (rise edge)
                          0.00    0.00   clock network delay (ideal)
                          0.25    0.25   clock uncertainty
                          0.00    0.25   clock reconvergence pessimism
                         -2.00   -1.75   output external delay
                                 -1.75   data required time
-----------------------------------------------------------------------------
                                 -1.75   data required time
                                 -2.28   data arrival time
-----------------------------------------------------------------------------
                                  4.03   slack (MET)


Startpoint: B[6] (input port clocked by clk)
Endpoint: SUM[6] (output port clocked by clk)
Path Group: clk
Path Type: min
Corner: Fastest

Fanout     Cap    Slew   Delay    Time   Description
-----------------------------------------------------------------------------
                  0.00    0.00    0.00   clock clk (rise edge)
                          0.00    0.00   clock network delay (ideal)
                          2.00    2.00 v input external delay
                  0.01    0.00    2.00 v B[6] (in)
     1    0.00                           B[6] (net)
                  0.01    0.00    2.00 v input15/A (sky130_fd_sc_hd__buf_1)
                  0.04    0.07    2.07 v input15/X (sky130_fd_sc_hd__buf_1)
     2    0.01                           net15 (net)
                  0.04    0.00    2.07 v _55_/A (sky130_fd_sc_hd__xnor2_1)
                  0.04    0.10    2.17 v _55_/Y (sky130_fd_sc_hd__xnor2_1)
     1    0.01                           net23 (net)
                  0.04    0.00    2.17 v output23/A (sky130_fd_sc_hd__buf_4)
                  0.04    0.11    2.28 v output23/X (sky130_fd_sc_hd__buf_4)
     1    0.04                           SUM[6] (net)
                  0.04    0.00    2.28 v SUM[6] (out)
                                  2.28   data arrival time

                  0.00    0.00    0.00   clock clk (rise edge)
                          0.00    0.00   clock network delay (ideal)
                          0.25    0.25   clock uncertainty
                          0.00    0.25   clock reconvergence pessimism
                         -2.00   -1.75   output external delay
                                 -1.75   data required time
-----------------------------------------------------------------------------
                                 -1.75   data required time
                                 -2.28   data arrival time
-----------------------------------------------------------------------------
                                  4.03   slack (MET)


Startpoint: B[2] (input port clocked by clk)
Endpoint: SUM[2] (output port clocked by clk)
Path Group: clk
Path Type: min
Corner: Fastest

Fanout     Cap    Slew   Delay    Time   Description
-----------------------------------------------------------------------------
                  0.00    0.00    0.00   clock clk (rise edge)
                          0.00    0.00   clock network delay (ideal)
                          2.00    2.00 ^ input external delay
                  0.02    0.01    2.01 ^ B[2] (in)
     1    0.00                           B[2] (net)
                  0.02    0.00    2.01 ^ input11/A (sky130_fd_sc_hd__buf_1)
                  0.12    0.10    2.11 ^ input11/X (sky130_fd_sc_hd__buf_1)
     2    0.01                           net11 (net)
                  0.12    0.00    2.11 ^ _36_/A (sky130_fd_sc_hd__xor2_1)
                  0.03    0.05    2.16 v _36_/X (sky130_fd_sc_hd__xor2_1)
     1    0.00                           net19 (net)
                  0.03    0.00    2.17 v output19/A (sky130_fd_sc_hd__clkbuf_4)
                  0.06    0.12    2.28 v output19/X (sky130_fd_sc_hd__clkbuf_4)
     1    0.03                           SUM[2] (net)
                  0.06    0.00    2.28 v SUM[2] (out)
                                  2.28   data arrival time

                  0.00    0.00    0.00   clock clk (rise edge)
                          0.00    0.00   clock network delay (ideal)
                          0.25    0.25   clock uncertainty
                          0.00    0.25   clock reconvergence pessimism
                         -2.00   -1.75   output external delay
                                 -1.75   data required time
-----------------------------------------------------------------------------
                                 -1.75   data required time
                                 -2.28   data arrival time
-----------------------------------------------------------------------------
                                  4.03   slack (MET)


Startpoint: B[3] (input port clocked by clk)
Endpoint: SUM[3] (output port clocked by clk)
Path Group: clk
Path Type: min
Corner: Fastest

Fanout     Cap    Slew   Delay    Time   Description
-----------------------------------------------------------------------------
                  0.00    0.00    0.00   clock clk (rise edge)
                          0.00    0.00   clock network delay (ideal)
                          2.00    2.00 ^ input external delay
                  0.02    0.01    2.01 ^ B[3] (in)
     1    0.00                           B[3] (net)
                  0.02    0.00    2.01 ^ input12/A (sky130_fd_sc_hd__buf_1)
                  0.15    0.13    2.14 ^ input12/X (sky130_fd_sc_hd__buf_1)
     2    0.02                           net12 (net)
                  0.15    0.00    2.14 ^ _39_/A (sky130_fd_sc_hd__xor2_1)
                  0.02    0.04    2.18 v _39_/X (sky130_fd_sc_hd__xor2_1)
     1    0.00                           net20 (net)
                  0.02    0.00    2.18 v output20/A (sky130_fd_sc_hd__clkbuf_4)
                  0.06    0.11    2.30 v output20/X (sky130_fd_sc_hd__clkbuf_4)
     1    0.04                           SUM[3] (net)
                  0.06    0.00    2.30 v SUM[3] (out)
                                  2.30   data arrival time

                  0.00    0.00    0.00   clock clk (rise edge)
                          0.00    0.00   clock network delay (ideal)
                          0.25    0.25   clock uncertainty
                          0.00    0.25   clock reconvergence pessimism
                         -2.00   -1.75   output external delay
                                 -1.75   data required time
-----------------------------------------------------------------------------
                                 -1.75   data required time
                                 -2.30   data arrival time
-----------------------------------------------------------------------------
                                  4.05   slack (MET)


Startpoint: A[7] (input port clocked by clk)
Endpoint: SUM[7] (output port clocked by clk)
Path Group: clk
Path Type: min
Corner: Fastest

Fanout     Cap    Slew   Delay    Time   Description
-----------------------------------------------------------------------------
                  0.00    0.00    0.00   clock clk (rise edge)
                          0.00    0.00   clock network delay (ideal)
                          2.00    2.00 ^ input external delay
                  0.02    0.01    2.01 ^ A[7] (in)
     1    0.00                           A[7] (net)
                  0.02    0.00    2.01 ^ input8/A (sky130_fd_sc_hd__clkbuf_1)
                  0.06    0.06    2.07 ^ input8/X (sky130_fd_sc_hd__clkbuf_1)
     1    0.01                           net8 (net)
                  0.06    0.00    2.07 ^ _58_/A (sky130_fd_sc_hd__xor2_1)
                  0.03    0.04    2.12 v _58_/X (sky130_fd_sc_hd__xor2_1)
     1    0.00                           _25_ (net)
                  0.03    0.00    2.12 v _59_/B (sky130_fd_sc_hd__xnor2_1)
                  0.02    0.07    2.19 v _59_/Y (sky130_fd_sc_hd__xnor2_1)
     1    0.00                           net24 (net)
                  0.02    0.00    2.19 v output24/A (sky130_fd_sc_hd__buf_2)
                  0.06    0.11    2.30 v output24/X (sky130_fd_sc_hd__buf_2)
     1    0.03                           SUM[7] (net)
                  0.06    0.00    2.30 v SUM[7] (out)
                                  2.30   data arrival time

                  0.00    0.00    0.00   clock clk (rise edge)
                          0.00    0.00   clock network delay (ideal)
                          0.25    0.25   clock uncertainty
                          0.00    0.25   clock reconvergence pessimism
                         -2.00   -1.75   output external delay
                                 -1.75   data required time
-----------------------------------------------------------------------------
                                 -1.75   data required time
                                 -2.30   data arrival time
-----------------------------------------------------------------------------
                                  4.05   slack (MET)


Startpoint: B[5] (input port clocked by clk)
Endpoint: SUM[5] (output port clocked by clk)
Path Group: clk
Path Type: min
Corner: Fastest

Fanout     Cap    Slew   Delay    Time   Description
-----------------------------------------------------------------------------
                  0.00    0.00    0.00   clock clk (rise edge)
                          0.00    0.00   clock network delay (ideal)
                          2.00    2.00 ^ input external delay
                  0.02    0.01    2.01 ^ B[5] (in)
     1    0.00                           B[5] (net)
                  0.02    0.00    2.01 ^ input14/A (sky130_fd_sc_hd__buf_1)
                  0.08    0.07    2.08 ^ input14/X (sky130_fd_sc_hd__buf_1)
     2    0.01                           net14 (net)
                  0.08    0.00    2.08 ^ _47_/A (sky130_fd_sc_hd__or2_1)
                  0.02    0.06    2.14 ^ _47_/X (sky130_fd_sc_hd__or2_1)
     1    0.00                           _16_ (net)
                  0.02    0.00    2.14 ^ _49_/A (sky130_fd_sc_hd__and2_1)
                  0.04    0.07    2.21 ^ _49_/X (sky130_fd_sc_hd__and2_1)
     1    0.00                           _18_ (net)
                  0.04    0.00    2.21 ^ _50_/A (sky130_fd_sc_hd__clkbuf_1)
                  0.04    0.06    2.27 ^ _50_/X (sky130_fd_sc_hd__clkbuf_1)
     1    0.00                           net22 (net)
                  0.04    0.00    2.27 ^ output22/A (sky130_fd_sc_hd__clkbuf_4)
                  0.08    0.12    2.39 ^ output22/X (sky130_fd_sc_hd__clkbuf_4)
     1    0.03                           SUM[5] (net)
                  0.08    0.00    2.39 ^ SUM[5] (out)
                                  2.39   data arrival time

                  0.00    0.00    0.00   clock clk (rise edge)
                          0.00    0.00   clock network delay (ideal)
                          0.25    0.25   clock uncertainty
                          0.00    0.25   clock reconvergence pessimism
                         -2.00   -1.75   output external delay
                                 -1.75   data required time
-----------------------------------------------------------------------------
                                 -1.75   data required time
                                 -2.39   data arrival time
-----------------------------------------------------------------------------
                                  4.14   slack (MET)



======================= Slowest Corner ===================================

Startpoint: B[4] (input port clocked by clk)
Endpoint: SUM[4] (output port clocked by clk)
Path Group: clk
Path Type: min
Corner: Slowest

Fanout     Cap    Slew   Delay    Time   Description
-----------------------------------------------------------------------------
                  0.00    0.00    0.00   clock clk (rise edge)
                          0.00    0.00   clock network delay (ideal)
                          2.00    2.00 ^ input external delay
                  0.03    0.02    2.02 ^ B[4] (in)
     1    0.00                           B[4] (net)
                  0.03    0.00    2.02 ^ input13/A (sky130_fd_sc_hd__buf_1)
                  0.21    0.22    2.24 ^ input13/X (sky130_fd_sc_hd__buf_1)
     2    0.01                           net13 (net)
                  0.21    0.00    2.24 ^ _43_/A (sky130_fd_sc_hd__xor2_1)
                  0.09    0.20    2.44 v _43_/X (sky130_fd_sc_hd__xor2_1)
     1    0.01                           net21 (net)
                  0.09    0.00    2.44 v output21/A (sky130_fd_sc_hd__clkbuf_4)
                  0.14    0.32    2.75 v output21/X (sky130_fd_sc_hd__clkbuf_4)
     1    0.03                           SUM[4] (net)
                  0.14    0.00    2.76 v SUM[4] (out)
                                  2.76   data arrival time

                  0.00    0.00    0.00   clock clk (rise edge)
                          0.00    0.00   clock network delay (ideal)
                          0.25    0.25   clock uncertainty
                          0.00    0.25   clock reconvergence pessimism
                         -2.00   -1.75   output external delay
                                 -1.75   data required time
-----------------------------------------------------------------------------
                                 -1.75   data required time
                                 -2.76   data arrival time
-----------------------------------------------------------------------------
                                  4.51   slack (MET)


Startpoint: B[0] (input port clocked by clk)
Endpoint: SUM[0] (output port clocked by clk)
Path Group: clk
Path Type: min
Corner: Slowest

Fanout     Cap    Slew   Delay    Time   Description
-----------------------------------------------------------------------------
                  0.00    0.00    0.00   clock clk (rise edge)
                          0.00    0.00   clock network delay (ideal)
                          2.00    2.00 ^ input external delay
                  0.03    0.01    2.01 ^ B[0] (in)
     1    0.00                           B[0] (net)
                  0.03    0.00    2.01 ^ input9/A (sky130_fd_sc_hd__buf_1)
                  0.27    0.26    2.28 ^ input9/X (sky130_fd_sc_hd__buf_1)
     4    0.01                           net9 (net)
                  0.27    0.00    2.28 ^ _26_/A (sky130_fd_sc_hd__xor2_1)
                  0.07    0.19    2.46 v _26_/X (sky130_fd_sc_hd__xor2_1)
     1    0.00                           net17 (net)
                  0.07    0.00    2.46 v output17/A (sky130_fd_sc_hd__clkbuf_4)
                  0.14    0.31    2.77 v output17/X (sky130_fd_sc_hd__clkbuf_4)
     1    0.03                           SUM[0] (net)
                  0.14    0.00    2.77 v SUM[0] (out)
                                  2.77   data arrival time

                  0.00    0.00    0.00   clock clk (rise edge)
                          0.00    0.00   clock network delay (ideal)
                          0.25    0.25   clock uncertainty
                          0.00    0.25   clock reconvergence pessimism
                         -2.00   -1.75   output external delay
                                 -1.75   data required time
-----------------------------------------------------------------------------
                                 -1.75   data required time
                                 -2.77   data arrival time
-----------------------------------------------------------------------------
                                  4.52   slack (MET)


Startpoint: B[2] (input port clocked by clk)
Endpoint: SUM[2] (output port clocked by clk)
Path Group: clk
Path Type: min
Corner: Slowest

Fanout     Cap    Slew   Delay    Time   Description
-----------------------------------------------------------------------------
                  0.00    0.00    0.00   clock clk (rise edge)
                          0.00    0.00   clock network delay (ideal)
                          2.00    2.00 ^ input external delay
                  0.04    0.02    2.02 ^ B[2] (in)
     1    0.00                           B[2] (net)
                  0.04    0.00    2.02 ^ input11/A (sky130_fd_sc_hd__buf_1)
                  0.25    0.25    2.27 ^ input11/X (sky130_fd_sc_hd__buf_1)
     2    0.01                           net11 (net)
                  0.25    0.00    2.27 ^ _36_/A (sky130_fd_sc_hd__xor2_1)
                  0.08    0.20    2.48 v _36_/X (sky130_fd_sc_hd__xor2_1)
     1    0.00                           net19 (net)
                  0.08    0.00    2.48 v output19/A (sky130_fd_sc_hd__clkbuf_4)
                  0.14    0.31    2.79 v output19/X (sky130_fd_sc_hd__clkbuf_4)
     1    0.03                           SUM[2] (net)
                  0.14    0.00    2.79 v SUM[2] (out)
                                  2.79   data arrival time

                  0.00    0.00    0.00   clock clk (rise edge)
                          0.00    0.00   clock network delay (ideal)
                          0.25    0.25   clock uncertainty
                          0.00    0.25   clock reconvergence pessimism
                         -2.00   -1.75   output external delay
                                 -1.75   data required time
-----------------------------------------------------------------------------
                                 -1.75   data required time
                                 -2.79   data arrival time
-----------------------------------------------------------------------------
                                  4.54   slack (MET)


Startpoint: B[6] (input port clocked by clk)
Endpoint: SUM[6] (output port clocked by clk)
Path Group: clk
Path Type: min
Corner: Slowest

Fanout     Cap    Slew   Delay    Time   Description
-----------------------------------------------------------------------------
                  0.00    0.00    0.00   clock clk (rise edge)
                          0.00    0.00   clock network delay (ideal)
                          2.00    2.00 ^ input external delay
                  0.04    0.02    2.02 ^ B[6] (in)
     1    0.00                           B[6] (net)
                  0.04    0.00    2.02 ^ input15/A (sky130_fd_sc_hd__buf_1)
                  0.20    0.22    2.24 ^ input15/X (sky130_fd_sc_hd__buf_1)
     2    0.01                           net15 (net)
                  0.20    0.00    2.25 ^ _55_/A (sky130_fd_sc_hd__xnor2_1)
                  0.15    0.24    2.48 v _55_/Y (sky130_fd_sc_hd__xnor2_1)
     1    0.01                           net23 (net)
                  0.15    0.00    2.48 v output23/A (sky130_fd_sc_hd__buf_4)
                  0.11    0.33    2.81 v output23/X (sky130_fd_sc_hd__buf_4)
     1    0.04                           SUM[6] (net)
                  0.11    0.00    2.81 v SUM[6] (out)
                                  2.81   data arrival time

                  0.00    0.00    0.00   clock clk (rise edge)
                          0.00    0.00   clock network delay (ideal)
                          0.25    0.25   clock uncertainty
                          0.00    0.25   clock reconvergence pessimism
                         -2.00   -1.75   output external delay
                                 -1.75   data required time
-----------------------------------------------------------------------------
                                 -1.75   data required time
                                 -2.81   data arrival time
-----------------------------------------------------------------------------
                                  4.56   slack (MET)


Startpoint: B[3] (input port clocked by clk)
Endpoint: SUM[3] (output port clocked by clk)
Path Group: clk
Path Type: min
Corner: Slowest

Fanout     Cap    Slew   Delay    Time   Description
-----------------------------------------------------------------------------
                  0.00    0.00    0.00   clock clk (rise edge)
                          0.00    0.00   clock network delay (ideal)
                          2.00    2.00 ^ input external delay
                  0.04    0.02    2.02 ^ B[3] (in)
     1    0.00                           B[3] (net)
                  0.04    0.00    2.02 ^ input12/A (sky130_fd_sc_hd__buf_1)
                  0.33    0.31    2.33 ^ input12/X (sky130_fd_sc_hd__buf_1)
     2    0.02                           net12 (net)
                  0.33    0.00    2.33 ^ _39_/A (sky130_fd_sc_hd__xor2_1)
                  0.07    0.20    2.53 v _39_/X (sky130_fd_sc_hd__xor2_1)
     1    0.00                           net20 (net)
                  0.07    0.00    2.53 v output20/A (sky130_fd_sc_hd__clkbuf_4)
                  0.14    0.31    2.84 v output20/X (sky130_fd_sc_hd__clkbuf_4)
     1    0.04                           SUM[3] (net)
                  0.14    0.00    2.84 v SUM[3] (out)
                                  2.84   data arrival time

                  0.00    0.00    0.00   clock clk (rise edge)
                          0.00    0.00   clock network delay (ideal)
                          0.25    0.25   clock uncertainty
                          0.00    0.25   clock reconvergence pessimism
                         -2.00   -1.75   output external delay
                                 -1.75   data required time
-----------------------------------------------------------------------------
                                 -1.75   data required time
                                 -2.84   data arrival time
-----------------------------------------------------------------------------
                                  4.59   slack (MET)


Startpoint: B[1] (input port clocked by clk)
Endpoint: SUM[1] (output port clocked by clk)
Path Group: clk
Path Type: min
Corner: Slowest

Fanout     Cap    Slew   Delay    Time   Description
-----------------------------------------------------------------------------
                  0.00    0.00    0.00   clock clk (rise edge)
                          0.00    0.00   clock network delay (ideal)
                          2.00    2.00 v input external delay
                  0.02    0.01    2.01 v B[1] (in)
     1    0.00                           B[1] (net)
                  0.02    0.00    2.01 v input10/A (sky130_fd_sc_hd__clkbuf_1)
                  0.10    0.17    2.18 v input10/X (sky130_fd_sc_hd__clkbuf_1)
     2    0.01                           net10 (net)
                  0.10    0.00    2.18 v _29_/B1 (sky130_fd_sc_hd__a21oi_1)
                  0.18    0.21    2.39 ^ _29_/Y (sky130_fd_sc_hd__a21oi_1)
     1    0.00                           _02_ (net)
                  0.18    0.00    2.39 ^ _31_/A (sky130_fd_sc_hd__nor2_1)
                  0.08    0.15    2.54 v _31_/Y (sky130_fd_sc_hd__nor2_1)
     1    0.01                           net18 (net)
                  0.08    0.00    2.54 v output18/A (sky130_fd_sc_hd__buf_2)
                  0.17    0.33    2.87 v output18/X (sky130_fd_sc_hd__buf_2)
     1    0.03                           SUM[1] (net)
                  0.17    0.00    2.87 v SUM[1] (out)
                                  2.87   data arrival time

                  0.00    0.00    0.00   clock clk (rise edge)
                          0.00    0.00   clock network delay (ideal)
                          0.25    0.25   clock uncertainty
                          0.00    0.25   clock reconvergence pessimism
                         -2.00   -1.75   output external delay
                                 -1.75   data required time
-----------------------------------------------------------------------------
                                 -1.75   data required time
                                 -2.87   data arrival time
-----------------------------------------------------------------------------
                                  4.62   slack (MET)


Startpoint: A[7] (input port clocked by clk)
Endpoint: SUM[7] (output port clocked by clk)
Path Group: clk
Path Type: min
Corner: Slowest

Fanout     Cap    Slew   Delay    Time   Description
-----------------------------------------------------------------------------
                  0.00    0.00    0.00   clock clk (rise edge)
                          0.00    0.00   clock network delay (ideal)
                          2.00    2.00 ^ input external delay
                  0.04    0.02    2.02 ^ A[7] (in)
     1    0.00                           A[7] (net)
                  0.04    0.00    2.02 ^ input8/A (sky130_fd_sc_hd__clkbuf_1)
                  0.13    0.17    2.19 ^ input8/X (sky130_fd_sc_hd__clkbuf_1)
     1    0.01                           net8 (net)
                  0.13    0.00    2.19 ^ _58_/A (sky130_fd_sc_hd__xor2_1)
                  0.08    0.16    2.35 v _58_/X (sky130_fd_sc_hd__xor2_1)
     1    0.00                           _25_ (net)
                  0.08    0.00    2.35 v _59_/B (sky130_fd_sc_hd__xnor2_1)
                  0.08    0.20    2.55 v _59_/Y (sky130_fd_sc_hd__xnor2_1)
     1    0.00                           net24 (net)
                  0.08    0.00    2.55 v output24/A (sky130_fd_sc_hd__buf_2)
                  0.17    0.33    2.88 v output24/X (sky130_fd_sc_hd__buf_2)
     1    0.03                           SUM[7] (net)
                  0.17    0.00    2.88 v SUM[7] (out)
                                  2.88   data arrival time

                  0.00    0.00    0.00   clock clk (rise edge)
                          0.00    0.00   clock network delay (ideal)
                          0.25    0.25   clock uncertainty
                          0.00    0.25   clock reconvergence pessimism
                         -2.00   -1.75   output external delay
                                 -1.75   data required time
-----------------------------------------------------------------------------
                                 -1.75   data required time
                                 -2.88   data arrival time
-----------------------------------------------------------------------------
                                  4.63   slack (MET)


Startpoint: B[5] (input port clocked by clk)
Endpoint: SUM[5] (output port clocked by clk)
Path Group: clk
Path Type: min
Corner: Slowest

Fanout     Cap    Slew   Delay    Time   Description
-----------------------------------------------------------------------------
                  0.00    0.00    0.00   clock clk (rise edge)
                          0.00    0.00   clock network delay (ideal)
                          2.00    2.00 ^ input external delay
                  0.03    0.02    2.02 ^ B[5] (in)
     1    0.00                           B[5] (net)
                  0.03    0.00    2.02 ^ input14/A (sky130_fd_sc_hd__buf_1)
                  0.16    0.19    2.21 ^ input14/X (sky130_fd_sc_hd__buf_1)
     2    0.01                           net14 (net)
                  0.16    0.00    2.21 ^ _47_/A (sky130_fd_sc_hd__or2_1)
                  0.05    0.18    2.39 ^ _47_/X (sky130_fd_sc_hd__or2_1)
     1    0.00                           _16_ (net)
                  0.05    0.00    2.39 ^ _49_/A (sky130_fd_sc_hd__and2_1)
                  0.09    0.20    2.59 ^ _49_/X (sky130_fd_sc_hd__and2_1)
     1    0.00                           _18_ (net)
                  0.09    0.00    2.59 ^ _50_/A (sky130_fd_sc_hd__clkbuf_1)
                  0.09    0.16    2.75 ^ _50_/X (sky130_fd_sc_hd__clkbuf_1)
     1    0.00                           net22 (net)
                  0.09    0.00    2.75 ^ output22/A (sky130_fd_sc_hd__clkbuf_4)
                  0.18    0.32    3.07 ^ output22/X (sky130_fd_sc_hd__clkbuf_4)
     1    0.03                           SUM[5] (net)
                  0.18    0.00    3.07 ^ SUM[5] (out)
                                  3.07   data arrival time

                  0.00    0.00    0.00   clock clk (rise edge)
                          0.00    0.00   clock network delay (ideal)
                          0.25    0.25   clock uncertainty
                          0.00    0.25   clock reconvergence pessimism
                         -2.00   -1.75   output external delay
                                 -1.75   data required time
-----------------------------------------------------------------------------
                                 -1.75   data required time
                                 -3.07   data arrival time
-----------------------------------------------------------------------------
                                  4.82   slack (MET)



======================= Typical Corner ===================================

Startpoint: B[4] (input port clocked by clk)
Endpoint: SUM[4] (output port clocked by clk)
Path Group: clk
Path Type: min
Corner: Typical

Fanout     Cap    Slew   Delay    Time   Description
-----------------------------------------------------------------------------
                  0.00    0.00    0.00   clock clk (rise edge)
                          0.00    0.00   clock network delay (ideal)
                          2.00    2.00 ^ input external delay
                  0.02    0.01    2.01 ^ B[4] (in)
     1    0.00                           B[4] (net)
                  0.02    0.00    2.01 ^ input13/A (sky130_fd_sc_hd__buf_1)
                  0.13    0.13    2.14 ^ input13/X (sky130_fd_sc_hd__buf_1)
     2    0.01                           net13 (net)
                  0.13    0.00    2.14 ^ _43_/A (sky130_fd_sc_hd__xor2_1)
                  0.05    0.09    2.23 v _43_/X (sky130_fd_sc_hd__xor2_1)
     1    0.01                           net21 (net)
                  0.05    0.00    2.23 v output21/A (sky130_fd_sc_hd__clkbuf_4)
                  0.08    0.17    2.40 v output21/X (sky130_fd_sc_hd__clkbuf_4)
     1    0.03                           SUM[4] (net)
                  0.08    0.00    2.40 v SUM[4] (out)
                                  2.40   data arrival time

                  0.00    0.00    0.00   clock clk (rise edge)
                          0.00    0.00   clock network delay (ideal)
                          0.25    0.25   clock uncertainty
                          0.00    0.25   clock reconvergence pessimism
                         -2.00   -1.75   output external delay
                                 -1.75   data required time
-----------------------------------------------------------------------------
                                 -1.75   data required time
                                 -2.40   data arrival time
-----------------------------------------------------------------------------
                                  4.15   slack (MET)


Startpoint: B[0] (input port clocked by clk)
Endpoint: SUM[0] (output port clocked by clk)
Path Group: clk
Path Type: min
Corner: Typical

Fanout     Cap    Slew   Delay    Time   Description
-----------------------------------------------------------------------------
                  0.00    0.00    0.00   clock clk (rise edge)
                          0.00    0.00   clock network delay (ideal)
                          2.00    2.00 ^ input external delay
                  0.02    0.01    2.01 ^ B[0] (in)
     1    0.00                           B[0] (net)
                  0.02    0.00    2.01 ^ input9/A (sky130_fd_sc_hd__buf_1)
                  0.17    0.15    2.16 ^ input9/X (sky130_fd_sc_hd__buf_1)
     4    0.01                           net9 (net)
                  0.17    0.00    2.16 ^ _26_/A (sky130_fd_sc_hd__xor2_1)
                  0.04    0.08    2.24 v _26_/X (sky130_fd_sc_hd__xor2_1)
     1    0.00                           net17 (net)
                  0.04    0.00    2.24 v output17/A (sky130_fd_sc_hd__clkbuf_4)
                  0.08    0.17    2.41 v output17/X (sky130_fd_sc_hd__clkbuf_4)
     1    0.03                           SUM[0] (net)
                  0.08    0.00    2.42 v SUM[0] (out)
                                  2.42   data arrival time

                  0.00    0.00    0.00   clock clk (rise edge)
                          0.00    0.00   clock network delay (ideal)
                          0.25    0.25   clock uncertainty
                          0.00    0.25   clock reconvergence pessimism
                         -2.00   -1.75   output external delay
                                 -1.75   data required time
-----------------------------------------------------------------------------
                                 -1.75   data required time
                                 -2.42   data arrival time
-----------------------------------------------------------------------------
                                  4.17   slack (MET)


Startpoint: B[2] (input port clocked by clk)
Endpoint: SUM[2] (output port clocked by clk)
Path Group: clk
Path Type: min
Corner: Typical

Fanout     Cap    Slew   Delay    Time   Description
-----------------------------------------------------------------------------
                  0.00    0.00    0.00   clock clk (rise edge)
                          0.00    0.00   clock network delay (ideal)
                          2.00    2.00 ^ input external delay
                  0.02    0.01    2.01 ^ B[2] (in)
     1    0.00                           B[2] (net)
                  0.02    0.00    2.01 ^ input11/A (sky130_fd_sc_hd__buf_1)
                  0.16    0.14    2.16 ^ input11/X (sky130_fd_sc_hd__buf_1)
     2    0.01                           net11 (net)
                  0.16    0.00    2.16 ^ _36_/A (sky130_fd_sc_hd__xor2_1)
                  0.04    0.09    2.25 v _36_/X (sky130_fd_sc_hd__xor2_1)
     1    0.00                           net19 (net)
                  0.04    0.00    2.25 v output19/A (sky130_fd_sc_hd__clkbuf_4)
                  0.08    0.17    2.42 v output19/X (sky130_fd_sc_hd__clkbuf_4)
     1    0.03                           SUM[2] (net)
                  0.08    0.00    2.43 v SUM[2] (out)
                                  2.43   data arrival time

                  0.00    0.00    0.00   clock clk (rise edge)
                          0.00    0.00   clock network delay (ideal)
                          0.25    0.25   clock uncertainty
                          0.00    0.25   clock reconvergence pessimism
                         -2.00   -1.75   output external delay
                                 -1.75   data required time
-----------------------------------------------------------------------------
                                 -1.75   data required time
                                 -2.43   data arrival time
-----------------------------------------------------------------------------
                                  4.18   slack (MET)


Startpoint: B[6] (input port clocked by clk)
Endpoint: SUM[6] (output port clocked by clk)
Path Group: clk
Path Type: min
Corner: Typical

Fanout     Cap    Slew   Delay    Time   Description
-----------------------------------------------------------------------------
                  0.00    0.00    0.00   clock clk (rise edge)
                          0.00    0.00   clock network delay (ideal)
                          2.00    2.00 ^ input external delay
                  0.03    0.02    2.02 ^ B[6] (in)
     1    0.00                           B[6] (net)
                  0.03    0.00    2.02 ^ input15/A (sky130_fd_sc_hd__buf_1)
                  0.13    0.13    2.14 ^ input15/X (sky130_fd_sc_hd__buf_1)
     2    0.01                           net15 (net)
                  0.13    0.00    2.14 ^ _55_/A (sky130_fd_sc_hd__xnor2_1)
                  0.07    0.11    2.25 v _55_/Y (sky130_fd_sc_hd__xnor2_1)
     1    0.01                           net23 (net)
                  0.07    0.00    2.25 v output23/A (sky130_fd_sc_hd__buf_4)
                  0.06    0.17    2.43 v output23/X (sky130_fd_sc_hd__buf_4)
     1    0.04                           SUM[6] (net)
                  0.06    0.00    2.43 v SUM[6] (out)
                                  2.43   data arrival time

                  0.00    0.00    0.00   clock clk (rise edge)
                          0.00    0.00   clock network delay (ideal)
                          0.25    0.25   clock uncertainty
                          0.00    0.25   clock reconvergence pessimism
                         -2.00   -1.75   output external delay
                                 -1.75   data required time
-----------------------------------------------------------------------------
                                 -1.75   data required time
                                 -2.43   data arrival time
-----------------------------------------------------------------------------
                                  4.18   slack (MET)


Startpoint: B[3] (input port clocked by clk)
Endpoint: SUM[3] (output port clocked by clk)
Path Group: clk
Path Type: min
Corner: Typical

Fanout     Cap    Slew   Delay    Time   Description
-----------------------------------------------------------------------------
                  0.00    0.00    0.00   clock clk (rise edge)
                          0.00    0.00   clock network delay (ideal)
                          2.00    2.00 ^ input external delay
                  0.03    0.01    2.01 ^ B[3] (in)
     1    0.00                           B[3] (net)
                  0.03    0.00    2.01 ^ input12/A (sky130_fd_sc_hd__buf_1)
                  0.21    0.18    2.19 ^ input12/X (sky130_fd_sc_hd__buf_1)
     2    0.02                           net12 (net)
                  0.21    0.00    2.19 ^ _39_/A (sky130_fd_sc_hd__xor2_1)
                  0.03    0.09    2.28 v _39_/X (sky130_fd_sc_hd__xor2_1)
     1    0.00                           net20 (net)
                  0.03    0.00    2.28 v output20/A (sky130_fd_sc_hd__clkbuf_4)
                  0.08    0.17    2.45 v output20/X (sky130_fd_sc_hd__clkbuf_4)
     1    0.04                           SUM[3] (net)
                  0.08    0.00    2.45 v SUM[3] (out)
                                  2.45   data arrival time

                  0.00    0.00    0.00   clock clk (rise edge)
                          0.00    0.00   clock network delay (ideal)
                          0.25    0.25   clock uncertainty
                          0.00    0.25   clock reconvergence pessimism
                         -2.00   -1.75   output external delay
                                 -1.75   data required time
-----------------------------------------------------------------------------
                                 -1.75   data required time
                                 -2.45   data arrival time
-----------------------------------------------------------------------------
                                  4.20   slack (MET)


Startpoint: B[1] (input port clocked by clk)
Endpoint: SUM[1] (output port clocked by clk)
Path Group: clk
Path Type: min
Corner: Typical

Fanout     Cap    Slew   Delay    Time   Description
-----------------------------------------------------------------------------
                  0.00    0.00    0.00   clock clk (rise edge)
                          0.00    0.00   clock network delay (ideal)
                          2.00    2.00 v input external delay
                  0.01    0.00    2.00 v B[1] (in)
     1    0.00                           B[1] (net)
                  0.01    0.00    2.00 v input10/A (sky130_fd_sc_hd__clkbuf_1)
                  0.05    0.09    2.10 v input10/X (sky130_fd_sc_hd__clkbuf_1)
     2    0.01                           net10 (net)
                  0.05    0.00    2.10 v _29_/B1 (sky130_fd_sc_hd__a21oi_1)
                  0.11    0.12    2.22 ^ _29_/Y (sky130_fd_sc_hd__a21oi_1)
     1    0.00                           _02_ (net)
                  0.11    0.00    2.22 ^ _31_/A (sky130_fd_sc_hd__nor2_1)
                  0.04    0.07    2.29 v _31_/Y (sky130_fd_sc_hd__nor2_1)
     1    0.01                           net18 (net)
                  0.04    0.00    2.29 v output18/A (sky130_fd_sc_hd__buf_2)
                  0.09    0.17    2.46 v output18/X (sky130_fd_sc_hd__buf_2)
     1    0.03                           SUM[1] (net)
                  0.09    0.00    2.46 v SUM[1] (out)
                                  2.46   data arrival time

                  0.00    0.00    0.00   clock clk (rise edge)
                          0.00    0.00   clock network delay (ideal)
                          0.25    0.25   clock uncertainty
                          0.00    0.25   clock reconvergence pessimism
                         -2.00   -1.75   output external delay
                                 -1.75   data required time
-----------------------------------------------------------------------------
                                 -1.75   data required time
                                 -2.46   data arrival time
-----------------------------------------------------------------------------
                                  4.21   slack (MET)


Startpoint: A[7] (input port clocked by clk)
Endpoint: SUM[7] (output port clocked by clk)
Path Group: clk
Path Type: min
Corner: Typical

Fanout     Cap    Slew   Delay    Time   Description
-----------------------------------------------------------------------------
                  0.00    0.00    0.00   clock clk (rise edge)
                          0.00    0.00   clock network delay (ideal)
                          2.00    2.00 ^ input external delay
                  0.02    0.01    2.01 ^ A[7] (in)
     1    0.00                           A[7] (net)
                  0.02    0.00    2.01 ^ input8/A (sky130_fd_sc_hd__clkbuf_1)
                  0.08    0.09    2.11 ^ input8/X (sky130_fd_sc_hd__clkbuf_1)
     1    0.01                           net8 (net)
                  0.08    0.00    2.11 ^ _58_/A (sky130_fd_sc_hd__xor2_1)
                  0.04    0.07    2.18 v _58_/X (sky130_fd_sc_hd__xor2_1)
     1    0.00                           _25_ (net)
                  0.04    0.00    2.18 v _59_/B (sky130_fd_sc_hd__xnor2_1)
                  0.04    0.11    2.29 v _59_/Y (sky130_fd_sc_hd__xnor2_1)
     1    0.00                           net24 (net)
                  0.04    0.00    2.29 v output24/A (sky130_fd_sc_hd__buf_2)
                  0.09    0.17    2.46 v output24/X (sky130_fd_sc_hd__buf_2)
     1    0.03                           SUM[7] (net)
                  0.09    0.00    2.46 v SUM[7] (out)
                                  2.46   data arrival time

                  0.00    0.00    0.00   clock clk (rise edge)
                          0.00    0.00   clock network delay (ideal)
                          0.25    0.25   clock uncertainty
                          0.00    0.25   clock reconvergence pessimism
                         -2.00   -1.75   output external delay
                                 -1.75   data required time
-----------------------------------------------------------------------------
                                 -1.75   data required time
                                 -2.46   data arrival time
-----------------------------------------------------------------------------
                                  4.21   slack (MET)


Startpoint: B[5] (input port clocked by clk)
Endpoint: SUM[5] (output port clocked by clk)
Path Group: clk
Path Type: min
Corner: Typical

Fanout     Cap    Slew   Delay    Time   Description
-----------------------------------------------------------------------------
                  0.00    0.00    0.00   clock clk (rise edge)
                          0.00    0.00   clock network delay (ideal)
                          2.00    2.00 ^ input external delay
                  0.02    0.01    2.01 ^ B[5] (in)
     1    0.00                           B[5] (net)
                  0.02    0.00    2.01 ^ input14/A (sky130_fd_sc_hd__buf_1)
                  0.10    0.11    2.12 ^ input14/X (sky130_fd_sc_hd__buf_1)
     2    0.01                           net14 (net)
                  0.10    0.00    2.12 ^ _47_/A (sky130_fd_sc_hd__or2_1)
                  0.03    0.10    2.21 ^ _47_/X (sky130_fd_sc_hd__or2_1)
     1    0.00                           _16_ (net)
                  0.03    0.00    2.21 ^ _49_/A (sky130_fd_sc_hd__and2_1)
                  0.05    0.10    2.32 ^ _49_/X (sky130_fd_sc_hd__and2_1)
     1    0.00                           _18_ (net)
                  0.05    0.00    2.32 ^ _50_/A (sky130_fd_sc_hd__clkbuf_1)
                  0.05    0.09    2.40 ^ _50_/X (sky130_fd_sc_hd__clkbuf_1)
     1    0.00                           net22 (net)
                  0.05    0.00    2.40 ^ output22/A (sky130_fd_sc_hd__clkbuf_4)
                  0.11    0.18    2.58 ^ output22/X (sky130_fd_sc_hd__clkbuf_4)
     1    0.03                           SUM[5] (net)
                  0.11    0.00    2.58 ^ SUM[5] (out)
                                  2.58   data arrival time

                  0.00    0.00    0.00   clock clk (rise edge)
                          0.00    0.00   clock network delay (ideal)
                          0.25    0.25   clock uncertainty
                          0.00    0.25   clock reconvergence pessimism
                         -2.00   -1.75   output external delay
                                 -1.75   data required time
-----------------------------------------------------------------------------
                                 -1.75   data required time
                                 -2.58   data arrival time
-----------------------------------------------------------------------------
                                  4.33   slack (MET)



