
===========================================================================
report_checks -unconstrained
===========================================================================
======================= Typical Corner ===================================

Startpoint: multiplicand[3] (input port clocked by clk)
Endpoint: product[15] (output port clocked by clk)
Path Group: clk
Path Type: max

Fanout     Cap    Slew   Delay    Time   Description
-----------------------------------------------------------------------------
                  0.00    0.00    0.00   clock clk (rise edge)
                          0.00    0.00   clock network delay (ideal)
                          2.00    2.00 v input external delay
                  0.01    0.01    2.01 v multiplicand[3] (in)
     1    0.00                           multiplicand[3] (net)
                  0.01    0.00    2.01 v input4/A (sky130_fd_sc_hd__buf_6)
                  0.03    0.11    2.12 v input4/X (sky130_fd_sc_hd__buf_6)
     6    0.01                           net4 (net)
                  0.03    0.00    2.12 v _468_/A (sky130_fd_sc_hd__or4_4)
                  0.09    0.55    2.67 v _468_/X (sky130_fd_sc_hd__or4_4)
     1    0.01                           _387_ (net)
                  0.09    0.00    2.67 v _469_/A (sky130_fd_sc_hd__buf_8)
                  0.04    0.16    2.83 v _469_/X (sky130_fd_sc_hd__buf_8)
     7    0.03                           _395_ (net)
                  0.04    0.00    2.83 v _470_/C (sky130_fd_sc_hd__or3_4)
                  0.10    0.39    3.21 v _470_/X (sky130_fd_sc_hd__or3_4)
     4    0.02                           _402_ (net)
                  0.10    0.00    3.21 v _485_/B (sky130_fd_sc_hd__xor2_4)
                  0.06    0.18    3.39 v _485_/X (sky130_fd_sc_hd__xor2_4)
     6    0.01                           _418_ (net)
                  0.06    0.00    3.39 v _488_/B1 (sky130_fd_sc_hd__a221o_1)
                  0.07    0.33    3.72 v _488_/X (sky130_fd_sc_hd__a221o_1)
     2    0.01                           _421_ (net)
                  0.07    0.00    3.72 v _489_/B (sky130_fd_sc_hd__and2b_1)
                  0.04    0.18    3.90 v _489_/X (sky130_fd_sc_hd__and2b_1)
     1    0.00                           _422_ (net)
                  0.04    0.00    3.90 v _490_/B (sky130_fd_sc_hd__xor2_1)
                  0.04    0.14    4.04 v _490_/X (sky130_fd_sc_hd__xor2_1)
     1    0.00                           _423_ (net)
                  0.04    0.00    4.04 v _492_/A2 (sky130_fd_sc_hd__a21o_1)
                  0.07    0.22    4.26 v _492_/X (sky130_fd_sc_hd__a21o_1)
     3    0.01                           _425_ (net)
                  0.07    0.00    4.26 v _498_/A (sky130_fd_sc_hd__xnor2_2)
                  0.26    0.27    4.53 ^ _498_/Y (sky130_fd_sc_hd__xnor2_2)
     3    0.02                           _431_ (net)
                  0.26    0.00    4.53 ^ _535_/B (sky130_fd_sc_hd__nand2b_4)
                  0.06    0.09    4.63 v _535_/Y (sky130_fd_sc_hd__nand2b_4)
     5    0.01                           _014_ (net)
                  0.06    0.00    4.63 v _679_/A2 (sky130_fd_sc_hd__a311o_1)
                  0.06    0.33    4.96 v _679_/X (sky130_fd_sc_hd__a311o_1)
     2    0.00                           _157_ (net)
                  0.06    0.00    4.96 v _722_/B1 (sky130_fd_sc_hd__o21ai_1)
                  0.13    0.10    5.05 ^ _722_/Y (sky130_fd_sc_hd__o21ai_1)
     1    0.00                           _199_ (net)
                  0.13    0.00    5.05 ^ _725_/A (sky130_fd_sc_hd__xnor2_1)
                  0.17    0.16    5.21 ^ _725_/Y (sky130_fd_sc_hd__xnor2_1)
     1    0.01                           _202_ (net)
                  0.17    0.00    5.21 ^ _726_/S (sky130_fd_sc_hd__mux2_4)
                  0.08    0.37    5.58 v _726_/X (sky130_fd_sc_hd__mux2_4)
     4    0.02                           _203_ (net)
                  0.08    0.00    5.58 v _728_/A (sky130_fd_sc_hd__xnor2_4)
                  0.06    0.16    5.75 v _728_/Y (sky130_fd_sc_hd__xnor2_4)
     2    0.01                           _205_ (net)
                  0.06    0.00    5.75 v _731_/A (sky130_fd_sc_hd__xnor2_2)
                  0.07    0.16    5.91 v _731_/Y (sky130_fd_sc_hd__xnor2_2)
     3    0.01                           _208_ (net)
                  0.07    0.00    5.91 v _736_/A2 (sky130_fd_sc_hd__a211o_1)
                  0.06    0.33    6.24 v _736_/X (sky130_fd_sc_hd__a211o_1)
     3    0.01                           _213_ (net)
                  0.06    0.00    6.24 v _741_/A2 (sky130_fd_sc_hd__a31o_1)
                  0.04    0.21    6.45 v _741_/X (sky130_fd_sc_hd__a31o_1)
     1    0.00                           _218_ (net)
                  0.04    0.00    6.45 v _743_/A2 (sky130_fd_sc_hd__o21a_1)
                  0.06    0.20    6.64 v _743_/X (sky130_fd_sc_hd__o21a_1)
     3    0.01                           _220_ (net)
                  0.06    0.00    6.64 v _745_/A (sky130_fd_sc_hd__xor2_1)
                  0.19    0.22    6.86 ^ _745_/X (sky130_fd_sc_hd__xor2_1)
     2    0.01                           _222_ (net)
                  0.19    0.00    6.86 ^ _748_/A (sky130_fd_sc_hd__xnor2_1)
                  0.08    0.13    6.99 v _748_/Y (sky130_fd_sc_hd__xnor2_1)
     3    0.01                           _225_ (net)
                  0.08    0.00    6.99 v _751_/A2 (sky130_fd_sc_hd__a211o_1)
                  0.07    0.33    7.32 v _751_/X (sky130_fd_sc_hd__a211o_1)
     3    0.01                           _228_ (net)
                  0.07    0.00    7.32 v _756_/A1 (sky130_fd_sc_hd__a31o_1)
                  0.04    0.18    7.51 v _756_/X (sky130_fd_sc_hd__a31o_1)
     1    0.00                           _233_ (net)
                  0.04    0.00    7.51 v _758_/A2 (sky130_fd_sc_hd__o21a_1)
                  0.09    0.22    7.73 v _758_/X (sky130_fd_sc_hd__o21a_1)
     3    0.01                           _235_ (net)
                  0.09    0.00    7.73 v _760_/A (sky130_fd_sc_hd__xor2_1)
                  0.08    0.20    7.93 v _760_/X (sky130_fd_sc_hd__xor2_1)
     3    0.01                           _237_ (net)
                  0.08    0.00    7.93 v _805_/A1 (sky130_fd_sc_hd__a21o_1)
                  0.05    0.19    8.12 v _805_/X (sky130_fd_sc_hd__a21o_1)
     2    0.01                           _286_ (net)
                  0.05    0.00    8.12 v _841_/A2 (sky130_fd_sc_hd__a21o_1)
                  0.05    0.20    8.32 v _841_/X (sky130_fd_sc_hd__a21o_1)
     2    0.01                           _325_ (net)
                  0.05    0.00    8.32 v _869_/A2 (sky130_fd_sc_hd__a21o_1)
                  0.05    0.20    8.52 v _869_/X (sky130_fd_sc_hd__a21o_1)
     3    0.01                           _354_ (net)
                  0.05    0.00    8.52 v _889_/A2 (sky130_fd_sc_hd__a21o_1)
                  0.05    0.20    8.73 v _889_/X (sky130_fd_sc_hd__a21o_1)
     2    0.01                           _375_ (net)
                  0.05    0.00    8.73 v _900_/A2 (sky130_fd_sc_hd__a21o_1)
                  0.05    0.20    8.92 v _900_/X (sky130_fd_sc_hd__a21o_1)
     3    0.01                           _386_ (net)
                  0.05    0.00    8.92 v _907_/A2 (sky130_fd_sc_hd__a211o_1)
                  0.05    0.29    9.22 v _907_/X (sky130_fd_sc_hd__a211o_1)
     1    0.00                           _393_ (net)
                  0.05    0.00    9.22 v _908_/A3 (sky130_fd_sc_hd__a31o_1)
                  0.05    0.23    9.45 v _908_/X (sky130_fd_sc_hd__a31o_1)
     1    0.00                           net23 (net)
                  0.05    0.00    9.45 v output23/A (sky130_fd_sc_hd__buf_6)
                  0.04    0.14    9.59 v output23/X (sky130_fd_sc_hd__buf_6)
     1    0.03                           product[15] (net)
                  0.04    0.00    9.59 v product[15] (out)
                                  9.59   data arrival time

                  0.00   10.00   10.00   clock clk (rise edge)
                          0.00   10.00   clock network delay (ideal)
                         -0.25    9.75   clock uncertainty
                          0.00    9.75   clock reconvergence pessimism
                         -2.00    7.75   output external delay
                                  7.75   data required time
-----------------------------------------------------------------------------
                                  7.75   data required time
                                 -9.59   data arrival time
-----------------------------------------------------------------------------
                                 -1.84   slack (VIOLATED)




===========================================================================
report_checks --slack_max -0.01
============================================================================
======================= Typical Corner ===================================

Startpoint: multiplicand[3] (input port clocked by clk)
Endpoint: product[15] (output port clocked by clk)
Path Group: clk
Path Type: max

Fanout     Cap    Slew   Delay    Time   Description
-----------------------------------------------------------------------------
                  0.00    0.00    0.00   clock clk (rise edge)
                          0.00    0.00   clock network delay (ideal)
                          2.00    2.00 v input external delay
                  0.01    0.01    2.01 v multiplicand[3] (in)
     1    0.00                           multiplicand[3] (net)
                  0.01    0.00    2.01 v input4/A (sky130_fd_sc_hd__buf_6)
                  0.03    0.11    2.12 v input4/X (sky130_fd_sc_hd__buf_6)
     6    0.01                           net4 (net)
                  0.03    0.00    2.12 v _468_/A (sky130_fd_sc_hd__or4_4)
                  0.09    0.55    2.67 v _468_/X (sky130_fd_sc_hd__or4_4)
     1    0.01                           _387_ (net)
                  0.09    0.00    2.67 v _469_/A (sky130_fd_sc_hd__buf_8)
                  0.04    0.16    2.83 v _469_/X (sky130_fd_sc_hd__buf_8)
     7    0.03                           _395_ (net)
                  0.04    0.00    2.83 v _470_/C (sky130_fd_sc_hd__or3_4)
                  0.10    0.39    3.21 v _470_/X (sky130_fd_sc_hd__or3_4)
     4    0.02                           _402_ (net)
                  0.10    0.00    3.21 v _485_/B (sky130_fd_sc_hd__xor2_4)
                  0.06    0.18    3.39 v _485_/X (sky130_fd_sc_hd__xor2_4)
     6    0.01                           _418_ (net)
                  0.06    0.00    3.39 v _488_/B1 (sky130_fd_sc_hd__a221o_1)
                  0.07    0.33    3.72 v _488_/X (sky130_fd_sc_hd__a221o_1)
     2    0.01                           _421_ (net)
                  0.07    0.00    3.72 v _489_/B (sky130_fd_sc_hd__and2b_1)
                  0.04    0.18    3.90 v _489_/X (sky130_fd_sc_hd__and2b_1)
     1    0.00                           _422_ (net)
                  0.04    0.00    3.90 v _490_/B (sky130_fd_sc_hd__xor2_1)
                  0.04    0.14    4.04 v _490_/X (sky130_fd_sc_hd__xor2_1)
     1    0.00                           _423_ (net)
                  0.04    0.00    4.04 v _492_/A2 (sky130_fd_sc_hd__a21o_1)
                  0.07    0.22    4.26 v _492_/X (sky130_fd_sc_hd__a21o_1)
     3    0.01                           _425_ (net)
                  0.07    0.00    4.26 v _498_/A (sky130_fd_sc_hd__xnor2_2)
                  0.26    0.27    4.53 ^ _498_/Y (sky130_fd_sc_hd__xnor2_2)
     3    0.02                           _431_ (net)
                  0.26    0.00    4.53 ^ _535_/B (sky130_fd_sc_hd__nand2b_4)
                  0.06    0.09    4.63 v _535_/Y (sky130_fd_sc_hd__nand2b_4)
     5    0.01                           _014_ (net)
                  0.06    0.00    4.63 v _679_/A2 (sky130_fd_sc_hd__a311o_1)
                  0.06    0.33    4.96 v _679_/X (sky130_fd_sc_hd__a311o_1)
     2    0.00                           _157_ (net)
                  0.06    0.00    4.96 v _722_/B1 (sky130_fd_sc_hd__o21ai_1)
                  0.13    0.10    5.05 ^ _722_/Y (sky130_fd_sc_hd__o21ai_1)
     1    0.00                           _199_ (net)
                  0.13    0.00    5.05 ^ _725_/A (sky130_fd_sc_hd__xnor2_1)
                  0.17    0.16    5.21 ^ _725_/Y (sky130_fd_sc_hd__xnor2_1)
     1    0.01                           _202_ (net)
                  0.17    0.00    5.21 ^ _726_/S (sky130_fd_sc_hd__mux2_4)
                  0.08    0.37    5.58 v _726_/X (sky130_fd_sc_hd__mux2_4)
     4    0.02                           _203_ (net)
                  0.08    0.00    5.58 v _728_/A (sky130_fd_sc_hd__xnor2_4)
                  0.06    0.16    5.75 v _728_/Y (sky130_fd_sc_hd__xnor2_4)
     2    0.01                           _205_ (net)
                  0.06    0.00    5.75 v _731_/A (sky130_fd_sc_hd__xnor2_2)
                  0.07    0.16    5.91 v _731_/Y (sky130_fd_sc_hd__xnor2_2)
     3    0.01                           _208_ (net)
                  0.07    0.00    5.91 v _736_/A2 (sky130_fd_sc_hd__a211o_1)
                  0.06    0.33    6.24 v _736_/X (sky130_fd_sc_hd__a211o_1)
     3    0.01                           _213_ (net)
                  0.06    0.00    6.24 v _741_/A2 (sky130_fd_sc_hd__a31o_1)
                  0.04    0.21    6.45 v _741_/X (sky130_fd_sc_hd__a31o_1)
     1    0.00                           _218_ (net)
                  0.04    0.00    6.45 v _743_/A2 (sky130_fd_sc_hd__o21a_1)
                  0.06    0.20    6.64 v _743_/X (sky130_fd_sc_hd__o21a_1)
     3    0.01                           _220_ (net)
                  0.06    0.00    6.64 v _745_/A (sky130_fd_sc_hd__xor2_1)
                  0.19    0.22    6.86 ^ _745_/X (sky130_fd_sc_hd__xor2_1)
     2    0.01                           _222_ (net)
                  0.19    0.00    6.86 ^ _748_/A (sky130_fd_sc_hd__xnor2_1)
                  0.08    0.13    6.99 v _748_/Y (sky130_fd_sc_hd__xnor2_1)
     3    0.01                           _225_ (net)
                  0.08    0.00    6.99 v _751_/A2 (sky130_fd_sc_hd__a211o_1)
                  0.07    0.33    7.32 v _751_/X (sky130_fd_sc_hd__a211o_1)
     3    0.01                           _228_ (net)
                  0.07    0.00    7.32 v _756_/A1 (sky130_fd_sc_hd__a31o_1)
                  0.04    0.18    7.51 v _756_/X (sky130_fd_sc_hd__a31o_1)
     1    0.00                           _233_ (net)
                  0.04    0.00    7.51 v _758_/A2 (sky130_fd_sc_hd__o21a_1)
                  0.09    0.22    7.73 v _758_/X (sky130_fd_sc_hd__o21a_1)
     3    0.01                           _235_ (net)
                  0.09    0.00    7.73 v _760_/A (sky130_fd_sc_hd__xor2_1)
                  0.08    0.20    7.93 v _760_/X (sky130_fd_sc_hd__xor2_1)
     3    0.01                           _237_ (net)
                  0.08    0.00    7.93 v _805_/A1 (sky130_fd_sc_hd__a21o_1)
                  0.05    0.19    8.12 v _805_/X (sky130_fd_sc_hd__a21o_1)
     2    0.01                           _286_ (net)
                  0.05    0.00    8.12 v _841_/A2 (sky130_fd_sc_hd__a21o_1)
                  0.05    0.20    8.32 v _841_/X (sky130_fd_sc_hd__a21o_1)
     2    0.01                           _325_ (net)
                  0.05    0.00    8.32 v _869_/A2 (sky130_fd_sc_hd__a21o_1)
                  0.05    0.20    8.52 v _869_/X (sky130_fd_sc_hd__a21o_1)
     3    0.01                           _354_ (net)
                  0.05    0.00    8.52 v _889_/A2 (sky130_fd_sc_hd__a21o_1)
                  0.05    0.20    8.73 v _889_/X (sky130_fd_sc_hd__a21o_1)
     2    0.01                           _375_ (net)
                  0.05    0.00    8.73 v _900_/A2 (sky130_fd_sc_hd__a21o_1)
                  0.05    0.20    8.92 v _900_/X (sky130_fd_sc_hd__a21o_1)
     3    0.01                           _386_ (net)
                  0.05    0.00    8.92 v _907_/A2 (sky130_fd_sc_hd__a211o_1)
                  0.05    0.29    9.22 v _907_/X (sky130_fd_sc_hd__a211o_1)
     1    0.00                           _393_ (net)
                  0.05    0.00    9.22 v _908_/A3 (sky130_fd_sc_hd__a31o_1)
                  0.05    0.23    9.45 v _908_/X (sky130_fd_sc_hd__a31o_1)
     1    0.00                           net23 (net)
                  0.05    0.00    9.45 v output23/A (sky130_fd_sc_hd__buf_6)
                  0.04    0.14    9.59 v output23/X (sky130_fd_sc_hd__buf_6)
     1    0.03                           product[15] (net)
                  0.04    0.00    9.59 v product[15] (out)
                                  9.59   data arrival time

                  0.00   10.00   10.00   clock clk (rise edge)
                          0.00   10.00   clock network delay (ideal)
                         -0.25    9.75   clock uncertainty
                          0.00    9.75   clock reconvergence pessimism
                         -2.00    7.75   output external delay
                                  7.75   data required time
-----------------------------------------------------------------------------
                                  7.75   data required time
                                 -9.59   data arrival time
-----------------------------------------------------------------------------
                                 -1.84   slack (VIOLATED)




===========================================================================
 report_check_types -max_slew -max_cap -max_fanout -violators
============================================================================
======================= Typical Corner ===================================



===========================================================================
report_parasitic_annotation -report_unannotated
============================================================================
Found 545 unannotated drivers.
 multiplicand[0]
 multiplicand[1]
 multiplicand[2]
 multiplicand[3]
 multiplicand[4]
 multiplicand[5]
 multiplicand[6]
 multiplicand[7]
 multiplier[0]
 multiplier[1]
 multiplier[2]
 multiplier[3]
 multiplier[4]
 multiplier[5]
 multiplier[6]
 multiplier[7]
 _454_/X
 _455_/X
 _456_/X
 _457_/Y
 _458_/X
 _459_/X
 _460_/X
 _461_/X
 _462_/X
 _463_/Y
 _464_/X
 _465_/Y
 _466_/X
 _467_/X
 _468_/X
 _469_/X
 _470_/X
 _471_/X
 _472_/Y
 _473_/X
 _474_/X
 _475_/X
 _476_/Y
 _477_/X
 _478_/X
 _479_/X
 _480_/Y
 _481_/Y
 _482_/Y
 _483_/X
 _484_/Y
 _485_/X
 _486_/X
 _487_/Y
 _488_/X
 _489_/X
 _490_/X
 _491_/X
 _492_/X
 _493_/Y
 _494_/Y
 _495_/X
 _496_/Y
 _497_/Y
 _498_/Y
 _499_/X
 _500_/Y
 _501_/X
 _502_/X
 _503_/Y
 _504_/X
 _505_/X
 _506_/X
 _507_/Y
 _508_/X
 _509_/Y
 _510_/Y
 _511_/X
 _512_/X
 _513_/Y
 _514_/X
 _515_/X
 _516_/X
 _517_/X
 _518_/Y
 _519_/X
 _520_/Y
 _521_/X
 _522_/X
 _523_/Y
 _524_/X
 _525_/X
 _526_/Y
 _527_/X
 _528_/Y
 _529_/Y
 _530_/X
 _531_/Y
 _532_/X
 _533_/X
 _534_/Y
 _535_/Y
 _536_/Y
 _537_/X
 _538_/X
 _539_/Y
 _540_/X
 _541_/Y
 _542_/Y
 _543_/X
 _544_/Y
 _545_/Y
 _546_/X
 _547_/X
 _548_/X
 _549_/Y
 _550_/X
 _551_/X
 _552_/X
 _553_/X
 _554_/X
 _555_/X
 _556_/Y
 _557_/X
 _558_/Y
 _559_/Y
 _560_/X
 _561_/Y
 _562_/X
 _563_/Y
 _564_/X
 _565_/X
 _566_/X
 _567_/Y
 _568_/X
 _569_/X
 _570_/X
 _571_/X
 _572_/Y
 _573_/X
 _574_/Y
 _575_/X
 _576_/X
 _577_/X
 _578_/Y
 _579_/X
 _580_/Y
 _581_/X
 _582_/Y
 _583_/X
 _584_/X
 _585_/Y
 _586_/Y
 _587_/X
 _588_/Y
 _589_/Y
 _590_/X
 _591_/X
 _592_/X
 _593_/X
 _594_/X
 _595_/X
 _596_/X
 _597_/X
 _598_/Y
 _599_/Y
 _600_/X
 _601_/X
 _602_/X
 _603_/X
 _604_/X
 _605_/Y
 _606_/X
 _607_/X
 _608_/X
 _609_/X
 _610_/Y
 _611_/Y
 _612_/X
 _613_/X
 _614_/Y
 _615_/Y
 _616_/X
 _617_/Y
 _618_/X
 _619_/Y
 _620_/X
 _621_/X
 _622_/X
 _623_/X
 _624_/Y
 _625_/X
 _626_/X
 _627_/X
 _628_/Y
 _629_/Y
 _630_/X
 _631_/X
 _632_/X
 _633_/Y
 _634_/X
 _635_/Y
 _636_/Y
 _637_/X
 _638_/X
 _639_/X
 _640_/Y
 _641_/Y
 _642_/Y
 _643_/Y
 _644_/Y
 _645_/Y
 _646_/X
 _647_/X
 _648_/Y
 _649_/Y
 _650_/X
 _651_/X
 _652_/X
 _653_/Y
 _654_/X
 _655_/Y
 _656_/Y
 _657_/X
 _658_/X
 _659_/X
 _660_/X
 _661_/X
 _662_/X
 _663_/X
 _664_/Y
 _665_/Y
 _666_/X
 _667_/X
 _668_/Y
 _669_/Y
 _670_/X
 _671_/X
 _672_/Y
 _673_/X
 _674_/Y
 _675_/X
 _676_/X
 _677_/X
 _678_/Y
 _679_/X
 _680_/X
 _681_/Y
 _682_/X
 _683_/Y
 _684_/Y
 _685_/Y
 _686_/Y
 _687_/Y
 _688_/X
 _689_/X
 _690_/Y
 _691_/Y
 _692_/X
 _693_/Y
 _694_/X
 _695_/X
 _696_/Y
 _697_/X
 _698_/Y
 _699_/X
 _700_/X
 _701_/Y
 _702_/X
 _703_/Y
 _704_/Y
 _705_/X
 _706_/X
 _707_/X
 _708_/Y
 _709_/X
 _710_/X
 _711_/X
 _712_/X
 _713_/Y
 _714_/Y
 _715_/Y
 _716_/Y
 _717_/Y
 _718_/X
 _719_/X
 _720_/Y
 _721_/Y
 _722_/Y
 _723_/X
 _724_/X
 _725_/Y
 _726_/X
 _727_/X
 _728_/Y
 _729_/X
 _730_/Y
 _731_/Y
 _732_/X
 _733_/Y
 _734_/X
 _735_/Y
 _736_/X
 _737_/X
 _738_/Y
 _739_/X
 _740_/Y
 _741_/X
 _742_/X
 _743_/X
 _744_/X
 _745_/X
 _746_/X
 _747_/X
 _748_/Y
 _749_/X
 _750_/X
 _751_/X
 _752_/X
 _753_/Y
 _754_/X
 _755_/Y
 _756_/X
 _757_/X
 _758_/X
 _759_/X
 _760_/X
 _761_/X
 _762_/Y
 _763_/X
 _764_/Y
 _765_/Y
 _766_/X
 _767_/X
 _768_/Y
 _769_/X
 _770_/Y
 _771_/Y
 _772_/X
 _773_/Y
 _774_/Y
 _775_/X
 _776_/Y
 _777_/X
 _778_/X
 _779_/X
 _780_/X
 _781_/Y
 _782_/X
 _783_/Y
 _784_/X
 _785_/X
 _786_/X
 _787_/X
 _788_/X
 _789_/Y
 _790_/X
 _791_/X
 _792_/X
 _793_/X
 _794_/Y
 _795_/X
 _796_/X
 _797_/Y
 _798_/X
 _799_/X
 _800_/X
 _801_/Y
 _802_/Y
 _803_/X
 _804_/Y
 _805_/X
 _806_/Y
 _807_/Y
 _808_/X
 _809_/X
 _810_/X
 _811_/X
 _812_/X
 _813_/Y
 _814_/X
 _815_/X
 _816_/X
 _817_/Y
 _818_/X
 _819_/Y
 _820_/X
 _821_/X
 _822_/Y
 _823_/Y
 _824_/Y
 _825_/Y
 _826_/X
 _827_/X
 _828_/X
 _829_/X
 _830_/Y
 _831_/X
 _832_/Y
 _833_/X
 _834_/Y
 _835_/Y
 _836_/X
 _837_/X
 _838_/Y
 _839_/Y
 _840_/X
 _841_/X
 _842_/Y
 _843_/Y
 _844_/X
 _845_/X
 _846_/X
 _847_/X
 _848_/X
 _849_/X
 _850_/Y
 _851_/X
 _852_/X
 _853_/X
 _854_/Y
 _855_/Y
 _856_/X
 _857_/X
 _858_/Y
 _859_/Y
 _860_/X
 _861_/Y
 _862_/Y
 _863_/Y
 _864_/X
 _865_/X
 _866_/Y
 _867_/X
 _868_/X
 _869_/X
 _870_/Y
 _871_/X
 _872_/X
 _873_/Y
 _874_/Y
 _875_/X
 _876_/X
 _877_/X
 _878_/Y
 _879_/X
 _880_/Y
 _881_/Y
 _882_/X
 _883_/Y
 _884_/Y
 _885_/X
 _886_/Y
 _887_/Y
 _888_/X
 _889_/X
 _890_/Y
 _891_/X
 _892_/X
 _893_/X
 _894_/Y
 _895_/Y
 _896_/X
 _897_/Y
 _898_/X
 _899_/Y
 _900_/X
 _901_/X
 _902_/Y
 _903_/Y
 _904_/X
 _905_/X
 _906_/Y
 _907_/X
 _908_/X
 _909_/Y
 _910_/X
 _911_/Y
 _912_/Y
 _913_/Y
 _914_/X
 _915_/Y
 _916_/X
 _917_/Y
 _918_/X
 _919_/Y
 _920_/Y
 _921_/X
 _922_/X
 _923_/X
 input1/X
 input10/X
 input11/X
 input12/X
 input13/X
 input14/X
 input15/X
 input16/X
 input2/X
 input3/X
 input4/X
 input5/X
 input6/X
 input7/X
 input8/X
 input9/X
 output17/X
 output18/X
 output19/X
 output20/X
 output21/X
 output22/X
 output23/X
 output24/X
 output25/X
 output26/X
 output27/X
 output28/X
 output29/X
 output30/X
 output31/X
 output32/X
 rebuffer1/X
 rebuffer10/X
 rebuffer11/X
 rebuffer12/X
 rebuffer13/X
 rebuffer14/X
 rebuffer15/X
 rebuffer16/X
 rebuffer17/X
 rebuffer18/X
 rebuffer19/X
 rebuffer2/X
 rebuffer20/X
 rebuffer21/X
 rebuffer22/X
 rebuffer23/X
 rebuffer24/X
 rebuffer3/X
 rebuffer4/X
 rebuffer5/X
 rebuffer6/X
 rebuffer7/X
 rebuffer8/X
 rebuffer9/X
 split24/X
 split25/X
 split8/X
Found 0 partially unannotated drivers.

===========================================================================
max slew violation count 0
max fanout violation count 0
max cap violation count 0
============================================================================

===========================================================================
check_setup -verbose -unconstrained_endpoints -multiple_clock -no_clock -no_input_delay -loops -generated_clocks
===========================================================================
