OpenSTA 2.4.0 41a51eaf4c Copyright (c) 2021, Parallax Software, Inc.
License GPLv3: GNU GPL version 3 <http://gnu.org/licenses/gpl.html>

This is free software, and you are free to change and redistribute it
under certain conditions; type `show_copying' for details. 
This program comes with ABSOLUTELY NO WARRANTY; for details type `show_warranty'.
define_corners Typical
read_liberty -corner Typical /home/jagadeesh97/.ciel/ciel/sky130/versions/0fe599b2afb6708d281543108caf8310912f54af/sky130A/libs.ref/sky130_fd_sc_hd/lib/sky130_fd_sc_hd__tt_025C_1v80.lib
Using 1e-12 for capacitance...
Using 1e+03 for resistance...
Using 1e-09 for time...
Using 1e+00 for voltage...
Using 1e-03 for current...
Using 1e-09 for power...
Using 1e-06 for distance...
Reading netlist '/openlane/designs/rca/runs/myrun/results/routing/rca.nl.v'…
Warning: /openlane/designs/rca/runs/myrun/results/routing/rca.nl.v line 198, module sky130_fd_sc_hd__tapvpwrvgnd_1 not found. Creating black box for TAP_24.
Warning: /openlane/designs/rca/runs/myrun/results/routing/rca.nl.v line 260, module sky130_ef_sc_hd__decap_12 not found. Creating black box for FILLER_0_0_12.
Warning: /openlane/designs/rca/runs/myrun/results/routing/rca.nl.v line 261, module sky130_fd_sc_hd__fill_1 not found. Creating black box for FILLER_0_0_27.
Warning: /openlane/designs/rca/runs/myrun/results/routing/rca.nl.v line 266, module sky130_fd_sc_hd__fill_2 not found. Creating black box for FILLER_0_0_57.
Reading design constraints file at '/openlane/designs/rca/runs/myrun/tmp/17-rca.sdc'…
min_report

===========================================================================
report_checks -path_delay min (Hold)
============================================================================
======================= Typical Corner ===================================

Startpoint: B[4] (input port clocked by clk)
Endpoint: SUM[4] (output port clocked by clk)
Path Group: clk
Path Type: min

Fanout     Cap    Slew   Delay    Time   Description
-----------------------------------------------------------------------------
                  0.00    0.00    0.00   clock clk (rise edge)
                          0.00    0.00   clock network delay (ideal)
                          2.00    2.00 ^ input external delay
                  0.02    0.01    2.01 ^ B[4] (in)
     1    0.00                           B[4] (net)
                  0.02    0.00    2.01 ^ input13/A (sky130_fd_sc_hd__buf_1)
                  0.13    0.13    2.14 ^ input13/X (sky130_fd_sc_hd__buf_1)
     2    0.01                           net13 (net)
                  0.13    0.00    2.14 ^ _43_/A (sky130_fd_sc_hd__xor2_1)
                  0.05    0.09    2.23 v _43_/X (sky130_fd_sc_hd__xor2_1)
     1    0.01                           net21 (net)
                  0.05    0.00    2.23 v output21/A (sky130_fd_sc_hd__clkbuf_4)
                  0.08    0.17    2.40 v output21/X (sky130_fd_sc_hd__clkbuf_4)
     1    0.03                           SUM[4] (net)
                  0.08    0.00    2.40 v SUM[4] (out)
                                  2.40   data arrival time

                  0.00    0.00    0.00   clock clk (rise edge)
                          0.00    0.00   clock network delay (ideal)
                          0.25    0.25   clock uncertainty
                          0.00    0.25   clock reconvergence pessimism
                         -2.00   -1.75   output external delay
                                 -1.75   data required time
-----------------------------------------------------------------------------
                                 -1.75   data required time
                                 -2.40   data arrival time
-----------------------------------------------------------------------------
                                  4.15   slack (MET)


Startpoint: B[0] (input port clocked by clk)
Endpoint: SUM[0] (output port clocked by clk)
Path Group: clk
Path Type: min

Fanout     Cap    Slew   Delay    Time   Description
-----------------------------------------------------------------------------
                  0.00    0.00    0.00   clock clk (rise edge)
                          0.00    0.00   clock network delay (ideal)
                          2.00    2.00 ^ input external delay
                  0.02    0.01    2.01 ^ B[0] (in)
     1    0.00                           B[0] (net)
                  0.02    0.00    2.01 ^ input9/A (sky130_fd_sc_hd__buf_1)
                  0.16    0.15    2.16 ^ input9/X (sky130_fd_sc_hd__buf_1)
     4    0.01                           net9 (net)
                  0.16    0.00    2.16 ^ _26_/A (sky130_fd_sc_hd__xor2_1)
                  0.04    0.08    2.24 v _26_/X (sky130_fd_sc_hd__xor2_1)
     1    0.00                           net17 (net)
                  0.04    0.00    2.24 v output17/A (sky130_fd_sc_hd__clkbuf_4)
                  0.08    0.17    2.41 v output17/X (sky130_fd_sc_hd__clkbuf_4)
     1    0.03                           SUM[0] (net)
                  0.08    0.00    2.41 v SUM[0] (out)
                                  2.41   data arrival time

                  0.00    0.00    0.00   clock clk (rise edge)
                          0.00    0.00   clock network delay (ideal)
                          0.25    0.25   clock uncertainty
                          0.00    0.25   clock reconvergence pessimism
                         -2.00   -1.75   output external delay
                                 -1.75   data required time
-----------------------------------------------------------------------------
                                 -1.75   data required time
                                 -2.41   data arrival time
-----------------------------------------------------------------------------
                                  4.16   slack (MET)


Startpoint: B[2] (input port clocked by clk)
Endpoint: SUM[2] (output port clocked by clk)
Path Group: clk
Path Type: min

Fanout     Cap    Slew   Delay    Time   Description
-----------------------------------------------------------------------------
                  0.00    0.00    0.00   clock clk (rise edge)
                          0.00    0.00   clock network delay (ideal)
                          2.00    2.00 ^ input external delay
                  0.02    0.01    2.01 ^ B[2] (in)
     1    0.00                           B[2] (net)
                  0.02    0.00    2.01 ^ input11/A (sky130_fd_sc_hd__buf_1)
                  0.15    0.14    2.15 ^ input11/X (sky130_fd_sc_hd__buf_1)
     2    0.01                           net11 (net)
                  0.15    0.00    2.15 ^ _36_/A (sky130_fd_sc_hd__xor2_1)
                  0.04    0.09    2.24 v _36_/X (sky130_fd_sc_hd__xor2_1)
     1    0.00                           net19 (net)
                  0.04    0.00    2.24 v output19/A (sky130_fd_sc_hd__clkbuf_4)
                  0.08    0.17    2.42 v output19/X (sky130_fd_sc_hd__clkbuf_4)
     1    0.03                           SUM[2] (net)
                  0.08    0.00    2.42 v SUM[2] (out)
                                  2.42   data arrival time

                  0.00    0.00    0.00   clock clk (rise edge)
                          0.00    0.00   clock network delay (ideal)
                          0.25    0.25   clock uncertainty
                          0.00    0.25   clock reconvergence pessimism
                         -2.00   -1.75   output external delay
                                 -1.75   data required time
-----------------------------------------------------------------------------
                                 -1.75   data required time
                                 -2.42   data arrival time
-----------------------------------------------------------------------------
                                  4.17   slack (MET)


Startpoint: B[6] (input port clocked by clk)
Endpoint: SUM[6] (output port clocked by clk)
Path Group: clk
Path Type: min

Fanout     Cap    Slew   Delay    Time   Description
-----------------------------------------------------------------------------
                  0.00    0.00    0.00   clock clk (rise edge)
                          0.00    0.00   clock network delay (ideal)
                          2.00    2.00 ^ input external delay
                  0.03    0.02    2.02 ^ B[6] (in)
     1    0.00                           B[6] (net)
                  0.03    0.00    2.02 ^ input15/A (sky130_fd_sc_hd__buf_1)
                  0.12    0.12    2.14 ^ input15/X (sky130_fd_sc_hd__buf_1)
     2    0.01                           net15 (net)
                  0.12    0.00    2.14 ^ _55_/A (sky130_fd_sc_hd__xnor2_1)
                  0.07    0.11    2.25 v _55_/Y (sky130_fd_sc_hd__xnor2_1)
     1    0.01                           net23 (net)
                  0.07    0.00    2.25 v output23/A (sky130_fd_sc_hd__buf_4)
                  0.06    0.17    2.42 v output23/X (sky130_fd_sc_hd__buf_4)
     1    0.04                           SUM[6] (net)
                  0.06    0.00    2.42 v SUM[6] (out)
                                  2.42   data arrival time

                  0.00    0.00    0.00   clock clk (rise edge)
                          0.00    0.00   clock network delay (ideal)
                          0.25    0.25   clock uncertainty
                          0.00    0.25   clock reconvergence pessimism
                         -2.00   -1.75   output external delay
                                 -1.75   data required time
-----------------------------------------------------------------------------
                                 -1.75   data required time
                                 -2.42   data arrival time
-----------------------------------------------------------------------------
                                  4.17   slack (MET)


Startpoint: B[3] (input port clocked by clk)
Endpoint: SUM[3] (output port clocked by clk)
Path Group: clk
Path Type: min

Fanout     Cap    Slew   Delay    Time   Description
-----------------------------------------------------------------------------
                  0.00    0.00    0.00   clock clk (rise edge)
                          0.00    0.00   clock network delay (ideal)
                          2.00    2.00 ^ input external delay
                  0.03    0.01    2.01 ^ B[3] (in)
     1    0.00                           B[3] (net)
                  0.03    0.00    2.01 ^ input12/A (sky130_fd_sc_hd__buf_1)
                  0.20    0.17    2.19 ^ input12/X (sky130_fd_sc_hd__buf_1)
     2    0.02                           net12 (net)
                  0.20    0.00    2.19 ^ _39_/A (sky130_fd_sc_hd__xor2_1)
                  0.03    0.09    2.27 v _39_/X (sky130_fd_sc_hd__xor2_1)
     1    0.00                           net20 (net)
                  0.03    0.00    2.27 v output20/A (sky130_fd_sc_hd__clkbuf_4)
                  0.08    0.17    2.44 v output20/X (sky130_fd_sc_hd__clkbuf_4)
     1    0.04                           SUM[3] (net)
                  0.08    0.00    2.44 v SUM[3] (out)
                                  2.44   data arrival time

                  0.00    0.00    0.00   clock clk (rise edge)
                          0.00    0.00   clock network delay (ideal)
                          0.25    0.25   clock uncertainty
                          0.00    0.25   clock reconvergence pessimism
                         -2.00   -1.75   output external delay
                                 -1.75   data required time
-----------------------------------------------------------------------------
                                 -1.75   data required time
                                 -2.44   data arrival time
-----------------------------------------------------------------------------
                                  4.19   slack (MET)


Startpoint: B[1] (input port clocked by clk)
Endpoint: SUM[1] (output port clocked by clk)
Path Group: clk
Path Type: min

Fanout     Cap    Slew   Delay    Time   Description
-----------------------------------------------------------------------------
                  0.00    0.00    0.00   clock clk (rise edge)
                          0.00    0.00   clock network delay (ideal)
                          2.00    2.00 v input external delay
                  0.01    0.00    2.00 v B[1] (in)
     1    0.00                           B[1] (net)
                  0.01    0.00    2.00 v input10/A (sky130_fd_sc_hd__clkbuf_1)
                  0.05    0.09    2.09 v input10/X (sky130_fd_sc_hd__clkbuf_1)
     2    0.01                           net10 (net)
                  0.05    0.00    2.09 v _29_/B1 (sky130_fd_sc_hd__a21oi_1)
                  0.10    0.12    2.21 ^ _29_/Y (sky130_fd_sc_hd__a21oi_1)
     1    0.00                           _02_ (net)
                  0.10    0.00    2.21 ^ _31_/A (sky130_fd_sc_hd__nor2_1)
                  0.04    0.07    2.28 v _31_/Y (sky130_fd_sc_hd__nor2_1)
     1    0.01                           net18 (net)
                  0.04    0.00    2.28 v output18/A (sky130_fd_sc_hd__buf_2)
                  0.09    0.17    2.45 v output18/X (sky130_fd_sc_hd__buf_2)
     1    0.03                           SUM[1] (net)
                  0.09    0.00    2.45 v SUM[1] (out)
                                  2.45   data arrival time

                  0.00    0.00    0.00   clock clk (rise edge)
                          0.00    0.00   clock network delay (ideal)
                          0.25    0.25   clock uncertainty
                          0.00    0.25   clock reconvergence pessimism
                         -2.00   -1.75   output external delay
                                 -1.75   data required time
-----------------------------------------------------------------------------
                                 -1.75   data required time
                                 -2.45   data arrival time
-----------------------------------------------------------------------------
                                  4.20   slack (MET)


Startpoint: A[7] (input port clocked by clk)
Endpoint: SUM[7] (output port clocked by clk)
Path Group: clk
Path Type: min

Fanout     Cap    Slew   Delay    Time   Description
-----------------------------------------------------------------------------
                  0.00    0.00    0.00   clock clk (rise edge)
                          0.00    0.00   clock network delay (ideal)
                          2.00    2.00 ^ input external delay
                  0.02    0.01    2.01 ^ A[7] (in)
     1    0.00                           A[7] (net)
                  0.02    0.00    2.01 ^ input8/A (sky130_fd_sc_hd__clkbuf_1)
                  0.08    0.09    2.10 ^ input8/X (sky130_fd_sc_hd__clkbuf_1)
     1    0.01                           net8 (net)
                  0.08    0.00    2.11 ^ _58_/A (sky130_fd_sc_hd__xor2_1)
                  0.04    0.07    2.18 v _58_/X (sky130_fd_sc_hd__xor2_1)
     1    0.00                           _25_ (net)
                  0.04    0.00    2.18 v _59_/B (sky130_fd_sc_hd__xnor2_1)
                  0.04    0.11    2.29 v _59_/Y (sky130_fd_sc_hd__xnor2_1)
     1    0.00                           net24 (net)
                  0.04    0.00    2.29 v output24/A (sky130_fd_sc_hd__buf_2)
                  0.09    0.17    2.46 v output24/X (sky130_fd_sc_hd__buf_2)
     1    0.03                           SUM[7] (net)
                  0.09    0.00    2.46 v SUM[7] (out)
                                  2.46   data arrival time

                  0.00    0.00    0.00   clock clk (rise edge)
                          0.00    0.00   clock network delay (ideal)
                          0.25    0.25   clock uncertainty
                          0.00    0.25   clock reconvergence pessimism
                         -2.00   -1.75   output external delay
                                 -1.75   data required time
-----------------------------------------------------------------------------
                                 -1.75   data required time
                                 -2.46   data arrival time
-----------------------------------------------------------------------------
                                  4.21   slack (MET)


Startpoint: B[5] (input port clocked by clk)
Endpoint: SUM[5] (output port clocked by clk)
Path Group: clk
Path Type: min

Fanout     Cap    Slew   Delay    Time   Description
-----------------------------------------------------------------------------
                  0.00    0.00    0.00   clock clk (rise edge)
                          0.00    0.00   clock network delay (ideal)
                          2.00    2.00 ^ input external delay
                  0.02    0.01    2.01 ^ B[5] (in)
     1    0.00                           B[5] (net)
                  0.02    0.00    2.01 ^ input14/A (sky130_fd_sc_hd__buf_1)
                  0.10    0.10    2.12 ^ input14/X (sky130_fd_sc_hd__buf_1)
     2    0.01                           net14 (net)
                  0.10    0.00    2.12 ^ _47_/A (sky130_fd_sc_hd__or2_1)
                  0.03    0.09    2.21 ^ _47_/X (sky130_fd_sc_hd__or2_1)
     1    0.00                           _16_ (net)
                  0.03    0.00    2.21 ^ _49_/A (sky130_fd_sc_hd__and2_1)
                  0.05    0.10    2.31 ^ _49_/X (sky130_fd_sc_hd__and2_1)
     1    0.00                           _18_ (net)
                  0.05    0.00    2.31 ^ _50_/A (sky130_fd_sc_hd__clkbuf_1)
                  0.05    0.08    2.40 ^ _50_/X (sky130_fd_sc_hd__clkbuf_1)
     1    0.00                           net22 (net)
                  0.05    0.00    2.40 ^ output22/A (sky130_fd_sc_hd__clkbuf_4)
                  0.11    0.18    2.58 ^ output22/X (sky130_fd_sc_hd__clkbuf_4)
     1    0.03                           SUM[5] (net)
                  0.11    0.00    2.58 ^ SUM[5] (out)
                                  2.58   data arrival time

                  0.00    0.00    0.00   clock clk (rise edge)
                          0.00    0.00   clock network delay (ideal)
                          0.25    0.25   clock uncertainty
                          0.00    0.25   clock reconvergence pessimism
                         -2.00   -1.75   output external delay
                                 -1.75   data required time
-----------------------------------------------------------------------------
                                 -1.75   data required time
                                 -2.58   data arrival time
-----------------------------------------------------------------------------
                                  4.33   slack (MET)



min_report_end
max_report

===========================================================================
report_checks -path_delay max (Setup)
============================================================================
======================= Typical Corner ===================================

Startpoint: A[0] (input port clocked by clk)
Endpoint: SUM[6] (output port clocked by clk)
Path Group: clk
Path Type: max

Fanout     Cap    Slew   Delay    Time   Description
-----------------------------------------------------------------------------
                  0.00    0.00    0.00   clock clk (rise edge)
                          0.00    0.00   clock network delay (ideal)
                          2.00    2.00 v input external delay
                  0.01    0.00    2.00 v A[0] (in)
     1    0.00                           A[0] (net)
                  0.01    0.00    2.00 v input1/A (sky130_fd_sc_hd__dlymetal6s2s_1)
                  0.09    0.18    2.19 v input1/X (sky130_fd_sc_hd__dlymetal6s2s_1)
     4    0.02                           net1 (net)
                  0.09    0.00    2.19 v _27_/A2 (sky130_fd_sc_hd__a21o_1)
                  0.04    0.21    2.40 v _27_/X (sky130_fd_sc_hd__a21o_1)
     2    0.00                           _00_ (net)
                  0.04    0.00    2.40 v _30_/B (sky130_fd_sc_hd__and3_1)
                  0.06    0.19    2.59 v _30_/X (sky130_fd_sc_hd__and3_1)
     3    0.01                           _03_ (net)
                  0.06    0.00    2.59 v _33_/C (sky130_fd_sc_hd__or3_1)
                  0.08    0.34    2.92 v _33_/X (sky130_fd_sc_hd__or3_1)
     2    0.00                           _05_ (net)
                  0.08    0.00    2.92 v _37_/A2 (sky130_fd_sc_hd__a21bo_1)
                  0.05    0.23    3.15 v _37_/X (sky130_fd_sc_hd__a21bo_1)
     2    0.01                           _08_ (net)
                  0.05    0.00    3.15 v _38_/B (sky130_fd_sc_hd__xor2_1)
                  0.25    0.25    3.39 ^ _38_/X (sky130_fd_sc_hd__xor2_1)
     2    0.01                           _09_ (net)
                  0.25    0.00    3.39 ^ _41_/A2 (sky130_fd_sc_hd__a21oi_2)
                  0.08    0.13    3.52 v _41_/Y (sky130_fd_sc_hd__a21oi_2)
     2    0.01                           _11_ (net)
                  0.08    0.00    3.52 v _42_/B (sky130_fd_sc_hd__xnor2_1)
                  0.26    0.26    3.78 ^ _42_/Y (sky130_fd_sc_hd__xnor2_1)
     2    0.01                           _12_ (net)
                  0.26    0.00    3.78 ^ _45_/A2 (sky130_fd_sc_hd__a21oi_2)
                  0.07    0.11    3.90 v _45_/Y (sky130_fd_sc_hd__a21oi_2)
     2    0.01                           _14_ (net)
                  0.07    0.00    3.90 v _46_/B (sky130_fd_sc_hd__xnor2_1)
                  0.16    0.18    4.08 ^ _46_/Y (sky130_fd_sc_hd__xnor2_1)
     2    0.01                           _15_ (net)
                  0.16    0.00    4.08 ^ _48_/A (sky130_fd_sc_hd__nand2_1)
                  0.10    0.13    4.21 v _48_/Y (sky130_fd_sc_hd__nand2_1)
     4    0.01                           _17_ (net)
                  0.10    0.00    4.21 v _53_/A2 (sky130_fd_sc_hd__a21bo_1)
                  0.03    0.21    4.42 v _53_/X (sky130_fd_sc_hd__a21bo_1)
     1    0.00                           _21_ (net)
                  0.03    0.00    4.42 v _54_/B (sky130_fd_sc_hd__nand2_1)
                  0.07    0.08    4.50 ^ _54_/Y (sky130_fd_sc_hd__nand2_1)
     1    0.01                           _22_ (net)
                  0.07    0.00    4.50 ^ _55_/B (sky130_fd_sc_hd__xnor2_1)
                  0.22    0.16    4.66 ^ _55_/Y (sky130_fd_sc_hd__xnor2_1)
     1    0.01                           net23 (net)
                  0.22    0.00    4.66 ^ output23/A (sky130_fd_sc_hd__buf_4)
                  0.11    0.22    4.89 ^ output23/X (sky130_fd_sc_hd__buf_4)
     1    0.04                           SUM[6] (net)
                  0.11    0.00    4.89 ^ SUM[6] (out)
                                  4.89   data arrival time

                  0.00   10.00   10.00   clock clk (rise edge)
                          0.00   10.00   clock network delay (ideal)
                         -0.25    9.75   clock uncertainty
                          0.00    9.75   clock reconvergence pessimism
                         -2.00    7.75   output external delay
                                  7.75   data required time
-----------------------------------------------------------------------------
                                  7.75   data required time
                                 -4.89   data arrival time
-----------------------------------------------------------------------------
                                  2.86   slack (MET)


Startpoint: A[0] (input port clocked by clk)
Endpoint: SUM[7] (output port clocked by clk)
Path Group: clk
Path Type: max

Fanout     Cap    Slew   Delay    Time   Description
-----------------------------------------------------------------------------
                  0.00    0.00    0.00   clock clk (rise edge)
                          0.00    0.00   clock network delay (ideal)
                          2.00    2.00 v input external delay
                  0.01    0.00    2.00 v A[0] (in)
     1    0.00                           A[0] (net)
                  0.01    0.00    2.00 v input1/A (sky130_fd_sc_hd__dlymetal6s2s_1)
                  0.09    0.18    2.19 v input1/X (sky130_fd_sc_hd__dlymetal6s2s_1)
     4    0.02                           net1 (net)
                  0.09    0.00    2.19 v _27_/A2 (sky130_fd_sc_hd__a21o_1)
                  0.04    0.21    2.40 v _27_/X (sky130_fd_sc_hd__a21o_1)
     2    0.00                           _00_ (net)
                  0.04    0.00    2.40 v _30_/B (sky130_fd_sc_hd__and3_1)
                  0.06    0.19    2.59 v _30_/X (sky130_fd_sc_hd__and3_1)
     3    0.01                           _03_ (net)
                  0.06    0.00    2.59 v _33_/C (sky130_fd_sc_hd__or3_1)
                  0.08    0.34    2.92 v _33_/X (sky130_fd_sc_hd__or3_1)
     2    0.00                           _05_ (net)
                  0.08    0.00    2.92 v _37_/A2 (sky130_fd_sc_hd__a21bo_1)
                  0.05    0.23    3.15 v _37_/X (sky130_fd_sc_hd__a21bo_1)
     2    0.01                           _08_ (net)
                  0.05    0.00    3.15 v _38_/B (sky130_fd_sc_hd__xor2_1)
                  0.25    0.25    3.39 ^ _38_/X (sky130_fd_sc_hd__xor2_1)
     2    0.01                           _09_ (net)
                  0.25    0.00    3.39 ^ _41_/A2 (sky130_fd_sc_hd__a21oi_2)
                  0.08    0.13    3.52 v _41_/Y (sky130_fd_sc_hd__a21oi_2)
     2    0.01                           _11_ (net)
                  0.08    0.00    3.52 v _42_/B (sky130_fd_sc_hd__xnor2_1)
                  0.26    0.26    3.78 ^ _42_/Y (sky130_fd_sc_hd__xnor2_1)
     2    0.01                           _12_ (net)
                  0.26    0.00    3.78 ^ _45_/A2 (sky130_fd_sc_hd__a21oi_2)
                  0.07    0.11    3.90 v _45_/Y (sky130_fd_sc_hd__a21oi_2)
     2    0.01                           _14_ (net)
                  0.07    0.00    3.90 v _46_/B (sky130_fd_sc_hd__xnor2_1)
                  0.16    0.18    4.08 ^ _46_/Y (sky130_fd_sc_hd__xnor2_1)
     2    0.01                           _15_ (net)
                  0.16    0.00    4.08 ^ _48_/A (sky130_fd_sc_hd__nand2_1)
                  0.10    0.13    4.21 v _48_/Y (sky130_fd_sc_hd__nand2_1)
     4    0.01                           _17_ (net)
                  0.10    0.00    4.21 v _56_/A2 (sky130_fd_sc_hd__a21boi_1)
                  0.13    0.18    4.39 ^ _56_/Y (sky130_fd_sc_hd__a21boi_1)
     1    0.00                           _23_ (net)
                  0.13    0.00    4.39 ^ _57_/B1 (sky130_fd_sc_hd__a21oi_1)
                  0.06    0.07    4.46 v _57_/Y (sky130_fd_sc_hd__a21oi_1)
     1    0.00                           _24_ (net)
                  0.06    0.00    4.46 v _59_/A (sky130_fd_sc_hd__xnor2_1)
                  0.12    0.16    4.62 ^ _59_/Y (sky130_fd_sc_hd__xnor2_1)
     1    0.00                           net24 (net)
                  0.12    0.00    4.62 ^ output24/A (sky130_fd_sc_hd__buf_2)
                  0.17    0.24    4.86 ^ output24/X (sky130_fd_sc_hd__buf_2)
     1    0.03                           SUM[7] (net)
                  0.17    0.00    4.86 ^ SUM[7] (out)
                                  4.86   data arrival time

                  0.00   10.00   10.00   clock clk (rise edge)
                          0.00   10.00   clock network delay (ideal)
                         -0.25    9.75   clock uncertainty
                          0.00    9.75   clock reconvergence pessimism
                         -2.00    7.75   output external delay
                                  7.75   data required time
-----------------------------------------------------------------------------
                                  7.75   data required time
                                 -4.86   data arrival time
-----------------------------------------------------------------------------
                                  2.89   slack (MET)


Startpoint: A[0] (input port clocked by clk)
Endpoint: SUM[5] (output port clocked by clk)
Path Group: clk
Path Type: max

Fanout     Cap    Slew   Delay    Time   Description
-----------------------------------------------------------------------------
                  0.00    0.00    0.00   clock clk (rise edge)
                          0.00    0.00   clock network delay (ideal)
                          2.00    2.00 v input external delay
                  0.01    0.00    2.00 v A[0] (in)
     1    0.00                           A[0] (net)
                  0.01    0.00    2.00 v input1/A (sky130_fd_sc_hd__dlymetal6s2s_1)
                  0.09    0.18    2.19 v input1/X (sky130_fd_sc_hd__dlymetal6s2s_1)
     4    0.02                           net1 (net)
                  0.09    0.00    2.19 v _27_/A2 (sky130_fd_sc_hd__a21o_1)
                  0.04    0.21    2.40 v _27_/X (sky130_fd_sc_hd__a21o_1)
     2    0.00                           _00_ (net)
                  0.04    0.00    2.40 v _30_/B (sky130_fd_sc_hd__and3_1)
                  0.06    0.19    2.59 v _30_/X (sky130_fd_sc_hd__and3_1)
     3    0.01                           _03_ (net)
                  0.06    0.00    2.59 v _33_/C (sky130_fd_sc_hd__or3_1)
                  0.08    0.34    2.92 v _33_/X (sky130_fd_sc_hd__or3_1)
     2    0.00                           _05_ (net)
                  0.08    0.00    2.92 v _37_/A2 (sky130_fd_sc_hd__a21bo_1)
                  0.05    0.23    3.15 v _37_/X (sky130_fd_sc_hd__a21bo_1)
     2    0.01                           _08_ (net)
                  0.05    0.00    3.15 v _38_/B (sky130_fd_sc_hd__xor2_1)
                  0.25    0.25    3.39 ^ _38_/X (sky130_fd_sc_hd__xor2_1)
     2    0.01                           _09_ (net)
                  0.25    0.00    3.39 ^ _41_/A2 (sky130_fd_sc_hd__a21oi_2)
                  0.08    0.13    3.52 v _41_/Y (sky130_fd_sc_hd__a21oi_2)
     2    0.01                           _11_ (net)
                  0.08    0.00    3.52 v _42_/B (sky130_fd_sc_hd__xnor2_1)
                  0.26    0.26    3.78 ^ _42_/Y (sky130_fd_sc_hd__xnor2_1)
     2    0.01                           _12_ (net)
                  0.26    0.00    3.78 ^ _45_/A2 (sky130_fd_sc_hd__a21oi_2)
                  0.07    0.11    3.90 v _45_/Y (sky130_fd_sc_hd__a21oi_2)
     2    0.01                           _14_ (net)
                  0.07    0.00    3.90 v _46_/B (sky130_fd_sc_hd__xnor2_1)
                  0.16    0.18    4.08 ^ _46_/Y (sky130_fd_sc_hd__xnor2_1)
     2    0.01                           _15_ (net)
                  0.16    0.00    4.08 ^ _48_/A (sky130_fd_sc_hd__nand2_1)
                  0.10    0.13    4.21 v _48_/Y (sky130_fd_sc_hd__nand2_1)
     4    0.01                           _17_ (net)
                  0.10    0.00    4.21 v _49_/B (sky130_fd_sc_hd__and2_1)
                  0.04    0.19    4.40 v _49_/X (sky130_fd_sc_hd__and2_1)
     1    0.00                           _18_ (net)
                  0.04    0.00    4.40 v _50_/A (sky130_fd_sc_hd__clkbuf_1)
                  0.03    0.09    4.49 v _50_/X (sky130_fd_sc_hd__clkbuf_1)
     1    0.00                           net22 (net)
                  0.03    0.00    4.49 v output22/A (sky130_fd_sc_hd__clkbuf_4)
                  0.08    0.18    4.67 v output22/X (sky130_fd_sc_hd__clkbuf_4)
     1    0.03                           SUM[5] (net)
                  0.08    0.00    4.67 v SUM[5] (out)
                                  4.67   data arrival time

                  0.00   10.00   10.00   clock clk (rise edge)
                          0.00   10.00   clock network delay (ideal)
                         -0.25    9.75   clock uncertainty
                          0.00    9.75   clock reconvergence pessimism
                         -2.00    7.75   output external delay
                                  7.75   data required time
-----------------------------------------------------------------------------
                                  7.75   data required time
                                 -4.67   data arrival time
-----------------------------------------------------------------------------
                                  3.08   slack (MET)


Startpoint: A[0] (input port clocked by clk)
Endpoint: SUM[4] (output port clocked by clk)
Path Group: clk
Path Type: max

Fanout     Cap    Slew   Delay    Time   Description
-----------------------------------------------------------------------------
                  0.00    0.00    0.00   clock clk (rise edge)
                          0.00    0.00   clock network delay (ideal)
                          2.00    2.00 v input external delay
                  0.01    0.00    2.00 v A[0] (in)
     1    0.00                           A[0] (net)
                  0.01    0.00    2.00 v input1/A (sky130_fd_sc_hd__dlymetal6s2s_1)
                  0.09    0.18    2.19 v input1/X (sky130_fd_sc_hd__dlymetal6s2s_1)
     4    0.02                           net1 (net)
                  0.09    0.00    2.19 v _27_/A2 (sky130_fd_sc_hd__a21o_1)
                  0.04    0.21    2.40 v _27_/X (sky130_fd_sc_hd__a21o_1)
     2    0.00                           _00_ (net)
                  0.04    0.00    2.40 v _30_/B (sky130_fd_sc_hd__and3_1)
                  0.06    0.19    2.59 v _30_/X (sky130_fd_sc_hd__and3_1)
     3    0.01                           _03_ (net)
                  0.06    0.00    2.59 v _33_/C (sky130_fd_sc_hd__or3_1)
                  0.08    0.34    2.92 v _33_/X (sky130_fd_sc_hd__or3_1)
     2    0.00                           _05_ (net)
                  0.08    0.00    2.92 v _37_/A2 (sky130_fd_sc_hd__a21bo_1)
                  0.05    0.23    3.15 v _37_/X (sky130_fd_sc_hd__a21bo_1)
     2    0.01                           _08_ (net)
                  0.05    0.00    3.15 v _38_/B (sky130_fd_sc_hd__xor2_1)
                  0.25    0.25    3.39 ^ _38_/X (sky130_fd_sc_hd__xor2_1)
     2    0.01                           _09_ (net)
                  0.25    0.00    3.39 ^ _41_/A2 (sky130_fd_sc_hd__a21oi_2)
                  0.08    0.13    3.52 v _41_/Y (sky130_fd_sc_hd__a21oi_2)
     2    0.01                           _11_ (net)
                  0.08    0.00    3.52 v _42_/B (sky130_fd_sc_hd__xnor2_1)
                  0.26    0.26    3.78 ^ _42_/Y (sky130_fd_sc_hd__xnor2_1)
     2    0.01                           _12_ (net)
                  0.26    0.00    3.78 ^ _43_/B (sky130_fd_sc_hd__xor2_1)
                  0.16    0.21    4.00 ^ _43_/X (sky130_fd_sc_hd__xor2_1)
     1    0.01                           net21 (net)
                  0.16    0.00    4.00 ^ output21/A (sky130_fd_sc_hd__clkbuf_4)
                  0.11    0.24    4.23 ^ output21/X (sky130_fd_sc_hd__clkbuf_4)
     1    0.03                           SUM[4] (net)
                  0.11    0.00    4.24 ^ SUM[4] (out)
                                  4.24   data arrival time

                  0.00   10.00   10.00   clock clk (rise edge)
                          0.00   10.00   clock network delay (ideal)
                         -0.25    9.75   clock uncertainty
                          0.00    9.75   clock reconvergence pessimism
                         -2.00    7.75   output external delay
                                  7.75   data required time
-----------------------------------------------------------------------------
                                  7.75   data required time
                                 -4.24   data arrival time
-----------------------------------------------------------------------------
                                  3.51   slack (MET)


Startpoint: A[0] (input port clocked by clk)
Endpoint: SUM[3] (output port clocked by clk)
Path Group: clk
Path Type: max

Fanout     Cap    Slew   Delay    Time   Description
-----------------------------------------------------------------------------
                  0.00    0.00    0.00   clock clk (rise edge)
                          0.00    0.00   clock network delay (ideal)
                          2.00    2.00 v input external delay
                  0.01    0.00    2.00 v A[0] (in)
     1    0.00                           A[0] (net)
                  0.01    0.00    2.00 v input1/A (sky130_fd_sc_hd__dlymetal6s2s_1)
                  0.09    0.18    2.19 v input1/X (sky130_fd_sc_hd__dlymetal6s2s_1)
     4    0.02                           net1 (net)
                  0.09    0.00    2.19 v _27_/A2 (sky130_fd_sc_hd__a21o_1)
                  0.04    0.21    2.40 v _27_/X (sky130_fd_sc_hd__a21o_1)
     2    0.00                           _00_ (net)
                  0.04    0.00    2.40 v _30_/B (sky130_fd_sc_hd__and3_1)
                  0.06    0.19    2.59 v _30_/X (sky130_fd_sc_hd__and3_1)
     3    0.01                           _03_ (net)
                  0.06    0.00    2.59 v _33_/C (sky130_fd_sc_hd__or3_1)
                  0.08    0.34    2.92 v _33_/X (sky130_fd_sc_hd__or3_1)
     2    0.00                           _05_ (net)
                  0.08    0.00    2.92 v _37_/A2 (sky130_fd_sc_hd__a21bo_1)
                  0.05    0.23    3.15 v _37_/X (sky130_fd_sc_hd__a21bo_1)
     2    0.01                           _08_ (net)
                  0.05    0.00    3.15 v _38_/B (sky130_fd_sc_hd__xor2_1)
                  0.25    0.25    3.39 ^ _38_/X (sky130_fd_sc_hd__xor2_1)
     2    0.01                           _09_ (net)
                  0.25    0.00    3.39 ^ _39_/B (sky130_fd_sc_hd__xor2_1)
                  0.11    0.17    3.57 ^ _39_/X (sky130_fd_sc_hd__xor2_1)
     1    0.00                           net20 (net)
                  0.11    0.00    3.57 ^ output20/A (sky130_fd_sc_hd__clkbuf_4)
                  0.12    0.22    3.79 ^ output20/X (sky130_fd_sc_hd__clkbuf_4)
     1    0.04                           SUM[3] (net)
                  0.12    0.00    3.79 ^ SUM[3] (out)
                                  3.79   data arrival time

                  0.00   10.00   10.00   clock clk (rise edge)
                          0.00   10.00   clock network delay (ideal)
                         -0.25    9.75   clock uncertainty
                          0.00    9.75   clock reconvergence pessimism
                         -2.00    7.75   output external delay
                                  7.75   data required time
-----------------------------------------------------------------------------
                                  7.75   data required time
                                 -3.79   data arrival time
-----------------------------------------------------------------------------
                                  3.96   slack (MET)


Startpoint: A[0] (input port clocked by clk)
Endpoint: SUM[2] (output port clocked by clk)
Path Group: clk
Path Type: max

Fanout     Cap    Slew   Delay    Time   Description
-----------------------------------------------------------------------------
                  0.00    0.00    0.00   clock clk (rise edge)
                          0.00    0.00   clock network delay (ideal)
                          2.00    2.00 v input external delay
                  0.01    0.00    2.00 v A[0] (in)
     1    0.00                           A[0] (net)
                  0.01    0.00    2.00 v input1/A (sky130_fd_sc_hd__dlymetal6s2s_1)
                  0.09    0.18    2.19 v input1/X (sky130_fd_sc_hd__dlymetal6s2s_1)
     4    0.02                           net1 (net)
                  0.09    0.00    2.19 v _27_/A2 (sky130_fd_sc_hd__a21o_1)
                  0.04    0.21    2.40 v _27_/X (sky130_fd_sc_hd__a21o_1)
     2    0.00                           _00_ (net)
                  0.04    0.00    2.40 v _30_/B (sky130_fd_sc_hd__and3_1)
                  0.06    0.19    2.59 v _30_/X (sky130_fd_sc_hd__and3_1)
     3    0.01                           _03_ (net)
                  0.06    0.00    2.59 v _33_/C (sky130_fd_sc_hd__or3_1)
                  0.08    0.34    2.92 v _33_/X (sky130_fd_sc_hd__or3_1)
     2    0.00                           _05_ (net)
                  0.08    0.00    2.92 v _35_/A (sky130_fd_sc_hd__and2_1)
                  0.04    0.16    3.08 v _35_/X (sky130_fd_sc_hd__and2_1)
     1    0.00                           _07_ (net)
                  0.04    0.00    3.08 v _36_/B (sky130_fd_sc_hd__xor2_1)
                  0.14    0.15    3.24 ^ _36_/X (sky130_fd_sc_hd__xor2_1)
     1    0.00                           net19 (net)
                  0.14    0.00    3.24 ^ output19/A (sky130_fd_sc_hd__clkbuf_4)
                  0.11    0.23    3.47 ^ output19/X (sky130_fd_sc_hd__clkbuf_4)
     1    0.03                           SUM[2] (net)
                  0.11    0.00    3.47 ^ SUM[2] (out)
                                  3.47   data arrival time

                  0.00   10.00   10.00   clock clk (rise edge)
                          0.00   10.00   clock network delay (ideal)
                         -0.25    9.75   clock uncertainty
                          0.00    9.75   clock reconvergence pessimism
                         -2.00    7.75   output external delay
                                  7.75   data required time
-----------------------------------------------------------------------------
                                  7.75   data required time
                                 -3.47   data arrival time
-----------------------------------------------------------------------------
                                  4.28   slack (MET)


Startpoint: A[0] (input port clocked by clk)
Endpoint: SUM[1] (output port clocked by clk)
Path Group: clk
Path Type: max

Fanout     Cap    Slew   Delay    Time   Description
-----------------------------------------------------------------------------
                  0.00    0.00    0.00   clock clk (rise edge)
                          0.00    0.00   clock network delay (ideal)
                          2.00    2.00 v input external delay
                  0.01    0.00    2.00 v A[0] (in)
     1    0.00                           A[0] (net)
                  0.01    0.00    2.00 v input1/A (sky130_fd_sc_hd__dlymetal6s2s_1)
                  0.09    0.18    2.19 v input1/X (sky130_fd_sc_hd__dlymetal6s2s_1)
     4    0.02                           net1 (net)
                  0.09    0.00    2.19 v _27_/A2 (sky130_fd_sc_hd__a21o_1)
                  0.04    0.21    2.40 v _27_/X (sky130_fd_sc_hd__a21o_1)
     2    0.00                           _00_ (net)
                  0.04    0.00    2.40 v _30_/B (sky130_fd_sc_hd__and3_1)
                  0.06    0.19    2.59 v _30_/X (sky130_fd_sc_hd__and3_1)
     3    0.01                           _03_ (net)
                  0.06    0.00    2.59 v _31_/B (sky130_fd_sc_hd__nor2_1)
                  0.14    0.14    2.73 ^ _31_/Y (sky130_fd_sc_hd__nor2_1)
     1    0.01                           net18 (net)
                  0.14    0.00    2.73 ^ output18/A (sky130_fd_sc_hd__buf_2)
                  0.17    0.24    2.97 ^ output18/X (sky130_fd_sc_hd__buf_2)
     1    0.03                           SUM[1] (net)
                  0.17    0.00    2.97 ^ SUM[1] (out)
                                  2.97   data arrival time

                  0.00   10.00   10.00   clock clk (rise edge)
                          0.00   10.00   clock network delay (ideal)
                         -0.25    9.75   clock uncertainty
                          0.00    9.75   clock reconvergence pessimism
                         -2.00    7.75   output external delay
                                  7.75   data required time
-----------------------------------------------------------------------------
                                  7.75   data required time
                                 -2.97   data arrival time
-----------------------------------------------------------------------------
                                  4.78   slack (MET)


Startpoint: A[0] (input port clocked by clk)
Endpoint: SUM[0] (output port clocked by clk)
Path Group: clk
Path Type: max

Fanout     Cap    Slew   Delay    Time   Description
-----------------------------------------------------------------------------
                  0.00    0.00    0.00   clock clk (rise edge)
                          0.00    0.00   clock network delay (ideal)
                          2.00    2.00 ^ input external delay
                  0.02    0.01    2.01 ^ A[0] (in)
     1    0.00                           A[0] (net)
                  0.02    0.00    2.01 ^ input1/A (sky130_fd_sc_hd__dlymetal6s2s_1)
                  0.19    0.19    2.20 ^ input1/X (sky130_fd_sc_hd__dlymetal6s2s_1)
     4    0.02                           net1 (net)
                  0.19    0.00    2.20 ^ _26_/B (sky130_fd_sc_hd__xor2_1)
                  0.11    0.17    2.37 ^ _26_/X (sky130_fd_sc_hd__xor2_1)
     1    0.00                           net17 (net)
                  0.11    0.00    2.37 ^ output17/A (sky130_fd_sc_hd__clkbuf_4)
                  0.11    0.22    2.59 ^ output17/X (sky130_fd_sc_hd__clkbuf_4)
     1    0.03                           SUM[0] (net)
                  0.11    0.00    2.59 ^ SUM[0] (out)
                                  2.59   data arrival time

                  0.00   10.00   10.00   clock clk (rise edge)
                          0.00   10.00   clock network delay (ideal)
                         -0.25    9.75   clock uncertainty
                          0.00    9.75   clock reconvergence pessimism
                         -2.00    7.75   output external delay
                                  7.75   data required time
-----------------------------------------------------------------------------
                                  7.75   data required time
                                 -2.59   data arrival time
-----------------------------------------------------------------------------
                                  5.16   slack (MET)



max_report_end
checks_report

===========================================================================
report_checks -unconstrained
===========================================================================
======================= Typical Corner ===================================

Startpoint: A[0] (input port clocked by clk)
Endpoint: SUM[6] (output port clocked by clk)
Path Group: clk
Path Type: max

Fanout     Cap    Slew   Delay    Time   Description
-----------------------------------------------------------------------------
                  0.00    0.00    0.00   clock clk (rise edge)
                          0.00    0.00   clock network delay (ideal)
                          2.00    2.00 v input external delay
                  0.01    0.00    2.00 v A[0] (in)
     1    0.00                           A[0] (net)
                  0.01    0.00    2.00 v input1/A (sky130_fd_sc_hd__dlymetal6s2s_1)
                  0.09    0.18    2.19 v input1/X (sky130_fd_sc_hd__dlymetal6s2s_1)
     4    0.02                           net1 (net)
                  0.09    0.00    2.19 v _27_/A2 (sky130_fd_sc_hd__a21o_1)
                  0.04    0.21    2.40 v _27_/X (sky130_fd_sc_hd__a21o_1)
     2    0.00                           _00_ (net)
                  0.04    0.00    2.40 v _30_/B (sky130_fd_sc_hd__and3_1)
                  0.06    0.19    2.59 v _30_/X (sky130_fd_sc_hd__and3_1)
     3    0.01                           _03_ (net)
                  0.06    0.00    2.59 v _33_/C (sky130_fd_sc_hd__or3_1)
                  0.08    0.34    2.92 v _33_/X (sky130_fd_sc_hd__or3_1)
     2    0.00                           _05_ (net)
                  0.08    0.00    2.92 v _37_/A2 (sky130_fd_sc_hd__a21bo_1)
                  0.05    0.23    3.15 v _37_/X (sky130_fd_sc_hd__a21bo_1)
     2    0.01                           _08_ (net)
                  0.05    0.00    3.15 v _38_/B (sky130_fd_sc_hd__xor2_1)
                  0.25    0.25    3.39 ^ _38_/X (sky130_fd_sc_hd__xor2_1)
     2    0.01                           _09_ (net)
                  0.25    0.00    3.39 ^ _41_/A2 (sky130_fd_sc_hd__a21oi_2)
                  0.08    0.13    3.52 v _41_/Y (sky130_fd_sc_hd__a21oi_2)
     2    0.01                           _11_ (net)
                  0.08    0.00    3.52 v _42_/B (sky130_fd_sc_hd__xnor2_1)
                  0.26    0.26    3.78 ^ _42_/Y (sky130_fd_sc_hd__xnor2_1)
     2    0.01                           _12_ (net)
                  0.26    0.00    3.78 ^ _45_/A2 (sky130_fd_sc_hd__a21oi_2)
                  0.07    0.11    3.90 v _45_/Y (sky130_fd_sc_hd__a21oi_2)
     2    0.01                           _14_ (net)
                  0.07    0.00    3.90 v _46_/B (sky130_fd_sc_hd__xnor2_1)
                  0.16    0.18    4.08 ^ _46_/Y (sky130_fd_sc_hd__xnor2_1)
     2    0.01                           _15_ (net)
                  0.16    0.00    4.08 ^ _48_/A (sky130_fd_sc_hd__nand2_1)
                  0.10    0.13    4.21 v _48_/Y (sky130_fd_sc_hd__nand2_1)
     4    0.01                           _17_ (net)
                  0.10    0.00    4.21 v _53_/A2 (sky130_fd_sc_hd__a21bo_1)
                  0.03    0.21    4.42 v _53_/X (sky130_fd_sc_hd__a21bo_1)
     1    0.00                           _21_ (net)
                  0.03    0.00    4.42 v _54_/B (sky130_fd_sc_hd__nand2_1)
                  0.07    0.08    4.50 ^ _54_/Y (sky130_fd_sc_hd__nand2_1)
     1    0.01                           _22_ (net)
                  0.07    0.00    4.50 ^ _55_/B (sky130_fd_sc_hd__xnor2_1)
                  0.22    0.16    4.66 ^ _55_/Y (sky130_fd_sc_hd__xnor2_1)
     1    0.01                           net23 (net)
                  0.22    0.00    4.66 ^ output23/A (sky130_fd_sc_hd__buf_4)
                  0.11    0.22    4.89 ^ output23/X (sky130_fd_sc_hd__buf_4)
     1    0.04                           SUM[6] (net)
                  0.11    0.00    4.89 ^ SUM[6] (out)
                                  4.89   data arrival time

                  0.00   10.00   10.00   clock clk (rise edge)
                          0.00   10.00   clock network delay (ideal)
                         -0.25    9.75   clock uncertainty
                          0.00    9.75   clock reconvergence pessimism
                         -2.00    7.75   output external delay
                                  7.75   data required time
-----------------------------------------------------------------------------
                                  7.75   data required time
                                 -4.89   data arrival time
-----------------------------------------------------------------------------
                                  2.86   slack (MET)




===========================================================================
report_checks --slack_max -0.01
============================================================================
======================= Typical Corner ===================================

No paths found.


===========================================================================
 report_check_types -max_slew -max_cap -max_fanout -violators
============================================================================
======================= Typical Corner ===================================



===========================================================================
report_parasitic_annotation -report_unannotated
============================================================================
Found 0 unannotated drivers.
Found 0 partially unannotated drivers.

===========================================================================
max slew violation count 0
max fanout violation count 0
max cap violation count 0
============================================================================

===========================================================================
check_setup -verbose -unconstrained_endpoints -multiple_clock -no_clock -no_input_delay -loops -generated_clocks
===========================================================================
checks_report_end
power_report

===========================================================================
 report_power
============================================================================
======================= Typical Corner ===================================

Group                  Internal  Switching    Leakage      Total
                          Power      Power      Power      Power (Watts)
----------------------------------------------------------------
Sequential             0.00e+00   0.00e+00   0.00e+00   0.00e+00   0.0%
Combinational          1.24e-05   2.02e-05   3.64e-10   3.26e-05 100.0%
Macro                  0.00e+00   0.00e+00   0.00e+00   0.00e+00   0.0%
Pad                    0.00e+00   0.00e+00   0.00e+00   0.00e+00   0.0%
----------------------------------------------------------------
Total                  1.24e-05   2.02e-05   3.64e-10   3.26e-05 100.0%
                          38.0%      62.0%       0.0%

power_report_end
skew_report

===========================================================================
report_clock_skew
============================================================================
Clock clk
No launch/capture paths found.

skew_report_end
summary_report

===========================================================================
report_tns
============================================================================
tns 0.00

===========================================================================
report_wns
============================================================================
wns 0.00

===========================================================================
report_worst_slack -max (Setup)
============================================================================
worst slack 2.86

===========================================================================
report_worst_slack -min (Hold)
============================================================================
worst slack 4.15
summary_report_end
[WARNING] Did not save OpenROAD database!
Writing SDF to '/openlane/designs/rca/runs/myrun/results/routing/mca/process_corner_nom/rca.sdf'…
Writing timing model to '/openlane/designs/rca/runs/myrun/results/routing/mca/process_corner_nom/rca.lib'…
