OpenROAD 41a51eaf4ca2171c92ff38afb91eb37bbd3f36da 
This program is licensed under the BSD-3 license. See the LICENSE file for details.
Components of this program may be licensed under more restrictive licenses which must be honored.
[INFO]: Reading ODB at '/openlane/designs/mbe/runs/myrun/tmp/15-mbe.odb'…
define_corners Slowest Typical Fastest
read_liberty -corner Slowest /home/jagadeesh97/.ciel/ciel/sky130/versions/0fe599b2afb6708d281543108caf8310912f54af/sky130A/libs.ref/sky130_fd_sc_hd/lib/sky130_fd_sc_hd__ss_100C_1v60.lib
read_liberty -corner Typical /home/jagadeesh97/.ciel/ciel/sky130/versions/0fe599b2afb6708d281543108caf8310912f54af/sky130A/libs.ref/sky130_fd_sc_hd/lib/sky130_fd_sc_hd__tt_025C_1v80.lib
read_liberty -corner Fastest /home/jagadeesh97/.ciel/ciel/sky130/versions/0fe599b2afb6708d281543108caf8310912f54af/sky130A/libs.ref/sky130_fd_sc_hd/lib/sky130_fd_sc_hd__ff_n40C_1v95.lib
Using 1e-12 for capacitance...
Using 1e+03 for resistance...
Using 1e-09 for time...
Using 1e+00 for voltage...
Using 1e-03 for current...
Using 1e-09 for power...
Using 1e-06 for distance...
Reading design constraints file at '/openlane/designs/mbe/runs/myrun/tmp/15-mbe.sdc'…
[WARNING STA-0357] virtual clock clk can not be propagated.
[INFO]: Setting signal min routing layer to: met1 and clock min routing layer to met3. 
[INFO]: Setting signal max routing layer to: met5 and clock max routing layer to met5. 
-congestion_iterations 50 -verbose -congestion_report_file /openlane/designs/mbe/runs/myrun/tmp/routing/resizer-routing-timing-congestion.rpt
[INFO GRT-0020] Min routing layer: met1
[INFO GRT-0021] Max routing layer: met5
[INFO GRT-0022] Global adjustment: 30%
[INFO GRT-0023] Grid origin: (0, 0)
[INFO GRT-0043] No OR_DEFAULT vias defined.
[INFO GRT-0088] Layer li1     Track-Pitch = 0.4600  line-2-Via Pitch: 0.3400
[INFO GRT-0088] Layer met1    Track-Pitch = 0.3400  line-2-Via Pitch: 0.3400
[INFO GRT-0088] Layer met2    Track-Pitch = 0.4600  line-2-Via Pitch: 0.3500
[INFO GRT-0088] Layer met3    Track-Pitch = 0.6800  line-2-Via Pitch: 0.6150
[INFO GRT-0088] Layer met4    Track-Pitch = 0.9200  line-2-Via Pitch: 1.0400
[INFO GRT-0088] Layer met5    Track-Pitch = 3.4000  line-2-Via Pitch: 3.1100
[INFO GRT-0019] Found 0 clock nets.
[INFO GRT-0001] Minimum degree: 2
[INFO GRT-0002] Maximum degree: 11
[INFO GRT-0003] Macros: 0
[INFO GRT-0004] Blockages: 115

[INFO GRT-0053] Routing resources analysis:
          Routing      Original      Derated      Resource
Layer     Direction    Resources     Resources    Reduction (%)
---------------------------------------------------------------
li1        Vertical            0             0          0.00%
met1       Horizontal       5100          2650          48.04%
met2       Vertical         3825          2592          32.24%
met3       Horizontal       2550          1639          35.73%
met4       Vertical         1530           586          61.70%
met5       Horizontal        510            84          83.53%
---------------------------------------------------------------

[INFO GRT-0197] Via related to pin nodes: 1505
[INFO GRT-0198] Via related Steiner nodes: 31
[INFO GRT-0199] Via filling finished.
[INFO GRT-0111] Final number of vias: 1660
[INFO GRT-0112] Final usage 3D: 6281

[INFO GRT-0096] Final congestion report:
Layer         Resource        Demand        Usage (%)    Max H / Max V / Total Overflow
---------------------------------------------------------------------------------------
li1                  0             0            0.00%             0 /  0 /  0
met1              2650           648           24.45%             0 /  0 /  0
met2              2592           624           24.07%             0 /  0 /  0
met3              1639            29            1.77%             0 /  0 /  0
met4               586             0            0.00%             0 /  0 /  0
met5                84             0            0.00%             0 /  0 /  0
---------------------------------------------------------------------------------------
Total             7551          1301           17.23%             0 /  0 /  0

[INFO GRT-0018] Total wirelength: 14952 um
[INFO GRT-0014] Routed nets: 353
[INFO]: Setting RC values...
[INFO GRT-0009] rerouting 4 nets.
[INFO GRT-0009] rerouting 9 nets.
[INFO GRT-0001] Minimum degree: 5
[INFO GRT-0002] Maximum degree: 5
[INFO GRT-0009] rerouting 2 nets.
[INFO GRT-0009] rerouting 2 nets.
[INFO GRT-0009] rerouting 6 nets.
[INFO GRT-0009] rerouting 6 nets.
[INFO GRT-0009] rerouting 11 nets.
[INFO GRT-0001] Minimum degree: 8
[INFO GRT-0002] Maximum degree: 11
[INFO GRT-0009] rerouting 4 nets.
[INFO GRT-0009] rerouting 7 nets.
[INFO GRT-0009] rerouting 11 nets.
[INFO GRT-0001] Minimum degree: 8
[INFO GRT-0002] Maximum degree: 8
[INFO GRT-0009] rerouting 5 nets.
[INFO GRT-0001] Minimum degree: 6
[INFO GRT-0002] Maximum degree: 11
[INFO GRT-0009] rerouting 4 nets.
[INFO GRT-0001] Minimum degree: 3
[INFO GRT-0002] Maximum degree: 4
[INFO GRT-0009] rerouting 5 nets.
[INFO GRT-0009] rerouting 7 nets.
[WARNING RSZ-0073] driver pin _367_/X not found in global routes
[WARNING RSZ-0075] makeBufferedNet failed for driver _367_/X
[INFO GRT-0009] rerouting 9 nets.
[WARNING RSZ-0073] driver pin _367_/X not found in global routes
[WARNING RSZ-0075] makeBufferedNet failed for driver _367_/X
[INFO GRT-0009] rerouting 11 nets.
[WARNING RSZ-0073] driver pin _367_/X not found in global routes
[WARNING RSZ-0075] makeBufferedNet failed for driver _367_/X
[INFO GRT-0009] rerouting 11 nets.
[WARNING RSZ-0073] driver pin _367_/X not found in global routes
[WARNING RSZ-0075] makeBufferedNet failed for driver _367_/X
[INFO GRT-0009] rerouting 11 nets.
[INFO GRT-0009] rerouting 11 nets.
[INFO RSZ-0041] Resized 14 instances.
[WARNING RSZ-0062] Unable to repair all setup violations.
[INFO RSZ-0033] No hold violations found.
[INFO GRT-0009] rerouting 11 nets.
Placement Analysis
---------------------------------
total displacement          6.4 u
average displacement        0.0 u
max displacement            2.7 u
original HPWL            7749.8 u
legalized HPWL           8142.9 u
delta HPWL                    5 %

[INFO DPL-0020] Mirrored 175 instances
[INFO DPL-0021] HPWL before            8142.9 u
[INFO DPL-0022] HPWL after             7753.9 u
[INFO DPL-0023] HPWL delta               -4.8 %
Setting global connections for newly added cells…
Writing OpenROAD database to '/openlane/designs/mbe/runs/myrun/tmp/17-mbe.odb'…
Writing netlist to '/openlane/designs/mbe/runs/myrun/tmp/17-mbe.nl.v'…
Writing powered netlist to '/openlane/designs/mbe/runs/myrun/tmp/17-mbe.pnl.v'…
Writing layout to '/openlane/designs/mbe/runs/myrun/tmp/17-mbe.def'…
Writing timing constraints to '/openlane/designs/mbe/runs/myrun/tmp/17-mbe.sdc'…
area_report

===========================================================================
report_design_area
============================================================================
Design area 3008 u^2 31% utilization.
area_report_end
