
===========================================================================
report_checks -path_delay max (Setup)
============================================================================
======================= Typical Corner ===================================

Startpoint: B[0] (input port clocked by clk)
Endpoint: Sum[0] (output port clocked by clk)
Path Group: clk
Path Type: max

Fanout     Cap    Slew   Delay    Time   Description
-----------------------------------------------------------------------------
                  0.00    0.00    0.00   clock clk (rise edge)
                          0.00    0.00   clock network delay (ideal)
                          2.00    2.00 v input external delay
                  0.03    0.02    2.02 v B[0] (in)
     3    0.01                           B[0] (net)
                  0.03    0.00    2.02 v _32_/A (sky130_fd_sc_hd__xnor2_2)
                  0.06    0.14    2.17 v _32_/Y (sky130_fd_sc_hd__xnor2_2)
     1    0.01                           _22_ (net)
                  0.06    0.00    2.17 v _33_/B (sky130_fd_sc_hd__xnor2_2)
                  0.45    0.39    2.56 ^ _33_/Y (sky130_fd_sc_hd__xnor2_2)
     1    0.03                           Sum[0] (net)
                  0.45    0.00    2.56 ^ Sum[0] (out)
                                  2.56   data arrival time

                  0.00   10.00   10.00   clock clk (rise edge)
                          0.00   10.00   clock network delay (ideal)
                         -0.25    9.75   clock uncertainty
                          0.00    9.75   clock reconvergence pessimism
                         -2.00    7.75   output external delay
                                  7.75   data required time
-----------------------------------------------------------------------------
                                  7.75   data required time
                                 -2.56   data arrival time
-----------------------------------------------------------------------------
                                  5.19   slack (MET)


Startpoint: B[10] (input port clocked by clk)
Endpoint: Sum[10] (output port clocked by clk)
Path Group: clk
Path Type: max

Fanout     Cap    Slew   Delay    Time   Description
-----------------------------------------------------------------------------
                  0.00    0.00    0.00   clock clk (rise edge)
                          0.00    0.00   clock network delay (ideal)
                          2.00    2.00 v input external delay
                  0.03    0.02    2.02 v B[10] (in)
     3    0.01                           B[10] (net)
                  0.03    0.00    2.02 v _52_/A (sky130_fd_sc_hd__xnor2_2)
                  0.06    0.14    2.17 v _52_/Y (sky130_fd_sc_hd__xnor2_2)
     1    0.01                           _00_ (net)
                  0.06    0.00    2.17 v _53_/B (sky130_fd_sc_hd__xnor2_2)
                  0.45    0.39    2.56 ^ _53_/Y (sky130_fd_sc_hd__xnor2_2)
     1    0.03                           Sum[10] (net)
                  0.45    0.00    2.56 ^ Sum[10] (out)
                                  2.56   data arrival time

                  0.00   10.00   10.00   clock clk (rise edge)
                          0.00   10.00   clock network delay (ideal)
                         -0.25    9.75   clock uncertainty
                          0.00    9.75   clock reconvergence pessimism
                         -2.00    7.75   output external delay
                                  7.75   data required time
-----------------------------------------------------------------------------
                                  7.75   data required time
                                 -2.56   data arrival time
-----------------------------------------------------------------------------
                                  5.19   slack (MET)


Startpoint: B[11] (input port clocked by clk)
Endpoint: Sum[11] (output port clocked by clk)
Path Group: clk
Path Type: max

Fanout     Cap    Slew   Delay    Time   Description
-----------------------------------------------------------------------------
                  0.00    0.00    0.00   clock clk (rise edge)
                          0.00    0.00   clock network delay (ideal)
                          2.00    2.00 v input external delay
                  0.03    0.02    2.02 v B[11] (in)
     3    0.01                           B[11] (net)
                  0.03    0.00    2.02 v _54_/A (sky130_fd_sc_hd__xnor2_2)
                  0.06    0.14    2.17 v _54_/Y (sky130_fd_sc_hd__xnor2_2)
     1    0.01                           _01_ (net)
                  0.06    0.00    2.17 v _55_/B (sky130_fd_sc_hd__xnor2_2)
                  0.45    0.39    2.56 ^ _55_/Y (sky130_fd_sc_hd__xnor2_2)
     1    0.03                           Sum[11] (net)
                  0.45    0.00    2.56 ^ Sum[11] (out)
                                  2.56   data arrival time

                  0.00   10.00   10.00   clock clk (rise edge)
                          0.00   10.00   clock network delay (ideal)
                         -0.25    9.75   clock uncertainty
                          0.00    9.75   clock reconvergence pessimism
                         -2.00    7.75   output external delay
                                  7.75   data required time
-----------------------------------------------------------------------------
                                  7.75   data required time
                                 -2.56   data arrival time
-----------------------------------------------------------------------------
                                  5.19   slack (MET)


Startpoint: B[12] (input port clocked by clk)
Endpoint: Sum[12] (output port clocked by clk)
Path Group: clk
Path Type: max

Fanout     Cap    Slew   Delay    Time   Description
-----------------------------------------------------------------------------
                  0.00    0.00    0.00   clock clk (rise edge)
                          0.00    0.00   clock network delay (ideal)
                          2.00    2.00 v input external delay
                  0.03    0.02    2.02 v B[12] (in)
     3    0.01                           B[12] (net)
                  0.03    0.00    2.02 v _56_/A (sky130_fd_sc_hd__xnor2_2)
                  0.06    0.14    2.17 v _56_/Y (sky130_fd_sc_hd__xnor2_2)
     1    0.01                           _02_ (net)
                  0.06    0.00    2.17 v _57_/B (sky130_fd_sc_hd__xnor2_2)
                  0.45    0.39    2.56 ^ _57_/Y (sky130_fd_sc_hd__xnor2_2)
     1    0.03                           Sum[12] (net)
                  0.45    0.00    2.56 ^ Sum[12] (out)
                                  2.56   data arrival time

                  0.00   10.00   10.00   clock clk (rise edge)
                          0.00   10.00   clock network delay (ideal)
                         -0.25    9.75   clock uncertainty
                          0.00    9.75   clock reconvergence pessimism
                         -2.00    7.75   output external delay
                                  7.75   data required time
-----------------------------------------------------------------------------
                                  7.75   data required time
                                 -2.56   data arrival time
-----------------------------------------------------------------------------
                                  5.19   slack (MET)


Startpoint: B[13] (input port clocked by clk)
Endpoint: Sum[13] (output port clocked by clk)
Path Group: clk
Path Type: max

Fanout     Cap    Slew   Delay    Time   Description
-----------------------------------------------------------------------------
                  0.00    0.00    0.00   clock clk (rise edge)
                          0.00    0.00   clock network delay (ideal)
                          2.00    2.00 v input external delay
                  0.03    0.02    2.02 v B[13] (in)
     3    0.01                           B[13] (net)
                  0.03    0.00    2.02 v _58_/A (sky130_fd_sc_hd__xnor2_2)
                  0.06    0.14    2.17 v _58_/Y (sky130_fd_sc_hd__xnor2_2)
     1    0.01                           _03_ (net)
                  0.06    0.00    2.17 v _59_/B (sky130_fd_sc_hd__xnor2_2)
                  0.45    0.39    2.56 ^ _59_/Y (sky130_fd_sc_hd__xnor2_2)
     1    0.03                           Sum[13] (net)
                  0.45    0.00    2.56 ^ Sum[13] (out)
                                  2.56   data arrival time

                  0.00   10.00   10.00   clock clk (rise edge)
                          0.00   10.00   clock network delay (ideal)
                         -0.25    9.75   clock uncertainty
                          0.00    9.75   clock reconvergence pessimism
                         -2.00    7.75   output external delay
                                  7.75   data required time
-----------------------------------------------------------------------------
                                  7.75   data required time
                                 -2.56   data arrival time
-----------------------------------------------------------------------------
                                  5.19   slack (MET)


Startpoint: B[14] (input port clocked by clk)
Endpoint: Sum[14] (output port clocked by clk)
Path Group: clk
Path Type: max

Fanout     Cap    Slew   Delay    Time   Description
-----------------------------------------------------------------------------
                  0.00    0.00    0.00   clock clk (rise edge)
                          0.00    0.00   clock network delay (ideal)
                          2.00    2.00 v input external delay
                  0.03    0.02    2.02 v B[14] (in)
     3    0.01                           B[14] (net)
                  0.03    0.00    2.02 v _60_/A (sky130_fd_sc_hd__xnor2_2)
                  0.06    0.14    2.17 v _60_/Y (sky130_fd_sc_hd__xnor2_2)
     1    0.01                           _04_ (net)
                  0.06    0.00    2.17 v _61_/B (sky130_fd_sc_hd__xnor2_2)
                  0.45    0.39    2.56 ^ _61_/Y (sky130_fd_sc_hd__xnor2_2)
     1    0.03                           Sum[14] (net)
                  0.45    0.00    2.56 ^ Sum[14] (out)
                                  2.56   data arrival time

                  0.00   10.00   10.00   clock clk (rise edge)
                          0.00   10.00   clock network delay (ideal)
                         -0.25    9.75   clock uncertainty
                          0.00    9.75   clock reconvergence pessimism
                         -2.00    7.75   output external delay
                                  7.75   data required time
-----------------------------------------------------------------------------
                                  7.75   data required time
                                 -2.56   data arrival time
-----------------------------------------------------------------------------
                                  5.19   slack (MET)


Startpoint: B[15] (input port clocked by clk)
Endpoint: Sum[15] (output port clocked by clk)
Path Group: clk
Path Type: max

Fanout     Cap    Slew   Delay    Time   Description
-----------------------------------------------------------------------------
                  0.00    0.00    0.00   clock clk (rise edge)
                          0.00    0.00   clock network delay (ideal)
                          2.00    2.00 v input external delay
                  0.03    0.02    2.02 v B[15] (in)
     3    0.01                           B[15] (net)
                  0.03    0.00    2.02 v _62_/A (sky130_fd_sc_hd__xnor2_2)
                  0.06    0.14    2.17 v _62_/Y (sky130_fd_sc_hd__xnor2_2)
     1    0.01                           _05_ (net)
                  0.06    0.00    2.17 v _63_/B (sky130_fd_sc_hd__xnor2_2)
                  0.45    0.39    2.56 ^ _63_/Y (sky130_fd_sc_hd__xnor2_2)
     1    0.03                           Sum[15] (net)
                  0.45    0.00    2.56 ^ Sum[15] (out)
                                  2.56   data arrival time

                  0.00   10.00   10.00   clock clk (rise edge)
                          0.00   10.00   clock network delay (ideal)
                         -0.25    9.75   clock uncertainty
                          0.00    9.75   clock reconvergence pessimism
                         -2.00    7.75   output external delay
                                  7.75   data required time
-----------------------------------------------------------------------------
                                  7.75   data required time
                                 -2.56   data arrival time
-----------------------------------------------------------------------------
                                  5.19   slack (MET)


Startpoint: B[1] (input port clocked by clk)
Endpoint: Sum[1] (output port clocked by clk)
Path Group: clk
Path Type: max

Fanout     Cap    Slew   Delay    Time   Description
-----------------------------------------------------------------------------
                  0.00    0.00    0.00   clock clk (rise edge)
                          0.00    0.00   clock network delay (ideal)
                          2.00    2.00 v input external delay
                  0.03    0.02    2.02 v B[1] (in)
     3    0.01                           B[1] (net)
                  0.03    0.00    2.02 v _34_/A (sky130_fd_sc_hd__xnor2_2)
                  0.06    0.14    2.17 v _34_/Y (sky130_fd_sc_hd__xnor2_2)
     1    0.01                           _23_ (net)
                  0.06    0.00    2.17 v _35_/B (sky130_fd_sc_hd__xnor2_2)
                  0.45    0.39    2.56 ^ _35_/Y (sky130_fd_sc_hd__xnor2_2)
     1    0.03                           Sum[1] (net)
                  0.45    0.00    2.56 ^ Sum[1] (out)
                                  2.56   data arrival time

                  0.00   10.00   10.00   clock clk (rise edge)
                          0.00   10.00   clock network delay (ideal)
                         -0.25    9.75   clock uncertainty
                          0.00    9.75   clock reconvergence pessimism
                         -2.00    7.75   output external delay
                                  7.75   data required time
-----------------------------------------------------------------------------
                                  7.75   data required time
                                 -2.56   data arrival time
-----------------------------------------------------------------------------
                                  5.19   slack (MET)


Startpoint: B[2] (input port clocked by clk)
Endpoint: Sum[2] (output port clocked by clk)
Path Group: clk
Path Type: max

Fanout     Cap    Slew   Delay    Time   Description
-----------------------------------------------------------------------------
                  0.00    0.00    0.00   clock clk (rise edge)
                          0.00    0.00   clock network delay (ideal)
                          2.00    2.00 v input external delay
                  0.03    0.02    2.02 v B[2] (in)
     3    0.01                           B[2] (net)
                  0.03    0.00    2.02 v _36_/A (sky130_fd_sc_hd__xnor2_2)
                  0.06    0.14    2.17 v _36_/Y (sky130_fd_sc_hd__xnor2_2)
     1    0.01                           _24_ (net)
                  0.06    0.00    2.17 v _37_/B (sky130_fd_sc_hd__xnor2_2)
                  0.45    0.39    2.56 ^ _37_/Y (sky130_fd_sc_hd__xnor2_2)
     1    0.03                           Sum[2] (net)
                  0.45    0.00    2.56 ^ Sum[2] (out)
                                  2.56   data arrival time

                  0.00   10.00   10.00   clock clk (rise edge)
                          0.00   10.00   clock network delay (ideal)
                         -0.25    9.75   clock uncertainty
                          0.00    9.75   clock reconvergence pessimism
                         -2.00    7.75   output external delay
                                  7.75   data required time
-----------------------------------------------------------------------------
                                  7.75   data required time
                                 -2.56   data arrival time
-----------------------------------------------------------------------------
                                  5.19   slack (MET)


Startpoint: B[3] (input port clocked by clk)
Endpoint: Sum[3] (output port clocked by clk)
Path Group: clk
Path Type: max

Fanout     Cap    Slew   Delay    Time   Description
-----------------------------------------------------------------------------
                  0.00    0.00    0.00   clock clk (rise edge)
                          0.00    0.00   clock network delay (ideal)
                          2.00    2.00 v input external delay
                  0.03    0.02    2.02 v B[3] (in)
     3    0.01                           B[3] (net)
                  0.03    0.00    2.02 v _38_/A (sky130_fd_sc_hd__xnor2_2)
                  0.06    0.14    2.17 v _38_/Y (sky130_fd_sc_hd__xnor2_2)
     1    0.01                           _25_ (net)
                  0.06    0.00    2.17 v _39_/B (sky130_fd_sc_hd__xnor2_2)
                  0.45    0.39    2.56 ^ _39_/Y (sky130_fd_sc_hd__xnor2_2)
     1    0.03                           Sum[3] (net)
                  0.45    0.00    2.56 ^ Sum[3] (out)
                                  2.56   data arrival time

                  0.00   10.00   10.00   clock clk (rise edge)
                          0.00   10.00   clock network delay (ideal)
                         -0.25    9.75   clock uncertainty
                          0.00    9.75   clock reconvergence pessimism
                         -2.00    7.75   output external delay
                                  7.75   data required time
-----------------------------------------------------------------------------
                                  7.75   data required time
                                 -2.56   data arrival time
-----------------------------------------------------------------------------
                                  5.19   slack (MET)


Startpoint: B[4] (input port clocked by clk)
Endpoint: Sum[4] (output port clocked by clk)
Path Group: clk
Path Type: max

Fanout     Cap    Slew   Delay    Time   Description
-----------------------------------------------------------------------------
                  0.00    0.00    0.00   clock clk (rise edge)
                          0.00    0.00   clock network delay (ideal)
                          2.00    2.00 v input external delay
                  0.03    0.02    2.02 v B[4] (in)
     3    0.01                           B[4] (net)
                  0.03    0.00    2.02 v _40_/A (sky130_fd_sc_hd__xnor2_2)
                  0.06    0.14    2.17 v _40_/Y (sky130_fd_sc_hd__xnor2_2)
     1    0.01                           _26_ (net)
                  0.06    0.00    2.17 v _41_/B (sky130_fd_sc_hd__xnor2_2)
                  0.45    0.39    2.56 ^ _41_/Y (sky130_fd_sc_hd__xnor2_2)
     1    0.03                           Sum[4] (net)
                  0.45    0.00    2.56 ^ Sum[4] (out)
                                  2.56   data arrival time

                  0.00   10.00   10.00   clock clk (rise edge)
                          0.00   10.00   clock network delay (ideal)
                         -0.25    9.75   clock uncertainty
                          0.00    9.75   clock reconvergence pessimism
                         -2.00    7.75   output external delay
                                  7.75   data required time
-----------------------------------------------------------------------------
                                  7.75   data required time
                                 -2.56   data arrival time
-----------------------------------------------------------------------------
                                  5.19   slack (MET)


Startpoint: B[5] (input port clocked by clk)
Endpoint: Sum[5] (output port clocked by clk)
Path Group: clk
Path Type: max

Fanout     Cap    Slew   Delay    Time   Description
-----------------------------------------------------------------------------
                  0.00    0.00    0.00   clock clk (rise edge)
                          0.00    0.00   clock network delay (ideal)
                          2.00    2.00 v input external delay
                  0.03    0.02    2.02 v B[5] (in)
     3    0.01                           B[5] (net)
                  0.03    0.00    2.02 v _42_/A (sky130_fd_sc_hd__xnor2_2)
                  0.06    0.14    2.17 v _42_/Y (sky130_fd_sc_hd__xnor2_2)
     1    0.01                           _27_ (net)
                  0.06    0.00    2.17 v _43_/B (sky130_fd_sc_hd__xnor2_2)
                  0.45    0.39    2.56 ^ _43_/Y (sky130_fd_sc_hd__xnor2_2)
     1    0.03                           Sum[5] (net)
                  0.45    0.00    2.56 ^ Sum[5] (out)
                                  2.56   data arrival time

                  0.00   10.00   10.00   clock clk (rise edge)
                          0.00   10.00   clock network delay (ideal)
                         -0.25    9.75   clock uncertainty
                          0.00    9.75   clock reconvergence pessimism
                         -2.00    7.75   output external delay
                                  7.75   data required time
-----------------------------------------------------------------------------
                                  7.75   data required time
                                 -2.56   data arrival time
-----------------------------------------------------------------------------
                                  5.19   slack (MET)


Startpoint: B[6] (input port clocked by clk)
Endpoint: Sum[6] (output port clocked by clk)
Path Group: clk
Path Type: max

Fanout     Cap    Slew   Delay    Time   Description
-----------------------------------------------------------------------------
                  0.00    0.00    0.00   clock clk (rise edge)
                          0.00    0.00   clock network delay (ideal)
                          2.00    2.00 v input external delay
                  0.03    0.02    2.02 v B[6] (in)
     3    0.01                           B[6] (net)
                  0.03    0.00    2.02 v _44_/A (sky130_fd_sc_hd__xnor2_2)
                  0.06    0.14    2.17 v _44_/Y (sky130_fd_sc_hd__xnor2_2)
     1    0.01                           _28_ (net)
                  0.06    0.00    2.17 v _45_/B (sky130_fd_sc_hd__xnor2_2)
                  0.45    0.39    2.56 ^ _45_/Y (sky130_fd_sc_hd__xnor2_2)
     1    0.03                           Sum[6] (net)
                  0.45    0.00    2.56 ^ Sum[6] (out)
                                  2.56   data arrival time

                  0.00   10.00   10.00   clock clk (rise edge)
                          0.00   10.00   clock network delay (ideal)
                         -0.25    9.75   clock uncertainty
                          0.00    9.75   clock reconvergence pessimism
                         -2.00    7.75   output external delay
                                  7.75   data required time
-----------------------------------------------------------------------------
                                  7.75   data required time
                                 -2.56   data arrival time
-----------------------------------------------------------------------------
                                  5.19   slack (MET)


Startpoint: B[7] (input port clocked by clk)
Endpoint: Sum[7] (output port clocked by clk)
Path Group: clk
Path Type: max

Fanout     Cap    Slew   Delay    Time   Description
-----------------------------------------------------------------------------
                  0.00    0.00    0.00   clock clk (rise edge)
                          0.00    0.00   clock network delay (ideal)
                          2.00    2.00 v input external delay
                  0.03    0.02    2.02 v B[7] (in)
     3    0.01                           B[7] (net)
                  0.03    0.00    2.02 v _46_/A (sky130_fd_sc_hd__xnor2_2)
                  0.06    0.14    2.17 v _46_/Y (sky130_fd_sc_hd__xnor2_2)
     1    0.01                           _29_ (net)
                  0.06    0.00    2.17 v _47_/B (sky130_fd_sc_hd__xnor2_2)
                  0.45    0.39    2.56 ^ _47_/Y (sky130_fd_sc_hd__xnor2_2)
     1    0.03                           Sum[7] (net)
                  0.45    0.00    2.56 ^ Sum[7] (out)
                                  2.56   data arrival time

                  0.00   10.00   10.00   clock clk (rise edge)
                          0.00   10.00   clock network delay (ideal)
                         -0.25    9.75   clock uncertainty
                          0.00    9.75   clock reconvergence pessimism
                         -2.00    7.75   output external delay
                                  7.75   data required time
-----------------------------------------------------------------------------
                                  7.75   data required time
                                 -2.56   data arrival time
-----------------------------------------------------------------------------
                                  5.19   slack (MET)


Startpoint: B[8] (input port clocked by clk)
Endpoint: Sum[8] (output port clocked by clk)
Path Group: clk
Path Type: max

Fanout     Cap    Slew   Delay    Time   Description
-----------------------------------------------------------------------------
                  0.00    0.00    0.00   clock clk (rise edge)
                          0.00    0.00   clock network delay (ideal)
                          2.00    2.00 v input external delay
                  0.03    0.02    2.02 v B[8] (in)
     3    0.01                           B[8] (net)
                  0.03    0.00    2.02 v _48_/A (sky130_fd_sc_hd__xnor2_2)
                  0.06    0.14    2.17 v _48_/Y (sky130_fd_sc_hd__xnor2_2)
     1    0.01                           _30_ (net)
                  0.06    0.00    2.17 v _49_/B (sky130_fd_sc_hd__xnor2_2)
                  0.45    0.39    2.56 ^ _49_/Y (sky130_fd_sc_hd__xnor2_2)
     1    0.03                           Sum[8] (net)
                  0.45    0.00    2.56 ^ Sum[8] (out)
                                  2.56   data arrival time

                  0.00   10.00   10.00   clock clk (rise edge)
                          0.00   10.00   clock network delay (ideal)
                         -0.25    9.75   clock uncertainty
                          0.00    9.75   clock reconvergence pessimism
                         -2.00    7.75   output external delay
                                  7.75   data required time
-----------------------------------------------------------------------------
                                  7.75   data required time
                                 -2.56   data arrival time
-----------------------------------------------------------------------------
                                  5.19   slack (MET)


Startpoint: B[9] (input port clocked by clk)
Endpoint: Sum[9] (output port clocked by clk)
Path Group: clk
Path Type: max

Fanout     Cap    Slew   Delay    Time   Description
-----------------------------------------------------------------------------
                  0.00    0.00    0.00   clock clk (rise edge)
                          0.00    0.00   clock network delay (ideal)
                          2.00    2.00 v input external delay
                  0.03    0.02    2.02 v B[9] (in)
     3    0.01                           B[9] (net)
                  0.03    0.00    2.02 v _50_/A (sky130_fd_sc_hd__xnor2_2)
                  0.06    0.14    2.17 v _50_/Y (sky130_fd_sc_hd__xnor2_2)
     1    0.01                           _31_ (net)
                  0.06    0.00    2.17 v _51_/B (sky130_fd_sc_hd__xnor2_2)
                  0.45    0.39    2.56 ^ _51_/Y (sky130_fd_sc_hd__xnor2_2)
     1    0.03                           Sum[9] (net)
                  0.45    0.00    2.56 ^ Sum[9] (out)
                                  2.56   data arrival time

                  0.00   10.00   10.00   clock clk (rise edge)
                          0.00   10.00   clock network delay (ideal)
                         -0.25    9.75   clock uncertainty
                          0.00    9.75   clock reconvergence pessimism
                         -2.00    7.75   output external delay
                                  7.75   data required time
-----------------------------------------------------------------------------
                                  7.75   data required time
                                 -2.56   data arrival time
-----------------------------------------------------------------------------
                                  5.19   slack (MET)


Startpoint: A[0] (input port clocked by clk)
Endpoint: Carry[0] (output port clocked by clk)
Path Group: clk
Path Type: max

Fanout     Cap    Slew   Delay    Time   Description
-----------------------------------------------------------------------------
                  0.00    0.00    0.00   clock clk (rise edge)
                          0.00    0.00   clock network delay (ideal)
                          2.00    2.00 v input external delay
                  0.03    0.02    2.02 v A[0] (in)
     3    0.01                           A[0] (net)
                  0.03    0.00    2.02 v _64_/A2 (sky130_fd_sc_hd__a21o_2)
                  0.03    0.20    2.22 v _64_/X (sky130_fd_sc_hd__a21o_2)
     1    0.00                           _06_ (net)
                  0.03    0.00    2.22 v _65_/B1 (sky130_fd_sc_hd__o21a_2)
                  0.10    0.18    2.41 v _65_/X (sky130_fd_sc_hd__o21a_2)
     1    0.03                           Carry[0] (net)
                  0.10    0.00    2.41 v Carry[0] (out)
                                  2.41   data arrival time

                  0.00   10.00   10.00   clock clk (rise edge)
                          0.00   10.00   clock network delay (ideal)
                         -0.25    9.75   clock uncertainty
                          0.00    9.75   clock reconvergence pessimism
                         -2.00    7.75   output external delay
                                  7.75   data required time
-----------------------------------------------------------------------------
                                  7.75   data required time
                                 -2.41   data arrival time
-----------------------------------------------------------------------------
                                  5.34   slack (MET)


Startpoint: A[10] (input port clocked by clk)
Endpoint: Carry[10] (output port clocked by clk)
Path Group: clk
Path Type: max

Fanout     Cap    Slew   Delay    Time   Description
-----------------------------------------------------------------------------
                  0.00    0.00    0.00   clock clk (rise edge)
                          0.00    0.00   clock network delay (ideal)
                          2.00    2.00 v input external delay
                  0.03    0.02    2.02 v A[10] (in)
     3    0.01                           A[10] (net)
                  0.03    0.00    2.02 v _84_/A2 (sky130_fd_sc_hd__a21o_2)
                  0.03    0.20    2.22 v _84_/X (sky130_fd_sc_hd__a21o_2)
     1    0.00                           _16_ (net)
                  0.03    0.00    2.22 v _85_/B1 (sky130_fd_sc_hd__o21a_2)
                  0.10    0.18    2.41 v _85_/X (sky130_fd_sc_hd__o21a_2)
     1    0.03                           Carry[10] (net)
                  0.10    0.00    2.41 v Carry[10] (out)
                                  2.41   data arrival time

                  0.00   10.00   10.00   clock clk (rise edge)
                          0.00   10.00   clock network delay (ideal)
                         -0.25    9.75   clock uncertainty
                          0.00    9.75   clock reconvergence pessimism
                         -2.00    7.75   output external delay
                                  7.75   data required time
-----------------------------------------------------------------------------
                                  7.75   data required time
                                 -2.41   data arrival time
-----------------------------------------------------------------------------
                                  5.34   slack (MET)


Startpoint: A[11] (input port clocked by clk)
Endpoint: Carry[11] (output port clocked by clk)
Path Group: clk
Path Type: max

Fanout     Cap    Slew   Delay    Time   Description
-----------------------------------------------------------------------------
                  0.00    0.00    0.00   clock clk (rise edge)
                          0.00    0.00   clock network delay (ideal)
                          2.00    2.00 v input external delay
                  0.03    0.02    2.02 v A[11] (in)
     3    0.01                           A[11] (net)
                  0.03    0.00    2.02 v _86_/A2 (sky130_fd_sc_hd__a21o_2)
                  0.03    0.20    2.22 v _86_/X (sky130_fd_sc_hd__a21o_2)
     1    0.00                           _17_ (net)
                  0.03    0.00    2.22 v _87_/B1 (sky130_fd_sc_hd__o21a_2)
                  0.10    0.18    2.41 v _87_/X (sky130_fd_sc_hd__o21a_2)
     1    0.03                           Carry[11] (net)
                  0.10    0.00    2.41 v Carry[11] (out)
                                  2.41   data arrival time

                  0.00   10.00   10.00   clock clk (rise edge)
                          0.00   10.00   clock network delay (ideal)
                         -0.25    9.75   clock uncertainty
                          0.00    9.75   clock reconvergence pessimism
                         -2.00    7.75   output external delay
                                  7.75   data required time
-----------------------------------------------------------------------------
                                  7.75   data required time
                                 -2.41   data arrival time
-----------------------------------------------------------------------------
                                  5.34   slack (MET)


Startpoint: A[12] (input port clocked by clk)
Endpoint: Carry[12] (output port clocked by clk)
Path Group: clk
Path Type: max

Fanout     Cap    Slew   Delay    Time   Description
-----------------------------------------------------------------------------
                  0.00    0.00    0.00   clock clk (rise edge)
                          0.00    0.00   clock network delay (ideal)
                          2.00    2.00 v input external delay
                  0.03    0.02    2.02 v A[12] (in)
     3    0.01                           A[12] (net)
                  0.03    0.00    2.02 v _88_/A2 (sky130_fd_sc_hd__a21o_2)
                  0.03    0.20    2.22 v _88_/X (sky130_fd_sc_hd__a21o_2)
     1    0.00                           _18_ (net)
                  0.03    0.00    2.22 v _89_/B1 (sky130_fd_sc_hd__o21a_2)
                  0.10    0.18    2.41 v _89_/X (sky130_fd_sc_hd__o21a_2)
     1    0.03                           Carry[12] (net)
                  0.10    0.00    2.41 v Carry[12] (out)
                                  2.41   data arrival time

                  0.00   10.00   10.00   clock clk (rise edge)
                          0.00   10.00   clock network delay (ideal)
                         -0.25    9.75   clock uncertainty
                          0.00    9.75   clock reconvergence pessimism
                         -2.00    7.75   output external delay
                                  7.75   data required time
-----------------------------------------------------------------------------
                                  7.75   data required time
                                 -2.41   data arrival time
-----------------------------------------------------------------------------
                                  5.34   slack (MET)


Startpoint: A[13] (input port clocked by clk)
Endpoint: Carry[13] (output port clocked by clk)
Path Group: clk
Path Type: max

Fanout     Cap    Slew   Delay    Time   Description
-----------------------------------------------------------------------------
                  0.00    0.00    0.00   clock clk (rise edge)
                          0.00    0.00   clock network delay (ideal)
                          2.00    2.00 v input external delay
                  0.03    0.02    2.02 v A[13] (in)
     3    0.01                           A[13] (net)
                  0.03    0.00    2.02 v _90_/A2 (sky130_fd_sc_hd__a21o_2)
                  0.03    0.20    2.22 v _90_/X (sky130_fd_sc_hd__a21o_2)
     1    0.00                           _19_ (net)
                  0.03    0.00    2.22 v _91_/B1 (sky130_fd_sc_hd__o21a_2)
                  0.10    0.18    2.41 v _91_/X (sky130_fd_sc_hd__o21a_2)
     1    0.03                           Carry[13] (net)
                  0.10    0.00    2.41 v Carry[13] (out)
                                  2.41   data arrival time

                  0.00   10.00   10.00   clock clk (rise edge)
                          0.00   10.00   clock network delay (ideal)
                         -0.25    9.75   clock uncertainty
                          0.00    9.75   clock reconvergence pessimism
                         -2.00    7.75   output external delay
                                  7.75   data required time
-----------------------------------------------------------------------------
                                  7.75   data required time
                                 -2.41   data arrival time
-----------------------------------------------------------------------------
                                  5.34   slack (MET)


Startpoint: A[14] (input port clocked by clk)
Endpoint: Carry[14] (output port clocked by clk)
Path Group: clk
Path Type: max

Fanout     Cap    Slew   Delay    Time   Description
-----------------------------------------------------------------------------
                  0.00    0.00    0.00   clock clk (rise edge)
                          0.00    0.00   clock network delay (ideal)
                          2.00    2.00 v input external delay
                  0.03    0.02    2.02 v A[14] (in)
     3    0.01                           A[14] (net)
                  0.03    0.00    2.02 v _92_/A2 (sky130_fd_sc_hd__a21o_2)
                  0.03    0.20    2.22 v _92_/X (sky130_fd_sc_hd__a21o_2)
     1    0.00                           _20_ (net)
                  0.03    0.00    2.22 v _93_/B1 (sky130_fd_sc_hd__o21a_2)
                  0.10    0.18    2.41 v _93_/X (sky130_fd_sc_hd__o21a_2)
     1    0.03                           Carry[14] (net)
                  0.10    0.00    2.41 v Carry[14] (out)
                                  2.41   data arrival time

                  0.00   10.00   10.00   clock clk (rise edge)
                          0.00   10.00   clock network delay (ideal)
                         -0.25    9.75   clock uncertainty
                          0.00    9.75   clock reconvergence pessimism
                         -2.00    7.75   output external delay
                                  7.75   data required time
-----------------------------------------------------------------------------
                                  7.75   data required time
                                 -2.41   data arrival time
-----------------------------------------------------------------------------
                                  5.34   slack (MET)


Startpoint: A[15] (input port clocked by clk)
Endpoint: Carry[15] (output port clocked by clk)
Path Group: clk
Path Type: max

Fanout     Cap    Slew   Delay    Time   Description
-----------------------------------------------------------------------------
                  0.00    0.00    0.00   clock clk (rise edge)
                          0.00    0.00   clock network delay (ideal)
                          2.00    2.00 v input external delay
                  0.03    0.02    2.02 v A[15] (in)
     3    0.01                           A[15] (net)
                  0.03    0.00    2.02 v _94_/A2 (sky130_fd_sc_hd__a21o_2)
                  0.03    0.20    2.22 v _94_/X (sky130_fd_sc_hd__a21o_2)
     1    0.00                           _21_ (net)
                  0.03    0.00    2.22 v _95_/B1 (sky130_fd_sc_hd__o21a_2)
                  0.10    0.18    2.41 v _95_/X (sky130_fd_sc_hd__o21a_2)
     1    0.03                           Carry[15] (net)
                  0.10    0.00    2.41 v Carry[15] (out)
                                  2.41   data arrival time

                  0.00   10.00   10.00   clock clk (rise edge)
                          0.00   10.00   clock network delay (ideal)
                         -0.25    9.75   clock uncertainty
                          0.00    9.75   clock reconvergence pessimism
                         -2.00    7.75   output external delay
                                  7.75   data required time
-----------------------------------------------------------------------------
                                  7.75   data required time
                                 -2.41   data arrival time
-----------------------------------------------------------------------------
                                  5.34   slack (MET)


Startpoint: A[1] (input port clocked by clk)
Endpoint: Carry[1] (output port clocked by clk)
Path Group: clk
Path Type: max

Fanout     Cap    Slew   Delay    Time   Description
-----------------------------------------------------------------------------
                  0.00    0.00    0.00   clock clk (rise edge)
                          0.00    0.00   clock network delay (ideal)
                          2.00    2.00 v input external delay
                  0.03    0.02    2.02 v A[1] (in)
     3    0.01                           A[1] (net)
                  0.03    0.00    2.02 v _66_/A2 (sky130_fd_sc_hd__a21o_2)
                  0.03    0.20    2.22 v _66_/X (sky130_fd_sc_hd__a21o_2)
     1    0.00                           _07_ (net)
                  0.03    0.00    2.22 v _67_/B1 (sky130_fd_sc_hd__o21a_2)
                  0.10    0.18    2.41 v _67_/X (sky130_fd_sc_hd__o21a_2)
     1    0.03                           Carry[1] (net)
                  0.10    0.00    2.41 v Carry[1] (out)
                                  2.41   data arrival time

                  0.00   10.00   10.00   clock clk (rise edge)
                          0.00   10.00   clock network delay (ideal)
                         -0.25    9.75   clock uncertainty
                          0.00    9.75   clock reconvergence pessimism
                         -2.00    7.75   output external delay
                                  7.75   data required time
-----------------------------------------------------------------------------
                                  7.75   data required time
                                 -2.41   data arrival time
-----------------------------------------------------------------------------
                                  5.34   slack (MET)


Startpoint: A[2] (input port clocked by clk)
Endpoint: Carry[2] (output port clocked by clk)
Path Group: clk
Path Type: max

Fanout     Cap    Slew   Delay    Time   Description
-----------------------------------------------------------------------------
                  0.00    0.00    0.00   clock clk (rise edge)
                          0.00    0.00   clock network delay (ideal)
                          2.00    2.00 v input external delay
                  0.03    0.02    2.02 v A[2] (in)
     3    0.01                           A[2] (net)
                  0.03    0.00    2.02 v _68_/A2 (sky130_fd_sc_hd__a21o_2)
                  0.03    0.20    2.22 v _68_/X (sky130_fd_sc_hd__a21o_2)
     1    0.00                           _08_ (net)
                  0.03    0.00    2.22 v _69_/B1 (sky130_fd_sc_hd__o21a_2)
                  0.10    0.18    2.41 v _69_/X (sky130_fd_sc_hd__o21a_2)
     1    0.03                           Carry[2] (net)
                  0.10    0.00    2.41 v Carry[2] (out)
                                  2.41   data arrival time

                  0.00   10.00   10.00   clock clk (rise edge)
                          0.00   10.00   clock network delay (ideal)
                         -0.25    9.75   clock uncertainty
                          0.00    9.75   clock reconvergence pessimism
                         -2.00    7.75   output external delay
                                  7.75   data required time
-----------------------------------------------------------------------------
                                  7.75   data required time
                                 -2.41   data arrival time
-----------------------------------------------------------------------------
                                  5.34   slack (MET)


Startpoint: A[3] (input port clocked by clk)
Endpoint: Carry[3] (output port clocked by clk)
Path Group: clk
Path Type: max

Fanout     Cap    Slew   Delay    Time   Description
-----------------------------------------------------------------------------
                  0.00    0.00    0.00   clock clk (rise edge)
                          0.00    0.00   clock network delay (ideal)
                          2.00    2.00 v input external delay
                  0.03    0.02    2.02 v A[3] (in)
     3    0.01                           A[3] (net)
                  0.03    0.00    2.02 v _70_/A2 (sky130_fd_sc_hd__a21o_2)
                  0.03    0.20    2.22 v _70_/X (sky130_fd_sc_hd__a21o_2)
     1    0.00                           _09_ (net)
                  0.03    0.00    2.22 v _71_/B1 (sky130_fd_sc_hd__o21a_2)
                  0.10    0.18    2.41 v _71_/X (sky130_fd_sc_hd__o21a_2)
     1    0.03                           Carry[3] (net)
                  0.10    0.00    2.41 v Carry[3] (out)
                                  2.41   data arrival time

                  0.00   10.00   10.00   clock clk (rise edge)
                          0.00   10.00   clock network delay (ideal)
                         -0.25    9.75   clock uncertainty
                          0.00    9.75   clock reconvergence pessimism
                         -2.00    7.75   output external delay
                                  7.75   data required time
-----------------------------------------------------------------------------
                                  7.75   data required time
                                 -2.41   data arrival time
-----------------------------------------------------------------------------
                                  5.34   slack (MET)


Startpoint: A[4] (input port clocked by clk)
Endpoint: Carry[4] (output port clocked by clk)
Path Group: clk
Path Type: max

Fanout     Cap    Slew   Delay    Time   Description
-----------------------------------------------------------------------------
                  0.00    0.00    0.00   clock clk (rise edge)
                          0.00    0.00   clock network delay (ideal)
                          2.00    2.00 v input external delay
                  0.03    0.02    2.02 v A[4] (in)
     3    0.01                           A[4] (net)
                  0.03    0.00    2.02 v _72_/A2 (sky130_fd_sc_hd__a21o_2)
                  0.03    0.20    2.22 v _72_/X (sky130_fd_sc_hd__a21o_2)
     1    0.00                           _10_ (net)
                  0.03    0.00    2.22 v _73_/B1 (sky130_fd_sc_hd__o21a_2)
                  0.10    0.18    2.41 v _73_/X (sky130_fd_sc_hd__o21a_2)
     1    0.03                           Carry[4] (net)
                  0.10    0.00    2.41 v Carry[4] (out)
                                  2.41   data arrival time

                  0.00   10.00   10.00   clock clk (rise edge)
                          0.00   10.00   clock network delay (ideal)
                         -0.25    9.75   clock uncertainty
                          0.00    9.75   clock reconvergence pessimism
                         -2.00    7.75   output external delay
                                  7.75   data required time
-----------------------------------------------------------------------------
                                  7.75   data required time
                                 -2.41   data arrival time
-----------------------------------------------------------------------------
                                  5.34   slack (MET)


Startpoint: A[5] (input port clocked by clk)
Endpoint: Carry[5] (output port clocked by clk)
Path Group: clk
Path Type: max

Fanout     Cap    Slew   Delay    Time   Description
-----------------------------------------------------------------------------
                  0.00    0.00    0.00   clock clk (rise edge)
                          0.00    0.00   clock network delay (ideal)
                          2.00    2.00 v input external delay
                  0.03    0.02    2.02 v A[5] (in)
     3    0.01                           A[5] (net)
                  0.03    0.00    2.02 v _74_/A2 (sky130_fd_sc_hd__a21o_2)
                  0.03    0.20    2.22 v _74_/X (sky130_fd_sc_hd__a21o_2)
     1    0.00                           _11_ (net)
                  0.03    0.00    2.22 v _75_/B1 (sky130_fd_sc_hd__o21a_2)
                  0.10    0.18    2.41 v _75_/X (sky130_fd_sc_hd__o21a_2)
     1    0.03                           Carry[5] (net)
                  0.10    0.00    2.41 v Carry[5] (out)
                                  2.41   data arrival time

                  0.00   10.00   10.00   clock clk (rise edge)
                          0.00   10.00   clock network delay (ideal)
                         -0.25    9.75   clock uncertainty
                          0.00    9.75   clock reconvergence pessimism
                         -2.00    7.75   output external delay
                                  7.75   data required time
-----------------------------------------------------------------------------
                                  7.75   data required time
                                 -2.41   data arrival time
-----------------------------------------------------------------------------
                                  5.34   slack (MET)


Startpoint: A[6] (input port clocked by clk)
Endpoint: Carry[6] (output port clocked by clk)
Path Group: clk
Path Type: max

Fanout     Cap    Slew   Delay    Time   Description
-----------------------------------------------------------------------------
                  0.00    0.00    0.00   clock clk (rise edge)
                          0.00    0.00   clock network delay (ideal)
                          2.00    2.00 v input external delay
                  0.03    0.02    2.02 v A[6] (in)
     3    0.01                           A[6] (net)
                  0.03    0.00    2.02 v _76_/A2 (sky130_fd_sc_hd__a21o_2)
                  0.03    0.20    2.22 v _76_/X (sky130_fd_sc_hd__a21o_2)
     1    0.00                           _12_ (net)
                  0.03    0.00    2.22 v _77_/B1 (sky130_fd_sc_hd__o21a_2)
                  0.10    0.18    2.41 v _77_/X (sky130_fd_sc_hd__o21a_2)
     1    0.03                           Carry[6] (net)
                  0.10    0.00    2.41 v Carry[6] (out)
                                  2.41   data arrival time

                  0.00   10.00   10.00   clock clk (rise edge)
                          0.00   10.00   clock network delay (ideal)
                         -0.25    9.75   clock uncertainty
                          0.00    9.75   clock reconvergence pessimism
                         -2.00    7.75   output external delay
                                  7.75   data required time
-----------------------------------------------------------------------------
                                  7.75   data required time
                                 -2.41   data arrival time
-----------------------------------------------------------------------------
                                  5.34   slack (MET)


Startpoint: A[7] (input port clocked by clk)
Endpoint: Carry[7] (output port clocked by clk)
Path Group: clk
Path Type: max

Fanout     Cap    Slew   Delay    Time   Description
-----------------------------------------------------------------------------
                  0.00    0.00    0.00   clock clk (rise edge)
                          0.00    0.00   clock network delay (ideal)
                          2.00    2.00 v input external delay
                  0.03    0.02    2.02 v A[7] (in)
     3    0.01                           A[7] (net)
                  0.03    0.00    2.02 v _78_/A2 (sky130_fd_sc_hd__a21o_2)
                  0.03    0.20    2.22 v _78_/X (sky130_fd_sc_hd__a21o_2)
     1    0.00                           _13_ (net)
                  0.03    0.00    2.22 v _79_/B1 (sky130_fd_sc_hd__o21a_2)
                  0.10    0.18    2.41 v _79_/X (sky130_fd_sc_hd__o21a_2)
     1    0.03                           Carry[7] (net)
                  0.10    0.00    2.41 v Carry[7] (out)
                                  2.41   data arrival time

                  0.00   10.00   10.00   clock clk (rise edge)
                          0.00   10.00   clock network delay (ideal)
                         -0.25    9.75   clock uncertainty
                          0.00    9.75   clock reconvergence pessimism
                         -2.00    7.75   output external delay
                                  7.75   data required time
-----------------------------------------------------------------------------
                                  7.75   data required time
                                 -2.41   data arrival time
-----------------------------------------------------------------------------
                                  5.34   slack (MET)


Startpoint: A[8] (input port clocked by clk)
Endpoint: Carry[8] (output port clocked by clk)
Path Group: clk
Path Type: max

Fanout     Cap    Slew   Delay    Time   Description
-----------------------------------------------------------------------------
                  0.00    0.00    0.00   clock clk (rise edge)
                          0.00    0.00   clock network delay (ideal)
                          2.00    2.00 v input external delay
                  0.03    0.02    2.02 v A[8] (in)
     3    0.01                           A[8] (net)
                  0.03    0.00    2.02 v _80_/A2 (sky130_fd_sc_hd__a21o_2)
                  0.03    0.20    2.22 v _80_/X (sky130_fd_sc_hd__a21o_2)
     1    0.00                           _14_ (net)
                  0.03    0.00    2.22 v _81_/B1 (sky130_fd_sc_hd__o21a_2)
                  0.10    0.18    2.41 v _81_/X (sky130_fd_sc_hd__o21a_2)
     1    0.03                           Carry[8] (net)
                  0.10    0.00    2.41 v Carry[8] (out)
                                  2.41   data arrival time

                  0.00   10.00   10.00   clock clk (rise edge)
                          0.00   10.00   clock network delay (ideal)
                         -0.25    9.75   clock uncertainty
                          0.00    9.75   clock reconvergence pessimism
                         -2.00    7.75   output external delay
                                  7.75   data required time
-----------------------------------------------------------------------------
                                  7.75   data required time
                                 -2.41   data arrival time
-----------------------------------------------------------------------------
                                  5.34   slack (MET)


Startpoint: A[9] (input port clocked by clk)
Endpoint: Carry[9] (output port clocked by clk)
Path Group: clk
Path Type: max

Fanout     Cap    Slew   Delay    Time   Description
-----------------------------------------------------------------------------
                  0.00    0.00    0.00   clock clk (rise edge)
                          0.00    0.00   clock network delay (ideal)
                          2.00    2.00 v input external delay
                  0.03    0.02    2.02 v A[9] (in)
     3    0.01                           A[9] (net)
                  0.03    0.00    2.02 v _82_/A2 (sky130_fd_sc_hd__a21o_2)
                  0.03    0.20    2.22 v _82_/X (sky130_fd_sc_hd__a21o_2)
     1    0.00                           _15_ (net)
                  0.03    0.00    2.22 v _83_/B1 (sky130_fd_sc_hd__o21a_2)
                  0.10    0.18    2.41 v _83_/X (sky130_fd_sc_hd__o21a_2)
     1    0.03                           Carry[9] (net)
                  0.10    0.00    2.41 v Carry[9] (out)
                                  2.41   data arrival time

                  0.00   10.00   10.00   clock clk (rise edge)
                          0.00   10.00   clock network delay (ideal)
                         -0.25    9.75   clock uncertainty
                          0.00    9.75   clock reconvergence pessimism
                         -2.00    7.75   output external delay
                                  7.75   data required time
-----------------------------------------------------------------------------
                                  7.75   data required time
                                 -2.41   data arrival time
-----------------------------------------------------------------------------
                                  5.34   slack (MET)



