
===========================================================================
report_checks -unconstrained
===========================================================================
======================= Typical Corner ===================================

Startpoint: B[0] (input port clocked by clk)
Endpoint: Sum[0] (output port clocked by clk)
Path Group: clk
Path Type: max

Fanout     Cap    Slew   Delay    Time   Description
-----------------------------------------------------------------------------
                  0.00    0.00    0.00   clock clk (rise edge)
                          0.00    0.00   clock network delay (ideal)
                          2.00    2.00 v input external delay
                  0.03    0.02    2.02 v B[0] (in)
     3    0.01                           B[0] (net)
                  0.03    0.00    2.02 v _32_/A (sky130_fd_sc_hd__xnor2_2)
                  0.06    0.14    2.17 v _32_/Y (sky130_fd_sc_hd__xnor2_2)
     1    0.01                           _22_ (net)
                  0.06    0.00    2.17 v _33_/B (sky130_fd_sc_hd__xnor2_2)
                  0.45    0.39    2.56 ^ _33_/Y (sky130_fd_sc_hd__xnor2_2)
     1    0.03                           Sum[0] (net)
                  0.45    0.00    2.56 ^ Sum[0] (out)
                                  2.56   data arrival time

                  0.00   10.00   10.00   clock clk (rise edge)
                          0.00   10.00   clock network delay (ideal)
                         -0.25    9.75   clock uncertainty
                          0.00    9.75   clock reconvergence pessimism
                         -2.00    7.75   output external delay
                                  7.75   data required time
-----------------------------------------------------------------------------
                                  7.75   data required time
                                 -2.56   data arrival time
-----------------------------------------------------------------------------
                                  5.19   slack (MET)




===========================================================================
report_checks --slack_max -0.01
============================================================================
======================= Typical Corner ===================================

No paths found.


===========================================================================
 report_check_types -max_slew -max_cap -max_fanout -violators
============================================================================
======================= Typical Corner ===================================



===========================================================================
report_parasitic_annotation -report_unannotated
============================================================================
Found 112 unannotated drivers.
 A[0]
 A[10]
 A[11]
 A[12]
 A[13]
 A[14]
 A[15]
 A[1]
 A[2]
 A[3]
 A[4]
 A[5]
 A[6]
 A[7]
 A[8]
 A[9]
 B[0]
 B[10]
 B[11]
 B[12]
 B[13]
 B[14]
 B[15]
 B[1]
 B[2]
 B[3]
 B[4]
 B[5]
 B[6]
 B[7]
 B[8]
 B[9]
 C[0]
 C[10]
 C[11]
 C[12]
 C[13]
 C[14]
 C[15]
 C[1]
 C[2]
 C[3]
 C[4]
 C[5]
 C[6]
 C[7]
 C[8]
 C[9]
 _32_/Y
 _33_/Y
 _34_/Y
 _35_/Y
 _36_/Y
 _37_/Y
 _38_/Y
 _39_/Y
 _40_/Y
 _41_/Y
 _42_/Y
 _43_/Y
 _44_/Y
 _45_/Y
 _46_/Y
 _47_/Y
 _48_/Y
 _49_/Y
 _50_/Y
 _51_/Y
 _52_/Y
 _53_/Y
 _54_/Y
 _55_/Y
 _56_/Y
 _57_/Y
 _58_/Y
 _59_/Y
 _60_/Y
 _61_/Y
 _62_/Y
 _63_/Y
 _64_/X
 _65_/X
 _66_/X
 _67_/X
 _68_/X
 _69_/X
 _70_/X
 _71_/X
 _72_/X
 _73_/X
 _74_/X
 _75_/X
 _76_/X
 _77_/X
 _78_/X
 _79_/X
 _80_/X
 _81_/X
 _82_/X
 _83_/X
 _84_/X
 _85_/X
 _86_/X
 _87_/X
 _88_/X
 _89_/X
 _90_/X
 _91_/X
 _92_/X
 _93_/X
 _94_/X
 _95_/X
Found 0 partially unannotated drivers.

===========================================================================
max slew violation count 0
max fanout violation count 0
max cap violation count 0
============================================================================

===========================================================================
check_setup -verbose -unconstrained_endpoints -multiple_clock -no_clock -no_input_delay -loops -generated_clocks
===========================================================================
