
===========================================================================
report_checks -unconstrained
===========================================================================
======================= Fastest Corner ===================================

Startpoint: B[2] (input port clocked by clk)
Endpoint: P[14] (output port clocked by clk)
Path Group: clk
Path Type: max
Corner: Fastest

Fanout     Cap    Slew   Delay    Time   Description
-----------------------------------------------------------------------------
                  0.00    0.00    0.00   clock clk (rise edge)
                          0.00    0.00   clock network delay (ideal)
                          2.00    2.00 ^ input external delay
                  0.01    0.01    2.01 ^ B[2] (in)
     1    0.00                           B[2] (net)
                  0.01    0.00    2.01 ^ input11/A (sky130_fd_sc_hd__buf_2)
                  0.16    0.16    2.17 ^ input11/X (sky130_fd_sc_hd__buf_2)
     7    0.04                           net11 (net)
                  0.16    0.01    2.17 ^ _370_/A (sky130_fd_sc_hd__buf_2)
                  0.14    0.18    2.36 ^ _370_/X (sky130_fd_sc_hd__buf_2)
    10    0.04                           _306_ (net)
                  0.14    0.00    2.36 ^ _565_/A1 (sky130_fd_sc_hd__a22oi_2)
                  0.05    0.05    2.41 v _565_/Y (sky130_fd_sc_hd__a22oi_2)
     1    0.00                           _137_ (net)
                  0.05    0.00    2.41 v _567_/A1 (sky130_fd_sc_hd__o211ai_2)
                  0.16    0.18    2.59 ^ _567_/Y (sky130_fd_sc_hd__o211ai_2)
     3    0.01                           _139_ (net)
                  0.16    0.00    2.59 ^ rebuffer1/A (sky130_fd_sc_hd__clkbuf_1)
                  0.05    0.07    2.66 ^ rebuffer1/X (sky130_fd_sc_hd__clkbuf_1)
     1    0.00                           net34 (net)
                  0.05    0.00    2.66 ^ _569_/A2 (sky130_fd_sc_hd__a21oi_1)
                  0.06    0.06    2.72 v _569_/Y (sky130_fd_sc_hd__a21oi_1)
     2    0.01                           _141_ (net)
                  0.06    0.00    2.72 v _571_/B (sky130_fd_sc_hd__or3b_4)
                  0.05    0.25    2.97 v _571_/X (sky130_fd_sc_hd__or3b_4)
     3    0.01                           _143_ (net)
                  0.05    0.00    2.97 v _573_/B (sky130_fd_sc_hd__and3_1)
                  0.04    0.13    3.10 v _573_/X (sky130_fd_sc_hd__and3_1)
     2    0.01                           _145_ (net)
                  0.04    0.00    3.10 v _576_/A1 (sky130_fd_sc_hd__o211a_1)
                  0.04    0.17    3.27 v _576_/X (sky130_fd_sc_hd__o211a_1)
     3    0.01                           _148_ (net)
                  0.04    0.00    3.27 v _577_/C (sky130_fd_sc_hd__or3_4)
                  0.05    0.21    3.48 v _577_/X (sky130_fd_sc_hd__or3_4)
     2    0.01                           _149_ (net)
                  0.05    0.00    3.48 v _579_/B1 (sky130_fd_sc_hd__o211a_1)
                  0.05    0.11    3.58 v _579_/X (sky130_fd_sc_hd__o211a_1)
     3    0.01                           _151_ (net)
                  0.05    0.00    3.58 v _611_/C (sky130_fd_sc_hd__or4_4)
                  0.06    0.31    3.89 v _611_/X (sky130_fd_sc_hd__or4_4)
     2    0.01                           _182_ (net)
                  0.06    0.00    3.89 v _646_/C (sky130_fd_sc_hd__or4_4)
                  0.07    0.32    4.22 v _646_/X (sky130_fd_sc_hd__or4_4)
     2    0.01                           _215_ (net)
                  0.07    0.00    4.22 v _673_/A2 (sky130_fd_sc_hd__a21oi_4)
                  0.13    0.16    4.38 ^ _673_/Y (sky130_fd_sc_hd__a21oi_4)
     4    0.02                           _243_ (net)
                  0.13    0.00    4.38 ^ _720_/A2 (sky130_fd_sc_hd__o31a_1)
                  0.08    0.13    4.51 ^ _720_/X (sky130_fd_sc_hd__o31a_1)
     1    0.01                           _292_ (net)
                  0.08    0.00    4.51 ^ _721_/B (sky130_fd_sc_hd__xnor2_2)
                  0.20    0.11    4.62 ^ _721_/Y (sky130_fd_sc_hd__xnor2_2)
     1    0.02                           net22 (net)
                  0.20    0.00    4.62 ^ output22/A (sky130_fd_sc_hd__buf_6)
                  0.06    0.11    4.73 ^ output22/X (sky130_fd_sc_hd__buf_6)
     1    0.03                           P[14] (net)
                  0.06    0.00    4.73 ^ P[14] (out)
                                  4.73   data arrival time

                  0.00   10.00   10.00   clock clk (rise edge)
                          0.00   10.00   clock network delay (ideal)
                         -0.25    9.75   clock uncertainty
                          0.00    9.75   clock reconvergence pessimism
                         -2.00    7.75   output external delay
                                  7.75   data required time
-----------------------------------------------------------------------------
                                  7.75   data required time
                                 -4.73   data arrival time
-----------------------------------------------------------------------------
                                  3.02   slack (MET)



======================= Slowest Corner ===================================

Startpoint: B[2] (input port clocked by clk)
Endpoint: P[14] (output port clocked by clk)
Path Group: clk
Path Type: max
Corner: Slowest

Fanout     Cap    Slew   Delay    Time   Description
-----------------------------------------------------------------------------
                  0.00    0.00    0.00   clock clk (rise edge)
                          0.00    0.00   clock network delay (ideal)
                          2.00    2.00 ^ input external delay
                  0.03    0.01    2.01 ^ B[2] (in)
     1    0.00                           B[2] (net)
                  0.03    0.00    2.01 ^ input11/A (sky130_fd_sc_hd__buf_2)
                  0.34    0.39    2.40 ^ input11/X (sky130_fd_sc_hd__buf_2)
     7    0.04                           net11 (net)
                  0.34    0.01    2.41 ^ _370_/A (sky130_fd_sc_hd__buf_2)
                  0.30    0.50    2.91 ^ _370_/X (sky130_fd_sc_hd__buf_2)
    10    0.04                           _306_ (net)
                  0.30    0.00    2.91 ^ _565_/A1 (sky130_fd_sc_hd__a22oi_2)
                  0.12    0.25    3.16 v _565_/Y (sky130_fd_sc_hd__a22oi_2)
     1    0.01                           _137_ (net)
                  0.12    0.00    3.16 v _567_/A1 (sky130_fd_sc_hd__o211ai_2)
                  0.34    0.42    3.58 ^ _567_/Y (sky130_fd_sc_hd__o211ai_2)
     3    0.01                           _139_ (net)
                  0.34    0.00    3.58 ^ rebuffer1/A (sky130_fd_sc_hd__clkbuf_1)
                  0.10    0.28    3.86 ^ rebuffer1/X (sky130_fd_sc_hd__clkbuf_1)
     1    0.00                           net34 (net)
                  0.10    0.00    3.86 ^ _569_/A2 (sky130_fd_sc_hd__a21oi_1)
                  0.17    0.21    4.07 v _569_/Y (sky130_fd_sc_hd__a21oi_1)
     2    0.01                           _141_ (net)
                  0.17    0.00    4.07 v _571_/B (sky130_fd_sc_hd__or3b_4)
                  0.14    0.83    4.89 v _571_/X (sky130_fd_sc_hd__or3b_4)
     3    0.01                           _143_ (net)
                  0.14    0.00    4.89 v _573_/B (sky130_fd_sc_hd__and3_1)
                  0.10    0.42    5.32 v _573_/X (sky130_fd_sc_hd__and3_1)
     2    0.01                           _145_ (net)
                  0.10    0.00    5.32 v _576_/A1 (sky130_fd_sc_hd__o211a_1)
                  0.11    0.49    5.80 v _576_/X (sky130_fd_sc_hd__o211a_1)
     3    0.01                           _148_ (net)
                  0.11    0.00    5.80 v _577_/C (sky130_fd_sc_hd__or3_4)
                  0.12    0.71    6.51 v _577_/X (sky130_fd_sc_hd__or3_4)
     2    0.01                           _149_ (net)
                  0.12    0.00    6.51 v _579_/B1 (sky130_fd_sc_hd__o211a_1)
                  0.13    0.32    6.84 v _579_/X (sky130_fd_sc_hd__o211a_1)
     3    0.01                           _151_ (net)
                  0.13    0.00    6.84 v _611_/C (sky130_fd_sc_hd__or4_4)
                  0.17    1.04    7.88 v _611_/X (sky130_fd_sc_hd__or4_4)
     2    0.01                           _182_ (net)
                  0.17    0.00    7.88 v _646_/C (sky130_fd_sc_hd__or4_4)
                  0.18    1.09    8.98 v _646_/X (sky130_fd_sc_hd__or4_4)
     2    0.01                           _215_ (net)
                  0.18    0.00    8.98 v _673_/A2 (sky130_fd_sc_hd__a21oi_4)
                  0.27    0.39    9.37 ^ _673_/Y (sky130_fd_sc_hd__a21oi_4)
     4    0.02                           _243_ (net)
                  0.27    0.00    9.37 ^ _720_/A2 (sky130_fd_sc_hd__o31a_1)
                  0.17    0.41    9.78 ^ _720_/X (sky130_fd_sc_hd__o31a_1)
     1    0.01                           _292_ (net)
                  0.17    0.00    9.78 ^ _721_/B (sky130_fd_sc_hd__xnor2_2)
                  0.41    0.32   10.10 ^ _721_/Y (sky130_fd_sc_hd__xnor2_2)
     1    0.02                           net22 (net)
                  0.41    0.00   10.11 ^ output22/A (sky130_fd_sc_hd__buf_6)
                  0.13    0.37   10.48 ^ output22/X (sky130_fd_sc_hd__buf_6)
     1    0.03                           P[14] (net)
                  0.13    0.00   10.48 ^ P[14] (out)
                                 10.48   data arrival time

                  0.00   10.00   10.00   clock clk (rise edge)
                          0.00   10.00   clock network delay (ideal)
                         -0.25    9.75   clock uncertainty
                          0.00    9.75   clock reconvergence pessimism
                         -2.00    7.75   output external delay
                                  7.75   data required time
-----------------------------------------------------------------------------
                                  7.75   data required time
                                -10.48   data arrival time
-----------------------------------------------------------------------------
                                 -2.73   slack (VIOLATED)



======================= Typical Corner ===================================

Startpoint: A[6] (input port clocked by clk)
Endpoint: P[14] (output port clocked by clk)
Path Group: clk
Path Type: max
Corner: Typical

Fanout     Cap    Slew   Delay    Time   Description
-----------------------------------------------------------------------------
                  0.00    0.00    0.00   clock clk (rise edge)
                          0.00    0.00   clock network delay (ideal)
                          2.00    2.00 v input external delay
                  0.01    0.01    2.01 v A[6] (in)
     1    0.00                           A[6] (net)
                  0.01    0.00    2.01 v input7/A (sky130_fd_sc_hd__clkbuf_2)
                  0.13    0.18    2.18 v input7/X (sky130_fd_sc_hd__clkbuf_2)
     6    0.03                           net7 (net)
                  0.13    0.00    2.19 v _521_/A (sky130_fd_sc_hd__clkbuf_4)
                  0.08    0.23    2.42 v _521_/X (sky130_fd_sc_hd__clkbuf_4)
    10    0.04                           _094_ (net)
                  0.08    0.00    2.42 v _525_/A2 (sky130_fd_sc_hd__a22o_1)
                  0.06    0.28    2.70 v _525_/X (sky130_fd_sc_hd__a22o_1)
     2    0.01                           _098_ (net)
                  0.06    0.00    2.70 v _528_/A2 (sky130_fd_sc_hd__a21o_1)
                  0.08    0.24    2.94 v _528_/X (sky130_fd_sc_hd__a21o_1)
     3    0.01                           _101_ (net)
                  0.08    0.00    2.94 v _530_/A2 (sky130_fd_sc_hd__a21o_1)
                  0.07    0.24    3.18 v _530_/X (sky130_fd_sc_hd__a21o_1)
     2    0.01                           _103_ (net)
                  0.07    0.00    3.18 v _533_/A2 (sky130_fd_sc_hd__a21o_1)
                  0.06    0.23    3.41 v _533_/X (sky130_fd_sc_hd__a21o_1)
     3    0.01                           _106_ (net)
                  0.06    0.00    3.41 v _534_/C (sky130_fd_sc_hd__and3_1)
                  0.05    0.21    3.61 v _534_/X (sky130_fd_sc_hd__and3_1)
     2    0.01                           _107_ (net)
                  0.05    0.00    3.61 v rebuffer10/A (sky130_fd_sc_hd__clkbuf_1)
                  0.04    0.10    3.72 v rebuffer10/X (sky130_fd_sc_hd__clkbuf_1)
     1    0.00                           net43 (net)
                  0.04    0.00    3.72 v _536_/B1 (sky130_fd_sc_hd__a211oi_2)
                  0.31    0.32    4.04 ^ _536_/Y (sky130_fd_sc_hd__a211oi_2)
     4    0.01                           _109_ (net)
                  0.31    0.00    4.04 ^ _539_/A1 (sky130_fd_sc_hd__o21ai_1)
                  0.10    0.17    4.21 v _539_/Y (sky130_fd_sc_hd__o21ai_1)
     2    0.01                           _112_ (net)
                  0.10    0.00    4.21 v _541_/B (sky130_fd_sc_hd__and3_1)
                  0.08    0.24    4.45 v _541_/X (sky130_fd_sc_hd__and3_1)
     4    0.01                           _114_ (net)
                  0.08    0.00    4.45 v _611_/A (sky130_fd_sc_hd__or4_4)
                  0.09    0.58    5.03 v _611_/X (sky130_fd_sc_hd__or4_4)
     2    0.01                           _182_ (net)
                  0.09    0.00    5.03 v _646_/C (sky130_fd_sc_hd__or4_4)
                  0.10    0.55    5.58 v _646_/X (sky130_fd_sc_hd__or4_4)
     2    0.01                           _215_ (net)
                  0.10    0.00    5.58 v _673_/A2 (sky130_fd_sc_hd__a21oi_4)
                  0.18    0.23    5.81 ^ _673_/Y (sky130_fd_sc_hd__a21oi_4)
     4    0.02                           _243_ (net)
                  0.18    0.00    5.81 ^ _720_/A2 (sky130_fd_sc_hd__o31a_1)
                  0.11    0.21    6.02 ^ _720_/X (sky130_fd_sc_hd__o31a_1)
     1    0.01                           _292_ (net)
                  0.11    0.00    6.02 ^ _721_/B (sky130_fd_sc_hd__xnor2_2)
                  0.26    0.17    6.19 ^ _721_/Y (sky130_fd_sc_hd__xnor2_2)
     1    0.02                           net22 (net)
                  0.26    0.00    6.19 ^ output22/A (sky130_fd_sc_hd__buf_6)
                  0.08    0.19    6.38 ^ output22/X (sky130_fd_sc_hd__buf_6)
     1    0.03                           P[14] (net)
                  0.08    0.00    6.38 ^ P[14] (out)
                                  6.38   data arrival time

                  0.00   10.00   10.00   clock clk (rise edge)
                          0.00   10.00   clock network delay (ideal)
                         -0.25    9.75   clock uncertainty
                          0.00    9.75   clock reconvergence pessimism
                         -2.00    7.75   output external delay
                                  7.75   data required time
-----------------------------------------------------------------------------
                                  7.75   data required time
                                 -6.38   data arrival time
-----------------------------------------------------------------------------
                                  1.37   slack (MET)




===========================================================================
report_checks --slack_max -0.01
============================================================================
======================= Fastest Corner ===================================

No paths found.

======================= Slowest Corner ===================================

Startpoint: B[2] (input port clocked by clk)
Endpoint: P[14] (output port clocked by clk)
Path Group: clk
Path Type: max
Corner: Slowest

Fanout     Cap    Slew   Delay    Time   Description
-----------------------------------------------------------------------------
                  0.00    0.00    0.00   clock clk (rise edge)
                          0.00    0.00   clock network delay (ideal)
                          2.00    2.00 ^ input external delay
                  0.03    0.01    2.01 ^ B[2] (in)
     1    0.00                           B[2] (net)
                  0.03    0.00    2.01 ^ input11/A (sky130_fd_sc_hd__buf_2)
                  0.34    0.39    2.40 ^ input11/X (sky130_fd_sc_hd__buf_2)
     7    0.04                           net11 (net)
                  0.34    0.01    2.41 ^ _370_/A (sky130_fd_sc_hd__buf_2)
                  0.30    0.50    2.91 ^ _370_/X (sky130_fd_sc_hd__buf_2)
    10    0.04                           _306_ (net)
                  0.30    0.00    2.91 ^ _565_/A1 (sky130_fd_sc_hd__a22oi_2)
                  0.12    0.25    3.16 v _565_/Y (sky130_fd_sc_hd__a22oi_2)
     1    0.01                           _137_ (net)
                  0.12    0.00    3.16 v _567_/A1 (sky130_fd_sc_hd__o211ai_2)
                  0.34    0.42    3.58 ^ _567_/Y (sky130_fd_sc_hd__o211ai_2)
     3    0.01                           _139_ (net)
                  0.34    0.00    3.58 ^ rebuffer1/A (sky130_fd_sc_hd__clkbuf_1)
                  0.10    0.28    3.86 ^ rebuffer1/X (sky130_fd_sc_hd__clkbuf_1)
     1    0.00                           net34 (net)
                  0.10    0.00    3.86 ^ _569_/A2 (sky130_fd_sc_hd__a21oi_1)
                  0.17    0.21    4.07 v _569_/Y (sky130_fd_sc_hd__a21oi_1)
     2    0.01                           _141_ (net)
                  0.17    0.00    4.07 v _571_/B (sky130_fd_sc_hd__or3b_4)
                  0.14    0.83    4.89 v _571_/X (sky130_fd_sc_hd__or3b_4)
     3    0.01                           _143_ (net)
                  0.14    0.00    4.89 v _573_/B (sky130_fd_sc_hd__and3_1)
                  0.10    0.42    5.32 v _573_/X (sky130_fd_sc_hd__and3_1)
     2    0.01                           _145_ (net)
                  0.10    0.00    5.32 v _576_/A1 (sky130_fd_sc_hd__o211a_1)
                  0.11    0.49    5.80 v _576_/X (sky130_fd_sc_hd__o211a_1)
     3    0.01                           _148_ (net)
                  0.11    0.00    5.80 v _577_/C (sky130_fd_sc_hd__or3_4)
                  0.12    0.71    6.51 v _577_/X (sky130_fd_sc_hd__or3_4)
     2    0.01                           _149_ (net)
                  0.12    0.00    6.51 v _579_/B1 (sky130_fd_sc_hd__o211a_1)
                  0.13    0.32    6.84 v _579_/X (sky130_fd_sc_hd__o211a_1)
     3    0.01                           _151_ (net)
                  0.13    0.00    6.84 v _611_/C (sky130_fd_sc_hd__or4_4)
                  0.17    1.04    7.88 v _611_/X (sky130_fd_sc_hd__or4_4)
     2    0.01                           _182_ (net)
                  0.17    0.00    7.88 v _646_/C (sky130_fd_sc_hd__or4_4)
                  0.18    1.09    8.98 v _646_/X (sky130_fd_sc_hd__or4_4)
     2    0.01                           _215_ (net)
                  0.18    0.00    8.98 v _673_/A2 (sky130_fd_sc_hd__a21oi_4)
                  0.27    0.39    9.37 ^ _673_/Y (sky130_fd_sc_hd__a21oi_4)
     4    0.02                           _243_ (net)
                  0.27    0.00    9.37 ^ _720_/A2 (sky130_fd_sc_hd__o31a_1)
                  0.17    0.41    9.78 ^ _720_/X (sky130_fd_sc_hd__o31a_1)
     1    0.01                           _292_ (net)
                  0.17    0.00    9.78 ^ _721_/B (sky130_fd_sc_hd__xnor2_2)
                  0.41    0.32   10.10 ^ _721_/Y (sky130_fd_sc_hd__xnor2_2)
     1    0.02                           net22 (net)
                  0.41    0.00   10.11 ^ output22/A (sky130_fd_sc_hd__buf_6)
                  0.13    0.37   10.48 ^ output22/X (sky130_fd_sc_hd__buf_6)
     1    0.03                           P[14] (net)
                  0.13    0.00   10.48 ^ P[14] (out)
                                 10.48   data arrival time

                  0.00   10.00   10.00   clock clk (rise edge)
                          0.00   10.00   clock network delay (ideal)
                         -0.25    9.75   clock uncertainty
                          0.00    9.75   clock reconvergence pessimism
                         -2.00    7.75   output external delay
                                  7.75   data required time
-----------------------------------------------------------------------------
                                  7.75   data required time
                                -10.48   data arrival time
-----------------------------------------------------------------------------
                                 -2.73   slack (VIOLATED)



======================= Typical Corner ===================================

No paths found.


===========================================================================
 report_check_types -max_slew -max_cap -max_fanout -violators
============================================================================
======================= Fastest Corner ===================================


======================= Slowest Corner ===================================


======================= Typical Corner ===================================



===========================================================================
report_parasitic_annotation -report_unannotated
============================================================================
Found 0 unannotated drivers.
Found 0 partially unannotated drivers.

===========================================================================
max slew violation count 0
max fanout violation count 0
max cap violation count 0
============================================================================

===========================================================================
check_setup -verbose -unconstrained_endpoints -multiple_clock -no_clock -no_input_delay -loops -generated_clocks
===========================================================================
