
===========================================================================
report_checks -unconstrained
===========================================================================
======================= Typical Corner ===================================

Startpoint: A[6] (input port clocked by clk)
Endpoint: P[14] (output port clocked by clk)
Path Group: clk
Path Type: max

Fanout     Cap    Slew   Delay    Time   Description
-----------------------------------------------------------------------------
                  0.00    0.00    0.00   clock clk (rise edge)
                          0.00    0.00   clock network delay (ideal)
                          2.00    2.00 v input external delay
                  0.01    0.01    2.01 v A[6] (in)
     1    0.00                           A[6] (net)
                  0.01    0.00    2.01 v input7/A (sky130_fd_sc_hd__clkbuf_2)
                  0.13    0.18    2.18 v input7/X (sky130_fd_sc_hd__clkbuf_2)
     6    0.03                           net7 (net)
                  0.13    0.00    2.19 v _521_/A (sky130_fd_sc_hd__clkbuf_4)
                  0.08    0.23    2.42 v _521_/X (sky130_fd_sc_hd__clkbuf_4)
    10    0.04                           _094_ (net)
                  0.08    0.00    2.42 v _525_/A2 (sky130_fd_sc_hd__a22o_1)
                  0.06    0.28    2.70 v _525_/X (sky130_fd_sc_hd__a22o_1)
     2    0.01                           _098_ (net)
                  0.06    0.00    2.70 v _528_/A2 (sky130_fd_sc_hd__a21o_1)
                  0.08    0.24    2.94 v _528_/X (sky130_fd_sc_hd__a21o_1)
     3    0.01                           _101_ (net)
                  0.08    0.00    2.94 v _530_/A2 (sky130_fd_sc_hd__a21o_1)
                  0.07    0.24    3.18 v _530_/X (sky130_fd_sc_hd__a21o_1)
     2    0.01                           _103_ (net)
                  0.07    0.00    3.18 v _533_/A2 (sky130_fd_sc_hd__a21o_1)
                  0.06    0.23    3.41 v _533_/X (sky130_fd_sc_hd__a21o_1)
     3    0.01                           _106_ (net)
                  0.06    0.00    3.41 v _534_/C (sky130_fd_sc_hd__and3_1)
                  0.05    0.21    3.61 v _534_/X (sky130_fd_sc_hd__and3_1)
     2    0.01                           _107_ (net)
                  0.05    0.00    3.61 v rebuffer10/A (sky130_fd_sc_hd__clkbuf_1)
                  0.04    0.10    3.72 v rebuffer10/X (sky130_fd_sc_hd__clkbuf_1)
     1    0.00                           net43 (net)
                  0.04    0.00    3.72 v _536_/B1 (sky130_fd_sc_hd__a211oi_2)
                  0.31    0.32    4.04 ^ _536_/Y (sky130_fd_sc_hd__a211oi_2)
     4    0.01                           _109_ (net)
                  0.31    0.00    4.04 ^ _539_/A1 (sky130_fd_sc_hd__o21ai_1)
                  0.10    0.17    4.21 v _539_/Y (sky130_fd_sc_hd__o21ai_1)
     2    0.01                           _112_ (net)
                  0.10    0.00    4.21 v _541_/B (sky130_fd_sc_hd__and3_1)
                  0.08    0.24    4.45 v _541_/X (sky130_fd_sc_hd__and3_1)
     4    0.01                           _114_ (net)
                  0.08    0.00    4.45 v _611_/A (sky130_fd_sc_hd__or4_4)
                  0.09    0.58    5.03 v _611_/X (sky130_fd_sc_hd__or4_4)
     2    0.01                           _182_ (net)
                  0.09    0.00    5.03 v _646_/C (sky130_fd_sc_hd__or4_4)
                  0.10    0.55    5.58 v _646_/X (sky130_fd_sc_hd__or4_4)
     2    0.01                           _215_ (net)
                  0.10    0.00    5.58 v _673_/A2 (sky130_fd_sc_hd__a21oi_4)
                  0.18    0.23    5.81 ^ _673_/Y (sky130_fd_sc_hd__a21oi_4)
     4    0.02                           _243_ (net)
                  0.18    0.00    5.81 ^ _720_/A2 (sky130_fd_sc_hd__o31a_1)
                  0.11    0.21    6.02 ^ _720_/X (sky130_fd_sc_hd__o31a_1)
     1    0.01                           _292_ (net)
                  0.11    0.00    6.02 ^ _721_/B (sky130_fd_sc_hd__xnor2_2)
                  0.26    0.17    6.19 ^ _721_/Y (sky130_fd_sc_hd__xnor2_2)
     1    0.02                           net22 (net)
                  0.26    0.00    6.19 ^ output22/A (sky130_fd_sc_hd__buf_6)
                  0.08    0.19    6.38 ^ output22/X (sky130_fd_sc_hd__buf_6)
     1    0.03                           P[14] (net)
                  0.08    0.00    6.38 ^ P[14] (out)
                                  6.38   data arrival time

                  0.00   10.00   10.00   clock clk (rise edge)
                          0.00   10.00   clock network delay (ideal)
                         -0.25    9.75   clock uncertainty
                          0.00    9.75   clock reconvergence pessimism
                         -2.00    7.75   output external delay
                                  7.75   data required time
-----------------------------------------------------------------------------
                                  7.75   data required time
                                 -6.38   data arrival time
-----------------------------------------------------------------------------
                                  1.37   slack (MET)




===========================================================================
report_checks --slack_max -0.01
============================================================================
======================= Typical Corner ===================================

No paths found.


===========================================================================
 report_check_types -max_slew -max_cap -max_fanout -violators
============================================================================
======================= Typical Corner ===================================



===========================================================================
report_parasitic_annotation -report_unannotated
============================================================================
Found 0 unannotated drivers.
Found 0 partially unannotated drivers.

===========================================================================
max slew violation count 0
max fanout violation count 0
max cap violation count 0
============================================================================

===========================================================================
check_setup -verbose -unconstrained_endpoints -multiple_clock -no_clock -no_input_delay -loops -generated_clocks
===========================================================================
