
===========================================================================
report_checks -path_delay min (Hold)
============================================================================
======================= Typical Corner ===================================

Startpoint: A[0] (input port clocked by clk)
Endpoint: P[2] (output port clocked by clk)
Path Group: clk
Path Type: min

Fanout     Cap    Slew   Delay    Time   Description
-----------------------------------------------------------------------------
                  0.00    0.00    0.00   clock clk (rise edge)
                          0.00    0.00   clock network delay (ideal)
                          2.00    2.00 ^ input external delay
                  0.03    0.01    2.01 ^ A[0] (in)
     1    0.00                           A[0] (net)
                  0.03    0.00    2.01 ^ input1/A (sky130_fd_sc_hd__clkbuf_2)
                  0.16    0.17    2.18 ^ input1/X (sky130_fd_sc_hd__clkbuf_2)
     5    0.03                           net1 (net)
                  0.16    0.00    2.18 ^ _371_/C (sky130_fd_sc_hd__and4bb_1)
                  0.10    0.23    2.41 ^ _371_/X (sky130_fd_sc_hd__and4bb_1)
     3    0.01                           _307_ (net)
                  0.10    0.00    2.41 ^ _373_/A (sky130_fd_sc_hd__or2_1)
                  0.06    0.12    2.53 ^ _373_/X (sky130_fd_sc_hd__or2_1)
     1    0.01                           _309_ (net)
                  0.06    0.00    2.53 ^ _374_/B (sky130_fd_sc_hd__xnor2_1)
                  0.03    0.05    2.58 v _374_/Y (sky130_fd_sc_hd__xnor2_1)
     1    0.00                           net25 (net)
                  0.03    0.00    2.58 v output25/A (sky130_fd_sc_hd__buf_2)
                  0.09    0.16    2.75 v output25/X (sky130_fd_sc_hd__buf_2)
     1    0.03                           P[2] (net)
                  0.09    0.00    2.75 v P[2] (out)
                                  2.75   data arrival time

                  0.00    0.00    0.00   clock clk (rise edge)
                          0.00    0.00   clock network delay (ideal)
                          0.25    0.25   clock uncertainty
                          0.00    0.25   clock reconvergence pessimism
                         -2.00   -1.75   output external delay
                                 -1.75   data required time
-----------------------------------------------------------------------------
                                 -1.75   data required time
                                 -2.75   data arrival time
-----------------------------------------------------------------------------
                                  4.50   slack (MET)


Startpoint: B[0] (input port clocked by clk)
Endpoint: P[0] (output port clocked by clk)
Path Group: clk
Path Type: min

Fanout     Cap    Slew   Delay    Time   Description
-----------------------------------------------------------------------------
                  0.00    0.00    0.00   clock clk (rise edge)
                          0.00    0.00   clock network delay (ideal)
                          2.00    2.00 v input external delay
                  0.01    0.01    2.01 v B[0] (in)
     1    0.01                           B[0] (net)
                  0.01    0.00    2.01 v input9/A (sky130_fd_sc_hd__buf_6)
                  0.05    0.12    2.13 v input9/X (sky130_fd_sc_hd__buf_6)
    10    0.04                           net9 (net)
                  0.05    0.00    2.13 v _358_/A (sky130_fd_sc_hd__buf_2)
                  0.08    0.17    2.30 v _358_/X (sky130_fd_sc_hd__buf_2)
    10    0.03                           _234_ (net)
                  0.08    0.00    2.30 v _360_/A (sky130_fd_sc_hd__and2_1)
                  0.09    0.20    2.50 v _360_/X (sky130_fd_sc_hd__and2_1)
     1    0.02                           _255_ (net)
                  0.09    0.00    2.50 v _361_/A (sky130_fd_sc_hd__clkbuf_1)
                  0.02    0.10    2.60 v _361_/X (sky130_fd_sc_hd__clkbuf_1)
     1    0.00                           net17 (net)
                  0.02    0.00    2.60 v output17/A (sky130_fd_sc_hd__clkbuf_4)
                  0.08    0.16    2.76 v output17/X (sky130_fd_sc_hd__clkbuf_4)
     1    0.03                           P[0] (net)
                  0.08    0.00    2.76 v P[0] (out)
                                  2.76   data arrival time

                  0.00    0.00    0.00   clock clk (rise edge)
                          0.00    0.00   clock network delay (ideal)
                          0.25    0.25   clock uncertainty
                          0.00    0.25   clock reconvergence pessimism
                         -2.00   -1.75   output external delay
                                 -1.75   data required time
-----------------------------------------------------------------------------
                                 -1.75   data required time
                                 -2.76   data arrival time
-----------------------------------------------------------------------------
                                  4.51   slack (MET)


Startpoint: A[0] (input port clocked by clk)
Endpoint: P[3] (output port clocked by clk)
Path Group: clk
Path Type: min

Fanout     Cap    Slew   Delay    Time   Description
-----------------------------------------------------------------------------
                  0.00    0.00    0.00   clock clk (rise edge)
                          0.00    0.00   clock network delay (ideal)
                          2.00    2.00 ^ input external delay
                  0.03    0.01    2.01 ^ A[0] (in)
     1    0.00                           A[0] (net)
                  0.03    0.00    2.01 ^ input1/A (sky130_fd_sc_hd__clkbuf_2)
                  0.16    0.17    2.18 ^ input1/X (sky130_fd_sc_hd__clkbuf_2)
     5    0.03                           net1 (net)
                  0.16    0.00    2.18 ^ _371_/C (sky130_fd_sc_hd__and4bb_1)
                  0.10    0.23    2.41 ^ _371_/X (sky130_fd_sc_hd__and4bb_1)
     3    0.01                           _307_ (net)
                  0.10    0.00    2.41 ^ _375_/A (sky130_fd_sc_hd__nor3b_1)
                  0.04    0.07    2.48 v _375_/Y (sky130_fd_sc_hd__nor3b_1)
     2    0.01                           _310_ (net)
                  0.04    0.00    2.48 v _388_/A (sky130_fd_sc_hd__nor2_1)
                  0.08    0.09    2.57 ^ _388_/Y (sky130_fd_sc_hd__nor2_1)
     1    0.00                           _323_ (net)
                  0.08    0.00    2.57 ^ _389_/B (sky130_fd_sc_hd__nor2_1)
                  0.03    0.04    2.62 v _389_/Y (sky130_fd_sc_hd__nor2_1)
     1    0.00                           net26 (net)
                  0.03    0.00    2.62 v output26/A (sky130_fd_sc_hd__clkbuf_4)
                  0.08    0.17    2.78 v output26/X (sky130_fd_sc_hd__clkbuf_4)
     1    0.03                           P[3] (net)
                  0.08    0.00    2.78 v P[3] (out)
                                  2.78   data arrival time

                  0.00    0.00    0.00   clock clk (rise edge)
                          0.00    0.00   clock network delay (ideal)
                          0.25    0.25   clock uncertainty
                          0.00    0.25   clock reconvergence pessimism
                         -2.00   -1.75   output external delay
                                 -1.75   data required time
-----------------------------------------------------------------------------
                                 -1.75   data required time
                                 -2.78   data arrival time
-----------------------------------------------------------------------------
                                  4.53   slack (MET)


Startpoint: B[0] (input port clocked by clk)
Endpoint: P[1] (output port clocked by clk)
Path Group: clk
Path Type: min

Fanout     Cap    Slew   Delay    Time   Description
-----------------------------------------------------------------------------
                  0.00    0.00    0.00   clock clk (rise edge)
                          0.00    0.00   clock network delay (ideal)
                          2.00    2.00 v input external delay
                  0.01    0.01    2.01 v B[0] (in)
     1    0.01                           B[0] (net)
                  0.01    0.00    2.01 v input9/A (sky130_fd_sc_hd__buf_6)
                  0.05    0.12    2.13 v input9/X (sky130_fd_sc_hd__buf_6)
    10    0.04                           net9 (net)
                  0.05    0.00    2.13 v _358_/A (sky130_fd_sc_hd__buf_2)
                  0.08    0.17    2.30 v _358_/X (sky130_fd_sc_hd__buf_2)
    10    0.03                           _234_ (net)
                  0.08    0.00    2.30 v _364_/A1 (sky130_fd_sc_hd__a22oi_1)
                  0.13    0.17    2.47 ^ _364_/Y (sky130_fd_sc_hd__a22oi_1)
     1    0.00                           _296_ (net)
                  0.13    0.00    2.47 ^ _366_/A (sky130_fd_sc_hd__nor2_1)
                  0.10    0.12    2.59 v _366_/Y (sky130_fd_sc_hd__nor2_1)
     1    0.02                           net24 (net)
                  0.10    0.00    2.59 v output24/A (sky130_fd_sc_hd__clkbuf_4)
                  0.08    0.20    2.79 v output24/X (sky130_fd_sc_hd__clkbuf_4)
     1    0.03                           P[1] (net)
                  0.08    0.00    2.79 v P[1] (out)
                                  2.79   data arrival time

                  0.00    0.00    0.00   clock clk (rise edge)
                          0.00    0.00   clock network delay (ideal)
                          0.25    0.25   clock uncertainty
                          0.00    0.25   clock reconvergence pessimism
                         -2.00   -1.75   output external delay
                                 -1.75   data required time
-----------------------------------------------------------------------------
                                 -1.75   data required time
                                 -2.79   data arrival time
-----------------------------------------------------------------------------
                                  4.54   slack (MET)


Startpoint: A[0] (input port clocked by clk)
Endpoint: P[5] (output port clocked by clk)
Path Group: clk
Path Type: min

Fanout     Cap    Slew   Delay    Time   Description
-----------------------------------------------------------------------------
                  0.00    0.00    0.00   clock clk (rise edge)
                          0.00    0.00   clock network delay (ideal)
                          2.00    2.00 v input external delay
                  0.01    0.01    2.01 v A[0] (in)
     1    0.00                           A[0] (net)
                  0.01    0.00    2.01 v input1/A (sky130_fd_sc_hd__clkbuf_2)
                  0.11    0.15    2.15 v input1/X (sky130_fd_sc_hd__clkbuf_2)
     5    0.03                           net1 (net)
                  0.11    0.00    2.15 v _394_/A (sky130_fd_sc_hd__and4_2)
                  0.06    0.23    2.38 v _394_/X (sky130_fd_sc_hd__and4_2)
     3    0.02                           _328_ (net)
                  0.06    0.00    2.38 v _433_/A (sky130_fd_sc_hd__xnor2_2)
                  0.07    0.16    2.54 v _433_/Y (sky130_fd_sc_hd__xnor2_2)
     4    0.01                           _008_ (net)
                  0.07    0.00    2.54 v _731_/A (sky130_fd_sc_hd__xnor2_1)
                  0.03    0.12    2.67 v _731_/Y (sky130_fd_sc_hd__xnor2_1)
     1    0.00                           net28 (net)
                  0.03    0.00    2.67 v output28/A (sky130_fd_sc_hd__buf_2)
                  0.09    0.17    2.83 v output28/X (sky130_fd_sc_hd__buf_2)
     1    0.03                           P[5] (net)
                  0.09    0.00    2.83 v P[5] (out)
                                  2.83   data arrival time

                  0.00    0.00    0.00   clock clk (rise edge)
                          0.00    0.00   clock network delay (ideal)
                          0.25    0.25   clock uncertainty
                          0.00    0.25   clock reconvergence pessimism
                         -2.00   -1.75   output external delay
                                 -1.75   data required time
-----------------------------------------------------------------------------
                                 -1.75   data required time
                                 -2.83   data arrival time
-----------------------------------------------------------------------------
                                  4.58   slack (MET)


Startpoint: A[0] (input port clocked by clk)
Endpoint: P[6] (output port clocked by clk)
Path Group: clk
Path Type: min

Fanout     Cap    Slew   Delay    Time   Description
-----------------------------------------------------------------------------
                  0.00    0.00    0.00   clock clk (rise edge)
                          0.00    0.00   clock network delay (ideal)
                          2.00    2.00 v input external delay
                  0.01    0.01    2.01 v A[0] (in)
     1    0.00                           A[0] (net)
                  0.01    0.00    2.01 v input1/A (sky130_fd_sc_hd__clkbuf_2)
                  0.11    0.15    2.15 v input1/X (sky130_fd_sc_hd__clkbuf_2)
     5    0.03                           net1 (net)
                  0.11    0.00    2.15 v _394_/A (sky130_fd_sc_hd__and4_2)
                  0.06    0.23    2.38 v _394_/X (sky130_fd_sc_hd__and4_2)
     3    0.02                           _328_ (net)
                  0.06    0.00    2.38 v _433_/A (sky130_fd_sc_hd__xnor2_2)
                  0.09    0.23    2.61 ^ _433_/Y (sky130_fd_sc_hd__xnor2_2)
     4    0.01                           _008_ (net)
                  0.09    0.00    2.61 ^ _465_/B (sky130_fd_sc_hd__nor2_1)
                  0.07    0.08    2.69 v _465_/Y (sky130_fd_sc_hd__nor2_1)
     2    0.01                           _040_ (net)
                  0.07    0.00    2.69 v _466_/B (sky130_fd_sc_hd__xnor2_2)
                  0.10    0.18    2.87 v _466_/Y (sky130_fd_sc_hd__xnor2_2)
     1    0.02                           net29 (net)
                  0.10    0.00    2.87 v output29/A (sky130_fd_sc_hd__clkbuf_4)
                  0.08    0.20    3.07 v output29/X (sky130_fd_sc_hd__clkbuf_4)
     1    0.03                           P[6] (net)
                  0.08    0.00    3.07 v P[6] (out)
                                  3.07   data arrival time

                  0.00    0.00    0.00   clock clk (rise edge)
                          0.00    0.00   clock network delay (ideal)
                          0.25    0.25   clock uncertainty
                          0.00    0.25   clock reconvergence pessimism
                         -2.00   -1.75   output external delay
                                 -1.75   data required time
-----------------------------------------------------------------------------
                                 -1.75   data required time
                                 -3.07   data arrival time
-----------------------------------------------------------------------------
                                  4.82   slack (MET)


Startpoint: B[7] (input port clocked by clk)
Endpoint: P[15] (output port clocked by clk)
Path Group: clk
Path Type: min

Fanout     Cap    Slew   Delay    Time   Description
-----------------------------------------------------------------------------
                  0.00    0.00    0.00   clock clk (rise edge)
                          0.00    0.00   clock network delay (ideal)
                          2.00    2.00 ^ input external delay
                  0.04    0.03    2.03 ^ B[7] (in)
     1    0.01                           B[7] (net)
                  0.04    0.00    2.03 ^ input16/A (sky130_fd_sc_hd__buf_8)
                  0.08    0.12    2.14 ^ input16/X (sky130_fd_sc_hd__buf_8)
     8    0.04                           net16 (net)
                  0.08    0.00    2.15 ^ _468_/A (sky130_fd_sc_hd__inv_2)
                  0.09    0.09    2.24 v _468_/Y (sky130_fd_sc_hd__inv_2)
    10    0.04                           _042_ (net)
                  0.09    0.00    2.24 v _702_/A2 (sky130_fd_sc_hd__o21ai_1)
                  0.18    0.23    2.47 ^ _702_/Y (sky130_fd_sc_hd__o21ai_1)
     3    0.01                           _272_ (net)
                  0.18    0.00    2.47 ^ _727_/A2 (sky130_fd_sc_hd__a21o_1)
                  0.05    0.14    2.61 ^ _727_/X (sky130_fd_sc_hd__a21o_1)
     1    0.00                           _299_ (net)
                  0.05    0.00    2.61 ^ _728_/B2 (sky130_fd_sc_hd__a32o_1)
                  0.05    0.12    2.73 ^ _728_/X (sky130_fd_sc_hd__a32o_1)
     1    0.00                           _300_ (net)
                  0.05    0.00    2.73 ^ _729_/C1 (sky130_fd_sc_hd__o211a_1)
                  0.08    0.15    2.88 ^ _729_/X (sky130_fd_sc_hd__o211a_1)
     1    0.01                           net23 (net)
                  0.08    0.00    2.88 ^ output23/A (sky130_fd_sc_hd__clkbuf_4)
                  0.11    0.19    3.07 ^ output23/X (sky130_fd_sc_hd__clkbuf_4)
     1    0.03                           P[15] (net)
                  0.11    0.00    3.07 ^ P[15] (out)
                                  3.07   data arrival time

                  0.00    0.00    0.00   clock clk (rise edge)
                          0.00    0.00   clock network delay (ideal)
                          0.25    0.25   clock uncertainty
                          0.00    0.25   clock reconvergence pessimism
                         -2.00   -1.75   output external delay
                                 -1.75   data required time
-----------------------------------------------------------------------------
                                 -1.75   data required time
                                 -3.07   data arrival time
-----------------------------------------------------------------------------
                                  4.82   slack (MET)


Startpoint: A[0] (input port clocked by clk)
Endpoint: P[7] (output port clocked by clk)
Path Group: clk
Path Type: min

Fanout     Cap    Slew   Delay    Time   Description
-----------------------------------------------------------------------------
                  0.00    0.00    0.00   clock clk (rise edge)
                          0.00    0.00   clock network delay (ideal)
                          2.00    2.00 v input external delay
                  0.01    0.01    2.01 v A[0] (in)
     1    0.00                           A[0] (net)
                  0.01    0.00    2.01 v input1/A (sky130_fd_sc_hd__clkbuf_2)
                  0.11    0.15    2.15 v input1/X (sky130_fd_sc_hd__clkbuf_2)
     5    0.03                           net1 (net)
                  0.11    0.00    2.15 v _359_/A (sky130_fd_sc_hd__clkbuf_4)
                  0.10    0.21    2.37 v _359_/X (sky130_fd_sc_hd__clkbuf_4)
    10    0.04                           _245_ (net)
                  0.10    0.00    2.37 v _436_/B1 (sky130_fd_sc_hd__o211a_1)
                  0.07    0.18    2.55 v _436_/X (sky130_fd_sc_hd__o211a_1)
     4    0.01                           _011_ (net)
                  0.07    0.00    2.55 v _497_/A (sky130_fd_sc_hd__nand3_1)
                  0.10    0.11    2.65 ^ _497_/Y (sky130_fd_sc_hd__nand3_1)
     3    0.01                           _071_ (net)
                  0.10    0.00    2.65 ^ _500_/B (sky130_fd_sc_hd__nand3b_1)
                  0.07    0.09    2.75 v _500_/Y (sky130_fd_sc_hd__nand3b_1)
     2    0.01                           _074_ (net)
                  0.07    0.00    2.75 v _503_/A2 (sky130_fd_sc_hd__a21oi_1)
                  0.09    0.14    2.89 ^ _503_/Y (sky130_fd_sc_hd__a21oi_1)
     1    0.00                           _077_ (net)
                  0.09    0.00    2.89 ^ _504_/B (sky130_fd_sc_hd__nor2_1)
                  0.04    0.06    2.95 v _504_/Y (sky130_fd_sc_hd__nor2_1)
     1    0.01                           net30 (net)
                  0.04    0.00    2.96 v output30/A (sky130_fd_sc_hd__clkbuf_4)
                  0.08    0.17    3.13 v output30/X (sky130_fd_sc_hd__clkbuf_4)
     1    0.03                           P[7] (net)
                  0.08    0.00    3.13 v P[7] (out)
                                  3.13   data arrival time

                  0.00    0.00    0.00   clock clk (rise edge)
                          0.00    0.00   clock network delay (ideal)
                          0.25    0.25   clock uncertainty
                          0.00    0.25   clock reconvergence pessimism
                         -2.00   -1.75   output external delay
                                 -1.75   data required time
-----------------------------------------------------------------------------
                                 -1.75   data required time
                                 -3.13   data arrival time
-----------------------------------------------------------------------------
                                  4.88   slack (MET)


Startpoint: B[7] (input port clocked by clk)
Endpoint: P[13] (output port clocked by clk)
Path Group: clk
Path Type: min

Fanout     Cap    Slew   Delay    Time   Description
-----------------------------------------------------------------------------
                  0.00    0.00    0.00   clock clk (rise edge)
                          0.00    0.00   clock network delay (ideal)
                          2.00    2.00 ^ input external delay
                  0.04    0.03    2.03 ^ B[7] (in)
     1    0.01                           B[7] (net)
                  0.04    0.00    2.03 ^ input16/A (sky130_fd_sc_hd__buf_8)
                  0.08    0.12    2.14 ^ input16/X (sky130_fd_sc_hd__buf_8)
     8    0.04                           net16 (net)
                  0.08    0.00    2.15 ^ _620_/D (sky130_fd_sc_hd__and4b_1)
                  0.14    0.26    2.40 ^ _620_/X (sky130_fd_sc_hd__and4b_1)
     3    0.01                           _190_ (net)
                  0.14    0.00    2.41 ^ _693_/A1 (sky130_fd_sc_hd__a21bo_1)
                  0.08    0.15    2.56 ^ _693_/X (sky130_fd_sc_hd__a21bo_1)
     2    0.01                           _264_ (net)
                  0.08    0.00    2.56 ^ _694_/B (sky130_fd_sc_hd__xnor2_1)
                  0.10    0.11    2.67 v _694_/Y (sky130_fd_sc_hd__xnor2_1)
     2    0.01                           _265_ (net)
                  0.10    0.00    2.67 v _696_/B1 (sky130_fd_sc_hd__o21ai_1)
                  0.15    0.14    2.81 ^ _696_/Y (sky130_fd_sc_hd__o21ai_1)
     2    0.01                           _267_ (net)
                  0.15    0.00    2.81 ^ _697_/B (sky130_fd_sc_hd__nand2_1)
                  0.05    0.08    2.89 v _697_/Y (sky130_fd_sc_hd__nand2_1)
     1    0.01                           _268_ (net)
                  0.05    0.00    2.89 v _700_/A (sky130_fd_sc_hd__xnor2_1)
                  0.03    0.12    3.01 v _700_/Y (sky130_fd_sc_hd__xnor2_1)
     1    0.00                           net21 (net)
                  0.03    0.00    3.01 v output21/A (sky130_fd_sc_hd__clkbuf_4)
                  0.08    0.17    3.18 v output21/X (sky130_fd_sc_hd__clkbuf_4)
     1    0.03                           P[13] (net)
                  0.08    0.00    3.18 v P[13] (out)
                                  3.18   data arrival time

                  0.00    0.00    0.00   clock clk (rise edge)
                          0.00    0.00   clock network delay (ideal)
                          0.25    0.25   clock uncertainty
                          0.00    0.25   clock reconvergence pessimism
                         -2.00   -1.75   output external delay
                                 -1.75   data required time
-----------------------------------------------------------------------------
                                 -1.75   data required time
                                 -3.18   data arrival time
-----------------------------------------------------------------------------
                                  4.93   slack (MET)


Startpoint: A[0] (input port clocked by clk)
Endpoint: P[4] (output port clocked by clk)
Path Group: clk
Path Type: min

Fanout     Cap    Slew   Delay    Time   Description
-----------------------------------------------------------------------------
                  0.00    0.00    0.00   clock clk (rise edge)
                          0.00    0.00   clock network delay (ideal)
                          2.00    2.00 ^ input external delay
                  0.03    0.01    2.01 ^ A[0] (in)
     1    0.00                           A[0] (net)
                  0.03    0.00    2.01 ^ input1/A (sky130_fd_sc_hd__clkbuf_2)
                  0.16    0.17    2.18 ^ input1/X (sky130_fd_sc_hd__clkbuf_2)
     5    0.03                           net1 (net)
                  0.16    0.00    2.18 ^ _371_/C (sky130_fd_sc_hd__and4bb_1)
                  0.10    0.23    2.41 ^ _371_/X (sky130_fd_sc_hd__and4bb_1)
     3    0.01                           _307_ (net)
                  0.10    0.00    2.41 ^ _375_/A (sky130_fd_sc_hd__nor3b_1)
                  0.04    0.07    2.48 v _375_/Y (sky130_fd_sc_hd__nor3b_1)
     2    0.01                           _310_ (net)
                  0.04    0.00    2.48 v _387_/A (sky130_fd_sc_hd__and2_1)
                  0.08    0.17    2.65 v _387_/X (sky130_fd_sc_hd__and2_1)
     3    0.01                           _322_ (net)
                  0.08    0.00    2.65 v _408_/A (sky130_fd_sc_hd__nand3_1)
                  0.12    0.12    2.77 ^ _408_/Y (sky130_fd_sc_hd__nand3_1)
     3    0.01                           _342_ (net)
                  0.12    0.00    2.77 ^ _410_/A (sky130_fd_sc_hd__and2_1)
                  0.07    0.15    2.92 ^ _410_/X (sky130_fd_sc_hd__and2_1)
     1    0.01                           _344_ (net)
                  0.07    0.00    2.92 ^ _411_/A (sky130_fd_sc_hd__clkbuf_1)
                  0.04    0.08    3.00 ^ _411_/X (sky130_fd_sc_hd__clkbuf_1)
     1    0.00                           net27 (net)
                  0.04    0.00    3.00 ^ output27/A (sky130_fd_sc_hd__clkbuf_4)
                  0.11    0.18    3.18 ^ output27/X (sky130_fd_sc_hd__clkbuf_4)
     1    0.03                           P[4] (net)
                  0.11    0.00    3.18 ^ P[4] (out)
                                  3.18   data arrival time

                  0.00    0.00    0.00   clock clk (rise edge)
                          0.00    0.00   clock network delay (ideal)
                          0.25    0.25   clock uncertainty
                          0.00    0.25   clock reconvergence pessimism
                         -2.00   -1.75   output external delay
                                 -1.75   data required time
-----------------------------------------------------------------------------
                                 -1.75   data required time
                                 -3.18   data arrival time
-----------------------------------------------------------------------------
                                  4.93   slack (MET)


Startpoint: A[0] (input port clocked by clk)
Endpoint: P[8] (output port clocked by clk)
Path Group: clk
Path Type: min

Fanout     Cap    Slew   Delay    Time   Description
-----------------------------------------------------------------------------
                  0.00    0.00    0.00   clock clk (rise edge)
                          0.00    0.00   clock network delay (ideal)
                          2.00    2.00 v input external delay
                  0.01    0.01    2.01 v A[0] (in)
     1    0.00                           A[0] (net)
                  0.01    0.00    2.01 v input1/A (sky130_fd_sc_hd__clkbuf_2)
                  0.11    0.15    2.15 v input1/X (sky130_fd_sc_hd__clkbuf_2)
     5    0.03                           net1 (net)
                  0.11    0.00    2.15 v _359_/A (sky130_fd_sc_hd__clkbuf_4)
                  0.10    0.21    2.37 v _359_/X (sky130_fd_sc_hd__clkbuf_4)
    10    0.04                           _245_ (net)
                  0.10    0.00    2.37 v _436_/B1 (sky130_fd_sc_hd__o211a_1)
                  0.07    0.18    2.55 v _436_/X (sky130_fd_sc_hd__o211a_1)
     4    0.01                           _011_ (net)
                  0.07    0.00    2.55 v _497_/A (sky130_fd_sc_hd__nand3_1)
                  0.10    0.11    2.65 ^ _497_/Y (sky130_fd_sc_hd__nand3_1)
     3    0.01                           _071_ (net)
                  0.10    0.00    2.65 ^ _544_/B (sky130_fd_sc_hd__and3b_1)
                  0.07    0.17    2.82 ^ _544_/X (sky130_fd_sc_hd__and3b_1)
     1    0.00                           _117_ (net)
                  0.07    0.00    2.82 ^ _545_/B1 (sky130_fd_sc_hd__a21oi_2)
                  0.06    0.07    2.89 v _545_/Y (sky130_fd_sc_hd__a21oi_2)
     4    0.02                           _118_ (net)
                  0.06    0.00    2.89 v _546_/B (sky130_fd_sc_hd__xnor2_1)
                  0.05    0.13    3.02 v _546_/Y (sky130_fd_sc_hd__xnor2_1)
     1    0.01                           net31 (net)
                  0.05    0.00    3.02 v output31/A (sky130_fd_sc_hd__clkbuf_4)
                  0.08    0.18    3.19 v output31/X (sky130_fd_sc_hd__clkbuf_4)
     1    0.03                           P[8] (net)
                  0.08    0.00    3.19 v P[8] (out)
                                  3.19   data arrival time

                  0.00    0.00    0.00   clock clk (rise edge)
                          0.00    0.00   clock network delay (ideal)
                          0.25    0.25   clock uncertainty
                          0.00    0.25   clock reconvergence pessimism
                         -2.00   -1.75   output external delay
                                 -1.75   data required time
-----------------------------------------------------------------------------
                                 -1.75   data required time
                                 -3.19   data arrival time
-----------------------------------------------------------------------------
                                  4.94   slack (MET)


Startpoint: B[7] (input port clocked by clk)
Endpoint: P[14] (output port clocked by clk)
Path Group: clk
Path Type: min

Fanout     Cap    Slew   Delay    Time   Description
-----------------------------------------------------------------------------
                  0.00    0.00    0.00   clock clk (rise edge)
                          0.00    0.00   clock network delay (ideal)
                          2.00    2.00 v input external delay
                  0.02    0.01    2.01 v B[7] (in)
     1    0.01                           B[7] (net)
                  0.02    0.00    2.01 v input16/A (sky130_fd_sc_hd__buf_8)
                  0.05    0.12    2.13 v input16/X (sky130_fd_sc_hd__buf_8)
     8    0.04                           net16 (net)
                  0.05    0.00    2.14 v _468_/A (sky130_fd_sc_hd__inv_2)
                  0.18    0.15    2.28 ^ _468_/Y (sky130_fd_sc_hd__inv_2)
    10    0.04                           _042_ (net)
                  0.18    0.00    2.29 ^ _681_/A2 (sky130_fd_sc_hd__o21ai_1)
                  0.04    0.08    2.36 v _681_/Y (sky130_fd_sc_hd__o21ai_1)
     1    0.00                           _251_ (net)
                  0.04    0.00    2.36 v _682_/B (sky130_fd_sc_hd__nand2_1)
                  0.09    0.10    2.46 ^ _682_/Y (sky130_fd_sc_hd__nand2_1)
     2    0.01                           _252_ (net)
                  0.09    0.00    2.46 ^ _712_/A2 (sky130_fd_sc_hd__o21a_1)
                  0.08    0.14    2.59 ^ _712_/X (sky130_fd_sc_hd__o21a_1)
     2    0.01                           _283_ (net)
                  0.08    0.00    2.59 ^ _714_/B (sky130_fd_sc_hd__nand2_1)
                  0.04    0.07    2.66 v _714_/Y (sky130_fd_sc_hd__nand2_1)
     1    0.00                           _285_ (net)
                  0.04    0.00    2.66 v _715_/B (sky130_fd_sc_hd__nand2_2)
                  0.12    0.11    2.77 ^ _715_/Y (sky130_fd_sc_hd__nand2_2)
     2    0.02                           _287_ (net)
                  0.12    0.00    2.78 ^ _718_/A (sky130_fd_sc_hd__xnor2_4)
                  0.09    0.16    2.94 ^ _718_/Y (sky130_fd_sc_hd__xnor2_4)
     2    0.03                           _290_ (net)
                  0.09    0.00    2.94 ^ _721_/A (sky130_fd_sc_hd__xnor2_2)
                  0.09    0.11    3.05 v _721_/Y (sky130_fd_sc_hd__xnor2_2)
     1    0.02                           net22 (net)
                  0.09    0.00    3.05 v output22/A (sky130_fd_sc_hd__buf_6)
                  0.04    0.15    3.20 v output22/X (sky130_fd_sc_hd__buf_6)
     1    0.03                           P[14] (net)
                  0.04    0.00    3.20 v P[14] (out)
                                  3.20   data arrival time

                  0.00    0.00    0.00   clock clk (rise edge)
                          0.00    0.00   clock network delay (ideal)
                          0.25    0.25   clock uncertainty
                          0.00    0.25   clock reconvergence pessimism
                         -2.00   -1.75   output external delay
                                 -1.75   data required time
-----------------------------------------------------------------------------
                                 -1.75   data required time
                                 -3.20   data arrival time
-----------------------------------------------------------------------------
                                  4.95   slack (MET)


Startpoint: B[7] (input port clocked by clk)
Endpoint: P[12] (output port clocked by clk)
Path Group: clk
Path Type: min

Fanout     Cap    Slew   Delay    Time   Description
-----------------------------------------------------------------------------
                  0.00    0.00    0.00   clock clk (rise edge)
                          0.00    0.00   clock network delay (ideal)
                          2.00    2.00 ^ input external delay
                  0.04    0.03    2.03 ^ B[7] (in)
     1    0.01                           B[7] (net)
                  0.04    0.00    2.03 ^ input16/A (sky130_fd_sc_hd__buf_8)
                  0.08    0.12    2.14 ^ input16/X (sky130_fd_sc_hd__buf_8)
     8    0.04                           net16 (net)
                  0.08    0.00    2.15 ^ _552_/D (sky130_fd_sc_hd__and4b_1)
                  0.14    0.25    2.40 ^ _552_/X (sky130_fd_sc_hd__and4b_1)
     3    0.01                           _124_ (net)
                  0.14    0.00    2.40 ^ _618_/A1 (sky130_fd_sc_hd__a21o_1)
                  0.09    0.16    2.56 ^ _618_/X (sky130_fd_sc_hd__a21o_1)
     2    0.01                           _188_ (net)
                  0.09    0.00    2.56 ^ _671_/A1 (sky130_fd_sc_hd__a21o_1)
                  0.08    0.14    2.70 ^ _671_/X (sky130_fd_sc_hd__a21o_1)
     2    0.01                           _241_ (net)
                  0.08    0.00    2.70 ^ _672_/B (sky130_fd_sc_hd__xor2_1)
                  0.08    0.11    2.81 v _672_/X (sky130_fd_sc_hd__xor2_1)
     2    0.01                           _242_ (net)
                  0.08    0.00    2.81 v _673_/B1 (sky130_fd_sc_hd__a21oi_4)
                  0.16    0.17    2.99 ^ _673_/Y (sky130_fd_sc_hd__a21oi_4)
     4    0.02                           _243_ (net)
                  0.16    0.00    2.99 ^ _675_/A (sky130_fd_sc_hd__nor2_1)
                  0.02    0.07    3.05 v _675_/Y (sky130_fd_sc_hd__nor2_1)
     1    0.00                           net20 (net)
                  0.02    0.00    3.05 v output20/A (sky130_fd_sc_hd__clkbuf_4)
                  0.08    0.16    3.22 v output20/X (sky130_fd_sc_hd__clkbuf_4)
     1    0.03                           P[12] (net)
                  0.08    0.00    3.22 v P[12] (out)
                                  3.22   data arrival time

                  0.00    0.00    0.00   clock clk (rise edge)
                          0.00    0.00   clock network delay (ideal)
                          0.25    0.25   clock uncertainty
                          0.00    0.25   clock reconvergence pessimism
                         -2.00   -1.75   output external delay
                                 -1.75   data required time
-----------------------------------------------------------------------------
                                 -1.75   data required time
                                 -3.22   data arrival time
-----------------------------------------------------------------------------
                                  4.97   slack (MET)


Startpoint: B[7] (input port clocked by clk)
Endpoint: P[11] (output port clocked by clk)
Path Group: clk
Path Type: min

Fanout     Cap    Slew   Delay    Time   Description
-----------------------------------------------------------------------------
                  0.00    0.00    0.00   clock clk (rise edge)
                          0.00    0.00   clock network delay (ideal)
                          2.00    2.00 ^ input external delay
                  0.04    0.03    2.03 ^ B[7] (in)
     1    0.01                           B[7] (net)
                  0.04    0.00    2.03 ^ input16/A (sky130_fd_sc_hd__buf_8)
                  0.08    0.12    2.14 ^ input16/X (sky130_fd_sc_hd__buf_8)
     8    0.04                           net16 (net)
                  0.08    0.00    2.15 ^ _509_/D (sky130_fd_sc_hd__and4b_1)
                  0.05    0.18    2.33 ^ _509_/X (sky130_fd_sc_hd__and4b_1)
     1    0.00                           _082_ (net)
                  0.05    0.00    2.33 ^ _510_/A (sky130_fd_sc_hd__buf_1)
                  0.18    0.17    2.50 ^ _510_/X (sky130_fd_sc_hd__buf_1)
     4    0.01                           _083_ (net)
                  0.18    0.00    2.50 ^ _586_/A1 (sky130_fd_sc_hd__a21oi_1)
                  0.05    0.12    2.62 v _586_/Y (sky130_fd_sc_hd__a21oi_1)
     2    0.01                           _157_ (net)
                  0.05    0.00    2.62 v _607_/A (sky130_fd_sc_hd__xnor2_1)
                  0.06    0.16    2.78 ^ _607_/Y (sky130_fd_sc_hd__xnor2_1)
     2    0.00                           _178_ (net)
                  0.06    0.00    2.78 ^ _609_/A (sky130_fd_sc_hd__or2b_1)
                  0.06    0.11    2.89 ^ _609_/X (sky130_fd_sc_hd__or2b_1)
     2    0.01                           _180_ (net)
                  0.06    0.00    2.89 ^ _642_/A1 (sky130_fd_sc_hd__a21bo_1)
                  0.09    0.14    3.02 ^ _642_/X (sky130_fd_sc_hd__a21bo_1)
     1    0.01                           _212_ (net)
                  0.09    0.00    3.02 ^ _643_/B (sky130_fd_sc_hd__xnor2_2)
                  0.09    0.10    3.13 v _643_/Y (sky130_fd_sc_hd__xnor2_2)
     1    0.02                           net19 (net)
                  0.09    0.00    3.13 v output19/A (sky130_fd_sc_hd__clkbuf_4)
                  0.08    0.19    3.33 v output19/X (sky130_fd_sc_hd__clkbuf_4)
     1    0.04                           P[11] (net)
                  0.08    0.00    3.33 v P[11] (out)
                                  3.33   data arrival time

                  0.00    0.00    0.00   clock clk (rise edge)
                          0.00    0.00   clock network delay (ideal)
                          0.25    0.25   clock uncertainty
                          0.00    0.25   clock reconvergence pessimism
                         -2.00   -1.75   output external delay
                                 -1.75   data required time
-----------------------------------------------------------------------------
                                 -1.75   data required time
                                 -3.33   data arrival time
-----------------------------------------------------------------------------
                                  5.08   slack (MET)


Startpoint: B[7] (input port clocked by clk)
Endpoint: P[10] (output port clocked by clk)
Path Group: clk
Path Type: min

Fanout     Cap    Slew   Delay    Time   Description
-----------------------------------------------------------------------------
                  0.00    0.00    0.00   clock clk (rise edge)
                          0.00    0.00   clock network delay (ideal)
                          2.00    2.00 ^ input external delay
                  0.04    0.03    2.03 ^ B[7] (in)
     1    0.01                           B[7] (net)
                  0.04    0.00    2.03 ^ input16/A (sky130_fd_sc_hd__buf_8)
                  0.08    0.12    2.14 ^ input16/X (sky130_fd_sc_hd__buf_8)
     8    0.04                           net16 (net)
                  0.08    0.00    2.15 ^ _509_/D (sky130_fd_sc_hd__and4b_1)
                  0.05    0.18    2.33 ^ _509_/X (sky130_fd_sc_hd__and4b_1)
     1    0.00                           _082_ (net)
                  0.05    0.00    2.33 ^ _510_/A (sky130_fd_sc_hd__buf_1)
                  0.18    0.17    2.50 ^ _510_/X (sky130_fd_sc_hd__buf_1)
     4    0.01                           _083_ (net)
                  0.18    0.00    2.50 ^ _586_/A1 (sky130_fd_sc_hd__a21oi_1)
                  0.05    0.12    2.62 v _586_/Y (sky130_fd_sc_hd__a21oi_1)
     2    0.01                           _157_ (net)
                  0.05    0.00    2.62 v _607_/A (sky130_fd_sc_hd__xnor2_1)
                  0.06    0.16    2.78 ^ _607_/Y (sky130_fd_sc_hd__xnor2_1)
     2    0.00                           _178_ (net)
                  0.06    0.00    2.78 ^ _609_/A (sky130_fd_sc_hd__or2b_1)
                  0.06    0.11    2.89 ^ _609_/X (sky130_fd_sc_hd__or2b_1)
     2    0.01                           _180_ (net)
                  0.06    0.00    2.89 ^ _610_/B (sky130_fd_sc_hd__nand2_1)
                  0.10    0.10    2.99 v _610_/Y (sky130_fd_sc_hd__nand2_1)
     3    0.01                           _181_ (net)
                  0.10    0.00    2.99 v _614_/A (sky130_fd_sc_hd__xnor2_1)
                  0.09    0.18    3.16 v _614_/Y (sky130_fd_sc_hd__xnor2_1)
     1    0.01                           net18 (net)
                  0.09    0.00    3.16 v output18/A (sky130_fd_sc_hd__clkbuf_4)
                  0.08    0.19    3.35 v output18/X (sky130_fd_sc_hd__clkbuf_4)
     1    0.03                           P[10] (net)
                  0.08    0.00    3.36 v P[10] (out)
                                  3.36   data arrival time

                  0.00    0.00    0.00   clock clk (rise edge)
                          0.00    0.00   clock network delay (ideal)
                          0.25    0.25   clock uncertainty
                          0.00    0.25   clock reconvergence pessimism
                         -2.00   -1.75   output external delay
                                 -1.75   data required time
-----------------------------------------------------------------------------
                                 -1.75   data required time
                                 -3.36   data arrival time
-----------------------------------------------------------------------------
                                  5.11   slack (MET)


Startpoint: A[0] (input port clocked by clk)
Endpoint: P[9] (output port clocked by clk)
Path Group: clk
Path Type: min

Fanout     Cap    Slew   Delay    Time   Description
-----------------------------------------------------------------------------
                  0.00    0.00    0.00   clock clk (rise edge)
                          0.00    0.00   clock network delay (ideal)
                          2.00    2.00 ^ input external delay
                  0.03    0.01    2.01 ^ A[0] (in)
     1    0.00                           A[0] (net)
                  0.03    0.00    2.01 ^ input1/A (sky130_fd_sc_hd__clkbuf_2)
                  0.16    0.17    2.18 ^ input1/X (sky130_fd_sc_hd__clkbuf_2)
     5    0.03                           net1 (net)
                  0.16    0.00    2.18 ^ _359_/A (sky130_fd_sc_hd__clkbuf_4)
                  0.14    0.23    2.42 ^ _359_/X (sky130_fd_sc_hd__clkbuf_4)
    10    0.04                           _245_ (net)
                  0.14    0.00    2.42 ^ _436_/B1 (sky130_fd_sc_hd__o211a_1)
                  0.12    0.22    2.64 ^ _436_/X (sky130_fd_sc_hd__o211a_1)
     4    0.01                           _011_ (net)
                  0.12    0.00    2.64 ^ _540_/A1 (sky130_fd_sc_hd__a21bo_1)
                  0.10    0.16    2.80 ^ _540_/X (sky130_fd_sc_hd__a21bo_1)
     2    0.01                           _113_ (net)
                  0.10    0.00    2.80 ^ _542_/B1 (sky130_fd_sc_hd__a21oi_2)
                  0.05    0.06    2.86 v _542_/Y (sky130_fd_sc_hd__a21oi_2)
     3    0.01                           _115_ (net)
                  0.05    0.00    2.86 v _582_/A1 (sky130_fd_sc_hd__o21bai_1)
                  0.08    0.16    3.02 ^ _582_/Y (sky130_fd_sc_hd__o21bai_1)
     1    0.01                           _154_ (net)
                  0.08    0.00    3.02 ^ _583_/B (sky130_fd_sc_hd__xnor2_1)
                  0.14    0.14    3.16 v _583_/Y (sky130_fd_sc_hd__xnor2_1)
     1    0.02                           net32 (net)
                  0.14    0.00    3.16 v output32/A (sky130_fd_sc_hd__clkbuf_4)
                  0.08    0.21    3.38 v output32/X (sky130_fd_sc_hd__clkbuf_4)
     1    0.03                           P[9] (net)
                  0.08    0.00    3.38 v P[9] (out)
                                  3.38   data arrival time

                  0.00    0.00    0.00   clock clk (rise edge)
                          0.00    0.00   clock network delay (ideal)
                          0.25    0.25   clock uncertainty
                          0.00    0.25   clock reconvergence pessimism
                         -2.00   -1.75   output external delay
                                 -1.75   data required time
-----------------------------------------------------------------------------
                                 -1.75   data required time
                                 -3.38   data arrival time
-----------------------------------------------------------------------------
                                  5.13   slack (MET)



