Instance name,  X location,  Y location,  Voltage 
input1, 110.94, 119.68, 6.71138e-05
output26, 110.94, 119.68, 6.71138e-05
FILLER_0_37_225, 110.94, 114.24, 6.32648e-05
FILLER_0_38_225, 110.94, 114.24, 6.32648e-05
FILLER_0_35_225, 110.94, 108.8, 6.20539e-05
FILLER_0_33_225, 110.94, 103.36, 6.18874e-05
FILLER_0_34_229, 110.94, 103.36, 6.18874e-05
_374_, 110.94, 97.92, 6.4665e-05
output25, 110.94, 97.92, 6.4665e-05
FILLER_0_29_225, 110.94, 92.48, 6.04937e-05
FILLER_0_30_224, 110.94, 92.48, 6.04937e-05
FILLER_0_30_232, 110.94, 92.48, 6.04937e-05
FILLER_0_31_232, 110.94, 92.48, 6.04937e-05
FILLER_0_27_225, 110.94, 87.04, 6.02456e-05
input10, 110.94, 81.6, 6.04375e-05
FILLER_0_25_225, 110.94, 81.6, 6.04375e-05
FILLER_0_23_225, 110.94, 76.16, 5.91686e-05
FILLER_0_24_231, 110.94, 76.16, 5.91686e-05
FILLER_0_21_225, 110.94, 70.72, 5.90413e-05
FILLER_0_22_230, 110.94, 70.72, 5.90413e-05
input8, 110.94, 65.28, 5.9558e-05
FILLER_0_19_225, 110.94, 65.28, 5.9558e-05
FILLER_0_17_225, 110.94, 59.84, 6.02141e-05
FILLER_0_15_225, 110.94, 54.4, 6.09426e-05
FILLER_0_16_227, 110.94, 54.4, 6.09426e-05
output32, 110.94, 48.96, 7.92054e-05
FILLER_0_13_225, 110.94, 48.96, 7.92054e-05
_684_, 110.94, 43.52, 6.58482e-05
_711_, 110.94, 43.52, 6.58482e-05
_712_, 110.94, 43.52, 6.58482e-05
FILLER_0_12_231, 110.94, 43.52, 6.58482e-05
output23, 110.94, 38.08, 7.57931e-05
FILLER_0_9_225, 110.94, 38.08, 7.57931e-05
FILLER_0_11_232, 110.94, 38.08, 7.57931e-05
_686_, 110.94, 32.64, 6.76367e-05
FILLER_0_8_226, 110.94, 32.64, 6.76367e-05
_685_, 110.94, 27.2, 7.14312e-05
_687_, 110.94, 27.2, 7.14312e-05
FILLER_0_5_225, 110.94, 27.2, 7.14312e-05
FILLER_0_6_228, 110.94, 27.2, 7.14312e-05
FILLER_0_3_225, 110.94, 21.76, 6.97284e-05
input16, 110.94, 16.32, 7.53343e-05
FILLER_0_1_225, 110.94, 16.32, 7.53343e-05
output19, 110.94, 10.88, 8.93164e-05
FILLER_0_0_225, 110.94, 10.88, 8.93164e-05
FILLER_0_39_209, 104.34, 119.68, 6.46404e-05
_388_, 104.34, 114.24, 6.39386e-05
_389_, 104.34, 114.24, 6.39386e-05
input14, 104.34, 114.24, 6.39386e-05
FILLER_0_37_213, 104.34, 114.24, 6.39386e-05
FILLER_0_39_217, 104.34, 114.24, 6.39386e-05
FILLER_0_37_221, 104.34, 108.8, 6.21665e-05
FILLER_0_35_217, 104.34, 103.36, 6.21481e-05
_373_, 104.34, 97.92, 6.33129e-05
FILLER_0_33_221, 104.34, 97.92, 6.33129e-05
FILLER_0_31_217, 104.34, 92.48, 6.05174e-05
FILLER_0_29_221, 104.34, 87.04, 6.04735e-05
FILLER_0_26_221, 104.34, 81.6, 5.9691e-05
FILLER_0_25_219, 104.34, 76.16, 5.92757e-05
FILLER_0_21_214, 104.34, 70.72, 5.91975e-05
FILLER_0_23_218, 104.34, 70.72, 5.91975e-05
FILLER_0_20_221, 104.34, 65.28, 5.85146e-05
_562_, 104.34, 59.84, 6.04699e-05
FILLER_0_14_221, 104.34, 48.96, 6.951e-05
FILLER_0_15_217, 104.34, 48.96, 6.951e-05
_683_, 104.34, 43.52, 6.55284e-05
_704_, 104.34, 43.52, 6.55284e-05
_705_, 104.34, 43.52, 6.55284e-05
FILLER_0_13_219, 104.34, 43.52, 6.55284e-05
FILLER_0_9_213, 104.34, 38.08, 6.96027e-05
FILLER_0_11_221, 104.34, 38.08, 6.96027e-05
_707_, 104.34, 32.64, 6.76636e-05
FILLER_0_9_221, 104.34, 32.64, 6.76636e-05
_677_, 104.34, 27.2, 7.06578e-05
_708_, 104.34, 27.2, 7.06578e-05
_709_, 104.34, 27.2, 7.06578e-05
FILLER_0_7_221, 104.34, 27.2, 7.06578e-05
_710_, 104.34, 21.76, 6.98781e-05
_713_, 104.34, 21.76, 6.98781e-05
_714_, 104.34, 21.76, 6.98781e-05
FILLER_0_4_209, 104.34, 21.76, 6.98781e-05
FILLER_0_5_221, 104.34, 21.76, 6.98781e-05
FILLER_0_2_219, 104.34, 16.32, 7.61122e-05
input7, 104.34, 10.88, 7.93256e-05
FILLER_0_0_209, 104.34, 10.88, 7.93256e-05
FILLER_0_0_217, 104.34, 10.88, 7.93256e-05
FILLER_0_1_218, 104.34, 10.88, 7.93256e-05
FILLER_0_37_200, 97.74, 114.24, 6.366e-05
_387_, 97.74, 108.8, 6.25022e-05
_359_, 97.74, 103.36, 6.28805e-05
_384_, 97.74, 97.92, 6.28076e-05
FILLER_0_31_196, 97.74, 97.92, 6.28076e-05
FILLER_0_32_197, 97.74, 97.92, 6.28076e-05
_371_, 97.74, 92.48, 6.06516e-05
_375_, 97.74, 92.48, 6.06516e-05
FILLER_0_30_197, 97.74, 92.48, 6.06516e-05
_368_, 97.74, 87.04, 6.11687e-05
_369_, 97.74, 87.04, 6.11687e-05
_372_, 97.74, 87.04, 6.11687e-05
_380_, 97.74, 87.04, 6.11687e-05
_364_, 97.74, 76.16, 5.97275e-05
_365_, 97.74, 76.16, 5.97275e-05
FILLER_0_24_197, 97.74, 76.16, 5.97275e-05
_363_, 97.74, 70.72, 5.98407e-05
_366_, 97.74, 70.72, 5.98407e-05
FILLER_0_22_197, 97.74, 70.72, 5.98407e-05
_563_, 97.74, 59.84, 6.0249e-05
_598_, 97.74, 59.84, 6.0249e-05
_601_, 97.74, 59.84, 6.0249e-05
_521_, 97.74, 54.4, 6.0801e-05
_564_, 97.74, 54.4, 6.0801e-05
_681_, 97.74, 48.96, 6.47535e-05
_682_, 97.74, 43.52, 6.52218e-05
_703_, 97.74, 43.52, 6.52218e-05
_706_, 97.74, 43.52, 6.52218e-05
FILLER_0_12_197, 97.74, 43.52, 6.52218e-05
FILLER_0_13_201, 97.74, 43.52, 6.52218e-05
_727_, 97.74, 38.08, 6.66628e-05
_724_, 97.74, 32.64, 6.71189e-05
_725_, 97.74, 32.64, 6.71189e-05
_726_, 97.74, 27.2, 6.9433e-05
_728_, 97.74, 27.2, 6.9433e-05
FILLER_0_7_203, 97.74, 27.2, 6.9433e-05
_715_, 97.74, 16.32, 8.14067e-05
_718_, 97.74, 16.32, 8.14067e-05
FILLER_0_3_201, 97.74, 16.32, 8.14067e-05
input13, 91.14, 119.68, 6.36817e-05
FILLER_0_39_181, 91.14, 119.68, 6.36817e-05
_385_, 91.14, 114.24, 6.43843e-05
_391_, 91.14, 114.24, 6.43843e-05
FILLER_0_39_189, 91.14, 114.24, 6.43843e-05
_386_, 91.14, 108.8, 6.31575e-05
_390_, 91.14, 108.8, 6.31575e-05
FILLER_0_36_180, 91.14, 108.8, 6.31575e-05
FILLER_0_36_189, 91.14, 108.8, 6.31575e-05
_383_, 91.14, 103.36, 6.29231e-05
FILLER_0_33_181, 91.14, 103.36, 6.29231e-05
FILLER_0_34_182, 91.14, 103.36, 6.29231e-05
FILLER_0_34_189, 91.14, 103.36, 6.29231e-05
_381_, 91.14, 97.92, 6.30483e-05
_382_, 91.14, 97.92, 6.30483e-05
_396_, 91.14, 97.92, 6.30483e-05
_400_, 91.14, 97.92, 6.30483e-05
FILLER_0_32_184, 91.14, 97.92, 6.30483e-05
FILLER_0_30_192, 91.14, 92.48, 6.04264e-05
_399_, 91.14, 87.04, 6.08848e-05
FILLER_0_28_193, 91.14, 87.04, 6.08848e-05
FILLER_0_29_193, 91.14, 87.04, 6.08848e-05
FILLER_0_26_187, 91.14, 81.6, 5.90386e-05
_362_, 91.14, 76.16, 6.03656e-05
_370_, 91.14, 76.16, 6.03656e-05
_379_, 91.14, 76.16, 6.03656e-05
_358_, 91.14, 70.72, 5.93803e-05
_360_, 91.14, 70.72, 5.93803e-05
_522_, 91.14, 70.72, 5.93803e-05
FILLER_0_22_190, 91.14, 70.72, 5.93803e-05
FILLER_0_23_190, 91.14, 70.72, 5.93803e-05
FILLER_0_20_189, 91.14, 65.28, 5.63385e-05
_565_, 91.14, 59.84, 5.88651e-05
_566_, 91.14, 59.84, 5.88651e-05
FILLER_0_17_189, 91.14, 54.4, 5.95382e-05
_679_, 91.14, 48.96, 6.20504e-05
FILLER_0_14_189, 91.14, 48.96, 6.20504e-05
_680_, 91.14, 43.52, 6.38608e-05
_702_, 91.14, 43.52, 6.38608e-05
FILLER_0_11_193, 91.14, 38.08, 6.47025e-05
_701_, 91.14, 32.64, 6.59224e-05
_676_, 91.14, 27.2, 6.79107e-05
FILLER_0_4_193, 91.14, 21.76, 6.72214e-05
_717_, 91.14, 16.32, 7.84961e-05
_729_, 91.14, 16.32, 7.84961e-05
FILLER_0_2_189, 91.14, 16.32, 7.84961e-05
input9, 91.14, 10.88, 7.28914e-05
FILLER_0_0_181, 91.14, 10.88, 7.28914e-05
_407_, 84.54, 114.24, 6.49837e-05
FILLER_0_37_169, 84.54, 114.24, 6.49837e-05
FILLER_0_37_177, 84.54, 108.8, 6.3297e-05
_402_, 84.54, 103.36, 6.32586e-05
_403_, 84.54, 103.36, 6.32586e-05
_401_, 84.54, 97.92, 6.2886e-05
_413_, 84.54, 97.92, 6.2886e-05
FILLER_0_32_167, 84.54, 97.92, 6.2886e-05
_367_, 84.54, 87.04, 6.13575e-05
_397_, 84.54, 87.04, 6.13575e-05
FILLER_0_28_165, 84.54, 87.04, 6.13575e-05
_398_, 84.54, 81.6, 5.91691e-05
_416_, 84.54, 81.6, 5.91691e-05
_378_, 84.54, 76.16, 5.82607e-05
_417_, 84.54, 76.16, 5.82607e-05
FILLER_0_23_165, 84.54, 76.16, 5.82607e-05
FILLER_0_23_169, 84.54, 76.16, 5.82607e-05
FILLER_0_24_166, 84.54, 76.16, 5.82607e-05
_480_, 84.54, 70.72, 5.80355e-05
_523_, 84.54, 70.72, 5.80355e-05
rebuffer12, 84.54, 70.72, 5.80355e-05
FILLER_0_22_173, 84.54, 70.72, 5.80355e-05
FILLER_0_23_177, 84.54, 70.72, 5.80355e-05
_525_, 84.54, 65.28, 5.50827e-05
_524_, 84.54, 59.84, 5.71676e-05
_527_, 84.54, 59.84, 5.71676e-05
FILLER_0_17_169, 84.54, 59.84, 5.71676e-05
_567_, 84.54, 54.4, 5.88277e-05
_621_, 84.54, 48.96, 6.02988e-05
_658_, 84.54, 43.52, 6.3041e-05
_659_, 84.54, 43.52, 6.3041e-05
_622_, 84.54, 38.08, 6.37599e-05
_692_, 84.54, 38.08, 6.37599e-05
_661_, 84.54, 32.64, 6.55306e-05
_693_, 84.54, 32.64, 6.55306e-05
FILLER_0_7_177, 84.54, 27.2, 6.64585e-05
FILLER_0_3_169, 84.54, 21.76, 6.64871e-05
_694_, 84.54, 16.32, 7.48567e-05
_716_, 84.54, 16.32, 7.48567e-05
FILLER_0_1_169, 84.54, 16.32, 7.48567e-05
FILLER_0_2_166, 84.54, 16.32, 7.48567e-05
FILLER_0_2_176, 84.54, 16.32, 7.48567e-05
_691_, 84.54, 10.88, 7.27693e-05
_405_, 77.94, 114.24, 6.60958e-05
_406_, 77.94, 114.24, 6.60958e-05
FILLER_0_38_157, 77.94, 114.24, 6.60958e-05
_404_, 77.94, 108.8, 6.42676e-05
_412_, 77.94, 108.8, 6.42676e-05
FILLER_0_35_151, 77.94, 108.8, 6.42676e-05
FILLER_0_36_151, 77.94, 108.8, 6.42676e-05
FILLER_0_37_164, 77.94, 108.8, 6.42676e-05
_377_, 77.94, 103.36, 6.33933e-05
FILLER_0_35_163, 77.94, 103.36, 6.33933e-05
_420_, 77.94, 97.92, 6.27981e-05
FILLER_0_33_163, 77.94, 97.92, 6.27981e-05
_418_, 77.94, 92.48, 6.07623e-05
_419_, 77.94, 92.48, 6.07623e-05
_449_, 77.94, 92.48, 6.07623e-05
FILLER_0_29_153, 77.94, 92.48, 6.07623e-05
FILLER_0_30_153, 77.94, 92.48, 6.07623e-05
_414_, 77.94, 87.04, 6.01292e-05
FILLER_0_28_153, 77.94, 87.04, 6.01292e-05
FILLER_0_29_164, 77.94, 87.04, 6.01292e-05
_445_, 77.94, 81.6, 5.84466e-05
FILLER_0_25_158, 77.94, 76.16, 5.65197e-05
_484_, 77.94, 70.72, 5.59363e-05
_526_, 77.94, 70.72, 5.59363e-05
rebuffer3, 77.94, 70.72, 5.59363e-05
rebuffer4, 77.94, 70.72, 5.59363e-05
FILLER_0_22_163, 77.94, 70.72, 5.59363e-05
_482_, 77.94, 65.28, 5.31272e-05
_528_, 77.94, 59.84, 5.51353e-05
FILLER_0_18_163, 77.94, 59.84, 5.51353e-05
FILLER_0_19_160, 77.94, 59.84, 5.51353e-05
_626_, 77.94, 54.4, 5.72717e-05
FILLER_0_17_164, 77.94, 54.4, 5.72717e-05
FILLER_0_13_152, 77.94, 48.96, 5.87706e-05
FILLER_0_15_161, 77.94, 48.96, 5.87706e-05
_620_, 77.94, 43.52, 6.29447e-05
_627_, 77.94, 43.52, 6.29447e-05
_660_, 77.94, 43.52, 6.29447e-05
FILLER_0_12_158, 77.94, 43.52, 6.29447e-05
FILLER_0_11_158, 77.94, 38.08, 6.276e-05
_662_, 77.94, 32.64, 6.5473e-05
FILLER_0_8_154, 77.94, 32.64, 6.5473e-05
_663_, 77.94, 27.2, 6.61009e-05
FILLER_0_6_153, 77.94, 27.2, 6.61009e-05
FILLER_0_6_161, 77.94, 27.2, 6.61009e-05
FILLER_0_7_160, 77.94, 27.2, 6.61009e-05
FILLER_0_5_161, 77.94, 21.76, 6.62637e-05
_688_, 77.94, 16.32, 7.23764e-05
_690_, 77.94, 16.32, 7.23764e-05
FILLER_0_3_158, 77.94, 16.32, 7.23764e-05
output29, 77.94, 10.88, 7.39503e-05
FILLER_0_0_153, 77.94, 10.88, 7.39503e-05
FILLER_0_0_163, 77.94, 10.88, 7.39503e-05
FILLER_0_1_163, 77.94, 10.88, 7.39503e-05
FILLER_0_39_141, 71.34, 119.68, 6.36955e-05
_408_, 71.34, 114.24, 6.70181e-05
input6, 71.34, 114.24, 6.70181e-05
_395_, 71.34, 108.8, 6.47337e-05
FILLER_0_36_136, 71.34, 108.8, 6.47337e-05
FILLER_0_36_141, 71.34, 108.8, 6.47337e-05
FILLER_0_37_149, 71.34, 108.8, 6.47337e-05
_392_, 71.34, 103.36, 6.43609e-05
_393_, 71.34, 103.36, 6.43609e-05
_428_, 71.34, 103.36, 6.43609e-05
_421_, 71.34, 97.92, 6.37255e-05
_425_, 71.34, 97.92, 6.37255e-05
FILLER_0_31_142, 71.34, 97.92, 6.37255e-05
FILLER_0_32_137, 71.34, 97.92, 6.37255e-05
FILLER_0_32_141, 71.34, 97.92, 6.37255e-05
_450_, 71.34, 92.48, 6.03734e-05
_444_, 71.34, 87.04, 5.96036e-05
FILLER_0_28_136, 71.34, 87.04, 5.96036e-05
FILLER_0_29_145, 71.34, 87.04, 5.96036e-05
_447_, 71.34, 81.6, 5.78526e-05
_448_, 71.34, 81.6, 5.78526e-05
_485_, 71.34, 81.6, 5.78526e-05
_446_, 71.34, 76.16, 5.5412e-05
FILLER_0_24_141, 71.34, 76.16, 5.5412e-05
FILLER_0_25_147, 71.34, 76.16, 5.5412e-05
_483_, 71.34, 70.72, 5.36135e-05
FILLER_0_22_141, 71.34, 70.72, 5.36135e-05
FILLER_0_23_149, 71.34, 70.72, 5.36135e-05
_415_, 71.34, 65.28, 5.13476e-05
_481_, 71.34, 65.28, 5.13476e-05
_559_, 71.34, 59.84, 5.25668e-05
FILLER_0_18_148, 71.34, 59.84, 5.25668e-05
_560_, 71.34, 54.4, 5.61503e-05
_593_, 71.34, 54.4, 5.61503e-05
FILLER_0_13_141, 71.34, 48.96, 5.77246e-05
_596_, 71.34, 43.52, 6.28317e-05
_625_, 71.34, 43.52, 6.28317e-05
_628_, 71.34, 43.52, 6.28317e-05
_653_, 71.34, 43.52, 6.28317e-05
_678_, 71.34, 43.52, 6.28317e-05
FILLER_0_11_139, 71.34, 43.52, 6.28317e-05
_657_, 71.34, 38.08, 6.2419e-05
FILLER_0_11_145, 71.34, 38.08, 6.2419e-05
_629_, 71.34, 32.64, 6.57835e-05
_654_, 71.34, 32.64, 6.57835e-05
FILLER_0_7_137, 71.34, 32.64, 6.57835e-05
_652_, 71.34, 21.76, 6.67338e-05
_655_, 71.34, 21.76, 6.67338e-05
_656_, 71.34, 16.32, 7.1669e-05
_664_, 71.34, 16.32, 7.1669e-05
FILLER_0_1_142, 71.34, 16.32, 7.1669e-05
_689_, 71.34, 10.88, 7.02108e-05
_409_, 64.74, 114.24, 6.92374e-05
_410_, 64.74, 114.24, 6.92374e-05
FILLER_0_39_131, 64.74, 114.24, 6.92374e-05
_430_, 64.74, 108.8, 6.60881e-05
_431_, 64.74, 108.8, 6.60881e-05
FILLER_0_35_125, 64.74, 108.8, 6.60881e-05
_394_, 64.74, 103.36, 6.3997e-05
FILLER_0_34_133, 64.74, 103.36, 6.3997e-05
_429_, 64.74, 97.92, 6.40708e-05
_454_, 64.74, 97.92, 6.40708e-05
FILLER_0_32_123, 64.74, 97.92, 6.40708e-05
FILLER_0_29_125, 64.74, 92.48, 6.02051e-05
FILLER_0_30_133, 64.74, 92.48, 6.02051e-05
_441_, 64.74, 87.04, 5.97534e-05
_451_, 64.74, 87.04, 5.97534e-05
FILLER_0_26_134, 64.74, 81.6, 5.68708e-05
FILLER_0_27_131, 64.74, 81.6, 5.68708e-05
_476_, 64.74, 76.16, 5.49531e-05
_487_, 64.74, 76.16, 5.49531e-05
FILLER_0_23_127, 64.74, 76.16, 5.49531e-05
_486_, 64.74, 70.72, 5.18601e-05
rebuffer9, 64.74, 70.72, 5.18601e-05
FILLER_0_21_123, 64.74, 70.72, 5.18601e-05
FILLER_0_22_132, 64.74, 70.72, 5.18601e-05
_477_, 64.74, 65.28, 4.87354e-05
_518_, 64.74, 65.28, 4.87354e-05
FILLER_0_20_133, 64.74, 65.28, 4.87354e-05
_558_, 64.74, 59.84, 5.03709e-05
FILLER_0_18_125, 64.74, 59.84, 5.03709e-05
FILLER_0_19_132, 64.74, 59.84, 5.03709e-05
_587_, 64.74, 54.4, 5.52071e-05
rebuffer2, 64.74, 54.4, 5.52071e-05
FILLER_0_16_125, 64.74, 54.4, 5.52071e-05
FILLER_0_13_123, 64.74, 48.96, 5.72779e-05
_594_, 64.74, 43.52, 6.26156e-05
_595_, 64.74, 43.52, 6.26156e-05
_597_, 64.74, 43.52, 6.26156e-05
_619_, 64.74, 43.52, 6.26156e-05
FILLER_0_13_131, 64.74, 43.52, 6.26156e-05
FILLER_0_10_133, 64.74, 38.08, 6.2239e-05
FILLER_0_11_131, 64.74, 38.08, 6.2239e-05
_600_, 64.74, 32.64, 6.55546e-05
_599_, 64.74, 27.2, 6.64718e-05
_631_, 64.74, 27.2, 6.64718e-05
FILLER_0_6_123, 64.74, 27.2, 6.64718e-05
FILLER_0_6_131, 64.74, 27.2, 6.64718e-05
FILLER_0_4_135, 64.74, 21.76, 6.66138e-05
_630_, 64.74, 16.32, 7.1387e-05
_650_, 64.74, 16.32, 7.1387e-05
FILLER_0_2_133, 64.74, 16.32, 7.1387e-05
FILLER_0_3_130, 64.74, 16.32, 7.1387e-05
input4, 64.74, 10.88, 6.92363e-05
_730_, 58.14, 114.24, 7.24314e-05
output28, 58.14, 114.24, 7.24314e-05
_432_, 58.14, 108.8, 6.67974e-05
FILLER_0_36_115, 58.14, 108.8, 6.67974e-05
_427_, 58.14, 103.36, 6.45218e-05
FILLER_0_33_109, 58.14, 103.36, 6.45218e-05
_422_, 58.14, 97.92, 6.39173e-05
_426_, 58.14, 97.92, 6.39173e-05
_434_, 58.14, 97.92, 6.39173e-05
_423_, 58.14, 92.48, 6.06385e-05
_439_, 58.14, 87.04, 5.99231e-05
_467_, 58.14, 87.04, 5.99231e-05
_440_, 58.14, 81.6, 5.69675e-05
FILLER_0_26_109, 58.14, 81.6, 5.69675e-05
FILLER_0_27_121, 58.14, 81.6, 5.69675e-05
FILLER_0_23_113, 58.14, 76.16, 5.44889e-05
_508_, 58.14, 70.72, 5.10851e-05
FILLER_0_22_111, 58.14, 70.72, 5.10851e-05
_478_, 58.14, 65.28, 4.72879e-05
_519_, 58.14, 65.28, 4.72879e-05
FILLER_0_19_108, 58.14, 65.28, 4.72879e-05
_517_, 58.14, 59.84, 4.98302e-05
_551_, 58.14, 59.84, 4.98302e-05
_557_, 58.14, 59.84, 4.98302e-05
rebuffer1, 58.14, 59.84, 4.98302e-05
FILLER_0_19_121, 58.14, 59.84, 4.98302e-05
FILLER_0_16_118, 58.14, 54.4, 5.47802e-05
_602_, 58.14, 48.96, 5.79619e-05
FILLER_0_13_113, 58.14, 48.96, 5.79619e-05
_376_, 58.14, 43.52, 6.232e-05
_588_, 58.14, 43.52, 6.232e-05
FILLER_0_11_113, 58.14, 43.52, 6.232e-05
FILLER_0_12_120, 58.14, 43.52, 6.232e-05
_623_, 58.14, 38.08, 6.30066e-05
FILLER_0_9_109, 58.14, 38.08, 6.30066e-05
FILLER_0_11_121, 58.14, 38.08, 6.30066e-05
_647_, 58.14, 32.64, 6.57666e-05
_648_, 58.14, 32.64, 6.57666e-05
FILLER_0_5_108, 58.14, 27.2, 6.67131e-05
FILLER_0_7_121, 58.14, 27.2, 6.67131e-05
_651_, 58.14, 21.76, 6.79509e-05
_632_, 58.14, 16.32, 7.37868e-05
_666_, 58.14, 16.32, 7.37868e-05
FILLER_0_0_113, 58.14, 10.88, 6.97319e-05
_433_, 51.54, 114.24, 7.38161e-05
_465_, 51.54, 114.24, 7.38161e-05
_731_, 51.54, 114.24, 7.38161e-05
FILLER_0_38_100, 51.54, 114.24, 7.38161e-05
FILLER_0_39_103, 51.54, 114.24, 7.38161e-05
_459_, 51.54, 108.8, 6.75261e-05
FILLER_0_36_97, 51.54, 108.8, 6.75261e-05
FILLER_0_35_106, 51.54, 103.36, 6.5339e-05
_424_, 51.54, 97.92, 6.46932e-05
FILLER_0_32_95, 51.54, 97.92, 6.46932e-05
FILLER_0_32_103, 51.54, 97.92, 6.46932e-05
_452_, 51.54, 92.48, 6.16843e-05
FILLER_0_31_103, 51.54, 92.48, 6.16843e-05
_443_, 51.54, 87.04, 6.10013e-05
FILLER_0_28_97, 51.54, 87.04, 6.10013e-05
_442_, 51.54, 81.6, 5.79716e-05
FILLER_0_27_103, 51.54, 81.6, 5.79716e-05
_479_, 51.54, 76.16, 5.64374e-05
_488_, 51.54, 76.16, 5.64374e-05
rebuffer5, 51.54, 76.16, 5.64374e-05
FILLER_0_23_94, 51.54, 76.16, 5.64374e-05
FILLER_0_24_101, 51.54, 76.16, 5.64374e-05
FILLER_0_25_105, 51.54, 76.16, 5.64374e-05
_475_, 51.54, 70.72, 5.30835e-05
_529_, 51.54, 65.28, 4.94707e-05
_516_, 51.54, 59.84, 5.18271e-05
FILLER_0_17_100, 51.54, 59.84, 5.18271e-05
FILLER_0_18_99, 51.54, 59.84, 5.18271e-05
FILLER_0_18_107, 51.54, 59.84, 5.18271e-05
_561_, 51.54, 54.4, 5.7794e-05
_572_, 51.54, 54.4, 5.7794e-05
FILLER_0_16_97, 51.54, 54.4, 5.7794e-05
_568_, 51.54, 48.96, 5.9614e-05
_569_, 51.54, 48.96, 5.9614e-05
FILLER_0_14_97, 51.54, 48.96, 5.9614e-05
FILLER_0_14_105, 51.54, 48.96, 5.9614e-05
_589_, 51.54, 43.52, 6.28467e-05
_590_, 51.54, 43.52, 6.28467e-05
FILLER_0_12_98, 51.54, 43.52, 6.28467e-05
FILLER_0_13_105, 51.54, 43.52, 6.28467e-05
FILLER_0_11_103, 51.54, 38.08, 6.40681e-05
FILLER_0_8_98, 51.54, 32.64, 6.72829e-05
FILLER_0_8_106, 51.54, 32.64, 6.72829e-05
_624_, 51.54, 27.2, 6.87159e-05
FILLER_0_6_97, 51.54, 27.2, 6.87159e-05
FILLER_0_7_106, 51.54, 27.2, 6.87159e-05
_633_, 51.54, 21.76, 7.01651e-05
_649_, 51.54, 21.76, 7.01651e-05
FILLER_0_4_97, 51.54, 21.76, 7.01651e-05
_665_, 51.54, 16.32, 7.78434e-05
_667_, 51.54, 16.32, 7.78434e-05
_695_, 51.54, 16.32, 7.78434e-05
FILLER_0_2_104, 51.54, 16.32, 7.78434e-05
FILLER_0_3_103, 51.54, 16.32, 7.78434e-05
FILLER_0_0_103, 51.54, 10.88, 7.27413e-05
output27, 44.94, 119.68, 7.18044e-05
FILLER_0_39_81, 44.94, 119.68, 7.18044e-05
_411_, 44.94, 114.24, 7.50891e-05
_466_, 44.94, 114.24, 7.50891e-05
FILLER_0_36_81, 44.94, 108.8, 6.99452e-05
_458_, 44.94, 103.36, 6.75414e-05
FILLER_0_34_79, 44.94, 103.36, 6.75414e-05
_455_, 44.94, 97.92, 6.67553e-05
_456_, 44.94, 97.92, 6.67553e-05
FILLER_0_31_79, 44.94, 97.92, 6.67553e-05
FILLER_0_32_81, 44.94, 97.92, 6.67553e-05
_453_, 44.94, 92.48, 6.29661e-05
FILLER_0_29_81, 44.94, 92.48, 6.29661e-05
FILLER_0_30_85, 44.94, 92.48, 6.29661e-05
_490_, 44.94, 87.04, 6.27954e-05
_491_, 44.94, 87.04, 6.27954e-05
_489_, 44.94, 76.16, 5.83525e-05
FILLER_0_23_82, 44.94, 76.16, 5.83525e-05
FILLER_0_24_85, 44.94, 76.16, 5.83525e-05
_531_, 44.94, 70.72, 5.69933e-05
_532_, 44.94, 70.72, 5.69933e-05
_520_, 44.94, 65.28, 5.3151e-05
_530_, 44.94, 65.28, 5.3151e-05
FILLER_0_20_81, 44.94, 65.28, 5.3151e-05
_553_, 44.94, 59.84, 5.58549e-05
_570_, 44.94, 59.84, 5.58549e-05
FILLER_0_18_85, 44.94, 59.84, 5.58549e-05
_571_, 44.94, 54.4, 6.03638e-05
FILLER_0_15_81, 44.94, 54.4, 6.03638e-05
FILLER_0_16_81, 44.94, 54.4, 6.03638e-05
_468_, 44.94, 48.96, 6.13541e-05
_617_, 44.94, 43.52, 6.44045e-05
FILLER_0_12_80, 44.94, 43.52, 6.44045e-05
FILLER_0_12_90, 44.94, 43.52, 6.44045e-05
_603_, 44.94, 32.64, 7.08352e-05
_634_, 44.94, 32.64, 7.08352e-05
_635_, 44.94, 32.64, 7.08352e-05
_636_, 44.94, 27.2, 7.1579e-05
_670_, 44.94, 27.2, 7.1579e-05
_668_, 44.94, 16.32, 8.08207e-05
_696_, 44.94, 16.32, 8.08207e-05
_698_, 44.94, 16.32, 8.08207e-05
FILLER_0_1_80, 44.94, 16.32, 8.08207e-05
FILLER_0_2_80, 44.94, 16.32, 8.08207e-05
_669_, 44.94, 10.88, 7.88899e-05
output24, 44.94, 10.88, 7.88899e-05
_462_, 38.34, 114.24, 7.39972e-05
FILLER_0_38_77, 38.34, 114.24, 7.39972e-05
_460_, 38.34, 108.8, 7.53742e-05
_463_, 38.34, 108.8, 7.53742e-05
_464_, 38.34, 108.8, 7.53742e-05
FILLER_0_35_69, 38.34, 108.8, 7.53742e-05
_457_, 38.34, 103.36, 6.98934e-05
_461_, 38.34, 103.36, 6.98934e-05
_436_, 38.34, 97.92, 6.75599e-05
_437_, 38.34, 97.92, 6.75599e-05
_438_, 38.34, 97.92, 6.75599e-05
FILLER_0_30_77, 38.34, 92.48, 6.40779e-05
_469_, 38.34, 87.04, 6.32997e-05
FILLER_0_28_76, 38.34, 87.04, 6.32997e-05
_470_, 38.34, 81.6, 6.32625e-05
_492_, 38.34, 81.6, 6.32625e-05
FILLER_0_26_78, 38.34, 81.6, 6.32625e-05
FILLER_0_23_69, 38.34, 76.16, 6.09379e-05
FILLER_0_24_76, 38.34, 76.16, 6.09379e-05
_435_, 38.34, 70.72, 5.90374e-05
_509_, 38.34, 70.72, 5.90374e-05
_533_, 38.34, 70.72, 5.90374e-05
FILLER_0_22_76, 38.34, 70.72, 5.90374e-05
_510_, 38.34, 65.28, 5.60114e-05
_554_, 38.34, 59.84, 6.04694e-05
_552_, 38.34, 54.4, 6.35669e-05
_591_, 38.34, 43.52, 6.76559e-05
_618_, 38.34, 43.52, 6.76559e-05
_592_, 38.34, 38.08, 7.02222e-05
FILLER_0_9_69, 38.34, 38.08, 7.02222e-05
FILLER_0_10_77, 38.34, 38.08, 7.02222e-05
_604_, 38.34, 32.64, 7.43301e-05
_671_, 38.34, 27.2, 7.48136e-05
FILLER_0_5_69, 38.34, 27.2, 7.48136e-05
FILLER_0_6_65, 38.34, 27.2, 7.48136e-05
FILLER_0_6_76, 38.34, 27.2, 7.48136e-05
FILLER_0_7_76, 38.34, 27.2, 7.48136e-05
_637_, 38.34, 21.76, 7.72116e-05
_672_, 38.34, 16.32, 8.47648e-05
_719_, 38.34, 16.32, 8.47648e-05
FILLER_0_0_75, 38.34, 10.88, 8.53523e-05
input5, 31.74, 119.68, 7.79742e-05
FILLER_0_37_53, 31.74, 114.24, 7.65215e-05
FILLER_0_37_57, 31.74, 114.24, 7.65215e-05
_501_, 31.74, 108.8, 7.85319e-05
FILLER_0_35_51, 31.74, 108.8, 7.85319e-05
FILLER_0_29_53, 31.74, 92.48, 6.63195e-05
_473_, 31.74, 87.04, 6.48535e-05
max_cap33, 31.74, 87.04, 6.48535e-05
_471_, 31.74, 81.6, 6.7037e-05
_472_, 31.74, 81.6, 6.7037e-05
_505_, 31.74, 81.6, 6.7037e-05
_507_, 31.74, 81.6, 6.7037e-05
FILLER_0_26_60, 31.74, 81.6, 6.7037e-05
FILLER_0_27_60, 31.74, 81.6, 6.7037e-05
FILLER_0_21_53, 31.74, 70.72, 5.97373e-05
_511_, 31.74, 65.28, 5.98869e-05
_513_, 31.74, 65.28, 5.98869e-05
FILLER_0_19_50, 31.74, 65.28, 5.98869e-05
FILLER_0_20_60, 31.74, 65.28, 5.98869e-05
_555_, 31.74, 59.84, 6.78185e-05
FILLER_0_17_51, 31.74, 59.84, 6.78185e-05
_585_, 31.74, 54.4, 6.98553e-05
_586_, 31.74, 54.4, 6.98553e-05
FILLER_0_13_51, 31.74, 48.96, 6.75526e-05
_616_, 31.74, 43.52, 7.23178e-05
FILLER_0_11_53, 31.74, 43.52, 7.23178e-05
_615_, 31.74, 38.08, 7.56133e-05
FILLER_0_11_63, 31.74, 38.08, 7.56133e-05
_638_, 31.74, 32.64, 7.93689e-05
_639_, 31.74, 32.64, 7.93689e-05
FILLER_0_7_51, 31.74, 32.64, 7.93689e-05
FILLER_0_5_51, 31.74, 27.2, 7.92813e-05
FILLER_0_3_57, 31.74, 21.76, 8.273e-05
_697_, 31.74, 16.32, 8.95017e-05
_722_, 31.74, 16.32, 8.95017e-05
_723_, 31.74, 16.32, 8.95017e-05
output21, 31.74, 10.88, 9.92837e-05
FILLER_0_0_53, 31.74, 10.88, 9.92837e-05
FILLER_0_1_60, 31.74, 10.88, 9.92837e-05
FILLER_0_39_41, 25.14, 119.68, 8.77474e-05
FILLER_0_39_49, 25.14, 114.24, 8.44723e-05
FILLER_0_37_45, 25.14, 108.8, 8.82318e-05
_500_, 25.14, 103.36, 7.78106e-05
_496_, 25.14, 97.92, 7.48704e-05
_497_, 25.14, 97.92, 7.48704e-05
_498_, 25.14, 97.92, 7.48704e-05
_540_, 25.14, 97.92, 7.48704e-05
FILLER_0_32_45, 25.14, 97.92, 7.48704e-05
FILLER_0_33_48, 25.14, 97.92, 7.48704e-05
_495_, 25.14, 92.48, 7.04627e-05
FILLER_0_31_45, 25.14, 92.48, 7.04627e-05
_474_, 25.14, 87.04, 6.76032e-05
_493_, 25.14, 87.04, 6.76032e-05
_494_, 25.14, 87.04, 6.76032e-05
_506_, 25.14, 87.04, 6.76032e-05
FILLER_0_28_40, 25.14, 87.04, 6.76032e-05
rebuffer10, 25.14, 81.6, 7.30564e-05
FILLER_0_26_42, 25.14, 81.6, 7.30564e-05
_515_, 25.14, 76.16, 7.50191e-05
_535_, 25.14, 76.16, 7.50191e-05
FILLER_0_25_46, 25.14, 76.16, 7.50191e-05
_548_, 25.14, 70.72, 6.17327e-05
_549_, 25.14, 70.72, 6.17327e-05
FILLER_0_21_38, 25.14, 70.72, 6.17327e-05
FILLER_0_22_41, 25.14, 70.72, 6.17327e-05
FILLER_0_23_46, 25.14, 70.72, 6.17327e-05
_512_, 25.14, 65.28, 6.46952e-05
_514_, 25.14, 65.28, 6.46952e-05
FILLER_0_20_41, 25.14, 65.28, 6.46952e-05
_556_, 25.14, 54.4, 8.1686e-05
_573_, 25.14, 54.4, 8.1686e-05
_574_, 25.14, 54.4, 8.1686e-05
FILLER_0_15_32, 25.14, 54.4, 8.1686e-05
FILLER_0_15_40, 25.14, 54.4, 8.1686e-05
_605_, 25.14, 48.96, 7.44154e-05
FILLER_0_15_49, 25.14, 48.96, 7.44154e-05
_607_, 25.14, 43.52, 8.06746e-05
_609_, 25.14, 43.52, 8.06746e-05
_610_, 25.14, 43.52, 8.06746e-05
FILLER_0_11_35, 25.14, 43.52, 8.06746e-05
FILLER_0_12_41, 25.14, 43.52, 8.06746e-05
_606_, 25.14, 38.08, 8.43603e-05
FILLER_0_9_41, 25.14, 38.08, 8.43603e-05
FILLER_0_11_43, 25.14, 38.08, 8.43603e-05
_640_, 25.14, 32.64, 8.45134e-05
_641_, 25.14, 32.64, 8.45134e-05
_644_, 25.14, 32.64, 8.45134e-05
_673_, 25.14, 21.76, 9.28291e-05
_721_, 25.14, 21.76, 9.28291e-05
_699_, 25.14, 16.32, 9.16852e-05
_720_, 25.14, 16.32, 9.16852e-05
FILLER_0_2_41, 25.14, 16.32, 9.16852e-05
_700_, 25.14, 10.88, 0.000108344
FILLER_0_1_43, 25.14, 10.88, 0.000108344
PHY_78, 5.52, 119.68, 0.000118781
PHY_79, 115, 119.68, 6.71138e-05
output22, 15.33, 119.68, 0.000118781
PHY_74, 5.52, 114.24, 0.000136038
PHY_76, 5.52, 114.24, 0.000136038
output31, 5.52, 114.24, 0.000136038
FILLER_0_39_9, 5.52, 114.24, 0.000136038
PHY_75, 115, 114.24, 6.32648e-05
PHY_77, 115, 114.24, 6.32648e-05
FILLER_0_39_23, 15.33, 114.24, 0.000110255
PHY_70, 5.52, 108.8, 0.000154223
PHY_72, 5.52, 108.8, 0.000154223
output18, 5.52, 108.8, 0.000154223
PHY_71, 115, 108.8, 6.20539e-05
PHY_73, 115, 108.8, 6.20539e-05
PHY_66, 5.52, 103.36, 9.52017e-05
PHY_68, 5.52, 103.36, 9.52017e-05
PHY_67, 115, 103.36, 6.18874e-05
PHY_69, 115, 103.36, 6.18874e-05
_499_, 15.33, 103.36, 9.52017e-05
_502_, 15.33, 103.36, 9.52017e-05
_503_, 15.33, 103.36, 9.52017e-05
_504_, 15.33, 103.36, 9.52017e-05
_545_, 15.33, 103.36, 9.52017e-05
FILLER_0_34_19, 15.33, 103.36, 9.52017e-05
PHY_62, 5.52, 97.92, 7.60911e-05
PHY_64, 5.52, 97.92, 7.60911e-05
FILLER_0_33_3, 5.52, 97.92, 7.60911e-05
PHY_63, 115, 97.92, 6.4665e-05
PHY_65, 115, 97.92, 6.4665e-05
_544_, 15.33, 97.92, 7.60911e-05
FILLER_0_32_29, 15.33, 97.92, 7.60911e-05
PHY_58, 5.52, 92.48, 8.08214e-05
PHY_60, 5.52, 92.48, 8.08214e-05
input2, 5.52, 92.48, 8.08214e-05
PHY_59, 115, 92.48, 6.04937e-05
PHY_61, 115, 92.48, 6.04937e-05
_546_, 15.33, 92.48, 7.91186e-05
FILLER_0_31_31, 15.33, 92.48, 7.91186e-05
PHY_54, 5.52, 87.04, 6.76033e-05
PHY_56, 5.52, 87.04, 6.76033e-05
FILLER_0_29_3, 5.52, 87.04, 6.76033e-05
PHY_55, 115, 87.04, 6.02456e-05
PHY_57, 115, 87.04, 6.02456e-05
FILLER_0_28_29, 15.33, 87.04, 6.76032e-05
PHY_50, 5.52, 81.6, 9.28635e-05
PHY_52, 5.52, 81.6, 9.28635e-05
input15, 5.52, 81.6, 9.28635e-05
PHY_51, 115, 81.6, 6.04375e-05
PHY_53, 115, 81.6, 6.04375e-05
_536_, 15.33, 81.6, 9.12298e-05
_541_, 15.33, 81.6, 9.12298e-05
_543_, 15.33, 81.6, 9.12298e-05
rebuffer6, 15.33, 81.6, 9.12298e-05
rebuffer11, 15.33, 81.6, 9.12298e-05
FILLER_0_26_19, 15.33, 81.6, 9.12298e-05
_538_, 5.52, 76.16, 0.000106498
_542_, 5.52, 76.16, 0.000106498
PHY_46, 5.52, 76.16, 0.000106498
PHY_48, 5.52, 76.16, 0.000106498
FILLER_0_25_3, 5.52, 76.16, 0.000106498
PHY_47, 115, 76.16, 5.91686e-05
PHY_49, 115, 76.16, 5.91686e-05
_534_, 15.33, 76.16, 9.73117e-05
_537_, 15.33, 76.16, 9.73117e-05
_539_, 15.33, 76.16, 9.73117e-05
rebuffer7, 15.33, 76.16, 9.73117e-05
FILLER_0_23_21, 15.33, 76.16, 9.73117e-05
FILLER_0_24_16, 15.33, 76.16, 9.73117e-05
FILLER_0_24_23, 15.33, 76.16, 9.73117e-05
FILLER_0_25_23, 15.33, 76.16, 9.73117e-05
_547_, 5.52, 70.72, 6.61579e-05
PHY_42, 5.52, 70.72, 6.61579e-05
PHY_44, 5.52, 70.72, 6.61579e-05
PHY_43, 115, 70.72, 5.90413e-05
PHY_45, 115, 70.72, 5.90413e-05
_550_, 15.33, 70.72, 6.57387e-05
rebuffer8, 15.33, 70.72, 6.57387e-05
_579_, 5.52, 65.28, 7.87951e-05
PHY_38, 5.52, 65.28, 7.87951e-05
PHY_40, 5.52, 65.28, 7.87951e-05
FILLER_0_20_3, 5.52, 65.28, 7.87951e-05
PHY_39, 115, 65.28, 5.9558e-05
PHY_41, 115, 65.28, 5.9558e-05
_577_, 15.33, 65.28, 7.4363e-05
_578_, 15.33, 65.28, 7.4363e-05
FILLER_0_19_14, 15.33, 65.28, 7.4363e-05
FILLER_0_21_30, 15.33, 65.28, 7.4363e-05
_580_, 5.52, 59.84, 0.000144105
PHY_34, 5.52, 59.84, 0.000144105
PHY_36, 5.52, 59.84, 0.000144105
output30, 5.52, 59.84, 0.000144105
FILLER_0_19_3, 5.52, 59.84, 0.000144105
PHY_35, 115, 59.84, 6.02141e-05
PHY_37, 115, 59.84, 6.02141e-05
_575_, 15.33, 59.84, 0.000118444
_576_, 15.33, 59.84, 0.000118444
_584_, 15.33, 59.84, 0.000118444
FILLER_0_18_22, 15.33, 59.84, 0.000118444
PHY_30, 5.52, 54.4, 0.000111855
PHY_32, 5.52, 54.4, 0.000111855
FILLER_0_16_3, 5.52, 54.4, 0.000111855
PHY_31, 115, 54.4, 6.09426e-05
PHY_33, 115, 54.4, 6.09426e-05
_581_, 15.33, 54.4, 0.000111855
_582_, 15.33, 54.4, 0.000111855
_583_, 15.33, 54.4, 0.000111855
_612_, 15.33, 54.4, 0.000111855
FILLER_0_16_11, 15.33, 54.4, 0.000111855
FILLER_0_16_29, 15.33, 54.4, 0.000111855
_361_, 5.52, 48.96, 9.26259e-05
PHY_26, 5.52, 48.96, 9.26259e-05
PHY_28, 5.52, 48.96, 9.26259e-05
output17, 5.52, 48.96, 9.26259e-05
FILLER_0_15_3, 5.52, 48.96, 9.26259e-05
PHY_27, 115, 48.96, 7.92054e-05
PHY_29, 115, 48.96, 7.92054e-05
_611_, 15.33, 48.96, 9.03112e-05
FILLER_0_14_24, 15.33, 48.96, 9.03112e-05
PHY_22, 5.52, 43.52, 8.8467e-05
PHY_24, 5.52, 43.52, 8.8467e-05
PHY_23, 115, 43.52, 6.58482e-05
PHY_25, 115, 43.52, 6.58482e-05
_608_, 15.33, 43.52, 8.84669e-05
_613_, 15.33, 43.52, 8.84669e-05
FILLER_0_11_11, 15.33, 43.52, 8.84669e-05
FILLER_0_11_21, 15.33, 43.52, 8.84669e-05
_614_, 5.52, 38.08, 0.000118801
PHY_18, 5.52, 38.08, 0.000118801
PHY_20, 5.52, 38.08, 0.000118801
PHY_19, 115, 38.08, 7.57931e-05
PHY_21, 115, 38.08, 7.57931e-05
_642_, 15.33, 38.08, 0.000106114
_646_, 15.33, 38.08, 0.000106114
FILLER_0_9_15, 15.33, 38.08, 0.000106114
PHY_14, 5.52, 32.64, 9.02108e-05
PHY_16, 5.52, 32.64, 9.02108e-05
PHY_15, 115, 32.64, 6.76367e-05
PHY_17, 115, 32.64, 6.76367e-05
_645_, 15.33, 32.64, 9.02108e-05
FILLER_0_7_19, 15.33, 32.64, 9.02108e-05
PHY_10, 5.52, 27.2, 0.000112527
PHY_12, 5.52, 27.2, 0.000112527
input3, 5.52, 27.2, 0.000112527
PHY_11, 115, 27.2, 7.14312e-05
PHY_13, 115, 27.2, 7.14312e-05
_643_, 15.33, 27.2, 0.000110827
PHY_6, 5.52, 21.76, 9.699e-05
PHY_8, 5.52, 21.76, 9.699e-05
PHY_7, 115, 21.76, 6.97284e-05
PHY_9, 115, 21.76, 6.97284e-05
_674_, 15.33, 21.76, 9.699e-05
FILLER_0_3_15, 15.33, 21.76, 9.699e-05
FILLER_0_4_15, 15.33, 21.76, 9.699e-05
FILLER_0_4_29, 15.33, 21.76, 9.699e-05
PHY_2, 5.52, 16.32, 9.5056e-05
PHY_4, 5.52, 16.32, 9.5056e-05
PHY_3, 115, 16.32, 7.53343e-05
PHY_5, 115, 16.32, 7.53343e-05
_675_, 15.33, 16.32, 9.5056e-05
FILLER_0_3_23, 15.33, 16.32, 9.5056e-05
FILLER_0_3_29, 15.33, 16.32, 9.5056e-05
PHY_0, 5.52, 10.88, 0.00014482
input11, 5.52, 10.88, 0.00014482
input12, 5.52, 10.88, 0.00014482
FILLER_0_0_9, 5.52, 10.88, 0.00014482
PHY_1, 115, 10.88, 8.93164e-05
output20, 15.33, 10.88, 0.000140408
FILLER_0_0_21, 15.33, 10.88, 0.000140408

