Instance name,  X location,  Y location,  Voltage 
PHY_77, 114.24, 116.96, 1.79994
PHY_79, 114.24, 116.96, 1.79994
PHY_73, 114.24, 111.52, 1.79994
PHY_75, 114.24, 111.52, 1.79994
PHY_69, 114.24, 106.08, 1.79994
PHY_71, 114.24, 106.08, 1.79994
PHY_65, 114.24, 100.64, 1.79994
PHY_67, 114.24, 100.64, 1.79994
output25, 114.24, 100.64, 1.79994
PHY_61, 114.24, 95.2, 1.79994
PHY_63, 114.24, 95.2, 1.79994
FILLER_0_30_232, 114.24, 95.2, 1.79994
FILLER_0_31_232, 114.24, 95.2, 1.79994
PHY_57, 114.24, 89.76, 1.79994
PHY_59, 114.24, 89.76, 1.79994
PHY_53, 114.24, 84.32, 1.79994
PHY_55, 114.24, 84.32, 1.79994
PHY_49, 114.24, 78.88, 1.79994
PHY_51, 114.24, 78.88, 1.79994
FILLER_0_24_231, 114.24, 78.88, 1.79994
PHY_45, 114.24, 73.44, 1.79994
PHY_47, 114.24, 73.44, 1.79994
FILLER_0_22_230, 114.24, 73.44, 1.79994
PHY_41, 114.24, 68, 1.79994
PHY_43, 114.24, 68, 1.79994
PHY_37, 114.24, 62.56, 1.79994
PHY_39, 114.24, 62.56, 1.79994
PHY_33, 114.24, 57.12, 1.79994
PHY_35, 114.24, 57.12, 1.79994
PHY_29, 114.24, 51.68, 1.79994
PHY_31, 114.24, 51.68, 1.79994
PHY_25, 114.24, 46.24, 1.79993
PHY_27, 114.24, 46.24, 1.79993
FILLER_0_12_231, 114.24, 46.24, 1.79993
PHY_21, 114.24, 40.8, 1.79994
PHY_23, 114.24, 40.8, 1.79994
FILLER_0_11_232, 114.24, 40.8, 1.79994
PHY_17, 114.24, 35.36, 1.79993
PHY_19, 114.24, 35.36, 1.79993
_685_, 114.24, 29.92, 1.79993
PHY_13, 114.24, 29.92, 1.79993
PHY_15, 114.24, 29.92, 1.79993
PHY_9, 114.24, 24.48, 1.79993
PHY_11, 114.24, 24.48, 1.79993
PHY_5, 114.24, 19.04, 1.79993
PHY_7, 114.24, 19.04, 1.79993
PHY_1, 114.24, 13.6, 1.79992
PHY_3, 114.24, 13.6, 1.79992
input1, 107.64, 116.96, 1.79994
input14, 107.64, 116.96, 1.79994
output26, 107.64, 116.96, 1.79994
FILLER_0_39_217, 107.64, 116.96, 1.79994
FILLER_0_37_221, 107.64, 111.52, 1.79994
FILLER_0_37_225, 107.64, 111.52, 1.79994
FILLER_0_38_225, 107.64, 111.52, 1.79994
FILLER_0_35_217, 107.64, 106.08, 1.79994
FILLER_0_35_225, 107.64, 106.08, 1.79994
FILLER_0_33_221, 107.64, 100.64, 1.79994
FILLER_0_33_225, 107.64, 100.64, 1.79994
FILLER_0_34_229, 107.64, 100.64, 1.79994
_374_, 107.64, 95.2, 1.79994
FILLER_0_31_217, 107.64, 95.2, 1.79994
FILLER_0_29_221, 107.64, 89.76, 1.79994
FILLER_0_29_225, 107.64, 89.76, 1.79994
FILLER_0_30_224, 107.64, 89.76, 1.79994
FILLER_0_26_221, 107.64, 84.32, 1.79994
FILLER_0_27_225, 107.64, 84.32, 1.79994
input10, 107.64, 78.88, 1.79994
FILLER_0_25_219, 107.64, 78.88, 1.79994
FILLER_0_25_225, 107.64, 78.88, 1.79994
FILLER_0_23_218, 107.64, 73.44, 1.79994
FILLER_0_23_225, 107.64, 73.44, 1.79994
FILLER_0_20_221, 107.64, 68, 1.79994
FILLER_0_21_225, 107.64, 68, 1.79994
input8, 107.64, 62.56, 1.79994
FILLER_0_19_225, 107.64, 62.56, 1.79994
FILLER_0_17_225, 107.64, 57.12, 1.79994
FILLER_0_14_221, 107.64, 51.68, 1.79994
FILLER_0_15_217, 107.64, 51.68, 1.79994
FILLER_0_15_225, 107.64, 51.68, 1.79994
FILLER_0_16_227, 107.64, 51.68, 1.79994
_683_, 107.64, 46.24, 1.79992
_712_, 107.64, 46.24, 1.79992
output32, 107.64, 46.24, 1.79992
FILLER_0_13_219, 107.64, 46.24, 1.79992
FILLER_0_13_225, 107.64, 46.24, 1.79992
_684_, 107.64, 40.8, 1.79993
_711_, 107.64, 40.8, 1.79993
FILLER_0_11_221, 107.64, 40.8, 1.79993
output23, 107.64, 35.36, 1.79993
FILLER_0_9_221, 107.64, 35.36, 1.79993
FILLER_0_9_225, 107.64, 35.36, 1.79993
_677_, 107.64, 29.92, 1.79993
_686_, 107.64, 29.92, 1.79993
_709_, 107.64, 29.92, 1.79993
FILLER_0_7_221, 107.64, 29.92, 1.79993
FILLER_0_8_226, 107.64, 29.92, 1.79993
_687_, 107.64, 24.48, 1.79993
_710_, 107.64, 24.48, 1.79993
_714_, 107.64, 24.48, 1.79993
FILLER_0_5_221, 107.64, 24.48, 1.79993
FILLER_0_5_225, 107.64, 24.48, 1.79993
FILLER_0_6_228, 107.64, 24.48, 1.79993
FILLER_0_2_219, 107.64, 19.04, 1.79993
FILLER_0_3_225, 107.64, 19.04, 1.79993
input7, 107.64, 13.6, 1.79991
input16, 107.64, 13.6, 1.79991
output19, 107.64, 13.6, 1.79991
FILLER_0_0_217, 107.64, 13.6, 1.79991
FILLER_0_0_225, 107.64, 13.6, 1.79991
FILLER_0_1_218, 107.64, 13.6, 1.79991
FILLER_0_1_225, 107.64, 13.6, 1.79991
FILLER_0_39_209, 101.04, 116.96, 1.79994
_387_, 101.04, 111.52, 1.79994
_388_, 101.04, 111.52, 1.79994
_389_, 101.04, 111.52, 1.79994
FILLER_0_37_213, 101.04, 111.52, 1.79994
_384_, 101.04, 100.64, 1.79994
_371_, 101.04, 95.2, 1.79994
_373_, 101.04, 95.2, 1.79994
_375_, 101.04, 95.2, 1.79994
_369_, 101.04, 89.76, 1.79994
_372_, 101.04, 89.76, 1.79994
_363_, 101.04, 73.44, 1.79994
_366_, 101.04, 73.44, 1.79994
FILLER_0_21_214, 101.04, 68, 1.79994
_563_, 101.04, 62.56, 1.79994
_562_, 101.04, 57.12, 1.79994
_564_, 101.04, 57.12, 1.79994
_682_, 101.04, 46.24, 1.79993
_706_, 101.04, 46.24, 1.79993
FILLER_0_13_201, 101.04, 46.24, 1.79993
_704_, 101.04, 40.8, 1.79994
_705_, 101.04, 40.8, 1.79994
_727_, 101.04, 40.8, 1.79994
FILLER_0_9_213, 101.04, 35.36, 1.79993
_707_, 101.04, 29.92, 1.79993
_726_, 101.04, 29.92, 1.79993
FILLER_0_7_203, 101.04, 29.92, 1.79993
_708_, 101.04, 24.48, 1.79993
_713_, 101.04, 19.04, 1.79993
_715_, 101.04, 19.04, 1.79993
FILLER_0_3_201, 101.04, 19.04, 1.79993
FILLER_0_4_209, 101.04, 19.04, 1.79993
FILLER_0_0_209, 101.04, 13.6, 1.79992
FILLER_0_39_189, 94.44, 116.96, 1.79994
_386_, 94.44, 111.52, 1.79994
FILLER_0_36_189, 94.44, 111.52, 1.79994
FILLER_0_37_200, 94.44, 111.52, 1.79994
FILLER_0_34_189, 94.44, 106.08, 1.79994
_359_, 94.44, 100.64, 1.79994
_381_, 94.44, 100.64, 1.79994
_382_, 94.44, 100.64, 1.79994
FILLER_0_30_192, 94.44, 95.2, 1.79994
FILLER_0_31_196, 94.44, 95.2, 1.79994
FILLER_0_32_197, 94.44, 95.2, 1.79994
FILLER_0_28_193, 94.44, 89.76, 1.79994
FILLER_0_29_193, 94.44, 89.76, 1.79994
FILLER_0_30_197, 94.44, 89.76, 1.79994
_368_, 94.44, 84.32, 1.79994
_380_, 94.44, 84.32, 1.79994
FILLER_0_26_187, 94.44, 84.32, 1.79994
_362_, 94.44, 78.88, 1.79994
_364_, 94.44, 73.44, 1.79994
_365_, 94.44, 73.44, 1.79994
FILLER_0_22_190, 94.44, 73.44, 1.79994
FILLER_0_23_190, 94.44, 73.44, 1.79994
FILLER_0_24_197, 94.44, 73.44, 1.79994
FILLER_0_20_189, 94.44, 68, 1.79994
FILLER_0_22_197, 94.44, 68, 1.79994
_598_, 94.44, 57.12, 1.79994
_601_, 94.44, 57.12, 1.79994
FILLER_0_17_189, 94.44, 57.12, 1.79994
_521_, 94.44, 51.68, 1.79994
FILLER_0_14_189, 94.44, 51.68, 1.79994
_680_, 94.44, 46.24, 1.79993
_681_, 94.44, 46.24, 1.79993
_702_, 94.44, 46.24, 1.79993
_703_, 94.44, 40.8, 1.79994
FILLER_0_11_193, 94.44, 40.8, 1.79994
FILLER_0_12_197, 94.44, 40.8, 1.79994
_676_, 94.44, 29.92, 1.79993
_724_, 94.44, 29.92, 1.79993
_725_, 94.44, 29.92, 1.79993
_728_, 94.44, 24.48, 1.79993
FILLER_0_4_193, 94.44, 24.48, 1.79993
_729_, 94.44, 19.04, 1.79993
FILLER_0_2_189, 94.44, 19.04, 1.79993
_718_, 94.44, 13.6, 1.79992
input13, 87.84, 116.96, 1.79994
FILLER_0_39_181, 87.84, 116.96, 1.79994
_385_, 87.84, 111.52, 1.79994
_391_, 87.84, 111.52, 1.79994
FILLER_0_37_177, 87.84, 111.52, 1.79994
_390_, 87.84, 106.08, 1.79994
_402_, 87.84, 106.08, 1.79994
FILLER_0_36_180, 87.84, 106.08, 1.79994
_383_, 87.84, 100.64, 1.79994
_401_, 87.84, 100.64, 1.79994
FILLER_0_33_181, 87.84, 100.64, 1.79994
FILLER_0_34_182, 87.84, 100.64, 1.79994
_396_, 87.84, 95.2, 1.79994
_400_, 87.84, 95.2, 1.79994
FILLER_0_32_184, 87.84, 95.2, 1.79994
_367_, 87.84, 89.76, 1.79994
_398_, 87.84, 84.32, 1.79994
_399_, 87.84, 84.32, 1.79994
_378_, 87.84, 78.88, 1.79994
_370_, 87.84, 73.44, 1.79994
_379_, 87.84, 73.44, 1.79994
FILLER_0_22_173, 87.84, 73.44, 1.79994
FILLER_0_23_177, 87.84, 73.44, 1.79994
_358_, 87.84, 68, 1.79994
_360_, 87.84, 68, 1.79994
_522_, 87.84, 68, 1.79994
_524_, 87.84, 62.56, 1.79994
_565_, 87.84, 57.12, 1.79994
_566_, 87.84, 57.12, 1.79994
_567_, 87.84, 57.12, 1.79994
_658_, 87.84, 46.24, 1.79994
_659_, 87.84, 46.24, 1.79994
_679_, 87.84, 46.24, 1.79994
_661_, 87.84, 35.36, 1.79993
_701_, 87.84, 29.92, 1.79993
FILLER_0_7_177, 87.84, 29.92, 1.79993
_716_, 87.84, 19.04, 1.79993
FILLER_0_2_176, 87.84, 19.04, 1.79993
_691_, 87.84, 13.6, 1.79992
_717_, 87.84, 13.6, 1.79992
input9, 87.84, 13.6, 1.79992
FILLER_0_0_181, 87.84, 13.6, 1.79992
_406_, 81.24, 116.96, 1.79994
_404_, 81.24, 111.52, 1.79994
_407_, 81.24, 111.52, 1.79994
FILLER_0_37_164, 81.24, 111.52, 1.79994
FILLER_0_37_169, 81.24, 111.52, 1.79994
_377_, 81.24, 106.08, 1.79994
FILLER_0_35_163, 81.24, 106.08, 1.79994
_403_, 81.24, 100.64, 1.79994
FILLER_0_33_163, 81.24, 100.64, 1.79994
_413_, 81.24, 95.2, 1.79994
_418_, 81.24, 95.2, 1.79994
_419_, 81.24, 95.2, 1.79994
FILLER_0_32_167, 81.24, 95.2, 1.79994
_414_, 81.24, 89.76, 1.79994
FILLER_0_29_164, 81.24, 89.76, 1.79994
_397_, 81.24, 84.32, 1.79994
FILLER_0_28_165, 81.24, 84.32, 1.79994
_416_, 81.24, 78.88, 1.79994
FILLER_0_25_158, 81.24, 78.88, 1.79994
_417_, 81.24, 73.44, 1.79995
_484_, 81.24, 73.44, 1.79995
rebuffer3, 81.24, 73.44, 1.79995
rebuffer4, 81.24, 73.44, 1.79995
FILLER_0_22_163, 81.24, 73.44, 1.79995
FILLER_0_23_165, 81.24, 73.44, 1.79995
FILLER_0_23_169, 81.24, 73.44, 1.79995
FILLER_0_24_166, 81.24, 73.44, 1.79995
_480_, 81.24, 68, 1.79995
_482_, 81.24, 68, 1.79995
_523_, 81.24, 68, 1.79995
rebuffer12, 81.24, 68, 1.79995
_525_, 81.24, 62.56, 1.79995
FILLER_0_18_163, 81.24, 62.56, 1.79995
FILLER_0_19_160, 81.24, 62.56, 1.79995
_527_, 81.24, 57.12, 1.79994
FILLER_0_17_164, 81.24, 57.12, 1.79994
FILLER_0_17_169, 81.24, 57.12, 1.79994
FILLER_0_15_161, 81.24, 51.68, 1.79994
_620_, 81.24, 46.24, 1.79994
_621_, 81.24, 46.24, 1.79994
_660_, 81.24, 46.24, 1.79994
FILLER_0_12_158, 81.24, 46.24, 1.79994
FILLER_0_11_158, 81.24, 40.8, 1.79994
_622_, 81.24, 35.36, 1.79993
_662_, 81.24, 35.36, 1.79993
_692_, 81.24, 35.36, 1.79993
_663_, 81.24, 29.92, 1.79993
_693_, 81.24, 29.92, 1.79993
FILLER_0_6_161, 81.24, 29.92, 1.79993
FILLER_0_7_160, 81.24, 29.92, 1.79993
FILLER_0_5_161, 81.24, 24.48, 1.79993
_688_, 81.24, 19.04, 1.79993
FILLER_0_3_158, 81.24, 19.04, 1.79993
FILLER_0_3_169, 81.24, 19.04, 1.79993
_694_, 81.24, 13.6, 1.79992
FILLER_0_0_163, 81.24, 13.6, 1.79992
FILLER_0_1_163, 81.24, 13.6, 1.79992
FILLER_0_1_169, 81.24, 13.6, 1.79992
FILLER_0_2_166, 81.24, 13.6, 1.79992
input6, 74.64, 116.96, 1.79994
_395_, 74.64, 111.52, 1.79994
_405_, 74.64, 111.52, 1.79994
FILLER_0_37_149, 74.64, 111.52, 1.79994
FILLER_0_38_157, 74.64, 111.52, 1.79994
_393_, 74.64, 106.08, 1.79994
_412_, 74.64, 106.08, 1.79994
FILLER_0_35_151, 74.64, 106.08, 1.79994
FILLER_0_36_151, 74.64, 106.08, 1.79994
_421_, 74.64, 100.64, 1.79994
_420_, 74.64, 95.2, 1.79994
_449_, 74.64, 89.76, 1.79994
FILLER_0_29_145, 74.64, 89.76, 1.79994
FILLER_0_29_153, 74.64, 89.76, 1.79994
FILLER_0_30_153, 74.64, 89.76, 1.79994
_447_, 74.64, 84.32, 1.79994
FILLER_0_28_153, 74.64, 84.32, 1.79994
_445_, 74.64, 78.88, 1.79994
_446_, 74.64, 78.88, 1.79994
FILLER_0_25_147, 74.64, 78.88, 1.79994
_483_, 74.64, 73.44, 1.79995
FILLER_0_23_149, 74.64, 73.44, 1.79995
_481_, 74.64, 68, 1.79995
_526_, 74.64, 68, 1.79995
FILLER_0_18_148, 74.64, 62.56, 1.79995
_528_, 74.64, 57.12, 1.79994
_593_, 74.64, 57.12, 1.79994
_626_, 74.64, 51.68, 1.79994
_625_, 74.64, 46.24, 1.79994
_678_, 74.64, 46.24, 1.79994
FILLER_0_13_152, 74.64, 46.24, 1.79994
_627_, 74.64, 40.8, 1.79994
_657_, 74.64, 40.8, 1.79994
FILLER_0_11_145, 74.64, 40.8, 1.79994
FILLER_0_8_154, 74.64, 29.92, 1.79993
FILLER_0_6_153, 74.64, 24.48, 1.79993
_664_, 74.64, 19.04, 1.79993
_689_, 74.64, 13.6, 1.79992
_690_, 74.64, 13.6, 1.79992
output29, 74.64, 13.6, 1.79992
FILLER_0_0_153, 74.64, 13.6, 1.79992
_409_, 68.04, 116.96, 1.79993
FILLER_0_39_131, 68.04, 116.96, 1.79993
FILLER_0_39_141, 68.04, 116.96, 1.79993
_408_, 68.04, 111.52, 1.79994
_430_, 68.04, 111.52, 1.79994
_394_, 68.04, 106.08, 1.79994
FILLER_0_34_133, 68.04, 106.08, 1.79994
FILLER_0_36_136, 68.04, 106.08, 1.79994
FILLER_0_36_141, 68.04, 106.08, 1.79994
_392_, 68.04, 100.64, 1.79994
_428_, 68.04, 100.64, 1.79994
_429_, 68.04, 100.64, 1.79994
_454_, 68.04, 100.64, 1.79994
_425_, 68.04, 95.2, 1.79994
FILLER_0_30_133, 68.04, 95.2, 1.79994
FILLER_0_31_142, 68.04, 95.2, 1.79994
FILLER_0_32_137, 68.04, 95.2, 1.79994
FILLER_0_32_141, 68.04, 95.2, 1.79994
_450_, 68.04, 89.76, 1.79994
_451_, 68.04, 89.76, 1.79994
_444_, 68.04, 84.32, 1.79994
FILLER_0_26_134, 68.04, 84.32, 1.79994
FILLER_0_27_131, 68.04, 84.32, 1.79994
FILLER_0_28_136, 68.04, 84.32, 1.79994
_448_, 68.04, 78.88, 1.79995
_485_, 68.04, 78.88, 1.79995
_487_, 68.04, 78.88, 1.79995
_486_, 68.04, 73.44, 1.79995
rebuffer9, 68.04, 73.44, 1.79995
FILLER_0_22_132, 68.04, 73.44, 1.79995
FILLER_0_24_141, 68.04, 73.44, 1.79995
_477_, 68.04, 68, 1.79995
FILLER_0_20_133, 68.04, 68, 1.79995
FILLER_0_22_141, 68.04, 68, 1.79995
_415_, 68.04, 62.56, 1.79995
_558_, 68.04, 62.56, 1.79995
FILLER_0_19_132, 68.04, 62.56, 1.79995
_559_, 68.04, 57.12, 1.79994
_587_, 68.04, 57.12, 1.79994
_560_, 68.04, 51.68, 1.79994
_594_, 68.04, 46.24, 1.79994
_619_, 68.04, 46.24, 1.79994
FILLER_0_13_131, 68.04, 46.24, 1.79994
FILLER_0_13_141, 68.04, 46.24, 1.79994
_596_, 68.04, 40.8, 1.79994
_628_, 68.04, 40.8, 1.79994
_653_, 68.04, 40.8, 1.79994
FILLER_0_10_133, 68.04, 40.8, 1.79994
FILLER_0_11_131, 68.04, 40.8, 1.79994
FILLER_0_11_139, 68.04, 40.8, 1.79994
_599_, 68.04, 29.92, 1.79993
_629_, 68.04, 29.92, 1.79993
_631_, 68.04, 29.92, 1.79993
_654_, 68.04, 29.92, 1.79993
FILLER_0_6_131, 68.04, 29.92, 1.79993
FILLER_0_7_137, 68.04, 29.92, 1.79993
FILLER_0_4_135, 68.04, 24.48, 1.79993
_652_, 68.04, 19.04, 1.79993
_655_, 68.04, 19.04, 1.79993
FILLER_0_2_133, 68.04, 19.04, 1.79993
FILLER_0_3_130, 68.04, 19.04, 1.79993
_656_, 68.04, 13.6, 1.79992
FILLER_0_1_142, 68.04, 13.6, 1.79992
output28, 61.44, 116.96, 1.79993
_410_, 61.44, 111.52, 1.79993
FILLER_0_36_115, 61.44, 111.52, 1.79993
_431_, 61.44, 106.08, 1.79994
FILLER_0_35_125, 61.44, 106.08, 1.79994
_426_, 61.44, 100.64, 1.79994
_434_, 61.44, 100.64, 1.79994
FILLER_0_32_123, 61.44, 95.2, 1.79994
FILLER_0_29_125, 61.44, 89.76, 1.79994
_441_, 61.44, 84.32, 1.79994
FILLER_0_27_121, 61.44, 84.32, 1.79994
_476_, 61.44, 73.44, 1.79995
_508_, 61.44, 73.44, 1.79995
FILLER_0_23_127, 61.44, 73.44, 1.79995
_478_, 61.44, 68, 1.79995
FILLER_0_21_123, 61.44, 68, 1.79995
_517_, 61.44, 62.56, 1.79995
_518_, 61.44, 62.56, 1.79995
FILLER_0_19_121, 61.44, 62.56, 1.79995
FILLER_0_16_118, 61.44, 57.12, 1.79995
FILLER_0_18_125, 61.44, 57.12, 1.79995
rebuffer2, 61.44, 51.68, 1.79994
FILLER_0_16_125, 61.44, 51.68, 1.79994
_376_, 61.44, 46.24, 1.79994
FILLER_0_12_120, 61.44, 46.24, 1.79994
FILLER_0_13_123, 61.44, 46.24, 1.79994
_595_, 61.44, 40.8, 1.79994
_597_, 61.44, 40.8, 1.79994
FILLER_0_11_121, 61.44, 40.8, 1.79994
_600_, 61.44, 29.92, 1.79993
FILLER_0_7_121, 61.44, 29.92, 1.79993
FILLER_0_6_123, 61.44, 24.48, 1.79993
_632_, 61.44, 19.04, 1.79993
_630_, 61.44, 13.6, 1.79992
_650_, 61.44, 13.6, 1.79992
input4, 61.44, 13.6, 1.79992
_731_, 54.84, 116.96, 1.79993
FILLER_0_39_103, 54.84, 116.96, 1.79993
_459_, 54.84, 111.52, 1.79993
_730_, 54.84, 111.52, 1.79993
_432_, 54.84, 106.08, 1.79994
FILLER_0_35_106, 54.84, 106.08, 1.79994
_424_, 54.84, 100.64, 1.79994
_427_, 54.84, 100.64, 1.79994
FILLER_0_32_103, 54.84, 100.64, 1.79994
FILLER_0_33_109, 54.84, 100.64, 1.79994
_422_, 54.84, 95.2, 1.79994
FILLER_0_31_103, 54.84, 95.2, 1.79994
_423_, 54.84, 89.76, 1.79994
_443_, 54.84, 89.76, 1.79994
_439_, 54.84, 84.32, 1.79994
_442_, 54.84, 84.32, 1.79994
_467_, 54.84, 84.32, 1.79994
FILLER_0_27_103, 54.84, 84.32, 1.79994
_440_, 54.84, 78.88, 1.79994
rebuffer5, 54.84, 78.88, 1.79994
FILLER_0_24_101, 54.84, 78.88, 1.79994
FILLER_0_25_105, 54.84, 78.88, 1.79994
FILLER_0_26_109, 54.84, 78.88, 1.79994
_475_, 54.84, 73.44, 1.79995
FILLER_0_23_113, 54.84, 73.44, 1.79995
FILLER_0_22_111, 54.84, 68, 1.79995
_519_, 54.84, 62.56, 1.79995
FILLER_0_18_107, 54.84, 62.56, 1.79995
FILLER_0_19_108, 54.84, 62.56, 1.79995
_551_, 54.84, 57.12, 1.79994
_557_, 54.84, 57.12, 1.79994
_561_, 54.84, 57.12, 1.79994
rebuffer1, 54.84, 57.12, 1.79994
_568_, 54.84, 51.68, 1.79994
_569_, 54.84, 51.68, 1.79994
FILLER_0_14_105, 54.84, 51.68, 1.79994
_589_, 54.84, 46.24, 1.79994
_590_, 54.84, 46.24, 1.79994
_602_, 54.84, 46.24, 1.79994
FILLER_0_13_105, 54.84, 46.24, 1.79994
FILLER_0_13_113, 54.84, 46.24, 1.79994
_588_, 54.84, 40.8, 1.79994
FILLER_0_11_103, 54.84, 40.8, 1.79994
FILLER_0_11_113, 54.84, 40.8, 1.79994
_623_, 54.84, 35.36, 1.79993
FILLER_0_8_106, 54.84, 35.36, 1.79993
FILLER_0_9_109, 54.84, 35.36, 1.79993
_624_, 54.84, 29.92, 1.79993
_647_, 54.84, 29.92, 1.79993
_648_, 54.84, 29.92, 1.79993
FILLER_0_7_106, 54.84, 29.92, 1.79993
_633_, 54.84, 24.48, 1.79993
FILLER_0_5_108, 54.84, 24.48, 1.79993
_651_, 54.84, 19.04, 1.79993
_665_, 54.84, 19.04, 1.79993
FILLER_0_2_104, 54.84, 19.04, 1.79993
FILLER_0_3_103, 54.84, 19.04, 1.79993
_666_, 54.84, 13.6, 1.79992
FILLER_0_0_103, 54.84, 13.6, 1.79992
FILLER_0_0_113, 54.84, 13.6, 1.79992
_433_, 48.24, 111.52, 1.79993
_465_, 48.24, 111.52, 1.79993
FILLER_0_38_100, 48.24, 111.52, 1.79993
FILLER_0_36_97, 48.24, 106.08, 1.79994
_455_, 48.24, 100.64, 1.79993
_453_, 48.24, 95.2, 1.79994
FILLER_0_32_95, 48.24, 95.2, 1.79994
_452_, 48.24, 89.76, 1.79994
_490_, 48.24, 89.76, 1.79994
FILLER_0_28_97, 48.24, 84.32, 1.79994
_489_, 48.24, 78.88, 1.79994
_479_, 48.24, 73.44, 1.79994
_488_, 48.24, 73.44, 1.79994
_531_, 48.24, 73.44, 1.79994
FILLER_0_23_94, 48.24, 73.44, 1.79994
_530_, 48.24, 68, 1.79995
_529_, 48.24, 62.56, 1.79994
_570_, 48.24, 62.56, 1.79994
_516_, 48.24, 57.12, 1.79994
FILLER_0_17_100, 48.24, 57.12, 1.79994
FILLER_0_18_99, 48.24, 57.12, 1.79994
_572_, 48.24, 51.68, 1.79994
FILLER_0_16_97, 48.24, 51.68, 1.79994
FILLER_0_12_90, 48.24, 46.24, 1.79994
FILLER_0_14_97, 48.24, 46.24, 1.79994
FILLER_0_12_98, 48.24, 40.8, 1.79993
_635_, 48.24, 35.36, 1.79993
_636_, 48.24, 29.92, 1.79993
FILLER_0_8_98, 48.24, 29.92, 1.79993
FILLER_0_6_97, 48.24, 24.48, 1.79993
_649_, 48.24, 19.04, 1.79992
_668_, 48.24, 19.04, 1.79992
FILLER_0_4_97, 48.24, 19.04, 1.79992
_667_, 48.24, 13.6, 1.79992
_669_, 48.24, 13.6, 1.79992
_695_, 48.24, 13.6, 1.79992
output27, 41.64, 116.96, 1.79993
FILLER_0_38_77, 41.64, 116.96, 1.79993
FILLER_0_39_81, 41.64, 116.96, 1.79993
_411_, 41.64, 111.52, 1.79992
_460_, 41.64, 111.52, 1.79992
_464_, 41.64, 111.52, 1.79992
_466_, 41.64, 111.52, 1.79992
_461_, 41.64, 106.08, 1.79993
FILLER_0_36_81, 41.64, 106.08, 1.79993
_437_, 41.64, 100.64, 1.79993
_438_, 41.64, 100.64, 1.79993
_458_, 41.64, 100.64, 1.79993
FILLER_0_34_79, 41.64, 100.64, 1.79993
_456_, 41.64, 95.2, 1.79994
FILLER_0_30_77, 41.64, 95.2, 1.79994
FILLER_0_31_79, 41.64, 95.2, 1.79994
FILLER_0_32_81, 41.64, 95.2, 1.79994
FILLER_0_28_76, 41.64, 89.76, 1.79994
FILLER_0_29_81, 41.64, 89.76, 1.79994
FILLER_0_30_85, 41.64, 89.76, 1.79994
_491_, 41.64, 84.32, 1.79994
_492_, 41.64, 84.32, 1.79994
FILLER_0_26_78, 41.64, 84.32, 1.79994
FILLER_0_24_76, 41.64, 78.88, 1.79994
_435_, 41.64, 73.44, 1.79994
_533_, 41.64, 73.44, 1.79994
FILLER_0_22_76, 41.64, 73.44, 1.79994
FILLER_0_23_82, 41.64, 73.44, 1.79994
FILLER_0_24_85, 41.64, 73.44, 1.79994
_532_, 41.64, 68, 1.79994
_520_, 41.64, 62.56, 1.79994
FILLER_0_20_81, 41.64, 62.56, 1.79994
_552_, 41.64, 57.12, 1.79994
_553_, 41.64, 57.12, 1.79994
FILLER_0_18_85, 41.64, 57.12, 1.79994
_571_, 41.64, 51.68, 1.79993
FILLER_0_15_81, 41.64, 51.68, 1.79993
FILLER_0_16_81, 41.64, 51.68, 1.79993
_468_, 41.64, 46.24, 1.79993
_591_, 41.64, 46.24, 1.79993
_592_, 41.64, 40.8, 1.79993
_617_, 41.64, 40.8, 1.79993
FILLER_0_10_77, 41.64, 40.8, 1.79993
FILLER_0_12_80, 41.64, 40.8, 1.79993
_604_, 41.64, 35.36, 1.79993
_603_, 41.64, 29.92, 1.79993
_634_, 41.64, 29.92, 1.79993
FILLER_0_6_76, 41.64, 29.92, 1.79993
FILLER_0_7_76, 41.64, 29.92, 1.79993
_637_, 41.64, 24.48, 1.79992
_670_, 41.64, 24.48, 1.79992
_672_, 41.64, 19.04, 1.79992
_696_, 41.64, 13.6, 1.79991
_698_, 41.64, 13.6, 1.79991
output24, 41.64, 13.6, 1.79991
FILLER_0_0_75, 41.64, 13.6, 1.79991
FILLER_0_1_80, 41.64, 13.6, 1.79991
FILLER_0_2_80, 41.64, 13.6, 1.79991
_462_, 35.04, 111.52, 1.79992
_501_, 35.04, 111.52, 1.79992
FILLER_0_37_57, 35.04, 111.52, 1.79992
_463_, 35.04, 106.08, 1.79993
FILLER_0_35_69, 35.04, 106.08, 1.79993
_457_, 35.04, 100.64, 1.79993
_436_, 35.04, 95.2, 1.79993
_469_, 35.04, 84.32, 1.79994
_471_, 35.04, 84.32, 1.79994
_472_, 35.04, 84.32, 1.79994
_507_, 35.04, 84.32, 1.79994
max_cap33, 35.04, 84.32, 1.79994
FILLER_0_26_60, 35.04, 84.32, 1.79994
FILLER_0_27_60, 35.04, 84.32, 1.79994
_470_, 35.04, 78.88, 1.79994
FILLER_0_23_69, 35.04, 73.44, 1.79994
_509_, 35.04, 68, 1.79994
_511_, 35.04, 68, 1.79994
FILLER_0_20_60, 35.04, 68, 1.79994
_510_, 35.04, 62.56, 1.79994
_554_, 35.04, 57.12, 1.79994
_555_, 35.04, 57.12, 1.79994
_585_, 35.04, 57.12, 1.79994
_616_, 35.04, 40.8, 1.79993
_618_, 35.04, 40.8, 1.79993
FILLER_0_11_63, 35.04, 40.8, 1.79993
FILLER_0_9_69, 35.04, 35.36, 1.79993
_638_, 35.04, 29.92, 1.79992
_671_, 35.04, 24.48, 1.79992
FILLER_0_5_69, 35.04, 24.48, 1.79992
FILLER_0_6_65, 35.04, 24.48, 1.79992
_722_, 35.04, 19.04, 1.79992
FILLER_0_3_57, 35.04, 19.04, 1.79992
_697_, 35.04, 13.6, 1.7999
_719_, 35.04, 13.6, 1.7999
output21, 35.04, 13.6, 1.7999
FILLER_0_1_60, 35.04, 13.6, 1.7999
input5, 28.44, 116.96, 1.79992
FILLER_0_39_49, 28.44, 116.96, 1.79992
FILLER_0_37_45, 28.44, 111.52, 1.79992
FILLER_0_37_53, 28.44, 111.52, 1.79992
FILLER_0_35_51, 28.44, 106.08, 1.79993
_496_, 28.44, 100.64, 1.79993
FILLER_0_32_45, 28.44, 100.64, 1.79993
FILLER_0_33_48, 28.44, 100.64, 1.79993
_495_, 28.44, 95.2, 1.79993
FILLER_0_31_45, 28.44, 95.2, 1.79993
_474_, 28.44, 89.76, 1.79993
_493_, 28.44, 89.76, 1.79993
_494_, 28.44, 89.76, 1.79993
FILLER_0_29_53, 28.44, 89.76, 1.79993
_473_, 28.44, 84.32, 1.79993
_505_, 28.44, 78.88, 1.79993
FILLER_0_25_46, 28.44, 78.88, 1.79993
_548_, 28.44, 73.44, 1.79994
FILLER_0_23_46, 28.44, 73.44, 1.79994
_512_, 28.44, 68, 1.79994
_514_, 28.44, 68, 1.79994
FILLER_0_21_53, 28.44, 68, 1.79994
_513_, 28.44, 62.56, 1.79993
FILLER_0_19_50, 28.44, 62.56, 1.79993
_556_, 28.44, 57.12, 1.79993
FILLER_0_17_51, 28.44, 57.12, 1.79993
_586_, 28.44, 51.68, 1.79992
_605_, 28.44, 51.68, 1.79992
FILLER_0_15_49, 28.44, 51.68, 1.79992
_607_, 28.44, 46.24, 1.79993
FILLER_0_13_51, 28.44, 46.24, 1.79993
_606_, 28.44, 40.8, 1.79992
FILLER_0_11_43, 28.44, 40.8, 1.79992
FILLER_0_11_53, 28.44, 40.8, 1.79992
_615_, 28.44, 35.36, 1.79993
_640_, 28.44, 35.36, 1.79993
_639_, 28.44, 29.92, 1.79992
FILLER_0_7_51, 28.44, 29.92, 1.79992
FILLER_0_5_51, 28.44, 24.48, 1.79992
_699_, 28.44, 19.04, 1.79991
_720_, 28.44, 19.04, 1.79991
_700_, 28.44, 13.6, 1.7999
_723_, 28.44, 13.6, 1.7999
FILLER_0_0_53, 28.44, 13.6, 1.7999
FILLER_0_1_43, 28.44, 13.6, 1.7999
FILLER_0_39_41, 21.84, 116.96, 1.7999
_499_, 21.84, 106.08, 1.79993
_497_, 21.84, 100.64, 1.79993
_500_, 21.84, 100.64, 1.79993
_544_, 21.84, 100.64, 1.79993
FILLER_0_32_29, 21.84, 100.64, 1.79993
_498_, 21.84, 95.2, 1.79993
_540_, 21.84, 95.2, 1.79993
FILLER_0_31_31, 21.84, 95.2, 1.79993
FILLER_0_28_29, 21.84, 89.76, 1.79993
_506_, 21.84, 84.32, 1.79993
_536_, 21.84, 84.32, 1.79993
FILLER_0_28_40, 21.84, 84.32, 1.79993
_534_, 21.84, 78.88, 1.79993
rebuffer10, 21.84, 78.88, 1.79993
FILLER_0_26_42, 21.84, 78.88, 1.79993
_515_, 21.84, 73.44, 1.79993
_535_, 21.84, 73.44, 1.79993
_550_, 21.84, 73.44, 1.79993
_549_, 21.84, 68, 1.79994
FILLER_0_21_30, 21.84, 68, 1.79994
FILLER_0_21_38, 21.84, 68, 1.79994
FILLER_0_22_41, 21.84, 68, 1.79994
_575_, 21.84, 62.56, 1.79992
_576_, 21.84, 62.56, 1.79992
FILLER_0_20_41, 21.84, 62.56, 1.79992
_574_, 21.84, 57.12, 1.79993
FILLER_0_16_29, 21.84, 57.12, 1.79993
_573_, 21.84, 51.68, 1.79991
FILLER_0_15_32, 21.84, 51.68, 1.79991
FILLER_0_15_40, 21.84, 51.68, 1.79991
_608_, 21.84, 46.24, 1.79993
_609_, 21.84, 46.24, 1.79993
_610_, 21.84, 40.8, 1.79991
FILLER_0_11_35, 21.84, 40.8, 1.79991
FILLER_0_12_41, 21.84, 40.8, 1.79991
_645_, 21.84, 35.36, 1.79992
FILLER_0_9_41, 21.84, 35.36, 1.79992
_641_, 21.84, 29.92, 1.7999
_644_, 21.84, 29.92, 1.7999
_721_, 21.84, 24.48, 1.79991
FILLER_0_4_29, 21.84, 24.48, 1.79991
_673_, 21.84, 19.04, 1.79991
FILLER_0_3_29, 21.84, 19.04, 1.79991
FILLER_0_2_41, 21.84, 13.6, 1.79989
PHY_76, 5.52, 116.96, 1.79983
PHY_78, 5.52, 116.96, 1.79983
output31, 5.52, 116.96, 1.79983
output22, 13.68, 116.96, 1.79985
FILLER_0_39_9, 13.68, 116.96, 1.79985
FILLER_0_39_23, 13.68, 116.96, 1.79985
PHY_72, 5.52, 111.52, 1.79986
PHY_74, 5.52, 111.52, 1.79986
output18, 5.52, 111.52, 1.79986
PHY_68, 5.52, 106.08, 1.79992
PHY_70, 5.52, 106.08, 1.79992
_503_, 13.68, 106.08, 1.79992
PHY_64, 5.52, 100.64, 1.79992
PHY_66, 5.52, 100.64, 1.79992
FILLER_0_33_3, 5.52, 100.64, 1.79992
_502_, 13.68, 100.64, 1.79992
_504_, 13.68, 100.64, 1.79992
_545_, 13.68, 100.64, 1.79992
FILLER_0_34_19, 13.68, 100.64, 1.79992
PHY_60, 5.52, 95.2, 1.79993
PHY_62, 5.52, 95.2, 1.79993
input2, 5.52, 95.2, 1.79993
PHY_56, 5.52, 89.76, 1.79993
PHY_58, 5.52, 89.76, 1.79993
FILLER_0_29_3, 5.52, 89.76, 1.79993
_546_, 13.68, 89.76, 1.79993
PHY_52, 5.52, 84.32, 1.79993
PHY_54, 5.52, 84.32, 1.79993
_543_, 13.68, 84.32, 1.79993
rebuffer11, 13.68, 84.32, 1.79993
PHY_48, 5.52, 78.88, 1.79991
PHY_50, 5.52, 78.88, 1.79991
input15, 5.52, 78.88, 1.79991
FILLER_0_25_3, 5.52, 78.88, 1.79991
_537_, 13.68, 78.88, 1.79991
_538_, 13.68, 78.88, 1.79991
_539_, 13.68, 78.88, 1.79991
_541_, 13.68, 78.88, 1.79991
rebuffer6, 13.68, 78.88, 1.79991
FILLER_0_24_16, 13.68, 78.88, 1.79991
FILLER_0_25_23, 13.68, 78.88, 1.79991
FILLER_0_26_19, 13.68, 78.88, 1.79991
_542_, 5.52, 73.44, 1.79991
_547_, 5.52, 73.44, 1.79991
PHY_44, 5.52, 73.44, 1.79991
PHY_46, 5.52, 73.44, 1.79991
rebuffer7, 13.68, 73.44, 1.79992
FILLER_0_23_21, 13.68, 73.44, 1.79992
FILLER_0_24_23, 13.68, 73.44, 1.79992
PHY_40, 5.52, 68, 1.79993
PHY_42, 5.52, 68, 1.79993
_577_, 13.68, 68, 1.79993
rebuffer8, 13.68, 68, 1.79993
_579_, 5.52, 62.56, 1.79987
PHY_36, 5.52, 62.56, 1.79987
PHY_38, 5.52, 62.56, 1.79987
output30, 5.52, 62.56, 1.79987
FILLER_0_19_3, 5.52, 62.56, 1.79987
FILLER_0_20_3, 5.52, 62.56, 1.79987
_578_, 13.68, 62.56, 1.79989
_584_, 13.68, 62.56, 1.79989
FILLER_0_19_14, 13.68, 62.56, 1.79989
_580_, 5.52, 57.12, 1.79992
PHY_32, 5.52, 57.12, 1.79992
PHY_34, 5.52, 57.12, 1.79992
_582_, 13.68, 57.12, 1.79992
FILLER_0_16_11, 13.68, 57.12, 1.79992
FILLER_0_18_22, 13.68, 57.12, 1.79992
PHY_28, 5.52, 51.68, 1.79987
PHY_30, 5.52, 51.68, 1.79987
FILLER_0_15_3, 5.52, 51.68, 1.79987
FILLER_0_16_3, 5.52, 51.68, 1.79987
_361_, 13.68, 51.68, 1.79987
_581_, 13.68, 51.68, 1.79987
_583_, 13.68, 51.68, 1.79987
_611_, 13.68, 51.68, 1.79987
_612_, 13.68, 51.68, 1.79987
PHY_24, 5.52, 46.24, 1.79992
PHY_26, 5.52, 46.24, 1.79992
output17, 5.52, 46.24, 1.79992
FILLER_0_14_24, 13.68, 46.24, 1.79992
_614_, 5.52, 40.8, 1.79988
PHY_20, 5.52, 40.8, 1.79988
PHY_22, 5.52, 40.8, 1.79988
_613_, 13.68, 40.8, 1.79989
_642_, 13.68, 40.8, 1.79989
FILLER_0_11_11, 13.68, 40.8, 1.79989
FILLER_0_11_21, 13.68, 40.8, 1.79989
PHY_16, 5.52, 35.36, 1.79992
PHY_18, 5.52, 35.36, 1.79992
_646_, 13.68, 35.36, 1.79992
FILLER_0_9_15, 13.68, 35.36, 1.79992
PHY_12, 5.52, 29.92, 1.79988
PHY_14, 5.52, 29.92, 1.79988
input3, 5.52, 29.92, 1.79988
_643_, 13.68, 29.92, 1.79989
FILLER_0_7_19, 13.68, 29.92, 1.79989
PHY_8, 5.52, 24.48, 1.79991
PHY_10, 5.52, 24.48, 1.79991
FILLER_0_4_15, 13.68, 24.48, 1.79991
PHY_4, 5.52, 19.04, 1.7999
PHY_6, 5.52, 19.04, 1.7999
_674_, 13.68, 19.04, 1.7999
_675_, 13.68, 19.04, 1.7999
FILLER_0_3_15, 13.68, 19.04, 1.7999
FILLER_0_3_23, 13.68, 19.04, 1.7999
PHY_0, 5.52, 13.6, 1.79986
PHY_2, 5.52, 13.6, 1.79986
input11, 5.52, 13.6, 1.79986
input12, 5.52, 13.6, 1.79986
output20, 13.68, 13.6, 1.79987
FILLER_0_0_9, 13.68, 13.6, 1.79987
FILLER_0_0_21, 13.68, 13.6, 1.79987

