OpenROAD 41a51eaf4ca2171c92ff38afb91eb37bbd3f36da 
This program is licensed under the BSD-3 license. See the LICENSE file for details.
Components of this program may be licensed under more restrictive licenses which must be honored.
[INFO]: Reading ODB at '/openlane/designs/baugh/runs/myrun/tmp/15-baugh.odb'…
define_corners Slowest Typical Fastest
read_liberty -corner Slowest /home/jagadeesh97/.ciel/ciel/sky130/versions/0fe599b2afb6708d281543108caf8310912f54af/sky130A/libs.ref/sky130_fd_sc_hd/lib/sky130_fd_sc_hd__ss_100C_1v60.lib
read_liberty -corner Typical /home/jagadeesh97/.ciel/ciel/sky130/versions/0fe599b2afb6708d281543108caf8310912f54af/sky130A/libs.ref/sky130_fd_sc_hd/lib/sky130_fd_sc_hd__tt_025C_1v80.lib
read_liberty -corner Fastest /home/jagadeesh97/.ciel/ciel/sky130/versions/0fe599b2afb6708d281543108caf8310912f54af/sky130A/libs.ref/sky130_fd_sc_hd/lib/sky130_fd_sc_hd__ff_n40C_1v95.lib
Using 1e-12 for capacitance...
Using 1e+03 for resistance...
Using 1e-09 for time...
Using 1e+00 for voltage...
Using 1e-03 for current...
Using 1e-09 for power...
Using 1e-06 for distance...
Reading design constraints file at '/openlane/designs/baugh/runs/myrun/tmp/15-baugh.sdc'…
[WARNING STA-0357] virtual clock clk can not be propagated.
[INFO]: Setting signal min routing layer to: met1 and clock min routing layer to met3. 
[INFO]: Setting signal max routing layer to: met5 and clock max routing layer to met5. 
-congestion_iterations 50 -verbose -congestion_report_file /openlane/designs/baugh/runs/myrun/tmp/routing/resizer-routing-timing-congestion.rpt
[INFO GRT-0020] Min routing layer: met1
[INFO GRT-0021] Max routing layer: met5
[INFO GRT-0022] Global adjustment: 30%
[INFO GRT-0023] Grid origin: (0, 0)
[INFO GRT-0043] No OR_DEFAULT vias defined.
[INFO GRT-0088] Layer li1     Track-Pitch = 0.4600  line-2-Via Pitch: 0.3400
[INFO GRT-0088] Layer met1    Track-Pitch = 0.3400  line-2-Via Pitch: 0.3400
[INFO GRT-0088] Layer met2    Track-Pitch = 0.4600  line-2-Via Pitch: 0.3500
[INFO GRT-0088] Layer met3    Track-Pitch = 0.6800  line-2-Via Pitch: 0.6150
[INFO GRT-0088] Layer met4    Track-Pitch = 0.9200  line-2-Via Pitch: 1.0400
[INFO GRT-0088] Layer met5    Track-Pitch = 3.4000  line-2-Via Pitch: 3.1100
[INFO GRT-0019] Found 0 clock nets.
[INFO GRT-0001] Minimum degree: 2
[INFO GRT-0002] Maximum degree: 11
[INFO GRT-0003] Macros: 0
[INFO GRT-0004] Blockages: 35

[INFO GRT-0053] Routing resources analysis:
          Routing      Original      Derated      Resource
Layer     Direction    Resources     Resources    Reduction (%)
---------------------------------------------------------------
li1        Vertical            0             0          0.00%
met1       Horizontal       6460          3262          49.50%
met2       Vertical         4845          3185          34.26%
met3       Horizontal       3230          2033          37.06%
met4       Vertical         1938           662          65.84%
met5       Horizontal        646            96          85.14%
---------------------------------------------------------------

[INFO GRT-0197] Via related to pin nodes: 1649
[INFO GRT-0198] Via related Steiner nodes: 25
[INFO GRT-0199] Via filling finished.
[INFO GRT-0111] Final number of vias: 1791
[INFO GRT-0112] Final usage 3D: 6733

[INFO GRT-0096] Final congestion report:
Layer         Resource        Demand        Usage (%)    Max H / Max V / Total Overflow
---------------------------------------------------------------------------------------
li1                  0             0            0.00%             0 /  0 /  0
met1              3262           712           21.83%             0 /  0 /  0
met2              3185           644           20.22%             0 /  0 /  0
met3              2033             4            0.20%             0 /  0 /  0
met4               662             0            0.00%             0 /  0 /  0
met5                96             0            0.00%             0 /  0 /  0
---------------------------------------------------------------------------------------
Total             9238          1360           14.72%             0 /  0 /  0

[INFO GRT-0018] Total wirelength: 15683 um
[INFO GRT-0014] Routed nets: 435
[INFO]: Setting RC values...
[INFO GRT-0009] rerouting 4 nets.
[INFO GRT-0009] rerouting 8 nets.
[INFO GRT-0009] rerouting 11 nets.
[INFO GRT-0009] rerouting 16 nets.
[INFO GRT-0009] rerouting 19 nets.
[INFO GRT-0001] Minimum degree: 2
[INFO GRT-0002] Maximum degree: 2
[INFO GRT-0009] rerouting 2 nets.
[INFO GRT-0009] rerouting 6 nets.
[INFO GRT-0009] rerouting 11 nets.
[INFO GRT-0009] rerouting 15 nets.
[INFO GRT-0001] Minimum degree: 3
[INFO GRT-0002] Maximum degree: 3
[INFO GRT-0009] rerouting 3 nets.
[INFO GRT-0001] Minimum degree: 3
[INFO GRT-0002] Maximum degree: 3
[WARNING RSZ-0073] driver pin _531_/X not found in global routes
[WARNING RSZ-0075] makeBufferedNet failed for driver _531_/X
[INFO GRT-0009] rerouting 4 nets.
[INFO GRT-0001] Minimum degree: 3
[INFO GRT-0002] Maximum degree: 3
[INFO GRT-0009] rerouting 4 nets.
[INFO GRT-0009] rerouting 8 nets.
[INFO GRT-0001] Minimum degree: 5
[INFO GRT-0002] Maximum degree: 5
[INFO GRT-0009] rerouting 4 nets.
[INFO GRT-0001] Minimum degree: 3
[INFO GRT-0002] Maximum degree: 4
[INFO GRT-0009] rerouting 3 nets.
[WARNING RSZ-0073] driver pin _531_/X not found in global routes
[WARNING RSZ-0075] makeBufferedNet failed for driver _531_/X
[INFO GRT-0009] rerouting 7 nets.
[INFO GRT-0009] rerouting 11 nets.
[INFO GRT-0001] Minimum degree: 3
[INFO GRT-0002] Maximum degree: 3
[WARNING RSZ-0073] driver pin _531_/X not found in global routes
[WARNING RSZ-0075] makeBufferedNet failed for driver _531_/X
[INFO GRT-0009] rerouting 2 nets.
[INFO GRT-0001] Minimum degree: 8
[INFO GRT-0002] Maximum degree: 8
[WARNING RSZ-0073] driver pin _531_/X not found in global routes
[WARNING RSZ-0075] makeBufferedNet failed for driver _531_/X
[WARNING RSZ-0073] driver pin _482_/X not found in global routes
[WARNING RSZ-0075] makeBufferedNet failed for driver _482_/X
[INFO GRT-0009] rerouting 2 nets.
[WARNING RSZ-0073] driver pin _531_/X not found in global routes
[WARNING RSZ-0075] makeBufferedNet failed for driver _531_/X
[WARNING RSZ-0073] driver pin _482_/X not found in global routes
[WARNING RSZ-0075] makeBufferedNet failed for driver _482_/X
[INFO GRT-0009] rerouting 2 nets.
[INFO GRT-0009] rerouting 2 nets.
[INFO RSZ-0041] Resized 19 instances.
[WARNING RSZ-0062] Unable to repair all setup violations.
[INFO RSZ-0033] No hold violations found.
[INFO GRT-0009] rerouting 2 nets.
Placement Analysis
---------------------------------
total displacement          7.7 u
average displacement        0.0 u
max displacement            2.7 u
original HPWL            8881.5 u
legalized HPWL           9303.6 u
delta HPWL                    5 %

[INFO DPL-0020] Mirrored 205 instances
[INFO DPL-0021] HPWL before            9303.6 u
[INFO DPL-0022] HPWL after             8887.2 u
[INFO DPL-0023] HPWL delta               -4.5 %
Setting global connections for newly added cells…
Writing OpenROAD database to '/openlane/designs/baugh/runs/myrun/tmp/17-baugh.odb'…
Writing netlist to '/openlane/designs/baugh/runs/myrun/tmp/17-baugh.nl.v'…
Writing powered netlist to '/openlane/designs/baugh/runs/myrun/tmp/17-baugh.pnl.v'…
Writing layout to '/openlane/designs/baugh/runs/myrun/tmp/17-baugh.def'…
Writing timing constraints to '/openlane/designs/baugh/runs/myrun/tmp/17-baugh.sdc'…
area_report

===========================================================================
report_design_area
============================================================================
Design area 3413 u^2 29% utilization.
area_report_end
