OpenROAD 41a51eaf4ca2171c92ff38afb91eb37bbd3f36da 
This program is licensed under the BSD-3 license. See the LICENSE file for details.
Components of this program may be licensed under more restrictive licenses which must be honored.
[INFO]: Reading ODB at '/openlane/designs/kogge/runs/myrun/results/floorplan/kogge.odb'…
define_corners Typical
read_liberty -corner Typical /home/jagadeesh97/.ciel/ciel/sky130/versions/0fe599b2afb6708d281543108caf8310912f54af/sky130A/libs.ref/sky130_fd_sc_hd/lib/sky130_fd_sc_hd__tt_025C_1v80.lib
Using 1e-12 for capacitance...
Using 1e+03 for resistance...
Using 1e-09 for time...
Using 1e+00 for voltage...
Using 1e-03 for current...
Using 1e-09 for power...
Using 1e-06 for distance...
Reading design constraints file at '/openlane/designs/kogge/runs/myrun/tmp/floorplan/3-initial_fp.sdc'…
[INFO]: Setting RC values...
[INFO]: Setting signal min routing layer to: met1 and clock min routing layer to met3. 
[INFO]: Setting signal max routing layer to: met5 and clock max routing layer to met5. 
[INFO GPL-0002] DBU: 1000
[INFO GPL-0003] SiteSize: 460 2720
[INFO GPL-0004] CoreAreaLxLy: 5520 10880
[INFO GPL-0005] CoreAreaUxUy: 67160 70720
[INFO GPL-0006] NumInstances: 202
[INFO GPL-0007] NumPlaceInstances: 110
[INFO GPL-0008] NumFixedInstances: 92
[INFO GPL-0009] NumDummyInstances: 0
[INFO GPL-0010] NumNets: 142
[INFO GPL-0011] NumPins: 454
[INFO GPL-0012] DieAreaLxLy: 0 0
[INFO GPL-0013] DieAreaUxUy: 72880 83600
[INFO GPL-0014] CoreAreaLxLy: 5520 10880
[INFO GPL-0015] CoreAreaUxUy: 67160 70720
[INFO GPL-0016] CoreArea: 3688537600
[INFO GPL-0017] NonPlaceInstsArea: 225216000
[INFO GPL-0018] PlaceInstsArea: 1147350400
[INFO GPL-0019] Util(%): 33.13
[INFO GPL-0020] StdInstsArea: 1147350400
[INFO GPL-0021] MacroInstsArea: 0
[InitialPlace]  Iter: 1 CG residual: 0.00000008 HPWL: 4538240
[InitialPlace]  Iter: 2 CG residual: 0.00000004 HPWL: 3780859
[InitialPlace]  Iter: 3 CG residual: 0.00000004 HPWL: 3784067
[InitialPlace]  Iter: 4 CG residual: 0.00000009 HPWL: 3785827
[InitialPlace]  Iter: 5 CG residual: 0.00000009 HPWL: 3785703
[INFO GPL-0031] FillerInit: NumGCells: 119
[INFO GPL-0032] FillerInit: NumGNets: 142
[INFO GPL-0033] FillerInit: NumGPins: 454
[INFO GPL-0023] TargetDensity: 0.36
[INFO GPL-0024] AveragePlaceInstArea: 10430458
[INFO GPL-0025] IdealBinArea: 28973494
[INFO GPL-0026] IdealBinCnt: 127
[INFO GPL-0027] TotalBinArea: 3688537600
[INFO GPL-0028] BinCnt: 8 8
[INFO GPL-0029] BinSize: 7705 7480
[INFO GPL-0030] NumBins: 64
[NesterovSolve] Iter: 1 overflow: 0.66463 HPWL: 3263738
[INFO GPL-0100] worst slack 4.03e-09
[INFO GPL-0103] Weighted 14 nets.
[INFO GPL-0100] worst slack 3.98e-09
[INFO GPL-0103] Weighted 14 nets.
[NesterovSolve] Snapshot saved at iter = 3
[NesterovSolve] Iter: 10 overflow: 0.529377 HPWL: 3561203
[NesterovSolve] Iter: 20 overflow: 0.543496 HPWL: 3545196
[NesterovSolve] Iter: 30 overflow: 0.539491 HPWL: 3548614
[NesterovSolve] Iter: 40 overflow: 0.540951 HPWL: 3546834
[NesterovSolve] Iter: 50 overflow: 0.540319 HPWL: 3547575
[NesterovSolve] Iter: 60 overflow: 0.540495 HPWL: 3547344
[NesterovSolve] Iter: 70 overflow: 0.540339 HPWL: 3547590
[NesterovSolve] Iter: 80 overflow: 0.540253 HPWL: 3547756
[NesterovSolve] Iter: 90 overflow: 0.540046 HPWL: 3548111
[NesterovSolve] Iter: 100 overflow: 0.539756 HPWL: 3548636
[NesterovSolve] Iter: 110 overflow: 0.539253 HPWL: 3549511
[NesterovSolve] Iter: 120 overflow: 0.538418 HPWL: 3550737
[NesterovSolve] Iter: 130 overflow: 0.536923 HPWL: 3552339
[NesterovSolve] Iter: 140 overflow: 0.534926 HPWL: 3555256
[NesterovSolve] Iter: 150 overflow: 0.53201 HPWL: 3559926
[NesterovSolve] Iter: 160 overflow: 0.527541 HPWL: 3565925
[NesterovSolve] Iter: 170 overflow: 0.52072 HPWL: 3575423
[NesterovSolve] Iter: 180 overflow: 0.510514 HPWL: 3589713
[NesterovSolve] Iter: 190 overflow: 0.495312 HPWL: 3608451
[INFO GPL-0100] worst slack 3.99e-09
[INFO GPL-0103] Weighted 14 nets.
[NesterovSolve] Iter: 200 overflow: 0.474142 HPWL: 3631775
[NesterovSolve] Iter: 210 overflow: 0.448337 HPWL: 3658584
[NesterovSolve] Iter: 220 overflow: 0.415109 HPWL: 3684111
[NesterovSolve] Iter: 230 overflow: 0.378814 HPWL: 3710905
[NesterovSolve] Iter: 240 overflow: 0.338784 HPWL: 3728138
[INFO GPL-0100] worst slack 3.99e-09
[INFO GPL-0103] Weighted 12 nets.
[NesterovSolve] Iter: 250 overflow: 0.269168 HPWL: 3676421
[NesterovSolve] Iter: 260 overflow: 0.25066 HPWL: 3641767
[NesterovSolve] Iter: 270 overflow: 0.206815 HPWL: 3662513
[INFO GPL-0100] worst slack 4.03e-09
[INFO GPL-0103] Weighted 13 nets.
[INFO GPL-0075] Routability numCall: 1 inflationIterCnt: 1 bloatIterCnt: 0
[INFO GPL-0036] TileLxLy: 0 0
[INFO GPL-0037] TileSize: 6900 6900
[INFO GPL-0038] TileCnt: 10 12
[INFO GPL-0039] numRoutingLayers: 6
[INFO GPL-0040] NumTiles: 120
[INFO GPL-0063] TotalRouteOverflowH2: 0.0
[INFO GPL-0064] TotalRouteOverflowV2: 0.0
[INFO GPL-0065] OverflowTileCnt2: 0
[INFO GPL-0066] 0.5%RC: 0.9749999940395355
[INFO GPL-0067] 1.0%RC: 0.9666666587193807
[INFO GPL-0068] 2.0%RC: 0.9583333233992258
[INFO GPL-0069] 5.0%RC: 0.9307692188483018
[INFO GPL-0070] 0.5rcK: 1.0
[INFO GPL-0071] 1.0rcK: 1.0
[INFO GPL-0072] 2.0rcK: 0.0
[INFO GPL-0073] 5.0rcK: 0.0
[INFO GPL-0074] FinalRC: 0.9708333
[NesterovSolve] Iter: 280 overflow: 0.184213 HPWL: 3674214
[NesterovSolve] Iter: 290 overflow: 0.153434 HPWL: 3696076
[INFO GPL-0100] worst slack 3.99e-09
[INFO GPL-0103] Weighted 14 nets.
[NesterovSolve] Iter: 300 overflow: 0.13784 HPWL: 3715263
[NesterovSolve] Iter: 310 overflow: 0.111051 HPWL: 3730716
[NesterovSolve] Finished with Overflow: 0.099547
Setting global connections for newly added cells…
Writing OpenROAD database to '/openlane/designs/kogge/runs/myrun/tmp/placement/7-global.odb'…
Writing netlist to '/openlane/designs/kogge/runs/myrun/tmp/placement/7-global.nl.v'…
Writing powered netlist to '/openlane/designs/kogge/runs/myrun/tmp/placement/7-global.pnl.v'…
Writing layout to '/openlane/designs/kogge/runs/myrun/tmp/placement/7-global.def'…
