OpenROAD 41a51eaf4ca2171c92ff38afb91eb37bbd3f36da 
This program is licensed under the BSD-3 license. See the LICENSE file for details.
Components of this program may be licensed under more restrictive licenses which must be honored.
[INFO]: Reading ODB at '/openlane/designs/baugh/runs/myrun/results/floorplan/baugh.odb'…
define_corners Typical
read_liberty -corner Typical /home/jagadeesh97/.ciel/ciel/sky130/versions/0fe599b2afb6708d281543108caf8310912f54af/sky130A/libs.ref/sky130_fd_sc_hd/lib/sky130_fd_sc_hd__tt_025C_1v80.lib
Using 1e-12 for capacitance...
Using 1e+03 for resistance...
Using 1e-09 for time...
Using 1e+00 for voltage...
Using 1e-03 for current...
Using 1e-09 for power...
Using 1e-06 for distance...
Reading design constraints file at '/openlane/designs/baugh/runs/myrun/tmp/floorplan/3-initial_fp.sdc'…
[INFO]: Setting RC values...
[INFO]: Setting signal min routing layer to: met1 and clock min routing layer to met3. 
[INFO]: Setting signal max routing layer to: met5 and clock max routing layer to met5. 
[INFO GPL-0002] DBU: 1000
[INFO GPL-0003] SiteSize: 460 2720
[INFO GPL-0004] CoreAreaLxLy: 5520 10880
[INFO GPL-0005] CoreAreaUxUy: 115000 119680
[INFO GPL-0006] NumInstances: 622
[INFO GPL-0007] NumPlaceInstances: 374
[INFO GPL-0008] NumFixedInstances: 248
[INFO GPL-0009] NumDummyInstances: 0
[INFO GPL-0010] NumNets: 390
[INFO GPL-0011] NumPins: 1421
[INFO GPL-0012] DieAreaLxLy: 0 0
[INFO GPL-0013] DieAreaUxUy: 120560 131280
[INFO GPL-0014] CoreAreaLxLy: 5520 10880
[INFO GPL-0015] CoreAreaUxUy: 115000 119680
[INFO GPL-0016] CoreArea: 11911424000
[INFO GPL-0017] NonPlaceInstsArea: 510489600
[INFO GPL-0018] PlaceInstsArea: 3598451200
[INFO GPL-0019] Util(%): 31.56
[INFO GPL-0020] StdInstsArea: 3598451200
[INFO GPL-0021] MacroInstsArea: 0
[InitialPlace]  Iter: 1 CG residual: 0.00000008 HPWL: 6726190
[InitialPlace]  Iter: 2 CG residual: 0.00000010 HPWL: 6041541
[InitialPlace]  Iter: 3 CG residual: 0.00000010 HPWL: 6040420
[InitialPlace]  Iter: 4 CG residual: 0.00000011 HPWL: 6063431
[InitialPlace]  Iter: 5 CG residual: 0.00000010 HPWL: 6058781
[INFO GPL-0031] FillerInit: NumGCells: 426
[INFO GPL-0032] FillerInit: NumGNets: 390
[INFO GPL-0033] FillerInit: NumGPins: 1421
[INFO GPL-0023] TargetDensity: 0.36
[INFO GPL-0024] AveragePlaceInstArea: 9621527
[INFO GPL-0025] IdealBinArea: 26726462
[INFO GPL-0026] IdealBinCnt: 445
[INFO GPL-0027] TotalBinArea: 11911424000
[INFO GPL-0028] BinCnt: 16 16
[INFO GPL-0029] BinSize: 6843 6800
[INFO GPL-0030] NumBins: 256
[NesterovSolve] Iter: 1 overflow: 0.922316 HPWL: 4185946
[NesterovSolve] Iter: 10 overflow: 0.842871 HPWL: 5194854
[NesterovSolve] Iter: 20 overflow: 0.833042 HPWL: 5251653
[NesterovSolve] Iter: 30 overflow: 0.834376 HPWL: 5239267
[NesterovSolve] Iter: 40 overflow: 0.8351 HPWL: 5234801
[NesterovSolve] Iter: 50 overflow: 0.83473 HPWL: 5236125
[NesterovSolve] Iter: 60 overflow: 0.834457 HPWL: 5238961
[NesterovSolve] Iter: 70 overflow: 0.834275 HPWL: 5241089
[NesterovSolve] Iter: 80 overflow: 0.834134 HPWL: 5243753
[NesterovSolve] Iter: 90 overflow: 0.833614 HPWL: 5250015
[NesterovSolve] Iter: 100 overflow: 0.832549 HPWL: 5261460
[NesterovSolve] Iter: 110 overflow: 0.830935 HPWL: 5279341
[NesterovSolve] Iter: 120 overflow: 0.828244 HPWL: 5307051
[NesterovSolve] Iter: 130 overflow: 0.823462 HPWL: 5349674
[NesterovSolve] Iter: 140 overflow: 0.815614 HPWL: 5409398
[NesterovSolve] Iter: 150 overflow: 0.803774 HPWL: 5501201
[NesterovSolve] Iter: 160 overflow: 0.793226 HPWL: 5632539
[INFO GPL-0100] worst slack 1.49e-09
[INFO GPL-0103] Weighted 38 nets.
[NesterovSolve] Iter: 170 overflow: 0.775248 HPWL: 5834171
[NesterovSolve] Iter: 180 overflow: 0.758095 HPWL: 5995689
[NesterovSolve] Iter: 190 overflow: 0.727818 HPWL: 6231475
[NesterovSolve] Iter: 200 overflow: 0.693985 HPWL: 6483663
[NesterovSolve] Iter: 210 overflow: 0.661352 HPWL: 6751649
[INFO GPL-0100] worst slack 1.46e-09
[INFO GPL-0103] Weighted 37 nets.
[NesterovSolve] Iter: 220 overflow: 0.615908 HPWL: 6968732
[NesterovSolve] Snapshot saved at iter = 223
[NesterovSolve] Iter: 230 overflow: 0.568165 HPWL: 7203340
[NesterovSolve] Iter: 240 overflow: 0.51196 HPWL: 7324223
[INFO GPL-0100] worst slack 1.45e-09
[INFO GPL-0103] Weighted 35 nets.
[NesterovSolve] Iter: 250 overflow: 0.457993 HPWL: 7442244
[NesterovSolve] Iter: 260 overflow: 0.407443 HPWL: 7559033
[NesterovSolve] Iter: 270 overflow: 0.354358 HPWL: 7679463
[NesterovSolve] Iter: 280 overflow: 0.312093 HPWL: 7820006
[INFO GPL-0100] worst slack 1.44e-09
[INFO GPL-0103] Weighted 38 nets.
[NesterovSolve] Iter: 290 overflow: 0.27404 HPWL: 7958089
[NesterovSolve] Iter: 300 overflow: 0.24744 HPWL: 8107310
[NesterovSolve] Iter: 310 overflow: 0.222862 HPWL: 8214194
[INFO GPL-0100] worst slack 1.44e-09
[INFO GPL-0103] Weighted 38 nets.
[NesterovSolve] Iter: 320 overflow: 0.200342 HPWL: 8306791
[INFO GPL-0075] Routability numCall: 1 inflationIterCnt: 1 bloatIterCnt: 0
[INFO GPL-0036] TileLxLy: 0 0
[INFO GPL-0037] TileSize: 6900 6900
[INFO GPL-0038] TileCnt: 17 19
[INFO GPL-0039] numRoutingLayers: 6
[INFO GPL-0040] NumTiles: 323
[INFO GPL-0063] TotalRouteOverflowH2: 0.0
[INFO GPL-0064] TotalRouteOverflowV2: 0.0
[INFO GPL-0065] OverflowTileCnt2: 0
[INFO GPL-0066] 0.5%RC: 1.0
[INFO GPL-0067] 1.0%RC: 1.0
[INFO GPL-0068] 2.0%RC: 0.985714282308306
[INFO GPL-0069] 5.0%RC: 0.9357142789023263
[INFO GPL-0070] 0.5rcK: 1.0
[INFO GPL-0071] 1.0rcK: 1.0
[INFO GPL-0072] 2.0rcK: 0.0
[INFO GPL-0073] 5.0rcK: 0.0
[INFO GPL-0074] FinalRC: 1.0
[NesterovSolve] Iter: 330 overflow: 0.176423 HPWL: 8360794
[NesterovSolve] Iter: 340 overflow: 0.152232 HPWL: 8401218
[INFO GPL-0100] worst slack 1.43e-09
[INFO GPL-0103] Weighted 38 nets.
[NesterovSolve] Iter: 350 overflow: 0.135842 HPWL: 8468036
[NesterovSolve] Iter: 360 overflow: 0.120009 HPWL: 8486271
[NesterovSolve] Iter: 370 overflow: 0.103434 HPWL: 8512966
[NesterovSolve] Finished with Overflow: 0.099967
Setting global connections for newly added cells…
Writing OpenROAD database to '/openlane/designs/baugh/runs/myrun/tmp/placement/7-global.odb'…
Writing netlist to '/openlane/designs/baugh/runs/myrun/tmp/placement/7-global.nl.v'…
Writing powered netlist to '/openlane/designs/baugh/runs/myrun/tmp/placement/7-global.pnl.v'…
Writing layout to '/openlane/designs/baugh/runs/myrun/tmp/placement/7-global.def'…
