QStandardPaths: XDG_RUNTIME_DIR not set, defaulting to '/tmp/runtime-'
libGL error: unable to load driver: swrast_dri.so
libGL error: failed to load driver: swrast
OpenROAD 41a51eaf4ca2171c92ff38afb91eb37bbd3f36da 
This program is licensed under the BSD-3 license. See the LICENSE file for details.
Components of this program may be licensed under more restrictive licenses which must be honored.
>>> Reading design and technology files...
[INFO ODB-0222] Reading LEF file: /home/jagadeesh97/OpenROAD-flow-scripts/flow/platforms/sky130hs/lef/sky130_fd_sc_hs.tlef
[INFO ODB-0223]     Created 11 technology layers
[INFO ODB-0224]     Created 25 technology vias
[INFO ODB-0226] Finished LEF file:  /home/jagadeesh97/OpenROAD-flow-scripts/flow/platforms/sky130hs/lef/sky130_fd_sc_hs.tlef
read_lef /home/jagadeesh97/OpenROAD-flow-scripts/flow/platforms/sky130hs/lef/sky130_fd_sc_hs.tlef succeeded.
[INFO ODB-0222] Reading LEF file: /home/jagadeesh97/OpenROAD-flow-scripts/flow/platforms/sky130hs/lef/sky130_fd_sc_hs_merged.lef
[WARNING ODB-0220] WARNING (LEFPARS-2007): NAMESCASESENSITIVE statement is obsolete in version 5.6 and later.
The LEF parser will ignore this statement.
To avoid this warning in the future, remove this statement from the LEF file with version 5.6 or later. See file /home/jagadeesh97/OpenROAD-flow-scripts/flow/platforms/sky130hs/lef/sky130_fd_sc_hs_merged.lef at line 18.

[INFO ODB-0225]     Created 390 library cells
[INFO ODB-0226] Finished LEF file:  /home/jagadeesh97/OpenROAD-flow-scripts/flow/platforms/sky130hs/lef/sky130_fd_sc_hs_merged.lef
read_lef /home/jagadeesh97/OpenROAD-flow-scripts/flow/platforms/sky130hs/lef/sky130_fd_sc_hs_merged.lef succeeded.
read_liberty succeeded.
read_verilog succeeded.
link_design succeeded.
total_cell_area = 3688.5375999999997
core_area = 3688.5375999999997
die_area = 6092.767999999999
Core size (pre-snap): 60.73333186974019x60.73333186974019 µm
Die  size: 78.05618489267842x78.05618489267842 µm
DBU per µm: 1000
Using site step (DBU): width=480 height=3330
Snapped core box (µm): ll=8.64 6.66 ur=69.37333186974018 67.39333186974018 => 60.733x60.733 µm
>>> Initializing floorplan...
[INFO IFP-0001] Added 18 rows of 126 site unit with height 1.
initialize_floorplan completed.
>>> Loading routing tracks script (if present)...
Sourced make_tracks.tcl
>>> Detecting routing layers and validating tracks...
Layer candidate: met1  preferred_dir=HORIZONTAL  tracks-check=-1
Layer candidate: met2  preferred_dir=VERTICAL  tracks-check=-1
Layer candidate: met3  preferred_dir=HORIZONTAL  tracks-check=-1
Layer candidate: metal1  preferred_dir=HORIZONTAL  tracks-check=-1
Layer candidate: metal2  preferred_dir=VERTICAL  tracks-check=-1
Layer candidate: M1  preferred_dir=  tracks-check=-1
Layer candidate: M2  preferred_dir=  tracks-check=-1
Selected horizontal layer: met1
Selected vertical   layer: met2
>>> Preparing placement...
>>> Marking power/ground nets as special...
[WARNING STA-0333] net 'vdd' not found.
Warning: net 'vdd' not found.
[WARNING STA-0333] net 'VDD' not found.
Warning: net 'VDD' not found.
[WARNING STA-0333] net 'vss' not found.
Warning: net 'vss' not found.
[WARNING STA-0333] net 'VSS' not found.
Warning: net 'VSS' not found.
Marked net 'zero_' as special.
>>> Performing place_pins...
Found 0 macro blocks.
Using 1u default distance from corners.
Using 2 tracks default min distance between IO pins.
[INFO PPL-0010] Tentative 0 to set up sections.
[INFO PPL-0001] Number of slots          366
[INFO PPL-0002] Number of I/O            48
[INFO PPL-0003] Number of I/O w/sink     48
[INFO PPL-0004] Number of I/O w/o sink   0
[INFO PPL-0005] Slots per section        200
[INFO PPL-0006] Slots increase factor    0.01
[INFO PPL-0008] Successfully assigned pins to sections.
[INFO PPL-0012] I/O nets HPWL: 2299.58 um.
place_pins succeeded.
>>> Performing global placement...
[INFO GPL-0002] DBU: 1000
[INFO GPL-0003] SiteSize: 480 3330
[INFO GPL-0004] CoreAreaLxLy: 8640 6660
[INFO GPL-0005] CoreAreaUxUy: 69120 66600
[INFO GPL-0006] NumInstances: 47
[INFO GPL-0007] NumPlaceInstances: 47
[INFO GPL-0008] NumFixedInstances: 0
[INFO GPL-0009] NumDummyInstances: 0
[INFO GPL-0010] NumNets: 94
[INFO GPL-0011] NumPins: 203
[INFO GPL-0012] DieAreaLxLy: 0 0
[INFO GPL-0013] DieAreaUxUy: 78055 78055
[INFO GPL-0014] CoreAreaLxLy: 8640 6660
[INFO GPL-0015] CoreAreaUxUy: 69120 66600
[INFO GPL-0016] CoreArea: 3625171200
[INFO GPL-0017] NonPlaceInstsArea: 0
[INFO GPL-0018] PlaceInstsArea: 532267200
[INFO GPL-0019] Util(%): 14.68
[INFO GPL-0020] StdInstsArea: 532267200
[INFO GPL-0021] MacroInstsArea: 0
[InitialPlace]  Iter: 1 CG residual: 0.00000008 HPWL: 5836350
[InitialPlace]  Iter: 2 CG residual: 0.00000009 HPWL: 935195
[InitialPlace]  Iter: 3 CG residual: 0.00000009 HPWL: 879909
[InitialPlace]  Iter: 4 CG residual: 0.00000007 HPWL: 873376
[InitialPlace]  Iter: 5 CG residual: 0.00000006 HPWL: 871357
[INFO GPL-0031] FillerInit: NumGCells: 252
[INFO GPL-0032] FillerInit: NumGNets: 94
[INFO GPL-0033] FillerInit: NumGPins: 203
[INFO GPL-0023] TargetDensity: 0.80
[INFO GPL-0024] AveragePlaceInstArea: 11324834
[INFO GPL-0025] IdealBinArea: 14156042
[INFO GPL-0026] IdealBinCnt: 256
[INFO GPL-0027] TotalBinArea: 3625171200
[INFO GPL-0028] BinCnt: 16 16
[INFO GPL-0029] BinSize: 3780 3747
[INFO GPL-0030] NumBins: 256
[NesterovSolve] Iter: 1 overflow: 0.754617 HPWL: 1009744
[NesterovSolve] Iter: 10 overflow: 0.734531 HPWL: 1015121
[NesterovSolve] Iter: 20 overflow: 0.734349 HPWL: 1015209
[NesterovSolve] Iter: 30 overflow: 0.734379 HPWL: 1015204
[NesterovSolve] Iter: 40 overflow: 0.734401 HPWL: 1015188
[NesterovSolve] Iter: 50 overflow: 0.734385 HPWL: 1015163
[NesterovSolve] Iter: 60 overflow: 0.734368 HPWL: 1015141
[NesterovSolve] Iter: 70 overflow: 0.734346 HPWL: 1015100
[NesterovSolve] Iter: 80 overflow: 0.734314 HPWL: 1015163
[NesterovSolve] Iter: 90 overflow: 0.734262 HPWL: 1015279
[NesterovSolve] Iter: 100 overflow: 0.734172 HPWL: 1015423
[NesterovSolve] Iter: 110 overflow: 0.734041 HPWL: 1015684
[NesterovSolve] Iter: 120 overflow: 0.733826 HPWL: 1016411
[NesterovSolve] Iter: 130 overflow: 0.733493 HPWL: 1016053
[NesterovSolve] Iter: 140 overflow: 0.732954 HPWL: 1015758
[NesterovSolve] Iter: 150 overflow: 0.73202 HPWL: 1016585
[NesterovSolve] Iter: 160 overflow: 0.730451 HPWL: 1017273
[NesterovSolve] Iter: 170 overflow: 0.727484 HPWL: 1018510
[NesterovSolve] Iter: 180 overflow: 0.721437 HPWL: 1020149
[NesterovSolve] Iter: 190 overflow: 0.712047 HPWL: 1023003
[NesterovSolve] Iter: 200 overflow: 0.695588 HPWL: 1027455
[NesterovSolve] Iter: 210 overflow: 0.681302 HPWL: 1033327
[NesterovSolve] Iter: 220 overflow: 0.665574 HPWL: 1040883
[NesterovSolve] Iter: 230 overflow: 0.650268 HPWL: 1055304
[NesterovSolve] Iter: 240 overflow: 0.619469 HPWL: 1071423
[NesterovSolve] Iter: 250 overflow: 0.589548 HPWL: 1094150
[NesterovSolve] Iter: 260 overflow: 0.561416 HPWL: 1131550
[NesterovSolve] Iter: 270 overflow: 0.48761 HPWL: 1160548
[NesterovSolve] Iter: 280 overflow: 0.377976 HPWL: 1171268
[NesterovSolve] Iter: 290 overflow: 0.309026 HPWL: 1201487
[NesterovSolve] Iter: 300 overflow: 0.255702 HPWL: 1230792
[NesterovSolve] Iter: 310 overflow: 0.194316 HPWL: 1258322
[NesterovSolve] Iter: 320 overflow: 0.164033 HPWL: 1278987
[NesterovSolve] Iter: 330 overflow: 0.143955 HPWL: 1296808
[NesterovSolve] Iter: 340 overflow: 0.129038 HPWL: 1308479
[NesterovSolve] Iter: 350 overflow: 0.105904 HPWL: 1319824
[NesterovSolve] Finished with Overflow: 0.094224
global_placement succeeded.
>>> Performing detailed placement...
Placement Analysis
---------------------------------
total displacement        165.8 u
average displacement        3.5 u
max displacement           10.5 u
original HPWL            1325.6 u
legalized HPWL           1578.9 u
delta HPWL                   19 %

detailed_placement succeeded.
>>> Placement step complete.
[INFO DRT-0149] Reading tech and libs.

Units:                1000
Number of layers:     13
Number of macros:     390
Number of vias:       25
Number of viarulegen: 25

[INFO DRT-0150] Reading design.

Design:                   kogge
Die area:                 ( 0 0 ) ( 78055 78055 )
Number of track patterns: 12
Number of DEF vias:       0
Number of components:     47
Number of terminals:      48
Number of snets:          1
Number of nets:           94

[INFO DRT-0167] List of default vias:
  Layer mcon
    default via: L1M1_PR
  Layer via
    default via: M1M2_PR
  Layer via2
    default via: M2M3_PR
  Layer via3
    default via: M3M4_PR
  Layer via4
    default via: M4M5_PR
[INFO DRT-0162] Library cell analysis.
[INFO DRT-0163] Instance analysis.
[INFO DRT-0164] Number of unique instances = 6.
[INFO DRT-0168] Init region query.
[INFO DRT-0024]   Complete FR_MASTERSLICE.
[INFO DRT-0024]   Complete Fr_VIA.
[INFO DRT-0024]   Complete li1.
[INFO DRT-0024]   Complete mcon.
[INFO DRT-0024]   Complete met1.
[INFO DRT-0024]   Complete via.
[INFO DRT-0024]   Complete met2.
[INFO DRT-0024]   Complete via2.
[INFO DRT-0024]   Complete met3.
[INFO DRT-0024]   Complete via3.
[INFO DRT-0024]   Complete met4.
[INFO DRT-0024]   Complete via4.
[INFO DRT-0024]   Complete met5.
[INFO DRT-0033] FR_MASTERSLICE shape region query size = 0.
[INFO DRT-0033] FR_VIA shape region query size = 0.
[INFO DRT-0033] li1 shape region query size = 1317.
[INFO DRT-0033] mcon shape region query size = 666.
[INFO DRT-0033] met1 shape region query size = 236.
[INFO DRT-0033] via shape region query size = 0.
[INFO DRT-0033] met2 shape region query size = 0.
[INFO DRT-0033] via2 shape region query size = 0.
[INFO DRT-0033] met3 shape region query size = 0.
[INFO DRT-0033] via3 shape region query size = 0.
[INFO DRT-0033] met4 shape region query size = 0.
[INFO DRT-0033] via4 shape region query size = 0.
[INFO DRT-0033] met5 shape region query size = 0.
[INFO DRT-0165] Start pin access.
[INFO DRT-0078]   Complete 20 pins.
[INFO DRT-0081]   Complete 6 unique inst patterns.
[INFO DRT-0084]   Complete 30 groups.
#scanned instances     = 47
#unique  instances     = 6
#stdCellGenAp          = 195
#stdCellValidPlanarAp  = 0
#stdCellValidViaAp     = 98
#stdCellPinNoAp        = 0
#stdCellPinCnt         = 155
#instTermValidViaApCnt = 0
#macroGenAp            = 0
#macroValidPlanarAp    = 0
#macroValidViaAp       = 0
#macroNoAp             = 0
[INFO DRT-0166] Complete pin access.
[INFO DRT-0267] cpu time = 00:00:00, elapsed time = 00:00:00, memory = 157.84 (MB), peak = 157.96 (MB)

Number of guides:     0

[INFO DRT-0185] Post process initialize RPin region query.

Generating GCell with size = 15 tracks, using layer li1 pitch  = 0.48
li1 V Track-Pitch = 0.48000  line-2-Via Pitch = 0.34000
met1 H Track-Pitch = 0.37000  line-2-Via Pitch = 0.32500
met2 V Track-Pitch = 0.48000  line-2-Via Pitch = 0.34000
met3 H Track-Pitch = 0.74000  line-2-Via Pitch = 0.61000
met4 V Track-Pitch = 0.96000  line-2-Via Pitch = 0.61500
met5 H Track-Pitch = 3.33000  line-2-Via Pitch = 3.11000

initializing congestion map...

start routing resource analysis ...

             Routing   #Avail     #Track     #Total     %Gcell
Layer      Direction    Track    Blocked      Gcell    Blocked
--------------------------------------------------------------
li1             V         162          0        100      5.00%
met1            H         211          0        100      4.00%
met2            V         162          0        100      0.00%
met3            H         105          0        100      0.00%
met4            V          81          0        100      0.00%
met5            H          23          0        100      0.00%
--------------------------------------------------------------
Total                     744      0.00%        600      1.50%

[INFO DRT-0267] cpu time = 00:00:00, elapsed time = 00:00:00, memory = 157.84 (MB), peak = 158.86 (MB)


generating net topology...
done net topology...
[INFO DRT-0032] FR_MASTERSLICE grObj region query size = 0.
[INFO DRT-0032] FR_VIA grObj region query size = 0.
[INFO DRT-0032] li1 grObj region query size = 122.
[INFO DRT-0032] mcon grObj region query size = 0.
[INFO DRT-0032] met1 grObj region query size = 0.
[INFO DRT-0032] via grObj region query size = 0.
[INFO DRT-0032] met2 grObj region query size = 0.
[INFO DRT-0032] via2 grObj region query size = 0.
[INFO DRT-0032] met3 grObj region query size = 0.
[INFO DRT-0032] via3 grObj region query size = 0.
[INFO DRT-0032] met4 grObj region query size = 0.
[INFO DRT-0032] via4 grObj region query size = 0.
[INFO DRT-0032] met5 grObj region query size = 0.

start reporting 2D congestion ...

              #OverCon  %OverCon
Direction        GCell     GCell
--------------------------------
    H               0     0.00%
    V               0     0.00%
worstConH:  70.97%
worstConV:  54.05%


start 0th optimization iteration ...
[INFO DRT-0267] cpu time = 00:00:00, elapsed time = 00:00:00, memory = 175.38 (MB), peak = 175.43 (MB)


start 1st optimization iteration ...
[INFO DRT-0267] cpu time = 00:00:00, elapsed time = 00:00:00, memory = 175.56 (MB), peak = 175.77 (MB)


start 2nd optimization iteration ...
[INFO DRT-0267] cpu time = 00:00:00, elapsed time = 00:00:00, memory = 175.56 (MB), peak = 175.77 (MB)


start reporting 2D congestion ...

              #OverCon  %OverCon
Direction        GCell     GCell
--------------------------------
    H               0     0.00%
    V               0     0.00%
worstConH:  70.97%
worstConV:  54.05%

layer assignment...
done layer assignment...

start 0th optimization iteration ...
[INFO DRT-0267] cpu time = 00:00:00, elapsed time = 00:00:00, memory = 175.56 (MB), peak = 175.77 (MB)


start reporting 3D congestion ...

---------- li1 ----------
numOverConGCell: 0, %OverConGCell:   0.00%
---------- met1 ----------
numOverConGCell: 1, %OverConGCell:   1.00%
---------- met2 ----------
numOverConGCell: 0, %OverConGCell:   0.00%
---------- met3 ----------
numOverConGCell: 0, %OverConGCell:   0.00%
---------- met4 ----------
numOverConGCell: 0, %OverConGCell:   0.00%
---------- met5 ----------
numOverConGCell: 0, %OverConGCell:   0.00%


Number of guides:     678

[INFO DRT-0169] Post process guides.
[INFO DRT-0176] GCELLGRID X -5 DO 10 STEP 7200 ;
[INFO DRT-0177] GCELLGRID Y -5 DO 10 STEP 7200 ;
[INFO DRT-0028]   Complete FR_MASTERSLICE.
[INFO DRT-0028]   Complete Fr_VIA.
[INFO DRT-0028]   Complete li1.
[INFO DRT-0028]   Complete mcon.
[INFO DRT-0028]   Complete met1.
[INFO DRT-0028]   Complete via.
[INFO DRT-0028]   Complete met2.
[INFO DRT-0028]   Complete via2.
[INFO DRT-0028]   Complete met3.
[INFO DRT-0028]   Complete via3.
[INFO DRT-0028]   Complete met4.
[INFO DRT-0028]   Complete via4.
[INFO DRT-0028]   Complete met5.
[WARNING DRT-0225] _230_ 1 pin not visited, fall back to feedthrough mode.
[INFO DRT-0178] Init guide query.
[INFO DRT-0035]   Complete FR_MASTERSLICE (guide).
[INFO DRT-0035]   Complete Fr_VIA (guide).
[INFO DRT-0035]   Complete li1 (guide).
[INFO DRT-0035]   Complete mcon (guide).
[INFO DRT-0035]   Complete met1 (guide).
[INFO DRT-0035]   Complete via (guide).
[INFO DRT-0035]   Complete met2 (guide).
[INFO DRT-0035]   Complete via2 (guide).
[INFO DRT-0035]   Complete met3 (guide).
[INFO DRT-0035]   Complete via3 (guide).
[INFO DRT-0035]   Complete met4 (guide).
[INFO DRT-0035]   Complete via4 (guide).
[INFO DRT-0035]   Complete met5 (guide).
[INFO DRT-0036] FR_MASTERSLICE guide region query size = 0.
[INFO DRT-0036] FR_VIA guide region query size = 0.
[INFO DRT-0036] li1 guide region query size = 130.
[INFO DRT-0036] mcon guide region query size = 0.
[INFO DRT-0036] met1 guide region query size = 132.
[INFO DRT-0036] via guide region query size = 0.
[INFO DRT-0036] met2 guide region query size = 64.
[INFO DRT-0036] via2 guide region query size = 0.
[INFO DRT-0036] met3 guide region query size = 13.
[INFO DRT-0036] via3 guide region query size = 0.
[INFO DRT-0036] met4 guide region query size = 1.
[INFO DRT-0036] via4 guide region query size = 0.
[INFO DRT-0036] met5 guide region query size = 0.
[INFO DRT-0179] Init gr pin query.
[INFO DRT-0245] skipped writing guide updates to database.
[INFO DRT-0181] Start track assignment.
[INFO DRT-0184] Done with 195 vertical wires in 1 frboxes and 145 horizontal wires in 1 frboxes.
[INFO DRT-0186] Done with 33 vertical wires in 1 frboxes and 28 horizontal wires in 1 frboxes.
[INFO DRT-0182] Complete track assignment.
[INFO DRT-0267] cpu time = 00:00:00, elapsed time = 00:00:00, memory = 175.94 (MB), peak = 176.65 (MB)
[INFO DRT-0187] Start routing data preparation.
[INFO DRT-0267] cpu time = 00:00:00, elapsed time = 00:00:00, memory = 175.94 (MB), peak = 176.65 (MB)
[INFO DRT-0194] Start detail routing.
[INFO DRT-0195] Start 0th optimization iteration.
    Completing 10% with 0 violations.
    elapsed time = 00:00:00, memory = 176.07 (MB).
    Completing 20% with 0 violations.
    elapsed time = 00:00:00, memory = 176.07 (MB).
    Completing 30% with 0 violations.
    elapsed time = 00:00:00, memory = 177.32 (MB).
    Completing 40% with 0 violations.
    elapsed time = 00:00:00, memory = 177.32 (MB).
[INFO DRT-0199]   Number of violations = 0.
[INFO DRT-0267] cpu time = 00:00:01, elapsed time = 00:00:01, memory = 171.57 (MB), peak = 523.47 (MB)
Total wire length = 1621 um.
Total wire length on LAYER li1 = 216 um.
Total wire length on LAYER met1 = 878 um.
Total wire length on LAYER met2 = 411 um.
Total wire length on LAYER met3 = 114 um.
Total wire length on LAYER met4 = 0 um.
Total wire length on LAYER met5 = 0 um.
Total number of vias = 357.
Up-via summary (total 357):.

----------------------
 FR_MASTERSLICE      0
            li1    207
           met1    132
           met2     18
           met3      0
           met4      0
----------------------
                   357


[INFO DRT-0198] Complete detail routing.
Total wire length = 1621 um.
Total wire length on LAYER li1 = 216 um.
Total wire length on LAYER met1 = 878 um.
Total wire length on LAYER met2 = 411 um.
Total wire length on LAYER met3 = 114 um.
Total wire length on LAYER met4 = 0 um.
Total wire length on LAYER met5 = 0 um.
Total number of vias = 357.
Up-via summary (total 357):.

----------------------
 FR_MASTERSLICE      0
            li1    207
           met1    132
           met2     18
           met3      0
           met4      0
----------------------
                   357


[INFO DRT-0267] cpu time = 00:00:01, elapsed time = 00:00:01, memory = 171.57 (MB), peak = 523.47 (MB)

[INFO DRT-0180] Post processing.
detailed_route succeeded.
Top-level net scan (showing nets with 'gnd'/'vss'/'vdd'/'zero' in name):
>>> Writing DEF output...
Done! DEF exported to /home/jagadeesh97/OpenLane/designs/kogge/runs/myrun/kogge.def
>>> run.tcl finished.
