
===========================================================================
report_checks -path_delay min (Hold)
============================================================================
======================= Typical Corner ===================================

Startpoint: B[0] (input port clocked by clk)
Endpoint: P[0] (output port clocked by clk)
Path Group: clk
Path Type: min

Fanout     Cap    Slew   Delay    Time   Description
-----------------------------------------------------------------------------
                  0.00    0.00    0.00   clock clk (rise edge)
                          0.00    0.00   clock network delay (ideal)
                          2.00    2.00 v input external delay
                  0.01    0.00    2.00 v B[0] (in)
     1    0.00                           B[0] (net)
                  0.01    0.00    2.00 v input9/A (sky130_fd_sc_hd__buf_1)
                  0.07    0.10    2.11 v input9/X (sky130_fd_sc_hd__buf_1)
     4    0.01                           net9 (net)
                  0.07    0.00    2.11 v _279_/A (sky130_fd_sc_hd__and2_1)
                  0.06    0.16    2.27 v _279_/X (sky130_fd_sc_hd__and2_1)
     1    0.01                           _216_ (net)
                  0.06    0.00    2.27 v _280_/A (sky130_fd_sc_hd__clkbuf_1)
                  0.02    0.08    2.35 v _280_/X (sky130_fd_sc_hd__clkbuf_1)
     1    0.00                           net17 (net)
                  0.02    0.00    2.35 v output17/A (sky130_fd_sc_hd__buf_2)
                  0.09    0.16    2.51 v output17/X (sky130_fd_sc_hd__buf_2)
     1    0.03                           P[0] (net)
                  0.09    0.00    2.51 v P[0] (out)
                                  2.51   data arrival time

                  0.00    0.00    0.00   clock clk (rise edge)
                          0.00    0.00   clock network delay (ideal)
                          0.25    0.25   clock uncertainty
                          0.00    0.25   clock reconvergence pessimism
                         -2.00   -1.75   output external delay
                                 -1.75   data required time
-----------------------------------------------------------------------------
                                 -1.75   data required time
                                 -2.51   data arrival time
-----------------------------------------------------------------------------
                                  4.26   slack (MET)


Startpoint: B[2] (input port clocked by clk)
Endpoint: P[2] (output port clocked by clk)
Path Group: clk
Path Type: min

Fanout     Cap    Slew   Delay    Time   Description
-----------------------------------------------------------------------------
                  0.00    0.00    0.00   clock clk (rise edge)
                          0.00    0.00   clock network delay (ideal)
                          2.00    2.00 ^ input external delay
                  0.02    0.01    2.01 ^ B[2] (in)
     1    0.00                           B[2] (net)
                  0.02    0.00    2.01 ^ input11/A (sky130_fd_sc_hd__buf_2)
                  0.14    0.16    2.17 ^ input11/X (sky130_fd_sc_hd__buf_2)
     4    0.03                           net11 (net)
                  0.14    0.00    2.17 ^ _288_/B (sky130_fd_sc_hd__xor2_2)
                  0.05    0.10    2.27 v _288_/X (sky130_fd_sc_hd__xor2_2)
     5    0.01                           _223_ (net)
                  0.05    0.00    2.27 v _295_/A2 (sky130_fd_sc_hd__a21oi_1)
                  0.09    0.13    2.40 ^ _295_/Y (sky130_fd_sc_hd__a21oi_1)
     1    0.00                           _230_ (net)
                  0.09    0.00    2.40 ^ _296_/B (sky130_fd_sc_hd__nor2_1)
                  0.03    0.04    2.44 v _296_/Y (sky130_fd_sc_hd__nor2_1)
     1    0.00                           net25 (net)
                  0.03    0.00    2.44 v output25/A (sky130_fd_sc_hd__buf_2)
                  0.09    0.16    2.60 v output25/X (sky130_fd_sc_hd__buf_2)
     1    0.03                           P[2] (net)
                  0.09    0.00    2.60 v P[2] (out)
                                  2.60   data arrival time

                  0.00    0.00    0.00   clock clk (rise edge)
                          0.00    0.00   clock network delay (ideal)
                          0.25    0.25   clock uncertainty
                          0.00    0.25   clock reconvergence pessimism
                         -2.00   -1.75   output external delay
                                 -1.75   data required time
-----------------------------------------------------------------------------
                                 -1.75   data required time
                                 -2.60   data arrival time
-----------------------------------------------------------------------------
                                  4.35   slack (MET)


Startpoint: A[1] (input port clocked by clk)
Endpoint: P[1] (output port clocked by clk)
Path Group: clk
Path Type: min

Fanout     Cap    Slew   Delay    Time   Description
-----------------------------------------------------------------------------
                  0.00    0.00    0.00   clock clk (rise edge)
                          0.00    0.00   clock network delay (ideal)
                          2.00    2.00 v input external delay
                  0.01    0.00    2.00 v A[1] (in)
     1    0.00                           A[1] (net)
                  0.01    0.00    2.00 v input2/A (sky130_fd_sc_hd__buf_1)
                  0.05    0.09    2.09 v input2/X (sky130_fd_sc_hd__buf_1)
     2    0.01                           net2 (net)
                  0.05    0.00    2.10 v _281_/A (sky130_fd_sc_hd__buf_4)
                  0.07    0.17    2.27 v _281_/X (sky130_fd_sc_hd__buf_4)
    10    0.04                           _217_ (net)
                  0.07    0.00    2.27 v _287_/A1 (sky130_fd_sc_hd__a21o_1)
                  0.04    0.16    2.43 v _287_/X (sky130_fd_sc_hd__a21o_1)
     1    0.01                           net24 (net)
                  0.04    0.00    2.43 v output24/A (sky130_fd_sc_hd__buf_2)
                  0.09    0.17    2.60 v output24/X (sky130_fd_sc_hd__buf_2)
     1    0.03                           P[1] (net)
                  0.09    0.00    2.60 v P[1] (out)
                                  2.60   data arrival time

                  0.00    0.00    0.00   clock clk (rise edge)
                          0.00    0.00   clock network delay (ideal)
                          0.25    0.25   clock uncertainty
                          0.00    0.25   clock reconvergence pessimism
                         -2.00   -1.75   output external delay
                                 -1.75   data required time
-----------------------------------------------------------------------------
                                 -1.75   data required time
                                 -2.60   data arrival time
-----------------------------------------------------------------------------
                                  4.35   slack (MET)


Startpoint: B[2] (input port clocked by clk)
Endpoint: P[3] (output port clocked by clk)
Path Group: clk
Path Type: min

Fanout     Cap    Slew   Delay    Time   Description
-----------------------------------------------------------------------------
                  0.00    0.00    0.00   clock clk (rise edge)
                          0.00    0.00   clock network delay (ideal)
                          2.00    2.00 ^ input external delay
                  0.02    0.01    2.01 ^ B[2] (in)
     1    0.00                           B[2] (net)
                  0.02    0.00    2.01 ^ input11/A (sky130_fd_sc_hd__buf_2)
                  0.14    0.16    2.17 ^ input11/X (sky130_fd_sc_hd__buf_2)
     4    0.03                           net11 (net)
                  0.14    0.00    2.17 ^ _288_/B (sky130_fd_sc_hd__xor2_2)
                  0.05    0.10    2.27 v _288_/X (sky130_fd_sc_hd__xor2_2)
     5    0.01                           _223_ (net)
                  0.05    0.00    2.27 v _294_/B (sky130_fd_sc_hd__and3_1)
                  0.05    0.17    2.44 v _294_/X (sky130_fd_sc_hd__and3_1)
     3    0.01                           _229_ (net)
                  0.05    0.00    2.44 v _314_/A (sky130_fd_sc_hd__nor2_1)
                  0.08    0.09    2.54 ^ _314_/Y (sky130_fd_sc_hd__nor2_1)
     1    0.00                           _248_ (net)
                  0.08    0.00    2.54 ^ _315_/B (sky130_fd_sc_hd__nor2_1)
                  0.03    0.04    2.58 v _315_/Y (sky130_fd_sc_hd__nor2_1)
     1    0.00                           net26 (net)
                  0.03    0.00    2.58 v output26/A (sky130_fd_sc_hd__buf_2)
                  0.09    0.16    2.74 v output26/X (sky130_fd_sc_hd__buf_2)
     1    0.03                           P[3] (net)
                  0.09    0.00    2.74 v P[3] (out)
                                  2.74   data arrival time

                  0.00    0.00    0.00   clock clk (rise edge)
                          0.00    0.00   clock network delay (ideal)
                          0.25    0.25   clock uncertainty
                          0.00    0.25   clock reconvergence pessimism
                         -2.00   -1.75   output external delay
                                 -1.75   data required time
-----------------------------------------------------------------------------
                                 -1.75   data required time
                                 -2.74   data arrival time
-----------------------------------------------------------------------------
                                  4.49   slack (MET)


Startpoint: A[0] (input port clocked by clk)
Endpoint: P[5] (output port clocked by clk)
Path Group: clk
Path Type: min

Fanout     Cap    Slew   Delay    Time   Description
-----------------------------------------------------------------------------
                  0.00    0.00    0.00   clock clk (rise edge)
                          0.00    0.00   clock network delay (ideal)
                          2.00    2.00 v input external delay
                  0.01    0.00    2.00 v A[0] (in)
     1    0.00                           A[0] (net)
                  0.01    0.00    2.00 v input1/A (sky130_fd_sc_hd__buf_2)
                  0.08    0.15    2.15 v input1/X (sky130_fd_sc_hd__buf_2)
     5    0.03                           net1 (net)
                  0.08    0.00    2.15 v _278_/A (sky130_fd_sc_hd__buf_2)
                  0.08    0.18    2.33 v _278_/X (sky130_fd_sc_hd__buf_2)
    10    0.03                           _215_ (net)
                  0.08    0.00    2.33 v _327_/A (sky130_fd_sc_hd__nand2_1)
                  0.06    0.08    2.41 ^ _327_/Y (sky130_fd_sc_hd__nand2_1)
     1    0.01                           _260_ (net)
                  0.06    0.00    2.41 ^ _328_/B (sky130_fd_sc_hd__xnor2_1)
                  0.06    0.08    2.49 v _328_/Y (sky130_fd_sc_hd__xnor2_1)
     3    0.01                           _261_ (net)
                  0.06    0.00    2.49 v _329_/B (sky130_fd_sc_hd__nand2_1)
                  0.07    0.09    2.58 ^ _329_/Y (sky130_fd_sc_hd__nand2_1)
     2    0.01                           _262_ (net)
                  0.07    0.00    2.58 ^ _358_/A (sky130_fd_sc_hd__xnor2_1)
                  0.03    0.06    2.64 v _358_/Y (sky130_fd_sc_hd__xnor2_1)
     1    0.00                           net28 (net)
                  0.03    0.00    2.64 v output28/A (sky130_fd_sc_hd__buf_2)
                  0.09    0.16    2.81 v output28/X (sky130_fd_sc_hd__buf_2)
     1    0.03                           P[5] (net)
                  0.09    0.00    2.81 v P[5] (out)
                                  2.81   data arrival time

                  0.00    0.00    0.00   clock clk (rise edge)
                          0.00    0.00   clock network delay (ideal)
                          0.25    0.25   clock uncertainty
                          0.00    0.25   clock reconvergence pessimism
                         -2.00   -1.75   output external delay
                                 -1.75   data required time
-----------------------------------------------------------------------------
                                 -1.75   data required time
                                 -2.81   data arrival time
-----------------------------------------------------------------------------
                                  4.56   slack (MET)


Startpoint: A[7] (input port clocked by clk)
Endpoint: P[15] (output port clocked by clk)
Path Group: clk
Path Type: min

Fanout     Cap    Slew   Delay    Time   Description
-----------------------------------------------------------------------------
                  0.00    0.00    0.00   clock clk (rise edge)
                          0.00    0.00   clock network delay (ideal)
                          2.00    2.00 ^ input external delay
                  0.02    0.01    2.01 ^ A[7] (in)
     1    0.00                           A[7] (net)
                  0.02    0.00    2.01 ^ input8/A (sky130_fd_sc_hd__buf_2)
                  0.15    0.16    2.17 ^ input8/X (sky130_fd_sc_hd__buf_2)
     8    0.03                           net8 (net)
                  0.15    0.00    2.17 ^ _546_/A2 (sky130_fd_sc_hd__a32o_1)
                  0.08    0.19    2.37 ^ _546_/X (sky130_fd_sc_hd__a32o_1)
     2    0.01                           _192_ (net)
                  0.08    0.00    2.37 ^ _564_/B1 (sky130_fd_sc_hd__a21o_1)
                  0.05    0.09    2.46 ^ _564_/X (sky130_fd_sc_hd__a21o_1)
     1    0.00                           _209_ (net)
                  0.05    0.00    2.46 ^ _566_/A (sky130_fd_sc_hd__xnor2_1)
                  0.05    0.07    2.53 v _566_/Y (sky130_fd_sc_hd__xnor2_1)
     1    0.00                           _211_ (net)
                  0.05    0.00    2.53 v _567_/B (sky130_fd_sc_hd__xnor2_1)
                  0.08    0.17    2.70 ^ _567_/Y (sky130_fd_sc_hd__xnor2_1)
     1    0.01                           _212_ (net)
                  0.08    0.00    2.70 ^ _568_/B (sky130_fd_sc_hd__xnor2_1)
                  0.03    0.06    2.75 v _568_/Y (sky130_fd_sc_hd__xnor2_1)
     1    0.00                           net23 (net)
                  0.03    0.00    2.75 v output23/A (sky130_fd_sc_hd__buf_2)
                  0.09    0.16    2.92 v output23/X (sky130_fd_sc_hd__buf_2)
     1    0.03                           P[15] (net)
                  0.09    0.00    2.92 v P[15] (out)
                                  2.92   data arrival time

                  0.00    0.00    0.00   clock clk (rise edge)
                          0.00    0.00   clock network delay (ideal)
                          0.25    0.25   clock uncertainty
                          0.00    0.25   clock reconvergence pessimism
                         -2.00   -1.75   output external delay
                                 -1.75   data required time
-----------------------------------------------------------------------------
                                 -1.75   data required time
                                 -2.92   data arrival time
-----------------------------------------------------------------------------
                                  4.67   slack (MET)


Startpoint: A[0] (input port clocked by clk)
Endpoint: P[4] (output port clocked by clk)
Path Group: clk
Path Type: min

Fanout     Cap    Slew   Delay    Time   Description
-----------------------------------------------------------------------------
                  0.00    0.00    0.00   clock clk (rise edge)
                          0.00    0.00   clock network delay (ideal)
                          2.00    2.00 v input external delay
                  0.01    0.00    2.00 v A[0] (in)
     1    0.00                           A[0] (net)
                  0.01    0.00    2.00 v input1/A (sky130_fd_sc_hd__buf_2)
                  0.08    0.15    2.15 v input1/X (sky130_fd_sc_hd__buf_2)
     5    0.03                           net1 (net)
                  0.08    0.00    2.15 v _278_/A (sky130_fd_sc_hd__buf_2)
                  0.08    0.18    2.33 v _278_/X (sky130_fd_sc_hd__buf_2)
    10    0.03                           _215_ (net)
                  0.08    0.00    2.33 v _327_/A (sky130_fd_sc_hd__nand2_1)
                  0.06    0.08    2.41 ^ _327_/Y (sky130_fd_sc_hd__nand2_1)
     1    0.01                           _260_ (net)
                  0.06    0.00    2.41 ^ _328_/B (sky130_fd_sc_hd__xnor2_1)
                  0.06    0.08    2.49 v _328_/Y (sky130_fd_sc_hd__xnor2_1)
     3    0.01                           _261_ (net)
                  0.06    0.00    2.49 v _329_/B (sky130_fd_sc_hd__nand2_1)
                  0.07    0.09    2.58 ^ _329_/Y (sky130_fd_sc_hd__nand2_1)
     2    0.01                           _262_ (net)
                  0.07    0.00    2.58 ^ _570_/A (sky130_fd_sc_hd__and2_1)
                  0.04    0.11    2.69 ^ _570_/X (sky130_fd_sc_hd__and2_1)
     1    0.00                           _214_ (net)
                  0.04    0.00    2.69 ^ _571_/A (sky130_fd_sc_hd__clkbuf_1)
                  0.04    0.07    2.76 ^ _571_/X (sky130_fd_sc_hd__clkbuf_1)
     1    0.00                           net27 (net)
                  0.04    0.00    2.76 ^ output27/A (sky130_fd_sc_hd__buf_2)
                  0.17    0.19    2.95 ^ output27/X (sky130_fd_sc_hd__buf_2)
     1    0.03                           P[4] (net)
                  0.17    0.00    2.95 ^ P[4] (out)
                                  2.95   data arrival time

                  0.00    0.00    0.00   clock clk (rise edge)
                          0.00    0.00   clock network delay (ideal)
                          0.25    0.25   clock uncertainty
                          0.00    0.25   clock reconvergence pessimism
                         -2.00   -1.75   output external delay
                                 -1.75   data required time
-----------------------------------------------------------------------------
                                 -1.75   data required time
                                 -2.95   data arrival time
-----------------------------------------------------------------------------
                                  4.70   slack (MET)


Startpoint: A[2] (input port clocked by clk)
Endpoint: P[7] (output port clocked by clk)
Path Group: clk
Path Type: min

Fanout     Cap    Slew   Delay    Time   Description
-----------------------------------------------------------------------------
                  0.00    0.00    0.00   clock clk (rise edge)
                          0.00    0.00   clock network delay (ideal)
                          2.00    2.00 ^ input external delay
                  0.02    0.01    2.01 ^ A[2] (in)
     1    0.00                           A[2] (net)
                  0.02    0.00    2.01 ^ input3/A (sky130_fd_sc_hd__clkbuf_4)
                  0.12    0.17    2.18 ^ input3/X (sky130_fd_sc_hd__clkbuf_4)
    10    0.04                           net3 (net)
                  0.12    0.00    2.18 ^ _376_/B2 (sky130_fd_sc_hd__a221o_1)
                  0.07    0.17    2.35 ^ _376_/X (sky130_fd_sc_hd__a221o_1)
     1    0.01                           _030_ (net)
                  0.07    0.00    2.35 ^ _377_/A (sky130_fd_sc_hd__inv_2)
                  0.03    0.04    2.39 v _377_/Y (sky130_fd_sc_hd__inv_2)
     3    0.01                           _031_ (net)
                  0.03    0.00    2.39 v _379_/B1 (sky130_fd_sc_hd__o21ai_1)
                  0.10    0.08    2.47 ^ _379_/Y (sky130_fd_sc_hd__o21ai_1)
     2    0.01                           _033_ (net)
                  0.10    0.00    2.47 ^ _382_/A2 (sky130_fd_sc_hd__a21o_1)
                  0.07    0.14    2.61 ^ _382_/X (sky130_fd_sc_hd__a21o_1)
     2    0.01                           _036_ (net)
                  0.07    0.00    2.61 ^ _415_/A1 (sky130_fd_sc_hd__a21oi_2)
                  0.05    0.08    2.68 v _415_/Y (sky130_fd_sc_hd__a21oi_2)
     2    0.01                           _068_ (net)
                  0.05    0.00    2.69 v _416_/B (sky130_fd_sc_hd__xnor2_1)
                  0.05    0.12    2.81 v _416_/Y (sky130_fd_sc_hd__xnor2_1)
     1    0.00                           net30 (net)
                  0.05    0.00    2.81 v output30/A (sky130_fd_sc_hd__buf_2)
                  0.09    0.17    2.98 v output30/X (sky130_fd_sc_hd__buf_2)
     1    0.03                           P[7] (net)
                  0.09    0.00    2.98 v P[7] (out)
                                  2.98   data arrival time

                  0.00    0.00    0.00   clock clk (rise edge)
                          0.00    0.00   clock network delay (ideal)
                          0.25    0.25   clock uncertainty
                          0.00    0.25   clock reconvergence pessimism
                         -2.00   -1.75   output external delay
                                 -1.75   data required time
-----------------------------------------------------------------------------
                                 -1.75   data required time
                                 -2.98   data arrival time
-----------------------------------------------------------------------------
                                  4.73   slack (MET)


Startpoint: A[3] (input port clocked by clk)
Endpoint: P[9] (output port clocked by clk)
Path Group: clk
Path Type: min

Fanout     Cap    Slew   Delay    Time   Description
-----------------------------------------------------------------------------
                  0.00    0.00    0.00   clock clk (rise edge)
                          0.00    0.00   clock network delay (ideal)
                          2.00    2.00 ^ input external delay
                  0.02    0.01    2.01 ^ A[3] (in)
     1    0.00                           A[3] (net)
                  0.02    0.00    2.01 ^ input4/A (sky130_fd_sc_hd__clkbuf_4)
                  0.13    0.18    2.19 ^ input4/X (sky130_fd_sc_hd__clkbuf_4)
     9    0.04                           net4 (net)
                  0.13    0.00    2.19 ^ _409_/B2 (sky130_fd_sc_hd__a22o_1)
                  0.05    0.13    2.32 ^ _409_/X (sky130_fd_sc_hd__a22o_1)
     1    0.00                           _062_ (net)
                  0.05    0.00    2.32 ^ _410_/C1 (sky130_fd_sc_hd__a221o_1)
                  0.13    0.16    2.48 ^ _410_/X (sky130_fd_sc_hd__a221o_1)
     2    0.01                           _063_ (net)
                  0.13    0.00    2.48 ^ _434_/A2 (sky130_fd_sc_hd__a21oi_2)
                  0.04    0.10    2.58 v _434_/Y (sky130_fd_sc_hd__a21oi_2)
     3    0.01                           _086_ (net)
                  0.04    0.00    2.58 v _458_/A2 (sky130_fd_sc_hd__o21ai_1)
                  0.10    0.13    2.71 ^ _458_/Y (sky130_fd_sc_hd__o21ai_1)
     1    0.01                           _109_ (net)
                  0.10    0.00    2.71 ^ _459_/B (sky130_fd_sc_hd__xnor2_1)
                  0.07    0.10    2.81 v _459_/Y (sky130_fd_sc_hd__xnor2_1)
     1    0.01                           net32 (net)
                  0.07    0.00    2.81 v output32/A (sky130_fd_sc_hd__buf_2)
                  0.09    0.18    2.99 v output32/X (sky130_fd_sc_hd__buf_2)
     1    0.03                           P[9] (net)
                  0.09    0.00    2.99 v P[9] (out)
                                  2.99   data arrival time

                  0.00    0.00    0.00   clock clk (rise edge)
                          0.00    0.00   clock network delay (ideal)
                          0.25    0.25   clock uncertainty
                          0.00    0.25   clock reconvergence pessimism
                         -2.00   -1.75   output external delay
                                 -1.75   data required time
-----------------------------------------------------------------------------
                                 -1.75   data required time
                                 -2.99   data arrival time
-----------------------------------------------------------------------------
                                  4.74   slack (MET)


Startpoint: A[7] (input port clocked by clk)
Endpoint: P[12] (output port clocked by clk)
Path Group: clk
Path Type: min

Fanout     Cap    Slew   Delay    Time   Description
-----------------------------------------------------------------------------
                  0.00    0.00    0.00   clock clk (rise edge)
                          0.00    0.00   clock network delay (ideal)
                          2.00    2.00 ^ input external delay
                  0.02    0.01    2.01 ^ A[7] (in)
     1    0.00                           A[7] (net)
                  0.02    0.00    2.01 ^ input8/A (sky130_fd_sc_hd__buf_2)
                  0.15    0.16    2.17 ^ input8/X (sky130_fd_sc_hd__buf_2)
     8    0.03                           net8 (net)
                  0.15    0.00    2.17 ^ _502_/A2 (sky130_fd_sc_hd__a32o_1)
                  0.08    0.20    2.37 ^ _502_/X (sky130_fd_sc_hd__a32o_1)
     2    0.01                           _150_ (net)
                  0.08    0.00    2.37 ^ _503_/B1 (sky130_fd_sc_hd__a21oi_1)
                  0.05    0.06    2.43 v _503_/Y (sky130_fd_sc_hd__a21oi_1)
     2    0.01                           _151_ (net)
                  0.05    0.00    2.43 v _513_/A (sky130_fd_sc_hd__xnor2_1)
                  0.07    0.17    2.60 ^ _513_/Y (sky130_fd_sc_hd__xnor2_1)
     2    0.00                           _161_ (net)
                  0.07    0.00    2.60 ^ _517_/A (sky130_fd_sc_hd__nand2_1)
                  0.04    0.06    2.66 v _517_/Y (sky130_fd_sc_hd__nand2_1)
     1    0.00                           _165_ (net)
                  0.04    0.00    2.66 v _518_/B (sky130_fd_sc_hd__nand2_2)
                  0.10    0.10    2.76 ^ _518_/Y (sky130_fd_sc_hd__nand2_2)
     3    0.02                           _166_ (net)
                  0.10    0.00    2.76 ^ _525_/A (sky130_fd_sc_hd__xor2_1)
                  0.04    0.07    2.83 v _525_/X (sky130_fd_sc_hd__xor2_1)
     1    0.00                           net20 (net)
                  0.04    0.00    2.83 v output20/A (sky130_fd_sc_hd__buf_2)
                  0.09    0.17    3.00 v output20/X (sky130_fd_sc_hd__buf_2)
     1    0.03                           P[12] (net)
                  0.09    0.00    3.00 v P[12] (out)
                                  3.00   data arrival time

                  0.00    0.00    0.00   clock clk (rise edge)
                          0.00    0.00   clock network delay (ideal)
                          0.25    0.25   clock uncertainty
                          0.00    0.25   clock reconvergence pessimism
                         -2.00   -1.75   output external delay
                                 -1.75   data required time
-----------------------------------------------------------------------------
                                 -1.75   data required time
                                 -3.00   data arrival time
-----------------------------------------------------------------------------
                                  4.75   slack (MET)


Startpoint: A[3] (input port clocked by clk)
Endpoint: P[8] (output port clocked by clk)
Path Group: clk
Path Type: min

Fanout     Cap    Slew   Delay    Time   Description
-----------------------------------------------------------------------------
                  0.00    0.00    0.00   clock clk (rise edge)
                          0.00    0.00   clock network delay (ideal)
                          2.00    2.00 ^ input external delay
                  0.02    0.01    2.01 ^ A[3] (in)
     1    0.00                           A[3] (net)
                  0.02    0.00    2.01 ^ input4/A (sky130_fd_sc_hd__clkbuf_4)
                  0.13    0.18    2.19 ^ input4/X (sky130_fd_sc_hd__clkbuf_4)
     9    0.04                           net4 (net)
                  0.13    0.00    2.19 ^ _409_/B2 (sky130_fd_sc_hd__a22o_1)
                  0.05    0.13    2.32 ^ _409_/X (sky130_fd_sc_hd__a22o_1)
     1    0.00                           _062_ (net)
                  0.05    0.00    2.32 ^ _410_/C1 (sky130_fd_sc_hd__a221o_1)
                  0.13    0.16    2.48 ^ _410_/X (sky130_fd_sc_hd__a221o_1)
     2    0.01                           _063_ (net)
                  0.13    0.00    2.48 ^ _434_/A2 (sky130_fd_sc_hd__a21oi_2)
                  0.04    0.10    2.58 v _434_/Y (sky130_fd_sc_hd__a21oi_2)
     3    0.01                           _086_ (net)
                  0.04    0.00    2.58 v _435_/B (sky130_fd_sc_hd__xnor2_2)
                  0.09    0.19    2.77 ^ _435_/Y (sky130_fd_sc_hd__xnor2_2)
     4    0.01                           _087_ (net)
                  0.09    0.00    2.77 ^ _437_/A (sky130_fd_sc_hd__xnor2_1)
                  0.05    0.09    2.86 v _437_/Y (sky130_fd_sc_hd__xnor2_1)
     1    0.01                           net31 (net)
                  0.05    0.00    2.86 v output31/A (sky130_fd_sc_hd__clkbuf_4)
                  0.08    0.18    3.04 v output31/X (sky130_fd_sc_hd__clkbuf_4)
     1    0.03                           P[8] (net)
                  0.08    0.00    3.04 v P[8] (out)
                                  3.04   data arrival time

                  0.00    0.00    0.00   clock clk (rise edge)
                          0.00    0.00   clock network delay (ideal)
                          0.25    0.25   clock uncertainty
                          0.00    0.25   clock reconvergence pessimism
                         -2.00   -1.75   output external delay
                                 -1.75   data required time
-----------------------------------------------------------------------------
                                 -1.75   data required time
                                 -3.04   data arrival time
-----------------------------------------------------------------------------
                                  4.79   slack (MET)


Startpoint: A[6] (input port clocked by clk)
Endpoint: P[10] (output port clocked by clk)
Path Group: clk
Path Type: min

Fanout     Cap    Slew   Delay    Time   Description
-----------------------------------------------------------------------------
                  0.00    0.00    0.00   clock clk (rise edge)
                          0.00    0.00   clock network delay (ideal)
                          2.00    2.00 ^ input external delay
                  0.02    0.01    2.01 ^ A[6] (in)
     1    0.00                           A[6] (net)
                  0.02    0.00    2.01 ^ input7/A (sky130_fd_sc_hd__clkbuf_4)
                  0.13    0.18    2.19 ^ input7/X (sky130_fd_sc_hd__clkbuf_4)
    10    0.04                           net7 (net)
                  0.13    0.00    2.19 ^ _472_/B2 (sky130_fd_sc_hd__a22o_1)
                  0.10    0.18    2.36 ^ _472_/X (sky130_fd_sc_hd__a22o_1)
     1    0.01                           _122_ (net)
                  0.10    0.00    2.36 ^ _473_/C1 (sky130_fd_sc_hd__a221oi_4)
                  0.05    0.05    2.41 v _473_/Y (sky130_fd_sc_hd__a221oi_4)
     2    0.01                           _123_ (net)
                  0.05    0.00    2.41 v _474_/B (sky130_fd_sc_hd__xor2_2)
                  0.16    0.17    2.58 ^ _474_/X (sky130_fd_sc_hd__xor2_2)
     2    0.01                           _124_ (net)
                  0.16    0.00    2.58 ^ _478_/A (sky130_fd_sc_hd__xor2_2)
                  0.05    0.11    2.70 v _478_/X (sky130_fd_sc_hd__xor2_2)
     4    0.01                           _128_ (net)
                  0.05    0.00    2.70 v _483_/A (sky130_fd_sc_hd__xor2_1)
                  0.06    0.17    2.87 v _483_/X (sky130_fd_sc_hd__xor2_1)
     1    0.01                           net18 (net)
                  0.06    0.00    2.87 v output18/A (sky130_fd_sc_hd__buf_2)
                  0.09    0.18    3.04 v output18/X (sky130_fd_sc_hd__buf_2)
     1    0.03                           P[10] (net)
                  0.09    0.00    3.04 v P[10] (out)
                                  3.04   data arrival time

                  0.00    0.00    0.00   clock clk (rise edge)
                          0.00    0.00   clock network delay (ideal)
                          0.25    0.25   clock uncertainty
                          0.00    0.25   clock reconvergence pessimism
                         -2.00   -1.75   output external delay
                                 -1.75   data required time
-----------------------------------------------------------------------------
                                 -1.75   data required time
                                 -3.04   data arrival time
-----------------------------------------------------------------------------
                                  4.79   slack (MET)


Startpoint: A[0] (input port clocked by clk)
Endpoint: P[6] (output port clocked by clk)
Path Group: clk
Path Type: min

Fanout     Cap    Slew   Delay    Time   Description
-----------------------------------------------------------------------------
                  0.00    0.00    0.00   clock clk (rise edge)
                          0.00    0.00   clock network delay (ideal)
                          2.00    2.00 v input external delay
                  0.01    0.00    2.00 v A[0] (in)
     1    0.00                           A[0] (net)
                  0.01    0.00    2.00 v input1/A (sky130_fd_sc_hd__buf_2)
                  0.08    0.15    2.15 v input1/X (sky130_fd_sc_hd__buf_2)
     5    0.03                           net1 (net)
                  0.08    0.00    2.15 v _278_/A (sky130_fd_sc_hd__buf_2)
                  0.08    0.18    2.33 v _278_/X (sky130_fd_sc_hd__buf_2)
    10    0.03                           _215_ (net)
                  0.08    0.00    2.33 v _327_/A (sky130_fd_sc_hd__nand2_1)
                  0.06    0.08    2.41 ^ _327_/Y (sky130_fd_sc_hd__nand2_1)
     1    0.01                           _260_ (net)
                  0.06    0.00    2.41 ^ _328_/B (sky130_fd_sc_hd__xnor2_1)
                  0.10    0.14    2.55 ^ _328_/Y (sky130_fd_sc_hd__xnor2_1)
     3    0.01                           _261_ (net)
                  0.10    0.00    2.55 ^ _384_/A2 (sky130_fd_sc_hd__a31o_1)
                  0.12    0.20    2.75 ^ _384_/X (sky130_fd_sc_hd__a31o_1)
     2    0.01                           _038_ (net)
                  0.12    0.00    2.75 ^ _385_/B (sky130_fd_sc_hd__xnor2_1)
                  0.09    0.12    2.87 v _385_/Y (sky130_fd_sc_hd__xnor2_1)
     1    0.01                           net29 (net)
                  0.09    0.00    2.87 v output29/A (sky130_fd_sc_hd__buf_2)
                  0.09    0.19    3.06 v output29/X (sky130_fd_sc_hd__buf_2)
     1    0.03                           P[6] (net)
                  0.09    0.00    3.06 v P[6] (out)
                                  3.06   data arrival time

                  0.00    0.00    0.00   clock clk (rise edge)
                          0.00    0.00   clock network delay (ideal)
                          0.25    0.25   clock uncertainty
                          0.00    0.25   clock reconvergence pessimism
                         -2.00   -1.75   output external delay
                                 -1.75   data required time
-----------------------------------------------------------------------------
                                 -1.75   data required time
                                 -3.06   data arrival time
-----------------------------------------------------------------------------
                                  4.81   slack (MET)


Startpoint: A[7] (input port clocked by clk)
Endpoint: P[11] (output port clocked by clk)
Path Group: clk
Path Type: min

Fanout     Cap    Slew   Delay    Time   Description
-----------------------------------------------------------------------------
                  0.00    0.00    0.00   clock clk (rise edge)
                          0.00    0.00   clock network delay (ideal)
                          2.00    2.00 ^ input external delay
                  0.02    0.01    2.01 ^ A[7] (in)
     1    0.00                           A[7] (net)
                  0.02    0.00    2.01 ^ input8/A (sky130_fd_sc_hd__buf_2)
                  0.15    0.16    2.17 ^ input8/X (sky130_fd_sc_hd__buf_2)
     8    0.03                           net8 (net)
                  0.15    0.00    2.17 ^ _493_/B2 (sky130_fd_sc_hd__a22o_1)
                  0.05    0.14    2.31 ^ _493_/X (sky130_fd_sc_hd__a22o_1)
     1    0.00                           _142_ (net)
                  0.05    0.00    2.31 ^ _494_/C1 (sky130_fd_sc_hd__a221o_1)
                  0.07    0.11    2.42 ^ _494_/X (sky130_fd_sc_hd__a221o_1)
     1    0.01                           _143_ (net)
                  0.07    0.00    2.42 ^ _495_/A (sky130_fd_sc_hd__inv_2)
                  0.03    0.05    2.47 v _495_/Y (sky130_fd_sc_hd__inv_2)
     2    0.01                           _144_ (net)
                  0.03    0.00    2.47 v _496_/B (sky130_fd_sc_hd__xnor2_2)
                  0.09    0.19    2.66 ^ _496_/Y (sky130_fd_sc_hd__xnor2_2)
     3    0.01                           _145_ (net)
                  0.09    0.00    2.66 ^ _498_/A (sky130_fd_sc_hd__xnor2_2)
                  0.07    0.14    2.80 ^ _498_/Y (sky130_fd_sc_hd__xnor2_2)
     3    0.01                           _147_ (net)
                  0.07    0.00    2.80 ^ _501_/A (sky130_fd_sc_hd__xnor2_1)
                  0.07    0.10    2.89 v _501_/Y (sky130_fd_sc_hd__xnor2_1)
     1    0.01                           net19 (net)
                  0.07    0.00    2.89 v output19/A (sky130_fd_sc_hd__clkbuf_4)
                  0.08    0.19    3.08 v output19/X (sky130_fd_sc_hd__clkbuf_4)
     1    0.03                           P[11] (net)
                  0.08    0.00    3.08 v P[11] (out)
                                  3.08   data arrival time

                  0.00    0.00    0.00   clock clk (rise edge)
                          0.00    0.00   clock network delay (ideal)
                          0.25    0.25   clock uncertainty
                          0.00    0.25   clock reconvergence pessimism
                         -2.00   -1.75   output external delay
                                 -1.75   data required time
-----------------------------------------------------------------------------
                                 -1.75   data required time
                                 -3.08   data arrival time
-----------------------------------------------------------------------------
                                  4.83   slack (MET)


Startpoint: A[7] (input port clocked by clk)
Endpoint: P[13] (output port clocked by clk)
Path Group: clk
Path Type: min

Fanout     Cap    Slew   Delay    Time   Description
-----------------------------------------------------------------------------
                  0.00    0.00    0.00   clock clk (rise edge)
                          0.00    0.00   clock network delay (ideal)
                          2.00    2.00 ^ input external delay
                  0.02    0.01    2.01 ^ A[7] (in)
     1    0.00                           A[7] (net)
                  0.02    0.00    2.01 ^ input8/A (sky130_fd_sc_hd__buf_2)
                  0.15    0.16    2.17 ^ input8/X (sky130_fd_sc_hd__buf_2)
     8    0.03                           net8 (net)
                  0.15    0.00    2.17 ^ _502_/A2 (sky130_fd_sc_hd__a32o_1)
                  0.08    0.20    2.37 ^ _502_/X (sky130_fd_sc_hd__a32o_1)
     2    0.01                           _150_ (net)
                  0.08    0.00    2.37 ^ _503_/B1 (sky130_fd_sc_hd__a21oi_1)
                  0.05    0.06    2.43 v _503_/Y (sky130_fd_sc_hd__a21oi_1)
     2    0.01                           _151_ (net)
                  0.05    0.00    2.43 v _513_/A (sky130_fd_sc_hd__xnor2_1)
                  0.05    0.13    2.56 v _513_/Y (sky130_fd_sc_hd__xnor2_1)
     2    0.00                           _161_ (net)
                  0.05    0.00    2.56 v _517_/A (sky130_fd_sc_hd__nand2_1)
                  0.06    0.06    2.62 ^ _517_/Y (sky130_fd_sc_hd__nand2_1)
     1    0.00                           _165_ (net)
                  0.06    0.00    2.62 ^ _518_/B (sky130_fd_sc_hd__nand2_2)
                  0.07    0.08    2.70 v _518_/Y (sky130_fd_sc_hd__nand2_2)
     3    0.02                           _166_ (net)
                  0.07    0.00    2.70 v _541_/A1 (sky130_fd_sc_hd__o21ai_1)
                  0.11    0.15    2.86 ^ _541_/Y (sky130_fd_sc_hd__o21ai_1)
     1    0.01                           _188_ (net)
                  0.11    0.00    2.86 ^ _542_/B (sky130_fd_sc_hd__xnor2_1)
                  0.03    0.06    2.92 v _542_/Y (sky130_fd_sc_hd__xnor2_1)
     1    0.00                           net21 (net)
                  0.03    0.00    2.92 v output21/A (sky130_fd_sc_hd__buf_2)
                  0.09    0.17    3.09 v output21/X (sky130_fd_sc_hd__buf_2)
     1    0.03                           P[13] (net)
                  0.09    0.00    3.09 v P[13] (out)
                                  3.09   data arrival time

                  0.00    0.00    0.00   clock clk (rise edge)
                          0.00    0.00   clock network delay (ideal)
                          0.25    0.25   clock uncertainty
                          0.00    0.25   clock reconvergence pessimism
                         -2.00   -1.75   output external delay
                                 -1.75   data required time
-----------------------------------------------------------------------------
                                 -1.75   data required time
                                 -3.09   data arrival time
-----------------------------------------------------------------------------
                                  4.84   slack (MET)


Startpoint: B[1] (input port clocked by clk)
Endpoint: P[14] (output port clocked by clk)
Path Group: clk
Path Type: min

Fanout     Cap    Slew   Delay    Time   Description
-----------------------------------------------------------------------------
                  0.00    0.00    0.00   clock clk (rise edge)
                          0.00    0.00   clock network delay (ideal)
                          2.00    2.00 ^ input external delay
                  0.02    0.01    2.01 ^ B[1] (in)
     1    0.00                           B[1] (net)
                  0.02    0.00    2.01 ^ input10/A (sky130_fd_sc_hd__buf_2)
                  0.17    0.18    2.19 ^ input10/X (sky130_fd_sc_hd__buf_2)
     9    0.03                           net10 (net)
                  0.17    0.00    2.19 ^ _463_/A1 (sky130_fd_sc_hd__a21oi_2)
                  0.07    0.12    2.30 v _463_/Y (sky130_fd_sc_hd__a21oi_2)
     5    0.02                           _113_ (net)
                  0.07    0.00    2.30 v _528_/A (sky130_fd_sc_hd__nor2_1)
                  0.13    0.14    2.44 ^ _528_/Y (sky130_fd_sc_hd__nor2_1)
     2    0.01                           _175_ (net)
                  0.13    0.00    2.44 ^ _534_/A1 (sky130_fd_sc_hd__o21a_1)
                  0.07    0.15    2.60 ^ _534_/X (sky130_fd_sc_hd__o21a_1)
     3    0.01                           _181_ (net)
                  0.07    0.00    2.60 ^ _557_/A (sky130_fd_sc_hd__or3b_1)
                  0.06    0.11    2.71 ^ _557_/X (sky130_fd_sc_hd__or3b_1)
     2    0.01                           _203_ (net)
                  0.06    0.00    2.71 ^ _558_/B (sky130_fd_sc_hd__and2b_1)
                  0.10    0.15    2.86 ^ _558_/X (sky130_fd_sc_hd__and2b_1)
     1    0.01                           _204_ (net)
                  0.10    0.00    2.86 ^ _561_/A (sky130_fd_sc_hd__xor2_2)
                  0.05    0.10    2.96 v _561_/X (sky130_fd_sc_hd__xor2_2)
     1    0.01                           net22 (net)
                  0.05    0.00    2.96 v output22/A (sky130_fd_sc_hd__buf_2)
                  0.09    0.17    3.14 v output22/X (sky130_fd_sc_hd__buf_2)
     1    0.03                           P[14] (net)
                  0.09    0.00    3.14 v P[14] (out)
                                  3.14   data arrival time

                  0.00    0.00    0.00   clock clk (rise edge)
                          0.00    0.00   clock network delay (ideal)
                          0.25    0.25   clock uncertainty
                          0.00    0.25   clock reconvergence pessimism
                         -2.00   -1.75   output external delay
                                 -1.75   data required time
-----------------------------------------------------------------------------
                                 -1.75   data required time
                                 -3.14   data arrival time
-----------------------------------------------------------------------------
                                  4.89   slack (MET)



