
===========================================================================
report_checks -path_delay max (Setup)
============================================================================
======================= Typical Corner ===================================

Startpoint: A[0] (input port clocked by clk)
Endpoint: P[15] (output port clocked by clk)
Path Group: clk
Path Type: max

Fanout     Cap    Slew   Delay    Time   Description
-----------------------------------------------------------------------------
                  0.00    0.00    0.00   clock clk (rise edge)
                          0.00    0.00   clock network delay (ideal)
                          2.00    2.00 v input external delay
                  0.01    0.00    2.00 v A[0] (in)
     1    0.00                           A[0] (net)
                  0.01    0.00    2.00 v input1/A (sky130_fd_sc_hd__buf_2)
                  0.08    0.16    2.17 v input1/X (sky130_fd_sc_hd__buf_2)
     5    0.03                           net1 (net)
                  0.08    0.00    2.17 v _297_/A (sky130_fd_sc_hd__or4_1)
                  0.08    0.54    2.71 v _297_/X (sky130_fd_sc_hd__or4_1)
     1    0.00                           _231_ (net)
                  0.08    0.00    2.71 v _298_/A (sky130_fd_sc_hd__clkbuf_4)
                  0.07    0.21    2.91 v _298_/X (sky130_fd_sc_hd__clkbuf_4)
     7    0.03                           _232_ (net)
                  0.07    0.00    2.91 v _417_/A4 (sky130_fd_sc_hd__o41a_4)
                  0.10    0.44    3.35 v _417_/X (sky130_fd_sc_hd__o41a_4)
     9    0.03                           _069_ (net)
                  0.10    0.00    3.35 v _443_/A2 (sky130_fd_sc_hd__a21o_2)
                  0.08    0.30    3.65 v _443_/X (sky130_fd_sc_hd__a21o_2)
     7    0.02                           _094_ (net)
                  0.08    0.00    3.65 v _445_/A (sky130_fd_sc_hd__or4_1)
                  0.10    0.57    4.23 v _445_/X (sky130_fd_sc_hd__or4_1)
     2    0.01                           _096_ (net)
                  0.10    0.00    4.23 v _446_/B_N (sky130_fd_sc_hd__or2b_1)
                  0.06    0.19    4.42 ^ _446_/X (sky130_fd_sc_hd__or2b_1)
     1    0.00                           _097_ (net)
                  0.06    0.00    4.42 ^ _449_/A (sky130_fd_sc_hd__xnor2_1)
                  0.24    0.17    4.59 ^ _449_/Y (sky130_fd_sc_hd__xnor2_1)
     2    0.01                           _100_ (net)
                  0.24    0.00    4.59 ^ _452_/A (sky130_fd_sc_hd__xor2_1)
                  0.25    0.28    4.86 ^ _452_/X (sky130_fd_sc_hd__xor2_1)
     2    0.01                           _103_ (net)
                  0.25    0.00    4.86 ^ _455_/A (sky130_fd_sc_hd__xnor2_1)
                  0.27    0.22    5.08 ^ _455_/Y (sky130_fd_sc_hd__xnor2_1)
     3    0.01                           _106_ (net)
                  0.27    0.00    5.08 ^ _456_/B (sky130_fd_sc_hd__xnor2_1)
                  0.11    0.17    5.25 v _456_/Y (sky130_fd_sc_hd__xnor2_1)
     3    0.01                           _107_ (net)
                  0.11    0.00    5.25 v _520_/B (sky130_fd_sc_hd__nor4_1)
                  0.21    0.28    5.53 ^ _520_/Y (sky130_fd_sc_hd__nor4_1)
     1    0.00                           _168_ (net)
                  0.21    0.00    5.53 ^ wire33/A (sky130_fd_sc_hd__buf_1)
                  0.12    0.17    5.70 ^ wire33/X (sky130_fd_sc_hd__buf_1)
     1    0.01                           net33 (net)
                  0.12    0.00    5.70 ^ _524_/B1 (sky130_fd_sc_hd__a221oi_4)
                  0.09    0.10    5.80 v _524_/Y (sky130_fd_sc_hd__a221oi_4)
     3    0.02                           _172_ (net)
                  0.09    0.00    5.80 v _560_/A2 (sky130_fd_sc_hd__o31ai_4)
                  0.24    0.30    6.10 ^ _560_/Y (sky130_fd_sc_hd__o31ai_4)
     2    0.01                           _206_ (net)
                  0.24    0.00    6.10 ^ _562_/A2 (sky130_fd_sc_hd__a21o_1)
                  0.08    0.19    6.29 ^ _562_/X (sky130_fd_sc_hd__a21o_1)
     1    0.01                           _207_ (net)
                  0.08    0.00    6.29 ^ _568_/A (sky130_fd_sc_hd__xnor2_1)
                  0.10    0.11    6.40 ^ _568_/Y (sky130_fd_sc_hd__xnor2_1)
     1    0.00                           net23 (net)
                  0.10    0.00    6.40 ^ output23/A (sky130_fd_sc_hd__buf_2)
                  0.17    0.23    6.63 ^ output23/X (sky130_fd_sc_hd__buf_2)
     1    0.03                           P[15] (net)
                  0.17    0.00    6.63 ^ P[15] (out)
                                  6.63   data arrival time

                  0.00   10.00   10.00   clock clk (rise edge)
                          0.00   10.00   clock network delay (ideal)
                         -0.25    9.75   clock uncertainty
                          0.00    9.75   clock reconvergence pessimism
                         -2.00    7.75   output external delay
                                  7.75   data required time
-----------------------------------------------------------------------------
                                  7.75   data required time
                                 -6.63   data arrival time
-----------------------------------------------------------------------------
                                  1.12   slack (MET)


Startpoint: A[0] (input port clocked by clk)
Endpoint: P[14] (output port clocked by clk)
Path Group: clk
Path Type: max

Fanout     Cap    Slew   Delay    Time   Description
-----------------------------------------------------------------------------
                  0.00    0.00    0.00   clock clk (rise edge)
                          0.00    0.00   clock network delay (ideal)
                          2.00    2.00 v input external delay
                  0.01    0.00    2.00 v A[0] (in)
     1    0.00                           A[0] (net)
                  0.01    0.00    2.00 v input1/A (sky130_fd_sc_hd__buf_2)
                  0.08    0.16    2.17 v input1/X (sky130_fd_sc_hd__buf_2)
     5    0.03                           net1 (net)
                  0.08    0.00    2.17 v _297_/A (sky130_fd_sc_hd__or4_1)
                  0.08    0.54    2.71 v _297_/X (sky130_fd_sc_hd__or4_1)
     1    0.00                           _231_ (net)
                  0.08    0.00    2.71 v _298_/A (sky130_fd_sc_hd__clkbuf_4)
                  0.07    0.21    2.91 v _298_/X (sky130_fd_sc_hd__clkbuf_4)
     7    0.03                           _232_ (net)
                  0.07    0.00    2.91 v _417_/A4 (sky130_fd_sc_hd__o41a_4)
                  0.10    0.44    3.35 v _417_/X (sky130_fd_sc_hd__o41a_4)
     9    0.03                           _069_ (net)
                  0.10    0.00    3.35 v _443_/A2 (sky130_fd_sc_hd__a21o_2)
                  0.08    0.30    3.65 v _443_/X (sky130_fd_sc_hd__a21o_2)
     7    0.02                           _094_ (net)
                  0.08    0.00    3.65 v _445_/A (sky130_fd_sc_hd__or4_1)
                  0.10    0.57    4.23 v _445_/X (sky130_fd_sc_hd__or4_1)
     2    0.01                           _096_ (net)
                  0.10    0.00    4.23 v _446_/B_N (sky130_fd_sc_hd__or2b_1)
                  0.06    0.19    4.42 ^ _446_/X (sky130_fd_sc_hd__or2b_1)
     1    0.00                           _097_ (net)
                  0.06    0.00    4.42 ^ _449_/A (sky130_fd_sc_hd__xnor2_1)
                  0.24    0.17    4.59 ^ _449_/Y (sky130_fd_sc_hd__xnor2_1)
     2    0.01                           _100_ (net)
                  0.24    0.00    4.59 ^ _452_/A (sky130_fd_sc_hd__xor2_1)
                  0.25    0.28    4.86 ^ _452_/X (sky130_fd_sc_hd__xor2_1)
     2    0.01                           _103_ (net)
                  0.25    0.00    4.86 ^ _455_/A (sky130_fd_sc_hd__xnor2_1)
                  0.27    0.22    5.08 ^ _455_/Y (sky130_fd_sc_hd__xnor2_1)
     3    0.01                           _106_ (net)
                  0.27    0.00    5.08 ^ _456_/B (sky130_fd_sc_hd__xnor2_1)
                  0.11    0.17    5.25 v _456_/Y (sky130_fd_sc_hd__xnor2_1)
     3    0.01                           _107_ (net)
                  0.11    0.00    5.25 v _520_/B (sky130_fd_sc_hd__nor4_1)
                  0.21    0.28    5.53 ^ _520_/Y (sky130_fd_sc_hd__nor4_1)
     1    0.00                           _168_ (net)
                  0.21    0.00    5.53 ^ wire33/A (sky130_fd_sc_hd__buf_1)
                  0.12    0.17    5.70 ^ wire33/X (sky130_fd_sc_hd__buf_1)
     1    0.01                           net33 (net)
                  0.12    0.00    5.70 ^ _524_/B1 (sky130_fd_sc_hd__a221oi_4)
                  0.09    0.10    5.80 v _524_/Y (sky130_fd_sc_hd__a221oi_4)
     3    0.02                           _172_ (net)
                  0.09    0.00    5.80 v _560_/A2 (sky130_fd_sc_hd__o31ai_4)
                  0.24    0.30    6.10 ^ _560_/Y (sky130_fd_sc_hd__o31ai_4)
     2    0.01                           _206_ (net)
                  0.24    0.00    6.10 ^ _561_/B (sky130_fd_sc_hd__xor2_2)
                  0.20    0.24    6.34 ^ _561_/X (sky130_fd_sc_hd__xor2_2)
     1    0.01                           net22 (net)
                  0.20    0.00    6.34 ^ output22/A (sky130_fd_sc_hd__buf_2)
                  0.17    0.26    6.60 ^ output22/X (sky130_fd_sc_hd__buf_2)
     1    0.03                           P[14] (net)
                  0.17    0.00    6.60 ^ P[14] (out)
                                  6.60   data arrival time

                  0.00   10.00   10.00   clock clk (rise edge)
                          0.00   10.00   clock network delay (ideal)
                         -0.25    9.75   clock uncertainty
                          0.00    9.75   clock reconvergence pessimism
                         -2.00    7.75   output external delay
                                  7.75   data required time
-----------------------------------------------------------------------------
                                  7.75   data required time
                                 -6.60   data arrival time
-----------------------------------------------------------------------------
                                  1.15   slack (MET)


Startpoint: A[0] (input port clocked by clk)
Endpoint: P[13] (output port clocked by clk)
Path Group: clk
Path Type: max

Fanout     Cap    Slew   Delay    Time   Description
-----------------------------------------------------------------------------
                  0.00    0.00    0.00   clock clk (rise edge)
                          0.00    0.00   clock network delay (ideal)
                          2.00    2.00 v input external delay
                  0.01    0.00    2.00 v A[0] (in)
     1    0.00                           A[0] (net)
                  0.01    0.00    2.00 v input1/A (sky130_fd_sc_hd__buf_2)
                  0.08    0.16    2.17 v input1/X (sky130_fd_sc_hd__buf_2)
     5    0.03                           net1 (net)
                  0.08    0.00    2.17 v _297_/A (sky130_fd_sc_hd__or4_1)
                  0.08    0.54    2.71 v _297_/X (sky130_fd_sc_hd__or4_1)
     1    0.00                           _231_ (net)
                  0.08    0.00    2.71 v _298_/A (sky130_fd_sc_hd__clkbuf_4)
                  0.07    0.21    2.91 v _298_/X (sky130_fd_sc_hd__clkbuf_4)
     7    0.03                           _232_ (net)
                  0.07    0.00    2.91 v _360_/D (sky130_fd_sc_hd__or4_4)
                  0.11    0.50    3.41 v _360_/X (sky130_fd_sc_hd__or4_4)
     3    0.02                           _014_ (net)
                  0.11    0.00    3.41 v _361_/B (sky130_fd_sc_hd__and3b_1)
                  0.05    0.21    3.62 v _361_/X (sky130_fd_sc_hd__and3b_1)
     2    0.01                           _015_ (net)
                  0.05    0.00    3.62 v _367_/A1 (sky130_fd_sc_hd__o31a_1)
                  0.06    0.32    3.94 v _367_/X (sky130_fd_sc_hd__o31a_1)
     3    0.01                           _021_ (net)
                  0.06    0.00    3.94 v _371_/A (sky130_fd_sc_hd__or3b_1)
                  0.09    0.42    4.36 v _371_/X (sky130_fd_sc_hd__or3b_1)
     3    0.01                           _025_ (net)
                  0.09    0.00    4.36 v _373_/B (sky130_fd_sc_hd__and3_1)
                  0.08    0.24    4.60 v _373_/X (sky130_fd_sc_hd__and3_1)
     5    0.01                           _027_ (net)
                  0.08    0.00    4.60 v _378_/A (sky130_fd_sc_hd__or3_1)
                  0.08    0.41    5.01 v _378_/X (sky130_fd_sc_hd__or3_1)
     2    0.00                           _032_ (net)
                  0.08    0.00    5.01 v _382_/A1 (sky130_fd_sc_hd__a21o_1)
                  0.05    0.19    5.20 v _382_/X (sky130_fd_sc_hd__a21o_1)
     2    0.01                           _036_ (net)
                  0.05    0.00    5.20 v _415_/A1 (sky130_fd_sc_hd__a21oi_2)
                  0.21    0.23    5.42 ^ _415_/Y (sky130_fd_sc_hd__a21oi_2)
     2    0.02                           _068_ (net)
                  0.21    0.00    5.42 ^ _436_/A2 (sky130_fd_sc_hd__a21oi_4)
                  0.08    0.12    5.54 v _436_/Y (sky130_fd_sc_hd__a21oi_4)
     4    0.02                           _088_ (net)
                  0.08    0.00    5.54 v _524_/B2 (sky130_fd_sc_hd__a221oi_4)
                  0.31    0.36    5.91 ^ _524_/Y (sky130_fd_sc_hd__a221oi_4)
     3    0.02                           _172_ (net)
                  0.31    0.00    5.91 ^ _541_/A2 (sky130_fd_sc_hd__o21ai_1)
                  0.08    0.12    6.03 v _541_/Y (sky130_fd_sc_hd__o21ai_1)
     1    0.00                           _188_ (net)
                  0.08    0.00    6.03 v _542_/B (sky130_fd_sc_hd__xnor2_1)
                  0.11    0.14    6.17 ^ _542_/Y (sky130_fd_sc_hd__xnor2_1)
     1    0.00                           net21 (net)
                  0.11    0.00    6.17 ^ output21/A (sky130_fd_sc_hd__buf_2)
                  0.17    0.23    6.40 ^ output21/X (sky130_fd_sc_hd__buf_2)
     1    0.03                           P[13] (net)
                  0.17    0.00    6.40 ^ P[13] (out)
                                  6.40   data arrival time

                  0.00   10.00   10.00   clock clk (rise edge)
                          0.00   10.00   clock network delay (ideal)
                         -0.25    9.75   clock uncertainty
                          0.00    9.75   clock reconvergence pessimism
                         -2.00    7.75   output external delay
                                  7.75   data required time
-----------------------------------------------------------------------------
                                  7.75   data required time
                                 -6.40   data arrival time
-----------------------------------------------------------------------------
                                  1.35   slack (MET)


Startpoint: A[0] (input port clocked by clk)
Endpoint: P[11] (output port clocked by clk)
Path Group: clk
Path Type: max

Fanout     Cap    Slew   Delay    Time   Description
-----------------------------------------------------------------------------
                  0.00    0.00    0.00   clock clk (rise edge)
                          0.00    0.00   clock network delay (ideal)
                          2.00    2.00 v input external delay
                  0.01    0.00    2.00 v A[0] (in)
     1    0.00                           A[0] (net)
                  0.01    0.00    2.00 v input1/A (sky130_fd_sc_hd__buf_2)
                  0.08    0.16    2.17 v input1/X (sky130_fd_sc_hd__buf_2)
     5    0.03                           net1 (net)
                  0.08    0.00    2.17 v _297_/A (sky130_fd_sc_hd__or4_1)
                  0.08    0.54    2.71 v _297_/X (sky130_fd_sc_hd__or4_1)
     1    0.00                           _231_ (net)
                  0.08    0.00    2.71 v _298_/A (sky130_fd_sc_hd__clkbuf_4)
                  0.07    0.21    2.91 v _298_/X (sky130_fd_sc_hd__clkbuf_4)
     7    0.03                           _232_ (net)
                  0.07    0.00    2.91 v _360_/D (sky130_fd_sc_hd__or4_4)
                  0.11    0.50    3.41 v _360_/X (sky130_fd_sc_hd__or4_4)
     3    0.02                           _014_ (net)
                  0.11    0.00    3.41 v _361_/B (sky130_fd_sc_hd__and3b_1)
                  0.05    0.21    3.62 v _361_/X (sky130_fd_sc_hd__and3b_1)
     2    0.01                           _015_ (net)
                  0.05    0.00    3.62 v _367_/A1 (sky130_fd_sc_hd__o31a_1)
                  0.06    0.32    3.94 v _367_/X (sky130_fd_sc_hd__o31a_1)
     3    0.01                           _021_ (net)
                  0.06    0.00    3.94 v _371_/A (sky130_fd_sc_hd__or3b_1)
                  0.09    0.42    4.36 v _371_/X (sky130_fd_sc_hd__or3b_1)
     3    0.01                           _025_ (net)
                  0.09    0.00    4.36 v _373_/B (sky130_fd_sc_hd__and3_1)
                  0.08    0.24    4.60 v _373_/X (sky130_fd_sc_hd__and3_1)
     5    0.01                           _027_ (net)
                  0.08    0.00    4.60 v _378_/A (sky130_fd_sc_hd__or3_1)
                  0.08    0.41    5.01 v _378_/X (sky130_fd_sc_hd__or3_1)
     2    0.00                           _032_ (net)
                  0.08    0.00    5.01 v _382_/A1 (sky130_fd_sc_hd__a21o_1)
                  0.05    0.19    5.20 v _382_/X (sky130_fd_sc_hd__a21o_1)
     2    0.01                           _036_ (net)
                  0.05    0.00    5.20 v _415_/A1 (sky130_fd_sc_hd__a21oi_2)
                  0.21    0.23    5.42 ^ _415_/Y (sky130_fd_sc_hd__a21oi_2)
     2    0.02                           _068_ (net)
                  0.21    0.00    5.42 ^ _436_/A2 (sky130_fd_sc_hd__a21oi_4)
                  0.08    0.12    5.54 v _436_/Y (sky130_fd_sc_hd__a21oi_4)
     4    0.02                           _088_ (net)
                  0.08    0.00    5.54 v _482_/A1 (sky130_fd_sc_hd__a21oi_1)
                  0.21    0.22    5.76 ^ _482_/Y (sky130_fd_sc_hd__a21oi_1)
     2    0.01                           _132_ (net)
                  0.21    0.00    5.76 ^ _500_/A2 (sky130_fd_sc_hd__o21ai_1)
                  0.07    0.11    5.87 v _500_/Y (sky130_fd_sc_hd__o21ai_1)
     1    0.01                           _149_ (net)
                  0.07    0.00    5.87 v _501_/B (sky130_fd_sc_hd__xnor2_1)
                  0.22    0.23    6.10 ^ _501_/Y (sky130_fd_sc_hd__xnor2_1)
     1    0.01                           net19 (net)
                  0.22    0.00    6.10 ^ output19/A (sky130_fd_sc_hd__clkbuf_4)
                  0.11    0.26    6.37 ^ output19/X (sky130_fd_sc_hd__clkbuf_4)
     1    0.03                           P[11] (net)
                  0.11    0.00    6.37 ^ P[11] (out)
                                  6.37   data arrival time

                  0.00   10.00   10.00   clock clk (rise edge)
                          0.00   10.00   clock network delay (ideal)
                         -0.25    9.75   clock uncertainty
                          0.00    9.75   clock reconvergence pessimism
                         -2.00    7.75   output external delay
                                  7.75   data required time
-----------------------------------------------------------------------------
                                  7.75   data required time
                                 -6.37   data arrival time
-----------------------------------------------------------------------------
                                  1.38   slack (MET)


Startpoint: A[0] (input port clocked by clk)
Endpoint: P[12] (output port clocked by clk)
Path Group: clk
Path Type: max

Fanout     Cap    Slew   Delay    Time   Description
-----------------------------------------------------------------------------
                  0.00    0.00    0.00   clock clk (rise edge)
                          0.00    0.00   clock network delay (ideal)
                          2.00    2.00 v input external delay
                  0.01    0.00    2.00 v A[0] (in)
     1    0.00                           A[0] (net)
                  0.01    0.00    2.00 v input1/A (sky130_fd_sc_hd__buf_2)
                  0.08    0.16    2.17 v input1/X (sky130_fd_sc_hd__buf_2)
     5    0.03                           net1 (net)
                  0.08    0.00    2.17 v _297_/A (sky130_fd_sc_hd__or4_1)
                  0.08    0.54    2.71 v _297_/X (sky130_fd_sc_hd__or4_1)
     1    0.00                           _231_ (net)
                  0.08    0.00    2.71 v _298_/A (sky130_fd_sc_hd__clkbuf_4)
                  0.07    0.21    2.91 v _298_/X (sky130_fd_sc_hd__clkbuf_4)
     7    0.03                           _232_ (net)
                  0.07    0.00    2.91 v _360_/D (sky130_fd_sc_hd__or4_4)
                  0.11    0.50    3.41 v _360_/X (sky130_fd_sc_hd__or4_4)
     3    0.02                           _014_ (net)
                  0.11    0.00    3.41 v _361_/B (sky130_fd_sc_hd__and3b_1)
                  0.05    0.21    3.62 v _361_/X (sky130_fd_sc_hd__and3b_1)
     2    0.01                           _015_ (net)
                  0.05    0.00    3.62 v _367_/A1 (sky130_fd_sc_hd__o31a_1)
                  0.06    0.32    3.94 v _367_/X (sky130_fd_sc_hd__o31a_1)
     3    0.01                           _021_ (net)
                  0.06    0.00    3.94 v _371_/A (sky130_fd_sc_hd__or3b_1)
                  0.09    0.42    4.36 v _371_/X (sky130_fd_sc_hd__or3b_1)
     3    0.01                           _025_ (net)
                  0.09    0.00    4.36 v _373_/B (sky130_fd_sc_hd__and3_1)
                  0.08    0.24    4.60 v _373_/X (sky130_fd_sc_hd__and3_1)
     5    0.01                           _027_ (net)
                  0.08    0.00    4.60 v _378_/A (sky130_fd_sc_hd__or3_1)
                  0.08    0.41    5.01 v _378_/X (sky130_fd_sc_hd__or3_1)
     2    0.00                           _032_ (net)
                  0.08    0.00    5.01 v _382_/A1 (sky130_fd_sc_hd__a21o_1)
                  0.05    0.19    5.20 v _382_/X (sky130_fd_sc_hd__a21o_1)
     2    0.01                           _036_ (net)
                  0.05    0.00    5.20 v _415_/A1 (sky130_fd_sc_hd__a21oi_2)
                  0.21    0.23    5.42 ^ _415_/Y (sky130_fd_sc_hd__a21oi_2)
     2    0.02                           _068_ (net)
                  0.21    0.00    5.42 ^ _436_/A2 (sky130_fd_sc_hd__a21oi_4)
                  0.08    0.12    5.54 v _436_/Y (sky130_fd_sc_hd__a21oi_4)
     4    0.02                           _088_ (net)
                  0.08    0.00    5.54 v _524_/B2 (sky130_fd_sc_hd__a221oi_4)
                  0.31    0.36    5.91 ^ _524_/Y (sky130_fd_sc_hd__a221oi_4)
     3    0.02                           _172_ (net)
                  0.31    0.00    5.91 ^ _525_/B (sky130_fd_sc_hd__xor2_1)
                  0.12    0.19    6.09 ^ _525_/X (sky130_fd_sc_hd__xor2_1)
     1    0.00                           net20 (net)
                  0.12    0.00    6.09 ^ output20/A (sky130_fd_sc_hd__buf_2)
                  0.17    0.24    6.33 ^ output20/X (sky130_fd_sc_hd__buf_2)
     1    0.03                           P[12] (net)
                  0.17    0.00    6.33 ^ P[12] (out)
                                  6.33   data arrival time

                  0.00   10.00   10.00   clock clk (rise edge)
                          0.00   10.00   clock network delay (ideal)
                         -0.25    9.75   clock uncertainty
                          0.00    9.75   clock reconvergence pessimism
                         -2.00    7.75   output external delay
                                  7.75   data required time
-----------------------------------------------------------------------------
                                  7.75   data required time
                                 -6.33   data arrival time
-----------------------------------------------------------------------------
                                  1.42   slack (MET)


Startpoint: A[0] (input port clocked by clk)
Endpoint: P[9] (output port clocked by clk)
Path Group: clk
Path Type: max

Fanout     Cap    Slew   Delay    Time   Description
-----------------------------------------------------------------------------
                  0.00    0.00    0.00   clock clk (rise edge)
                          0.00    0.00   clock network delay (ideal)
                          2.00    2.00 v input external delay
                  0.01    0.00    2.00 v A[0] (in)
     1    0.00                           A[0] (net)
                  0.01    0.00    2.00 v input1/A (sky130_fd_sc_hd__buf_2)
                  0.08    0.16    2.17 v input1/X (sky130_fd_sc_hd__buf_2)
     5    0.03                           net1 (net)
                  0.08    0.00    2.17 v _297_/A (sky130_fd_sc_hd__or4_1)
                  0.08    0.54    2.71 v _297_/X (sky130_fd_sc_hd__or4_1)
     1    0.00                           _231_ (net)
                  0.08    0.00    2.71 v _298_/A (sky130_fd_sc_hd__clkbuf_4)
                  0.07    0.21    2.91 v _298_/X (sky130_fd_sc_hd__clkbuf_4)
     7    0.03                           _232_ (net)
                  0.07    0.00    2.91 v _360_/D (sky130_fd_sc_hd__or4_4)
                  0.11    0.50    3.41 v _360_/X (sky130_fd_sc_hd__or4_4)
     3    0.02                           _014_ (net)
                  0.11    0.00    3.41 v _361_/B (sky130_fd_sc_hd__and3b_1)
                  0.05    0.21    3.62 v _361_/X (sky130_fd_sc_hd__and3b_1)
     2    0.01                           _015_ (net)
                  0.05    0.00    3.62 v _367_/A1 (sky130_fd_sc_hd__o31a_1)
                  0.06    0.32    3.94 v _367_/X (sky130_fd_sc_hd__o31a_1)
     3    0.01                           _021_ (net)
                  0.06    0.00    3.94 v _371_/A (sky130_fd_sc_hd__or3b_1)
                  0.09    0.42    4.36 v _371_/X (sky130_fd_sc_hd__or3b_1)
     3    0.01                           _025_ (net)
                  0.09    0.00    4.36 v _407_/B (sky130_fd_sc_hd__and2b_1)
                  0.05    0.20    4.56 v _407_/X (sky130_fd_sc_hd__and2b_1)
     2    0.01                           _060_ (net)
                  0.05    0.00    4.56 v _408_/B (sky130_fd_sc_hd__xnor2_1)
                  0.26    0.24    4.81 ^ _408_/Y (sky130_fd_sc_hd__xnor2_1)
     2    0.01                           _061_ (net)
                  0.26    0.00    4.81 ^ _411_/A (sky130_fd_sc_hd__xor2_1)
                  0.20    0.25    5.06 ^ _411_/X (sky130_fd_sc_hd__xor2_1)
     2    0.01                           _064_ (net)
                  0.20    0.00    5.06 ^ _412_/C (sky130_fd_sc_hd__nor3_1)
                  0.08    0.09    5.14 v _412_/Y (sky130_fd_sc_hd__nor3_1)
     2    0.00                           _065_ (net)
                  0.08    0.00    5.14 v max_cap34/A (sky130_fd_sc_hd__buf_1)
                  0.06    0.13    5.28 v max_cap34/X (sky130_fd_sc_hd__buf_1)
     1    0.01                           net34 (net)
                  0.06    0.00    5.28 v _436_/B1 (sky130_fd_sc_hd__a21oi_4)
                  0.20    0.20    5.48 ^ _436_/Y (sky130_fd_sc_hd__a21oi_4)
     4    0.02                           _088_ (net)
                  0.20    0.00    5.48 ^ _457_/B_N (sky130_fd_sc_hd__or2b_1)
                  0.04    0.25    5.74 v _457_/X (sky130_fd_sc_hd__or2b_1)
     1    0.00                           _108_ (net)
                  0.04    0.00    5.74 v _458_/B1 (sky130_fd_sc_hd__o21ai_1)
                  0.14    0.09    5.83 ^ _458_/Y (sky130_fd_sc_hd__o21ai_1)
     1    0.01                           _109_ (net)
                  0.14    0.00    5.83 ^ _459_/B (sky130_fd_sc_hd__xnor2_1)
                  0.22    0.18    6.01 ^ _459_/Y (sky130_fd_sc_hd__xnor2_1)
     1    0.01                           net32 (net)
                  0.22    0.00    6.01 ^ output32/A (sky130_fd_sc_hd__buf_2)
                  0.17    0.27    6.28 ^ output32/X (sky130_fd_sc_hd__buf_2)
     1    0.03                           P[9] (net)
                  0.17    0.00    6.28 ^ P[9] (out)
                                  6.28   data arrival time

                  0.00   10.00   10.00   clock clk (rise edge)
                          0.00   10.00   clock network delay (ideal)
                         -0.25    9.75   clock uncertainty
                          0.00    9.75   clock reconvergence pessimism
                         -2.00    7.75   output external delay
                                  7.75   data required time
-----------------------------------------------------------------------------
                                  7.75   data required time
                                 -6.28   data arrival time
-----------------------------------------------------------------------------
                                  1.47   slack (MET)


Startpoint: A[0] (input port clocked by clk)
Endpoint: P[10] (output port clocked by clk)
Path Group: clk
Path Type: max

Fanout     Cap    Slew   Delay    Time   Description
-----------------------------------------------------------------------------
                  0.00    0.00    0.00   clock clk (rise edge)
                          0.00    0.00   clock network delay (ideal)
                          2.00    2.00 v input external delay
                  0.01    0.00    2.00 v A[0] (in)
     1    0.00                           A[0] (net)
                  0.01    0.00    2.00 v input1/A (sky130_fd_sc_hd__buf_2)
                  0.08    0.16    2.17 v input1/X (sky130_fd_sc_hd__buf_2)
     5    0.03                           net1 (net)
                  0.08    0.00    2.17 v _297_/A (sky130_fd_sc_hd__or4_1)
                  0.08    0.54    2.71 v _297_/X (sky130_fd_sc_hd__or4_1)
     1    0.00                           _231_ (net)
                  0.08    0.00    2.71 v _298_/A (sky130_fd_sc_hd__clkbuf_4)
                  0.07    0.21    2.91 v _298_/X (sky130_fd_sc_hd__clkbuf_4)
     7    0.03                           _232_ (net)
                  0.07    0.00    2.91 v _360_/D (sky130_fd_sc_hd__or4_4)
                  0.11    0.50    3.41 v _360_/X (sky130_fd_sc_hd__or4_4)
     3    0.02                           _014_ (net)
                  0.11    0.00    3.41 v _361_/B (sky130_fd_sc_hd__and3b_1)
                  0.05    0.21    3.62 v _361_/X (sky130_fd_sc_hd__and3b_1)
     2    0.01                           _015_ (net)
                  0.05    0.00    3.62 v _367_/A1 (sky130_fd_sc_hd__o31a_1)
                  0.06    0.32    3.94 v _367_/X (sky130_fd_sc_hd__o31a_1)
     3    0.01                           _021_ (net)
                  0.06    0.00    3.94 v _371_/A (sky130_fd_sc_hd__or3b_1)
                  0.09    0.42    4.36 v _371_/X (sky130_fd_sc_hd__or3b_1)
     3    0.01                           _025_ (net)
                  0.09    0.00    4.36 v _373_/B (sky130_fd_sc_hd__and3_1)
                  0.08    0.24    4.60 v _373_/X (sky130_fd_sc_hd__and3_1)
     5    0.01                           _027_ (net)
                  0.08    0.00    4.60 v _378_/A (sky130_fd_sc_hd__or3_1)
                  0.08    0.41    5.01 v _378_/X (sky130_fd_sc_hd__or3_1)
     2    0.00                           _032_ (net)
                  0.08    0.00    5.01 v _382_/A1 (sky130_fd_sc_hd__a21o_1)
                  0.05    0.19    5.20 v _382_/X (sky130_fd_sc_hd__a21o_1)
     2    0.01                           _036_ (net)
                  0.05    0.00    5.20 v _415_/A1 (sky130_fd_sc_hd__a21oi_2)
                  0.21    0.23    5.42 ^ _415_/Y (sky130_fd_sc_hd__a21oi_2)
     2    0.02                           _068_ (net)
                  0.21    0.00    5.42 ^ _436_/A2 (sky130_fd_sc_hd__a21oi_4)
                  0.08    0.12    5.54 v _436_/Y (sky130_fd_sc_hd__a21oi_4)
     4    0.02                           _088_ (net)
                  0.08    0.00    5.54 v _482_/A1 (sky130_fd_sc_hd__a21oi_1)
                  0.21    0.22    5.76 ^ _482_/Y (sky130_fd_sc_hd__a21oi_1)
     2    0.01                           _132_ (net)
                  0.21    0.00    5.76 ^ _483_/B (sky130_fd_sc_hd__xor2_1)
                  0.20    0.24    6.01 ^ _483_/X (sky130_fd_sc_hd__xor2_1)
     1    0.01                           net18 (net)
                  0.20    0.00    6.01 ^ output18/A (sky130_fd_sc_hd__buf_2)
                  0.17    0.26    6.27 ^ output18/X (sky130_fd_sc_hd__buf_2)
     1    0.03                           P[10] (net)
                  0.17    0.00    6.27 ^ P[10] (out)
                                  6.27   data arrival time

                  0.00   10.00   10.00   clock clk (rise edge)
                          0.00   10.00   clock network delay (ideal)
                         -0.25    9.75   clock uncertainty
                          0.00    9.75   clock reconvergence pessimism
                         -2.00    7.75   output external delay
                                  7.75   data required time
-----------------------------------------------------------------------------
                                  7.75   data required time
                                 -6.27   data arrival time
-----------------------------------------------------------------------------
                                  1.48   slack (MET)


Startpoint: A[0] (input port clocked by clk)
Endpoint: P[6] (output port clocked by clk)
Path Group: clk
Path Type: max

Fanout     Cap    Slew   Delay    Time   Description
-----------------------------------------------------------------------------
                  0.00    0.00    0.00   clock clk (rise edge)
                          0.00    0.00   clock network delay (ideal)
                          2.00    2.00 v input external delay
                  0.01    0.00    2.00 v A[0] (in)
     1    0.00                           A[0] (net)
                  0.01    0.00    2.00 v input1/A (sky130_fd_sc_hd__buf_2)
                  0.08    0.16    2.17 v input1/X (sky130_fd_sc_hd__buf_2)
     5    0.03                           net1 (net)
                  0.08    0.00    2.17 v _297_/A (sky130_fd_sc_hd__or4_1)
                  0.08    0.54    2.71 v _297_/X (sky130_fd_sc_hd__or4_1)
     1    0.00                           _231_ (net)
                  0.08    0.00    2.71 v _298_/A (sky130_fd_sc_hd__clkbuf_4)
                  0.07    0.21    2.91 v _298_/X (sky130_fd_sc_hd__clkbuf_4)
     7    0.03                           _232_ (net)
                  0.07    0.00    2.91 v _360_/D (sky130_fd_sc_hd__or4_4)
                  0.11    0.50    3.41 v _360_/X (sky130_fd_sc_hd__or4_4)
     3    0.02                           _014_ (net)
                  0.11    0.00    3.41 v _361_/B (sky130_fd_sc_hd__and3b_1)
                  0.05    0.21    3.62 v _361_/X (sky130_fd_sc_hd__and3b_1)
     2    0.01                           _015_ (net)
                  0.05    0.00    3.62 v _367_/A1 (sky130_fd_sc_hd__o31a_1)
                  0.06    0.32    3.94 v _367_/X (sky130_fd_sc_hd__o31a_1)
     3    0.01                           _021_ (net)
                  0.06    0.00    3.94 v _371_/A (sky130_fd_sc_hd__or3b_1)
                  0.09    0.42    4.36 v _371_/X (sky130_fd_sc_hd__or3b_1)
     3    0.01                           _025_ (net)
                  0.09    0.00    4.36 v _373_/B (sky130_fd_sc_hd__and3_1)
                  0.08    0.24    4.60 v _373_/X (sky130_fd_sc_hd__and3_1)
     5    0.01                           _027_ (net)
                  0.08    0.00    4.60 v _378_/A (sky130_fd_sc_hd__or3_1)
                  0.08    0.41    5.01 v _378_/X (sky130_fd_sc_hd__or3_1)
     2    0.00                           _032_ (net)
                  0.08    0.00    5.01 v _381_/A (sky130_fd_sc_hd__and3_1)
                  0.05    0.18    5.19 v _381_/X (sky130_fd_sc_hd__and3_1)
     2    0.01                           _035_ (net)
                  0.05    0.00    5.19 v _383_/A (sky130_fd_sc_hd__or2b_1)
                  0.05    0.24    5.43 v _383_/X (sky130_fd_sc_hd__or2b_1)
     1    0.00                           _037_ (net)
                  0.05    0.00    5.43 v _385_/A (sky130_fd_sc_hd__xnor2_1)
                  0.28    0.29    5.72 ^ _385_/Y (sky130_fd_sc_hd__xnor2_1)
     1    0.01                           net29 (net)
                  0.28    0.00    5.72 ^ output29/A (sky130_fd_sc_hd__buf_2)
                  0.17    0.28    6.00 ^ output29/X (sky130_fd_sc_hd__buf_2)
     1    0.03                           P[6] (net)
                  0.17    0.00    6.00 ^ P[6] (out)
                                  6.00   data arrival time

                  0.00   10.00   10.00   clock clk (rise edge)
                          0.00   10.00   clock network delay (ideal)
                         -0.25    9.75   clock uncertainty
                          0.00    9.75   clock reconvergence pessimism
                         -2.00    7.75   output external delay
                                  7.75   data required time
-----------------------------------------------------------------------------
                                  7.75   data required time
                                 -6.00   data arrival time
-----------------------------------------------------------------------------
                                  1.75   slack (MET)


Startpoint: A[0] (input port clocked by clk)
Endpoint: P[8] (output port clocked by clk)
Path Group: clk
Path Type: max

Fanout     Cap    Slew   Delay    Time   Description
-----------------------------------------------------------------------------
                  0.00    0.00    0.00   clock clk (rise edge)
                          0.00    0.00   clock network delay (ideal)
                          2.00    2.00 v input external delay
                  0.01    0.00    2.00 v A[0] (in)
     1    0.00                           A[0] (net)
                  0.01    0.00    2.00 v input1/A (sky130_fd_sc_hd__buf_2)
                  0.08    0.16    2.17 v input1/X (sky130_fd_sc_hd__buf_2)
     5    0.03                           net1 (net)
                  0.08    0.00    2.17 v _297_/A (sky130_fd_sc_hd__or4_1)
                  0.08    0.54    2.71 v _297_/X (sky130_fd_sc_hd__or4_1)
     1    0.00                           _231_ (net)
                  0.08    0.00    2.71 v _298_/A (sky130_fd_sc_hd__clkbuf_4)
                  0.07    0.21    2.91 v _298_/X (sky130_fd_sc_hd__clkbuf_4)
     7    0.03                           _232_ (net)
                  0.07    0.00    2.91 v _360_/D (sky130_fd_sc_hd__or4_4)
                  0.11    0.50    3.41 v _360_/X (sky130_fd_sc_hd__or4_4)
     3    0.02                           _014_ (net)
                  0.11    0.00    3.41 v _361_/B (sky130_fd_sc_hd__and3b_1)
                  0.05    0.21    3.62 v _361_/X (sky130_fd_sc_hd__and3b_1)
     2    0.01                           _015_ (net)
                  0.05    0.00    3.62 v _367_/A1 (sky130_fd_sc_hd__o31a_1)
                  0.06    0.32    3.94 v _367_/X (sky130_fd_sc_hd__o31a_1)
     3    0.01                           _021_ (net)
                  0.06    0.00    3.94 v _371_/A (sky130_fd_sc_hd__or3b_1)
                  0.09    0.42    4.36 v _371_/X (sky130_fd_sc_hd__or3b_1)
     3    0.01                           _025_ (net)
                  0.09    0.00    4.36 v _373_/B (sky130_fd_sc_hd__and3_1)
                  0.08    0.24    4.60 v _373_/X (sky130_fd_sc_hd__and3_1)
     5    0.01                           _027_ (net)
                  0.08    0.00    4.60 v _378_/A (sky130_fd_sc_hd__or3_1)
                  0.08    0.41    5.01 v _378_/X (sky130_fd_sc_hd__or3_1)
     2    0.00                           _032_ (net)
                  0.08    0.00    5.01 v _382_/A1 (sky130_fd_sc_hd__a21o_1)
                  0.05    0.19    5.20 v _382_/X (sky130_fd_sc_hd__a21o_1)
     2    0.01                           _036_ (net)
                  0.05    0.00    5.20 v _415_/A1 (sky130_fd_sc_hd__a21oi_2)
                  0.21    0.23    5.42 ^ _415_/Y (sky130_fd_sc_hd__a21oi_2)
     2    0.02                           _068_ (net)
                  0.21    0.00    5.42 ^ _436_/A2 (sky130_fd_sc_hd__a21oi_4)
                  0.08    0.12    5.54 v _436_/Y (sky130_fd_sc_hd__a21oi_4)
     4    0.02                           _088_ (net)
                  0.08    0.00    5.54 v _437_/B (sky130_fd_sc_hd__xnor2_1)
                  0.17    0.19    5.74 ^ _437_/Y (sky130_fd_sc_hd__xnor2_1)
     1    0.01                           net31 (net)
                  0.17    0.00    5.74 ^ output31/A (sky130_fd_sc_hd__clkbuf_4)
                  0.11    0.24    5.98 ^ output31/X (sky130_fd_sc_hd__clkbuf_4)
     1    0.03                           P[8] (net)
                  0.11    0.00    5.98 ^ P[8] (out)
                                  5.98   data arrival time

                  0.00   10.00   10.00   clock clk (rise edge)
                          0.00   10.00   clock network delay (ideal)
                         -0.25    9.75   clock uncertainty
                          0.00    9.75   clock reconvergence pessimism
                         -2.00    7.75   output external delay
                                  7.75   data required time
-----------------------------------------------------------------------------
                                  7.75   data required time
                                 -5.98   data arrival time
-----------------------------------------------------------------------------
                                  1.77   slack (MET)


Startpoint: A[0] (input port clocked by clk)
Endpoint: P[7] (output port clocked by clk)
Path Group: clk
Path Type: max

Fanout     Cap    Slew   Delay    Time   Description
-----------------------------------------------------------------------------
                  0.00    0.00    0.00   clock clk (rise edge)
                          0.00    0.00   clock network delay (ideal)
                          2.00    2.00 v input external delay
                  0.01    0.00    2.00 v A[0] (in)
     1    0.00                           A[0] (net)
                  0.01    0.00    2.00 v input1/A (sky130_fd_sc_hd__buf_2)
                  0.08    0.16    2.17 v input1/X (sky130_fd_sc_hd__buf_2)
     5    0.03                           net1 (net)
                  0.08    0.00    2.17 v _297_/A (sky130_fd_sc_hd__or4_1)
                  0.08    0.54    2.71 v _297_/X (sky130_fd_sc_hd__or4_1)
     1    0.00                           _231_ (net)
                  0.08    0.00    2.71 v _298_/A (sky130_fd_sc_hd__clkbuf_4)
                  0.07    0.21    2.91 v _298_/X (sky130_fd_sc_hd__clkbuf_4)
     7    0.03                           _232_ (net)
                  0.07    0.00    2.91 v _360_/D (sky130_fd_sc_hd__or4_4)
                  0.11    0.50    3.41 v _360_/X (sky130_fd_sc_hd__or4_4)
     3    0.02                           _014_ (net)
                  0.11    0.00    3.41 v _361_/B (sky130_fd_sc_hd__and3b_1)
                  0.05    0.21    3.62 v _361_/X (sky130_fd_sc_hd__and3b_1)
     2    0.01                           _015_ (net)
                  0.05    0.00    3.62 v _367_/A1 (sky130_fd_sc_hd__o31a_1)
                  0.06    0.32    3.94 v _367_/X (sky130_fd_sc_hd__o31a_1)
     3    0.01                           _021_ (net)
                  0.06    0.00    3.94 v _371_/A (sky130_fd_sc_hd__or3b_1)
                  0.09    0.42    4.36 v _371_/X (sky130_fd_sc_hd__or3b_1)
     3    0.01                           _025_ (net)
                  0.09    0.00    4.36 v _373_/B (sky130_fd_sc_hd__and3_1)
                  0.08    0.24    4.60 v _373_/X (sky130_fd_sc_hd__and3_1)
     5    0.01                           _027_ (net)
                  0.08    0.00    4.60 v _378_/A (sky130_fd_sc_hd__or3_1)
                  0.08    0.41    5.01 v _378_/X (sky130_fd_sc_hd__or3_1)
     2    0.00                           _032_ (net)
                  0.08    0.00    5.01 v _382_/A1 (sky130_fd_sc_hd__a21o_1)
                  0.05    0.19    5.20 v _382_/X (sky130_fd_sc_hd__a21o_1)
     2    0.01                           _036_ (net)
                  0.05    0.00    5.20 v _415_/A1 (sky130_fd_sc_hd__a21oi_2)
                  0.21    0.23    5.42 ^ _415_/Y (sky130_fd_sc_hd__a21oi_2)
     2    0.02                           _068_ (net)
                  0.21    0.00    5.42 ^ _416_/B (sky130_fd_sc_hd__xnor2_1)
                  0.15    0.16    5.59 ^ _416_/Y (sky130_fd_sc_hd__xnor2_1)
     1    0.00                           net30 (net)
                  0.15    0.00    5.59 ^ output30/A (sky130_fd_sc_hd__buf_2)
                  0.17    0.24    5.83 ^ output30/X (sky130_fd_sc_hd__buf_2)
     1    0.03                           P[7] (net)
                  0.17    0.00    5.83 ^ P[7] (out)
                                  5.83   data arrival time

                  0.00   10.00   10.00   clock clk (rise edge)
                          0.00   10.00   clock network delay (ideal)
                         -0.25    9.75   clock uncertainty
                          0.00    9.75   clock reconvergence pessimism
                         -2.00    7.75   output external delay
                                  7.75   data required time
-----------------------------------------------------------------------------
                                  7.75   data required time
                                 -5.83   data arrival time
-----------------------------------------------------------------------------
                                  1.92   slack (MET)


Startpoint: A[0] (input port clocked by clk)
Endpoint: P[5] (output port clocked by clk)
Path Group: clk
Path Type: max

Fanout     Cap    Slew   Delay    Time   Description
-----------------------------------------------------------------------------
                  0.00    0.00    0.00   clock clk (rise edge)
                          0.00    0.00   clock network delay (ideal)
                          2.00    2.00 v input external delay
                  0.01    0.00    2.00 v A[0] (in)
     1    0.00                           A[0] (net)
                  0.01    0.00    2.00 v input1/A (sky130_fd_sc_hd__buf_2)
                  0.08    0.16    2.17 v input1/X (sky130_fd_sc_hd__buf_2)
     5    0.03                           net1 (net)
                  0.08    0.00    2.17 v _297_/A (sky130_fd_sc_hd__or4_1)
                  0.08    0.54    2.71 v _297_/X (sky130_fd_sc_hd__or4_1)
     1    0.00                           _231_ (net)
                  0.08    0.00    2.71 v _298_/A (sky130_fd_sc_hd__clkbuf_4)
                  0.07    0.21    2.91 v _298_/X (sky130_fd_sc_hd__clkbuf_4)
     7    0.03                           _232_ (net)
                  0.07    0.00    2.91 v _331_/C (sky130_fd_sc_hd__or3_1)
                  0.08    0.35    3.26 v _331_/X (sky130_fd_sc_hd__or3_1)
     3    0.01                           _264_ (net)
                  0.08    0.00    3.26 v _333_/B (sky130_fd_sc_hd__and3_1)
                  0.05    0.20    3.46 v _333_/X (sky130_fd_sc_hd__and3_1)
     2    0.01                           _266_ (net)
                  0.05    0.00    3.46 v _338_/A1 (sky130_fd_sc_hd__o31a_1)
                  0.08    0.34    3.80 v _338_/X (sky130_fd_sc_hd__o31a_1)
     4    0.01                           _271_ (net)
                  0.08    0.00    3.80 v _341_/A (sky130_fd_sc_hd__or3b_1)
                  0.10    0.44    4.24 v _341_/X (sky130_fd_sc_hd__or3b_1)
     3    0.01                           _274_ (net)
                  0.10    0.00    4.24 v _352_/A1 (sky130_fd_sc_hd__a21o_1)
                  0.04    0.19    4.43 v _352_/X (sky130_fd_sc_hd__a21o_1)
     2    0.00                           _007_ (net)
                  0.04    0.00    4.43 v _355_/B (sky130_fd_sc_hd__and3_1)
                  0.04    0.17    4.60 v _355_/X (sky130_fd_sc_hd__and3_1)
     2    0.00                           _010_ (net)
                  0.04    0.00    4.60 v _357_/A_N (sky130_fd_sc_hd__and2b_1)
                  0.06    0.21    4.80 ^ _357_/X (sky130_fd_sc_hd__and2b_1)
     1    0.01                           _012_ (net)
                  0.06    0.00    4.80 ^ _358_/B (sky130_fd_sc_hd__xnor2_1)
                  0.11    0.11    4.91 ^ _358_/Y (sky130_fd_sc_hd__xnor2_1)
     1    0.00                           net28 (net)
                  0.11    0.00    4.91 ^ output28/A (sky130_fd_sc_hd__buf_2)
                  0.17    0.23    5.14 ^ output28/X (sky130_fd_sc_hd__buf_2)
     1    0.03                           P[5] (net)
                  0.17    0.00    5.15 ^ P[5] (out)
                                  5.15   data arrival time

                  0.00   10.00   10.00   clock clk (rise edge)
                          0.00   10.00   clock network delay (ideal)
                         -0.25    9.75   clock uncertainty
                          0.00    9.75   clock reconvergence pessimism
                         -2.00    7.75   output external delay
                                  7.75   data required time
-----------------------------------------------------------------------------
                                  7.75   data required time
                                 -5.15   data arrival time
-----------------------------------------------------------------------------
                                  2.60   slack (MET)


Startpoint: A[0] (input port clocked by clk)
Endpoint: P[4] (output port clocked by clk)
Path Group: clk
Path Type: max

Fanout     Cap    Slew   Delay    Time   Description
-----------------------------------------------------------------------------
                  0.00    0.00    0.00   clock clk (rise edge)
                          0.00    0.00   clock network delay (ideal)
                          2.00    2.00 v input external delay
                  0.01    0.00    2.00 v A[0] (in)
     1    0.00                           A[0] (net)
                  0.01    0.00    2.00 v input1/A (sky130_fd_sc_hd__buf_2)
                  0.08    0.16    2.17 v input1/X (sky130_fd_sc_hd__buf_2)
     5    0.03                           net1 (net)
                  0.08    0.00    2.17 v _297_/A (sky130_fd_sc_hd__or4_1)
                  0.08    0.54    2.71 v _297_/X (sky130_fd_sc_hd__or4_1)
     1    0.00                           _231_ (net)
                  0.08    0.00    2.71 v _298_/A (sky130_fd_sc_hd__clkbuf_4)
                  0.07    0.21    2.91 v _298_/X (sky130_fd_sc_hd__clkbuf_4)
     7    0.03                           _232_ (net)
                  0.07    0.00    2.91 v _319_/B (sky130_fd_sc_hd__xor2_4)
                  0.34    0.34    3.25 ^ _319_/X (sky130_fd_sc_hd__xor2_4)
     8    0.04                           _252_ (net)
                  0.34    0.00    3.25 ^ _321_/B1 (sky130_fd_sc_hd__a221o_1)
                  0.08    0.24    3.50 ^ _321_/X (sky130_fd_sc_hd__a221o_1)
     2    0.01                           _254_ (net)
                  0.08    0.00    3.50 ^ _322_/B (sky130_fd_sc_hd__xor2_1)
                  0.19    0.21    3.70 ^ _322_/X (sky130_fd_sc_hd__xor2_1)
     2    0.01                           _255_ (net)
                  0.19    0.00    3.70 ^ _323_/B (sky130_fd_sc_hd__xor2_1)
                  0.21    0.25    3.95 ^ _323_/X (sky130_fd_sc_hd__xor2_1)
     2    0.01                           _256_ (net)
                  0.21    0.00    3.95 ^ _328_/A (sky130_fd_sc_hd__xnor2_1)
                  0.09    0.14    4.09 v _328_/Y (sky130_fd_sc_hd__xnor2_1)
     3    0.01                           _261_ (net)
                  0.09    0.00    4.09 v _569_/B (sky130_fd_sc_hd__or2_1)
                  0.04    0.22    4.31 v _569_/X (sky130_fd_sc_hd__or2_1)
     1    0.00                           _213_ (net)
                  0.04    0.00    4.31 v _570_/B (sky130_fd_sc_hd__and2_1)
                  0.03    0.15    4.46 v _570_/X (sky130_fd_sc_hd__and2_1)
     1    0.00                           _214_ (net)
                  0.03    0.00    4.46 v _571_/A (sky130_fd_sc_hd__clkbuf_1)
                  0.02    0.08    4.54 v _571_/X (sky130_fd_sc_hd__clkbuf_1)
     1    0.00                           net27 (net)
                  0.02    0.00    4.54 v output27/A (sky130_fd_sc_hd__buf_2)
                  0.09    0.18    4.72 v output27/X (sky130_fd_sc_hd__buf_2)
     1    0.03                           P[4] (net)
                  0.09    0.00    4.72 v P[4] (out)
                                  4.72   data arrival time

                  0.00   10.00   10.00   clock clk (rise edge)
                          0.00   10.00   clock network delay (ideal)
                         -0.25    9.75   clock uncertainty
                          0.00    9.75   clock reconvergence pessimism
                         -2.00    7.75   output external delay
                                  7.75   data required time
-----------------------------------------------------------------------------
                                  7.75   data required time
                                 -4.72   data arrival time
-----------------------------------------------------------------------------
                                  3.03   slack (MET)


Startpoint: A[0] (input port clocked by clk)
Endpoint: P[3] (output port clocked by clk)
Path Group: clk
Path Type: max

Fanout     Cap    Slew   Delay    Time   Description
-----------------------------------------------------------------------------
                  0.00    0.00    0.00   clock clk (rise edge)
                          0.00    0.00   clock network delay (ideal)
                          2.00    2.00 v input external delay
                  0.01    0.00    2.00 v A[0] (in)
     1    0.00                           A[0] (net)
                  0.01    0.00    2.00 v input1/A (sky130_fd_sc_hd__buf_2)
                  0.08    0.16    2.17 v input1/X (sky130_fd_sc_hd__buf_2)
     5    0.03                           net1 (net)
                  0.08    0.00    2.17 v _297_/A (sky130_fd_sc_hd__or4_1)
                  0.08    0.54    2.71 v _297_/X (sky130_fd_sc_hd__or4_1)
     1    0.00                           _231_ (net)
                  0.08    0.00    2.71 v _298_/A (sky130_fd_sc_hd__clkbuf_4)
                  0.07    0.21    2.91 v _298_/X (sky130_fd_sc_hd__clkbuf_4)
     7    0.03                           _232_ (net)
                  0.07    0.00    2.91 v _299_/B1_N (sky130_fd_sc_hd__a21boi_4)
                  0.08    0.18    3.10 v _299_/Y (sky130_fd_sc_hd__a21boi_4)
     8    0.03                           _233_ (net)
                  0.08    0.00    3.10 v _300_/B (sky130_fd_sc_hd__and2_1)
                  0.04    0.18    3.28 v _300_/X (sky130_fd_sc_hd__and2_1)
     2    0.01                           _234_ (net)
                  0.04    0.00    3.28 v _310_/A1 (sky130_fd_sc_hd__o21a_1)
                  0.06    0.22    3.50 v _310_/X (sky130_fd_sc_hd__o21a_1)
     3    0.01                           _244_ (net)
                  0.06    0.00    3.50 v _312_/A (sky130_fd_sc_hd__nor2_1)
                  0.11    0.14    3.64 ^ _312_/Y (sky130_fd_sc_hd__nor2_1)
     2    0.00                           _246_ (net)
                  0.11    0.00    3.64 ^ _313_/B (sky130_fd_sc_hd__and2_1)
                  0.14    0.21    3.85 ^ _313_/X (sky130_fd_sc_hd__and2_1)
     4    0.01                           _247_ (net)
                  0.14    0.00    3.85 ^ _315_/A (sky130_fd_sc_hd__nor2_1)
                  0.04    0.07    3.92 v _315_/Y (sky130_fd_sc_hd__nor2_1)
     1    0.00                           net26 (net)
                  0.04    0.00    3.92 v output26/A (sky130_fd_sc_hd__buf_2)
                  0.09    0.19    4.11 v output26/X (sky130_fd_sc_hd__buf_2)
     1    0.03                           P[3] (net)
                  0.09    0.00    4.11 v P[3] (out)
                                  4.11   data arrival time

                  0.00   10.00   10.00   clock clk (rise edge)
                          0.00   10.00   clock network delay (ideal)
                         -0.25    9.75   clock uncertainty
                          0.00    9.75   clock reconvergence pessimism
                         -2.00    7.75   output external delay
                                  7.75   data required time
-----------------------------------------------------------------------------
                                  7.75   data required time
                                 -4.11   data arrival time
-----------------------------------------------------------------------------
                                  3.64   slack (MET)


Startpoint: A[1] (input port clocked by clk)
Endpoint: P[2] (output port clocked by clk)
Path Group: clk
Path Type: max

Fanout     Cap    Slew   Delay    Time   Description
-----------------------------------------------------------------------------
                  0.00    0.00    0.00   clock clk (rise edge)
                          0.00    0.00   clock network delay (ideal)
                          2.00    2.00 v input external delay
                  0.01    0.00    2.00 v A[1] (in)
     1    0.00                           A[1] (net)
                  0.01    0.00    2.00 v input2/A (sky130_fd_sc_hd__buf_1)
                  0.05    0.10    2.10 v input2/X (sky130_fd_sc_hd__buf_1)
     2    0.01                           net2 (net)
                  0.05    0.00    2.11 v _281_/A (sky130_fd_sc_hd__buf_4)
                  0.07    0.19    2.29 v _281_/X (sky130_fd_sc_hd__buf_4)
    10    0.04                           _217_ (net)
                  0.07    0.00    2.29 v _289_/B (sky130_fd_sc_hd__or3_1)
                  0.11    0.42    2.72 v _289_/X (sky130_fd_sc_hd__or3_1)
     2    0.01                           _224_ (net)
                  0.11    0.00    2.72 v _291_/A (sky130_fd_sc_hd__and2_2)
                  0.08    0.26    2.98 v _291_/X (sky130_fd_sc_hd__and2_2)
     8    0.03                           _226_ (net)
                  0.08    0.00    2.98 v _293_/A2 (sky130_fd_sc_hd__a21o_1)
                  0.04    0.20    3.18 v _293_/X (sky130_fd_sc_hd__a21o_1)
     2    0.00                           _228_ (net)
                  0.04    0.00    3.18 v _294_/C (sky130_fd_sc_hd__and3_1)
                  0.06    0.20    3.39 v _294_/X (sky130_fd_sc_hd__and3_1)
     3    0.01                           _229_ (net)
                  0.06    0.00    3.39 v _296_/A (sky130_fd_sc_hd__nor2_1)
                  0.07    0.10    3.49 ^ _296_/Y (sky130_fd_sc_hd__nor2_1)
     1    0.00                           net25 (net)
                  0.07    0.00    3.49 ^ output25/A (sky130_fd_sc_hd__buf_2)
                  0.17    0.22    3.70 ^ output25/X (sky130_fd_sc_hd__buf_2)
     1    0.03                           P[2] (net)
                  0.17    0.00    3.70 ^ P[2] (out)
                                  3.70   data arrival time

                  0.00   10.00   10.00   clock clk (rise edge)
                          0.00   10.00   clock network delay (ideal)
                         -0.25    9.75   clock uncertainty
                          0.00    9.75   clock reconvergence pessimism
                         -2.00    7.75   output external delay
                                  7.75   data required time
-----------------------------------------------------------------------------
                                  7.75   data required time
                                 -3.70   data arrival time
-----------------------------------------------------------------------------
                                  4.05   slack (MET)


Startpoint: A[1] (input port clocked by clk)
Endpoint: P[1] (output port clocked by clk)
Path Group: clk
Path Type: max

Fanout     Cap    Slew   Delay    Time   Description
-----------------------------------------------------------------------------
                  0.00    0.00    0.00   clock clk (rise edge)
                          0.00    0.00   clock network delay (ideal)
                          2.00    2.00 ^ input external delay
                  0.02    0.01    2.01 ^ A[1] (in)
     1    0.00                           A[1] (net)
                  0.02    0.00    2.01 ^ input2/A (sky130_fd_sc_hd__buf_1)
                  0.11    0.12    2.13 ^ input2/X (sky130_fd_sc_hd__buf_1)
     2    0.01                           net2 (net)
                  0.11    0.00    2.13 ^ _281_/A (sky130_fd_sc_hd__buf_4)
                  0.13    0.21    2.34 ^ _281_/X (sky130_fd_sc_hd__buf_4)
    10    0.05                           _217_ (net)
                  0.13    0.00    2.34 ^ _284_/B (sky130_fd_sc_hd__xor2_4)
                  0.23    0.26    2.61 ^ _284_/X (sky130_fd_sc_hd__xor2_4)
     8    0.03                           _220_ (net)
                  0.23    0.00    2.61 ^ _286_/A2 (sky130_fd_sc_hd__a22o_1)
                  0.05    0.18    2.79 ^ _286_/X (sky130_fd_sc_hd__a22o_1)
     1    0.00                           _222_ (net)
                  0.05    0.00    2.79 ^ _287_/B1 (sky130_fd_sc_hd__a21o_1)
                  0.06    0.10    2.89 ^ _287_/X (sky130_fd_sc_hd__a21o_1)
     1    0.01                           net24 (net)
                  0.06    0.00    2.89 ^ output24/A (sky130_fd_sc_hd__buf_2)
                  0.17    0.21    3.11 ^ output24/X (sky130_fd_sc_hd__buf_2)
     1    0.03                           P[1] (net)
                  0.17    0.00    3.11 ^ P[1] (out)
                                  3.11   data arrival time

                  0.00   10.00   10.00   clock clk (rise edge)
                          0.00   10.00   clock network delay (ideal)
                         -0.25    9.75   clock uncertainty
                          0.00    9.75   clock reconvergence pessimism
                         -2.00    7.75   output external delay
                                  7.75   data required time
-----------------------------------------------------------------------------
                                  7.75   data required time
                                 -3.11   data arrival time
-----------------------------------------------------------------------------
                                  4.64   slack (MET)


Startpoint: A[0] (input port clocked by clk)
Endpoint: P[0] (output port clocked by clk)
Path Group: clk
Path Type: max

Fanout     Cap    Slew   Delay    Time   Description
-----------------------------------------------------------------------------
                  0.00    0.00    0.00   clock clk (rise edge)
                          0.00    0.00   clock network delay (ideal)
                          2.00    2.00 ^ input external delay
                  0.02    0.01    2.01 ^ A[0] (in)
     1    0.00                           A[0] (net)
                  0.02    0.00    2.01 ^ input1/A (sky130_fd_sc_hd__buf_2)
                  0.15    0.19    2.20 ^ input1/X (sky130_fd_sc_hd__buf_2)
     5    0.03                           net1 (net)
                  0.15    0.00    2.20 ^ _278_/A (sky130_fd_sc_hd__buf_2)
                  0.17    0.24    2.44 ^ _278_/X (sky130_fd_sc_hd__buf_2)
    10    0.03                           _215_ (net)
                  0.17    0.00    2.44 ^ _279_/B (sky130_fd_sc_hd__and2_1)
                  0.10    0.19    2.64 ^ _279_/X (sky130_fd_sc_hd__and2_1)
     1    0.01                           _216_ (net)
                  0.10    0.00    2.64 ^ _280_/A (sky130_fd_sc_hd__clkbuf_1)
                  0.04    0.09    2.73 ^ _280_/X (sky130_fd_sc_hd__clkbuf_1)
     1    0.00                           net17 (net)
                  0.04    0.00    2.73 ^ output17/A (sky130_fd_sc_hd__buf_2)
                  0.17    0.20    2.93 ^ output17/X (sky130_fd_sc_hd__buf_2)
     1    0.03                           P[0] (net)
                  0.17    0.00    2.93 ^ P[0] (out)
                                  2.93   data arrival time

                  0.00   10.00   10.00   clock clk (rise edge)
                          0.00   10.00   clock network delay (ideal)
                         -0.25    9.75   clock uncertainty
                          0.00    9.75   clock reconvergence pessimism
                         -2.00    7.75   output external delay
                                  7.75   data required time
-----------------------------------------------------------------------------
                                  7.75   data required time
                                 -2.93   data arrival time
-----------------------------------------------------------------------------
                                  4.82   slack (MET)



