
===========================================================================
report_checks -path_delay min (Hold)
============================================================================
======================= Typical Corner ===================================

Startpoint: B[0] (input port clocked by clk)
Endpoint: P[0] (output port clocked by clk)
Path Group: clk
Path Type: min

Fanout     Cap    Slew   Delay    Time   Description
-----------------------------------------------------------------------------
                  0.00    0.00    0.00   clock clk (rise edge)
                          0.00    0.00   clock network delay (ideal)
                          2.00    2.00 v input external delay
                  0.03    0.02    2.02 v B[0] (in)
     4    0.01                           B[0] (net)
                  0.03    0.00    2.02 v _279_/A (sky130_fd_sc_hd__and2_2)
                  0.05    0.17    2.18 v _279_/X (sky130_fd_sc_hd__and2_2)
     1    0.01                           _216_ (net)
                  0.05    0.00    2.18 v _280_/A (sky130_fd_sc_hd__buf_1)
                  0.20    0.21    2.40 v _280_/X (sky130_fd_sc_hd__buf_1)
     1    0.03                           P[0] (net)
                  0.20    0.00    2.40 v P[0] (out)
                                  2.40   data arrival time

                  0.00    0.00    0.00   clock clk (rise edge)
                          0.00    0.00   clock network delay (ideal)
                          0.25    0.25   clock uncertainty
                          0.00    0.25   clock reconvergence pessimism
                         -2.00   -1.75   output external delay
                                 -1.75   data required time
-----------------------------------------------------------------------------
                                 -1.75   data required time
                                 -2.40   data arrival time
-----------------------------------------------------------------------------
                                  4.15   slack (MET)


Startpoint: B[2] (input port clocked by clk)
Endpoint: P[2] (output port clocked by clk)
Path Group: clk
Path Type: min

Fanout     Cap    Slew   Delay    Time   Description
-----------------------------------------------------------------------------
                  0.00    0.00    0.00   clock clk (rise edge)
                          0.00    0.00   clock network delay (ideal)
                          2.00    2.00 ^ input external delay
                  0.13    0.09    2.09 ^ B[2] (in)
     4    0.03                           B[2] (net)
                  0.14    0.00    2.09 ^ _288_/B (sky130_fd_sc_hd__xor2_2)
                  0.05    0.10    2.19 v _288_/X (sky130_fd_sc_hd__xor2_2)
     5    0.01                           _223_ (net)
                  0.05    0.00    2.19 v _295_/A2 (sky130_fd_sc_hd__a21oi_2)
                  0.10    0.13    2.33 ^ _295_/Y (sky130_fd_sc_hd__a21oi_2)
     1    0.00                           _230_ (net)
                  0.10    0.00    2.33 ^ _296_/B (sky130_fd_sc_hd__nor2_2)
                  0.09    0.10    2.43 v _296_/Y (sky130_fd_sc_hd__nor2_2)
     1    0.03                           P[2] (net)
                  0.09    0.00    2.43 v P[2] (out)
                                  2.43   data arrival time

                  0.00    0.00    0.00   clock clk (rise edge)
                          0.00    0.00   clock network delay (ideal)
                          0.25    0.25   clock uncertainty
                          0.00    0.25   clock reconvergence pessimism
                         -2.00   -1.75   output external delay
                                 -1.75   data required time
-----------------------------------------------------------------------------
                                 -1.75   data required time
                                 -2.43   data arrival time
-----------------------------------------------------------------------------
                                  4.18   slack (MET)


Startpoint: B[0] (input port clocked by clk)
Endpoint: P[1] (output port clocked by clk)
Path Group: clk
Path Type: min

Fanout     Cap    Slew   Delay    Time   Description
-----------------------------------------------------------------------------
                  0.00    0.00    0.00   clock clk (rise edge)
                          0.00    0.00   clock network delay (ideal)
                          2.00    2.00 ^ input external delay
                  0.06    0.04    2.04 ^ B[0] (in)
     4    0.01                           B[0] (net)
                  0.06    0.00    2.04 ^ _282_/B (sky130_fd_sc_hd__and2b_2)
                  0.12    0.20    2.24 ^ _282_/X (sky130_fd_sc_hd__and2b_2)
     7    0.02                           _218_ (net)
                  0.12    0.00    2.24 ^ _287_/A2 (sky130_fd_sc_hd__a21o_2)
                  0.19    0.25    2.48 ^ _287_/X (sky130_fd_sc_hd__a21o_2)
     1    0.04                           P[1] (net)
                  0.19    0.00    2.48 ^ P[1] (out)
                                  2.48   data arrival time

                  0.00    0.00    0.00   clock clk (rise edge)
                          0.00    0.00   clock network delay (ideal)
                          0.25    0.25   clock uncertainty
                          0.00    0.25   clock reconvergence pessimism
                         -2.00   -1.75   output external delay
                                 -1.75   data required time
-----------------------------------------------------------------------------
                                 -1.75   data required time
                                 -2.48   data arrival time
-----------------------------------------------------------------------------
                                  4.23   slack (MET)


Startpoint: B[2] (input port clocked by clk)
Endpoint: P[3] (output port clocked by clk)
Path Group: clk
Path Type: min

Fanout     Cap    Slew   Delay    Time   Description
-----------------------------------------------------------------------------
                  0.00    0.00    0.00   clock clk (rise edge)
                          0.00    0.00   clock network delay (ideal)
                          2.00    2.00 ^ input external delay
                  0.13    0.09    2.09 ^ B[2] (in)
     4    0.03                           B[2] (net)
                  0.14    0.00    2.09 ^ _288_/B (sky130_fd_sc_hd__xor2_2)
                  0.05    0.10    2.19 v _288_/X (sky130_fd_sc_hd__xor2_2)
     5    0.01                           _223_ (net)
                  0.05    0.00    2.19 v _294_/B (sky130_fd_sc_hd__and3_2)
                  0.05    0.21    2.40 v _294_/X (sky130_fd_sc_hd__and3_2)
     3    0.01                           _229_ (net)
                  0.05    0.00    2.40 v _314_/A (sky130_fd_sc_hd__nor2_2)
                  0.08    0.11    2.51 ^ _314_/Y (sky130_fd_sc_hd__nor2_2)
     1    0.00                           _248_ (net)
                  0.08    0.00    2.51 ^ _315_/B (sky130_fd_sc_hd__nor2_2)
                  0.08    0.09    2.60 v _315_/Y (sky130_fd_sc_hd__nor2_2)
     1    0.03                           P[3] (net)
                  0.08    0.00    2.60 v P[3] (out)
                                  2.60   data arrival time

                  0.00    0.00    0.00   clock clk (rise edge)
                          0.00    0.00   clock network delay (ideal)
                          0.25    0.25   clock uncertainty
                          0.00    0.25   clock reconvergence pessimism
                         -2.00   -1.75   output external delay
                                 -1.75   data required time
-----------------------------------------------------------------------------
                                 -1.75   data required time
                                 -2.60   data arrival time
-----------------------------------------------------------------------------
                                  4.35   slack (MET)


Startpoint: B[4] (input port clocked by clk)
Endpoint: P[5] (output port clocked by clk)
Path Group: clk
Path Type: min

Fanout     Cap    Slew   Delay    Time   Description
-----------------------------------------------------------------------------
                  0.00    0.00    0.00   clock clk (rise edge)
                          0.00    0.00   clock network delay (ideal)
                          2.00    2.00 v input external delay
                  0.02    0.01    2.01 v B[4] (in)
     2    0.01                           B[4] (net)
                  0.02    0.00    2.01 v _325_/B (sky130_fd_sc_hd__nand2_2)
                  0.07    0.07    2.09 ^ _325_/Y (sky130_fd_sc_hd__nand2_2)
     4    0.01                           _258_ (net)
                  0.07    0.00    2.09 ^ _326_/B (sky130_fd_sc_hd__and2_2)
                  0.06    0.15    2.24 ^ _326_/X (sky130_fd_sc_hd__and2_2)
     2    0.01                           _259_ (net)
                  0.06    0.00    2.24 ^ _327_/B (sky130_fd_sc_hd__nand2_2)
                  0.04    0.06    2.30 v _327_/Y (sky130_fd_sc_hd__nand2_2)
     1    0.01                           _260_ (net)
                  0.04    0.00    2.30 v _328_/B (sky130_fd_sc_hd__xnor2_2)
                  0.06    0.14    2.44 v _328_/Y (sky130_fd_sc_hd__xnor2_2)
     3    0.01                           _261_ (net)
                  0.06    0.00    2.44 v _329_/B (sky130_fd_sc_hd__nand2_2)
                  0.07    0.09    2.52 ^ _329_/Y (sky130_fd_sc_hd__nand2_2)
     2    0.01                           _262_ (net)
                  0.07    0.00    2.52 ^ _358_/A (sky130_fd_sc_hd__xnor2_2)
                  0.16    0.16    2.68 v _358_/Y (sky130_fd_sc_hd__xnor2_2)
     1    0.03                           P[5] (net)
                  0.16    0.00    2.68 v P[5] (out)
                                  2.68   data arrival time

                  0.00    0.00    0.00   clock clk (rise edge)
                          0.00    0.00   clock network delay (ideal)
                          0.25    0.25   clock uncertainty
                          0.00    0.25   clock reconvergence pessimism
                         -2.00   -1.75   output external delay
                                 -1.75   data required time
-----------------------------------------------------------------------------
                                 -1.75   data required time
                                 -2.68   data arrival time
-----------------------------------------------------------------------------
                                  4.43   slack (MET)


Startpoint: B[7] (input port clocked by clk)
Endpoint: P[15] (output port clocked by clk)
Path Group: clk
Path Type: min

Fanout     Cap    Slew   Delay    Time   Description
-----------------------------------------------------------------------------
                  0.00    0.00    0.00   clock clk (rise edge)
                          0.00    0.00   clock network delay (ideal)
                          2.00    2.00 v input external delay
                  0.03    0.02    2.02 v B[7] (in)
     3    0.01                           B[7] (net)
                  0.03    0.00    2.02 v _394_/A (sky130_fd_sc_hd__inv_2)
                  0.06    0.06    2.08 ^ _394_/Y (sky130_fd_sc_hd__inv_2)
     4    0.01                           _047_ (net)
                  0.06    0.00    2.08 ^ _546_/A1 (sky130_fd_sc_hd__a32o_2)
                  0.07    0.17    2.25 ^ _546_/X (sky130_fd_sc_hd__a32o_2)
     2    0.01                           _192_ (net)
                  0.07    0.00    2.25 ^ _564_/B1 (sky130_fd_sc_hd__a21o_2)
                  0.06    0.11    2.35 ^ _564_/X (sky130_fd_sc_hd__a21o_2)
     1    0.01                           _209_ (net)
                  0.06    0.00    2.35 ^ _566_/A (sky130_fd_sc_hd__xnor2_2)
                  0.06    0.12    2.47 ^ _566_/Y (sky130_fd_sc_hd__xnor2_2)
     1    0.01                           _211_ (net)
                  0.06    0.00    2.47 ^ _567_/B (sky130_fd_sc_hd__xnor2_2)
                  0.06    0.12    2.59 ^ _567_/Y (sky130_fd_sc_hd__xnor2_2)
     1    0.01                           _212_ (net)
                  0.06    0.00    2.59 ^ _568_/B (sky130_fd_sc_hd__xnor2_2)
                  0.15    0.15    2.73 v _568_/Y (sky130_fd_sc_hd__xnor2_2)
     1    0.03                           P[15] (net)
                  0.15    0.00    2.73 v P[15] (out)
                                  2.73   data arrival time

                  0.00    0.00    0.00   clock clk (rise edge)
                          0.00    0.00   clock network delay (ideal)
                          0.25    0.25   clock uncertainty
                          0.00    0.25   clock reconvergence pessimism
                         -2.00   -1.75   output external delay
                                 -1.75   data required time
-----------------------------------------------------------------------------
                                 -1.75   data required time
                                 -2.73   data arrival time
-----------------------------------------------------------------------------
                                  4.48   slack (MET)


Startpoint: A[2] (input port clocked by clk)
Endpoint: P[7] (output port clocked by clk)
Path Group: clk
Path Type: min

Fanout     Cap    Slew   Delay    Time   Description
-----------------------------------------------------------------------------
                  0.00    0.00    0.00   clock clk (rise edge)
                          0.00    0.00   clock network delay (ideal)
                          2.00    2.00 ^ input external delay
                  0.19    0.12    2.12 ^ A[2] (in)
    10    0.04                           A[2] (net)
                  0.19    0.00    2.12 ^ _376_/B2 (sky130_fd_sc_hd__a221o_2)
                  0.05    0.18    2.30 ^ _376_/X (sky130_fd_sc_hd__a221o_2)
     1    0.01                           _030_ (net)
                  0.05    0.00    2.30 ^ _377_/A (sky130_fd_sc_hd__inv_2)
                  0.03    0.04    2.34 v _377_/Y (sky130_fd_sc_hd__inv_2)
     3    0.01                           _031_ (net)
                  0.03    0.00    2.34 v _379_/B1 (sky130_fd_sc_hd__o21ai_2)
                  0.05    0.05    2.39 ^ _379_/Y (sky130_fd_sc_hd__o21ai_2)
     2    0.00                           _033_ (net)
                  0.05    0.00    2.39 ^ _382_/A2 (sky130_fd_sc_hd__a21o_2)
                  0.04    0.12    2.51 ^ _382_/X (sky130_fd_sc_hd__a21o_2)
     2    0.01                           _036_ (net)
                  0.04    0.00    2.51 ^ _415_/A1 (sky130_fd_sc_hd__a21oi_2)
                  0.04    0.07    2.58 v _415_/Y (sky130_fd_sc_hd__a21oi_2)
     2    0.01                           _068_ (net)
                  0.04    0.00    2.58 v _416_/B (sky130_fd_sc_hd__xnor2_2)
                  0.17    0.21    2.79 v _416_/Y (sky130_fd_sc_hd__xnor2_2)
     1    0.04                           P[7] (net)
                  0.17    0.00    2.79 v P[7] (out)
                                  2.79   data arrival time

                  0.00    0.00    0.00   clock clk (rise edge)
                          0.00    0.00   clock network delay (ideal)
                          0.25    0.25   clock uncertainty
                          0.00    0.25   clock reconvergence pessimism
                         -2.00   -1.75   output external delay
                                 -1.75   data required time
-----------------------------------------------------------------------------
                                 -1.75   data required time
                                 -2.79   data arrival time
-----------------------------------------------------------------------------
                                  4.54   slack (MET)


Startpoint: A[3] (input port clocked by clk)
Endpoint: P[9] (output port clocked by clk)
Path Group: clk
Path Type: min

Fanout     Cap    Slew   Delay    Time   Description
-----------------------------------------------------------------------------
                  0.00    0.00    0.00   clock clk (rise edge)
                          0.00    0.00   clock network delay (ideal)
                          2.00    2.00 ^ input external delay
                  0.18    0.12    2.12 ^ A[3] (in)
     9    0.04                           A[3] (net)
                  0.18    0.00    2.12 ^ _409_/B2 (sky130_fd_sc_hd__a22o_2)
                  0.03    0.15    2.26 ^ _409_/X (sky130_fd_sc_hd__a22o_2)
     1    0.00                           _062_ (net)
                  0.03    0.00    2.26 ^ _410_/C1 (sky130_fd_sc_hd__a221o_2)
                  0.10    0.14    2.40 ^ _410_/X (sky130_fd_sc_hd__a221o_2)
     2    0.02                           _063_ (net)
                  0.10    0.00    2.40 ^ _434_/A2 (sky130_fd_sc_hd__a21oi_2)
                  0.04    0.09    2.49 v _434_/Y (sky130_fd_sc_hd__a21oi_2)
     3    0.02                           _086_ (net)
                  0.04    0.00    2.49 v _458_/A2 (sky130_fd_sc_hd__o21ai_2)
                  0.07    0.14    2.63 ^ _458_/Y (sky130_fd_sc_hd__o21ai_2)
     1    0.01                           _109_ (net)
                  0.07    0.00    2.63 ^ _459_/B (sky130_fd_sc_hd__xnor2_2)
                  0.18    0.16    2.80 v _459_/Y (sky130_fd_sc_hd__xnor2_2)
     1    0.04                           P[9] (net)
                  0.18    0.00    2.80 v P[9] (out)
                                  2.80   data arrival time

                  0.00    0.00    0.00   clock clk (rise edge)
                          0.00    0.00   clock network delay (ideal)
                          0.25    0.25   clock uncertainty
                          0.00    0.25   clock reconvergence pessimism
                         -2.00   -1.75   output external delay
                                 -1.75   data required time
-----------------------------------------------------------------------------
                                 -1.75   data required time
                                 -2.80   data arrival time
-----------------------------------------------------------------------------
                                  4.55   slack (MET)


Startpoint: B[5] (input port clocked by clk)
Endpoint: P[12] (output port clocked by clk)
Path Group: clk
Path Type: min

Fanout     Cap    Slew   Delay    Time   Description
-----------------------------------------------------------------------------
                  0.00    0.00    0.00   clock clk (rise edge)
                          0.00    0.00   clock network delay (ideal)
                          2.00    2.00 v input external delay
                  0.07    0.04    2.04 v B[5] (in)
     6    0.03                           B[5] (net)
                  0.07    0.00    2.04 v _345_/A (sky130_fd_sc_hd__inv_2)
                  0.05    0.07    2.11 ^ _345_/Y (sky130_fd_sc_hd__inv_2)
     3    0.01                           _000_ (net)
                  0.05    0.00    2.11 ^ _502_/A1 (sky130_fd_sc_hd__a32o_2)
                  0.07    0.17    2.28 ^ _502_/X (sky130_fd_sc_hd__a32o_2)
     2    0.01                           _150_ (net)
                  0.07    0.00    2.28 ^ _503_/B1 (sky130_fd_sc_hd__a21oi_2)
                  0.04    0.05    2.33 v _503_/Y (sky130_fd_sc_hd__a21oi_2)
     2    0.01                           _151_ (net)
                  0.04    0.00    2.33 v _513_/A (sky130_fd_sc_hd__xnor2_2)
                  0.05    0.16    2.49 ^ _513_/Y (sky130_fd_sc_hd__xnor2_2)
     2    0.01                           _161_ (net)
                  0.05    0.00    2.49 ^ _517_/A (sky130_fd_sc_hd__nand2_2)
                  0.03    0.04    2.53 v _517_/Y (sky130_fd_sc_hd__nand2_2)
     1    0.00                           _165_ (net)
                  0.03    0.00    2.53 v _518_/B (sky130_fd_sc_hd__nand2_2)
                  0.11    0.11    2.63 ^ _518_/Y (sky130_fd_sc_hd__nand2_2)
     3    0.02                           _166_ (net)
                  0.11    0.00    2.63 ^ _525_/A (sky130_fd_sc_hd__xor2_2)
                  0.11    0.17    2.80 v _525_/X (sky130_fd_sc_hd__xor2_2)
     1    0.04                           P[12] (net)
                  0.11    0.00    2.80 v P[12] (out)
                                  2.80   data arrival time

                  0.00    0.00    0.00   clock clk (rise edge)
                          0.00    0.00   clock network delay (ideal)
                          0.25    0.25   clock uncertainty
                          0.00    0.25   clock reconvergence pessimism
                         -2.00   -1.75   output external delay
                                 -1.75   data required time
-----------------------------------------------------------------------------
                                 -1.75   data required time
                                 -2.80   data arrival time
-----------------------------------------------------------------------------
                                  4.55   slack (MET)


Startpoint: B[4] (input port clocked by clk)
Endpoint: P[6] (output port clocked by clk)
Path Group: clk
Path Type: min

Fanout     Cap    Slew   Delay    Time   Description
-----------------------------------------------------------------------------
                  0.00    0.00    0.00   clock clk (rise edge)
                          0.00    0.00   clock network delay (ideal)
                          2.00    2.00 v input external delay
                  0.02    0.01    2.01 v B[4] (in)
     2    0.01                           B[4] (net)
                  0.02    0.00    2.01 v _325_/B (sky130_fd_sc_hd__nand2_2)
                  0.07    0.07    2.09 ^ _325_/Y (sky130_fd_sc_hd__nand2_2)
     4    0.01                           _258_ (net)
                  0.07    0.00    2.09 ^ _326_/B (sky130_fd_sc_hd__and2_2)
                  0.06    0.15    2.24 ^ _326_/X (sky130_fd_sc_hd__and2_2)
     2    0.01                           _259_ (net)
                  0.06    0.00    2.24 ^ _327_/B (sky130_fd_sc_hd__nand2_2)
                  0.04    0.06    2.30 v _327_/Y (sky130_fd_sc_hd__nand2_2)
     1    0.01                           _260_ (net)
                  0.04    0.00    2.30 v _328_/B (sky130_fd_sc_hd__xnor2_2)
                  0.07    0.16    2.46 ^ _328_/Y (sky130_fd_sc_hd__xnor2_2)
     3    0.01                           _261_ (net)
                  0.07    0.00    2.46 ^ _384_/A2 (sky130_fd_sc_hd__a31o_2)
                  0.10    0.19    2.66 ^ _384_/X (sky130_fd_sc_hd__a31o_2)
     2    0.02                           _038_ (net)
                  0.10    0.00    2.66 ^ _385_/B (sky130_fd_sc_hd__xnor2_2)
                  0.19    0.18    2.84 v _385_/Y (sky130_fd_sc_hd__xnor2_2)
     1    0.04                           P[6] (net)
                  0.19    0.00    2.84 v P[6] (out)
                                  2.84   data arrival time

                  0.00    0.00    0.00   clock clk (rise edge)
                          0.00    0.00   clock network delay (ideal)
                          0.25    0.25   clock uncertainty
                          0.00    0.25   clock reconvergence pessimism
                         -2.00   -1.75   output external delay
                                 -1.75   data required time
-----------------------------------------------------------------------------
                                 -1.75   data required time
                                 -2.84   data arrival time
-----------------------------------------------------------------------------
                                  4.59   slack (MET)


Startpoint: A[3] (input port clocked by clk)
Endpoint: P[8] (output port clocked by clk)
Path Group: clk
Path Type: min

Fanout     Cap    Slew   Delay    Time   Description
-----------------------------------------------------------------------------
                  0.00    0.00    0.00   clock clk (rise edge)
                          0.00    0.00   clock network delay (ideal)
                          2.00    2.00 ^ input external delay
                  0.18    0.12    2.12 ^ A[3] (in)
     9    0.04                           A[3] (net)
                  0.18    0.00    2.12 ^ _409_/B2 (sky130_fd_sc_hd__a22o_2)
                  0.03    0.15    2.26 ^ _409_/X (sky130_fd_sc_hd__a22o_2)
     1    0.00                           _062_ (net)
                  0.03    0.00    2.26 ^ _410_/C1 (sky130_fd_sc_hd__a221o_2)
                  0.10    0.14    2.40 ^ _410_/X (sky130_fd_sc_hd__a221o_2)
     2    0.02                           _063_ (net)
                  0.10    0.00    2.40 ^ _411_/B (sky130_fd_sc_hd__xor2_2)
                  0.05    0.08    2.48 v _411_/X (sky130_fd_sc_hd__xor2_2)
     2    0.01                           _064_ (net)
                  0.05    0.00    2.48 v _413_/B1 (sky130_fd_sc_hd__o21ai_2)
                  0.06    0.06    2.54 ^ _413_/Y (sky130_fd_sc_hd__o21ai_2)
     2    0.01                           _066_ (net)
                  0.06    0.00    2.54 ^ _436_/A1 (sky130_fd_sc_hd__a21oi_2)
                  0.08    0.09    2.64 v _436_/Y (sky130_fd_sc_hd__a21oi_2)
     4    0.02                           _088_ (net)
                  0.08    0.00    2.64 v _437_/B (sky130_fd_sc_hd__xnor2_2)
                  0.17    0.23    2.87 v _437_/Y (sky130_fd_sc_hd__xnor2_2)
     1    0.04                           P[8] (net)
                  0.17    0.00    2.87 v P[8] (out)
                                  2.87   data arrival time

                  0.00    0.00    0.00   clock clk (rise edge)
                          0.00    0.00   clock network delay (ideal)
                          0.25    0.25   clock uncertainty
                          0.00    0.25   clock reconvergence pessimism
                         -2.00   -1.75   output external delay
                                 -1.75   data required time
-----------------------------------------------------------------------------
                                 -1.75   data required time
                                 -2.87   data arrival time
-----------------------------------------------------------------------------
                                  4.62   slack (MET)


Startpoint: A[6] (input port clocked by clk)
Endpoint: P[10] (output port clocked by clk)
Path Group: clk
Path Type: min

Fanout     Cap    Slew   Delay    Time   Description
-----------------------------------------------------------------------------
                  0.00    0.00    0.00   clock clk (rise edge)
                          0.00    0.00   clock network delay (ideal)
                          2.00    2.00 ^ input external delay
                  0.17    0.11    2.11 ^ A[6] (in)
    10    0.04                           A[6] (net)
                  0.17    0.00    2.11 ^ _472_/B2 (sky130_fd_sc_hd__a22o_2)
                  0.05    0.16    2.27 ^ _472_/X (sky130_fd_sc_hd__a22o_2)
     1    0.00                           _122_ (net)
                  0.05    0.00    2.27 ^ _473_/C1 (sky130_fd_sc_hd__a221oi_2)
                  0.04    0.04    2.31 v _473_/Y (sky130_fd_sc_hd__a221oi_2)
     2    0.01                           _123_ (net)
                  0.04    0.00    2.31 v _474_/B (sky130_fd_sc_hd__xor2_2)
                  0.17    0.17    2.49 ^ _474_/X (sky130_fd_sc_hd__xor2_2)
     2    0.01                           _124_ (net)
                  0.17    0.00    2.49 ^ _478_/A (sky130_fd_sc_hd__xor2_2)
                  0.08    0.15    2.63 v _478_/X (sky130_fd_sc_hd__xor2_2)
     4    0.02                           _128_ (net)
                  0.08    0.00    2.63 v _483_/A (sky130_fd_sc_hd__xor2_2)
                  0.11    0.24    2.88 v _483_/X (sky130_fd_sc_hd__xor2_2)
     1    0.04                           P[10] (net)
                  0.11    0.00    2.88 v P[10] (out)
                                  2.88   data arrival time

                  0.00    0.00    0.00   clock clk (rise edge)
                          0.00    0.00   clock network delay (ideal)
                          0.25    0.25   clock uncertainty
                          0.00    0.25   clock reconvergence pessimism
                         -2.00   -1.75   output external delay
                                 -1.75   data required time
-----------------------------------------------------------------------------
                                 -1.75   data required time
                                 -2.88   data arrival time
-----------------------------------------------------------------------------
                                  4.63   slack (MET)


Startpoint: B[5] (input port clocked by clk)
Endpoint: P[13] (output port clocked by clk)
Path Group: clk
Path Type: min

Fanout     Cap    Slew   Delay    Time   Description
-----------------------------------------------------------------------------
                  0.00    0.00    0.00   clock clk (rise edge)
                          0.00    0.00   clock network delay (ideal)
                          2.00    2.00 v input external delay
                  0.07    0.04    2.04 v B[5] (in)
     6    0.03                           B[5] (net)
                  0.07    0.00    2.04 v _345_/A (sky130_fd_sc_hd__inv_2)
                  0.05    0.07    2.11 ^ _345_/Y (sky130_fd_sc_hd__inv_2)
     3    0.01                           _000_ (net)
                  0.05    0.00    2.11 ^ _502_/A1 (sky130_fd_sc_hd__a32o_2)
                  0.07    0.17    2.28 ^ _502_/X (sky130_fd_sc_hd__a32o_2)
     2    0.01                           _150_ (net)
                  0.07    0.00    2.28 ^ _503_/B1 (sky130_fd_sc_hd__a21oi_2)
                  0.04    0.05    2.33 v _503_/Y (sky130_fd_sc_hd__a21oi_2)
     2    0.01                           _151_ (net)
                  0.04    0.00    2.33 v _513_/A (sky130_fd_sc_hd__xnor2_2)
                  0.05    0.16    2.49 ^ _513_/Y (sky130_fd_sc_hd__xnor2_2)
     2    0.01                           _161_ (net)
                  0.05    0.00    2.49 ^ _516_/A (sky130_fd_sc_hd__or2_2)
                  0.07    0.13    2.61 ^ _516_/X (sky130_fd_sc_hd__or2_2)
     3    0.01                           _164_ (net)
                  0.07    0.00    2.61 ^ _541_/B1 (sky130_fd_sc_hd__o21ai_2)
                  0.05    0.07    2.68 v _541_/Y (sky130_fd_sc_hd__o21ai_2)
     1    0.01                           _188_ (net)
                  0.05    0.00    2.68 v _542_/B (sky130_fd_sc_hd__xnor2_2)
                  0.16    0.21    2.89 v _542_/Y (sky130_fd_sc_hd__xnor2_2)
     1    0.04                           P[13] (net)
                  0.16    0.00    2.89 v P[13] (out)
                                  2.89   data arrival time

                  0.00    0.00    0.00   clock clk (rise edge)
                          0.00    0.00   clock network delay (ideal)
                          0.25    0.25   clock uncertainty
                          0.00    0.25   clock reconvergence pessimism
                         -2.00   -1.75   output external delay
                                 -1.75   data required time
-----------------------------------------------------------------------------
                                 -1.75   data required time
                                 -2.89   data arrival time
-----------------------------------------------------------------------------
                                  4.64   slack (MET)


Startpoint: B[4] (input port clocked by clk)
Endpoint: P[4] (output port clocked by clk)
Path Group: clk
Path Type: min

Fanout     Cap    Slew   Delay    Time   Description
-----------------------------------------------------------------------------
                  0.00    0.00    0.00   clock clk (rise edge)
                          0.00    0.00   clock network delay (ideal)
                          2.00    2.00 v input external delay
                  0.02    0.01    2.01 v B[4] (in)
     2    0.01                           B[4] (net)
                  0.02    0.00    2.01 v _325_/B (sky130_fd_sc_hd__nand2_2)
                  0.07    0.07    2.09 ^ _325_/Y (sky130_fd_sc_hd__nand2_2)
     4    0.01                           _258_ (net)
                  0.07    0.00    2.09 ^ _326_/B (sky130_fd_sc_hd__and2_2)
                  0.06    0.15    2.24 ^ _326_/X (sky130_fd_sc_hd__and2_2)
     2    0.01                           _259_ (net)
                  0.06    0.00    2.24 ^ _327_/B (sky130_fd_sc_hd__nand2_2)
                  0.04    0.06    2.30 v _327_/Y (sky130_fd_sc_hd__nand2_2)
     1    0.01                           _260_ (net)
                  0.04    0.00    2.30 v _328_/B (sky130_fd_sc_hd__xnor2_2)
                  0.07    0.16    2.46 ^ _328_/Y (sky130_fd_sc_hd__xnor2_2)
     3    0.01                           _261_ (net)
                  0.07    0.00    2.46 ^ _329_/B (sky130_fd_sc_hd__nand2_2)
                  0.05    0.07    2.53 v _329_/Y (sky130_fd_sc_hd__nand2_2)
     2    0.01                           _262_ (net)
                  0.05    0.00    2.53 v _570_/A (sky130_fd_sc_hd__and2_2)
                  0.03    0.15    2.69 v _570_/X (sky130_fd_sc_hd__and2_2)
     1    0.00                           _214_ (net)
                  0.03    0.00    2.69 v _571_/A (sky130_fd_sc_hd__buf_1)
                  0.20    0.21    2.89 v _571_/X (sky130_fd_sc_hd__buf_1)
     1    0.03                           P[4] (net)
                  0.20    0.00    2.89 v P[4] (out)
                                  2.89   data arrival time

                  0.00    0.00    0.00   clock clk (rise edge)
                          0.00    0.00   clock network delay (ideal)
                          0.25    0.25   clock uncertainty
                          0.00    0.25   clock reconvergence pessimism
                         -2.00   -1.75   output external delay
                                 -1.75   data required time
-----------------------------------------------------------------------------
                                 -1.75   data required time
                                 -2.89   data arrival time
-----------------------------------------------------------------------------
                                  4.64   slack (MET)


Startpoint: A[6] (input port clocked by clk)
Endpoint: P[11] (output port clocked by clk)
Path Group: clk
Path Type: min

Fanout     Cap    Slew   Delay    Time   Description
-----------------------------------------------------------------------------
                  0.00    0.00    0.00   clock clk (rise edge)
                          0.00    0.00   clock network delay (ideal)
                          2.00    2.00 ^ input external delay
                  0.17    0.11    2.11 ^ A[6] (in)
    10    0.04                           A[6] (net)
                  0.17    0.00    2.11 ^ _472_/B2 (sky130_fd_sc_hd__a22o_2)
                  0.05    0.16    2.27 ^ _472_/X (sky130_fd_sc_hd__a22o_2)
     1    0.00                           _122_ (net)
                  0.05    0.00    2.27 ^ _473_/C1 (sky130_fd_sc_hd__a221oi_2)
                  0.04    0.04    2.31 v _473_/Y (sky130_fd_sc_hd__a221oi_2)
     2    0.01                           _123_ (net)
                  0.04    0.00    2.31 v _474_/B (sky130_fd_sc_hd__xor2_2)
                  0.05    0.15    2.46 v _474_/X (sky130_fd_sc_hd__xor2_2)
     2    0.01                           _124_ (net)
                  0.05    0.00    2.46 v _499_/B_N (sky130_fd_sc_hd__or2b_2)
                  0.06    0.17    2.63 ^ _499_/X (sky130_fd_sc_hd__or2b_2)
     2    0.01                           _148_ (net)
                  0.06    0.00    2.63 ^ _500_/B1 (sky130_fd_sc_hd__o21ai_2)
                  0.05    0.06    2.69 v _500_/Y (sky130_fd_sc_hd__o21ai_2)
     1    0.01                           _149_ (net)
                  0.05    0.00    2.69 v _501_/B (sky130_fd_sc_hd__xnor2_2)
                  0.18    0.23    2.92 v _501_/Y (sky130_fd_sc_hd__xnor2_2)
     1    0.04                           P[11] (net)
                  0.18    0.00    2.92 v P[11] (out)
                                  2.92   data arrival time

                  0.00    0.00    0.00   clock clk (rise edge)
                          0.00    0.00   clock network delay (ideal)
                          0.25    0.25   clock uncertainty
                          0.00    0.25   clock reconvergence pessimism
                         -2.00   -1.75   output external delay
                                 -1.75   data required time
-----------------------------------------------------------------------------
                                 -1.75   data required time
                                 -2.92   data arrival time
-----------------------------------------------------------------------------
                                  4.67   slack (MET)


Startpoint: B[5] (input port clocked by clk)
Endpoint: P[14] (output port clocked by clk)
Path Group: clk
Path Type: min

Fanout     Cap    Slew   Delay    Time   Description
-----------------------------------------------------------------------------
                  0.00    0.00    0.00   clock clk (rise edge)
                          0.00    0.00   clock network delay (ideal)
                          2.00    2.00 v input external delay
                  0.07    0.04    2.04 v B[5] (in)
     6    0.03                           B[5] (net)
                  0.07    0.00    2.04 v _345_/A (sky130_fd_sc_hd__inv_2)
                  0.05    0.07    2.11 ^ _345_/Y (sky130_fd_sc_hd__inv_2)
     3    0.01                           _000_ (net)
                  0.05    0.00    2.11 ^ _502_/A1 (sky130_fd_sc_hd__a32o_2)
                  0.07    0.17    2.28 ^ _502_/X (sky130_fd_sc_hd__a32o_2)
     2    0.01                           _150_ (net)
                  0.07    0.00    2.28 ^ _503_/B1 (sky130_fd_sc_hd__a21oi_2)
                  0.04    0.05    2.33 v _503_/Y (sky130_fd_sc_hd__a21oi_2)
     2    0.01                           _151_ (net)
                  0.04    0.00    2.33 v _513_/A (sky130_fd_sc_hd__xnor2_2)
                  0.05    0.16    2.49 ^ _513_/Y (sky130_fd_sc_hd__xnor2_2)
     2    0.01                           _161_ (net)
                  0.05    0.00    2.49 ^ _517_/A (sky130_fd_sc_hd__nand2_2)
                  0.03    0.04    2.53 v _517_/Y (sky130_fd_sc_hd__nand2_2)
     1    0.00                           _165_ (net)
                  0.03    0.00    2.53 v _518_/B (sky130_fd_sc_hd__nand2_2)
                  0.11    0.11    2.63 ^ _518_/Y (sky130_fd_sc_hd__nand2_2)
     3    0.02                           _166_ (net)
                  0.11    0.00    2.63 ^ _560_/A1 (sky130_fd_sc_hd__o31ai_2)
                  0.06    0.11    2.74 v _560_/Y (sky130_fd_sc_hd__o31ai_2)
     2    0.01                           _206_ (net)
                  0.06    0.00    2.74 v _561_/B (sky130_fd_sc_hd__xor2_2)
                  0.13    0.22    2.96 v _561_/X (sky130_fd_sc_hd__xor2_2)
     1    0.05                           P[14] (net)
                  0.13    0.01    2.97 v P[14] (out)
                                  2.97   data arrival time

                  0.00    0.00    0.00   clock clk (rise edge)
                          0.00    0.00   clock network delay (ideal)
                          0.25    0.25   clock uncertainty
                          0.00    0.25   clock reconvergence pessimism
                         -2.00   -1.75   output external delay
                                 -1.75   data required time
-----------------------------------------------------------------------------
                                 -1.75   data required time
                                 -2.97   data arrival time
-----------------------------------------------------------------------------
                                  4.72   slack (MET)



