
===========================================================================
report_checks -path_delay max (Setup)
============================================================================
======================= Typical Corner ===================================

Startpoint: A[0] (input port clocked by clk)
Endpoint: P[15] (output port clocked by clk)
Path Group: clk
Path Type: max

Fanout     Cap    Slew   Delay    Time   Description
-----------------------------------------------------------------------------
                  0.00    0.00    0.00   clock clk (rise edge)
                          0.00    0.00   clock network delay (ideal)
                          2.00    2.00 v input external delay
                  0.05    0.04    2.04 v A[0] (in)
     5    0.02                           A[0] (net)
                  0.05    0.00    2.04 v _297_/A (sky130_fd_sc_hd__or4_2)
                  0.10    0.68    2.72 v _297_/X (sky130_fd_sc_hd__or4_2)
     1    0.00                           _231_ (net)
                  0.10    0.00    2.72 v _298_/A (sky130_fd_sc_hd__buf_1)
                  0.14    0.21    2.93 v _298_/X (sky130_fd_sc_hd__buf_1)
     7    0.02                           _232_ (net)
                  0.14    0.00    2.93 v _360_/D (sky130_fd_sc_hd__or4_2)
                  0.14    0.65    3.59 v _360_/X (sky130_fd_sc_hd__or4_2)
     3    0.01                           _014_ (net)
                  0.14    0.00    3.59 v _361_/B (sky130_fd_sc_hd__and3b_2)
                  0.05    0.26    3.84 v _361_/X (sky130_fd_sc_hd__and3b_2)
     2    0.01                           _015_ (net)
                  0.05    0.00    3.84 v _367_/A1 (sky130_fd_sc_hd__o31a_2)
                  0.06    0.37    4.22 v _367_/X (sky130_fd_sc_hd__o31a_2)
     3    0.01                           _021_ (net)
                  0.06    0.00    4.22 v _371_/A (sky130_fd_sc_hd__or3b_2)
                  0.09    0.52    4.74 v _371_/X (sky130_fd_sc_hd__or3b_2)
     3    0.01                           _025_ (net)
                  0.09    0.00    4.74 v _373_/B (sky130_fd_sc_hd__and3_2)
                  0.08    0.27    5.01 v _373_/X (sky130_fd_sc_hd__and3_2)
     5    0.02                           _027_ (net)
                  0.08    0.00    5.01 v _378_/A (sky130_fd_sc_hd__or3_2)
                  0.08    0.51    5.52 v _378_/X (sky130_fd_sc_hd__or3_2)
     2    0.00                           _032_ (net)
                  0.08    0.00    5.52 v _382_/A1 (sky130_fd_sc_hd__a21o_2)
                  0.04    0.22    5.74 v _382_/X (sky130_fd_sc_hd__a21o_2)
     2    0.01                           _036_ (net)
                  0.04    0.00    5.74 v _415_/A1 (sky130_fd_sc_hd__a21oi_2)
                  0.20    0.22    5.95 ^ _415_/Y (sky130_fd_sc_hd__a21oi_2)
     2    0.01                           _068_ (net)
                  0.20    0.00    5.95 ^ _436_/A2 (sky130_fd_sc_hd__a21oi_2)
                  0.10    0.15    6.10 v _436_/Y (sky130_fd_sc_hd__a21oi_2)
     4    0.02                           _088_ (net)
                  0.10    0.00    6.10 v _524_/B2 (sky130_fd_sc_hd__a221oi_2)
                  0.45    0.47    6.57 ^ _524_/Y (sky130_fd_sc_hd__a221oi_2)
     3    0.02                           _172_ (net)
                  0.45    0.00    6.58 ^ _560_/A2 (sky130_fd_sc_hd__o31ai_2)
                  0.11    0.17    6.74 v _560_/Y (sky130_fd_sc_hd__o31ai_2)
     2    0.01                           _206_ (net)
                  0.11    0.00    6.74 v _562_/A2 (sky130_fd_sc_hd__a21o_2)
                  0.06    0.27    7.01 v _562_/X (sky130_fd_sc_hd__a21o_2)
     1    0.01                           _207_ (net)
                  0.06    0.00    7.01 v _568_/A (sky130_fd_sc_hd__xnor2_2)
                  0.45    0.42    7.43 ^ _568_/Y (sky130_fd_sc_hd__xnor2_2)
     1    0.03                           P[15] (net)
                  0.45    0.00    7.43 ^ P[15] (out)
                                  7.43   data arrival time

                  0.00   10.00   10.00   clock clk (rise edge)
                          0.00   10.00   clock network delay (ideal)
                         -0.25    9.75   clock uncertainty
                          0.00    9.75   clock reconvergence pessimism
                         -2.00    7.75   output external delay
                                  7.75   data required time
-----------------------------------------------------------------------------
                                  7.75   data required time
                                 -7.43   data arrival time
-----------------------------------------------------------------------------
                                  0.32   slack (MET)


Startpoint: A[0] (input port clocked by clk)
Endpoint: P[14] (output port clocked by clk)
Path Group: clk
Path Type: max

Fanout     Cap    Slew   Delay    Time   Description
-----------------------------------------------------------------------------
                  0.00    0.00    0.00   clock clk (rise edge)
                          0.00    0.00   clock network delay (ideal)
                          2.00    2.00 v input external delay
                  0.05    0.04    2.04 v A[0] (in)
     5    0.02                           A[0] (net)
                  0.05    0.00    2.04 v _297_/A (sky130_fd_sc_hd__or4_2)
                  0.10    0.68    2.72 v _297_/X (sky130_fd_sc_hd__or4_2)
     1    0.00                           _231_ (net)
                  0.10    0.00    2.72 v _298_/A (sky130_fd_sc_hd__buf_1)
                  0.14    0.21    2.93 v _298_/X (sky130_fd_sc_hd__buf_1)
     7    0.02                           _232_ (net)
                  0.14    0.00    2.93 v _360_/D (sky130_fd_sc_hd__or4_2)
                  0.14    0.65    3.59 v _360_/X (sky130_fd_sc_hd__or4_2)
     3    0.01                           _014_ (net)
                  0.14    0.00    3.59 v _361_/B (sky130_fd_sc_hd__and3b_2)
                  0.05    0.26    3.84 v _361_/X (sky130_fd_sc_hd__and3b_2)
     2    0.01                           _015_ (net)
                  0.05    0.00    3.84 v _367_/A1 (sky130_fd_sc_hd__o31a_2)
                  0.06    0.37    4.22 v _367_/X (sky130_fd_sc_hd__o31a_2)
     3    0.01                           _021_ (net)
                  0.06    0.00    4.22 v _371_/A (sky130_fd_sc_hd__or3b_2)
                  0.09    0.52    4.74 v _371_/X (sky130_fd_sc_hd__or3b_2)
     3    0.01                           _025_ (net)
                  0.09    0.00    4.74 v _373_/B (sky130_fd_sc_hd__and3_2)
                  0.08    0.27    5.01 v _373_/X (sky130_fd_sc_hd__and3_2)
     5    0.02                           _027_ (net)
                  0.08    0.00    5.01 v _378_/A (sky130_fd_sc_hd__or3_2)
                  0.08    0.51    5.52 v _378_/X (sky130_fd_sc_hd__or3_2)
     2    0.00                           _032_ (net)
                  0.08    0.00    5.52 v _382_/A1 (sky130_fd_sc_hd__a21o_2)
                  0.04    0.22    5.74 v _382_/X (sky130_fd_sc_hd__a21o_2)
     2    0.01                           _036_ (net)
                  0.04    0.00    5.74 v _415_/A1 (sky130_fd_sc_hd__a21oi_2)
                  0.20    0.22    5.95 ^ _415_/Y (sky130_fd_sc_hd__a21oi_2)
     2    0.01                           _068_ (net)
                  0.20    0.00    5.95 ^ _436_/A2 (sky130_fd_sc_hd__a21oi_2)
                  0.10    0.15    6.10 v _436_/Y (sky130_fd_sc_hd__a21oi_2)
     4    0.02                           _088_ (net)
                  0.10    0.00    6.10 v _524_/B2 (sky130_fd_sc_hd__a221oi_2)
                  0.45    0.47    6.57 ^ _524_/Y (sky130_fd_sc_hd__a221oi_2)
     3    0.02                           _172_ (net)
                  0.45    0.00    6.58 ^ _560_/A2 (sky130_fd_sc_hd__o31ai_2)
                  0.11    0.17    6.74 v _560_/Y (sky130_fd_sc_hd__o31ai_2)
     2    0.01                           _206_ (net)
                  0.11    0.00    6.74 v _561_/B (sky130_fd_sc_hd__xor2_2)
                  0.55    0.50    7.24 ^ _561_/X (sky130_fd_sc_hd__xor2_2)
     1    0.05                           P[14] (net)
                  0.55    0.01    7.24 ^ P[14] (out)
                                  7.24   data arrival time

                  0.00   10.00   10.00   clock clk (rise edge)
                          0.00   10.00   clock network delay (ideal)
                         -0.25    9.75   clock uncertainty
                          0.00    9.75   clock reconvergence pessimism
                         -2.00    7.75   output external delay
                                  7.75   data required time
-----------------------------------------------------------------------------
                                  7.75   data required time
                                 -7.24   data arrival time
-----------------------------------------------------------------------------
                                  0.51   slack (MET)


Startpoint: A[0] (input port clocked by clk)
Endpoint: P[13] (output port clocked by clk)
Path Group: clk
Path Type: max

Fanout     Cap    Slew   Delay    Time   Description
-----------------------------------------------------------------------------
                  0.00    0.00    0.00   clock clk (rise edge)
                          0.00    0.00   clock network delay (ideal)
                          2.00    2.00 v input external delay
                  0.05    0.04    2.04 v A[0] (in)
     5    0.02                           A[0] (net)
                  0.05    0.00    2.04 v _297_/A (sky130_fd_sc_hd__or4_2)
                  0.10    0.68    2.72 v _297_/X (sky130_fd_sc_hd__or4_2)
     1    0.00                           _231_ (net)
                  0.10    0.00    2.72 v _298_/A (sky130_fd_sc_hd__buf_1)
                  0.14    0.21    2.93 v _298_/X (sky130_fd_sc_hd__buf_1)
     7    0.02                           _232_ (net)
                  0.14    0.00    2.93 v _360_/D (sky130_fd_sc_hd__or4_2)
                  0.14    0.65    3.59 v _360_/X (sky130_fd_sc_hd__or4_2)
     3    0.01                           _014_ (net)
                  0.14    0.00    3.59 v _361_/B (sky130_fd_sc_hd__and3b_2)
                  0.05    0.26    3.84 v _361_/X (sky130_fd_sc_hd__and3b_2)
     2    0.01                           _015_ (net)
                  0.05    0.00    3.84 v _367_/A1 (sky130_fd_sc_hd__o31a_2)
                  0.06    0.37    4.22 v _367_/X (sky130_fd_sc_hd__o31a_2)
     3    0.01                           _021_ (net)
                  0.06    0.00    4.22 v _371_/A (sky130_fd_sc_hd__or3b_2)
                  0.09    0.52    4.74 v _371_/X (sky130_fd_sc_hd__or3b_2)
     3    0.01                           _025_ (net)
                  0.09    0.00    4.74 v _373_/B (sky130_fd_sc_hd__and3_2)
                  0.08    0.27    5.01 v _373_/X (sky130_fd_sc_hd__and3_2)
     5    0.02                           _027_ (net)
                  0.08    0.00    5.01 v _378_/A (sky130_fd_sc_hd__or3_2)
                  0.08    0.51    5.52 v _378_/X (sky130_fd_sc_hd__or3_2)
     2    0.00                           _032_ (net)
                  0.08    0.00    5.52 v _382_/A1 (sky130_fd_sc_hd__a21o_2)
                  0.04    0.22    5.74 v _382_/X (sky130_fd_sc_hd__a21o_2)
     2    0.01                           _036_ (net)
                  0.04    0.00    5.74 v _415_/A1 (sky130_fd_sc_hd__a21oi_2)
                  0.20    0.22    5.95 ^ _415_/Y (sky130_fd_sc_hd__a21oi_2)
     2    0.01                           _068_ (net)
                  0.20    0.00    5.95 ^ _436_/A2 (sky130_fd_sc_hd__a21oi_2)
                  0.10    0.15    6.10 v _436_/Y (sky130_fd_sc_hd__a21oi_2)
     4    0.02                           _088_ (net)
                  0.10    0.00    6.10 v _524_/B2 (sky130_fd_sc_hd__a221oi_2)
                  0.45    0.47    6.57 ^ _524_/Y (sky130_fd_sc_hd__a221oi_2)
     3    0.02                           _172_ (net)
                  0.45    0.00    6.58 ^ _541_/A2 (sky130_fd_sc_hd__o21ai_2)
                  0.09    0.12    6.70 v _541_/Y (sky130_fd_sc_hd__o21ai_2)
     1    0.01                           _188_ (net)
                  0.09    0.00    6.70 v _542_/B (sky130_fd_sc_hd__xnor2_2)
                  0.46    0.42    7.11 ^ _542_/Y (sky130_fd_sc_hd__xnor2_2)
     1    0.04                           P[13] (net)
                  0.46    0.00    7.11 ^ P[13] (out)
                                  7.11   data arrival time

                  0.00   10.00   10.00   clock clk (rise edge)
                          0.00   10.00   clock network delay (ideal)
                         -0.25    9.75   clock uncertainty
                          0.00    9.75   clock reconvergence pessimism
                         -2.00    7.75   output external delay
                                  7.75   data required time
-----------------------------------------------------------------------------
                                  7.75   data required time
                                 -7.11   data arrival time
-----------------------------------------------------------------------------
                                  0.64   slack (MET)


Startpoint: A[0] (input port clocked by clk)
Endpoint: P[12] (output port clocked by clk)
Path Group: clk
Path Type: max

Fanout     Cap    Slew   Delay    Time   Description
-----------------------------------------------------------------------------
                  0.00    0.00    0.00   clock clk (rise edge)
                          0.00    0.00   clock network delay (ideal)
                          2.00    2.00 v input external delay
                  0.05    0.04    2.04 v A[0] (in)
     5    0.02                           A[0] (net)
                  0.05    0.00    2.04 v _297_/A (sky130_fd_sc_hd__or4_2)
                  0.10    0.68    2.72 v _297_/X (sky130_fd_sc_hd__or4_2)
     1    0.00                           _231_ (net)
                  0.10    0.00    2.72 v _298_/A (sky130_fd_sc_hd__buf_1)
                  0.14    0.21    2.93 v _298_/X (sky130_fd_sc_hd__buf_1)
     7    0.02                           _232_ (net)
                  0.14    0.00    2.93 v _360_/D (sky130_fd_sc_hd__or4_2)
                  0.14    0.65    3.59 v _360_/X (sky130_fd_sc_hd__or4_2)
     3    0.01                           _014_ (net)
                  0.14    0.00    3.59 v _361_/B (sky130_fd_sc_hd__and3b_2)
                  0.05    0.26    3.84 v _361_/X (sky130_fd_sc_hd__and3b_2)
     2    0.01                           _015_ (net)
                  0.05    0.00    3.84 v _367_/A1 (sky130_fd_sc_hd__o31a_2)
                  0.06    0.37    4.22 v _367_/X (sky130_fd_sc_hd__o31a_2)
     3    0.01                           _021_ (net)
                  0.06    0.00    4.22 v _371_/A (sky130_fd_sc_hd__or3b_2)
                  0.09    0.52    4.74 v _371_/X (sky130_fd_sc_hd__or3b_2)
     3    0.01                           _025_ (net)
                  0.09    0.00    4.74 v _373_/B (sky130_fd_sc_hd__and3_2)
                  0.08    0.27    5.01 v _373_/X (sky130_fd_sc_hd__and3_2)
     5    0.02                           _027_ (net)
                  0.08    0.00    5.01 v _378_/A (sky130_fd_sc_hd__or3_2)
                  0.08    0.51    5.52 v _378_/X (sky130_fd_sc_hd__or3_2)
     2    0.00                           _032_ (net)
                  0.08    0.00    5.52 v _382_/A1 (sky130_fd_sc_hd__a21o_2)
                  0.04    0.22    5.74 v _382_/X (sky130_fd_sc_hd__a21o_2)
     2    0.01                           _036_ (net)
                  0.04    0.00    5.74 v _415_/A1 (sky130_fd_sc_hd__a21oi_2)
                  0.20    0.22    5.95 ^ _415_/Y (sky130_fd_sc_hd__a21oi_2)
     2    0.01                           _068_ (net)
                  0.20    0.00    5.95 ^ _436_/A2 (sky130_fd_sc_hd__a21oi_2)
                  0.10    0.15    6.10 v _436_/Y (sky130_fd_sc_hd__a21oi_2)
     4    0.02                           _088_ (net)
                  0.10    0.00    6.10 v _524_/B2 (sky130_fd_sc_hd__a221oi_2)
                  0.45    0.47    6.57 ^ _524_/Y (sky130_fd_sc_hd__a221oi_2)
     3    0.02                           _172_ (net)
                  0.45    0.00    6.58 ^ _525_/B (sky130_fd_sc_hd__xor2_2)
                  0.44    0.44    7.02 ^ _525_/X (sky130_fd_sc_hd__xor2_2)
     1    0.04                           P[12] (net)
                  0.44    0.00    7.02 ^ P[12] (out)
                                  7.02   data arrival time

                  0.00   10.00   10.00   clock clk (rise edge)
                          0.00   10.00   clock network delay (ideal)
                         -0.25    9.75   clock uncertainty
                          0.00    9.75   clock reconvergence pessimism
                         -2.00    7.75   output external delay
                                  7.75   data required time
-----------------------------------------------------------------------------
                                  7.75   data required time
                                 -7.02   data arrival time
-----------------------------------------------------------------------------
                                  0.73   slack (MET)


Startpoint: A[0] (input port clocked by clk)
Endpoint: P[11] (output port clocked by clk)
Path Group: clk
Path Type: max

Fanout     Cap    Slew   Delay    Time   Description
-----------------------------------------------------------------------------
                  0.00    0.00    0.00   clock clk (rise edge)
                          0.00    0.00   clock network delay (ideal)
                          2.00    2.00 v input external delay
                  0.05    0.04    2.04 v A[0] (in)
     5    0.02                           A[0] (net)
                  0.05    0.00    2.04 v _297_/A (sky130_fd_sc_hd__or4_2)
                  0.10    0.68    2.72 v _297_/X (sky130_fd_sc_hd__or4_2)
     1    0.00                           _231_ (net)
                  0.10    0.00    2.72 v _298_/A (sky130_fd_sc_hd__buf_1)
                  0.14    0.21    2.93 v _298_/X (sky130_fd_sc_hd__buf_1)
     7    0.02                           _232_ (net)
                  0.14    0.00    2.93 v _360_/D (sky130_fd_sc_hd__or4_2)
                  0.14    0.65    3.59 v _360_/X (sky130_fd_sc_hd__or4_2)
     3    0.01                           _014_ (net)
                  0.14    0.00    3.59 v _361_/B (sky130_fd_sc_hd__and3b_2)
                  0.05    0.26    3.84 v _361_/X (sky130_fd_sc_hd__and3b_2)
     2    0.01                           _015_ (net)
                  0.05    0.00    3.84 v _367_/A1 (sky130_fd_sc_hd__o31a_2)
                  0.06    0.37    4.22 v _367_/X (sky130_fd_sc_hd__o31a_2)
     3    0.01                           _021_ (net)
                  0.06    0.00    4.22 v _371_/A (sky130_fd_sc_hd__or3b_2)
                  0.09    0.52    4.74 v _371_/X (sky130_fd_sc_hd__or3b_2)
     3    0.01                           _025_ (net)
                  0.09    0.00    4.74 v _373_/B (sky130_fd_sc_hd__and3_2)
                  0.08    0.27    5.01 v _373_/X (sky130_fd_sc_hd__and3_2)
     5    0.02                           _027_ (net)
                  0.08    0.00    5.01 v _378_/A (sky130_fd_sc_hd__or3_2)
                  0.08    0.51    5.52 v _378_/X (sky130_fd_sc_hd__or3_2)
     2    0.00                           _032_ (net)
                  0.08    0.00    5.52 v _382_/A1 (sky130_fd_sc_hd__a21o_2)
                  0.04    0.22    5.74 v _382_/X (sky130_fd_sc_hd__a21o_2)
     2    0.01                           _036_ (net)
                  0.04    0.00    5.74 v _415_/A1 (sky130_fd_sc_hd__a21oi_2)
                  0.20    0.22    5.95 ^ _415_/Y (sky130_fd_sc_hd__a21oi_2)
     2    0.01                           _068_ (net)
                  0.20    0.00    5.95 ^ _436_/A2 (sky130_fd_sc_hd__a21oi_2)
                  0.10    0.15    6.10 v _436_/Y (sky130_fd_sc_hd__a21oi_2)
     4    0.02                           _088_ (net)
                  0.10    0.00    6.10 v _482_/A1 (sky130_fd_sc_hd__a21oi_2)
                  0.20    0.24    6.34 ^ _482_/Y (sky130_fd_sc_hd__a21oi_2)
     2    0.01                           _132_ (net)
                  0.20    0.00    6.34 ^ _500_/A2 (sky130_fd_sc_hd__o21ai_2)
                  0.08    0.10    6.44 v _500_/Y (sky130_fd_sc_hd__o21ai_2)
     1    0.01                           _149_ (net)
                  0.08    0.00    6.44 v _501_/B (sky130_fd_sc_hd__xnor2_2)
                  0.53    0.46    6.90 ^ _501_/Y (sky130_fd_sc_hd__xnor2_2)
     1    0.04                           P[11] (net)
                  0.53    0.00    6.90 ^ P[11] (out)
                                  6.90   data arrival time

                  0.00   10.00   10.00   clock clk (rise edge)
                          0.00   10.00   clock network delay (ideal)
                         -0.25    9.75   clock uncertainty
                          0.00    9.75   clock reconvergence pessimism
                         -2.00    7.75   output external delay
                                  7.75   data required time
-----------------------------------------------------------------------------
                                  7.75   data required time
                                 -6.90   data arrival time
-----------------------------------------------------------------------------
                                  0.85   slack (MET)


Startpoint: A[0] (input port clocked by clk)
Endpoint: P[9] (output port clocked by clk)
Path Group: clk
Path Type: max

Fanout     Cap    Slew   Delay    Time   Description
-----------------------------------------------------------------------------
                  0.00    0.00    0.00   clock clk (rise edge)
                          0.00    0.00   clock network delay (ideal)
                          2.00    2.00 v input external delay
                  0.05    0.04    2.04 v A[0] (in)
     5    0.02                           A[0] (net)
                  0.05    0.00    2.04 v _297_/A (sky130_fd_sc_hd__or4_2)
                  0.10    0.68    2.72 v _297_/X (sky130_fd_sc_hd__or4_2)
     1    0.00                           _231_ (net)
                  0.10    0.00    2.72 v _298_/A (sky130_fd_sc_hd__buf_1)
                  0.14    0.21    2.93 v _298_/X (sky130_fd_sc_hd__buf_1)
     7    0.02                           _232_ (net)
                  0.14    0.00    2.93 v _360_/D (sky130_fd_sc_hd__or4_2)
                  0.14    0.65    3.59 v _360_/X (sky130_fd_sc_hd__or4_2)
     3    0.01                           _014_ (net)
                  0.14    0.00    3.59 v _361_/B (sky130_fd_sc_hd__and3b_2)
                  0.05    0.26    3.84 v _361_/X (sky130_fd_sc_hd__and3b_2)
     2    0.01                           _015_ (net)
                  0.05    0.00    3.84 v _367_/A1 (sky130_fd_sc_hd__o31a_2)
                  0.06    0.37    4.22 v _367_/X (sky130_fd_sc_hd__o31a_2)
     3    0.01                           _021_ (net)
                  0.06    0.00    4.22 v _371_/A (sky130_fd_sc_hd__or3b_2)
                  0.09    0.52    4.74 v _371_/X (sky130_fd_sc_hd__or3b_2)
     3    0.01                           _025_ (net)
                  0.09    0.00    4.74 v _373_/B (sky130_fd_sc_hd__and3_2)
                  0.08    0.27    5.01 v _373_/X (sky130_fd_sc_hd__and3_2)
     5    0.02                           _027_ (net)
                  0.08    0.00    5.01 v _378_/A (sky130_fd_sc_hd__or3_2)
                  0.08    0.51    5.52 v _378_/X (sky130_fd_sc_hd__or3_2)
     2    0.00                           _032_ (net)
                  0.08    0.00    5.52 v _382_/A1 (sky130_fd_sc_hd__a21o_2)
                  0.04    0.22    5.74 v _382_/X (sky130_fd_sc_hd__a21o_2)
     2    0.01                           _036_ (net)
                  0.04    0.00    5.74 v _415_/A1 (sky130_fd_sc_hd__a21oi_2)
                  0.20    0.22    5.95 ^ _415_/Y (sky130_fd_sc_hd__a21oi_2)
     2    0.01                           _068_ (net)
                  0.20    0.00    5.95 ^ _436_/A2 (sky130_fd_sc_hd__a21oi_2)
                  0.10    0.15    6.10 v _436_/Y (sky130_fd_sc_hd__a21oi_2)
     4    0.02                           _088_ (net)
                  0.10    0.00    6.10 v _457_/B_N (sky130_fd_sc_hd__or2b_2)
                  0.04    0.19    6.30 ^ _457_/X (sky130_fd_sc_hd__or2b_2)
     1    0.00                           _108_ (net)
                  0.04    0.00    6.30 ^ _458_/B1 (sky130_fd_sc_hd__o21ai_2)
                  0.07    0.06    6.36 v _458_/Y (sky130_fd_sc_hd__o21ai_2)
     1    0.01                           _109_ (net)
                  0.07    0.00    6.36 v _459_/B (sky130_fd_sc_hd__xnor2_2)
                  0.52    0.45    6.81 ^ _459_/Y (sky130_fd_sc_hd__xnor2_2)
     1    0.04                           P[9] (net)
                  0.52    0.00    6.81 ^ P[9] (out)
                                  6.81   data arrival time

                  0.00   10.00   10.00   clock clk (rise edge)
                          0.00   10.00   clock network delay (ideal)
                         -0.25    9.75   clock uncertainty
                          0.00    9.75   clock reconvergence pessimism
                         -2.00    7.75   output external delay
                                  7.75   data required time
-----------------------------------------------------------------------------
                                  7.75   data required time
                                 -6.81   data arrival time
-----------------------------------------------------------------------------
                                  0.94   slack (MET)


Startpoint: A[0] (input port clocked by clk)
Endpoint: P[10] (output port clocked by clk)
Path Group: clk
Path Type: max

Fanout     Cap    Slew   Delay    Time   Description
-----------------------------------------------------------------------------
                  0.00    0.00    0.00   clock clk (rise edge)
                          0.00    0.00   clock network delay (ideal)
                          2.00    2.00 v input external delay
                  0.05    0.04    2.04 v A[0] (in)
     5    0.02                           A[0] (net)
                  0.05    0.00    2.04 v _297_/A (sky130_fd_sc_hd__or4_2)
                  0.10    0.68    2.72 v _297_/X (sky130_fd_sc_hd__or4_2)
     1    0.00                           _231_ (net)
                  0.10    0.00    2.72 v _298_/A (sky130_fd_sc_hd__buf_1)
                  0.14    0.21    2.93 v _298_/X (sky130_fd_sc_hd__buf_1)
     7    0.02                           _232_ (net)
                  0.14    0.00    2.93 v _360_/D (sky130_fd_sc_hd__or4_2)
                  0.14    0.65    3.59 v _360_/X (sky130_fd_sc_hd__or4_2)
     3    0.01                           _014_ (net)
                  0.14    0.00    3.59 v _361_/B (sky130_fd_sc_hd__and3b_2)
                  0.05    0.26    3.84 v _361_/X (sky130_fd_sc_hd__and3b_2)
     2    0.01                           _015_ (net)
                  0.05    0.00    3.84 v _367_/A1 (sky130_fd_sc_hd__o31a_2)
                  0.06    0.37    4.22 v _367_/X (sky130_fd_sc_hd__o31a_2)
     3    0.01                           _021_ (net)
                  0.06    0.00    4.22 v _371_/A (sky130_fd_sc_hd__or3b_2)
                  0.09    0.52    4.74 v _371_/X (sky130_fd_sc_hd__or3b_2)
     3    0.01                           _025_ (net)
                  0.09    0.00    4.74 v _373_/B (sky130_fd_sc_hd__and3_2)
                  0.08    0.27    5.01 v _373_/X (sky130_fd_sc_hd__and3_2)
     5    0.02                           _027_ (net)
                  0.08    0.00    5.01 v _378_/A (sky130_fd_sc_hd__or3_2)
                  0.08    0.51    5.52 v _378_/X (sky130_fd_sc_hd__or3_2)
     2    0.00                           _032_ (net)
                  0.08    0.00    5.52 v _382_/A1 (sky130_fd_sc_hd__a21o_2)
                  0.04    0.22    5.74 v _382_/X (sky130_fd_sc_hd__a21o_2)
     2    0.01                           _036_ (net)
                  0.04    0.00    5.74 v _415_/A1 (sky130_fd_sc_hd__a21oi_2)
                  0.20    0.22    5.95 ^ _415_/Y (sky130_fd_sc_hd__a21oi_2)
     2    0.01                           _068_ (net)
                  0.20    0.00    5.95 ^ _436_/A2 (sky130_fd_sc_hd__a21oi_2)
                  0.10    0.15    6.10 v _436_/Y (sky130_fd_sc_hd__a21oi_2)
     4    0.02                           _088_ (net)
                  0.10    0.00    6.10 v _482_/A1 (sky130_fd_sc_hd__a21oi_2)
                  0.20    0.24    6.34 ^ _482_/Y (sky130_fd_sc_hd__a21oi_2)
     2    0.01                           _132_ (net)
                  0.20    0.00    6.34 ^ _483_/B (sky130_fd_sc_hd__xor2_2)
                  0.49    0.46    6.80 ^ _483_/X (sky130_fd_sc_hd__xor2_2)
     1    0.04                           P[10] (net)
                  0.49    0.00    6.80 ^ P[10] (out)
                                  6.80   data arrival time

                  0.00   10.00   10.00   clock clk (rise edge)
                          0.00   10.00   clock network delay (ideal)
                         -0.25    9.75   clock uncertainty
                          0.00    9.75   clock reconvergence pessimism
                         -2.00    7.75   output external delay
                                  7.75   data required time
-----------------------------------------------------------------------------
                                  7.75   data required time
                                 -6.80   data arrival time
-----------------------------------------------------------------------------
                                  0.95   slack (MET)


Startpoint: A[0] (input port clocked by clk)
Endpoint: P[6] (output port clocked by clk)
Path Group: clk
Path Type: max

Fanout     Cap    Slew   Delay    Time   Description
-----------------------------------------------------------------------------
                  0.00    0.00    0.00   clock clk (rise edge)
                          0.00    0.00   clock network delay (ideal)
                          2.00    2.00 v input external delay
                  0.05    0.04    2.04 v A[0] (in)
     5    0.02                           A[0] (net)
                  0.05    0.00    2.04 v _297_/A (sky130_fd_sc_hd__or4_2)
                  0.10    0.68    2.72 v _297_/X (sky130_fd_sc_hd__or4_2)
     1    0.00                           _231_ (net)
                  0.10    0.00    2.72 v _298_/A (sky130_fd_sc_hd__buf_1)
                  0.14    0.21    2.93 v _298_/X (sky130_fd_sc_hd__buf_1)
     7    0.02                           _232_ (net)
                  0.14    0.00    2.93 v _360_/D (sky130_fd_sc_hd__or4_2)
                  0.14    0.65    3.59 v _360_/X (sky130_fd_sc_hd__or4_2)
     3    0.01                           _014_ (net)
                  0.14    0.00    3.59 v _361_/B (sky130_fd_sc_hd__and3b_2)
                  0.05    0.26    3.84 v _361_/X (sky130_fd_sc_hd__and3b_2)
     2    0.01                           _015_ (net)
                  0.05    0.00    3.84 v _367_/A1 (sky130_fd_sc_hd__o31a_2)
                  0.06    0.37    4.22 v _367_/X (sky130_fd_sc_hd__o31a_2)
     3    0.01                           _021_ (net)
                  0.06    0.00    4.22 v _371_/A (sky130_fd_sc_hd__or3b_2)
                  0.09    0.52    4.74 v _371_/X (sky130_fd_sc_hd__or3b_2)
     3    0.01                           _025_ (net)
                  0.09    0.00    4.74 v _373_/B (sky130_fd_sc_hd__and3_2)
                  0.08    0.27    5.01 v _373_/X (sky130_fd_sc_hd__and3_2)
     5    0.02                           _027_ (net)
                  0.08    0.00    5.01 v _378_/A (sky130_fd_sc_hd__or3_2)
                  0.08    0.51    5.52 v _378_/X (sky130_fd_sc_hd__or3_2)
     2    0.00                           _032_ (net)
                  0.08    0.00    5.52 v _381_/A (sky130_fd_sc_hd__and3_2)
                  0.05    0.21    5.73 v _381_/X (sky130_fd_sc_hd__and3_2)
     2    0.01                           _035_ (net)
                  0.05    0.00    5.73 v _383_/A (sky130_fd_sc_hd__or2b_2)
                  0.07    0.32    6.05 v _383_/X (sky130_fd_sc_hd__or2b_2)
     1    0.01                           _037_ (net)
                  0.07    0.00    6.05 v _385_/A (sky130_fd_sc_hd__xnor2_2)
                  0.56    0.50    6.55 ^ _385_/Y (sky130_fd_sc_hd__xnor2_2)
     1    0.04                           P[6] (net)
                  0.56    0.00    6.56 ^ P[6] (out)
                                  6.56   data arrival time

                  0.00   10.00   10.00   clock clk (rise edge)
                          0.00   10.00   clock network delay (ideal)
                         -0.25    9.75   clock uncertainty
                          0.00    9.75   clock reconvergence pessimism
                         -2.00    7.75   output external delay
                                  7.75   data required time
-----------------------------------------------------------------------------
                                  7.75   data required time
                                 -6.56   data arrival time
-----------------------------------------------------------------------------
                                  1.19   slack (MET)


Startpoint: A[0] (input port clocked by clk)
Endpoint: P[8] (output port clocked by clk)
Path Group: clk
Path Type: max

Fanout     Cap    Slew   Delay    Time   Description
-----------------------------------------------------------------------------
                  0.00    0.00    0.00   clock clk (rise edge)
                          0.00    0.00   clock network delay (ideal)
                          2.00    2.00 v input external delay
                  0.05    0.04    2.04 v A[0] (in)
     5    0.02                           A[0] (net)
                  0.05    0.00    2.04 v _297_/A (sky130_fd_sc_hd__or4_2)
                  0.10    0.68    2.72 v _297_/X (sky130_fd_sc_hd__or4_2)
     1    0.00                           _231_ (net)
                  0.10    0.00    2.72 v _298_/A (sky130_fd_sc_hd__buf_1)
                  0.14    0.21    2.93 v _298_/X (sky130_fd_sc_hd__buf_1)
     7    0.02                           _232_ (net)
                  0.14    0.00    2.93 v _360_/D (sky130_fd_sc_hd__or4_2)
                  0.14    0.65    3.59 v _360_/X (sky130_fd_sc_hd__or4_2)
     3    0.01                           _014_ (net)
                  0.14    0.00    3.59 v _361_/B (sky130_fd_sc_hd__and3b_2)
                  0.05    0.26    3.84 v _361_/X (sky130_fd_sc_hd__and3b_2)
     2    0.01                           _015_ (net)
                  0.05    0.00    3.84 v _367_/A1 (sky130_fd_sc_hd__o31a_2)
                  0.06    0.37    4.22 v _367_/X (sky130_fd_sc_hd__o31a_2)
     3    0.01                           _021_ (net)
                  0.06    0.00    4.22 v _371_/A (sky130_fd_sc_hd__or3b_2)
                  0.09    0.52    4.74 v _371_/X (sky130_fd_sc_hd__or3b_2)
     3    0.01                           _025_ (net)
                  0.09    0.00    4.74 v _373_/B (sky130_fd_sc_hd__and3_2)
                  0.08    0.27    5.01 v _373_/X (sky130_fd_sc_hd__and3_2)
     5    0.02                           _027_ (net)
                  0.08    0.00    5.01 v _378_/A (sky130_fd_sc_hd__or3_2)
                  0.08    0.51    5.52 v _378_/X (sky130_fd_sc_hd__or3_2)
     2    0.00                           _032_ (net)
                  0.08    0.00    5.52 v _382_/A1 (sky130_fd_sc_hd__a21o_2)
                  0.04    0.22    5.74 v _382_/X (sky130_fd_sc_hd__a21o_2)
     2    0.01                           _036_ (net)
                  0.04    0.00    5.74 v _415_/A1 (sky130_fd_sc_hd__a21oi_2)
                  0.20    0.22    5.95 ^ _415_/Y (sky130_fd_sc_hd__a21oi_2)
     2    0.01                           _068_ (net)
                  0.20    0.00    5.95 ^ _436_/A2 (sky130_fd_sc_hd__a21oi_2)
                  0.10    0.15    6.10 v _436_/Y (sky130_fd_sc_hd__a21oi_2)
     4    0.02                           _088_ (net)
                  0.10    0.00    6.10 v _437_/B (sky130_fd_sc_hd__xnor2_2)
                  0.50    0.45    6.55 ^ _437_/Y (sky130_fd_sc_hd__xnor2_2)
     1    0.04                           P[8] (net)
                  0.50    0.00    6.55 ^ P[8] (out)
                                  6.55   data arrival time

                  0.00   10.00   10.00   clock clk (rise edge)
                          0.00   10.00   clock network delay (ideal)
                         -0.25    9.75   clock uncertainty
                          0.00    9.75   clock reconvergence pessimism
                         -2.00    7.75   output external delay
                                  7.75   data required time
-----------------------------------------------------------------------------
                                  7.75   data required time
                                 -6.55   data arrival time
-----------------------------------------------------------------------------
                                  1.20   slack (MET)


Startpoint: A[0] (input port clocked by clk)
Endpoint: P[7] (output port clocked by clk)
Path Group: clk
Path Type: max

Fanout     Cap    Slew   Delay    Time   Description
-----------------------------------------------------------------------------
                  0.00    0.00    0.00   clock clk (rise edge)
                          0.00    0.00   clock network delay (ideal)
                          2.00    2.00 v input external delay
                  0.05    0.04    2.04 v A[0] (in)
     5    0.02                           A[0] (net)
                  0.05    0.00    2.04 v _297_/A (sky130_fd_sc_hd__or4_2)
                  0.10    0.68    2.72 v _297_/X (sky130_fd_sc_hd__or4_2)
     1    0.00                           _231_ (net)
                  0.10    0.00    2.72 v _298_/A (sky130_fd_sc_hd__buf_1)
                  0.14    0.21    2.93 v _298_/X (sky130_fd_sc_hd__buf_1)
     7    0.02                           _232_ (net)
                  0.14    0.00    2.93 v _360_/D (sky130_fd_sc_hd__or4_2)
                  0.14    0.65    3.59 v _360_/X (sky130_fd_sc_hd__or4_2)
     3    0.01                           _014_ (net)
                  0.14    0.00    3.59 v _361_/B (sky130_fd_sc_hd__and3b_2)
                  0.05    0.26    3.84 v _361_/X (sky130_fd_sc_hd__and3b_2)
     2    0.01                           _015_ (net)
                  0.05    0.00    3.84 v _367_/A1 (sky130_fd_sc_hd__o31a_2)
                  0.06    0.37    4.22 v _367_/X (sky130_fd_sc_hd__o31a_2)
     3    0.01                           _021_ (net)
                  0.06    0.00    4.22 v _371_/A (sky130_fd_sc_hd__or3b_2)
                  0.09    0.52    4.74 v _371_/X (sky130_fd_sc_hd__or3b_2)
     3    0.01                           _025_ (net)
                  0.09    0.00    4.74 v _407_/B (sky130_fd_sc_hd__and2b_2)
                  0.06    0.25    4.99 v _407_/X (sky130_fd_sc_hd__and2b_2)
     2    0.01                           _060_ (net)
                  0.06    0.00    4.99 v _408_/B (sky130_fd_sc_hd__xnor2_2)
                  0.09    0.17    5.15 v _408_/Y (sky130_fd_sc_hd__xnor2_2)
     2    0.01                           _061_ (net)
                  0.09    0.00    5.15 v _411_/A (sky130_fd_sc_hd__xor2_2)
                  0.08    0.21    5.36 v _411_/X (sky130_fd_sc_hd__xor2_2)
     2    0.01                           _064_ (net)
                  0.08    0.00    5.36 v _412_/C (sky130_fd_sc_hd__nor3_2)
                  0.18    0.16    5.52 ^ _412_/Y (sky130_fd_sc_hd__nor3_2)
     2    0.01                           _065_ (net)
                  0.18    0.00    5.52 ^ _414_/A_N (sky130_fd_sc_hd__and2b_2)
                  0.05    0.27    5.79 v _414_/X (sky130_fd_sc_hd__and2b_2)
     1    0.01                           _067_ (net)
                  0.05    0.00    5.79 v _416_/A (sky130_fd_sc_hd__xnor2_2)
                  0.48    0.44    6.23 ^ _416_/Y (sky130_fd_sc_hd__xnor2_2)
     1    0.04                           P[7] (net)
                  0.48    0.00    6.23 ^ P[7] (out)
                                  6.23   data arrival time

                  0.00   10.00   10.00   clock clk (rise edge)
                          0.00   10.00   clock network delay (ideal)
                         -0.25    9.75   clock uncertainty
                          0.00    9.75   clock reconvergence pessimism
                         -2.00    7.75   output external delay
                                  7.75   data required time
-----------------------------------------------------------------------------
                                  7.75   data required time
                                 -6.23   data arrival time
-----------------------------------------------------------------------------
                                  1.52   slack (MET)


Startpoint: A[0] (input port clocked by clk)
Endpoint: P[5] (output port clocked by clk)
Path Group: clk
Path Type: max

Fanout     Cap    Slew   Delay    Time   Description
-----------------------------------------------------------------------------
                  0.00    0.00    0.00   clock clk (rise edge)
                          0.00    0.00   clock network delay (ideal)
                          2.00    2.00 v input external delay
                  0.05    0.04    2.04 v A[0] (in)
     5    0.02                           A[0] (net)
                  0.05    0.00    2.04 v _297_/A (sky130_fd_sc_hd__or4_2)
                  0.10    0.68    2.72 v _297_/X (sky130_fd_sc_hd__or4_2)
     1    0.00                           _231_ (net)
                  0.10    0.00    2.72 v _298_/A (sky130_fd_sc_hd__buf_1)
                  0.14    0.21    2.93 v _298_/X (sky130_fd_sc_hd__buf_1)
     7    0.02                           _232_ (net)
                  0.14    0.00    2.93 v _331_/C (sky130_fd_sc_hd__or3_2)
                  0.09    0.47    3.40 v _331_/X (sky130_fd_sc_hd__or3_2)
     3    0.01                           _264_ (net)
                  0.09    0.00    3.40 v _333_/B (sky130_fd_sc_hd__and3_2)
                  0.05    0.23    3.64 v _333_/X (sky130_fd_sc_hd__and3_2)
     2    0.01                           _266_ (net)
                  0.05    0.00    3.64 v _338_/A1 (sky130_fd_sc_hd__o31a_2)
                  0.08    0.40    4.03 v _338_/X (sky130_fd_sc_hd__o31a_2)
     4    0.01                           _271_ (net)
                  0.08    0.00    4.03 v _341_/A (sky130_fd_sc_hd__or3b_2)
                  0.11    0.55    4.58 v _341_/X (sky130_fd_sc_hd__or3b_2)
     3    0.01                           _274_ (net)
                  0.11    0.00    4.58 v _352_/A1 (sky130_fd_sc_hd__a21o_2)
                  0.04    0.22    4.80 v _352_/X (sky130_fd_sc_hd__a21o_2)
     2    0.00                           _007_ (net)
                  0.04    0.00    4.80 v _356_/A2 (sky130_fd_sc_hd__a21o_2)
                  0.04    0.22    5.02 v _356_/X (sky130_fd_sc_hd__a21o_2)
     2    0.00                           _011_ (net)
                  0.04    0.00    5.02 v _357_/B (sky130_fd_sc_hd__and2b_2)
                  0.05    0.21    5.23 v _357_/X (sky130_fd_sc_hd__and2b_2)
     1    0.01                           _012_ (net)
                  0.05    0.00    5.23 v _358_/B (sky130_fd_sc_hd__xnor2_2)
                  0.45    0.39    5.62 ^ _358_/Y (sky130_fd_sc_hd__xnor2_2)
     1    0.03                           P[5] (net)
                  0.45    0.00    5.62 ^ P[5] (out)
                                  5.62   data arrival time

                  0.00   10.00   10.00   clock clk (rise edge)
                          0.00   10.00   clock network delay (ideal)
                         -0.25    9.75   clock uncertainty
                          0.00    9.75   clock reconvergence pessimism
                         -2.00    7.75   output external delay
                                  7.75   data required time
-----------------------------------------------------------------------------
                                  7.75   data required time
                                 -5.62   data arrival time
-----------------------------------------------------------------------------
                                  2.13   slack (MET)


Startpoint: A[0] (input port clocked by clk)
Endpoint: P[4] (output port clocked by clk)
Path Group: clk
Path Type: max

Fanout     Cap    Slew   Delay    Time   Description
-----------------------------------------------------------------------------
                  0.00    0.00    0.00   clock clk (rise edge)
                          0.00    0.00   clock network delay (ideal)
                          2.00    2.00 v input external delay
                  0.05    0.04    2.04 v A[0] (in)
     5    0.02                           A[0] (net)
                  0.05    0.00    2.04 v _297_/A (sky130_fd_sc_hd__or4_2)
                  0.10    0.68    2.72 v _297_/X (sky130_fd_sc_hd__or4_2)
     1    0.00                           _231_ (net)
                  0.10    0.00    2.72 v _298_/A (sky130_fd_sc_hd__buf_1)
                  0.14    0.21    2.93 v _298_/X (sky130_fd_sc_hd__buf_1)
     7    0.02                           _232_ (net)
                  0.14    0.00    2.93 v _299_/B1_N (sky130_fd_sc_hd__a21boi_2)
                  0.11    0.25    3.18 v _299_/Y (sky130_fd_sc_hd__a21boi_2)
     8    0.03                           _233_ (net)
                  0.11    0.00    3.19 v _321_/A2 (sky130_fd_sc_hd__a221o_2)
                  0.07    0.46    3.64 v _321_/X (sky130_fd_sc_hd__a221o_2)
     2    0.01                           _254_ (net)
                  0.07    0.00    3.64 v _322_/B (sky130_fd_sc_hd__xor2_2)
                  0.17    0.19    3.83 ^ _322_/X (sky130_fd_sc_hd__xor2_2)
     2    0.01                           _255_ (net)
                  0.17    0.00    3.83 ^ _323_/B (sky130_fd_sc_hd__xor2_2)
                  0.20    0.23    4.06 ^ _323_/X (sky130_fd_sc_hd__xor2_2)
     2    0.01                           _256_ (net)
                  0.20    0.00    4.06 ^ _328_/A (sky130_fd_sc_hd__xnor2_2)
                  0.08    0.12    4.18 v _328_/Y (sky130_fd_sc_hd__xnor2_2)
     3    0.01                           _261_ (net)
                  0.08    0.00    4.18 v _569_/B (sky130_fd_sc_hd__or2_2)
                  0.05    0.28    4.46 v _569_/X (sky130_fd_sc_hd__or2_2)
     1    0.00                           _213_ (net)
                  0.05    0.00    4.46 v _570_/B (sky130_fd_sc_hd__and2_2)
                  0.04    0.19    4.66 v _570_/X (sky130_fd_sc_hd__and2_2)
     1    0.00                           _214_ (net)
                  0.04    0.00    4.66 v _571_/A (sky130_fd_sc_hd__buf_1)
                  0.20    0.23    4.89 v _571_/X (sky130_fd_sc_hd__buf_1)
     1    0.03                           P[4] (net)
                  0.20    0.00    4.89 v P[4] (out)
                                  4.89   data arrival time

                  0.00   10.00   10.00   clock clk (rise edge)
                          0.00   10.00   clock network delay (ideal)
                         -0.25    9.75   clock uncertainty
                          0.00    9.75   clock reconvergence pessimism
                         -2.00    7.75   output external delay
                                  7.75   data required time
-----------------------------------------------------------------------------
                                  7.75   data required time
                                 -4.89   data arrival time
-----------------------------------------------------------------------------
                                  2.86   slack (MET)


Startpoint: A[0] (input port clocked by clk)
Endpoint: P[3] (output port clocked by clk)
Path Group: clk
Path Type: max

Fanout     Cap    Slew   Delay    Time   Description
-----------------------------------------------------------------------------
                  0.00    0.00    0.00   clock clk (rise edge)
                          0.00    0.00   clock network delay (ideal)
                          2.00    2.00 v input external delay
                  0.05    0.04    2.04 v A[0] (in)
     5    0.02                           A[0] (net)
                  0.05    0.00    2.04 v _297_/A (sky130_fd_sc_hd__or4_2)
                  0.10    0.68    2.72 v _297_/X (sky130_fd_sc_hd__or4_2)
     1    0.00                           _231_ (net)
                  0.10    0.00    2.72 v _298_/A (sky130_fd_sc_hd__buf_1)
                  0.14    0.21    2.93 v _298_/X (sky130_fd_sc_hd__buf_1)
     7    0.02                           _232_ (net)
                  0.14    0.00    2.93 v _299_/B1_N (sky130_fd_sc_hd__a21boi_2)
                  0.11    0.25    3.18 v _299_/Y (sky130_fd_sc_hd__a21boi_2)
     8    0.03                           _233_ (net)
                  0.11    0.00    3.19 v _300_/B (sky130_fd_sc_hd__and2_2)
                  0.05    0.24    3.42 v _300_/X (sky130_fd_sc_hd__and2_2)
     2    0.01                           _234_ (net)
                  0.05    0.00    3.42 v _311_/B (sky130_fd_sc_hd__nor3_2)
                  0.15    0.17    3.60 ^ _311_/Y (sky130_fd_sc_hd__nor3_2)
     1    0.00                           _245_ (net)
                  0.15    0.00    3.60 ^ _312_/B (sky130_fd_sc_hd__nor2_2)
                  0.04    0.06    3.65 v _312_/Y (sky130_fd_sc_hd__nor2_2)
     2    0.01                           _246_ (net)
                  0.04    0.00    3.65 v _313_/B (sky130_fd_sc_hd__and2_2)
                  0.07    0.23    3.88 v _313_/X (sky130_fd_sc_hd__and2_2)
     4    0.02                           _247_ (net)
                  0.07    0.00    3.88 v _315_/A (sky130_fd_sc_hd__nor2_2)
                  0.38    0.35    4.24 ^ _315_/Y (sky130_fd_sc_hd__nor2_2)
     1    0.03                           P[3] (net)
                  0.38    0.00    4.24 ^ P[3] (out)
                                  4.24   data arrival time

                  0.00   10.00   10.00   clock clk (rise edge)
                          0.00   10.00   clock network delay (ideal)
                         -0.25    9.75   clock uncertainty
                          0.00    9.75   clock reconvergence pessimism
                         -2.00    7.75   output external delay
                                  7.75   data required time
-----------------------------------------------------------------------------
                                  7.75   data required time
                                 -4.24   data arrival time
-----------------------------------------------------------------------------
                                  3.51   slack (MET)


Startpoint: A[1] (input port clocked by clk)
Endpoint: P[2] (output port clocked by clk)
Path Group: clk
Path Type: max

Fanout     Cap    Slew   Delay    Time   Description
-----------------------------------------------------------------------------
                  0.00    0.00    0.00   clock clk (rise edge)
                          0.00    0.00   clock network delay (ideal)
                          2.00    2.00 v input external delay
                  0.02    0.01    2.01 v A[1] (in)
     2    0.01                           A[1] (net)
                  0.02    0.00    2.01 v _281_/A (sky130_fd_sc_hd__buf_1)
                  0.22    0.24    2.25 v _281_/X (sky130_fd_sc_hd__buf_1)
    10    0.04                           _217_ (net)
                  0.22    0.00    2.25 v _289_/B (sky130_fd_sc_hd__or3_2)
                  0.09    0.55    2.80 v _289_/X (sky130_fd_sc_hd__or3_2)
     2    0.01                           _224_ (net)
                  0.09    0.00    2.80 v _291_/A (sky130_fd_sc_hd__and2_2)
                  0.08    0.25    3.05 v _291_/X (sky130_fd_sc_hd__and2_2)
     8    0.02                           _226_ (net)
                  0.08    0.00    3.05 v _293_/A2 (sky130_fd_sc_hd__a21o_2)
                  0.04    0.24    3.30 v _293_/X (sky130_fd_sc_hd__a21o_2)
     2    0.01                           _228_ (net)
                  0.04    0.00    3.30 v _294_/C (sky130_fd_sc_hd__and3_2)
                  0.06    0.24    3.54 v _294_/X (sky130_fd_sc_hd__and3_2)
     3    0.01                           _229_ (net)
                  0.06    0.00    3.54 v _296_/A (sky130_fd_sc_hd__nor2_2)
                  0.38    0.35    3.89 ^ _296_/Y (sky130_fd_sc_hd__nor2_2)
     1    0.03                           P[2] (net)
                  0.38    0.00    3.89 ^ P[2] (out)
                                  3.89   data arrival time

                  0.00   10.00   10.00   clock clk (rise edge)
                          0.00   10.00   clock network delay (ideal)
                         -0.25    9.75   clock uncertainty
                          0.00    9.75   clock reconvergence pessimism
                         -2.00    7.75   output external delay
                                  7.75   data required time
-----------------------------------------------------------------------------
                                  7.75   data required time
                                 -3.89   data arrival time
-----------------------------------------------------------------------------
                                  3.86   slack (MET)


Startpoint: A[1] (input port clocked by clk)
Endpoint: P[1] (output port clocked by clk)
Path Group: clk
Path Type: max

Fanout     Cap    Slew   Delay    Time   Description
-----------------------------------------------------------------------------
                  0.00    0.00    0.00   clock clk (rise edge)
                          0.00    0.00   clock network delay (ideal)
                          2.00    2.00 ^ input external delay
                  0.04    0.03    2.03 ^ A[1] (in)
     2    0.01                           A[1] (net)
                  0.04    0.00    2.03 ^ _281_/A (sky130_fd_sc_hd__buf_1)
                  0.49    0.41    2.44 ^ _281_/X (sky130_fd_sc_hd__buf_1)
    10    0.04                           _217_ (net)
                  0.49    0.00    2.44 ^ _284_/B (sky130_fd_sc_hd__xor2_2)
                  0.18    0.24    2.68 v _284_/X (sky130_fd_sc_hd__xor2_2)
     8    0.02                           _220_ (net)
                  0.18    0.00    2.68 v _286_/A2 (sky130_fd_sc_hd__a22o_2)
                  0.04    0.32    3.00 v _286_/X (sky130_fd_sc_hd__a22o_2)
     1    0.00                           _222_ (net)
                  0.04    0.00    3.00 v _287_/B1 (sky130_fd_sc_hd__a21o_2)
                  0.11    0.28    3.28 v _287_/X (sky130_fd_sc_hd__a21o_2)
     1    0.04                           P[1] (net)
                  0.11    0.00    3.28 v P[1] (out)
                                  3.28   data arrival time

                  0.00   10.00   10.00   clock clk (rise edge)
                          0.00   10.00   clock network delay (ideal)
                         -0.25    9.75   clock uncertainty
                          0.00    9.75   clock reconvergence pessimism
                         -2.00    7.75   output external delay
                                  7.75   data required time
-----------------------------------------------------------------------------
                                  7.75   data required time
                                 -3.28   data arrival time
-----------------------------------------------------------------------------
                                  4.47   slack (MET)


Startpoint: A[0] (input port clocked by clk)
Endpoint: P[0] (output port clocked by clk)
Path Group: clk
Path Type: max

Fanout     Cap    Slew   Delay    Time   Description
-----------------------------------------------------------------------------
                  0.00    0.00    0.00   clock clk (rise edge)
                          0.00    0.00   clock network delay (ideal)
                          2.00    2.00 ^ input external delay
                  0.12    0.09    2.09 ^ A[0] (in)
     5    0.03                           A[0] (net)
                  0.12    0.00    2.09 ^ _278_/A (sky130_fd_sc_hd__buf_1)
                  0.46    0.41    2.50 ^ _278_/X (sky130_fd_sc_hd__buf_1)
    10    0.04                           _215_ (net)
                  0.46    0.00    2.50 ^ _279_/B (sky130_fd_sc_hd__and2_2)
                  0.07    0.26    2.76 ^ _279_/X (sky130_fd_sc_hd__and2_2)
     1    0.01                           _216_ (net)
                  0.07    0.00    2.76 ^ _280_/A (sky130_fd_sc_hd__buf_1)
                  0.40    0.35    3.11 ^ _280_/X (sky130_fd_sc_hd__buf_1)
     1    0.03                           P[0] (net)
                  0.40    0.00    3.11 ^ P[0] (out)
                                  3.11   data arrival time

                  0.00   10.00   10.00   clock clk (rise edge)
                          0.00   10.00   clock network delay (ideal)
                         -0.25    9.75   clock uncertainty
                          0.00    9.75   clock reconvergence pessimism
                         -2.00    7.75   output external delay
                                  7.75   data required time
-----------------------------------------------------------------------------
                                  7.75   data required time
                                 -3.11   data arrival time
-----------------------------------------------------------------------------
                                  4.64   slack (MET)



