OpenROAD 41a51eaf4ca2171c92ff38afb91eb37bbd3f36da 
This program is licensed under the BSD-3 license. See the LICENSE file for details.
Components of this program may be licensed under more restrictive licenses which must be honored.
[INFO]: Reading ODB at '/openlane/designs/rca/runs/myrun/tmp/routing/22-fill.odb'…
define_corners Typical
read_liberty -corner Typical /home/jagadeesh97/.ciel/ciel/sky130/versions/0fe599b2afb6708d281543108caf8310912f54af/sky130A/libs.ref/sky130_fd_sc_hd/lib/sky130_fd_sc_hd__tt_025C_1v80.lib
Using 1e-12 for capacitance...
Using 1e+03 for resistance...
Using 1e-09 for time...
Using 1e+00 for voltage...
Using 1e-03 for current...
Using 1e-09 for power...
Using 1e-06 for distance...
Reading design constraints file at '/openlane/designs/rca/runs/myrun/tmp/17-rca.sdc'…
[INFO ORD-0030] Using 2 thread(s).
[INFO DRT-0149] Reading tech and libs.

Units:                1000
Number of layers:     13
Number of macros:     441
Number of vias:       25
Number of viarulegen: 25

[INFO DRT-0150] Reading design.

Design:                   rca
Die area:                 ( 0 0 ) ( 45635 56355 )
Number of track patterns: 12
Number of DEF vias:       0
Number of components:     179
Number of terminals:      26
Number of snets:          2
Number of nets:           74

[INFO DRT-0167] List of default vias:
  Layer mcon
    default via: L1M1_PR
  Layer via
    default via: M1M2_PR
  Layer via2
    default via: M2M3_PR
  Layer via3
    default via: M3M4_PR
  Layer via4
    default via: M4M5_PR
[INFO DRT-0162] Library cell analysis.
[INFO DRT-0163] Instance analysis.
[INFO DRT-0164] Number of unique instances = 60.
[INFO DRT-0168] Init region query.
[INFO DRT-0024]   Complete FR_MASTERSLICE.
[INFO DRT-0024]   Complete licon.
[INFO DRT-0024]   Complete li1.
[INFO DRT-0024]   Complete mcon.
[INFO DRT-0024]   Complete met1.
[INFO DRT-0024]   Complete via.
[INFO DRT-0024]   Complete met2.
[INFO DRT-0024]   Complete via2.
[INFO DRT-0024]   Complete met3.
[INFO DRT-0024]   Complete via3.
[INFO DRT-0024]   Complete met4.
[INFO DRT-0024]   Complete via4.
[INFO DRT-0024]   Complete met5.
[INFO DRT-0033] FR_MASTERSLICE shape region query size = 0.
[INFO DRT-0033] licon shape region query size = 0.
[INFO DRT-0033] li1 shape region query size = 1809.
[INFO DRT-0033] mcon shape region query size = 600.
[INFO DRT-0033] met1 shape region query size = 410.
[INFO DRT-0033] via shape region query size = 195.
[INFO DRT-0033] met2 shape region query size = 129.
[INFO DRT-0033] via2 shape region query size = 156.
[INFO DRT-0033] met3 shape region query size = 129.
[INFO DRT-0033] via3 shape region query size = 156.
[INFO DRT-0033] met4 shape region query size = 66.
[INFO DRT-0033] via4 shape region query size = 15.
[INFO DRT-0033] met5 shape region query size = 25.
[INFO DRT-0165] Start pin access.
[INFO DRT-0076]   Complete 100 pins.
[INFO DRT-0078]   Complete 126 pins.
[INFO DRT-0081]   Complete 42 unique inst patterns.
[INFO DRT-0084]   Complete 38 groups.
#scanned instances     = 179
#unique  instances     = 60
#stdCellGenAp          = 1025
#stdCellValidPlanarAp  = 0
#stdCellValidViaAp     = 767
#stdCellPinNoAp        = 0
#stdCellPinCnt         = 163
#instTermValidViaApCnt = 0
#macroGenAp            = 0
#macroValidPlanarAp    = 0
#macroValidViaAp       = 0
#macroNoAp             = 0
[INFO DRT-0166] Complete pin access.
[INFO DRT-0267] cpu time = 00:00:02, elapsed time = 00:00:01, memory = 110.70 (MB), peak = 110.70 (MB)

Number of guides:     401

[INFO DRT-0169] Post process guides.
[INFO DRT-0176] GCELLGRID X 0 DO 6 STEP 6900 ;
[INFO DRT-0177] GCELLGRID Y 0 DO 8 STEP 6900 ;
[INFO DRT-0028]   Complete FR_MASTERSLICE.
[INFO DRT-0028]   Complete licon.
[INFO DRT-0028]   Complete li1.
[INFO DRT-0028]   Complete mcon.
[INFO DRT-0028]   Complete met1.
[INFO DRT-0028]   Complete via.
[INFO DRT-0028]   Complete met2.
[INFO DRT-0028]   Complete via2.
[INFO DRT-0028]   Complete met3.
[INFO DRT-0028]   Complete via3.
[INFO DRT-0028]   Complete met4.
[INFO DRT-0028]   Complete via4.
[INFO DRT-0028]   Complete met5.
[INFO DRT-0178] Init guide query.
[INFO DRT-0035]   Complete FR_MASTERSLICE (guide).
[INFO DRT-0035]   Complete licon (guide).
[INFO DRT-0035]   Complete li1 (guide).
[INFO DRT-0035]   Complete mcon (guide).
[INFO DRT-0035]   Complete met1 (guide).
[INFO DRT-0035]   Complete via (guide).
[INFO DRT-0035]   Complete met2 (guide).
[INFO DRT-0035]   Complete via2 (guide).
[INFO DRT-0035]   Complete met3 (guide).
[INFO DRT-0035]   Complete via3 (guide).
[INFO DRT-0035]   Complete met4 (guide).
[INFO DRT-0035]   Complete via4 (guide).
[INFO DRT-0035]   Complete met5 (guide).
[INFO DRT-0036] FR_MASTERSLICE guide region query size = 0.
[INFO DRT-0036] licon guide region query size = 0.
[INFO DRT-0036] li1 guide region query size = 122.
[INFO DRT-0036] mcon guide region query size = 0.
[INFO DRT-0036] met1 guide region query size = 97.
[INFO DRT-0036] via guide region query size = 0.
[INFO DRT-0036] met2 guide region query size = 59.
[INFO DRT-0036] via2 guide region query size = 0.
[INFO DRT-0036] met3 guide region query size = 12.
[INFO DRT-0036] via3 guide region query size = 0.
[INFO DRT-0036] met4 guide region query size = 0.
[INFO DRT-0036] via4 guide region query size = 0.
[INFO DRT-0036] met5 guide region query size = 0.
[INFO DRT-0179] Init gr pin query.
[INFO DRT-0245] skipped writing guide updates to database.
[INFO DRT-0185] Post process initialize RPin region query.
[INFO DRT-0181] Start track assignment.
[INFO DRT-0184] Done with 181 vertical wires in 1 frboxes and 109 horizontal wires in 1 frboxes.
[INFO DRT-0186] Done with 21 vertical wires in 1 frboxes and 21 horizontal wires in 1 frboxes.
[INFO DRT-0182] Complete track assignment.
[INFO DRT-0267] cpu time = 00:00:00, elapsed time = 00:00:00, memory = 112.13 (MB), peak = 112.13 (MB)
[INFO DRT-0187] Start routing data preparation.
[INFO DRT-0267] cpu time = 00:00:00, elapsed time = 00:00:00, memory = 112.29 (MB), peak = 112.29 (MB)
[INFO DRT-0194] Start detail routing.
[INFO DRT-0195] Start 0th optimization iteration.
    Completing 10% with 0 violations.
    elapsed time = 00:00:00, memory = 122.61 (MB).
    Completing 20% with 6 violations.
    elapsed time = 00:00:00, memory = 122.61 (MB).
[INFO DRT-0199]   Number of violations = 6.
Viol/Layer        met1   met3
Metal Spacing        1      3
Short                2      0
[INFO DRT-0267] cpu time = 00:00:00, elapsed time = 00:00:00, memory = 125.83 (MB), peak = 475.31 (MB)
Total wire length = 976 um.
Total wire length on LAYER li1 = 0 um.
Total wire length on LAYER met1 = 451 um.
Total wire length on LAYER met2 = 475 um.
Total wire length on LAYER met3 = 49 um.
Total wire length on LAYER met4 = 0 um.
Total wire length on LAYER met5 = 0 um.
Total number of vias = 312.
Up-via summary (total 312):.

----------------------
 FR_MASTERSLICE      0
            li1    163
           met1    137
           met2     12
           met3      0
           met4      0
----------------------
                   312


[INFO DRT-0195] Start 1st optimization iteration.
    Completing 10% with 6 violations.
    elapsed time = 00:00:00, memory = 125.83 (MB).
    Completing 20% with 4 violations.
    elapsed time = 00:00:00, memory = 129.95 (MB).
    Completing 30% with 1 violations.
    elapsed time = 00:00:00, memory = 129.96 (MB).
    Completing 40% with 1 violations.
    elapsed time = 00:00:00, memory = 129.96 (MB).
[INFO DRT-0199]   Number of violations = 17.
Viol/Layer        met1   met3
Recheck              0     16
Short                1      0
[INFO DRT-0267] cpu time = 00:00:00, elapsed time = 00:00:00, memory = 479.54 (MB), peak = 479.54 (MB)
Total wire length = 982 um.
Total wire length on LAYER li1 = 0 um.
Total wire length on LAYER met1 = 461 um.
Total wire length on LAYER met2 = 475 um.
Total wire length on LAYER met3 = 44 um.
Total wire length on LAYER met4 = 0 um.
Total wire length on LAYER met5 = 0 um.
Total number of vias = 313.
Up-via summary (total 313):.

----------------------
 FR_MASTERSLICE      0
            li1    163
           met1    138
           met2     12
           met3      0
           met4      0
----------------------
                   313


[INFO DRT-0195] Start 2nd optimization iteration.
    Completing 10% with 17 violations.
    elapsed time = 00:00:00, memory = 479.66 (MB).
    Completing 20% with 17 violations.
    elapsed time = 00:00:00, memory = 479.66 (MB).
    Completing 30% with 17 violations.
    elapsed time = 00:00:00, memory = 479.66 (MB).
    Completing 40% with 17 violations.
    elapsed time = 00:00:00, memory = 486.10 (MB).
[INFO DRT-0199]   Number of violations = 0.
[INFO DRT-0267] cpu time = 00:00:00, elapsed time = 00:00:00, memory = 486.25 (MB), peak = 486.25 (MB)
Total wire length = 982 um.
Total wire length on LAYER li1 = 0 um.
Total wire length on LAYER met1 = 460 um.
Total wire length on LAYER met2 = 477 um.
Total wire length on LAYER met3 = 44 um.
Total wire length on LAYER met4 = 0 um.
Total wire length on LAYER met5 = 0 um.
Total number of vias = 313.
Up-via summary (total 313):.

----------------------
 FR_MASTERSLICE      0
            li1    163
           met1    138
           met2     12
           met3      0
           met4      0
----------------------
                   313


[INFO DRT-0198] Complete detail routing.
Total wire length = 982 um.
Total wire length on LAYER li1 = 0 um.
Total wire length on LAYER met1 = 460 um.
Total wire length on LAYER met2 = 477 um.
Total wire length on LAYER met3 = 44 um.
Total wire length on LAYER met4 = 0 um.
Total wire length on LAYER met5 = 0 um.
Total number of vias = 313.
Up-via summary (total 313):.

----------------------
 FR_MASTERSLICE      0
            li1    163
           met1    138
           met2     12
           met3      0
           met4      0
----------------------
                   313


[INFO DRT-0267] cpu time = 00:00:01, elapsed time = 00:00:01, memory = 486.25 (MB), peak = 486.25 (MB)

[INFO DRT-0180] Post processing.
Setting global connections for newly added cells…
Writing OpenROAD database to '/openlane/designs/rca/runs/myrun/results/routing/rca.odb'…
Writing netlist to '/openlane/designs/rca/runs/myrun/results/routing/rca.nl.v'…
Writing powered netlist to '/openlane/designs/rca/runs/myrun/results/routing/rca.pnl.v'…
Writing layout to '/openlane/designs/rca/runs/myrun/results/routing/rca.def'…
