Tue Sep 30 08:26:20 UTC 2025 - Executing "openroad -exit -no_init -python /openlane/scripts/odbpy/lefutil.py get_metal_layers -o /openlane/designs/mbe/runs/myrun/tmp/layers.list /home/jagadeesh97/.ciel/ciel/sky130/versions/0fe599b2afb6708d281543108caf8310912f54af/sky130A/libs.ref/sky130_fd_sc_hd/techlef/sky130_fd_sc_hd__nom.tlef"

Tue Sep 30 08:26:20 UTC 2025 - Executing "/openlane/scripts/mergeLef.py -o /openlane/designs/mbe/runs/myrun/tmp/merged.nom.lef -i /home/jagadeesh97/.ciel/ciel/sky130/versions/0fe599b2afb6708d281543108caf8310912f54af/sky130A/libs.ref/sky130_fd_sc_hd/techlef/sky130_fd_sc_hd__nom.tlef {/home/jagadeesh97/.ciel/ciel/sky130/versions/0fe599b2afb6708d281543108caf8310912f54af/sky130A/libs.ref/sky130_fd_sc_hd/lef/sky130_ef_sc_hd.lef /home/jagadeesh97/.ciel/ciel/sky130/versions/0fe599b2afb6708d281543108caf8310912f54af/sky130A/libs.ref/sky130_fd_sc_hd/lef/sky130_fd_sc_hd.lef} |& tee /dev/null"

Tue Sep 30 08:26:21 UTC 2025 - Executing "/openlane/scripts/mergeLef.py -o /openlane/designs/mbe/runs/myrun/tmp/merged.min.lef -i /home/jagadeesh97/.ciel/ciel/sky130/versions/0fe599b2afb6708d281543108caf8310912f54af/sky130A/libs.ref/sky130_fd_sc_hd/techlef/sky130_fd_sc_hd__min.tlef {/home/jagadeesh97/.ciel/ciel/sky130/versions/0fe599b2afb6708d281543108caf8310912f54af/sky130A/libs.ref/sky130_fd_sc_hd/lef/sky130_ef_sc_hd.lef /home/jagadeesh97/.ciel/ciel/sky130/versions/0fe599b2afb6708d281543108caf8310912f54af/sky130A/libs.ref/sky130_fd_sc_hd/lef/sky130_fd_sc_hd.lef} |& tee /dev/null"

Tue Sep 30 08:26:21 UTC 2025 - Executing "/openlane/scripts/mergeLef.py -o /openlane/designs/mbe/runs/myrun/tmp/merged.max.lef -i /home/jagadeesh97/.ciel/ciel/sky130/versions/0fe599b2afb6708d281543108caf8310912f54af/sky130A/libs.ref/sky130_fd_sc_hd/techlef/sky130_fd_sc_hd__max.tlef {/home/jagadeesh97/.ciel/ciel/sky130/versions/0fe599b2afb6708d281543108caf8310912f54af/sky130A/libs.ref/sky130_fd_sc_hd/lef/sky130_ef_sc_hd.lef /home/jagadeesh97/.ciel/ciel/sky130/versions/0fe599b2afb6708d281543108caf8310912f54af/sky130A/libs.ref/sky130_fd_sc_hd/lef/sky130_fd_sc_hd.lef} |& tee /dev/null"

Tue Sep 30 08:26:21 UTC 2025 - Executing "python3 /openlane/scripts/mergeLib.py --output /openlane/designs/mbe/runs/myrun/tmp/synthesis/merged.lib --name sky130A_merged /home/jagadeesh97/.ciel/ciel/sky130/versions/0fe599b2afb6708d281543108caf8310912f54af/sky130A/libs.ref/sky130_fd_sc_hd/lib/sky130_fd_sc_hd__tt_025C_1v80.lib"

Tue Sep 30 08:26:21 UTC 2025 - Executing "python3 /openlane/scripts/libtrim.py --cell-file /openlane/designs/mbe/runs/myrun/tmp/synthesis/trimmed.lib.exclude.list --output /openlane/designs/mbe/runs/myrun/tmp/synthesis/trimmed.lib /openlane/designs/mbe/runs/myrun/tmp/synthesis/merged.lib"

Tue Sep 30 08:26:21 UTC 2025 - Executing "python3 /openlane/scripts/libtrim.py --cell-file /openlane/designs/mbe/runs/myrun/tmp/cts/cts.lib.exclude.list --output /openlane/designs/mbe/runs/myrun/tmp/cts/cts.lib /home/jagadeesh97/.ciel/ciel/sky130/versions/0fe599b2afb6708d281543108caf8310912f54af/sky130A/libs.ref/sky130_fd_sc_hd/lib/sky130_fd_sc_hd__tt_025C_1v80.lib"

Tue Sep 30 08:26:22 UTC 2025 - Executing "python3 /openlane/scripts/libtrim.py --cell-file /openlane/designs/mbe/runs/myrun/tmp/cts/cts-fastest.lib.exclude.list --output /openlane/designs/mbe/runs/myrun/tmp/cts/cts-fastest.lib /home/jagadeesh97/.ciel/ciel/sky130/versions/0fe599b2afb6708d281543108caf8310912f54af/sky130A/libs.ref/sky130_fd_sc_hd/lib/sky130_fd_sc_hd__ff_n40C_1v95.lib"

Tue Sep 30 08:26:22 UTC 2025 - Executing "python3 /openlane/scripts/libtrim.py --cell-file /openlane/designs/mbe/runs/myrun/tmp/cts/cts-slowest.lib.exclude.list --output /openlane/designs/mbe/runs/myrun/tmp/cts/cts-slowest.lib /home/jagadeesh97/.ciel/ciel/sky130/versions/0fe599b2afb6708d281543108caf8310912f54af/sky130A/libs.ref/sky130_fd_sc_hd/lib/sky130_fd_sc_hd__ss_100C_1v60.lib"

Tue Sep 30 08:26:23 UTC 2025 - Executing "python3 /openlane/scripts/new_tracks.py -i /home/jagadeesh97/.ciel/ciel/sky130/versions/0fe599b2afb6708d281543108caf8310912f54af/sky130A/libs.tech/openlane/sky130_fd_sc_hd/tracks.info -o /openlane/designs/mbe/runs/myrun/tmp/routing/config.tracks"

Tue Sep 30 08:26:23 UTC 2025 - Executing "echo {OpenLane ff5509f65b17bfa4068d5336495ab1718987ff69} > /openlane/designs/mbe/runs/myrun/OPENLANE_COMMIT"

Tue Sep 30 08:26:23 UTC 2025 - Executing "bash -c {verilator  --lint-only  -Wall  --Wno-DECLFILENAME  --top-module mbe  /openlane/designs/mbe/src/mbe.v -Wno-fatal --relative-includes |& tee /openlane/designs/mbe/runs/myrun/logs/synthesis/linter.log /dev/null}"

Tue Sep 30 08:26:23 UTC 2025 - Executing "sed -E {s/^([[:space:]]+)pg_pin(.*)/\1pin\2\n\1    direction : "inout";/g} /home/jagadeesh97/.ciel/ciel/sky130/versions/0fe599b2afb6708d281543108caf8310912f54af/sky130A/libs.ref/sky130_fd_sc_hd/lib/sky130_fd_sc_hd__tt_025C_1v80.lib > /openlane/designs/mbe/runs/myrun/tmp/synthesis/1-sky130_fd_sc_hd__tt_025C_1v80.no_pg.lib"

Tue Sep 30 08:26:24 UTC 2025 - Executing "sed -E {s/^([[:space:]]+)pg_pin(.*)/\1pin\2\n\1    direction : "inout";/g} /openlane/designs/mbe/runs/myrun/tmp/synthesis/trimmed.lib > /openlane/designs/mbe/runs/myrun/tmp/synthesis/1-trimmed.no_pg.lib"

Tue Sep 30 08:26:24 UTC 2025 - Executing "yosys -c /openlane/scripts/yosys/synth.tcl |& tee /dev/null /openlane/designs/mbe/runs/myrun/logs/synthesis/1-synthesis.log"

Tue Sep 30 08:26:26 UTC 2025 - Executing "sed -i.bak -e {s/\(set ::env(CURRENT_NETLIST)\).*/\1 \/openlane\/designs\/mbe\/runs\/myrun\/results\/synthesis\/mbe.v/} /openlane/designs/mbe/runs/myrun/config.tcl"

Tue Sep 30 08:26:26 UTC 2025 - Executing "sed -i.bak /defparam/d /openlane/designs/mbe/runs/myrun/results/synthesis/mbe.v"

Tue Sep 30 08:26:26 UTC 2025 - Executing "sta -exit -no_init /openlane/scripts/openroad/sta/multi_corner.tcl |& tee /dev/null /openlane/designs/mbe/runs/myrun/logs/synthesis/2-sta.log"

Tue Sep 30 08:26:27 UTC 2025 - Executing "openroad -exit /openlane/scripts/openroad/floorplan.tcl |& tee /dev/null /openlane/designs/mbe/runs/myrun/logs/floorplan/3-initial_fp.log"

Tue Sep 30 08:26:28 UTC 2025 - Executing "openroad -exit -no_init -python /openlane/scripts/odbpy/defutil.py extract_core_dims --output-data /openlane/designs/mbe/runs/myrun/tmp/dimensions.txt --input-lef /openlane/designs/mbe/runs/myrun/tmp/merged.nom.lef /openlane/designs/mbe/runs/myrun/tmp/floorplan/3-initial_fp.def"

Tue Sep 30 08:26:28 UTC 2025 - Executing "openroad -exit /openlane/scripts/openroad/ioplacer.tcl |& tee /dev/null /openlane/designs/mbe/runs/myrun/logs/floorplan/4-io.log"

Tue Sep 30 08:26:29 UTC 2025 - Executing "openroad -exit /openlane/scripts/openroad/tapcell.tcl |& tee /dev/null /openlane/designs/mbe/runs/myrun/logs/floorplan/5-tap.log"

Tue Sep 30 08:26:29 UTC 2025 - Executing "openroad -exit /openlane/scripts/openroad/pdn.tcl |& tee /dev/null /openlane/designs/mbe/runs/myrun/logs/floorplan/6-pdn.log"

Tue Sep 30 08:26:30 UTC 2025 - Executing "openroad -exit /openlane/scripts/openroad/gpl.tcl |& tee /dev/null /openlane/designs/mbe/runs/myrun/logs/placement/7-global.log"

Tue Sep 30 08:26:31 UTC 2025 - Executing "sed -i.bak -e {s/\(set ::env(CURRENT_NETLIST)\).*/\1 \/openlane\/designs\/mbe\/runs\/myrun\/tmp\/placement\/7-global.nl.v/} /openlane/designs/mbe/runs/myrun/config.tcl"

Tue Sep 30 08:26:31 UTC 2025 - Executing "openroad -exit /openlane/scripts/openroad/sta/multi_corner.tcl |& tee /dev/null /openlane/designs/mbe/runs/myrun/logs/placement/8-gpl_sta.log"

Tue Sep 30 08:26:32 UTC 2025 - Executing "openroad -exit /openlane/scripts/openroad/resizer.tcl |& tee /dev/null /openlane/designs/mbe/runs/myrun/logs/placement/9-resizer.log"

Tue Sep 30 08:26:34 UTC 2025 - Executing "sed -i.bak -e {s/\(set ::env(CURRENT_NETLIST)\).*/\1 \/openlane\/designs\/mbe\/runs\/myrun\/tmp\/placement\/9-resizer.nl.v/} /openlane/designs/mbe/runs/myrun/config.tcl"

Tue Sep 30 08:26:34 UTC 2025 - Executing "openroad -exit /openlane/scripts/openroad/dpl.tcl |& tee /dev/null /openlane/designs/mbe/runs/myrun/logs/placement/10-detailed.log"

Tue Sep 30 08:26:34 UTC 2025 - Executing "sed -i.bak -e {s/\(set ::env(CURRENT_NETLIST)\).*/\1 \/openlane\/designs\/mbe\/runs\/myrun\/results\/placement\/mbe.nl.v/} /openlane/designs/mbe/runs/myrun/config.tcl"

Tue Sep 30 08:26:34 UTC 2025 - Executing "openroad -exit /openlane/scripts/openroad/sta/multi_corner.tcl |& tee /dev/null /openlane/designs/mbe/runs/myrun/logs/placement/11-dpl_sta.log"

Tue Sep 30 08:26:35 UTC 2025 - Executing "openroad -exit /openlane/scripts/openroad/cts.tcl |& tee /dev/null /openlane/designs/mbe/runs/myrun/logs/cts/12-cts.log"

Tue Sep 30 08:27:00 UTC 2025 - Executing "openroad -exit /openlane/scripts/openroad/sta/multi_corner.tcl |& tee /dev/null /openlane/designs/mbe/runs/myrun/logs/cts/13-cts_sta.log"

Tue Sep 30 08:27:00 UTC 2025 - Executing "openroad -exit /openlane/scripts/openroad/resizer_timing.tcl |& tee /dev/null /openlane/designs/mbe/runs/myrun/logs/cts/14-resizer.log"

Tue Sep 30 08:27:02 UTC 2025 - Executing "sed -i.bak -e {s/\(set ::env(CURRENT_NETLIST)\).*/\1 \/openlane\/designs\/mbe\/runs\/myrun\/tmp\/cts\/14-mbe.resized.nl.v/} /openlane/designs/mbe/runs/myrun/config.tcl"

Tue Sep 30 08:27:02 UTC 2025 - Executing "openroad -exit /openlane/scripts/openroad/resizer_routing_design.tcl |& tee /dev/null /openlane/designs/mbe/runs/myrun/logs/routing/15-resizer_design.log"

Tue Sep 30 08:27:03 UTC 2025 - Executing "sed -i.bak -e {s/\(set ::env(CURRENT_NETLIST)\).*/\1 \/openlane\/designs\/mbe\/runs\/myrun\/tmp\/15-mbe.nl.v/} /openlane/designs/mbe/runs/myrun/config.tcl"

Tue Sep 30 08:27:03 UTC 2025 - Executing "openroad -exit /openlane/scripts/openroad/sta/multi_corner.tcl |& tee /dev/null /openlane/designs/mbe/runs/myrun/logs/routing/16-rsz_design_sta.log"

Tue Sep 30 08:27:04 UTC 2025 - Executing "openroad -exit /openlane/scripts/openroad/resizer_routing_timing.tcl |& tee /dev/null /openlane/designs/mbe/runs/myrun/logs/routing/17-resizer_timing.log"

Tue Sep 30 08:27:05 UTC 2025 - Executing "sed -i.bak -e {s/\(set ::env(CURRENT_NETLIST)\).*/\1 \/openlane\/designs\/mbe\/runs\/myrun\/tmp\/17-mbe.nl.v/} /openlane/designs/mbe/runs/myrun/config.tcl"

Tue Sep 30 08:27:05 UTC 2025 - Executing "openroad -exit /openlane/scripts/openroad/sta/multi_corner.tcl |& tee /dev/null /openlane/designs/mbe/runs/myrun/logs/routing/18-rsz_timing_sta.log"

Tue Sep 30 08:27:06 UTC 2025 - Executing "openroad -exit /openlane/scripts/openroad/groute.tcl |& tee /dev/null /openlane/designs/mbe/runs/myrun/logs/routing/19-global.log"

Tue Sep 30 08:27:06 UTC 2025 - Executing "openroad -exit /openlane/scripts/openroad/write_views.tcl |& tee /dev/null /openlane/designs/mbe/runs/myrun/logs/routing/19-global_write_netlist.log"

Tue Sep 30 08:27:07 UTC 2025 - Executing "sed -i.bak -e {s/\(set ::env(CURRENT_NETLIST)\).*/\1 \/openlane\/designs\/mbe\/runs\/myrun\/tmp\/routing\/global.nl.v/} /openlane/designs/mbe/runs/myrun/config.tcl"

Tue Sep 30 08:27:07 UTC 2025 - Executing "openroad -exit /openlane/scripts/openroad/sta/multi_corner.tcl |& tee /dev/null /openlane/designs/mbe/runs/myrun/logs/routing/21-grt_sta.log"

Tue Sep 30 08:27:07 UTC 2025 - Executing "openroad -exit /openlane/scripts/openroad/fill.tcl |& tee /dev/null /openlane/designs/mbe/runs/myrun/logs/routing/22-fill.log"

Tue Sep 30 08:27:08 UTC 2025 - Executing "sed -i.bak -e {s/\(set ::env(CURRENT_NETLIST)\).*/\1 \/openlane\/designs\/mbe\/runs\/myrun\/tmp\/routing\/22-fill.nl.v/} /openlane/designs/mbe/runs/myrun/config.tcl"

Tue Sep 30 08:27:08 UTC 2025 - Executing "openroad -exit /openlane/scripts/openroad/droute.tcl |& tee /dev/null /openlane/designs/mbe/runs/myrun/logs/routing/23-detailed.log"

Tue Sep 30 08:27:52 UTC 2025 - Executing "sed -i.bak -e {s/\(set ::env(CURRENT_NETLIST)\).*/\1 \/openlane\/designs\/mbe\/runs\/myrun\/results\/routing\/mbe.nl.v/} /openlane/designs/mbe/runs/myrun/config.tcl"

Tue Sep 30 08:27:52 UTC 2025 - Executing "python3 /openlane/scripts/drc_rosetta.py tr to_klayout -o /openlane/designs/mbe/runs/myrun/reports/routing/drt.klayout.xml --design-name mbe /openlane/designs/mbe/runs/myrun/reports/routing/drt.drc"

Tue Sep 30 08:27:52 UTC 2025 - Executing "openroad -exit -no_init -python /openlane/scripts/odbpy/wire_lengths.py --report-out /openlane/designs/mbe/runs/myrun/reports/routing/24-wire_lengths.csv --input-lef /openlane/designs/mbe/runs/myrun/tmp/merged.nom.lef --output-def /dev/null --output /openlane/designs/mbe/runs/myrun/results/routing/mbe.odb /openlane/designs/mbe/runs/myrun/results/routing/mbe.odb |& tee /dev/null /openlane/designs/mbe/runs/myrun/logs/routing/24-wire_lengths.log"

Tue Sep 30 08:27:53 UTC 2025 - Executing "openroad -exit /openlane/scripts/openroad/rcx.tcl |& tee /dev/null /openlane/designs/mbe/runs/myrun/logs/signoff/25-parasitics_extraction.min.log"

Tue Sep 30 08:27:53 UTC 2025 - Executing "sta -exit -no_init /openlane/scripts/openroad/sta/multi_corner.tcl |& tee /dev/null /openlane/designs/mbe/runs/myrun/logs/signoff/26-rcx_mcsta.min.log"

Tue Sep 30 08:27:55 UTC 2025 - Executing "openroad -exit /openlane/scripts/openroad/rcx.tcl |& tee /dev/null /openlane/designs/mbe/runs/myrun/logs/signoff/27-parasitics_extraction.max.log"

Tue Sep 30 08:27:56 UTC 2025 - Executing "sta -exit -no_init /openlane/scripts/openroad/sta/multi_corner.tcl |& tee /dev/null /openlane/designs/mbe/runs/myrun/logs/signoff/28-rcx_mcsta.max.log"

Tue Sep 30 08:27:57 UTC 2025 - Executing "openroad -exit /openlane/scripts/openroad/rcx.tcl |& tee /dev/null /openlane/designs/mbe/runs/myrun/logs/signoff/29-parasitics_extraction.nom.log"

Tue Sep 30 08:27:58 UTC 2025 - Executing "sta -exit -no_init /openlane/scripts/openroad/sta/multi_corner.tcl |& tee /dev/null /openlane/designs/mbe/runs/myrun/logs/signoff/30-rcx_mcsta.nom.log"

Tue Sep 30 08:27:59 UTC 2025 - Executing "sta -exit -no_init /openlane/scripts/openroad/sta/multi_corner.tcl |& tee /dev/null /openlane/designs/mbe/runs/myrun/logs/signoff/31-rcx_sta.log"

Tue Sep 30 08:28:00 UTC 2025 - Executing "openroad -exit /openlane/scripts/openroad/irdrop.tcl |& tee /dev/null /openlane/designs/mbe/runs/myrun/logs/signoff/32-irdrop.log"

Tue Sep 30 08:28:00 UTC 2025 - Executing "magic -noconsole -dnull -rcfile /home/jagadeesh97/.ciel/ciel/sky130/versions/0fe599b2afb6708d281543108caf8310912f54af/sky130A/libs.tech/magic/sky130A.magicrc < /openlane/scripts/magic/wrapper.tcl |& tee /dev/null /openlane/designs/mbe/runs/myrun/logs/signoff/33-gdsii.log"

Tue Sep 30 08:28:01 UTC 2025 - Executing "magic -noconsole -dnull -rcfile /home/jagadeesh97/.ciel/ciel/sky130/versions/0fe599b2afb6708d281543108caf8310912f54af/sky130A/libs.tech/magic/sky130A.magicrc < /openlane/scripts/magic/wrapper.tcl |& tee /dev/null /openlane/designs/mbe/runs/myrun/logs/signoff/33-gds_ptrs.log"

Tue Sep 30 08:28:02 UTC 2025 - Executing "sed -i.bak -n {/^<< properties >>/,/^<< end >>/p} /openlane/designs/mbe/runs/myrun/tmp/signoff/gds_ptrs.mag"

Tue Sep 30 08:28:02 UTC 2025 - Executing "magic -noconsole -dnull -rcfile /home/jagadeesh97/.ciel/ciel/sky130/versions/0fe599b2afb6708d281543108caf8310912f54af/sky130A/libs.tech/magic/sky130A.magicrc < /openlane/scripts/magic/wrapper.tcl |& tee /dev/null /openlane/designs/mbe/runs/myrun/logs/signoff/33-lef.log"

Tue Sep 30 08:28:02 UTC 2025 - Executing "magic -noconsole -dnull -rcfile /home/jagadeesh97/.ciel/ciel/sky130/versions/0fe599b2afb6708d281543108caf8310912f54af/sky130A/libs.tech/magic/sky130A.magicrc < /openlane/scripts/magic/wrapper.tcl |& tee /dev/null /openlane/designs/mbe/runs/myrun/logs/signoff/33-maglef.log"

Tue Sep 30 08:28:03 UTC 2025 - Executing "python3 /openlane/scripts/klayout/stream_out.py --output /openlane/designs/mbe/runs/myrun/results/signoff/mbe.klayout.gds --lyt /home/jagadeesh97/.ciel/ciel/sky130/versions/0fe599b2afb6708d281543108caf8310912f54af/sky130A/libs.tech/klayout/tech/sky130A.lyt --lym /home/jagadeesh97/.ciel/ciel/sky130/versions/0fe599b2afb6708d281543108caf8310912f54af/sky130A/libs.tech/klayout/tech/sky130A.map --lyp /home/jagadeesh97/.ciel/ciel/sky130/versions/0fe599b2afb6708d281543108caf8310912f54af/sky130A/libs.tech/klayout/tech/sky130A.lyp --top mbe --with-gds-file /home/jagadeesh97/.ciel/ciel/sky130/versions/0fe599b2afb6708d281543108caf8310912f54af/sky130A/libs.ref/sky130_fd_sc_hd/gds/sky130_fd_sc_hd.gds --input-lef /openlane/designs/mbe/runs/myrun/tmp/merged.nom.lef /openlane/designs/mbe/runs/myrun/results/routing/mbe.def |& tee /dev/null /openlane/designs/mbe/runs/myrun/logs/signoff/34-gdsii-klayout.log"

Tue Sep 30 08:28:03 UTC 2025 - Executing "klayout -b -r /openlane/scripts/klayout/xor.drc -rd a=/openlane/designs/mbe/runs/myrun/results/signoff/mbe.gds -rd b=/openlane/designs/mbe/runs/myrun/results/signoff/mbe.klayout.gds -rd jobs=1 -rd rdb_out=/openlane/designs/mbe/runs/myrun/reports/signoff/35-xor.xml -rd ignore=81/14 -rd rpt_out=/openlane/designs/mbe/runs/myrun/reports/signoff/35-xor.rpt |& tee /dev/null /openlane/designs/mbe/runs/myrun/logs/signoff/35-xor.log"

Tue Sep 30 08:28:04 UTC 2025 - Executing "magic -noconsole -dnull -rcfile /home/jagadeesh97/.ciel/ciel/sky130/versions/0fe599b2afb6708d281543108caf8310912f54af/sky130A/libs.tech/magic/sky130A.magicrc < /openlane/scripts/magic/wrapper.tcl |& tee /dev/null /openlane/designs/mbe/runs/myrun/logs/signoff/36-spice.log"

Tue Sep 30 08:28:06 UTC 2025 - Executing "openroad -exit -no_init -python /openlane/scripts/odbpy/power_utils.py write_powered_def --output /openlane/designs/mbe/runs/myrun/tmp/signoff/36-mbe.p.def --input-lef /openlane/designs/mbe/runs/myrun/tmp/merged.nom.lef --power-port VPWR --ground-port VGND --powered-netlist {} /openlane/designs/mbe/runs/myrun/results/routing/mbe.def |& tee /dev/null /openlane/designs/mbe/runs/myrun/logs/signoff/37-write_powered_def.log"

Tue Sep 30 08:28:06 UTC 2025 - Executing "openroad -exit /openlane/scripts/openroad/write_views.tcl |& tee /dev/null /openlane/designs/mbe/runs/myrun/logs/signoff/37-write_powered_verilog.log"

Tue Sep 30 08:28:06 UTC 2025 - Executing "sed -i.bak -e {s/\(set ::env(CURRENT_NETLIST)\).*/\1 \/openlane\/designs\/mbe\/runs\/myrun\/tmp\/signoff\/36-mbe.nl.v/} /openlane/designs/mbe/runs/myrun/config.tcl"

Tue Sep 30 08:28:06 UTC 2025 - Executing "netgen -batch source /openlane/designs/mbe/runs/myrun/tmp/signoff/39-setup_file.lef.lvs |& tee /dev/null /openlane/designs/mbe/runs/myrun/logs/signoff/39-lvs.lef.log"

Tue Sep 30 08:28:07 UTC 2025 - Executing "magic -noconsole -dnull -rcfile /home/jagadeesh97/.ciel/ciel/sky130/versions/0fe599b2afb6708d281543108caf8310912f54af/sky130A/libs.tech/magic/sky130A.magicrc < /openlane/scripts/magic/wrapper.tcl |& tee /dev/null /openlane/designs/mbe/runs/myrun/logs/signoff/40-drc.log"

Tue Sep 30 08:28:08 UTC 2025 - Executing "python3 /openlane/scripts/drc_rosetta.py magic to_tcl -o /openlane/designs/mbe/runs/myrun/reports/signoff/drc.tcl /openlane/designs/mbe/runs/myrun/reports/signoff/drc.rpt"

Tue Sep 30 08:28:08 UTC 2025 - Executing "python3 /openlane/scripts/drc_rosetta.py magic to_tr -o /openlane/designs/mbe/runs/myrun/reports/signoff/drc.tr /openlane/designs/mbe/runs/myrun/reports/signoff/drc.rpt"

Tue Sep 30 08:28:08 UTC 2025 - Executing "python3 /openlane/scripts/drc_rosetta.py tr to_klayout -o /openlane/designs/mbe/runs/myrun/reports/signoff/drc.klayout.xml --design-name mbe /openlane/designs/mbe/runs/myrun/reports/signoff/drc.tr"

Tue Sep 30 08:28:08 UTC 2025 - Executing "python3 /openlane/scripts/drc_rosetta.py magic to_rdb -o /openlane/designs/mbe/runs/myrun/reports/signoff/drc.rdb /openlane/designs/mbe/runs/myrun/reports/signoff/drc.rpt"

Tue Sep 30 08:28:08 UTC 2025 - Executing "openroad -exit /openlane/scripts/openroad/antenna_check.tcl |& tee /dev/null /openlane/designs/mbe/runs/myrun/logs/signoff/41-arc.log"

Tue Sep 30 08:28:08 UTC 2025 - Executing "python3 /openlane/scripts/extract_antenna_violators.py --output /openlane/designs/mbe/runs/myrun/reports/signoff/41-antenna_violators.rpt --plain-out /openlane/designs/mbe/runs/myrun/reports/signoff/41-antenna_violators_pins.txt /openlane/designs/mbe/runs/myrun/logs/signoff/41-arc.log"

Tue Sep 30 08:28:08 UTC 2025 - Executing "awk -v vdd=VPWR -v gnd=VGND -f /home/jagadeesh97/.ciel/ciel/sky130/versions/0fe599b2afb6708d281543108caf8310912f54af/sky130A/libs.tech/openlane/cvc/power.awk /openlane/designs/mbe/runs/myrun/tmp/signoff/36-mbe.nl.v > /openlane/designs/mbe/runs/myrun/tmp/signoff/mbe.power"

Tue Sep 30 08:28:08 UTC 2025 - Executing "awk -f /home/jagadeesh97/.ciel/ciel/sky130/versions/0fe599b2afb6708d281543108caf8310912f54af/sky130A/libs.tech/openlane/cvc/cdl.awk /home/jagadeesh97/.ciel/ciel/sky130/versions/0fe599b2afb6708d281543108caf8310912f54af/sky130A/libs.ref/sky130_fd_sc_hd/cdl/sky130_fd_sc_hd.cdl /openlane/designs/mbe/runs/myrun/results/signoff/mbe.lef.spice > /openlane/designs/mbe/runs/myrun/tmp/signoff/mbe.cdl"

Tue Sep 30 08:28:09 UTC 2025 - Executing "cvc_rv /home/jagadeesh97/.ciel/ciel/sky130/versions/0fe599b2afb6708d281543108caf8310912f54af/sky130A/libs.tech/openlane/cvc/cvcrc |& tee /dev/null /openlane/designs/mbe/runs/myrun/logs/signoff/42-erc_screen.log"

