
===========================================================================
report_checks -path_delay min (Hold)
============================================================================
======================= Fastest Corner ===================================

Startpoint: B[1] (input port clocked by clk)
Endpoint: SUM[1] (output port clocked by clk)
Path Group: clk
Path Type: min
Corner: Fastest

Fanout     Cap    Slew   Delay    Time   Description
-----------------------------------------------------------------------------
                  0.00    0.00    0.00   clock clk (rise edge)
                          0.00    0.00   clock network delay (ideal)
                          2.00    2.00 v input external delay
                  0.01    0.00    2.00 v B[1] (in)
     1    0.00                           B[1] (net)
                  0.01    0.00    2.00 v input10/A (sky130_fd_sc_hd__clkbuf_1)
                  0.03    0.06    2.06 v input10/X (sky130_fd_sc_hd__clkbuf_1)
     2    0.01                           net10 (net)
                  0.03    0.00    2.06 v _29_/B1 (sky130_fd_sc_hd__a21oi_1)
                  0.06    0.05    2.11 ^ _29_/Y (sky130_fd_sc_hd__a21oi_1)
     1    0.00                           _02_ (net)
                  0.06    0.00    2.11 ^ _31_/A (sky130_fd_sc_hd__nor2_1)
                  0.03    0.04    2.15 v _31_/Y (sky130_fd_sc_hd__nor2_1)
     1    0.01                           net18 (net)
                  0.03    0.00    2.15 v output18/A (sky130_fd_sc_hd__buf_2)
                  0.06    0.11    2.26 v output18/X (sky130_fd_sc_hd__buf_2)
     1    0.03                           SUM[1] (net)
                  0.06    0.00    2.26 v SUM[1] (out)
                                  2.26   data arrival time

                  0.00    0.00    0.00   clock clk (rise edge)
                          0.00    0.00   clock network delay (ideal)
                          0.25    0.25   clock uncertainty
                          0.00    0.25   clock reconvergence pessimism
                         -2.00   -1.75   output external delay
                                 -1.75   data required time
-----------------------------------------------------------------------------
                                 -1.75   data required time
                                 -2.26   data arrival time
-----------------------------------------------------------------------------
                                  4.01   slack (MET)


Startpoint: B[4] (input port clocked by clk)
Endpoint: SUM[4] (output port clocked by clk)
Path Group: clk
Path Type: min
Corner: Fastest

Fanout     Cap    Slew   Delay    Time   Description
-----------------------------------------------------------------------------
                  0.00    0.00    0.00   clock clk (rise edge)
                          0.00    0.00   clock network delay (ideal)
                          2.00    2.00 ^ input external delay
                  0.01    0.01    2.01 ^ B[4] (in)
     1    0.00                           B[4] (net)
                  0.01    0.00    2.01 ^ input13/A (sky130_fd_sc_hd__buf_1)
                  0.10    0.09    2.09 ^ input13/X (sky130_fd_sc_hd__buf_1)
     2    0.01                           net13 (net)
                  0.10    0.00    2.10 ^ _43_/A (sky130_fd_sc_hd__xor2_1)
                  0.03    0.05    2.15 v _43_/X (sky130_fd_sc_hd__xor2_1)
     1    0.00                           net21 (net)
                  0.03    0.00    2.15 v output21/A (sky130_fd_sc_hd__clkbuf_4)
                  0.06    0.12    2.26 v output21/X (sky130_fd_sc_hd__clkbuf_4)
     1    0.03                           SUM[4] (net)
                  0.06    0.00    2.26 v SUM[4] (out)
                                  2.26   data arrival time

                  0.00    0.00    0.00   clock clk (rise edge)
                          0.00    0.00   clock network delay (ideal)
                          0.25    0.25   clock uncertainty
                          0.00    0.25   clock reconvergence pessimism
                         -2.00   -1.75   output external delay
                                 -1.75   data required time
-----------------------------------------------------------------------------
                                 -1.75   data required time
                                 -2.26   data arrival time
-----------------------------------------------------------------------------
                                  4.01   slack (MET)


Startpoint: B[6] (input port clocked by clk)
Endpoint: SUM[6] (output port clocked by clk)
Path Group: clk
Path Type: min
Corner: Fastest

Fanout     Cap    Slew   Delay    Time   Description
-----------------------------------------------------------------------------
                  0.00    0.00    0.00   clock clk (rise edge)
                          0.00    0.00   clock network delay (ideal)
                          2.00    2.00 ^ input external delay
                  0.02    0.01    2.01 ^ B[6] (in)
     1    0.00                           B[6] (net)
                  0.02    0.00    2.01 ^ input15/A (sky130_fd_sc_hd__buf_1)
                  0.09    0.08    2.10 ^ input15/X (sky130_fd_sc_hd__buf_1)
     2    0.01                           net15 (net)
                  0.09    0.00    2.10 ^ _55_/A (sky130_fd_sc_hd__xnor2_1)
                  0.04    0.06    2.16 v _55_/Y (sky130_fd_sc_hd__xnor2_1)
     1    0.01                           net23 (net)
                  0.04    0.00    2.16 v output23/A (sky130_fd_sc_hd__buf_4)
                  0.04    0.11    2.27 v output23/X (sky130_fd_sc_hd__buf_4)
     1    0.04                           SUM[6] (net)
                  0.04    0.00    2.27 v SUM[6] (out)
                                  2.27   data arrival time

                  0.00    0.00    0.00   clock clk (rise edge)
                          0.00    0.00   clock network delay (ideal)
                          0.25    0.25   clock uncertainty
                          0.00    0.25   clock reconvergence pessimism
                         -2.00   -1.75   output external delay
                                 -1.75   data required time
-----------------------------------------------------------------------------
                                 -1.75   data required time
                                 -2.27   data arrival time
-----------------------------------------------------------------------------
                                  4.02   slack (MET)


Startpoint: B[0] (input port clocked by clk)
Endpoint: SUM[0] (output port clocked by clk)
Path Group: clk
Path Type: min
Corner: Fastest

Fanout     Cap    Slew   Delay    Time   Description
-----------------------------------------------------------------------------
                  0.00    0.00    0.00   clock clk (rise edge)
                          0.00    0.00   clock network delay (ideal)
                          2.00    2.00 ^ input external delay
                  0.01    0.01    2.01 ^ B[0] (in)
     1    0.00                           B[0] (net)
                  0.01    0.00    2.01 ^ input9/A (sky130_fd_sc_hd__buf_1)
                  0.12    0.10    2.11 ^ input9/X (sky130_fd_sc_hd__buf_1)
     4    0.01                           net9 (net)
                  0.12    0.00    2.11 ^ _26_/A (sky130_fd_sc_hd__xor2_1)
                  0.02    0.04    2.16 v _26_/X (sky130_fd_sc_hd__xor2_1)
     1    0.00                           net17 (net)
                  0.02    0.00    2.16 v output17/A (sky130_fd_sc_hd__clkbuf_4)
                  0.06    0.11    2.27 v output17/X (sky130_fd_sc_hd__clkbuf_4)
     1    0.03                           SUM[0] (net)
                  0.06    0.00    2.27 v SUM[0] (out)
                                  2.27   data arrival time

                  0.00    0.00    0.00   clock clk (rise edge)
                          0.00    0.00   clock network delay (ideal)
                          0.25    0.25   clock uncertainty
                          0.00    0.25   clock reconvergence pessimism
                         -2.00   -1.75   output external delay
                                 -1.75   data required time
-----------------------------------------------------------------------------
                                 -1.75   data required time
                                 -2.27   data arrival time
-----------------------------------------------------------------------------
                                  4.02   slack (MET)


Startpoint: B[2] (input port clocked by clk)
Endpoint: SUM[2] (output port clocked by clk)
Path Group: clk
Path Type: min
Corner: Fastest

Fanout     Cap    Slew   Delay    Time   Description
-----------------------------------------------------------------------------
                  0.00    0.00    0.00   clock clk (rise edge)
                          0.00    0.00   clock network delay (ideal)
                          2.00    2.00 ^ input external delay
                  0.02    0.01    2.01 ^ B[2] (in)
     1    0.00                           B[2] (net)
                  0.02    0.00    2.01 ^ input11/A (sky130_fd_sc_hd__buf_1)
                  0.11    0.10    2.11 ^ input11/X (sky130_fd_sc_hd__buf_1)
     2    0.01                           net11 (net)
                  0.11    0.00    2.11 ^ _36_/A (sky130_fd_sc_hd__xor2_1)
                  0.03    0.05    2.16 v _36_/X (sky130_fd_sc_hd__xor2_1)
     1    0.00                           net19 (net)
                  0.03    0.00    2.16 v output19/A (sky130_fd_sc_hd__clkbuf_4)
                  0.06    0.12    2.27 v output19/X (sky130_fd_sc_hd__clkbuf_4)
     1    0.03                           SUM[2] (net)
                  0.06    0.00    2.27 v SUM[2] (out)
                                  2.27   data arrival time

                  0.00    0.00    0.00   clock clk (rise edge)
                          0.00    0.00   clock network delay (ideal)
                          0.25    0.25   clock uncertainty
                          0.00    0.25   clock reconvergence pessimism
                         -2.00   -1.75   output external delay
                                 -1.75   data required time
-----------------------------------------------------------------------------
                                 -1.75   data required time
                                 -2.27   data arrival time
-----------------------------------------------------------------------------
                                  4.02   slack (MET)


Startpoint: B[3] (input port clocked by clk)
Endpoint: SUM[3] (output port clocked by clk)
Path Group: clk
Path Type: min
Corner: Fastest

Fanout     Cap    Slew   Delay    Time   Description
-----------------------------------------------------------------------------
                  0.00    0.00    0.00   clock clk (rise edge)
                          0.00    0.00   clock network delay (ideal)
                          2.00    2.00 ^ input external delay
                  0.02    0.01    2.01 ^ B[3] (in)
     1    0.00                           B[3] (net)
                  0.02    0.00    2.01 ^ input12/A (sky130_fd_sc_hd__buf_1)
                  0.14    0.12    2.13 ^ input12/X (sky130_fd_sc_hd__buf_1)
     2    0.02                           net12 (net)
                  0.14    0.00    2.13 ^ _39_/A (sky130_fd_sc_hd__xor2_1)
                  0.02    0.04    2.17 v _39_/X (sky130_fd_sc_hd__xor2_1)
     1    0.00                           net20 (net)
                  0.02    0.00    2.17 v output20/A (sky130_fd_sc_hd__clkbuf_4)
                  0.06    0.12    2.29 v output20/X (sky130_fd_sc_hd__clkbuf_4)
     1    0.04                           SUM[3] (net)
                  0.06    0.00    2.29 v SUM[3] (out)
                                  2.29   data arrival time

                  0.00    0.00    0.00   clock clk (rise edge)
                          0.00    0.00   clock network delay (ideal)
                          0.25    0.25   clock uncertainty
                          0.00    0.25   clock reconvergence pessimism
                         -2.00   -1.75   output external delay
                                 -1.75   data required time
-----------------------------------------------------------------------------
                                 -1.75   data required time
                                 -2.29   data arrival time
-----------------------------------------------------------------------------
                                  4.04   slack (MET)


Startpoint: A[7] (input port clocked by clk)
Endpoint: SUM[7] (output port clocked by clk)
Path Group: clk
Path Type: min
Corner: Fastest

Fanout     Cap    Slew   Delay    Time   Description
-----------------------------------------------------------------------------
                  0.00    0.00    0.00   clock clk (rise edge)
                          0.00    0.00   clock network delay (ideal)
                          2.00    2.00 ^ input external delay
                  0.02    0.01    2.01 ^ A[7] (in)
     1    0.00                           A[7] (net)
                  0.02    0.00    2.01 ^ input8/A (sky130_fd_sc_hd__clkbuf_1)
                  0.06    0.06    2.07 ^ input8/X (sky130_fd_sc_hd__clkbuf_1)
     1    0.01                           net8 (net)
                  0.06    0.00    2.07 ^ _58_/A (sky130_fd_sc_hd__xor2_1)
                  0.03    0.04    2.12 v _58_/X (sky130_fd_sc_hd__xor2_1)
     1    0.00                           _25_ (net)
                  0.03    0.00    2.12 v _59_/B (sky130_fd_sc_hd__xnor2_1)
                  0.02    0.07    2.19 v _59_/Y (sky130_fd_sc_hd__xnor2_1)
     1    0.00                           net24 (net)
                  0.02    0.00    2.19 v output24/A (sky130_fd_sc_hd__buf_2)
                  0.06    0.11    2.30 v output24/X (sky130_fd_sc_hd__buf_2)
     1    0.03                           SUM[7] (net)
                  0.06    0.00    2.30 v SUM[7] (out)
                                  2.30   data arrival time

                  0.00    0.00    0.00   clock clk (rise edge)
                          0.00    0.00   clock network delay (ideal)
                          0.25    0.25   clock uncertainty
                          0.00    0.25   clock reconvergence pessimism
                         -2.00   -1.75   output external delay
                                 -1.75   data required time
-----------------------------------------------------------------------------
                                 -1.75   data required time
                                 -2.30   data arrival time
-----------------------------------------------------------------------------
                                  4.05   slack (MET)


Startpoint: B[5] (input port clocked by clk)
Endpoint: SUM[5] (output port clocked by clk)
Path Group: clk
Path Type: min
Corner: Fastest

Fanout     Cap    Slew   Delay    Time   Description
-----------------------------------------------------------------------------
                  0.00    0.00    0.00   clock clk (rise edge)
                          0.00    0.00   clock network delay (ideal)
                          2.00    2.00 ^ input external delay
                  0.02    0.01    2.01 ^ B[5] (in)
     1    0.00                           B[5] (net)
                  0.02    0.00    2.01 ^ input14/A (sky130_fd_sc_hd__buf_1)
                  0.07    0.07    2.08 ^ input14/X (sky130_fd_sc_hd__buf_1)
     2    0.01                           net14 (net)
                  0.07    0.00    2.08 ^ _47_/A (sky130_fd_sc_hd__or2_1)
                  0.02    0.06    2.14 ^ _47_/X (sky130_fd_sc_hd__or2_1)
     1    0.00                           _16_ (net)
                  0.02    0.00    2.14 ^ _49_/A (sky130_fd_sc_hd__and2_1)
                  0.04    0.07    2.20 ^ _49_/X (sky130_fd_sc_hd__and2_1)
     1    0.00                           _18_ (net)
                  0.04    0.00    2.20 ^ _50_/A (sky130_fd_sc_hd__clkbuf_1)
                  0.04    0.05    2.26 ^ _50_/X (sky130_fd_sc_hd__clkbuf_1)
     1    0.00                           net22 (net)
                  0.04    0.00    2.26 ^ output22/A (sky130_fd_sc_hd__clkbuf_4)
                  0.08    0.12    2.38 ^ output22/X (sky130_fd_sc_hd__clkbuf_4)
     1    0.03                           SUM[5] (net)
                  0.08    0.00    2.38 ^ SUM[5] (out)
                                  2.38   data arrival time

                  0.00    0.00    0.00   clock clk (rise edge)
                          0.00    0.00   clock network delay (ideal)
                          0.25    0.25   clock uncertainty
                          0.00    0.25   clock reconvergence pessimism
                         -2.00   -1.75   output external delay
                                 -1.75   data required time
-----------------------------------------------------------------------------
                                 -1.75   data required time
                                 -2.38   data arrival time
-----------------------------------------------------------------------------
                                  4.13   slack (MET)



======================= Slowest Corner ===================================

Startpoint: B[4] (input port clocked by clk)
Endpoint: SUM[4] (output port clocked by clk)
Path Group: clk
Path Type: min
Corner: Slowest

Fanout     Cap    Slew   Delay    Time   Description
-----------------------------------------------------------------------------
                  0.00    0.00    0.00   clock clk (rise edge)
                          0.00    0.00   clock network delay (ideal)
                          2.00    2.00 ^ input external delay
                  0.03    0.02    2.02 ^ B[4] (in)
     1    0.00                           B[4] (net)
                  0.03    0.00    2.02 ^ input13/A (sky130_fd_sc_hd__buf_1)
                  0.21    0.22    2.24 ^ input13/X (sky130_fd_sc_hd__buf_1)
     2    0.01                           net13 (net)
                  0.21    0.00    2.24 ^ _43_/A (sky130_fd_sc_hd__xor2_1)
                  0.08    0.19    2.43 v _43_/X (sky130_fd_sc_hd__xor2_1)
     1    0.00                           net21 (net)
                  0.08    0.00    2.43 v output21/A (sky130_fd_sc_hd__clkbuf_4)
                  0.14    0.32    2.74 v output21/X (sky130_fd_sc_hd__clkbuf_4)
     1    0.03                           SUM[4] (net)
                  0.14    0.00    2.74 v SUM[4] (out)
                                  2.74   data arrival time

                  0.00    0.00    0.00   clock clk (rise edge)
                          0.00    0.00   clock network delay (ideal)
                          0.25    0.25   clock uncertainty
                          0.00    0.25   clock reconvergence pessimism
                         -2.00   -1.75   output external delay
                                 -1.75   data required time
-----------------------------------------------------------------------------
                                 -1.75   data required time
                                 -2.74   data arrival time
-----------------------------------------------------------------------------
                                  4.49   slack (MET)


Startpoint: B[0] (input port clocked by clk)
Endpoint: SUM[0] (output port clocked by clk)
Path Group: clk
Path Type: min
Corner: Slowest

Fanout     Cap    Slew   Delay    Time   Description
-----------------------------------------------------------------------------
                  0.00    0.00    0.00   clock clk (rise edge)
                          0.00    0.00   clock network delay (ideal)
                          2.00    2.00 ^ input external delay
                  0.03    0.01    2.01 ^ B[0] (in)
     1    0.00                           B[0] (net)
                  0.03    0.00    2.01 ^ input9/A (sky130_fd_sc_hd__buf_1)
                  0.26    0.25    2.27 ^ input9/X (sky130_fd_sc_hd__buf_1)
     4    0.01                           net9 (net)
                  0.26    0.00    2.27 ^ _26_/A (sky130_fd_sc_hd__xor2_1)
                  0.07    0.18    2.45 v _26_/X (sky130_fd_sc_hd__xor2_1)
     1    0.00                           net17 (net)
                  0.07    0.00    2.45 v output17/A (sky130_fd_sc_hd__clkbuf_4)
                  0.14    0.31    2.76 v output17/X (sky130_fd_sc_hd__clkbuf_4)
     1    0.03                           SUM[0] (net)
                  0.14    0.00    2.76 v SUM[0] (out)
                                  2.76   data arrival time

                  0.00    0.00    0.00   clock clk (rise edge)
                          0.00    0.00   clock network delay (ideal)
                          0.25    0.25   clock uncertainty
                          0.00    0.25   clock reconvergence pessimism
                         -2.00   -1.75   output external delay
                                 -1.75   data required time
-----------------------------------------------------------------------------
                                 -1.75   data required time
                                 -2.76   data arrival time
-----------------------------------------------------------------------------
                                  4.51   slack (MET)


Startpoint: B[2] (input port clocked by clk)
Endpoint: SUM[2] (output port clocked by clk)
Path Group: clk
Path Type: min
Corner: Slowest

Fanout     Cap    Slew   Delay    Time   Description
-----------------------------------------------------------------------------
                  0.00    0.00    0.00   clock clk (rise edge)
                          0.00    0.00   clock network delay (ideal)
                          2.00    2.00 ^ input external delay
                  0.04    0.02    2.02 ^ B[2] (in)
     1    0.00                           B[2] (net)
                  0.04    0.00    2.02 ^ input11/A (sky130_fd_sc_hd__buf_1)
                  0.24    0.24    2.26 ^ input11/X (sky130_fd_sc_hd__buf_1)
     2    0.01                           net11 (net)
                  0.24    0.00    2.26 ^ _36_/A (sky130_fd_sc_hd__xor2_1)
                  0.08    0.19    2.45 v _36_/X (sky130_fd_sc_hd__xor2_1)
     1    0.00                           net19 (net)
                  0.08    0.00    2.45 v output19/A (sky130_fd_sc_hd__clkbuf_4)
                  0.14    0.31    2.77 v output19/X (sky130_fd_sc_hd__clkbuf_4)
     1    0.03                           SUM[2] (net)
                  0.14    0.00    2.77 v SUM[2] (out)
                                  2.77   data arrival time

                  0.00    0.00    0.00   clock clk (rise edge)
                          0.00    0.00   clock network delay (ideal)
                          0.25    0.25   clock uncertainty
                          0.00    0.25   clock reconvergence pessimism
                         -2.00   -1.75   output external delay
                                 -1.75   data required time
-----------------------------------------------------------------------------
                                 -1.75   data required time
                                 -2.77   data arrival time
-----------------------------------------------------------------------------
                                  4.52   slack (MET)


Startpoint: B[6] (input port clocked by clk)
Endpoint: SUM[6] (output port clocked by clk)
Path Group: clk
Path Type: min
Corner: Slowest

Fanout     Cap    Slew   Delay    Time   Description
-----------------------------------------------------------------------------
                  0.00    0.00    0.00   clock clk (rise edge)
                          0.00    0.00   clock network delay (ideal)
                          2.00    2.00 ^ input external delay
                  0.04    0.02    2.02 ^ B[6] (in)
     1    0.00                           B[6] (net)
                  0.04    0.00    2.02 ^ input15/A (sky130_fd_sc_hd__buf_1)
                  0.19    0.21    2.24 ^ input15/X (sky130_fd_sc_hd__buf_1)
     2    0.01                           net15 (net)
                  0.19    0.00    2.24 ^ _55_/A (sky130_fd_sc_hd__xnor2_1)
                  0.14    0.22    2.46 v _55_/Y (sky130_fd_sc_hd__xnor2_1)
     1    0.01                           net23 (net)
                  0.14    0.00    2.46 v output23/A (sky130_fd_sc_hd__buf_4)
                  0.11    0.32    2.78 v output23/X (sky130_fd_sc_hd__buf_4)
     1    0.04                           SUM[6] (net)
                  0.11    0.00    2.78 v SUM[6] (out)
                                  2.78   data arrival time

                  0.00    0.00    0.00   clock clk (rise edge)
                          0.00    0.00   clock network delay (ideal)
                          0.25    0.25   clock uncertainty
                          0.00    0.25   clock reconvergence pessimism
                         -2.00   -1.75   output external delay
                                 -1.75   data required time
-----------------------------------------------------------------------------
                                 -1.75   data required time
                                 -2.78   data arrival time
-----------------------------------------------------------------------------
                                  4.53   slack (MET)


Startpoint: B[3] (input port clocked by clk)
Endpoint: SUM[3] (output port clocked by clk)
Path Group: clk
Path Type: min
Corner: Slowest

Fanout     Cap    Slew   Delay    Time   Description
-----------------------------------------------------------------------------
                  0.00    0.00    0.00   clock clk (rise edge)
                          0.00    0.00   clock network delay (ideal)
                          2.00    2.00 ^ input external delay
                  0.04    0.02    2.02 ^ B[3] (in)
     1    0.00                           B[3] (net)
                  0.04    0.00    2.02 ^ input12/A (sky130_fd_sc_hd__buf_1)
                  0.31    0.29    2.31 ^ input12/X (sky130_fd_sc_hd__buf_1)
     2    0.02                           net12 (net)
                  0.31    0.00    2.31 ^ _39_/A (sky130_fd_sc_hd__xor2_1)
                  0.06    0.19    2.50 v _39_/X (sky130_fd_sc_hd__xor2_1)
     1    0.00                           net20 (net)
                  0.06    0.00    2.50 v output20/A (sky130_fd_sc_hd__clkbuf_4)
                  0.14    0.31    2.81 v output20/X (sky130_fd_sc_hd__clkbuf_4)
     1    0.04                           SUM[3] (net)
                  0.14    0.00    2.81 v SUM[3] (out)
                                  2.81   data arrival time

                  0.00    0.00    0.00   clock clk (rise edge)
                          0.00    0.00   clock network delay (ideal)
                          0.25    0.25   clock uncertainty
                          0.00    0.25   clock reconvergence pessimism
                         -2.00   -1.75   output external delay
                                 -1.75   data required time
-----------------------------------------------------------------------------
                                 -1.75   data required time
                                 -2.81   data arrival time
-----------------------------------------------------------------------------
                                  4.56   slack (MET)


Startpoint: B[1] (input port clocked by clk)
Endpoint: SUM[1] (output port clocked by clk)
Path Group: clk
Path Type: min
Corner: Slowest

Fanout     Cap    Slew   Delay    Time   Description
-----------------------------------------------------------------------------
                  0.00    0.00    0.00   clock clk (rise edge)
                          0.00    0.00   clock network delay (ideal)
                          2.00    2.00 v input external delay
                  0.02    0.01    2.01 v B[1] (in)
     1    0.00                           B[1] (net)
                  0.02    0.00    2.01 v input10/A (sky130_fd_sc_hd__clkbuf_1)
                  0.09    0.16    2.17 v input10/X (sky130_fd_sc_hd__clkbuf_1)
     2    0.01                           net10 (net)
                  0.09    0.00    2.17 v _29_/B1 (sky130_fd_sc_hd__a21oi_1)
                  0.18    0.20    2.37 ^ _29_/Y (sky130_fd_sc_hd__a21oi_1)
     1    0.00                           _02_ (net)
                  0.18    0.00    2.37 ^ _31_/A (sky130_fd_sc_hd__nor2_1)
                  0.07    0.14    2.51 v _31_/Y (sky130_fd_sc_hd__nor2_1)
     1    0.01                           net18 (net)
                  0.07    0.00    2.51 v output18/A (sky130_fd_sc_hd__buf_2)
                  0.16    0.33    2.84 v output18/X (sky130_fd_sc_hd__buf_2)
     1    0.03                           SUM[1] (net)
                  0.16    0.00    2.84 v SUM[1] (out)
                                  2.84   data arrival time

                  0.00    0.00    0.00   clock clk (rise edge)
                          0.00    0.00   clock network delay (ideal)
                          0.25    0.25   clock uncertainty
                          0.00    0.25   clock reconvergence pessimism
                         -2.00   -1.75   output external delay
                                 -1.75   data required time
-----------------------------------------------------------------------------
                                 -1.75   data required time
                                 -2.84   data arrival time
-----------------------------------------------------------------------------
                                  4.59   slack (MET)


Startpoint: A[7] (input port clocked by clk)
Endpoint: SUM[7] (output port clocked by clk)
Path Group: clk
Path Type: min
Corner: Slowest

Fanout     Cap    Slew   Delay    Time   Description
-----------------------------------------------------------------------------
                  0.00    0.00    0.00   clock clk (rise edge)
                          0.00    0.00   clock network delay (ideal)
                          2.00    2.00 ^ input external delay
                  0.04    0.02    2.02 ^ A[7] (in)
     1    0.00                           A[7] (net)
                  0.04    0.00    2.02 ^ input8/A (sky130_fd_sc_hd__clkbuf_1)
                  0.13    0.17    2.18 ^ input8/X (sky130_fd_sc_hd__clkbuf_1)
     1    0.01                           net8 (net)
                  0.13    0.00    2.18 ^ _58_/A (sky130_fd_sc_hd__xor2_1)
                  0.08    0.16    2.34 v _58_/X (sky130_fd_sc_hd__xor2_1)
     1    0.00                           _25_ (net)
                  0.08    0.00    2.34 v _59_/B (sky130_fd_sc_hd__xnor2_1)
                  0.07    0.20    2.54 v _59_/Y (sky130_fd_sc_hd__xnor2_1)
     1    0.00                           net24 (net)
                  0.07    0.00    2.54 v output24/A (sky130_fd_sc_hd__buf_2)
                  0.16    0.33    2.87 v output24/X (sky130_fd_sc_hd__buf_2)
     1    0.03                           SUM[7] (net)
                  0.16    0.00    2.87 v SUM[7] (out)
                                  2.87   data arrival time

                  0.00    0.00    0.00   clock clk (rise edge)
                          0.00    0.00   clock network delay (ideal)
                          0.25    0.25   clock uncertainty
                          0.00    0.25   clock reconvergence pessimism
                         -2.00   -1.75   output external delay
                                 -1.75   data required time
-----------------------------------------------------------------------------
                                 -1.75   data required time
                                 -2.87   data arrival time
-----------------------------------------------------------------------------
                                  4.62   slack (MET)


Startpoint: B[5] (input port clocked by clk)
Endpoint: SUM[5] (output port clocked by clk)
Path Group: clk
Path Type: min
Corner: Slowest

Fanout     Cap    Slew   Delay    Time   Description
-----------------------------------------------------------------------------
                  0.00    0.00    0.00   clock clk (rise edge)
                          0.00    0.00   clock network delay (ideal)
                          2.00    2.00 ^ input external delay
                  0.03    0.02    2.02 ^ B[5] (in)
     1    0.00                           B[5] (net)
                  0.03    0.00    2.02 ^ input14/A (sky130_fd_sc_hd__buf_1)
                  0.15    0.18    2.20 ^ input14/X (sky130_fd_sc_hd__buf_1)
     2    0.01                           net14 (net)
                  0.15    0.00    2.20 ^ _47_/A (sky130_fd_sc_hd__or2_1)
                  0.05    0.18    2.37 ^ _47_/X (sky130_fd_sc_hd__or2_1)
     1    0.00                           _16_ (net)
                  0.05    0.00    2.37 ^ _49_/A (sky130_fd_sc_hd__and2_1)
                  0.08    0.20    2.58 ^ _49_/X (sky130_fd_sc_hd__and2_1)
     1    0.00                           _18_ (net)
                  0.08    0.00    2.58 ^ _50_/A (sky130_fd_sc_hd__clkbuf_1)
                  0.08    0.16    2.73 ^ _50_/X (sky130_fd_sc_hd__clkbuf_1)
     1    0.00                           net22 (net)
                  0.08    0.00    2.73 ^ output22/A (sky130_fd_sc_hd__clkbuf_4)
                  0.18    0.32    3.05 ^ output22/X (sky130_fd_sc_hd__clkbuf_4)
     1    0.03                           SUM[5] (net)
                  0.18    0.00    3.05 ^ SUM[5] (out)
                                  3.05   data arrival time

                  0.00    0.00    0.00   clock clk (rise edge)
                          0.00    0.00   clock network delay (ideal)
                          0.25    0.25   clock uncertainty
                          0.00    0.25   clock reconvergence pessimism
                         -2.00   -1.75   output external delay
                                 -1.75   data required time
-----------------------------------------------------------------------------
                                 -1.75   data required time
                                 -3.05   data arrival time
-----------------------------------------------------------------------------
                                  4.80   slack (MET)



======================= Typical Corner ===================================

Startpoint: B[4] (input port clocked by clk)
Endpoint: SUM[4] (output port clocked by clk)
Path Group: clk
Path Type: min
Corner: Typical

Fanout     Cap    Slew   Delay    Time   Description
-----------------------------------------------------------------------------
                  0.00    0.00    0.00   clock clk (rise edge)
                          0.00    0.00   clock network delay (ideal)
                          2.00    2.00 ^ input external delay
                  0.02    0.01    2.01 ^ B[4] (in)
     1    0.00                           B[4] (net)
                  0.02    0.00    2.01 ^ input13/A (sky130_fd_sc_hd__buf_1)
                  0.13    0.13    2.14 ^ input13/X (sky130_fd_sc_hd__buf_1)
     2    0.01                           net13 (net)
                  0.13    0.00    2.14 ^ _43_/A (sky130_fd_sc_hd__xor2_1)
                  0.04    0.09    2.22 v _43_/X (sky130_fd_sc_hd__xor2_1)
     1    0.00                           net21 (net)
                  0.04    0.00    2.22 v output21/A (sky130_fd_sc_hd__clkbuf_4)
                  0.08    0.17    2.40 v output21/X (sky130_fd_sc_hd__clkbuf_4)
     1    0.03                           SUM[4] (net)
                  0.08    0.00    2.40 v SUM[4] (out)
                                  2.40   data arrival time

                  0.00    0.00    0.00   clock clk (rise edge)
                          0.00    0.00   clock network delay (ideal)
                          0.25    0.25   clock uncertainty
                          0.00    0.25   clock reconvergence pessimism
                         -2.00   -1.75   output external delay
                                 -1.75   data required time
-----------------------------------------------------------------------------
                                 -1.75   data required time
                                 -2.40   data arrival time
-----------------------------------------------------------------------------
                                  4.15   slack (MET)


Startpoint: B[0] (input port clocked by clk)
Endpoint: SUM[0] (output port clocked by clk)
Path Group: clk
Path Type: min
Corner: Typical

Fanout     Cap    Slew   Delay    Time   Description
-----------------------------------------------------------------------------
                  0.00    0.00    0.00   clock clk (rise edge)
                          0.00    0.00   clock network delay (ideal)
                          2.00    2.00 ^ input external delay
                  0.02    0.01    2.01 ^ B[0] (in)
     1    0.00                           B[0] (net)
                  0.02    0.00    2.01 ^ input9/A (sky130_fd_sc_hd__buf_1)
                  0.16    0.15    2.16 ^ input9/X (sky130_fd_sc_hd__buf_1)
     4    0.01                           net9 (net)
                  0.16    0.00    2.16 ^ _26_/A (sky130_fd_sc_hd__xor2_1)
                  0.04    0.08    2.24 v _26_/X (sky130_fd_sc_hd__xor2_1)
     1    0.00                           net17 (net)
                  0.04    0.00    2.24 v output17/A (sky130_fd_sc_hd__clkbuf_4)
                  0.08    0.17    2.41 v output17/X (sky130_fd_sc_hd__clkbuf_4)
     1    0.03                           SUM[0] (net)
                  0.08    0.00    2.41 v SUM[0] (out)
                                  2.41   data arrival time

                  0.00    0.00    0.00   clock clk (rise edge)
                          0.00    0.00   clock network delay (ideal)
                          0.25    0.25   clock uncertainty
                          0.00    0.25   clock reconvergence pessimism
                         -2.00   -1.75   output external delay
                                 -1.75   data required time
-----------------------------------------------------------------------------
                                 -1.75   data required time
                                 -2.41   data arrival time
-----------------------------------------------------------------------------
                                  4.16   slack (MET)


Startpoint: B[6] (input port clocked by clk)
Endpoint: SUM[6] (output port clocked by clk)
Path Group: clk
Path Type: min
Corner: Typical

Fanout     Cap    Slew   Delay    Time   Description
-----------------------------------------------------------------------------
                  0.00    0.00    0.00   clock clk (rise edge)
                          0.00    0.00   clock network delay (ideal)
                          2.00    2.00 ^ input external delay
                  0.03    0.01    2.01 ^ B[6] (in)
     1    0.00                           B[6] (net)
                  0.03    0.00    2.01 ^ input15/A (sky130_fd_sc_hd__buf_1)
                  0.12    0.12    2.14 ^ input15/X (sky130_fd_sc_hd__buf_1)
     2    0.01                           net15 (net)
                  0.12    0.00    2.14 ^ _55_/A (sky130_fd_sc_hd__xnor2_1)
                  0.06    0.10    2.24 v _55_/Y (sky130_fd_sc_hd__xnor2_1)
     1    0.01                           net23 (net)
                  0.06    0.00    2.24 v output23/A (sky130_fd_sc_hd__buf_4)
                  0.06    0.17    2.41 v output23/X (sky130_fd_sc_hd__buf_4)
     1    0.04                           SUM[6] (net)
                  0.06    0.00    2.41 v SUM[6] (out)
                                  2.41   data arrival time

                  0.00    0.00    0.00   clock clk (rise edge)
                          0.00    0.00   clock network delay (ideal)
                          0.25    0.25   clock uncertainty
                          0.00    0.25   clock reconvergence pessimism
                         -2.00   -1.75   output external delay
                                 -1.75   data required time
-----------------------------------------------------------------------------
                                 -1.75   data required time
                                 -2.41   data arrival time
-----------------------------------------------------------------------------
                                  4.16   slack (MET)


Startpoint: B[2] (input port clocked by clk)
Endpoint: SUM[2] (output port clocked by clk)
Path Group: clk
Path Type: min
Corner: Typical

Fanout     Cap    Slew   Delay    Time   Description
-----------------------------------------------------------------------------
                  0.00    0.00    0.00   clock clk (rise edge)
                          0.00    0.00   clock network delay (ideal)
                          2.00    2.00 ^ input external delay
                  0.02    0.01    2.01 ^ B[2] (in)
     1    0.00                           B[2] (net)
                  0.02    0.00    2.01 ^ input11/A (sky130_fd_sc_hd__buf_1)
                  0.15    0.14    2.15 ^ input11/X (sky130_fd_sc_hd__buf_1)
     2    0.01                           net11 (net)
                  0.15    0.00    2.15 ^ _36_/A (sky130_fd_sc_hd__xor2_1)
                  0.04    0.09    2.24 v _36_/X (sky130_fd_sc_hd__xor2_1)
     1    0.00                           net19 (net)
                  0.04    0.00    2.24 v output19/A (sky130_fd_sc_hd__clkbuf_4)
                  0.08    0.17    2.41 v output19/X (sky130_fd_sc_hd__clkbuf_4)
     1    0.03                           SUM[2] (net)
                  0.08    0.00    2.41 v SUM[2] (out)
                                  2.41   data arrival time

                  0.00    0.00    0.00   clock clk (rise edge)
                          0.00    0.00   clock network delay (ideal)
                          0.25    0.25   clock uncertainty
                          0.00    0.25   clock reconvergence pessimism
                         -2.00   -1.75   output external delay
                                 -1.75   data required time
-----------------------------------------------------------------------------
                                 -1.75   data required time
                                 -2.41   data arrival time
-----------------------------------------------------------------------------
                                  4.16   slack (MET)


Startpoint: B[3] (input port clocked by clk)
Endpoint: SUM[3] (output port clocked by clk)
Path Group: clk
Path Type: min
Corner: Typical

Fanout     Cap    Slew   Delay    Time   Description
-----------------------------------------------------------------------------
                  0.00    0.00    0.00   clock clk (rise edge)
                          0.00    0.00   clock network delay (ideal)
                          2.00    2.00 ^ input external delay
                  0.02    0.01    2.01 ^ B[3] (in)
     1    0.00                           B[3] (net)
                  0.02    0.00    2.01 ^ input12/A (sky130_fd_sc_hd__buf_1)
                  0.19    0.17    2.18 ^ input12/X (sky130_fd_sc_hd__buf_1)
     2    0.02                           net12 (net)
                  0.19    0.00    2.18 ^ _39_/A (sky130_fd_sc_hd__xor2_1)
                  0.03    0.08    2.27 v _39_/X (sky130_fd_sc_hd__xor2_1)
     1    0.00                           net20 (net)
                  0.03    0.00    2.27 v output20/A (sky130_fd_sc_hd__clkbuf_4)
                  0.08    0.17    2.44 v output20/X (sky130_fd_sc_hd__clkbuf_4)
     1    0.04                           SUM[3] (net)
                  0.08    0.00    2.44 v SUM[3] (out)
                                  2.44   data arrival time

                  0.00    0.00    0.00   clock clk (rise edge)
                          0.00    0.00   clock network delay (ideal)
                          0.25    0.25   clock uncertainty
                          0.00    0.25   clock reconvergence pessimism
                         -2.00   -1.75   output external delay
                                 -1.75   data required time
-----------------------------------------------------------------------------
                                 -1.75   data required time
                                 -2.44   data arrival time
-----------------------------------------------------------------------------
                                  4.19   slack (MET)


Startpoint: B[1] (input port clocked by clk)
Endpoint: SUM[1] (output port clocked by clk)
Path Group: clk
Path Type: min
Corner: Typical

Fanout     Cap    Slew   Delay    Time   Description
-----------------------------------------------------------------------------
                  0.00    0.00    0.00   clock clk (rise edge)
                          0.00    0.00   clock network delay (ideal)
                          2.00    2.00 v input external delay
                  0.01    0.00    2.00 v B[1] (in)
     1    0.00                           B[1] (net)
                  0.01    0.00    2.00 v input10/A (sky130_fd_sc_hd__clkbuf_1)
                  0.05    0.09    2.09 v input10/X (sky130_fd_sc_hd__clkbuf_1)
     2    0.01                           net10 (net)
                  0.05    0.00    2.09 v _29_/B1 (sky130_fd_sc_hd__a21oi_1)
                  0.10    0.12    2.21 ^ _29_/Y (sky130_fd_sc_hd__a21oi_1)
     1    0.00                           _02_ (net)
                  0.10    0.00    2.21 ^ _31_/A (sky130_fd_sc_hd__nor2_1)
                  0.04    0.07    2.27 v _31_/Y (sky130_fd_sc_hd__nor2_1)
     1    0.01                           net18 (net)
                  0.04    0.00    2.27 v output18/A (sky130_fd_sc_hd__buf_2)
                  0.09    0.17    2.44 v output18/X (sky130_fd_sc_hd__buf_2)
     1    0.03                           SUM[1] (net)
                  0.09    0.00    2.44 v SUM[1] (out)
                                  2.44   data arrival time

                  0.00    0.00    0.00   clock clk (rise edge)
                          0.00    0.00   clock network delay (ideal)
                          0.25    0.25   clock uncertainty
                          0.00    0.25   clock reconvergence pessimism
                         -2.00   -1.75   output external delay
                                 -1.75   data required time
-----------------------------------------------------------------------------
                                 -1.75   data required time
                                 -2.44   data arrival time
-----------------------------------------------------------------------------
                                  4.19   slack (MET)


Startpoint: A[7] (input port clocked by clk)
Endpoint: SUM[7] (output port clocked by clk)
Path Group: clk
Path Type: min
Corner: Typical

Fanout     Cap    Slew   Delay    Time   Description
-----------------------------------------------------------------------------
                  0.00    0.00    0.00   clock clk (rise edge)
                          0.00    0.00   clock network delay (ideal)
                          2.00    2.00 ^ input external delay
                  0.02    0.01    2.01 ^ A[7] (in)
     1    0.00                           A[7] (net)
                  0.02    0.00    2.01 ^ input8/A (sky130_fd_sc_hd__clkbuf_1)
                  0.08    0.09    2.10 ^ input8/X (sky130_fd_sc_hd__clkbuf_1)
     1    0.01                           net8 (net)
                  0.08    0.00    2.10 ^ _58_/A (sky130_fd_sc_hd__xor2_1)
                  0.04    0.07    2.18 v _58_/X (sky130_fd_sc_hd__xor2_1)
     1    0.00                           _25_ (net)
                  0.04    0.00    2.18 v _59_/B (sky130_fd_sc_hd__xnor2_1)
                  0.04    0.11    2.29 v _59_/Y (sky130_fd_sc_hd__xnor2_1)
     1    0.00                           net24 (net)
                  0.04    0.00    2.29 v output24/A (sky130_fd_sc_hd__buf_2)
                  0.09    0.17    2.45 v output24/X (sky130_fd_sc_hd__buf_2)
     1    0.03                           SUM[7] (net)
                  0.09    0.00    2.45 v SUM[7] (out)
                                  2.45   data arrival time

                  0.00    0.00    0.00   clock clk (rise edge)
                          0.00    0.00   clock network delay (ideal)
                          0.25    0.25   clock uncertainty
                          0.00    0.25   clock reconvergence pessimism
                         -2.00   -1.75   output external delay
                                 -1.75   data required time
-----------------------------------------------------------------------------
                                 -1.75   data required time
                                 -2.45   data arrival time
-----------------------------------------------------------------------------
                                  4.20   slack (MET)


Startpoint: B[5] (input port clocked by clk)
Endpoint: SUM[5] (output port clocked by clk)
Path Group: clk
Path Type: min
Corner: Typical

Fanout     Cap    Slew   Delay    Time   Description
-----------------------------------------------------------------------------
                  0.00    0.00    0.00   clock clk (rise edge)
                          0.00    0.00   clock network delay (ideal)
                          2.00    2.00 ^ input external delay
                  0.02    0.01    2.01 ^ B[5] (in)
     1    0.00                           B[5] (net)
                  0.02    0.00    2.01 ^ input14/A (sky130_fd_sc_hd__buf_1)
                  0.09    0.10    2.11 ^ input14/X (sky130_fd_sc_hd__buf_1)
     2    0.01                           net14 (net)
                  0.09    0.00    2.11 ^ _47_/A (sky130_fd_sc_hd__or2_1)
                  0.03    0.09    2.21 ^ _47_/X (sky130_fd_sc_hd__or2_1)
     1    0.00                           _16_ (net)
                  0.03    0.00    2.21 ^ _49_/A (sky130_fd_sc_hd__and2_1)
                  0.05    0.10    2.31 ^ _49_/X (sky130_fd_sc_hd__and2_1)
     1    0.00                           _18_ (net)
                  0.05    0.00    2.31 ^ _50_/A (sky130_fd_sc_hd__clkbuf_1)
                  0.05    0.08    2.39 ^ _50_/X (sky130_fd_sc_hd__clkbuf_1)
     1    0.00                           net22 (net)
                  0.05    0.00    2.39 ^ output22/A (sky130_fd_sc_hd__clkbuf_4)
                  0.11    0.18    2.57 ^ output22/X (sky130_fd_sc_hd__clkbuf_4)
     1    0.03                           SUM[5] (net)
                  0.11    0.00    2.57 ^ SUM[5] (out)
                                  2.57   data arrival time

                  0.00    0.00    0.00   clock clk (rise edge)
                          0.00    0.00   clock network delay (ideal)
                          0.25    0.25   clock uncertainty
                          0.00    0.25   clock reconvergence pessimism
                         -2.00   -1.75   output external delay
                                 -1.75   data required time
-----------------------------------------------------------------------------
                                 -1.75   data required time
                                 -2.57   data arrival time
-----------------------------------------------------------------------------
                                  4.32   slack (MET)



