OpenROAD 41a51eaf4ca2171c92ff38afb91eb37bbd3f36da 
This program is licensed under the BSD-3 license. See the LICENSE file for details.
Components of this program may be licensed under more restrictive licenses which must be honored.
[INFO]: Reading ODB at '/openlane/designs/mbe/runs/myrun/results/floorplan/mbe.odb'…
define_corners Typical
read_liberty -corner Typical /home/jagadeesh97/.ciel/ciel/sky130/versions/0fe599b2afb6708d281543108caf8310912f54af/sky130A/libs.ref/sky130_fd_sc_hd/lib/sky130_fd_sc_hd__tt_025C_1v80.lib
Using 1e-12 for capacitance...
Using 1e+03 for resistance...
Using 1e-09 for time...
Using 1e+00 for voltage...
Using 1e-03 for current...
Using 1e-09 for power...
Using 1e-06 for distance...
Reading design constraints file at '/openlane/designs/mbe/runs/myrun/tmp/floorplan/3-initial_fp.sdc'…
[INFO]: Setting RC values...
[INFO]: Setting signal min routing layer to: met1 and clock min routing layer to met3. 
[INFO]: Setting signal max routing layer to: met5 and clock max routing layer to met5. 
[INFO GPL-0002] DBU: 1000
[INFO GPL-0003] SiteSize: 460 2720
[INFO GPL-0004] CoreAreaLxLy: 5520 10880
[INFO GPL-0005] CoreAreaUxUy: 103500 108800
[INFO GPL-0006] NumInstances: 499
[INFO GPL-0007] NumPlaceInstances: 294
[INFO GPL-0008] NumFixedInstances: 205
[INFO GPL-0009] NumDummyInstances: 0
[INFO GPL-0010] NumNets: 310
[INFO GPL-0011] NumPins: 1127
[INFO GPL-0012] DieAreaLxLy: 0 0
[INFO GPL-0013] DieAreaUxUy: 109195 119915
[INFO GPL-0014] CoreAreaLxLy: 5520 10880
[INFO GPL-0015] CoreAreaUxUy: 103500 108800
[INFO GPL-0016] CoreArea: 9594201600
[INFO GPL-0017] NonPlaceInstsArea: 436668800
[INFO GPL-0018] PlaceInstsArea: 2890272000
[INFO GPL-0019] Util(%): 31.56
[INFO GPL-0020] StdInstsArea: 2890272000
[INFO GPL-0021] MacroInstsArea: 0
[InitialPlace]  Iter: 1 CG residual: 0.00000009 HPWL: 5785970
[InitialPlace]  Iter: 2 CG residual: 0.00000009 HPWL: 5146959
[InitialPlace]  Iter: 3 CG residual: 0.00000006 HPWL: 5158912
[InitialPlace]  Iter: 4 CG residual: 0.00000008 HPWL: 5178405
[InitialPlace]  Iter: 5 CG residual: 0.00000011 HPWL: 5183450
[INFO GPL-0031] FillerInit: NumGCells: 335
[INFO GPL-0032] FillerInit: NumGNets: 310
[INFO GPL-0033] FillerInit: NumGPins: 1127
[INFO GPL-0023] TargetDensity: 0.36
[INFO GPL-0024] AveragePlaceInstArea: 9830857
[INFO GPL-0025] IdealBinArea: 27307936
[INFO GPL-0026] IdealBinCnt: 351
[INFO GPL-0027] TotalBinArea: 9594201600
[INFO GPL-0028] BinCnt: 16 16
[INFO GPL-0029] BinSize: 6124 6120
[INFO GPL-0030] NumBins: 256
[NesterovSolve] Iter: 1 overflow: 0.882865 HPWL: 3777179
[NesterovSolve] Iter: 10 overflow: 0.788293 HPWL: 4559952
[NesterovSolve] Iter: 20 overflow: 0.787681 HPWL: 4581041
[NesterovSolve] Iter: 30 overflow: 0.788942 HPWL: 4568775
[NesterovSolve] Iter: 40 overflow: 0.788603 HPWL: 4568929
[NesterovSolve] Iter: 50 overflow: 0.788653 HPWL: 4570747
[NesterovSolve] Iter: 60 overflow: 0.788649 HPWL: 4570930
[NesterovSolve] Iter: 70 overflow: 0.788476 HPWL: 4571765
[NesterovSolve] Iter: 80 overflow: 0.788393 HPWL: 4572634
[NesterovSolve] Iter: 90 overflow: 0.788241 HPWL: 4575517
[NesterovSolve] Iter: 100 overflow: 0.788009 HPWL: 4579400
[NesterovSolve] Iter: 110 overflow: 0.787636 HPWL: 4585512
[NesterovSolve] Iter: 120 overflow: 0.786888 HPWL: 4596436
[NesterovSolve] Iter: 130 overflow: 0.785705 HPWL: 4614128
[INFO GPL-0100] worst slack 1.05e-09
[INFO GPL-0103] Weighted 27 nets.
[NesterovSolve] Iter: 140 overflow: 0.789916 HPWL: 4610901
[NesterovSolve] Iter: 150 overflow: 0.782495 HPWL: 4704843
[NesterovSolve] Iter: 160 overflow: 0.776142 HPWL: 4779061
[NesterovSolve] Iter: 170 overflow: 0.765847 HPWL: 4878286
[NesterovSolve] Iter: 180 overflow: 0.751448 HPWL: 5032880
[NesterovSolve] Iter: 190 overflow: 0.72894 HPWL: 5201641
[NesterovSolve] Iter: 200 overflow: 0.705619 HPWL: 5427295
[NesterovSolve] Iter: 210 overflow: 0.667643 HPWL: 5640459
[NesterovSolve] Iter: 220 overflow: 0.634176 HPWL: 5836218
[INFO GPL-0100] worst slack 1.06e-09
[INFO GPL-0103] Weighted 29 nets.
[NesterovSolve] Snapshot saved at iter = 227
[NesterovSolve] Iter: 230 overflow: 0.58999 HPWL: 6028538
[NesterovSolve] Iter: 240 overflow: 0.536246 HPWL: 6180661
[NesterovSolve] Iter: 250 overflow: 0.479768 HPWL: 6286045
[INFO GPL-0100] worst slack 1.06e-09
[INFO GPL-0103] Weighted 29 nets.
[NesterovSolve] Iter: 260 overflow: 0.43098 HPWL: 6396472
[NesterovSolve] Iter: 270 overflow: 0.380265 HPWL: 6586405
[NesterovSolve] Iter: 280 overflow: 0.335702 HPWL: 6747713
[NesterovSolve] Iter: 290 overflow: 0.300532 HPWL: 6888304
[INFO GPL-0100] worst slack 1.07e-09
[INFO GPL-0103] Weighted 29 nets.
[NesterovSolve] Iter: 300 overflow: 0.270932 HPWL: 7016581
[NesterovSolve] Iter: 310 overflow: 0.243444 HPWL: 7096344
[NesterovSolve] Iter: 320 overflow: 0.211468 HPWL: 7189936
[INFO GPL-0100] worst slack 1.07e-09
[INFO GPL-0103] Weighted 27 nets.
[INFO GPL-0075] Routability numCall: 1 inflationIterCnt: 1 bloatIterCnt: 0
[INFO GPL-0036] TileLxLy: 0 0
[INFO GPL-0037] TileSize: 6900 6900
[INFO GPL-0038] TileCnt: 15 17
[INFO GPL-0039] numRoutingLayers: 6
[INFO GPL-0040] NumTiles: 255
[INFO GPL-0063] TotalRouteOverflowH2: 0.0
[INFO GPL-0064] TotalRouteOverflowV2: 0.0
[INFO GPL-0065] OverflowTileCnt2: 0
[INFO GPL-0066] 0.5%RC: 1.0
[INFO GPL-0067] 1.0%RC: 1.0
[INFO GPL-0068] 2.0%RC: 1.0
[INFO GPL-0069] 5.0%RC: 0.9673076845132388
[INFO GPL-0070] 0.5rcK: 1.0
[INFO GPL-0071] 1.0rcK: 1.0
[INFO GPL-0072] 2.0rcK: 0.0
[INFO GPL-0073] 5.0rcK: 0.0
[INFO GPL-0074] FinalRC: 1.0
[NesterovSolve] Iter: 330 overflow: 0.191865 HPWL: 7256404
[NesterovSolve] Iter: 340 overflow: 0.167641 HPWL: 7309833
[NesterovSolve] Iter: 350 overflow: 0.14778 HPWL: 7346050
[INFO GPL-0100] worst slack 1.06e-09
[INFO GPL-0103] Weighted 29 nets.
[NesterovSolve] Iter: 360 overflow: 0.127544 HPWL: 7391848
[NesterovSolve] Iter: 370 overflow: 0.10671 HPWL: 7415486
[NesterovSolve] Finished with Overflow: 0.099051
Setting global connections for newly added cells…
Writing OpenROAD database to '/openlane/designs/mbe/runs/myrun/tmp/placement/7-global.odb'…
Writing netlist to '/openlane/designs/mbe/runs/myrun/tmp/placement/7-global.nl.v'…
Writing powered netlist to '/openlane/designs/mbe/runs/myrun/tmp/placement/7-global.pnl.v'…
Writing layout to '/openlane/designs/mbe/runs/myrun/tmp/placement/7-global.def'…
