OpenROAD 41a51eaf4ca2171c92ff38afb91eb37bbd3f36da 
This program is licensed under the BSD-3 license. See the LICENSE file for details.
Components of this program may be licensed under more restrictive licenses which must be honored.
[INFO]: Reading ODB at '/openlane/designs/booth/runs/myrun/results/cts/booth.odb'…
define_corners Slowest Typical Fastest
read_liberty -corner Slowest /home/jagadeesh97/.ciel/ciel/sky130/versions/0fe599b2afb6708d281543108caf8310912f54af/sky130A/libs.ref/sky130_fd_sc_hd/lib/sky130_fd_sc_hd__ss_100C_1v60.lib
read_liberty -corner Typical /home/jagadeesh97/.ciel/ciel/sky130/versions/0fe599b2afb6708d281543108caf8310912f54af/sky130A/libs.ref/sky130_fd_sc_hd/lib/sky130_fd_sc_hd__tt_025C_1v80.lib
read_liberty -corner Fastest /home/jagadeesh97/.ciel/ciel/sky130/versions/0fe599b2afb6708d281543108caf8310912f54af/sky130A/libs.ref/sky130_fd_sc_hd/lib/sky130_fd_sc_hd__ff_n40C_1v95.lib
Using 1e-12 for capacitance...
Using 1e+03 for resistance...
Using 1e-09 for time...
Using 1e+00 for voltage...
Using 1e-03 for current...
Using 1e-09 for power...
Using 1e-06 for distance...
Reading design constraints file at '/openlane/designs/booth/runs/myrun/results/cts/booth.sdc'…
[WARNING STA-0357] virtual clock clk can not be propagated.
[INFO]: Setting RC values...
[INFO RSZ-0045] Inserted 24 buffers, 1 to split loads.
[INFO RSZ-0041] Resized 55 instances.
[WARNING RSZ-0062] Unable to repair all setup violations.
[INFO RSZ-0033] No hold violations found.
Placement Analysis
---------------------------------
total displacement        157.9 u
average displacement        0.2 u
max displacement            5.9 u
original HPWL           11823.3 u
legalized HPWL          12316.4 u
delta HPWL                    4 %

[INFO DPL-0020] Mirrored 235 instances
[INFO DPL-0021] HPWL before           12316.4 u
[INFO DPL-0022] HPWL after            11910.5 u
[INFO DPL-0023] HPWL delta               -3.3 %
Setting global connections for newly added cells…
Writing OpenROAD database to '/openlane/designs/booth/runs/myrun/tmp/cts/14-booth.resized.odb'…
Writing netlist to '/openlane/designs/booth/runs/myrun/tmp/cts/14-booth.resized.nl.v'…
Writing powered netlist to '/openlane/designs/booth/runs/myrun/tmp/cts/14-booth.resized.pnl.v'…
Writing layout to '/openlane/designs/booth/runs/myrun/tmp/cts/14-booth.resized.def'…
Writing timing constraints to '/openlane/designs/booth/runs/myrun/tmp/cts/14-booth.resized.sdc'…
area_report

===========================================================================
report_design_area
============================================================================
Design area 4476 u^2 31% utilization.
area_report_end
