
===========================================================================
report_checks -unconstrained
===========================================================================
======================= Typical Corner ===================================

Startpoint: A[0] (input port clocked by clk)
Endpoint: P[15] (output port clocked by clk)
Path Group: clk
Path Type: max

Fanout     Cap    Slew   Delay    Time   Description
-----------------------------------------------------------------------------
                  0.00    0.00    0.00   clock clk (rise edge)
                          0.00    0.00   clock network delay (ideal)
                          2.00    2.00 v input external delay
                  0.02    0.01    2.01 v A[0] (in)
     1    0.01                           A[0] (net)
                  0.02    0.00    2.01 v input1/A (sky130_fd_sc_hd__buf_6)
                  0.04    0.12    2.13 v input1/X (sky130_fd_sc_hd__buf_6)
     5    0.02                           net1 (net)
                  0.04    0.00    2.13 v _297_/A (sky130_fd_sc_hd__or4_1)
                  0.10    0.56    2.69 v _297_/X (sky130_fd_sc_hd__or4_1)
     1    0.01                           _231_ (net)
                  0.10    0.00    2.69 v _298_/A (sky130_fd_sc_hd__buf_6)
                  0.04    0.16    2.86 v _298_/X (sky130_fd_sc_hd__buf_6)
     7    0.03                           _232_ (net)
                  0.04    0.00    2.86 v _417_/A4 (sky130_fd_sc_hd__o41a_2)
                  0.10    0.44    3.30 v _417_/X (sky130_fd_sc_hd__o41a_2)
     7    0.02                           _069_ (net)
                  0.10    0.00    3.30 v _443_/A2 (sky130_fd_sc_hd__a21o_2)
                  0.08    0.29    3.59 v _443_/X (sky130_fd_sc_hd__a21o_2)
     7    0.02                           _094_ (net)
                  0.08    0.00    3.59 v _445_/A (sky130_fd_sc_hd__or4_1)
                  0.11    0.59    4.18 v _445_/X (sky130_fd_sc_hd__or4_1)
     2    0.01                           _096_ (net)
                  0.11    0.00    4.18 v _468_/A1 (sky130_fd_sc_hd__a21oi_1)
                  0.16    0.20    4.38 ^ _468_/Y (sky130_fd_sc_hd__a21oi_1)
     2    0.01                           _118_ (net)
                  0.16    0.00    4.38 ^ _469_/B (sky130_fd_sc_hd__nor2_1)
                  0.06    0.07    4.45 v _469_/Y (sky130_fd_sc_hd__nor2_1)
     2    0.00                           _119_ (net)
                  0.06    0.00    4.45 v _471_/A (sky130_fd_sc_hd__or2_1)
                  0.09    0.29    4.75 v _471_/X (sky130_fd_sc_hd__or2_1)
     2    0.01                           _121_ (net)
                  0.09    0.00    4.75 v _474_/A (sky130_fd_sc_hd__xor2_2)
                  0.10    0.21    4.96 v _474_/X (sky130_fd_sc_hd__xor2_2)
     2    0.01                           _124_ (net)
                  0.10    0.00    4.96 v _478_/A (sky130_fd_sc_hd__xor2_2)
                  0.09    0.22    5.19 v _478_/X (sky130_fd_sc_hd__xor2_2)
     4    0.01                           _128_ (net)
                  0.09    0.00    5.19 v _520_/C (sky130_fd_sc_hd__nor4_1)
                  0.23    0.25    5.44 ^ _520_/Y (sky130_fd_sc_hd__nor4_1)
     1    0.00                           _168_ (net)
                  0.23    0.00    5.44 ^ wire33/A (sky130_fd_sc_hd__buf_1)
                  0.12    0.18    5.62 ^ wire33/X (sky130_fd_sc_hd__buf_1)
     1    0.01                           net33 (net)
                  0.12    0.00    5.62 ^ _524_/B1 (sky130_fd_sc_hd__a221oi_4)
                  0.09    0.09    5.71 v _524_/Y (sky130_fd_sc_hd__a221oi_4)
     3    0.01                           _172_ (net)
                  0.09    0.00    5.71 v _560_/A2 (sky130_fd_sc_hd__o31ai_4)
                  0.25    0.30    6.01 ^ _560_/Y (sky130_fd_sc_hd__o31ai_4)
     2    0.01                           _206_ (net)
                  0.25    0.00    6.01 ^ _562_/A2 (sky130_fd_sc_hd__a21o_1)
                  0.08    0.20    6.21 ^ _562_/X (sky130_fd_sc_hd__a21o_1)
     1    0.01                           _207_ (net)
                  0.08    0.00    6.21 ^ _568_/A (sky130_fd_sc_hd__xnor2_1)
                  0.11    0.12    6.33 ^ _568_/Y (sky130_fd_sc_hd__xnor2_1)
     1    0.00                           net23 (net)
                  0.11    0.00    6.33 ^ output23/A (sky130_fd_sc_hd__buf_4)
                  0.10    0.19    6.52 ^ output23/X (sky130_fd_sc_hd__buf_4)
     1    0.03                           P[15] (net)
                  0.10    0.00    6.52 ^ P[15] (out)
                                  6.52   data arrival time

                  0.00   10.00   10.00   clock clk (rise edge)
                          0.00   10.00   clock network delay (ideal)
                         -0.25    9.75   clock uncertainty
                          0.00    9.75   clock reconvergence pessimism
                         -2.00    7.75   output external delay
                                  7.75   data required time
-----------------------------------------------------------------------------
                                  7.75   data required time
                                 -6.52   data arrival time
-----------------------------------------------------------------------------
                                  1.23   slack (MET)




===========================================================================
report_checks --slack_max -0.01
============================================================================
======================= Typical Corner ===================================

No paths found.


===========================================================================
 report_check_types -max_slew -max_cap -max_fanout -violators
============================================================================
======================= Typical Corner ===================================



===========================================================================
report_parasitic_annotation -report_unannotated
============================================================================
Found 353 unannotated drivers.
 A[0]
 A[1]
 A[2]
 A[3]
 A[4]
 A[5]
 A[6]
 A[7]
 B[0]
 B[1]
 B[2]
 B[3]
 B[4]
 B[5]
 B[6]
 B[7]
 _278_/X
 _279_/X
 _280_/X
 _281_/X
 _282_/X
 _283_/X
 _284_/X
 _285_/X
 _286_/X
 _287_/X
 _288_/X
 _289_/X
 _290_/Y
 _291_/X
 _292_/X
 _293_/X
 _294_/X
 _295_/Y
 _296_/Y
 _297_/X
 _298_/X
 _299_/Y
 _300_/X
 _301_/X
 _302_/X
 _303_/X
 _304_/Y
 _305_/X
 _306_/Y
 _307_/X
 _308_/X
 _309_/X
 _310_/X
 _311_/Y
 _312_/Y
 _313_/X
 _314_/Y
 _315_/Y
 _316_/X
 _317_/X
 _318_/X
 _319_/X
 _320_/X
 _321_/X
 _322_/X
 _323_/X
 _324_/X
 _325_/Y
 _326_/X
 _327_/Y
 _328_/Y
 _329_/Y
 _330_/X
 _331_/X
 _332_/Y
 _333_/X
 _334_/X
 _335_/X
 _336_/X
 _337_/X
 _338_/X
 _339_/Y
 _340_/X
 _341_/X
 _342_/Y
 _343_/X
 _344_/X
 _345_/Y
 _346_/X
 _347_/Y
 _348_/Y
 _349_/X
 _350_/X
 _351_/Y
 _352_/X
 _353_/X
 _354_/X
 _355_/X
 _356_/X
 _357_/X
 _358_/Y
 _359_/X
 _360_/X
 _361_/X
 _362_/X
 _363_/X
 _364_/X
 _365_/Y
 _366_/Y
 _367_/X
 _368_/Y
 _369_/X
 _370_/X
 _371_/X
 _372_/Y
 _373_/X
 _374_/Y
 _375_/X
 _376_/X
 _377_/Y
 _378_/X
 _379_/Y
 _380_/Y
 _381_/X
 _382_/X
 _383_/X
 _384_/X
 _385_/Y
 _386_/Y
 _387_/Y
 _388_/Y
 _389_/Y
 _390_/X
 _391_/X
 _392_/X
 _393_/X
 _394_/Y
 _395_/X
 _396_/X
 _397_/Y
 _398_/X
 _399_/X
 _400_/X
 _401_/X
 _402_/X
 _403_/X
 _404_/X
 _405_/Y
 _406_/Y
 _407_/X
 _408_/Y
 _409_/X
 _410_/X
 _411_/X
 _412_/Y
 _413_/Y
 _414_/X
 _415_/Y
 _416_/Y
 _417_/X
 _418_/X
 _419_/X
 _420_/X
 _421_/X
 _422_/X
 _423_/Y
 _424_/Y
 _425_/Y
 _426_/Y
 _427_/Y
 _428_/X
 _429_/X
 _430_/X
 _431_/X
 _432_/Y
 _433_/X
 _434_/Y
 _435_/Y
 _436_/Y
 _437_/Y
 _438_/Y
 _439_/X
 _440_/X
 _441_/X
 _442_/X
 _443_/X
 _444_/X
 _445_/X
 _446_/X
 _447_/X
 _448_/X
 _449_/Y
 _450_/X
 _451_/X
 _452_/X
 _453_/X
 _454_/Y
 _455_/Y
 _456_/Y
 _457_/X
 _458_/Y
 _459_/Y
 _460_/X
 _461_/X
 _462_/X
 _463_/Y
 _464_/X
 _465_/X
 _466_/Y
 _467_/Y
 _468_/Y
 _469_/Y
 _470_/X
 _471_/X
 _472_/X
 _473_/Y
 _474_/X
 _475_/Y
 _476_/Y
 _477_/Y
 _478_/X
 _479_/Y
 _480_/X
 _481_/X
 _482_/Y
 _483_/X
 _484_/X
 _485_/X
 _486_/X
 _487_/Y
 _488_/Y
 _489_/Y
 _490_/X
 _491_/X
 _492_/X
 _493_/X
 _494_/X
 _495_/Y
 _496_/Y
 _497_/X
 _498_/Y
 _499_/X
 _500_/Y
 _501_/Y
 _502_/X
 _503_/Y
 _504_/Y
 _505_/X
 _506_/X
 _507_/Y
 _508_/Y
 _509_/Y
 _510_/Y
 _511_/X
 _512_/Y
 _513_/Y
 _514_/X
 _515_/X
 _516_/X
 _517_/Y
 _518_/Y
 _519_/Y
 _520_/Y
 _521_/X
 _522_/Y
 _523_/Y
 _524_/Y
 _525_/X
 _526_/X
 _527_/X
 _528_/Y
 _529_/X
 _530_/X
 _531_/Y
 _532_/Y
 _533_/X
 _534_/X
 _535_/Y
 _536_/X
 _537_/X
 _538_/X
 _539_/X
 _540_/X
 _541_/Y
 _542_/Y
 _543_/X
 _544_/Y
 _545_/X
 _546_/X
 _547_/Y
 _548_/X
 _549_/Y
 _550_/Y
 _551_/X
 _552_/X
 _553_/Y
 _554_/Y
 _555_/X
 _556_/X
 _557_/X
 _558_/X
 _559_/X
 _560_/Y
 _561_/X
 _562_/X
 _563_/X
 _564_/X
 _565_/X
 _566_/Y
 _567_/Y
 _568_/Y
 _569_/X
 _570_/X
 _571_/X
 input1/X
 input10/X
 input11/X
 input12/X
 input13/X
 input14/X
 input15/X
 input16/X
 input2/X
 input3/X
 input4/X
 input5/X
 input6/X
 input7/X
 input8/X
 input9/X
 max_cap34/X
 max_cap35/X
 output17/X
 output18/X
 output19/X
 output20/X
 output21/X
 output22/X
 output23/X
 output24/X
 output25/X
 output26/X
 output27/X
 output28/X
 output29/X
 output30/X
 output31/X
 output32/X
 rebuffer1/X
 rebuffer2/X
 rebuffer3/X
 rebuffer4/X
 rebuffer5/X
 rebuffer6/X
 rebuffer7/X
 rebuffer8/X
 wire33/X
Found 0 partially unannotated drivers.

===========================================================================
max slew violation count 0
max fanout violation count 0
max cap violation count 0
============================================================================

===========================================================================
check_setup -verbose -unconstrained_endpoints -multiple_clock -no_clock -no_input_delay -loops -generated_clocks
===========================================================================
