
===========================================================================
report_checks -path_delay max (Setup)
============================================================================
======================= Typical Corner ===================================

Startpoint: A[0] (input port clocked by clk)
Endpoint: P[15] (output port clocked by clk)
Path Group: clk
Path Type: max

Fanout     Cap    Slew   Delay    Time   Description
-----------------------------------------------------------------------------
                  0.00    0.00    0.00   clock clk (rise edge)
                          0.00    0.00   clock network delay (ideal)
                          2.00    2.00 v input external delay
                  0.02    0.01    2.01 v A[0] (in)
     1    0.01                           A[0] (net)
                  0.02    0.00    2.01 v input1/A (sky130_fd_sc_hd__buf_6)
                  0.04    0.12    2.13 v input1/X (sky130_fd_sc_hd__buf_6)
     5    0.02                           net1 (net)
                  0.04    0.00    2.13 v _297_/A (sky130_fd_sc_hd__or4_1)
                  0.10    0.56    2.69 v _297_/X (sky130_fd_sc_hd__or4_1)
     1    0.01                           _231_ (net)
                  0.10    0.00    2.69 v _298_/A (sky130_fd_sc_hd__buf_6)
                  0.04    0.16    2.86 v _298_/X (sky130_fd_sc_hd__buf_6)
     7    0.03                           _232_ (net)
                  0.04    0.00    2.86 v _417_/A4 (sky130_fd_sc_hd__o41a_2)
                  0.10    0.44    3.30 v _417_/X (sky130_fd_sc_hd__o41a_2)
     7    0.02                           _069_ (net)
                  0.10    0.00    3.30 v _443_/A2 (sky130_fd_sc_hd__a21o_2)
                  0.08    0.29    3.59 v _443_/X (sky130_fd_sc_hd__a21o_2)
     7    0.02                           _094_ (net)
                  0.08    0.00    3.59 v _445_/A (sky130_fd_sc_hd__or4_1)
                  0.11    0.59    4.18 v _445_/X (sky130_fd_sc_hd__or4_1)
     2    0.01                           _096_ (net)
                  0.11    0.00    4.18 v _468_/A1 (sky130_fd_sc_hd__a21oi_1)
                  0.16    0.20    4.38 ^ _468_/Y (sky130_fd_sc_hd__a21oi_1)
     2    0.01                           _118_ (net)
                  0.16    0.00    4.38 ^ _469_/B (sky130_fd_sc_hd__nor2_1)
                  0.06    0.07    4.45 v _469_/Y (sky130_fd_sc_hd__nor2_1)
     2    0.00                           _119_ (net)
                  0.06    0.00    4.45 v _471_/A (sky130_fd_sc_hd__or2_1)
                  0.09    0.29    4.75 v _471_/X (sky130_fd_sc_hd__or2_1)
     2    0.01                           _121_ (net)
                  0.09    0.00    4.75 v _474_/A (sky130_fd_sc_hd__xor2_2)
                  0.10    0.21    4.96 v _474_/X (sky130_fd_sc_hd__xor2_2)
     2    0.01                           _124_ (net)
                  0.10    0.00    4.96 v _478_/A (sky130_fd_sc_hd__xor2_2)
                  0.09    0.22    5.19 v _478_/X (sky130_fd_sc_hd__xor2_2)
     4    0.01                           _128_ (net)
                  0.09    0.00    5.19 v _520_/C (sky130_fd_sc_hd__nor4_1)
                  0.23    0.25    5.44 ^ _520_/Y (sky130_fd_sc_hd__nor4_1)
     1    0.00                           _168_ (net)
                  0.23    0.00    5.44 ^ wire33/A (sky130_fd_sc_hd__buf_1)
                  0.12    0.18    5.62 ^ wire33/X (sky130_fd_sc_hd__buf_1)
     1    0.01                           net33 (net)
                  0.12    0.00    5.62 ^ _524_/B1 (sky130_fd_sc_hd__a221oi_4)
                  0.09    0.09    5.71 v _524_/Y (sky130_fd_sc_hd__a221oi_4)
     3    0.01                           _172_ (net)
                  0.09    0.00    5.71 v _560_/A2 (sky130_fd_sc_hd__o31ai_4)
                  0.25    0.30    6.01 ^ _560_/Y (sky130_fd_sc_hd__o31ai_4)
     2    0.01                           _206_ (net)
                  0.25    0.00    6.01 ^ _562_/A2 (sky130_fd_sc_hd__a21o_1)
                  0.08    0.20    6.21 ^ _562_/X (sky130_fd_sc_hd__a21o_1)
     1    0.01                           _207_ (net)
                  0.08    0.00    6.21 ^ _568_/A (sky130_fd_sc_hd__xnor2_1)
                  0.11    0.12    6.33 ^ _568_/Y (sky130_fd_sc_hd__xnor2_1)
     1    0.00                           net23 (net)
                  0.11    0.00    6.33 ^ output23/A (sky130_fd_sc_hd__buf_4)
                  0.10    0.19    6.52 ^ output23/X (sky130_fd_sc_hd__buf_4)
     1    0.03                           P[15] (net)
                  0.10    0.00    6.52 ^ P[15] (out)
                                  6.52   data arrival time

                  0.00   10.00   10.00   clock clk (rise edge)
                          0.00   10.00   clock network delay (ideal)
                         -0.25    9.75   clock uncertainty
                          0.00    9.75   clock reconvergence pessimism
                         -2.00    7.75   output external delay
                                  7.75   data required time
-----------------------------------------------------------------------------
                                  7.75   data required time
                                 -6.52   data arrival time
-----------------------------------------------------------------------------
                                  1.23   slack (MET)


Startpoint: A[0] (input port clocked by clk)
Endpoint: P[14] (output port clocked by clk)
Path Group: clk
Path Type: max

Fanout     Cap    Slew   Delay    Time   Description
-----------------------------------------------------------------------------
                  0.00    0.00    0.00   clock clk (rise edge)
                          0.00    0.00   clock network delay (ideal)
                          2.00    2.00 v input external delay
                  0.02    0.01    2.01 v A[0] (in)
     1    0.01                           A[0] (net)
                  0.02    0.00    2.01 v input1/A (sky130_fd_sc_hd__buf_6)
                  0.04    0.12    2.13 v input1/X (sky130_fd_sc_hd__buf_6)
     5    0.02                           net1 (net)
                  0.04    0.00    2.13 v _297_/A (sky130_fd_sc_hd__or4_1)
                  0.10    0.56    2.69 v _297_/X (sky130_fd_sc_hd__or4_1)
     1    0.01                           _231_ (net)
                  0.10    0.00    2.69 v _298_/A (sky130_fd_sc_hd__buf_6)
                  0.04    0.16    2.86 v _298_/X (sky130_fd_sc_hd__buf_6)
     7    0.03                           _232_ (net)
                  0.04    0.00    2.86 v _417_/A4 (sky130_fd_sc_hd__o41a_2)
                  0.10    0.44    3.30 v _417_/X (sky130_fd_sc_hd__o41a_2)
     7    0.02                           _069_ (net)
                  0.10    0.00    3.30 v _443_/A2 (sky130_fd_sc_hd__a21o_2)
                  0.08    0.29    3.59 v _443_/X (sky130_fd_sc_hd__a21o_2)
     7    0.02                           _094_ (net)
                  0.08    0.00    3.59 v _445_/A (sky130_fd_sc_hd__or4_1)
                  0.11    0.59    4.18 v _445_/X (sky130_fd_sc_hd__or4_1)
     2    0.01                           _096_ (net)
                  0.11    0.00    4.18 v _468_/A1 (sky130_fd_sc_hd__a21oi_1)
                  0.16    0.20    4.38 ^ _468_/Y (sky130_fd_sc_hd__a21oi_1)
     2    0.01                           _118_ (net)
                  0.16    0.00    4.38 ^ _469_/B (sky130_fd_sc_hd__nor2_1)
                  0.06    0.07    4.45 v _469_/Y (sky130_fd_sc_hd__nor2_1)
     2    0.00                           _119_ (net)
                  0.06    0.00    4.45 v _471_/A (sky130_fd_sc_hd__or2_1)
                  0.09    0.29    4.75 v _471_/X (sky130_fd_sc_hd__or2_1)
     2    0.01                           _121_ (net)
                  0.09    0.00    4.75 v _474_/A (sky130_fd_sc_hd__xor2_2)
                  0.10    0.21    4.96 v _474_/X (sky130_fd_sc_hd__xor2_2)
     2    0.01                           _124_ (net)
                  0.10    0.00    4.96 v _478_/A (sky130_fd_sc_hd__xor2_2)
                  0.09    0.22    5.19 v _478_/X (sky130_fd_sc_hd__xor2_2)
     4    0.01                           _128_ (net)
                  0.09    0.00    5.19 v _520_/C (sky130_fd_sc_hd__nor4_1)
                  0.23    0.25    5.44 ^ _520_/Y (sky130_fd_sc_hd__nor4_1)
     1    0.00                           _168_ (net)
                  0.23    0.00    5.44 ^ wire33/A (sky130_fd_sc_hd__buf_1)
                  0.12    0.18    5.62 ^ wire33/X (sky130_fd_sc_hd__buf_1)
     1    0.01                           net33 (net)
                  0.12    0.00    5.62 ^ _524_/B1 (sky130_fd_sc_hd__a221oi_4)
                  0.09    0.09    5.71 v _524_/Y (sky130_fd_sc_hd__a221oi_4)
     3    0.01                           _172_ (net)
                  0.09    0.00    5.71 v _560_/A2 (sky130_fd_sc_hd__o31ai_4)
                  0.25    0.30    6.01 ^ _560_/Y (sky130_fd_sc_hd__o31ai_4)
     2    0.01                           _206_ (net)
                  0.25    0.00    6.01 ^ _561_/B (sky130_fd_sc_hd__xor2_2)
                  0.08    0.14    6.16 ^ _561_/X (sky130_fd_sc_hd__xor2_2)
     1    0.00                           net22 (net)
                  0.08    0.00    6.16 ^ output22/A (sky130_fd_sc_hd__buf_2)
                  0.17    0.22    6.38 ^ output22/X (sky130_fd_sc_hd__buf_2)
     1    0.03                           P[14] (net)
                  0.17    0.00    6.38 ^ P[14] (out)
                                  6.38   data arrival time

                  0.00   10.00   10.00   clock clk (rise edge)
                          0.00   10.00   clock network delay (ideal)
                         -0.25    9.75   clock uncertainty
                          0.00    9.75   clock reconvergence pessimism
                         -2.00    7.75   output external delay
                                  7.75   data required time
-----------------------------------------------------------------------------
                                  7.75   data required time
                                 -6.38   data arrival time
-----------------------------------------------------------------------------
                                  1.37   slack (MET)


Startpoint: A[0] (input port clocked by clk)
Endpoint: P[11] (output port clocked by clk)
Path Group: clk
Path Type: max

Fanout     Cap    Slew   Delay    Time   Description
-----------------------------------------------------------------------------
                  0.00    0.00    0.00   clock clk (rise edge)
                          0.00    0.00   clock network delay (ideal)
                          2.00    2.00 v input external delay
                  0.02    0.01    2.01 v A[0] (in)
     1    0.01                           A[0] (net)
                  0.02    0.00    2.01 v input1/A (sky130_fd_sc_hd__buf_6)
                  0.04    0.12    2.13 v input1/X (sky130_fd_sc_hd__buf_6)
     5    0.02                           net1 (net)
                  0.04    0.00    2.13 v _297_/A (sky130_fd_sc_hd__or4_1)
                  0.10    0.56    2.69 v _297_/X (sky130_fd_sc_hd__or4_1)
     1    0.01                           _231_ (net)
                  0.10    0.00    2.69 v _298_/A (sky130_fd_sc_hd__buf_6)
                  0.04    0.16    2.86 v _298_/X (sky130_fd_sc_hd__buf_6)
     7    0.03                           _232_ (net)
                  0.04    0.00    2.86 v _360_/D (sky130_fd_sc_hd__or4_1)
                  0.12    0.46    3.32 v _360_/X (sky130_fd_sc_hd__or4_1)
     3    0.01                           _014_ (net)
                  0.12    0.00    3.32 v _361_/B (sky130_fd_sc_hd__and3b_1)
                  0.05    0.22    3.54 v _361_/X (sky130_fd_sc_hd__and3b_1)
     2    0.01                           _015_ (net)
                  0.05    0.00    3.54 v _367_/A1 (sky130_fd_sc_hd__o31a_1)
                  0.06    0.33    3.87 v _367_/X (sky130_fd_sc_hd__o31a_1)
     3    0.01                           _021_ (net)
                  0.06    0.00    3.87 v _371_/A (sky130_fd_sc_hd__or3b_1)
                  0.09    0.43    4.30 v _371_/X (sky130_fd_sc_hd__or3b_1)
     3    0.01                           _025_ (net)
                  0.09    0.00    4.30 v _373_/B (sky130_fd_sc_hd__and3_1)
                  0.06    0.21    4.51 v _373_/X (sky130_fd_sc_hd__and3_1)
     3    0.01                           _027_ (net)
                  0.06    0.00    4.51 v _378_/A (sky130_fd_sc_hd__or3_1)
                  0.07    0.39    4.91 v _378_/X (sky130_fd_sc_hd__or3_1)
     2    0.00                           _032_ (net)
                  0.07    0.00    4.91 v _382_/A1 (sky130_fd_sc_hd__a21o_1)
                  0.05    0.19    5.10 v _382_/X (sky130_fd_sc_hd__a21o_1)
     2    0.01                           _036_ (net)
                  0.05    0.00    5.10 v _415_/A1 (sky130_fd_sc_hd__a21oi_2)
                  0.22    0.23    5.33 ^ _415_/Y (sky130_fd_sc_hd__a21oi_2)
     2    0.02                           _068_ (net)
                  0.22    0.00    5.33 ^ _436_/A2 (sky130_fd_sc_hd__a21oi_4)
                  0.07    0.11    5.44 v _436_/Y (sky130_fd_sc_hd__a21oi_4)
     4    0.02                           _088_ (net)
                  0.07    0.00    5.44 v _482_/A1 (sky130_fd_sc_hd__a21oi_1)
                  0.23    0.23    5.68 ^ _482_/Y (sky130_fd_sc_hd__a21oi_1)
     2    0.01                           _132_ (net)
                  0.23    0.00    5.68 ^ _500_/A2 (sky130_fd_sc_hd__o21ai_1)
                  0.08    0.11    5.79 v _500_/Y (sky130_fd_sc_hd__o21ai_1)
     1    0.01                           _149_ (net)
                  0.08    0.00    5.79 v _501_/B (sky130_fd_sc_hd__xnor2_1)
                  0.24    0.24    6.03 ^ _501_/Y (sky130_fd_sc_hd__xnor2_1)
     1    0.01                           net19 (net)
                  0.24    0.00    6.04 ^ output19/A (sky130_fd_sc_hd__clkbuf_4)
                  0.13    0.27    6.31 ^ output19/X (sky130_fd_sc_hd__clkbuf_4)
     1    0.04                           P[11] (net)
                  0.13    0.00    6.31 ^ P[11] (out)
                                  6.31   data arrival time

                  0.00   10.00   10.00   clock clk (rise edge)
                          0.00   10.00   clock network delay (ideal)
                         -0.25    9.75   clock uncertainty
                          0.00    9.75   clock reconvergence pessimism
                         -2.00    7.75   output external delay
                                  7.75   data required time
-----------------------------------------------------------------------------
                                  7.75   data required time
                                 -6.31   data arrival time
-----------------------------------------------------------------------------
                                  1.44   slack (MET)


Startpoint: A[0] (input port clocked by clk)
Endpoint: P[13] (output port clocked by clk)
Path Group: clk
Path Type: max

Fanout     Cap    Slew   Delay    Time   Description
-----------------------------------------------------------------------------
                  0.00    0.00    0.00   clock clk (rise edge)
                          0.00    0.00   clock network delay (ideal)
                          2.00    2.00 v input external delay
                  0.02    0.01    2.01 v A[0] (in)
     1    0.01                           A[0] (net)
                  0.02    0.00    2.01 v input1/A (sky130_fd_sc_hd__buf_6)
                  0.04    0.12    2.13 v input1/X (sky130_fd_sc_hd__buf_6)
     5    0.02                           net1 (net)
                  0.04    0.00    2.13 v _297_/A (sky130_fd_sc_hd__or4_1)
                  0.10    0.56    2.69 v _297_/X (sky130_fd_sc_hd__or4_1)
     1    0.01                           _231_ (net)
                  0.10    0.00    2.69 v _298_/A (sky130_fd_sc_hd__buf_6)
                  0.04    0.16    2.86 v _298_/X (sky130_fd_sc_hd__buf_6)
     7    0.03                           _232_ (net)
                  0.04    0.00    2.86 v _417_/A4 (sky130_fd_sc_hd__o41a_2)
                  0.10    0.44    3.30 v _417_/X (sky130_fd_sc_hd__o41a_2)
     7    0.02                           _069_ (net)
                  0.10    0.00    3.30 v _443_/A2 (sky130_fd_sc_hd__a21o_2)
                  0.08    0.29    3.59 v _443_/X (sky130_fd_sc_hd__a21o_2)
     7    0.02                           _094_ (net)
                  0.08    0.00    3.59 v _445_/A (sky130_fd_sc_hd__or4_1)
                  0.11    0.59    4.18 v _445_/X (sky130_fd_sc_hd__or4_1)
     2    0.01                           _096_ (net)
                  0.11    0.00    4.18 v _446_/B_N (sky130_fd_sc_hd__or2b_1)
                  0.10    0.23    4.41 ^ _446_/X (sky130_fd_sc_hd__or2b_1)
     1    0.01                           _097_ (net)
                  0.10    0.00    4.41 ^ _449_/A (sky130_fd_sc_hd__xnor2_2)
                  0.09    0.12    4.53 v _449_/Y (sky130_fd_sc_hd__xnor2_2)
     2    0.01                           _100_ (net)
                  0.09    0.00    4.53 v _452_/A (sky130_fd_sc_hd__xor2_2)
                  0.08    0.21    4.74 v _452_/X (sky130_fd_sc_hd__xor2_2)
     2    0.01                           _103_ (net)
                  0.08    0.00    4.74 v rebuffer4/A (sky130_fd_sc_hd__clkbuf_1)
                  0.04    0.12    4.85 v rebuffer4/X (sky130_fd_sc_hd__clkbuf_1)
     1    0.00                           net39 (net)
                  0.04    0.00    4.85 v _477_/A1 (sky130_fd_sc_hd__a21boi_2)
                  0.17    0.19    5.04 ^ _477_/Y (sky130_fd_sc_hd__a21boi_2)
     2    0.01                           _127_ (net)
                  0.17    0.00    5.04 ^ _478_/B (sky130_fd_sc_hd__xor2_2)
                  0.22    0.25    5.29 ^ _478_/X (sky130_fd_sc_hd__xor2_2)
     4    0.01                           _128_ (net)
                  0.22    0.00    5.29 ^ _520_/C (sky130_fd_sc_hd__nor4_1)
                  0.06    0.08    5.37 v _520_/Y (sky130_fd_sc_hd__nor4_1)
     1    0.00                           _168_ (net)
                  0.06    0.00    5.37 v wire33/A (sky130_fd_sc_hd__buf_1)
                  0.06    0.13    5.50 v wire33/X (sky130_fd_sc_hd__buf_1)
     1    0.01                           net33 (net)
                  0.06    0.00    5.50 v _524_/B1 (sky130_fd_sc_hd__a221oi_4)
                  0.30    0.32    5.82 ^ _524_/Y (sky130_fd_sc_hd__a221oi_4)
     3    0.02                           _172_ (net)
                  0.30    0.00    5.82 ^ _541_/A2 (sky130_fd_sc_hd__o21ai_1)
                  0.08    0.13    5.94 v _541_/Y (sky130_fd_sc_hd__o21ai_1)
     1    0.01                           _188_ (net)
                  0.08    0.00    5.94 v _542_/B (sky130_fd_sc_hd__xnor2_1)
                  0.11    0.14    6.08 ^ _542_/Y (sky130_fd_sc_hd__xnor2_1)
     1    0.00                           net21 (net)
                  0.11    0.00    6.08 ^ output21/A (sky130_fd_sc_hd__clkbuf_4)
                  0.11    0.22    6.30 ^ output21/X (sky130_fd_sc_hd__clkbuf_4)
     1    0.03                           P[13] (net)
                  0.11    0.00    6.30 ^ P[13] (out)
                                  6.30   data arrival time

                  0.00   10.00   10.00   clock clk (rise edge)
                          0.00   10.00   clock network delay (ideal)
                         -0.25    9.75   clock uncertainty
                          0.00    9.75   clock reconvergence pessimism
                         -2.00    7.75   output external delay
                                  7.75   data required time
-----------------------------------------------------------------------------
                                  7.75   data required time
                                 -6.30   data arrival time
-----------------------------------------------------------------------------
                                  1.45   slack (MET)


Startpoint: A[0] (input port clocked by clk)
Endpoint: P[9] (output port clocked by clk)
Path Group: clk
Path Type: max

Fanout     Cap    Slew   Delay    Time   Description
-----------------------------------------------------------------------------
                  0.00    0.00    0.00   clock clk (rise edge)
                          0.00    0.00   clock network delay (ideal)
                          2.00    2.00 v input external delay
                  0.02    0.01    2.01 v A[0] (in)
     1    0.01                           A[0] (net)
                  0.02    0.00    2.01 v input1/A (sky130_fd_sc_hd__buf_6)
                  0.04    0.12    2.13 v input1/X (sky130_fd_sc_hd__buf_6)
     5    0.02                           net1 (net)
                  0.04    0.00    2.13 v _297_/A (sky130_fd_sc_hd__or4_1)
                  0.10    0.56    2.69 v _297_/X (sky130_fd_sc_hd__or4_1)
     1    0.01                           _231_ (net)
                  0.10    0.00    2.69 v _298_/A (sky130_fd_sc_hd__buf_6)
                  0.04    0.16    2.86 v _298_/X (sky130_fd_sc_hd__buf_6)
     7    0.03                           _232_ (net)
                  0.04    0.00    2.86 v _360_/D (sky130_fd_sc_hd__or4_1)
                  0.12    0.46    3.32 v _360_/X (sky130_fd_sc_hd__or4_1)
     3    0.01                           _014_ (net)
                  0.12    0.00    3.32 v _361_/B (sky130_fd_sc_hd__and3b_1)
                  0.05    0.22    3.54 v _361_/X (sky130_fd_sc_hd__and3b_1)
     2    0.01                           _015_ (net)
                  0.05    0.00    3.54 v _367_/A1 (sky130_fd_sc_hd__o31a_1)
                  0.06    0.33    3.87 v _367_/X (sky130_fd_sc_hd__o31a_1)
     3    0.01                           _021_ (net)
                  0.06    0.00    3.87 v _371_/A (sky130_fd_sc_hd__or3b_1)
                  0.09    0.43    4.30 v _371_/X (sky130_fd_sc_hd__or3b_1)
     3    0.01                           _025_ (net)
                  0.09    0.00    4.30 v _407_/B (sky130_fd_sc_hd__and2b_1)
                  0.06    0.21    4.51 v _407_/X (sky130_fd_sc_hd__and2b_1)
     2    0.01                           _060_ (net)
                  0.06    0.00    4.51 v _408_/B (sky130_fd_sc_hd__xnor2_1)
                  0.26    0.25    4.76 ^ _408_/Y (sky130_fd_sc_hd__xnor2_1)
     2    0.01                           _061_ (net)
                  0.26    0.00    4.76 ^ _411_/A (sky130_fd_sc_hd__xor2_1)
                  0.23    0.27    5.03 ^ _411_/X (sky130_fd_sc_hd__xor2_1)
     2    0.01                           _064_ (net)
                  0.23    0.00    5.03 ^ _412_/C (sky130_fd_sc_hd__nor3_1)
                  0.08    0.09    5.12 v _412_/Y (sky130_fd_sc_hd__nor3_1)
     2    0.00                           _065_ (net)
                  0.08    0.00    5.12 v max_cap34/A (sky130_fd_sc_hd__buf_1)
                  0.05    0.14    5.26 v max_cap34/X (sky130_fd_sc_hd__buf_1)
     1    0.01                           net34 (net)
                  0.05    0.00    5.26 v _436_/B1 (sky130_fd_sc_hd__a21oi_4)
                  0.18    0.18    5.43 ^ _436_/Y (sky130_fd_sc_hd__a21oi_4)
     4    0.02                           _088_ (net)
                  0.18    0.00    5.43 ^ _457_/B_N (sky130_fd_sc_hd__or2b_1)
                  0.05    0.26    5.69 v _457_/X (sky130_fd_sc_hd__or2b_1)
     1    0.00                           _108_ (net)
                  0.05    0.00    5.69 v _458_/B1 (sky130_fd_sc_hd__o21ai_1)
                  0.15    0.10    5.80 ^ _458_/Y (sky130_fd_sc_hd__o21ai_1)
     1    0.01                           _109_ (net)
                  0.15    0.00    5.80 ^ _459_/B (sky130_fd_sc_hd__xnor2_1)
                  0.27    0.20    6.00 ^ _459_/Y (sky130_fd_sc_hd__xnor2_1)
     1    0.01                           net32 (net)
                  0.27    0.00    6.00 ^ output32/A (sky130_fd_sc_hd__clkbuf_4)
                  0.13    0.28    6.28 ^ output32/X (sky130_fd_sc_hd__clkbuf_4)
     1    0.04                           P[9] (net)
                  0.13    0.00    6.28 ^ P[9] (out)
                                  6.28   data arrival time

                  0.00   10.00   10.00   clock clk (rise edge)
                          0.00   10.00   clock network delay (ideal)
                         -0.25    9.75   clock uncertainty
                          0.00    9.75   clock reconvergence pessimism
                         -2.00    7.75   output external delay
                                  7.75   data required time
-----------------------------------------------------------------------------
                                  7.75   data required time
                                 -6.28   data arrival time
-----------------------------------------------------------------------------
                                  1.47   slack (MET)


Startpoint: A[0] (input port clocked by clk)
Endpoint: P[12] (output port clocked by clk)
Path Group: clk
Path Type: max

Fanout     Cap    Slew   Delay    Time   Description
-----------------------------------------------------------------------------
                  0.00    0.00    0.00   clock clk (rise edge)
                          0.00    0.00   clock network delay (ideal)
                          2.00    2.00 v input external delay
                  0.02    0.01    2.01 v A[0] (in)
     1    0.01                           A[0] (net)
                  0.02    0.00    2.01 v input1/A (sky130_fd_sc_hd__buf_6)
                  0.04    0.12    2.13 v input1/X (sky130_fd_sc_hd__buf_6)
     5    0.02                           net1 (net)
                  0.04    0.00    2.13 v _297_/A (sky130_fd_sc_hd__or4_1)
                  0.10    0.56    2.69 v _297_/X (sky130_fd_sc_hd__or4_1)
     1    0.01                           _231_ (net)
                  0.10    0.00    2.69 v _298_/A (sky130_fd_sc_hd__buf_6)
                  0.04    0.16    2.86 v _298_/X (sky130_fd_sc_hd__buf_6)
     7    0.03                           _232_ (net)
                  0.04    0.00    2.86 v _417_/A4 (sky130_fd_sc_hd__o41a_2)
                  0.10    0.44    3.30 v _417_/X (sky130_fd_sc_hd__o41a_2)
     7    0.02                           _069_ (net)
                  0.10    0.00    3.30 v _443_/A2 (sky130_fd_sc_hd__a21o_2)
                  0.08    0.29    3.59 v _443_/X (sky130_fd_sc_hd__a21o_2)
     7    0.02                           _094_ (net)
                  0.08    0.00    3.59 v _445_/A (sky130_fd_sc_hd__or4_1)
                  0.11    0.59    4.18 v _445_/X (sky130_fd_sc_hd__or4_1)
     2    0.01                           _096_ (net)
                  0.11    0.00    4.18 v _446_/B_N (sky130_fd_sc_hd__or2b_1)
                  0.10    0.23    4.41 ^ _446_/X (sky130_fd_sc_hd__or2b_1)
     1    0.01                           _097_ (net)
                  0.10    0.00    4.41 ^ _449_/A (sky130_fd_sc_hd__xnor2_2)
                  0.09    0.12    4.53 v _449_/Y (sky130_fd_sc_hd__xnor2_2)
     2    0.01                           _100_ (net)
                  0.09    0.00    4.53 v _452_/A (sky130_fd_sc_hd__xor2_2)
                  0.08    0.21    4.74 v _452_/X (sky130_fd_sc_hd__xor2_2)
     2    0.01                           _103_ (net)
                  0.08    0.00    4.74 v rebuffer4/A (sky130_fd_sc_hd__clkbuf_1)
                  0.04    0.12    4.85 v rebuffer4/X (sky130_fd_sc_hd__clkbuf_1)
     1    0.00                           net39 (net)
                  0.04    0.00    4.85 v _477_/A1 (sky130_fd_sc_hd__a21boi_2)
                  0.17    0.19    5.04 ^ _477_/Y (sky130_fd_sc_hd__a21boi_2)
     2    0.01                           _127_ (net)
                  0.17    0.00    5.04 ^ _478_/B (sky130_fd_sc_hd__xor2_2)
                  0.22    0.25    5.29 ^ _478_/X (sky130_fd_sc_hd__xor2_2)
     4    0.01                           _128_ (net)
                  0.22    0.00    5.29 ^ _520_/C (sky130_fd_sc_hd__nor4_1)
                  0.06    0.08    5.37 v _520_/Y (sky130_fd_sc_hd__nor4_1)
     1    0.00                           _168_ (net)
                  0.06    0.00    5.37 v wire33/A (sky130_fd_sc_hd__buf_1)
                  0.06    0.13    5.50 v wire33/X (sky130_fd_sc_hd__buf_1)
     1    0.01                           net33 (net)
                  0.06    0.00    5.50 v _524_/B1 (sky130_fd_sc_hd__a221oi_4)
                  0.30    0.32    5.82 ^ _524_/Y (sky130_fd_sc_hd__a221oi_4)
     3    0.02                           _172_ (net)
                  0.30    0.00    5.82 ^ _525_/B (sky130_fd_sc_hd__xor2_1)
                  0.13    0.20    6.01 ^ _525_/X (sky130_fd_sc_hd__xor2_1)
     1    0.00                           net20 (net)
                  0.13    0.00    6.01 ^ output20/A (sky130_fd_sc_hd__clkbuf_4)
                  0.11    0.23    6.24 ^ output20/X (sky130_fd_sc_hd__clkbuf_4)
     1    0.03                           P[12] (net)
                  0.11    0.00    6.24 ^ P[12] (out)
                                  6.24   data arrival time

                  0.00   10.00   10.00   clock clk (rise edge)
                          0.00   10.00   clock network delay (ideal)
                         -0.25    9.75   clock uncertainty
                          0.00    9.75   clock reconvergence pessimism
                         -2.00    7.75   output external delay
                                  7.75   data required time
-----------------------------------------------------------------------------
                                  7.75   data required time
                                 -6.24   data arrival time
-----------------------------------------------------------------------------
                                  1.51   slack (MET)


Startpoint: A[0] (input port clocked by clk)
Endpoint: P[10] (output port clocked by clk)
Path Group: clk
Path Type: max

Fanout     Cap    Slew   Delay    Time   Description
-----------------------------------------------------------------------------
                  0.00    0.00    0.00   clock clk (rise edge)
                          0.00    0.00   clock network delay (ideal)
                          2.00    2.00 v input external delay
                  0.02    0.01    2.01 v A[0] (in)
     1    0.01                           A[0] (net)
                  0.02    0.00    2.01 v input1/A (sky130_fd_sc_hd__buf_6)
                  0.04    0.12    2.13 v input1/X (sky130_fd_sc_hd__buf_6)
     5    0.02                           net1 (net)
                  0.04    0.00    2.13 v _297_/A (sky130_fd_sc_hd__or4_1)
                  0.10    0.56    2.69 v _297_/X (sky130_fd_sc_hd__or4_1)
     1    0.01                           _231_ (net)
                  0.10    0.00    2.69 v _298_/A (sky130_fd_sc_hd__buf_6)
                  0.04    0.16    2.86 v _298_/X (sky130_fd_sc_hd__buf_6)
     7    0.03                           _232_ (net)
                  0.04    0.00    2.86 v _360_/D (sky130_fd_sc_hd__or4_1)
                  0.12    0.46    3.32 v _360_/X (sky130_fd_sc_hd__or4_1)
     3    0.01                           _014_ (net)
                  0.12    0.00    3.32 v _361_/B (sky130_fd_sc_hd__and3b_1)
                  0.05    0.22    3.54 v _361_/X (sky130_fd_sc_hd__and3b_1)
     2    0.01                           _015_ (net)
                  0.05    0.00    3.54 v _367_/A1 (sky130_fd_sc_hd__o31a_1)
                  0.06    0.33    3.87 v _367_/X (sky130_fd_sc_hd__o31a_1)
     3    0.01                           _021_ (net)
                  0.06    0.00    3.87 v _371_/A (sky130_fd_sc_hd__or3b_1)
                  0.09    0.43    4.30 v _371_/X (sky130_fd_sc_hd__or3b_1)
     3    0.01                           _025_ (net)
                  0.09    0.00    4.30 v _373_/B (sky130_fd_sc_hd__and3_1)
                  0.06    0.21    4.51 v _373_/X (sky130_fd_sc_hd__and3_1)
     3    0.01                           _027_ (net)
                  0.06    0.00    4.51 v _378_/A (sky130_fd_sc_hd__or3_1)
                  0.07    0.39    4.91 v _378_/X (sky130_fd_sc_hd__or3_1)
     2    0.00                           _032_ (net)
                  0.07    0.00    4.91 v _382_/A1 (sky130_fd_sc_hd__a21o_1)
                  0.05    0.19    5.10 v _382_/X (sky130_fd_sc_hd__a21o_1)
     2    0.01                           _036_ (net)
                  0.05    0.00    5.10 v _415_/A1 (sky130_fd_sc_hd__a21oi_2)
                  0.22    0.23    5.33 ^ _415_/Y (sky130_fd_sc_hd__a21oi_2)
     2    0.02                           _068_ (net)
                  0.22    0.00    5.33 ^ _436_/A2 (sky130_fd_sc_hd__a21oi_4)
                  0.07    0.11    5.44 v _436_/Y (sky130_fd_sc_hd__a21oi_4)
     4    0.02                           _088_ (net)
                  0.07    0.00    5.44 v _482_/A1 (sky130_fd_sc_hd__a21oi_1)
                  0.23    0.23    5.68 ^ _482_/Y (sky130_fd_sc_hd__a21oi_1)
     2    0.01                           _132_ (net)
                  0.23    0.00    5.68 ^ _483_/B (sky130_fd_sc_hd__xor2_1)
                  0.10    0.16    5.84 ^ _483_/X (sky130_fd_sc_hd__xor2_1)
     1    0.00                           net18 (net)
                  0.10    0.00    5.84 ^ output18/A (sky130_fd_sc_hd__clkbuf_4)
                  0.11    0.22    6.06 ^ output18/X (sky130_fd_sc_hd__clkbuf_4)
     1    0.03                           P[10] (net)
                  0.11    0.00    6.06 ^ P[10] (out)
                                  6.06   data arrival time

                  0.00   10.00   10.00   clock clk (rise edge)
                          0.00   10.00   clock network delay (ideal)
                         -0.25    9.75   clock uncertainty
                          0.00    9.75   clock reconvergence pessimism
                         -2.00    7.75   output external delay
                                  7.75   data required time
-----------------------------------------------------------------------------
                                  7.75   data required time
                                 -6.06   data arrival time
-----------------------------------------------------------------------------
                                  1.69   slack (MET)


Startpoint: A[0] (input port clocked by clk)
Endpoint: P[8] (output port clocked by clk)
Path Group: clk
Path Type: max

Fanout     Cap    Slew   Delay    Time   Description
-----------------------------------------------------------------------------
                  0.00    0.00    0.00   clock clk (rise edge)
                          0.00    0.00   clock network delay (ideal)
                          2.00    2.00 v input external delay
                  0.02    0.01    2.01 v A[0] (in)
     1    0.01                           A[0] (net)
                  0.02    0.00    2.01 v input1/A (sky130_fd_sc_hd__buf_6)
                  0.04    0.12    2.13 v input1/X (sky130_fd_sc_hd__buf_6)
     5    0.02                           net1 (net)
                  0.04    0.00    2.13 v _297_/A (sky130_fd_sc_hd__or4_1)
                  0.10    0.56    2.69 v _297_/X (sky130_fd_sc_hd__or4_1)
     1    0.01                           _231_ (net)
                  0.10    0.00    2.69 v _298_/A (sky130_fd_sc_hd__buf_6)
                  0.04    0.16    2.86 v _298_/X (sky130_fd_sc_hd__buf_6)
     7    0.03                           _232_ (net)
                  0.04    0.00    2.86 v _360_/D (sky130_fd_sc_hd__or4_1)
                  0.12    0.46    3.32 v _360_/X (sky130_fd_sc_hd__or4_1)
     3    0.01                           _014_ (net)
                  0.12    0.00    3.32 v _361_/B (sky130_fd_sc_hd__and3b_1)
                  0.05    0.22    3.54 v _361_/X (sky130_fd_sc_hd__and3b_1)
     2    0.01                           _015_ (net)
                  0.05    0.00    3.54 v _367_/A1 (sky130_fd_sc_hd__o31a_1)
                  0.06    0.33    3.87 v _367_/X (sky130_fd_sc_hd__o31a_1)
     3    0.01                           _021_ (net)
                  0.06    0.00    3.87 v _371_/A (sky130_fd_sc_hd__or3b_1)
                  0.09    0.43    4.30 v _371_/X (sky130_fd_sc_hd__or3b_1)
     3    0.01                           _025_ (net)
                  0.09    0.00    4.30 v _373_/B (sky130_fd_sc_hd__and3_1)
                  0.06    0.21    4.51 v _373_/X (sky130_fd_sc_hd__and3_1)
     3    0.01                           _027_ (net)
                  0.06    0.00    4.51 v _378_/A (sky130_fd_sc_hd__or3_1)
                  0.07    0.39    4.91 v _378_/X (sky130_fd_sc_hd__or3_1)
     2    0.00                           _032_ (net)
                  0.07    0.00    4.91 v _382_/A1 (sky130_fd_sc_hd__a21o_1)
                  0.05    0.19    5.10 v _382_/X (sky130_fd_sc_hd__a21o_1)
     2    0.01                           _036_ (net)
                  0.05    0.00    5.10 v _415_/A1 (sky130_fd_sc_hd__a21oi_2)
                  0.22    0.23    5.33 ^ _415_/Y (sky130_fd_sc_hd__a21oi_2)
     2    0.02                           _068_ (net)
                  0.22    0.00    5.33 ^ _436_/A2 (sky130_fd_sc_hd__a21oi_4)
                  0.07    0.11    5.44 v _436_/Y (sky130_fd_sc_hd__a21oi_4)
     4    0.02                           _088_ (net)
                  0.07    0.00    5.44 v _437_/B (sky130_fd_sc_hd__xnor2_1)
                  0.19    0.20    5.65 ^ _437_/Y (sky130_fd_sc_hd__xnor2_1)
     1    0.01                           net31 (net)
                  0.19    0.00    5.65 ^ output31/A (sky130_fd_sc_hd__clkbuf_4)
                  0.11    0.25    5.89 ^ output31/X (sky130_fd_sc_hd__clkbuf_4)
     1    0.03                           P[8] (net)
                  0.11    0.00    5.89 ^ P[8] (out)
                                  5.89   data arrival time

                  0.00   10.00   10.00   clock clk (rise edge)
                          0.00   10.00   clock network delay (ideal)
                         -0.25    9.75   clock uncertainty
                          0.00    9.75   clock reconvergence pessimism
                         -2.00    7.75   output external delay
                                  7.75   data required time
-----------------------------------------------------------------------------
                                  7.75   data required time
                                 -5.89   data arrival time
-----------------------------------------------------------------------------
                                  1.86   slack (MET)


Startpoint: A[0] (input port clocked by clk)
Endpoint: P[6] (output port clocked by clk)
Path Group: clk
Path Type: max

Fanout     Cap    Slew   Delay    Time   Description
-----------------------------------------------------------------------------
                  0.00    0.00    0.00   clock clk (rise edge)
                          0.00    0.00   clock network delay (ideal)
                          2.00    2.00 v input external delay
                  0.02    0.01    2.01 v A[0] (in)
     1    0.01                           A[0] (net)
                  0.02    0.00    2.01 v input1/A (sky130_fd_sc_hd__buf_6)
                  0.04    0.12    2.13 v input1/X (sky130_fd_sc_hd__buf_6)
     5    0.02                           net1 (net)
                  0.04    0.00    2.13 v _297_/A (sky130_fd_sc_hd__or4_1)
                  0.10    0.56    2.69 v _297_/X (sky130_fd_sc_hd__or4_1)
     1    0.01                           _231_ (net)
                  0.10    0.00    2.69 v _298_/A (sky130_fd_sc_hd__buf_6)
                  0.04    0.16    2.86 v _298_/X (sky130_fd_sc_hd__buf_6)
     7    0.03                           _232_ (net)
                  0.04    0.00    2.86 v _360_/D (sky130_fd_sc_hd__or4_1)
                  0.12    0.46    3.32 v _360_/X (sky130_fd_sc_hd__or4_1)
     3    0.01                           _014_ (net)
                  0.12    0.00    3.32 v _361_/B (sky130_fd_sc_hd__and3b_1)
                  0.05    0.22    3.54 v _361_/X (sky130_fd_sc_hd__and3b_1)
     2    0.01                           _015_ (net)
                  0.05    0.00    3.54 v _367_/A1 (sky130_fd_sc_hd__o31a_1)
                  0.06    0.33    3.87 v _367_/X (sky130_fd_sc_hd__o31a_1)
     3    0.01                           _021_ (net)
                  0.06    0.00    3.87 v _371_/A (sky130_fd_sc_hd__or3b_1)
                  0.09    0.43    4.30 v _371_/X (sky130_fd_sc_hd__or3b_1)
     3    0.01                           _025_ (net)
                  0.09    0.00    4.30 v _373_/B (sky130_fd_sc_hd__and3_1)
                  0.06    0.21    4.51 v _373_/X (sky130_fd_sc_hd__and3_1)
     3    0.01                           _027_ (net)
                  0.06    0.00    4.51 v _378_/A (sky130_fd_sc_hd__or3_1)
                  0.07    0.39    4.91 v _378_/X (sky130_fd_sc_hd__or3_1)
     2    0.00                           _032_ (net)
                  0.07    0.00    4.91 v _381_/A (sky130_fd_sc_hd__and3_1)
                  0.06    0.18    5.09 v _381_/X (sky130_fd_sc_hd__and3_1)
     2    0.01                           _035_ (net)
                  0.06    0.00    5.09 v _383_/A (sky130_fd_sc_hd__or2b_1)
                  0.07    0.27    5.36 v _383_/X (sky130_fd_sc_hd__or2b_1)
     1    0.01                           _037_ (net)
                  0.07    0.00    5.36 v _385_/A (sky130_fd_sc_hd__xnor2_2)
                  0.09    0.15    5.51 ^ _385_/Y (sky130_fd_sc_hd__xnor2_2)
     1    0.00                           net29 (net)
                  0.09    0.00    5.51 ^ output29/A (sky130_fd_sc_hd__clkbuf_4)
                  0.11    0.21    5.72 ^ output29/X (sky130_fd_sc_hd__clkbuf_4)
     1    0.03                           P[6] (net)
                  0.11    0.00    5.72 ^ P[6] (out)
                                  5.72   data arrival time

                  0.00   10.00   10.00   clock clk (rise edge)
                          0.00   10.00   clock network delay (ideal)
                         -0.25    9.75   clock uncertainty
                          0.00    9.75   clock reconvergence pessimism
                         -2.00    7.75   output external delay
                                  7.75   data required time
-----------------------------------------------------------------------------
                                  7.75   data required time
                                 -5.72   data arrival time
-----------------------------------------------------------------------------
                                  2.03   slack (MET)


Startpoint: A[0] (input port clocked by clk)
Endpoint: P[7] (output port clocked by clk)
Path Group: clk
Path Type: max

Fanout     Cap    Slew   Delay    Time   Description
-----------------------------------------------------------------------------
                  0.00    0.00    0.00   clock clk (rise edge)
                          0.00    0.00   clock network delay (ideal)
                          2.00    2.00 v input external delay
                  0.02    0.01    2.01 v A[0] (in)
     1    0.01                           A[0] (net)
                  0.02    0.00    2.01 v input1/A (sky130_fd_sc_hd__buf_6)
                  0.04    0.12    2.13 v input1/X (sky130_fd_sc_hd__buf_6)
     5    0.02                           net1 (net)
                  0.04    0.00    2.13 v _297_/A (sky130_fd_sc_hd__or4_1)
                  0.10    0.56    2.69 v _297_/X (sky130_fd_sc_hd__or4_1)
     1    0.01                           _231_ (net)
                  0.10    0.00    2.69 v _298_/A (sky130_fd_sc_hd__buf_6)
                  0.04    0.16    2.86 v _298_/X (sky130_fd_sc_hd__buf_6)
     7    0.03                           _232_ (net)
                  0.04    0.00    2.86 v _360_/D (sky130_fd_sc_hd__or4_1)
                  0.12    0.46    3.32 v _360_/X (sky130_fd_sc_hd__or4_1)
     3    0.01                           _014_ (net)
                  0.12    0.00    3.32 v _361_/B (sky130_fd_sc_hd__and3b_1)
                  0.05    0.22    3.54 v _361_/X (sky130_fd_sc_hd__and3b_1)
     2    0.01                           _015_ (net)
                  0.05    0.00    3.54 v _367_/A1 (sky130_fd_sc_hd__o31a_1)
                  0.06    0.33    3.87 v _367_/X (sky130_fd_sc_hd__o31a_1)
     3    0.01                           _021_ (net)
                  0.06    0.00    3.87 v _371_/A (sky130_fd_sc_hd__or3b_1)
                  0.09    0.43    4.30 v _371_/X (sky130_fd_sc_hd__or3b_1)
     3    0.01                           _025_ (net)
                  0.09    0.00    4.30 v _407_/B (sky130_fd_sc_hd__and2b_1)
                  0.06    0.21    4.51 v _407_/X (sky130_fd_sc_hd__and2b_1)
     2    0.01                           _060_ (net)
                  0.06    0.00    4.51 v _408_/B (sky130_fd_sc_hd__xnor2_1)
                  0.26    0.25    4.76 ^ _408_/Y (sky130_fd_sc_hd__xnor2_1)
     2    0.01                           _061_ (net)
                  0.26    0.00    4.76 ^ _411_/A (sky130_fd_sc_hd__xor2_1)
                  0.23    0.27    5.03 ^ _411_/X (sky130_fd_sc_hd__xor2_1)
     2    0.01                           _064_ (net)
                  0.23    0.00    5.03 ^ _413_/B1 (sky130_fd_sc_hd__o21ai_2)
                  0.08    0.12    5.15 v _413_/Y (sky130_fd_sc_hd__o21ai_2)
     2    0.01                           _066_ (net)
                  0.08    0.00    5.15 v _414_/B (sky130_fd_sc_hd__and2b_1)
                  0.04    0.19    5.34 v _414_/X (sky130_fd_sc_hd__and2b_1)
     1    0.00                           _067_ (net)
                  0.04    0.00    5.34 v _416_/A (sky130_fd_sc_hd__xnor2_1)
                  0.11    0.14    5.48 ^ _416_/Y (sky130_fd_sc_hd__xnor2_1)
     1    0.00                           net30 (net)
                  0.11    0.00    5.48 ^ output30/A (sky130_fd_sc_hd__clkbuf_4)
                  0.11    0.22    5.70 ^ output30/X (sky130_fd_sc_hd__clkbuf_4)
     1    0.03                           P[7] (net)
                  0.11    0.00    5.70 ^ P[7] (out)
                                  5.70   data arrival time

                  0.00   10.00   10.00   clock clk (rise edge)
                          0.00   10.00   clock network delay (ideal)
                         -0.25    9.75   clock uncertainty
                          0.00    9.75   clock reconvergence pessimism
                         -2.00    7.75   output external delay
                                  7.75   data required time
-----------------------------------------------------------------------------
                                  7.75   data required time
                                 -5.70   data arrival time
-----------------------------------------------------------------------------
                                  2.05   slack (MET)


Startpoint: A[0] (input port clocked by clk)
Endpoint: P[5] (output port clocked by clk)
Path Group: clk
Path Type: max

Fanout     Cap    Slew   Delay    Time   Description
-----------------------------------------------------------------------------
                  0.00    0.00    0.00   clock clk (rise edge)
                          0.00    0.00   clock network delay (ideal)
                          2.00    2.00 v input external delay
                  0.02    0.01    2.01 v A[0] (in)
     1    0.01                           A[0] (net)
                  0.02    0.00    2.01 v input1/A (sky130_fd_sc_hd__buf_6)
                  0.04    0.12    2.13 v input1/X (sky130_fd_sc_hd__buf_6)
     5    0.02                           net1 (net)
                  0.04    0.00    2.13 v _297_/A (sky130_fd_sc_hd__or4_1)
                  0.10    0.56    2.69 v _297_/X (sky130_fd_sc_hd__or4_1)
     1    0.01                           _231_ (net)
                  0.10    0.00    2.69 v _298_/A (sky130_fd_sc_hd__buf_6)
                  0.04    0.16    2.86 v _298_/X (sky130_fd_sc_hd__buf_6)
     7    0.03                           _232_ (net)
                  0.04    0.00    2.86 v _331_/C (sky130_fd_sc_hd__or3_1)
                  0.08    0.34    3.20 v _331_/X (sky130_fd_sc_hd__or3_1)
     3    0.01                           _264_ (net)
                  0.08    0.00    3.20 v _333_/B (sky130_fd_sc_hd__and3_1)
                  0.05    0.20    3.41 v _333_/X (sky130_fd_sc_hd__and3_1)
     2    0.01                           _266_ (net)
                  0.05    0.00    3.41 v _338_/A1 (sky130_fd_sc_hd__o31a_1)
                  0.09    0.36    3.76 v _338_/X (sky130_fd_sc_hd__o31a_1)
     4    0.01                           _271_ (net)
                  0.09    0.00    3.76 v _341_/A (sky130_fd_sc_hd__or3b_1)
                  0.10    0.45    4.21 v _341_/X (sky130_fd_sc_hd__or3b_1)
     3    0.01                           _274_ (net)
                  0.10    0.00    4.21 v _352_/A1 (sky130_fd_sc_hd__a21o_1)
                  0.05    0.20    4.41 v _352_/X (sky130_fd_sc_hd__a21o_1)
     2    0.01                           _007_ (net)
                  0.05    0.00    4.41 v _355_/B (sky130_fd_sc_hd__and3_1)
                  0.05    0.18    4.59 v _355_/X (sky130_fd_sc_hd__and3_1)
     2    0.01                           _010_ (net)
                  0.05    0.00    4.59 v _357_/A_N (sky130_fd_sc_hd__and2b_1)
                  0.06    0.21    4.80 ^ _357_/X (sky130_fd_sc_hd__and2b_1)
     1    0.01                           _012_ (net)
                  0.06    0.00    4.80 ^ _358_/B (sky130_fd_sc_hd__xnor2_1)
                  0.11    0.11    4.92 ^ _358_/Y (sky130_fd_sc_hd__xnor2_1)
     1    0.00                           net28 (net)
                  0.11    0.00    4.92 ^ output28/A (sky130_fd_sc_hd__buf_2)
                  0.17    0.23    5.15 ^ output28/X (sky130_fd_sc_hd__buf_2)
     1    0.03                           P[5] (net)
                  0.17    0.00    5.15 ^ P[5] (out)
                                  5.15   data arrival time

                  0.00   10.00   10.00   clock clk (rise edge)
                          0.00   10.00   clock network delay (ideal)
                         -0.25    9.75   clock uncertainty
                          0.00    9.75   clock reconvergence pessimism
                         -2.00    7.75   output external delay
                                  7.75   data required time
-----------------------------------------------------------------------------
                                  7.75   data required time
                                 -5.15   data arrival time
-----------------------------------------------------------------------------
                                  2.60   slack (MET)


Startpoint: A[1] (input port clocked by clk)
Endpoint: P[4] (output port clocked by clk)
Path Group: clk
Path Type: max

Fanout     Cap    Slew   Delay    Time   Description
-----------------------------------------------------------------------------
                  0.00    0.00    0.00   clock clk (rise edge)
                          0.00    0.00   clock network delay (ideal)
                          2.00    2.00 v input external delay
                  0.01    0.00    2.00 v A[1] (in)
     1    0.00                           A[1] (net)
                  0.01    0.00    2.00 v input2/A (sky130_fd_sc_hd__buf_1)
                  0.06    0.10    2.11 v input2/X (sky130_fd_sc_hd__buf_1)
     2    0.01                           net2 (net)
                  0.06    0.00    2.11 v _281_/A (sky130_fd_sc_hd__buf_4)
                  0.07    0.20    2.30 v _281_/X (sky130_fd_sc_hd__buf_4)
    10    0.05                           _217_ (net)
                  0.07    0.00    2.30 v _289_/B (sky130_fd_sc_hd__or3_2)
                  0.10    0.52    2.82 v _289_/X (sky130_fd_sc_hd__or3_2)
     2    0.01                           _224_ (net)
                  0.10    0.00    2.83 v _291_/A (sky130_fd_sc_hd__and2_2)
                  0.07    0.24    3.07 v _291_/X (sky130_fd_sc_hd__and2_2)
     8    0.02                           _226_ (net)
                  0.07    0.00    3.07 v _317_/A1 (sky130_fd_sc_hd__a221o_1)
                  0.08    0.37    3.44 v _317_/X (sky130_fd_sc_hd__a221o_1)
     2    0.01                           _250_ (net)
                  0.08    0.00    3.44 v _322_/A (sky130_fd_sc_hd__xor2_1)
                  0.20    0.24    3.67 ^ _322_/X (sky130_fd_sc_hd__xor2_1)
     2    0.01                           _255_ (net)
                  0.20    0.00    3.67 ^ _323_/B (sky130_fd_sc_hd__xor2_1)
                  0.23    0.26    3.93 ^ _323_/X (sky130_fd_sc_hd__xor2_1)
     2    0.01                           _256_ (net)
                  0.23    0.00    3.93 ^ _328_/A (sky130_fd_sc_hd__xnor2_1)
                  0.10    0.16    4.09 v _328_/Y (sky130_fd_sc_hd__xnor2_1)
     3    0.01                           _261_ (net)
                  0.10    0.00    4.09 v _569_/B (sky130_fd_sc_hd__or2_1)
                  0.05    0.23    4.33 v _569_/X (sky130_fd_sc_hd__or2_1)
     1    0.00                           _213_ (net)
                  0.05    0.00    4.33 v _570_/B (sky130_fd_sc_hd__and2_1)
                  0.04    0.16    4.49 v _570_/X (sky130_fd_sc_hd__and2_1)
     1    0.00                           _214_ (net)
                  0.04    0.00    4.49 v _571_/A (sky130_fd_sc_hd__clkbuf_1)
                  0.03    0.09    4.58 v _571_/X (sky130_fd_sc_hd__clkbuf_1)
     1    0.00                           net27 (net)
                  0.03    0.00    4.58 v output27/A (sky130_fd_sc_hd__clkbuf_4)
                  0.08    0.19    4.77 v output27/X (sky130_fd_sc_hd__clkbuf_4)
     1    0.03                           P[4] (net)
                  0.08    0.00    4.77 v P[4] (out)
                                  4.77   data arrival time

                  0.00   10.00   10.00   clock clk (rise edge)
                          0.00   10.00   clock network delay (ideal)
                         -0.25    9.75   clock uncertainty
                          0.00    9.75   clock reconvergence pessimism
                         -2.00    7.75   output external delay
                                  7.75   data required time
-----------------------------------------------------------------------------
                                  7.75   data required time
                                 -4.77   data arrival time
-----------------------------------------------------------------------------
                                  2.98   slack (MET)


Startpoint: A[1] (input port clocked by clk)
Endpoint: P[3] (output port clocked by clk)
Path Group: clk
Path Type: max

Fanout     Cap    Slew   Delay    Time   Description
-----------------------------------------------------------------------------
                  0.00    0.00    0.00   clock clk (rise edge)
                          0.00    0.00   clock network delay (ideal)
                          2.00    2.00 v input external delay
                  0.01    0.00    2.00 v A[1] (in)
     1    0.00                           A[1] (net)
                  0.01    0.00    2.00 v input2/A (sky130_fd_sc_hd__buf_1)
                  0.06    0.10    2.11 v input2/X (sky130_fd_sc_hd__buf_1)
     2    0.01                           net2 (net)
                  0.06    0.00    2.11 v _281_/A (sky130_fd_sc_hd__buf_4)
                  0.07    0.20    2.30 v _281_/X (sky130_fd_sc_hd__buf_4)
    10    0.05                           _217_ (net)
                  0.07    0.00    2.30 v _289_/B (sky130_fd_sc_hd__or3_2)
                  0.10    0.52    2.82 v _289_/X (sky130_fd_sc_hd__or3_2)
     2    0.01                           _224_ (net)
                  0.10    0.00    2.83 v _291_/A (sky130_fd_sc_hd__and2_2)
                  0.07    0.24    3.07 v _291_/X (sky130_fd_sc_hd__and2_2)
     8    0.02                           _226_ (net)
                  0.07    0.00    3.07 v _301_/B2 (sky130_fd_sc_hd__a22o_1)
                  0.06    0.23    3.30 v _301_/X (sky130_fd_sc_hd__a22o_1)
     2    0.01                           _235_ (net)
                  0.06    0.00    3.30 v _310_/A2 (sky130_fd_sc_hd__o21a_1)
                  0.07    0.22    3.52 v _310_/X (sky130_fd_sc_hd__o21a_1)
     3    0.01                           _244_ (net)
                  0.07    0.00    3.52 v _312_/A (sky130_fd_sc_hd__nor2_1)
                  0.13    0.16    3.67 ^ _312_/Y (sky130_fd_sc_hd__nor2_1)
     2    0.01                           _246_ (net)
                  0.13    0.00    3.67 ^ _313_/B (sky130_fd_sc_hd__and2_1)
                  0.10    0.19    3.86 ^ _313_/X (sky130_fd_sc_hd__and2_1)
     4    0.01                           _247_ (net)
                  0.10    0.00    3.86 ^ _315_/A (sky130_fd_sc_hd__nor2_1)
                  0.04    0.06    3.92 v _315_/Y (sky130_fd_sc_hd__nor2_1)
     1    0.00                           net26 (net)
                  0.04    0.00    3.92 v output26/A (sky130_fd_sc_hd__buf_2)
                  0.09    0.18    4.11 v output26/X (sky130_fd_sc_hd__buf_2)
     1    0.03                           P[3] (net)
                  0.09    0.00    4.11 v P[3] (out)
                                  4.11   data arrival time

                  0.00   10.00   10.00   clock clk (rise edge)
                          0.00   10.00   clock network delay (ideal)
                         -0.25    9.75   clock uncertainty
                          0.00    9.75   clock reconvergence pessimism
                         -2.00    7.75   output external delay
                                  7.75   data required time
-----------------------------------------------------------------------------
                                  7.75   data required time
                                 -4.11   data arrival time
-----------------------------------------------------------------------------
                                  3.64   slack (MET)


Startpoint: A[1] (input port clocked by clk)
Endpoint: P[2] (output port clocked by clk)
Path Group: clk
Path Type: max

Fanout     Cap    Slew   Delay    Time   Description
-----------------------------------------------------------------------------
                  0.00    0.00    0.00   clock clk (rise edge)
                          0.00    0.00   clock network delay (ideal)
                          2.00    2.00 v input external delay
                  0.01    0.00    2.00 v A[1] (in)
     1    0.00                           A[1] (net)
                  0.01    0.00    2.00 v input2/A (sky130_fd_sc_hd__buf_1)
                  0.06    0.10    2.11 v input2/X (sky130_fd_sc_hd__buf_1)
     2    0.01                           net2 (net)
                  0.06    0.00    2.11 v _281_/A (sky130_fd_sc_hd__buf_4)
                  0.07    0.20    2.30 v _281_/X (sky130_fd_sc_hd__buf_4)
    10    0.05                           _217_ (net)
                  0.07    0.00    2.30 v _289_/B (sky130_fd_sc_hd__or3_2)
                  0.10    0.52    2.82 v _289_/X (sky130_fd_sc_hd__or3_2)
     2    0.01                           _224_ (net)
                  0.10    0.00    2.83 v _291_/A (sky130_fd_sc_hd__and2_2)
                  0.07    0.24    3.07 v _291_/X (sky130_fd_sc_hd__and2_2)
     8    0.02                           _226_ (net)
                  0.07    0.00    3.07 v _293_/A2 (sky130_fd_sc_hd__a21o_1)
                  0.04    0.20    3.27 v _293_/X (sky130_fd_sc_hd__a21o_1)
     2    0.00                           _228_ (net)
                  0.04    0.00    3.27 v _294_/C (sky130_fd_sc_hd__and3_1)
                  0.06    0.21    3.47 v _294_/X (sky130_fd_sc_hd__and3_1)
     3    0.01                           _229_ (net)
                  0.06    0.00    3.47 v _296_/A (sky130_fd_sc_hd__nor2_1)
                  0.07    0.10    3.57 ^ _296_/Y (sky130_fd_sc_hd__nor2_1)
     1    0.00                           net25 (net)
                  0.07    0.00    3.57 ^ output25/A (sky130_fd_sc_hd__buf_2)
                  0.17    0.22    3.79 ^ output25/X (sky130_fd_sc_hd__buf_2)
     1    0.03                           P[2] (net)
                  0.17    0.00    3.79 ^ P[2] (out)
                                  3.79   data arrival time

                  0.00   10.00   10.00   clock clk (rise edge)
                          0.00   10.00   clock network delay (ideal)
                         -0.25    9.75   clock uncertainty
                          0.00    9.75   clock reconvergence pessimism
                         -2.00    7.75   output external delay
                                  7.75   data required time
-----------------------------------------------------------------------------
                                  7.75   data required time
                                 -3.79   data arrival time
-----------------------------------------------------------------------------
                                  3.96   slack (MET)


Startpoint: A[1] (input port clocked by clk)
Endpoint: P[1] (output port clocked by clk)
Path Group: clk
Path Type: max

Fanout     Cap    Slew   Delay    Time   Description
-----------------------------------------------------------------------------
                  0.00    0.00    0.00   clock clk (rise edge)
                          0.00    0.00   clock network delay (ideal)
                          2.00    2.00 v input external delay
                  0.01    0.00    2.00 v A[1] (in)
     1    0.00                           A[1] (net)
                  0.01    0.00    2.00 v input2/A (sky130_fd_sc_hd__buf_1)
                  0.06    0.10    2.11 v input2/X (sky130_fd_sc_hd__buf_1)
     2    0.01                           net2 (net)
                  0.06    0.00    2.11 v _281_/A (sky130_fd_sc_hd__buf_4)
                  0.07    0.20    2.30 v _281_/X (sky130_fd_sc_hd__buf_4)
    10    0.05                           _217_ (net)
                  0.07    0.00    2.30 v _284_/B (sky130_fd_sc_hd__xor2_4)
                  0.08    0.18    2.49 v _284_/X (sky130_fd_sc_hd__xor2_4)
     8    0.02                           _220_ (net)
                  0.08    0.00    2.49 v _286_/A2 (sky130_fd_sc_hd__a22o_1)
                  0.04    0.25    2.74 v _286_/X (sky130_fd_sc_hd__a22o_1)
     1    0.00                           _222_ (net)
                  0.04    0.00    2.74 v _287_/B1 (sky130_fd_sc_hd__a21o_1)
                  0.03    0.15    2.88 v _287_/X (sky130_fd_sc_hd__a21o_1)
     1    0.00                           net24 (net)
                  0.03    0.00    2.88 v output24/A (sky130_fd_sc_hd__clkbuf_4)
                  0.08    0.19    3.07 v output24/X (sky130_fd_sc_hd__clkbuf_4)
     1    0.03                           P[1] (net)
                  0.08    0.00    3.07 v P[1] (out)
                                  3.07   data arrival time

                  0.00   10.00   10.00   clock clk (rise edge)
                          0.00   10.00   clock network delay (ideal)
                         -0.25    9.75   clock uncertainty
                          0.00    9.75   clock reconvergence pessimism
                         -2.00    7.75   output external delay
                                  7.75   data required time
-----------------------------------------------------------------------------
                                  7.75   data required time
                                 -3.07   data arrival time
-----------------------------------------------------------------------------
                                  4.68   slack (MET)


Startpoint: A[0] (input port clocked by clk)
Endpoint: P[0] (output port clocked by clk)
Path Group: clk
Path Type: max

Fanout     Cap    Slew   Delay    Time   Description
-----------------------------------------------------------------------------
                  0.00    0.00    0.00   clock clk (rise edge)
                          0.00    0.00   clock network delay (ideal)
                          2.00    2.00 ^ input external delay
                  0.03    0.02    2.02 ^ A[0] (in)
     1    0.01                           A[0] (net)
                  0.03    0.00    2.02 ^ input1/A (sky130_fd_sc_hd__buf_6)
                  0.06    0.12    2.14 ^ input1/X (sky130_fd_sc_hd__buf_6)
     5    0.03                           net1 (net)
                  0.06    0.00    2.14 ^ _278_/A (sky130_fd_sc_hd__clkbuf_4)
                  0.08    0.18    2.31 ^ _278_/X (sky130_fd_sc_hd__clkbuf_4)
    10    0.02                           _215_ (net)
                  0.08    0.00    2.31 ^ _279_/B (sky130_fd_sc_hd__and2_1)
                  0.11    0.18    2.49 ^ _279_/X (sky130_fd_sc_hd__and2_1)
     1    0.01                           _216_ (net)
                  0.11    0.00    2.49 ^ _280_/A (sky130_fd_sc_hd__clkbuf_1)
                  0.04    0.10    2.60 ^ _280_/X (sky130_fd_sc_hd__clkbuf_1)
     1    0.00                           net17 (net)
                  0.04    0.00    2.60 ^ output17/A (sky130_fd_sc_hd__clkbuf_4)
                  0.11    0.19    2.79 ^ output17/X (sky130_fd_sc_hd__clkbuf_4)
     1    0.03                           P[0] (net)
                  0.11    0.00    2.79 ^ P[0] (out)
                                  2.79   data arrival time

                  0.00   10.00   10.00   clock clk (rise edge)
                          0.00   10.00   clock network delay (ideal)
                         -0.25    9.75   clock uncertainty
                          0.00    9.75   clock reconvergence pessimism
                         -2.00    7.75   output external delay
                                  7.75   data required time
-----------------------------------------------------------------------------
                                  7.75   data required time
                                 -2.79   data arrival time
-----------------------------------------------------------------------------
                                  4.96   slack (MET)



