
===========================================================================
report_checks -path_delay max (Setup)
============================================================================
======================= Typical Corner ===================================

Startpoint: A[0] (input port clocked by clk)
Endpoint: P[15] (output port clocked by clk)
Path Group: clk
Path Type: max

Fanout     Cap    Slew   Delay    Time   Description
-----------------------------------------------------------------------------
                  0.00    0.00    0.00   clock clk (rise edge)
                          0.00    0.00   clock network delay (ideal)
                          2.00    2.00 v input external delay
                  0.02    0.01    2.01 v A[0] (in)
     1    0.01                           A[0] (net)
                  0.02    0.00    2.01 v input1/A (sky130_fd_sc_hd__buf_6)
                  0.04    0.12    2.13 v input1/X (sky130_fd_sc_hd__buf_6)
     5    0.02                           net1 (net)
                  0.04    0.00    2.13 v _297_/A (sky130_fd_sc_hd__or4_4)
                  0.09    0.55    2.68 v _297_/X (sky130_fd_sc_hd__or4_4)
     1    0.01                           _231_ (net)
                  0.09    0.00    2.68 v _298_/A (sky130_fd_sc_hd__buf_6)
                  0.04    0.16    2.85 v _298_/X (sky130_fd_sc_hd__buf_6)
     7    0.04                           _232_ (net)
                  0.04    0.00    2.85 v _417_/A4 (sky130_fd_sc_hd__o41a_4)
                  0.10    0.42    3.27 v _417_/X (sky130_fd_sc_hd__o41a_4)
     7    0.03                           _069_ (net)
                  0.10    0.00    3.27 v _443_/A2 (sky130_fd_sc_hd__a21o_4)
                  0.06    0.27    3.54 v _443_/X (sky130_fd_sc_hd__a21o_4)
     7    0.02                           _094_ (net)
                  0.06    0.00    3.54 v _445_/A (sky130_fd_sc_hd__or4_4)
                  0.09    0.57    4.11 v _445_/X (sky130_fd_sc_hd__or4_4)
     2    0.01                           _096_ (net)
                  0.09    0.00    4.11 v _446_/B_N (sky130_fd_sc_hd__or2b_4)
                  0.04    0.24    4.34 ^ _446_/X (sky130_fd_sc_hd__or2b_4)
     1    0.01                           _097_ (net)
                  0.04    0.00    4.34 ^ _449_/A (sky130_fd_sc_hd__xnor2_2)
                  0.08    0.10    4.44 v _449_/Y (sky130_fd_sc_hd__xnor2_2)
     2    0.01                           _100_ (net)
                  0.08    0.00    4.44 v _452_/A (sky130_fd_sc_hd__xor2_2)
                  0.09    0.21    4.66 v _452_/X (sky130_fd_sc_hd__xor2_2)
     2    0.01                           _103_ (net)
                  0.09    0.00    4.66 v rebuffer4/A (sky130_fd_sc_hd__clkbuf_1)
                  0.04    0.12    4.78 v rebuffer4/X (sky130_fd_sc_hd__clkbuf_1)
     1    0.01                           net39 (net)
                  0.04    0.00    4.78 v _477_/A1 (sky130_fd_sc_hd__a21boi_2)
                  0.17    0.19    4.97 ^ _477_/Y (sky130_fd_sc_hd__a21boi_2)
     2    0.01                           _127_ (net)
                  0.17    0.00    4.97 ^ _478_/B (sky130_fd_sc_hd__xor2_2)
                  0.22    0.25    5.22 ^ _478_/X (sky130_fd_sc_hd__xor2_2)
     4    0.01                           _128_ (net)
                  0.22    0.00    5.22 ^ _520_/C (sky130_fd_sc_hd__nor4_1)
                  0.06    0.08    5.30 v _520_/Y (sky130_fd_sc_hd__nor4_1)
     1    0.00                           _168_ (net)
                  0.06    0.00    5.30 v wire33/A (sky130_fd_sc_hd__buf_2)
                  0.04    0.14    5.44 v wire33/X (sky130_fd_sc_hd__buf_2)
     1    0.01                           net33 (net)
                  0.04    0.00    5.44 v _524_/B1 (sky130_fd_sc_hd__a221oi_4)
                  0.30    0.31    5.75 ^ _524_/Y (sky130_fd_sc_hd__a221oi_4)
     3    0.02                           _172_ (net)
                  0.30    0.00    5.75 ^ _560_/A2 (sky130_fd_sc_hd__o31ai_4)
                  0.08    0.13    5.88 v _560_/Y (sky130_fd_sc_hd__o31ai_4)
     2    0.01                           _206_ (net)
                  0.08    0.00    5.88 v _562_/A2 (sky130_fd_sc_hd__a21o_1)
                  0.06    0.22    6.10 v _562_/X (sky130_fd_sc_hd__a21o_1)
     1    0.01                           _207_ (net)
                  0.06    0.00    6.10 v _568_/A (sky130_fd_sc_hd__xnor2_1)
                  0.11    0.16    6.26 ^ _568_/Y (sky130_fd_sc_hd__xnor2_1)
     1    0.00                           net23 (net)
                  0.11    0.00    6.26 ^ output23/A (sky130_fd_sc_hd__buf_4)
                  0.10    0.19    6.45 ^ output23/X (sky130_fd_sc_hd__buf_4)
     1    0.03                           P[15] (net)
                  0.10    0.00    6.45 ^ P[15] (out)
                                  6.45   data arrival time

                  0.00   10.00   10.00   clock clk (rise edge)
                          0.00   10.00   clock network delay (ideal)
                         -0.25    9.75   clock uncertainty
                          0.00    9.75   clock reconvergence pessimism
                         -2.00    7.75   output external delay
                                  7.75   data required time
-----------------------------------------------------------------------------
                                  7.75   data required time
                                 -6.45   data arrival time
-----------------------------------------------------------------------------
                                  1.30   slack (MET)


Startpoint: A[0] (input port clocked by clk)
Endpoint: P[14] (output port clocked by clk)
Path Group: clk
Path Type: max

Fanout     Cap    Slew   Delay    Time   Description
-----------------------------------------------------------------------------
                  0.00    0.00    0.00   clock clk (rise edge)
                          0.00    0.00   clock network delay (ideal)
                          2.00    2.00 v input external delay
                  0.02    0.01    2.01 v A[0] (in)
     1    0.01                           A[0] (net)
                  0.02    0.00    2.01 v input1/A (sky130_fd_sc_hd__buf_6)
                  0.04    0.12    2.13 v input1/X (sky130_fd_sc_hd__buf_6)
     5    0.02                           net1 (net)
                  0.04    0.00    2.13 v _297_/A (sky130_fd_sc_hd__or4_4)
                  0.09    0.55    2.68 v _297_/X (sky130_fd_sc_hd__or4_4)
     1    0.01                           _231_ (net)
                  0.09    0.00    2.68 v _298_/A (sky130_fd_sc_hd__buf_6)
                  0.04    0.16    2.85 v _298_/X (sky130_fd_sc_hd__buf_6)
     7    0.04                           _232_ (net)
                  0.04    0.00    2.85 v _417_/A4 (sky130_fd_sc_hd__o41a_4)
                  0.10    0.42    3.27 v _417_/X (sky130_fd_sc_hd__o41a_4)
     7    0.03                           _069_ (net)
                  0.10    0.00    3.27 v _443_/A2 (sky130_fd_sc_hd__a21o_4)
                  0.06    0.27    3.54 v _443_/X (sky130_fd_sc_hd__a21o_4)
     7    0.02                           _094_ (net)
                  0.06    0.00    3.54 v _445_/A (sky130_fd_sc_hd__or4_4)
                  0.09    0.57    4.11 v _445_/X (sky130_fd_sc_hd__or4_4)
     2    0.01                           _096_ (net)
                  0.09    0.00    4.11 v _446_/B_N (sky130_fd_sc_hd__or2b_4)
                  0.04    0.24    4.34 ^ _446_/X (sky130_fd_sc_hd__or2b_4)
     1    0.01                           _097_ (net)
                  0.04    0.00    4.34 ^ _449_/A (sky130_fd_sc_hd__xnor2_2)
                  0.23    0.15    4.49 ^ _449_/Y (sky130_fd_sc_hd__xnor2_2)
     2    0.01                           _100_ (net)
                  0.23    0.00    4.49 ^ _452_/A (sky130_fd_sc_hd__xor2_2)
                  0.20    0.24    4.73 ^ _452_/X (sky130_fd_sc_hd__xor2_2)
     2    0.01                           _103_ (net)
                  0.20    0.00    4.73 ^ rebuffer4/A (sky130_fd_sc_hd__clkbuf_1)
                  0.08    0.14    4.87 ^ rebuffer4/X (sky130_fd_sc_hd__clkbuf_1)
     1    0.01                           net39 (net)
                  0.08    0.00    4.87 ^ _477_/A1 (sky130_fd_sc_hd__a21boi_2)
                  0.06    0.08    4.95 v _477_/Y (sky130_fd_sc_hd__a21boi_2)
     2    0.01                           _127_ (net)
                  0.06    0.00    4.95 v _478_/B (sky130_fd_sc_hd__xor2_2)
                  0.09    0.18    5.13 v _478_/X (sky130_fd_sc_hd__xor2_2)
     4    0.01                           _128_ (net)
                  0.09    0.00    5.13 v _520_/C (sky130_fd_sc_hd__nor4_1)
                  0.21    0.24    5.37 ^ _520_/Y (sky130_fd_sc_hd__nor4_1)
     1    0.00                           _168_ (net)
                  0.21    0.00    5.37 ^ wire33/A (sky130_fd_sc_hd__buf_2)
                  0.06    0.18    5.54 ^ wire33/X (sky130_fd_sc_hd__buf_2)
     1    0.01                           net33 (net)
                  0.06    0.00    5.54 ^ _524_/B1 (sky130_fd_sc_hd__a221oi_4)
                  0.09    0.07    5.62 v _524_/Y (sky130_fd_sc_hd__a221oi_4)
     3    0.01                           _172_ (net)
                  0.09    0.00    5.62 v _560_/A2 (sky130_fd_sc_hd__o31ai_4)
                  0.25    0.30    5.92 ^ _560_/Y (sky130_fd_sc_hd__o31ai_4)
     2    0.01                           _206_ (net)
                  0.25    0.00    5.92 ^ _561_/B (sky130_fd_sc_hd__xor2_2)
                  0.08    0.14    6.07 ^ _561_/X (sky130_fd_sc_hd__xor2_2)
     1    0.00                           net22 (net)
                  0.08    0.00    6.07 ^ output22/A (sky130_fd_sc_hd__buf_2)
                  0.17    0.22    6.29 ^ output22/X (sky130_fd_sc_hd__buf_2)
     1    0.03                           P[14] (net)
                  0.17    0.00    6.29 ^ P[14] (out)
                                  6.29   data arrival time

                  0.00   10.00   10.00   clock clk (rise edge)
                          0.00   10.00   clock network delay (ideal)
                         -0.25    9.75   clock uncertainty
                          0.00    9.75   clock reconvergence pessimism
                         -2.00    7.75   output external delay
                                  7.75   data required time
-----------------------------------------------------------------------------
                                  7.75   data required time
                                 -6.29   data arrival time
-----------------------------------------------------------------------------
                                  1.46   slack (MET)


Startpoint: A[0] (input port clocked by clk)
Endpoint: P[13] (output port clocked by clk)
Path Group: clk
Path Type: max

Fanout     Cap    Slew   Delay    Time   Description
-----------------------------------------------------------------------------
                  0.00    0.00    0.00   clock clk (rise edge)
                          0.00    0.00   clock network delay (ideal)
                          2.00    2.00 v input external delay
                  0.02    0.01    2.01 v A[0] (in)
     1    0.01                           A[0] (net)
                  0.02    0.00    2.01 v input1/A (sky130_fd_sc_hd__buf_6)
                  0.04    0.12    2.13 v input1/X (sky130_fd_sc_hd__buf_6)
     5    0.02                           net1 (net)
                  0.04    0.00    2.13 v _297_/A (sky130_fd_sc_hd__or4_4)
                  0.09    0.55    2.68 v _297_/X (sky130_fd_sc_hd__or4_4)
     1    0.01                           _231_ (net)
                  0.09    0.00    2.68 v _298_/A (sky130_fd_sc_hd__buf_6)
                  0.04    0.16    2.85 v _298_/X (sky130_fd_sc_hd__buf_6)
     7    0.04                           _232_ (net)
                  0.04    0.00    2.85 v _417_/A4 (sky130_fd_sc_hd__o41a_4)
                  0.10    0.42    3.27 v _417_/X (sky130_fd_sc_hd__o41a_4)
     7    0.03                           _069_ (net)
                  0.10    0.00    3.27 v _443_/A2 (sky130_fd_sc_hd__a21o_4)
                  0.06    0.27    3.54 v _443_/X (sky130_fd_sc_hd__a21o_4)
     7    0.02                           _094_ (net)
                  0.06    0.00    3.54 v _445_/A (sky130_fd_sc_hd__or4_4)
                  0.09    0.57    4.11 v _445_/X (sky130_fd_sc_hd__or4_4)
     2    0.01                           _096_ (net)
                  0.09    0.00    4.11 v _446_/B_N (sky130_fd_sc_hd__or2b_4)
                  0.04    0.24    4.34 ^ _446_/X (sky130_fd_sc_hd__or2b_4)
     1    0.01                           _097_ (net)
                  0.04    0.00    4.34 ^ _449_/A (sky130_fd_sc_hd__xnor2_2)
                  0.08    0.10    4.44 v _449_/Y (sky130_fd_sc_hd__xnor2_2)
     2    0.01                           _100_ (net)
                  0.08    0.00    4.44 v _452_/A (sky130_fd_sc_hd__xor2_2)
                  0.09    0.21    4.66 v _452_/X (sky130_fd_sc_hd__xor2_2)
     2    0.01                           _103_ (net)
                  0.09    0.00    4.66 v rebuffer4/A (sky130_fd_sc_hd__clkbuf_1)
                  0.04    0.12    4.78 v rebuffer4/X (sky130_fd_sc_hd__clkbuf_1)
     1    0.01                           net39 (net)
                  0.04    0.00    4.78 v _477_/A1 (sky130_fd_sc_hd__a21boi_2)
                  0.17    0.19    4.97 ^ _477_/Y (sky130_fd_sc_hd__a21boi_2)
     2    0.01                           _127_ (net)
                  0.17    0.00    4.97 ^ _478_/B (sky130_fd_sc_hd__xor2_2)
                  0.22    0.25    5.22 ^ _478_/X (sky130_fd_sc_hd__xor2_2)
     4    0.01                           _128_ (net)
                  0.22    0.00    5.22 ^ _520_/C (sky130_fd_sc_hd__nor4_1)
                  0.06    0.08    5.30 v _520_/Y (sky130_fd_sc_hd__nor4_1)
     1    0.00                           _168_ (net)
                  0.06    0.00    5.30 v wire33/A (sky130_fd_sc_hd__buf_2)
                  0.04    0.14    5.44 v wire33/X (sky130_fd_sc_hd__buf_2)
     1    0.01                           net33 (net)
                  0.04    0.00    5.44 v _524_/B1 (sky130_fd_sc_hd__a221oi_4)
                  0.30    0.31    5.75 ^ _524_/Y (sky130_fd_sc_hd__a221oi_4)
     3    0.02                           _172_ (net)
                  0.30    0.00    5.75 ^ _541_/A2 (sky130_fd_sc_hd__o21ai_1)
                  0.08    0.13    5.88 v _541_/Y (sky130_fd_sc_hd__o21ai_1)
     1    0.01                           _188_ (net)
                  0.08    0.00    5.88 v _542_/B (sky130_fd_sc_hd__xnor2_1)
                  0.14    0.16    6.04 ^ _542_/Y (sky130_fd_sc_hd__xnor2_1)
     1    0.00                           net21 (net)
                  0.14    0.00    6.04 ^ output21/A (sky130_fd_sc_hd__clkbuf_4)
                  0.11    0.23    6.27 ^ output21/X (sky130_fd_sc_hd__clkbuf_4)
     1    0.03                           P[13] (net)
                  0.11    0.00    6.27 ^ P[13] (out)
                                  6.27   data arrival time

                  0.00   10.00   10.00   clock clk (rise edge)
                          0.00   10.00   clock network delay (ideal)
                         -0.25    9.75   clock uncertainty
                          0.00    9.75   clock reconvergence pessimism
                         -2.00    7.75   output external delay
                                  7.75   data required time
-----------------------------------------------------------------------------
                                  7.75   data required time
                                 -6.27   data arrival time
-----------------------------------------------------------------------------
                                  1.48   slack (MET)


Startpoint: A[0] (input port clocked by clk)
Endpoint: P[9] (output port clocked by clk)
Path Group: clk
Path Type: max

Fanout     Cap    Slew   Delay    Time   Description
-----------------------------------------------------------------------------
                  0.00    0.00    0.00   clock clk (rise edge)
                          0.00    0.00   clock network delay (ideal)
                          2.00    2.00 v input external delay
                  0.02    0.01    2.01 v A[0] (in)
     1    0.01                           A[0] (net)
                  0.02    0.00    2.01 v input1/A (sky130_fd_sc_hd__buf_6)
                  0.04    0.12    2.13 v input1/X (sky130_fd_sc_hd__buf_6)
     5    0.02                           net1 (net)
                  0.04    0.00    2.13 v _297_/A (sky130_fd_sc_hd__or4_4)
                  0.09    0.55    2.68 v _297_/X (sky130_fd_sc_hd__or4_4)
     1    0.01                           _231_ (net)
                  0.09    0.00    2.68 v _298_/A (sky130_fd_sc_hd__buf_6)
                  0.04    0.16    2.85 v _298_/X (sky130_fd_sc_hd__buf_6)
     7    0.04                           _232_ (net)
                  0.04    0.00    2.85 v _360_/D (sky130_fd_sc_hd__or4_4)
                  0.09    0.44    3.29 v _360_/X (sky130_fd_sc_hd__or4_4)
     3    0.01                           _014_ (net)
                  0.09    0.00    3.29 v _361_/B (sky130_fd_sc_hd__and3b_1)
                  0.05    0.21    3.50 v _361_/X (sky130_fd_sc_hd__and3b_1)
     2    0.01                           _015_ (net)
                  0.05    0.00    3.50 v _367_/A1 (sky130_fd_sc_hd__o31a_1)
                  0.07    0.33    3.84 v _367_/X (sky130_fd_sc_hd__o31a_1)
     3    0.01                           _021_ (net)
                  0.07    0.00    3.84 v _371_/A (sky130_fd_sc_hd__or3b_4)
                  0.07    0.42    4.26 v _371_/X (sky130_fd_sc_hd__or3b_4)
     3    0.01                           _025_ (net)
                  0.07    0.00    4.26 v _407_/B (sky130_fd_sc_hd__and2b_1)
                  0.06    0.20    4.46 v _407_/X (sky130_fd_sc_hd__and2b_1)
     2    0.01                           _060_ (net)
                  0.06    0.00    4.46 v _408_/B (sky130_fd_sc_hd__xnor2_1)
                  0.26    0.25    4.71 ^ _408_/Y (sky130_fd_sc_hd__xnor2_1)
     2    0.01                           _061_ (net)
                  0.26    0.00    4.71 ^ _411_/A (sky130_fd_sc_hd__xor2_1)
                  0.23    0.27    4.98 ^ _411_/X (sky130_fd_sc_hd__xor2_1)
     2    0.01                           _064_ (net)
                  0.23    0.00    4.98 ^ _412_/C (sky130_fd_sc_hd__nor3_1)
                  0.08    0.09    5.07 v _412_/Y (sky130_fd_sc_hd__nor3_1)
     2    0.00                           _065_ (net)
                  0.08    0.00    5.07 v max_cap34/A (sky130_fd_sc_hd__buf_1)
                  0.05    0.14    5.21 v max_cap34/X (sky130_fd_sc_hd__buf_1)
     1    0.01                           net34 (net)
                  0.05    0.00    5.21 v _436_/B1 (sky130_fd_sc_hd__a21oi_4)
                  0.18    0.18    5.39 ^ _436_/Y (sky130_fd_sc_hd__a21oi_4)
     4    0.02                           _088_ (net)
                  0.18    0.00    5.39 ^ _457_/B_N (sky130_fd_sc_hd__or2b_1)
                  0.05    0.26    5.64 v _457_/X (sky130_fd_sc_hd__or2b_1)
     1    0.00                           _108_ (net)
                  0.05    0.00    5.64 v _458_/B1 (sky130_fd_sc_hd__o21ai_1)
                  0.15    0.10    5.75 ^ _458_/Y (sky130_fd_sc_hd__o21ai_1)
     1    0.01                           _109_ (net)
                  0.15    0.00    5.75 ^ _459_/B (sky130_fd_sc_hd__xnor2_1)
                  0.27    0.20    5.95 ^ _459_/Y (sky130_fd_sc_hd__xnor2_1)
     1    0.01                           net32 (net)
                  0.27    0.00    5.95 ^ output32/A (sky130_fd_sc_hd__clkbuf_4)
                  0.13    0.28    6.23 ^ output32/X (sky130_fd_sc_hd__clkbuf_4)
     1    0.04                           P[9] (net)
                  0.13    0.00    6.24 ^ P[9] (out)
                                  6.24   data arrival time

                  0.00   10.00   10.00   clock clk (rise edge)
                          0.00   10.00   clock network delay (ideal)
                         -0.25    9.75   clock uncertainty
                          0.00    9.75   clock reconvergence pessimism
                         -2.00    7.75   output external delay
                                  7.75   data required time
-----------------------------------------------------------------------------
                                  7.75   data required time
                                 -6.24   data arrival time
-----------------------------------------------------------------------------
                                  1.51   slack (MET)


Startpoint: A[0] (input port clocked by clk)
Endpoint: P[11] (output port clocked by clk)
Path Group: clk
Path Type: max

Fanout     Cap    Slew   Delay    Time   Description
-----------------------------------------------------------------------------
                  0.00    0.00    0.00   clock clk (rise edge)
                          0.00    0.00   clock network delay (ideal)
                          2.00    2.00 v input external delay
                  0.02    0.01    2.01 v A[0] (in)
     1    0.01                           A[0] (net)
                  0.02    0.00    2.01 v input1/A (sky130_fd_sc_hd__buf_6)
                  0.04    0.12    2.13 v input1/X (sky130_fd_sc_hd__buf_6)
     5    0.02                           net1 (net)
                  0.04    0.00    2.13 v _297_/A (sky130_fd_sc_hd__or4_4)
                  0.09    0.55    2.68 v _297_/X (sky130_fd_sc_hd__or4_4)
     1    0.01                           _231_ (net)
                  0.09    0.00    2.68 v _298_/A (sky130_fd_sc_hd__buf_6)
                  0.04    0.16    2.85 v _298_/X (sky130_fd_sc_hd__buf_6)
     7    0.04                           _232_ (net)
                  0.04    0.00    2.85 v _360_/D (sky130_fd_sc_hd__or4_4)
                  0.09    0.44    3.29 v _360_/X (sky130_fd_sc_hd__or4_4)
     3    0.01                           _014_ (net)
                  0.09    0.00    3.29 v _361_/B (sky130_fd_sc_hd__and3b_1)
                  0.05    0.21    3.50 v _361_/X (sky130_fd_sc_hd__and3b_1)
     2    0.01                           _015_ (net)
                  0.05    0.00    3.50 v _367_/A1 (sky130_fd_sc_hd__o31a_1)
                  0.07    0.33    3.84 v _367_/X (sky130_fd_sc_hd__o31a_1)
     3    0.01                           _021_ (net)
                  0.07    0.00    3.84 v _371_/A (sky130_fd_sc_hd__or3b_4)
                  0.07    0.42    4.26 v _371_/X (sky130_fd_sc_hd__or3b_4)
     3    0.01                           _025_ (net)
                  0.07    0.00    4.26 v _373_/B (sky130_fd_sc_hd__and3_1)
                  0.06    0.21    4.47 v _373_/X (sky130_fd_sc_hd__and3_1)
     3    0.01                           _027_ (net)
                  0.06    0.00    4.47 v _378_/A (sky130_fd_sc_hd__or3_4)
                  0.06    0.40    4.87 v _378_/X (sky130_fd_sc_hd__or3_4)
     2    0.00                           _032_ (net)
                  0.06    0.00    4.87 v _382_/A1 (sky130_fd_sc_hd__a21o_1)
                  0.07    0.21    5.07 v _382_/X (sky130_fd_sc_hd__a21o_1)
     2    0.01                           _036_ (net)
                  0.07    0.00    5.07 v _415_/A1 (sky130_fd_sc_hd__a21oi_4)
                  0.16    0.18    5.26 ^ _415_/Y (sky130_fd_sc_hd__a21oi_4)
     2    0.02                           _068_ (net)
                  0.16    0.00    5.26 ^ _436_/A2 (sky130_fd_sc_hd__a21oi_4)
                  0.07    0.10    5.36 v _436_/Y (sky130_fd_sc_hd__a21oi_4)
     4    0.02                           _088_ (net)
                  0.07    0.00    5.36 v _482_/A1 (sky130_fd_sc_hd__a21oi_1)
                  0.23    0.23    5.59 ^ _482_/Y (sky130_fd_sc_hd__a21oi_1)
     2    0.01                           _132_ (net)
                  0.23    0.00    5.59 ^ _500_/A2 (sky130_fd_sc_hd__o21ai_1)
                  0.08    0.11    5.70 v _500_/Y (sky130_fd_sc_hd__o21ai_1)
     1    0.01                           _149_ (net)
                  0.08    0.00    5.70 v _501_/B (sky130_fd_sc_hd__xnor2_1)
                  0.24    0.24    5.95 ^ _501_/Y (sky130_fd_sc_hd__xnor2_1)
     1    0.01                           net19 (net)
                  0.24    0.00    5.95 ^ output19/A (sky130_fd_sc_hd__clkbuf_4)
                  0.13    0.27    6.22 ^ output19/X (sky130_fd_sc_hd__clkbuf_4)
     1    0.04                           P[11] (net)
                  0.13    0.00    6.23 ^ P[11] (out)
                                  6.23   data arrival time

                  0.00   10.00   10.00   clock clk (rise edge)
                          0.00   10.00   clock network delay (ideal)
                         -0.25    9.75   clock uncertainty
                          0.00    9.75   clock reconvergence pessimism
                         -2.00    7.75   output external delay
                                  7.75   data required time
-----------------------------------------------------------------------------
                                  7.75   data required time
                                 -6.23   data arrival time
-----------------------------------------------------------------------------
                                  1.52   slack (MET)


Startpoint: A[0] (input port clocked by clk)
Endpoint: P[12] (output port clocked by clk)
Path Group: clk
Path Type: max

Fanout     Cap    Slew   Delay    Time   Description
-----------------------------------------------------------------------------
                  0.00    0.00    0.00   clock clk (rise edge)
                          0.00    0.00   clock network delay (ideal)
                          2.00    2.00 v input external delay
                  0.02    0.01    2.01 v A[0] (in)
     1    0.01                           A[0] (net)
                  0.02    0.00    2.01 v input1/A (sky130_fd_sc_hd__buf_6)
                  0.04    0.12    2.13 v input1/X (sky130_fd_sc_hd__buf_6)
     5    0.02                           net1 (net)
                  0.04    0.00    2.13 v _297_/A (sky130_fd_sc_hd__or4_4)
                  0.09    0.55    2.68 v _297_/X (sky130_fd_sc_hd__or4_4)
     1    0.01                           _231_ (net)
                  0.09    0.00    2.68 v _298_/A (sky130_fd_sc_hd__buf_6)
                  0.04    0.16    2.85 v _298_/X (sky130_fd_sc_hd__buf_6)
     7    0.04                           _232_ (net)
                  0.04    0.00    2.85 v _417_/A4 (sky130_fd_sc_hd__o41a_4)
                  0.10    0.42    3.27 v _417_/X (sky130_fd_sc_hd__o41a_4)
     7    0.03                           _069_ (net)
                  0.10    0.00    3.27 v _443_/A2 (sky130_fd_sc_hd__a21o_4)
                  0.06    0.27    3.54 v _443_/X (sky130_fd_sc_hd__a21o_4)
     7    0.02                           _094_ (net)
                  0.06    0.00    3.54 v _445_/A (sky130_fd_sc_hd__or4_4)
                  0.09    0.57    4.11 v _445_/X (sky130_fd_sc_hd__or4_4)
     2    0.01                           _096_ (net)
                  0.09    0.00    4.11 v _446_/B_N (sky130_fd_sc_hd__or2b_4)
                  0.04    0.24    4.34 ^ _446_/X (sky130_fd_sc_hd__or2b_4)
     1    0.01                           _097_ (net)
                  0.04    0.00    4.34 ^ _449_/A (sky130_fd_sc_hd__xnor2_2)
                  0.08    0.10    4.44 v _449_/Y (sky130_fd_sc_hd__xnor2_2)
     2    0.01                           _100_ (net)
                  0.08    0.00    4.44 v _452_/A (sky130_fd_sc_hd__xor2_2)
                  0.09    0.21    4.66 v _452_/X (sky130_fd_sc_hd__xor2_2)
     2    0.01                           _103_ (net)
                  0.09    0.00    4.66 v rebuffer4/A (sky130_fd_sc_hd__clkbuf_1)
                  0.04    0.12    4.78 v rebuffer4/X (sky130_fd_sc_hd__clkbuf_1)
     1    0.01                           net39 (net)
                  0.04    0.00    4.78 v _477_/A1 (sky130_fd_sc_hd__a21boi_2)
                  0.17    0.19    4.97 ^ _477_/Y (sky130_fd_sc_hd__a21boi_2)
     2    0.01                           _127_ (net)
                  0.17    0.00    4.97 ^ _478_/B (sky130_fd_sc_hd__xor2_2)
                  0.22    0.25    5.22 ^ _478_/X (sky130_fd_sc_hd__xor2_2)
     4    0.01                           _128_ (net)
                  0.22    0.00    5.22 ^ _520_/C (sky130_fd_sc_hd__nor4_1)
                  0.06    0.08    5.30 v _520_/Y (sky130_fd_sc_hd__nor4_1)
     1    0.00                           _168_ (net)
                  0.06    0.00    5.30 v wire33/A (sky130_fd_sc_hd__buf_2)
                  0.04    0.14    5.44 v wire33/X (sky130_fd_sc_hd__buf_2)
     1    0.01                           net33 (net)
                  0.04    0.00    5.44 v _524_/B1 (sky130_fd_sc_hd__a221oi_4)
                  0.30    0.31    5.75 ^ _524_/Y (sky130_fd_sc_hd__a221oi_4)
     3    0.02                           _172_ (net)
                  0.30    0.00    5.75 ^ _525_/B (sky130_fd_sc_hd__xor2_1)
                  0.13    0.20    5.95 ^ _525_/X (sky130_fd_sc_hd__xor2_1)
     1    0.00                           net20 (net)
                  0.13    0.00    5.95 ^ output20/A (sky130_fd_sc_hd__clkbuf_4)
                  0.11    0.23    6.18 ^ output20/X (sky130_fd_sc_hd__clkbuf_4)
     1    0.03                           P[12] (net)
                  0.11    0.00    6.18 ^ P[12] (out)
                                  6.18   data arrival time

                  0.00   10.00   10.00   clock clk (rise edge)
                          0.00   10.00   clock network delay (ideal)
                         -0.25    9.75   clock uncertainty
                          0.00    9.75   clock reconvergence pessimism
                         -2.00    7.75   output external delay
                                  7.75   data required time
-----------------------------------------------------------------------------
                                  7.75   data required time
                                 -6.18   data arrival time
-----------------------------------------------------------------------------
                                  1.57   slack (MET)


Startpoint: A[0] (input port clocked by clk)
Endpoint: P[10] (output port clocked by clk)
Path Group: clk
Path Type: max

Fanout     Cap    Slew   Delay    Time   Description
-----------------------------------------------------------------------------
                  0.00    0.00    0.00   clock clk (rise edge)
                          0.00    0.00   clock network delay (ideal)
                          2.00    2.00 v input external delay
                  0.02    0.01    2.01 v A[0] (in)
     1    0.01                           A[0] (net)
                  0.02    0.00    2.01 v input1/A (sky130_fd_sc_hd__buf_6)
                  0.04    0.12    2.13 v input1/X (sky130_fd_sc_hd__buf_6)
     5    0.02                           net1 (net)
                  0.04    0.00    2.13 v _297_/A (sky130_fd_sc_hd__or4_4)
                  0.09    0.55    2.68 v _297_/X (sky130_fd_sc_hd__or4_4)
     1    0.01                           _231_ (net)
                  0.09    0.00    2.68 v _298_/A (sky130_fd_sc_hd__buf_6)
                  0.04    0.16    2.85 v _298_/X (sky130_fd_sc_hd__buf_6)
     7    0.04                           _232_ (net)
                  0.04    0.00    2.85 v _360_/D (sky130_fd_sc_hd__or4_4)
                  0.09    0.44    3.29 v _360_/X (sky130_fd_sc_hd__or4_4)
     3    0.01                           _014_ (net)
                  0.09    0.00    3.29 v _361_/B (sky130_fd_sc_hd__and3b_1)
                  0.05    0.21    3.50 v _361_/X (sky130_fd_sc_hd__and3b_1)
     2    0.01                           _015_ (net)
                  0.05    0.00    3.50 v _367_/A1 (sky130_fd_sc_hd__o31a_1)
                  0.07    0.33    3.84 v _367_/X (sky130_fd_sc_hd__o31a_1)
     3    0.01                           _021_ (net)
                  0.07    0.00    3.84 v _371_/A (sky130_fd_sc_hd__or3b_4)
                  0.07    0.42    4.26 v _371_/X (sky130_fd_sc_hd__or3b_4)
     3    0.01                           _025_ (net)
                  0.07    0.00    4.26 v _373_/B (sky130_fd_sc_hd__and3_1)
                  0.06    0.21    4.47 v _373_/X (sky130_fd_sc_hd__and3_1)
     3    0.01                           _027_ (net)
                  0.06    0.00    4.47 v _378_/A (sky130_fd_sc_hd__or3_4)
                  0.06    0.40    4.87 v _378_/X (sky130_fd_sc_hd__or3_4)
     2    0.00                           _032_ (net)
                  0.06    0.00    4.87 v _382_/A1 (sky130_fd_sc_hd__a21o_1)
                  0.07    0.21    5.07 v _382_/X (sky130_fd_sc_hd__a21o_1)
     2    0.01                           _036_ (net)
                  0.07    0.00    5.07 v _415_/A1 (sky130_fd_sc_hd__a21oi_4)
                  0.16    0.18    5.26 ^ _415_/Y (sky130_fd_sc_hd__a21oi_4)
     2    0.02                           _068_ (net)
                  0.16    0.00    5.26 ^ _436_/A2 (sky130_fd_sc_hd__a21oi_4)
                  0.07    0.10    5.36 v _436_/Y (sky130_fd_sc_hd__a21oi_4)
     4    0.02                           _088_ (net)
                  0.07    0.00    5.36 v _482_/A1 (sky130_fd_sc_hd__a21oi_1)
                  0.23    0.23    5.59 ^ _482_/Y (sky130_fd_sc_hd__a21oi_1)
     2    0.01                           _132_ (net)
                  0.23    0.00    5.59 ^ _483_/B (sky130_fd_sc_hd__xor2_1)
                  0.10    0.16    5.76 ^ _483_/X (sky130_fd_sc_hd__xor2_1)
     1    0.00                           net18 (net)
                  0.10    0.00    5.76 ^ output18/A (sky130_fd_sc_hd__clkbuf_4)
                  0.11    0.22    5.97 ^ output18/X (sky130_fd_sc_hd__clkbuf_4)
     1    0.03                           P[10] (net)
                  0.11    0.00    5.97 ^ P[10] (out)
                                  5.97   data arrival time

                  0.00   10.00   10.00   clock clk (rise edge)
                          0.00   10.00   clock network delay (ideal)
                         -0.25    9.75   clock uncertainty
                          0.00    9.75   clock reconvergence pessimism
                         -2.00    7.75   output external delay
                                  7.75   data required time
-----------------------------------------------------------------------------
                                  7.75   data required time
                                 -5.97   data arrival time
-----------------------------------------------------------------------------
                                  1.78   slack (MET)


Startpoint: A[0] (input port clocked by clk)
Endpoint: P[8] (output port clocked by clk)
Path Group: clk
Path Type: max

Fanout     Cap    Slew   Delay    Time   Description
-----------------------------------------------------------------------------
                  0.00    0.00    0.00   clock clk (rise edge)
                          0.00    0.00   clock network delay (ideal)
                          2.00    2.00 v input external delay
                  0.02    0.01    2.01 v A[0] (in)
     1    0.01                           A[0] (net)
                  0.02    0.00    2.01 v input1/A (sky130_fd_sc_hd__buf_6)
                  0.04    0.12    2.13 v input1/X (sky130_fd_sc_hd__buf_6)
     5    0.02                           net1 (net)
                  0.04    0.00    2.13 v _297_/A (sky130_fd_sc_hd__or4_4)
                  0.09    0.55    2.68 v _297_/X (sky130_fd_sc_hd__or4_4)
     1    0.01                           _231_ (net)
                  0.09    0.00    2.68 v _298_/A (sky130_fd_sc_hd__buf_6)
                  0.04    0.16    2.85 v _298_/X (sky130_fd_sc_hd__buf_6)
     7    0.04                           _232_ (net)
                  0.04    0.00    2.85 v _360_/D (sky130_fd_sc_hd__or4_4)
                  0.09    0.44    3.29 v _360_/X (sky130_fd_sc_hd__or4_4)
     3    0.01                           _014_ (net)
                  0.09    0.00    3.29 v _361_/B (sky130_fd_sc_hd__and3b_1)
                  0.05    0.21    3.50 v _361_/X (sky130_fd_sc_hd__and3b_1)
     2    0.01                           _015_ (net)
                  0.05    0.00    3.50 v _367_/A1 (sky130_fd_sc_hd__o31a_1)
                  0.07    0.33    3.84 v _367_/X (sky130_fd_sc_hd__o31a_1)
     3    0.01                           _021_ (net)
                  0.07    0.00    3.84 v _371_/A (sky130_fd_sc_hd__or3b_4)
                  0.07    0.42    4.26 v _371_/X (sky130_fd_sc_hd__or3b_4)
     3    0.01                           _025_ (net)
                  0.07    0.00    4.26 v _373_/B (sky130_fd_sc_hd__and3_1)
                  0.06    0.21    4.47 v _373_/X (sky130_fd_sc_hd__and3_1)
     3    0.01                           _027_ (net)
                  0.06    0.00    4.47 v _378_/A (sky130_fd_sc_hd__or3_4)
                  0.06    0.40    4.87 v _378_/X (sky130_fd_sc_hd__or3_4)
     2    0.00                           _032_ (net)
                  0.06    0.00    4.87 v _382_/A1 (sky130_fd_sc_hd__a21o_1)
                  0.07    0.21    5.07 v _382_/X (sky130_fd_sc_hd__a21o_1)
     2    0.01                           _036_ (net)
                  0.07    0.00    5.07 v _415_/A1 (sky130_fd_sc_hd__a21oi_4)
                  0.16    0.18    5.26 ^ _415_/Y (sky130_fd_sc_hd__a21oi_4)
     2    0.02                           _068_ (net)
                  0.16    0.00    5.26 ^ _436_/A2 (sky130_fd_sc_hd__a21oi_4)
                  0.07    0.10    5.36 v _436_/Y (sky130_fd_sc_hd__a21oi_4)
     4    0.02                           _088_ (net)
                  0.07    0.00    5.36 v _437_/B (sky130_fd_sc_hd__xnor2_1)
                  0.19    0.20    5.56 ^ _437_/Y (sky130_fd_sc_hd__xnor2_1)
     1    0.01                           net31 (net)
                  0.19    0.00    5.56 ^ output31/A (sky130_fd_sc_hd__clkbuf_4)
                  0.11    0.25    5.81 ^ output31/X (sky130_fd_sc_hd__clkbuf_4)
     1    0.03                           P[8] (net)
                  0.11    0.00    5.81 ^ P[8] (out)
                                  5.81   data arrival time

                  0.00   10.00   10.00   clock clk (rise edge)
                          0.00   10.00   clock network delay (ideal)
                         -0.25    9.75   clock uncertainty
                          0.00    9.75   clock reconvergence pessimism
                         -2.00    7.75   output external delay
                                  7.75   data required time
-----------------------------------------------------------------------------
                                  7.75   data required time
                                 -5.81   data arrival time
-----------------------------------------------------------------------------
                                  1.94   slack (MET)


Startpoint: A[0] (input port clocked by clk)
Endpoint: P[6] (output port clocked by clk)
Path Group: clk
Path Type: max

Fanout     Cap    Slew   Delay    Time   Description
-----------------------------------------------------------------------------
                  0.00    0.00    0.00   clock clk (rise edge)
                          0.00    0.00   clock network delay (ideal)
                          2.00    2.00 v input external delay
                  0.02    0.01    2.01 v A[0] (in)
     1    0.01                           A[0] (net)
                  0.02    0.00    2.01 v input1/A (sky130_fd_sc_hd__buf_6)
                  0.04    0.12    2.13 v input1/X (sky130_fd_sc_hd__buf_6)
     5    0.02                           net1 (net)
                  0.04    0.00    2.13 v _297_/A (sky130_fd_sc_hd__or4_4)
                  0.09    0.55    2.68 v _297_/X (sky130_fd_sc_hd__or4_4)
     1    0.01                           _231_ (net)
                  0.09    0.00    2.68 v _298_/A (sky130_fd_sc_hd__buf_6)
                  0.04    0.16    2.85 v _298_/X (sky130_fd_sc_hd__buf_6)
     7    0.04                           _232_ (net)
                  0.04    0.00    2.85 v _360_/D (sky130_fd_sc_hd__or4_4)
                  0.09    0.44    3.29 v _360_/X (sky130_fd_sc_hd__or4_4)
     3    0.01                           _014_ (net)
                  0.09    0.00    3.29 v _361_/B (sky130_fd_sc_hd__and3b_1)
                  0.05    0.21    3.50 v _361_/X (sky130_fd_sc_hd__and3b_1)
     2    0.01                           _015_ (net)
                  0.05    0.00    3.50 v _367_/A1 (sky130_fd_sc_hd__o31a_1)
                  0.07    0.33    3.84 v _367_/X (sky130_fd_sc_hd__o31a_1)
     3    0.01                           _021_ (net)
                  0.07    0.00    3.84 v _371_/A (sky130_fd_sc_hd__or3b_4)
                  0.07    0.42    4.26 v _371_/X (sky130_fd_sc_hd__or3b_4)
     3    0.01                           _025_ (net)
                  0.07    0.00    4.26 v _373_/B (sky130_fd_sc_hd__and3_1)
                  0.06    0.21    4.47 v _373_/X (sky130_fd_sc_hd__and3_1)
     3    0.01                           _027_ (net)
                  0.06    0.00    4.47 v _378_/A (sky130_fd_sc_hd__or3_4)
                  0.06    0.40    4.87 v _378_/X (sky130_fd_sc_hd__or3_4)
     2    0.00                           _032_ (net)
                  0.06    0.00    4.87 v _381_/A (sky130_fd_sc_hd__and3_1)
                  0.07    0.19    5.06 v _381_/X (sky130_fd_sc_hd__and3_1)
     2    0.01                           _035_ (net)
                  0.07    0.00    5.06 v _383_/A (sky130_fd_sc_hd__or2b_1)
                  0.07    0.27    5.33 v _383_/X (sky130_fd_sc_hd__or2b_1)
     1    0.01                           _037_ (net)
                  0.07    0.00    5.33 v _385_/A (sky130_fd_sc_hd__xnor2_2)
                  0.09    0.15    5.48 ^ _385_/Y (sky130_fd_sc_hd__xnor2_2)
     1    0.00                           net29 (net)
                  0.09    0.00    5.48 ^ output29/A (sky130_fd_sc_hd__clkbuf_4)
                  0.11    0.21    5.69 ^ output29/X (sky130_fd_sc_hd__clkbuf_4)
     1    0.03                           P[6] (net)
                  0.11    0.00    5.69 ^ P[6] (out)
                                  5.69   data arrival time

                  0.00   10.00   10.00   clock clk (rise edge)
                          0.00   10.00   clock network delay (ideal)
                         -0.25    9.75   clock uncertainty
                          0.00    9.75   clock reconvergence pessimism
                         -2.00    7.75   output external delay
                                  7.75   data required time
-----------------------------------------------------------------------------
                                  7.75   data required time
                                 -5.69   data arrival time
-----------------------------------------------------------------------------
                                  2.06   slack (MET)


Startpoint: A[0] (input port clocked by clk)
Endpoint: P[7] (output port clocked by clk)
Path Group: clk
Path Type: max

Fanout     Cap    Slew   Delay    Time   Description
-----------------------------------------------------------------------------
                  0.00    0.00    0.00   clock clk (rise edge)
                          0.00    0.00   clock network delay (ideal)
                          2.00    2.00 v input external delay
                  0.02    0.01    2.01 v A[0] (in)
     1    0.01                           A[0] (net)
                  0.02    0.00    2.01 v input1/A (sky130_fd_sc_hd__buf_6)
                  0.04    0.12    2.13 v input1/X (sky130_fd_sc_hd__buf_6)
     5    0.02                           net1 (net)
                  0.04    0.00    2.13 v _297_/A (sky130_fd_sc_hd__or4_4)
                  0.09    0.55    2.68 v _297_/X (sky130_fd_sc_hd__or4_4)
     1    0.01                           _231_ (net)
                  0.09    0.00    2.68 v _298_/A (sky130_fd_sc_hd__buf_6)
                  0.04    0.16    2.85 v _298_/X (sky130_fd_sc_hd__buf_6)
     7    0.04                           _232_ (net)
                  0.04    0.00    2.85 v _360_/D (sky130_fd_sc_hd__or4_4)
                  0.09    0.44    3.29 v _360_/X (sky130_fd_sc_hd__or4_4)
     3    0.01                           _014_ (net)
                  0.09    0.00    3.29 v _361_/B (sky130_fd_sc_hd__and3b_1)
                  0.05    0.21    3.50 v _361_/X (sky130_fd_sc_hd__and3b_1)
     2    0.01                           _015_ (net)
                  0.05    0.00    3.50 v _367_/A1 (sky130_fd_sc_hd__o31a_1)
                  0.07    0.33    3.84 v _367_/X (sky130_fd_sc_hd__o31a_1)
     3    0.01                           _021_ (net)
                  0.07    0.00    3.84 v _371_/A (sky130_fd_sc_hd__or3b_4)
                  0.07    0.42    4.26 v _371_/X (sky130_fd_sc_hd__or3b_4)
     3    0.01                           _025_ (net)
                  0.07    0.00    4.26 v _407_/B (sky130_fd_sc_hd__and2b_1)
                  0.06    0.20    4.46 v _407_/X (sky130_fd_sc_hd__and2b_1)
     2    0.01                           _060_ (net)
                  0.06    0.00    4.46 v _408_/B (sky130_fd_sc_hd__xnor2_1)
                  0.26    0.25    4.71 ^ _408_/Y (sky130_fd_sc_hd__xnor2_1)
     2    0.01                           _061_ (net)
                  0.26    0.00    4.71 ^ _411_/A (sky130_fd_sc_hd__xor2_1)
                  0.23    0.27    4.98 ^ _411_/X (sky130_fd_sc_hd__xor2_1)
     2    0.01                           _064_ (net)
                  0.23    0.00    4.98 ^ _413_/B1 (sky130_fd_sc_hd__o21ai_2)
                  0.08    0.12    5.10 v _413_/Y (sky130_fd_sc_hd__o21ai_2)
     2    0.01                           _066_ (net)
                  0.08    0.00    5.10 v _414_/B (sky130_fd_sc_hd__and2b_1)
                  0.04    0.19    5.29 v _414_/X (sky130_fd_sc_hd__and2b_1)
     1    0.00                           _067_ (net)
                  0.04    0.00    5.29 v _416_/A (sky130_fd_sc_hd__xnor2_1)
                  0.11    0.14    5.43 ^ _416_/Y (sky130_fd_sc_hd__xnor2_1)
     1    0.00                           net30 (net)
                  0.11    0.00    5.43 ^ output30/A (sky130_fd_sc_hd__clkbuf_4)
                  0.11    0.22    5.65 ^ output30/X (sky130_fd_sc_hd__clkbuf_4)
     1    0.03                           P[7] (net)
                  0.11    0.00    5.65 ^ P[7] (out)
                                  5.65   data arrival time

                  0.00   10.00   10.00   clock clk (rise edge)
                          0.00   10.00   clock network delay (ideal)
                         -0.25    9.75   clock uncertainty
                          0.00    9.75   clock reconvergence pessimism
                         -2.00    7.75   output external delay
                                  7.75   data required time
-----------------------------------------------------------------------------
                                  7.75   data required time
                                 -5.65   data arrival time
-----------------------------------------------------------------------------
                                  2.10   slack (MET)


Startpoint: A[0] (input port clocked by clk)
Endpoint: P[5] (output port clocked by clk)
Path Group: clk
Path Type: max

Fanout     Cap    Slew   Delay    Time   Description
-----------------------------------------------------------------------------
                  0.00    0.00    0.00   clock clk (rise edge)
                          0.00    0.00   clock network delay (ideal)
                          2.00    2.00 v input external delay
                  0.02    0.01    2.01 v A[0] (in)
     1    0.01                           A[0] (net)
                  0.02    0.00    2.01 v input1/A (sky130_fd_sc_hd__buf_6)
                  0.04    0.12    2.13 v input1/X (sky130_fd_sc_hd__buf_6)
     5    0.02                           net1 (net)
                  0.04    0.00    2.13 v _297_/A (sky130_fd_sc_hd__or4_4)
                  0.09    0.55    2.68 v _297_/X (sky130_fd_sc_hd__or4_4)
     1    0.01                           _231_ (net)
                  0.09    0.00    2.68 v _298_/A (sky130_fd_sc_hd__buf_6)
                  0.04    0.16    2.85 v _298_/X (sky130_fd_sc_hd__buf_6)
     7    0.04                           _232_ (net)
                  0.04    0.00    2.85 v _331_/C (sky130_fd_sc_hd__or3_1)
                  0.08    0.34    3.19 v _331_/X (sky130_fd_sc_hd__or3_1)
     3    0.01                           _264_ (net)
                  0.08    0.00    3.19 v _333_/B (sky130_fd_sc_hd__and3_1)
                  0.05    0.20    3.40 v _333_/X (sky130_fd_sc_hd__and3_1)
     2    0.01                           _266_ (net)
                  0.05    0.00    3.40 v _338_/A1 (sky130_fd_sc_hd__o31a_1)
                  0.09    0.36    3.76 v _338_/X (sky130_fd_sc_hd__o31a_1)
     4    0.01                           _271_ (net)
                  0.09    0.00    3.76 v _341_/A (sky130_fd_sc_hd__or3b_1)
                  0.10    0.45    4.21 v _341_/X (sky130_fd_sc_hd__or3b_1)
     3    0.01                           _274_ (net)
                  0.10    0.00    4.21 v _352_/A1 (sky130_fd_sc_hd__a21o_1)
                  0.05    0.20    4.40 v _352_/X (sky130_fd_sc_hd__a21o_1)
     2    0.01                           _007_ (net)
                  0.05    0.00    4.40 v _355_/B (sky130_fd_sc_hd__and3_1)
                  0.05    0.18    4.59 v _355_/X (sky130_fd_sc_hd__and3_1)
     2    0.01                           _010_ (net)
                  0.05    0.00    4.59 v _357_/A_N (sky130_fd_sc_hd__and2b_1)
                  0.06    0.21    4.80 ^ _357_/X (sky130_fd_sc_hd__and2b_1)
     1    0.01                           _012_ (net)
                  0.06    0.00    4.80 ^ _358_/B (sky130_fd_sc_hd__xnor2_1)
                  0.11    0.11    4.91 ^ _358_/Y (sky130_fd_sc_hd__xnor2_1)
     1    0.00                           net28 (net)
                  0.11    0.00    4.91 ^ output28/A (sky130_fd_sc_hd__buf_2)
                  0.17    0.23    5.14 ^ output28/X (sky130_fd_sc_hd__buf_2)
     1    0.03                           P[5] (net)
                  0.17    0.00    5.14 ^ P[5] (out)
                                  5.14   data arrival time

                  0.00   10.00   10.00   clock clk (rise edge)
                          0.00   10.00   clock network delay (ideal)
                         -0.25    9.75   clock uncertainty
                          0.00    9.75   clock reconvergence pessimism
                         -2.00    7.75   output external delay
                                  7.75   data required time
-----------------------------------------------------------------------------
                                  7.75   data required time
                                 -5.14   data arrival time
-----------------------------------------------------------------------------
                                  2.61   slack (MET)


Startpoint: A[1] (input port clocked by clk)
Endpoint: P[4] (output port clocked by clk)
Path Group: clk
Path Type: max

Fanout     Cap    Slew   Delay    Time   Description
-----------------------------------------------------------------------------
                  0.00    0.00    0.00   clock clk (rise edge)
                          0.00    0.00   clock network delay (ideal)
                          2.00    2.00 v input external delay
                  0.01    0.00    2.00 v A[1] (in)
     1    0.00                           A[1] (net)
                  0.01    0.00    2.00 v input2/A (sky130_fd_sc_hd__buf_1)
                  0.06    0.11    2.11 v input2/X (sky130_fd_sc_hd__buf_1)
     2    0.01                           net2 (net)
                  0.06    0.00    2.11 v _281_/A (sky130_fd_sc_hd__buf_4)
                  0.07    0.20    2.31 v _281_/X (sky130_fd_sc_hd__buf_4)
    10    0.05                           _217_ (net)
                  0.07    0.00    2.31 v _289_/B (sky130_fd_sc_hd__or3_2)
                  0.10    0.52    2.83 v _289_/X (sky130_fd_sc_hd__or3_2)
     2    0.01                           _224_ (net)
                  0.10    0.00    2.83 v _291_/A (sky130_fd_sc_hd__and2_2)
                  0.07    0.24    3.07 v _291_/X (sky130_fd_sc_hd__and2_2)
     8    0.02                           _226_ (net)
                  0.07    0.00    3.07 v _317_/A1 (sky130_fd_sc_hd__a221o_1)
                  0.08    0.37    3.44 v _317_/X (sky130_fd_sc_hd__a221o_1)
     2    0.01                           _250_ (net)
                  0.08    0.00    3.44 v _322_/A (sky130_fd_sc_hd__xor2_1)
                  0.20    0.24    3.68 ^ _322_/X (sky130_fd_sc_hd__xor2_1)
     2    0.01                           _255_ (net)
                  0.20    0.00    3.68 ^ _323_/B (sky130_fd_sc_hd__xor2_1)
                  0.23    0.26    3.94 ^ _323_/X (sky130_fd_sc_hd__xor2_1)
     2    0.01                           _256_ (net)
                  0.23    0.00    3.94 ^ _328_/A (sky130_fd_sc_hd__xnor2_1)
                  0.10    0.16    4.10 v _328_/Y (sky130_fd_sc_hd__xnor2_1)
     3    0.01                           _261_ (net)
                  0.10    0.00    4.10 v _569_/B (sky130_fd_sc_hd__or2_1)
                  0.05    0.23    4.33 v _569_/X (sky130_fd_sc_hd__or2_1)
     1    0.00                           _213_ (net)
                  0.05    0.00    4.33 v _570_/B (sky130_fd_sc_hd__and2_1)
                  0.04    0.16    4.49 v _570_/X (sky130_fd_sc_hd__and2_1)
     1    0.00                           _214_ (net)
                  0.04    0.00    4.49 v _571_/A (sky130_fd_sc_hd__clkbuf_1)
                  0.03    0.09    4.59 v _571_/X (sky130_fd_sc_hd__clkbuf_1)
     1    0.00                           net27 (net)
                  0.03    0.00    4.59 v output27/A (sky130_fd_sc_hd__clkbuf_4)
                  0.08    0.19    4.77 v output27/X (sky130_fd_sc_hd__clkbuf_4)
     1    0.03                           P[4] (net)
                  0.08    0.00    4.77 v P[4] (out)
                                  4.77   data arrival time

                  0.00   10.00   10.00   clock clk (rise edge)
                          0.00   10.00   clock network delay (ideal)
                         -0.25    9.75   clock uncertainty
                          0.00    9.75   clock reconvergence pessimism
                         -2.00    7.75   output external delay
                                  7.75   data required time
-----------------------------------------------------------------------------
                                  7.75   data required time
                                 -4.77   data arrival time
-----------------------------------------------------------------------------
                                  2.98   slack (MET)


Startpoint: A[1] (input port clocked by clk)
Endpoint: P[3] (output port clocked by clk)
Path Group: clk
Path Type: max

Fanout     Cap    Slew   Delay    Time   Description
-----------------------------------------------------------------------------
                  0.00    0.00    0.00   clock clk (rise edge)
                          0.00    0.00   clock network delay (ideal)
                          2.00    2.00 v input external delay
                  0.01    0.00    2.00 v A[1] (in)
     1    0.00                           A[1] (net)
                  0.01    0.00    2.00 v input2/A (sky130_fd_sc_hd__buf_1)
                  0.06    0.11    2.11 v input2/X (sky130_fd_sc_hd__buf_1)
     2    0.01                           net2 (net)
                  0.06    0.00    2.11 v _281_/A (sky130_fd_sc_hd__buf_4)
                  0.07    0.20    2.31 v _281_/X (sky130_fd_sc_hd__buf_4)
    10    0.05                           _217_ (net)
                  0.07    0.00    2.31 v _289_/B (sky130_fd_sc_hd__or3_2)
                  0.10    0.52    2.83 v _289_/X (sky130_fd_sc_hd__or3_2)
     2    0.01                           _224_ (net)
                  0.10    0.00    2.83 v _291_/A (sky130_fd_sc_hd__and2_2)
                  0.07    0.24    3.07 v _291_/X (sky130_fd_sc_hd__and2_2)
     8    0.02                           _226_ (net)
                  0.07    0.00    3.07 v _301_/B2 (sky130_fd_sc_hd__a22o_1)
                  0.06    0.23    3.30 v _301_/X (sky130_fd_sc_hd__a22o_1)
     2    0.01                           _235_ (net)
                  0.06    0.00    3.30 v _310_/A2 (sky130_fd_sc_hd__o21a_1)
                  0.07    0.22    3.52 v _310_/X (sky130_fd_sc_hd__o21a_1)
     3    0.01                           _244_ (net)
                  0.07    0.00    3.52 v _312_/A (sky130_fd_sc_hd__nor2_1)
                  0.13    0.16    3.68 ^ _312_/Y (sky130_fd_sc_hd__nor2_1)
     2    0.01                           _246_ (net)
                  0.13    0.00    3.68 ^ _313_/B (sky130_fd_sc_hd__and2_1)
                  0.16    0.24    3.91 ^ _313_/X (sky130_fd_sc_hd__and2_1)
     4    0.02                           _247_ (net)
                  0.16    0.00    3.92 ^ _315_/A (sky130_fd_sc_hd__nor2_1)
                  0.05    0.07    3.99 v _315_/Y (sky130_fd_sc_hd__nor2_1)
     1    0.00                           net26 (net)
                  0.05    0.00    3.99 v output26/A (sky130_fd_sc_hd__buf_2)
                  0.09    0.19    4.18 v output26/X (sky130_fd_sc_hd__buf_2)
     1    0.03                           P[3] (net)
                  0.09    0.00    4.18 v P[3] (out)
                                  4.18   data arrival time

                  0.00   10.00   10.00   clock clk (rise edge)
                          0.00   10.00   clock network delay (ideal)
                         -0.25    9.75   clock uncertainty
                          0.00    9.75   clock reconvergence pessimism
                         -2.00    7.75   output external delay
                                  7.75   data required time
-----------------------------------------------------------------------------
                                  7.75   data required time
                                 -4.18   data arrival time
-----------------------------------------------------------------------------
                                  3.57   slack (MET)


Startpoint: A[1] (input port clocked by clk)
Endpoint: P[2] (output port clocked by clk)
Path Group: clk
Path Type: max

Fanout     Cap    Slew   Delay    Time   Description
-----------------------------------------------------------------------------
                  0.00    0.00    0.00   clock clk (rise edge)
                          0.00    0.00   clock network delay (ideal)
                          2.00    2.00 v input external delay
                  0.01    0.00    2.00 v A[1] (in)
     1    0.00                           A[1] (net)
                  0.01    0.00    2.00 v input2/A (sky130_fd_sc_hd__buf_1)
                  0.06    0.11    2.11 v input2/X (sky130_fd_sc_hd__buf_1)
     2    0.01                           net2 (net)
                  0.06    0.00    2.11 v _281_/A (sky130_fd_sc_hd__buf_4)
                  0.07    0.20    2.31 v _281_/X (sky130_fd_sc_hd__buf_4)
    10    0.05                           _217_ (net)
                  0.07    0.00    2.31 v _289_/B (sky130_fd_sc_hd__or3_2)
                  0.10    0.52    2.83 v _289_/X (sky130_fd_sc_hd__or3_2)
     2    0.01                           _224_ (net)
                  0.10    0.00    2.83 v _291_/A (sky130_fd_sc_hd__and2_2)
                  0.07    0.24    3.07 v _291_/X (sky130_fd_sc_hd__and2_2)
     8    0.02                           _226_ (net)
                  0.07    0.00    3.07 v _293_/A2 (sky130_fd_sc_hd__a21o_1)
                  0.04    0.20    3.27 v _293_/X (sky130_fd_sc_hd__a21o_1)
     2    0.00                           _228_ (net)
                  0.04    0.00    3.27 v _294_/C (sky130_fd_sc_hd__and3_1)
                  0.06    0.21    3.48 v _294_/X (sky130_fd_sc_hd__and3_1)
     3    0.01                           _229_ (net)
                  0.06    0.00    3.48 v _296_/A (sky130_fd_sc_hd__nor2_1)
                  0.07    0.10    3.58 ^ _296_/Y (sky130_fd_sc_hd__nor2_1)
     1    0.00                           net25 (net)
                  0.07    0.00    3.58 ^ output25/A (sky130_fd_sc_hd__buf_2)
                  0.17    0.22    3.80 ^ output25/X (sky130_fd_sc_hd__buf_2)
     1    0.03                           P[2] (net)
                  0.17    0.00    3.80 ^ P[2] (out)
                                  3.80   data arrival time

                  0.00   10.00   10.00   clock clk (rise edge)
                          0.00   10.00   clock network delay (ideal)
                         -0.25    9.75   clock uncertainty
                          0.00    9.75   clock reconvergence pessimism
                         -2.00    7.75   output external delay
                                  7.75   data required time
-----------------------------------------------------------------------------
                                  7.75   data required time
                                 -3.80   data arrival time
-----------------------------------------------------------------------------
                                  3.95   slack (MET)


Startpoint: A[1] (input port clocked by clk)
Endpoint: P[1] (output port clocked by clk)
Path Group: clk
Path Type: max

Fanout     Cap    Slew   Delay    Time   Description
-----------------------------------------------------------------------------
                  0.00    0.00    0.00   clock clk (rise edge)
                          0.00    0.00   clock network delay (ideal)
                          2.00    2.00 v input external delay
                  0.01    0.00    2.00 v A[1] (in)
     1    0.00                           A[1] (net)
                  0.01    0.00    2.00 v input2/A (sky130_fd_sc_hd__buf_1)
                  0.06    0.11    2.11 v input2/X (sky130_fd_sc_hd__buf_1)
     2    0.01                           net2 (net)
                  0.06    0.00    2.11 v _281_/A (sky130_fd_sc_hd__buf_4)
                  0.07    0.20    2.31 v _281_/X (sky130_fd_sc_hd__buf_4)
    10    0.05                           _217_ (net)
                  0.07    0.00    2.31 v _284_/B (sky130_fd_sc_hd__xor2_4)
                  0.08    0.18    2.49 v _284_/X (sky130_fd_sc_hd__xor2_4)
     8    0.02                           _220_ (net)
                  0.08    0.00    2.49 v _286_/A2 (sky130_fd_sc_hd__a22o_1)
                  0.04    0.25    2.74 v _286_/X (sky130_fd_sc_hd__a22o_1)
     1    0.00                           _222_ (net)
                  0.04    0.00    2.74 v _287_/B1 (sky130_fd_sc_hd__a21o_1)
                  0.03    0.15    2.89 v _287_/X (sky130_fd_sc_hd__a21o_1)
     1    0.00                           net24 (net)
                  0.03    0.00    2.89 v output24/A (sky130_fd_sc_hd__clkbuf_4)
                  0.08    0.19    3.07 v output24/X (sky130_fd_sc_hd__clkbuf_4)
     1    0.03                           P[1] (net)
                  0.08    0.00    3.08 v P[1] (out)
                                  3.08   data arrival time

                  0.00   10.00   10.00   clock clk (rise edge)
                          0.00   10.00   clock network delay (ideal)
                         -0.25    9.75   clock uncertainty
                          0.00    9.75   clock reconvergence pessimism
                         -2.00    7.75   output external delay
                                  7.75   data required time
-----------------------------------------------------------------------------
                                  7.75   data required time
                                 -3.08   data arrival time
-----------------------------------------------------------------------------
                                  4.67   slack (MET)


Startpoint: A[0] (input port clocked by clk)
Endpoint: P[0] (output port clocked by clk)
Path Group: clk
Path Type: max

Fanout     Cap    Slew   Delay    Time   Description
-----------------------------------------------------------------------------
                  0.00    0.00    0.00   clock clk (rise edge)
                          0.00    0.00   clock network delay (ideal)
                          2.00    2.00 ^ input external delay
                  0.03    0.02    2.02 ^ A[0] (in)
     1    0.01                           A[0] (net)
                  0.03    0.00    2.02 ^ input1/A (sky130_fd_sc_hd__buf_6)
                  0.07    0.12    2.14 ^ input1/X (sky130_fd_sc_hd__buf_6)
     5    0.03                           net1 (net)
                  0.07    0.00    2.14 ^ _278_/A (sky130_fd_sc_hd__clkbuf_4)
                  0.08    0.18    2.32 ^ _278_/X (sky130_fd_sc_hd__clkbuf_4)
    10    0.02                           _215_ (net)
                  0.08    0.00    2.32 ^ _279_/B (sky130_fd_sc_hd__and2_1)
                  0.10    0.18    2.50 ^ _279_/X (sky130_fd_sc_hd__and2_1)
     1    0.01                           _216_ (net)
                  0.10    0.00    2.50 ^ _280_/A (sky130_fd_sc_hd__clkbuf_1)
                  0.04    0.10    2.60 ^ _280_/X (sky130_fd_sc_hd__clkbuf_1)
     1    0.00                           net17 (net)
                  0.04    0.00    2.60 ^ output17/A (sky130_fd_sc_hd__clkbuf_4)
                  0.11    0.19    2.79 ^ output17/X (sky130_fd_sc_hd__clkbuf_4)
     1    0.03                           P[0] (net)
                  0.11    0.00    2.79 ^ P[0] (out)
                                  2.79   data arrival time

                  0.00   10.00   10.00   clock clk (rise edge)
                          0.00   10.00   clock network delay (ideal)
                         -0.25    9.75   clock uncertainty
                          0.00    9.75   clock reconvergence pessimism
                         -2.00    7.75   output external delay
                                  7.75   data required time
-----------------------------------------------------------------------------
                                  7.75   data required time
                                 -2.79   data arrival time
-----------------------------------------------------------------------------
                                  4.96   slack (MET)



