
===========================================================================
report_checks -path_delay min (Hold)
============================================================================
======================= Typical Corner ===================================

Startpoint: B[0] (input port clocked by clk)
Endpoint: P[0] (output port clocked by clk)
Path Group: clk
Path Type: min

Fanout     Cap    Slew   Delay    Time   Description
-----------------------------------------------------------------------------
                  0.00    0.00    0.00   clock clk (rise edge)
                          0.00    0.00   clock network delay (ideal)
                          2.00    2.00 v input external delay
                  0.01    0.01    2.01 v B[0] (in)
     1    0.00                           B[0] (net)
                  0.01    0.00    2.01 v input9/A (sky130_fd_sc_hd__buf_1)
                  0.08    0.11    2.11 v input9/X (sky130_fd_sc_hd__buf_1)
     4    0.01                           net9 (net)
                  0.08    0.00    2.12 v _279_/A (sky130_fd_sc_hd__and2_1)
                  0.06    0.17    2.28 v _279_/X (sky130_fd_sc_hd__and2_1)
     1    0.01                           _216_ (net)
                  0.06    0.00    2.28 v _280_/A (sky130_fd_sc_hd__clkbuf_1)
                  0.03    0.09    2.37 v _280_/X (sky130_fd_sc_hd__clkbuf_1)
     1    0.00                           net17 (net)
                  0.03    0.00    2.37 v output17/A (sky130_fd_sc_hd__clkbuf_4)
                  0.08    0.17    2.54 v output17/X (sky130_fd_sc_hd__clkbuf_4)
     1    0.03                           P[0] (net)
                  0.08    0.00    2.54 v P[0] (out)
                                  2.54   data arrival time

                  0.00    0.00    0.00   clock clk (rise edge)
                          0.00    0.00   clock network delay (ideal)
                          0.25    0.25   clock uncertainty
                          0.00    0.25   clock reconvergence pessimism
                         -2.00   -1.75   output external delay
                                 -1.75   data required time
-----------------------------------------------------------------------------
                                 -1.75   data required time
                                 -2.54   data arrival time
-----------------------------------------------------------------------------
                                  4.29   slack (MET)


Startpoint: A[0] (input port clocked by clk)
Endpoint: P[2] (output port clocked by clk)
Path Group: clk
Path Type: min

Fanout     Cap    Slew   Delay    Time   Description
-----------------------------------------------------------------------------
                  0.00    0.00    0.00   clock clk (rise edge)
                          0.00    0.00   clock network delay (ideal)
                          2.00    2.00 v input external delay
                  0.02    0.01    2.01 v A[0] (in)
     1    0.01                           A[0] (net)
                  0.02    0.00    2.01 v input1/A (sky130_fd_sc_hd__buf_6)
                  0.04    0.11    2.12 v input1/X (sky130_fd_sc_hd__buf_6)
     5    0.02                           net1 (net)
                  0.04    0.00    2.12 v _278_/A (sky130_fd_sc_hd__clkbuf_4)
                  0.06    0.15    2.27 v _278_/X (sky130_fd_sc_hd__clkbuf_4)
    10    0.02                           _215_ (net)
                  0.06    0.00    2.27 v _295_/A1 (sky130_fd_sc_hd__a21oi_1)
                  0.09    0.11    2.39 ^ _295_/Y (sky130_fd_sc_hd__a21oi_1)
     1    0.00                           _230_ (net)
                  0.09    0.00    2.39 ^ _296_/B (sky130_fd_sc_hd__nor2_1)
                  0.03    0.04    2.43 v _296_/Y (sky130_fd_sc_hd__nor2_1)
     1    0.00                           net25 (net)
                  0.03    0.00    2.43 v output25/A (sky130_fd_sc_hd__buf_2)
                  0.09    0.16    2.59 v output25/X (sky130_fd_sc_hd__buf_2)
     1    0.03                           P[2] (net)
                  0.09    0.00    2.59 v P[2] (out)
                                  2.59   data arrival time

                  0.00    0.00    0.00   clock clk (rise edge)
                          0.00    0.00   clock network delay (ideal)
                          0.25    0.25   clock uncertainty
                          0.00    0.25   clock reconvergence pessimism
                         -2.00   -1.75   output external delay
                                 -1.75   data required time
-----------------------------------------------------------------------------
                                 -1.75   data required time
                                 -2.59   data arrival time
-----------------------------------------------------------------------------
                                  4.34   slack (MET)


Startpoint: A[1] (input port clocked by clk)
Endpoint: P[1] (output port clocked by clk)
Path Group: clk
Path Type: min

Fanout     Cap    Slew   Delay    Time   Description
-----------------------------------------------------------------------------
                  0.00    0.00    0.00   clock clk (rise edge)
                          0.00    0.00   clock network delay (ideal)
                          2.00    2.00 v input external delay
                  0.01    0.00    2.00 v A[1] (in)
     1    0.00                           A[1] (net)
                  0.01    0.00    2.00 v input2/A (sky130_fd_sc_hd__buf_1)
                  0.06    0.10    2.10 v input2/X (sky130_fd_sc_hd__buf_1)
     2    0.01                           net2 (net)
                  0.06    0.00    2.10 v _281_/A (sky130_fd_sc_hd__buf_4)
                  0.07    0.18    2.28 v _281_/X (sky130_fd_sc_hd__buf_4)
    10    0.05                           _217_ (net)
                  0.07    0.00    2.28 v _287_/A1 (sky130_fd_sc_hd__a21o_1)
                  0.03    0.15    2.43 v _287_/X (sky130_fd_sc_hd__a21o_1)
     1    0.00                           net24 (net)
                  0.03    0.00    2.43 v output24/A (sky130_fd_sc_hd__clkbuf_4)
                  0.08    0.17    2.59 v output24/X (sky130_fd_sc_hd__clkbuf_4)
     1    0.03                           P[1] (net)
                  0.08    0.00    2.60 v P[1] (out)
                                  2.60   data arrival time

                  0.00    0.00    0.00   clock clk (rise edge)
                          0.00    0.00   clock network delay (ideal)
                          0.25    0.25   clock uncertainty
                          0.00    0.25   clock reconvergence pessimism
                         -2.00   -1.75   output external delay
                                 -1.75   data required time
-----------------------------------------------------------------------------
                                 -1.75   data required time
                                 -2.60   data arrival time
-----------------------------------------------------------------------------
                                  4.35   slack (MET)


Startpoint: A[0] (input port clocked by clk)
Endpoint: P[3] (output port clocked by clk)
Path Group: clk
Path Type: min

Fanout     Cap    Slew   Delay    Time   Description
-----------------------------------------------------------------------------
                  0.00    0.00    0.00   clock clk (rise edge)
                          0.00    0.00   clock network delay (ideal)
                          2.00    2.00 v input external delay
                  0.02    0.01    2.01 v A[0] (in)
     1    0.01                           A[0] (net)
                  0.02    0.00    2.01 v input1/A (sky130_fd_sc_hd__buf_6)
                  0.04    0.11    2.12 v input1/X (sky130_fd_sc_hd__buf_6)
     5    0.02                           net1 (net)
                  0.04    0.00    2.12 v _278_/A (sky130_fd_sc_hd__clkbuf_4)
                  0.06    0.15    2.27 v _278_/X (sky130_fd_sc_hd__clkbuf_4)
    10    0.02                           _215_ (net)
                  0.06    0.00    2.27 v _294_/A (sky130_fd_sc_hd__and3_1)
                  0.05    0.16    2.43 v _294_/X (sky130_fd_sc_hd__and3_1)
     3    0.01                           _229_ (net)
                  0.05    0.00    2.43 v _314_/A (sky130_fd_sc_hd__nor2_1)
                  0.09    0.11    2.54 ^ _314_/Y (sky130_fd_sc_hd__nor2_1)
     1    0.00                           _248_ (net)
                  0.09    0.00    2.54 ^ _315_/B (sky130_fd_sc_hd__nor2_1)
                  0.03    0.05    2.58 v _315_/Y (sky130_fd_sc_hd__nor2_1)
     1    0.00                           net26 (net)
                  0.03    0.00    2.58 v output26/A (sky130_fd_sc_hd__buf_2)
                  0.09    0.16    2.75 v output26/X (sky130_fd_sc_hd__buf_2)
     1    0.03                           P[3] (net)
                  0.09    0.00    2.75 v P[3] (out)
                                  2.75   data arrival time

                  0.00    0.00    0.00   clock clk (rise edge)
                          0.00    0.00   clock network delay (ideal)
                          0.25    0.25   clock uncertainty
                          0.00    0.25   clock reconvergence pessimism
                         -2.00   -1.75   output external delay
                                 -1.75   data required time
-----------------------------------------------------------------------------
                                 -1.75   data required time
                                 -2.75   data arrival time
-----------------------------------------------------------------------------
                                  4.50   slack (MET)


Startpoint: A[0] (input port clocked by clk)
Endpoint: P[5] (output port clocked by clk)
Path Group: clk
Path Type: min

Fanout     Cap    Slew   Delay    Time   Description
-----------------------------------------------------------------------------
                  0.00    0.00    0.00   clock clk (rise edge)
                          0.00    0.00   clock network delay (ideal)
                          2.00    2.00 v input external delay
                  0.02    0.01    2.01 v A[0] (in)
     1    0.01                           A[0] (net)
                  0.02    0.00    2.01 v input1/A (sky130_fd_sc_hd__buf_6)
                  0.04    0.11    2.12 v input1/X (sky130_fd_sc_hd__buf_6)
     5    0.02                           net1 (net)
                  0.04    0.00    2.12 v _278_/A (sky130_fd_sc_hd__clkbuf_4)
                  0.06    0.15    2.27 v _278_/X (sky130_fd_sc_hd__clkbuf_4)
    10    0.02                           _215_ (net)
                  0.06    0.00    2.27 v _327_/A (sky130_fd_sc_hd__nand2_1)
                  0.07    0.08    2.35 ^ _327_/Y (sky130_fd_sc_hd__nand2_1)
     1    0.01                           _260_ (net)
                  0.07    0.00    2.35 ^ _328_/B (sky130_fd_sc_hd__xnor2_1)
                  0.08    0.09    2.44 v _328_/Y (sky130_fd_sc_hd__xnor2_1)
     3    0.01                           _261_ (net)
                  0.08    0.00    2.44 v _329_/B (sky130_fd_sc_hd__nand2_1)
                  0.08    0.10    2.54 ^ _329_/Y (sky130_fd_sc_hd__nand2_1)
     2    0.01                           _262_ (net)
                  0.08    0.00    2.55 ^ _358_/A (sky130_fd_sc_hd__xnor2_1)
                  0.03    0.07    2.61 v _358_/Y (sky130_fd_sc_hd__xnor2_1)
     1    0.00                           net28 (net)
                  0.03    0.00    2.61 v output28/A (sky130_fd_sc_hd__buf_2)
                  0.09    0.16    2.78 v output28/X (sky130_fd_sc_hd__buf_2)
     1    0.03                           P[5] (net)
                  0.09    0.00    2.78 v P[5] (out)
                                  2.78   data arrival time

                  0.00    0.00    0.00   clock clk (rise edge)
                          0.00    0.00   clock network delay (ideal)
                          0.25    0.25   clock uncertainty
                          0.00    0.25   clock reconvergence pessimism
                         -2.00   -1.75   output external delay
                                 -1.75   data required time
-----------------------------------------------------------------------------
                                 -1.75   data required time
                                 -2.78   data arrival time
-----------------------------------------------------------------------------
                                  4.53   slack (MET)


Startpoint: A[5] (input port clocked by clk)
Endpoint: P[15] (output port clocked by clk)
Path Group: clk
Path Type: min

Fanout     Cap    Slew   Delay    Time   Description
-----------------------------------------------------------------------------
                  0.00    0.00    0.00   clock clk (rise edge)
                          0.00    0.00   clock network delay (ideal)
                          2.00    2.00 ^ input external delay
                  0.02    0.01    2.01 ^ A[5] (in)
     1    0.00                           A[5] (net)
                  0.02    0.00    2.01 ^ input6/A (sky130_fd_sc_hd__buf_1)
                  0.12    0.12    2.13 ^ input6/X (sky130_fd_sc_hd__buf_1)
     3    0.01                           net6 (net)
                  0.12    0.00    2.13 ^ _417_/A2 (sky130_fd_sc_hd__o41a_4)
                  0.09    0.20    2.32 ^ _417_/X (sky130_fd_sc_hd__o41a_4)
     7    0.03                           _069_ (net)
                  0.09    0.00    2.32 ^ _564_/A1 (sky130_fd_sc_hd__a21o_1)
                  0.06    0.13    2.45 ^ _564_/X (sky130_fd_sc_hd__a21o_1)
     1    0.01                           _209_ (net)
                  0.06    0.00    2.45 ^ _566_/A (sky130_fd_sc_hd__xnor2_1)
                  0.05    0.08    2.53 v _566_/Y (sky130_fd_sc_hd__xnor2_1)
     1    0.01                           _211_ (net)
                  0.05    0.00    2.53 v _567_/B (sky130_fd_sc_hd__xnor2_1)
                  0.07    0.15    2.68 ^ _567_/Y (sky130_fd_sc_hd__xnor2_1)
     1    0.00                           _212_ (net)
                  0.07    0.00    2.68 ^ _568_/B (sky130_fd_sc_hd__xnor2_1)
                  0.03    0.06    2.74 v _568_/Y (sky130_fd_sc_hd__xnor2_1)
     1    0.00                           net23 (net)
                  0.03    0.00    2.74 v output23/A (sky130_fd_sc_hd__buf_4)
                  0.06    0.15    2.89 v output23/X (sky130_fd_sc_hd__buf_4)
     1    0.03                           P[15] (net)
                  0.06    0.00    2.89 v P[15] (out)
                                  2.89   data arrival time

                  0.00    0.00    0.00   clock clk (rise edge)
                          0.00    0.00   clock network delay (ideal)
                          0.25    0.25   clock uncertainty
                          0.00    0.25   clock reconvergence pessimism
                         -2.00   -1.75   output external delay
                                 -1.75   data required time
-----------------------------------------------------------------------------
                                 -1.75   data required time
                                 -2.89   data arrival time
-----------------------------------------------------------------------------
                                  4.64   slack (MET)


Startpoint: A[2] (input port clocked by clk)
Endpoint: P[7] (output port clocked by clk)
Path Group: clk
Path Type: min

Fanout     Cap    Slew   Delay    Time   Description
-----------------------------------------------------------------------------
                  0.00    0.00    0.00   clock clk (rise edge)
                          0.00    0.00   clock network delay (ideal)
                          2.00    2.00 ^ input external delay
                  0.02    0.01    2.01 ^ A[2] (in)
     1    0.00                           A[2] (net)
                  0.02    0.00    2.01 ^ input3/A (sky130_fd_sc_hd__buf_4)
                  0.08    0.12    2.13 ^ input3/X (sky130_fd_sc_hd__buf_4)
    10    0.02                           net3 (net)
                  0.08    0.00    2.13 ^ _376_/B2 (sky130_fd_sc_hd__a221o_1)
                  0.08    0.16    2.29 ^ _376_/X (sky130_fd_sc_hd__a221o_1)
     1    0.01                           _030_ (net)
                  0.08    0.00    2.29 ^ _377_/A (sky130_fd_sc_hd__inv_2)
                  0.03    0.04    2.33 v _377_/Y (sky130_fd_sc_hd__inv_2)
     3    0.01                           _031_ (net)
                  0.03    0.00    2.33 v _379_/B1 (sky130_fd_sc_hd__o21ai_1)
                  0.09    0.07    2.40 ^ _379_/Y (sky130_fd_sc_hd__o21ai_1)
     2    0.00                           _033_ (net)
                  0.09    0.00    2.40 ^ _382_/A2 (sky130_fd_sc_hd__a21o_1)
                  0.11    0.17    2.57 ^ _382_/X (sky130_fd_sc_hd__a21o_1)
     2    0.01                           _036_ (net)
                  0.11    0.00    2.57 ^ _415_/A1 (sky130_fd_sc_hd__a21oi_4)
                  0.05    0.08    2.64 v _415_/Y (sky130_fd_sc_hd__a21oi_4)
     2    0.02                           _068_ (net)
                  0.05    0.00    2.64 v _416_/B (sky130_fd_sc_hd__xnor2_1)
                  0.03    0.11    2.75 v _416_/Y (sky130_fd_sc_hd__xnor2_1)
     1    0.00                           net30 (net)
                  0.03    0.00    2.75 v output30/A (sky130_fd_sc_hd__clkbuf_4)
                  0.08    0.17    2.92 v output30/X (sky130_fd_sc_hd__clkbuf_4)
     1    0.03                           P[7] (net)
                  0.08    0.00    2.92 v P[7] (out)
                                  2.92   data arrival time

                  0.00    0.00    0.00   clock clk (rise edge)
                          0.00    0.00   clock network delay (ideal)
                          0.25    0.25   clock uncertainty
                          0.00    0.25   clock reconvergence pessimism
                         -2.00   -1.75   output external delay
                                 -1.75   data required time
-----------------------------------------------------------------------------
                                 -1.75   data required time
                                 -2.92   data arrival time
-----------------------------------------------------------------------------
                                  4.67   slack (MET)


Startpoint: A[0] (input port clocked by clk)
Endpoint: P[4] (output port clocked by clk)
Path Group: clk
Path Type: min

Fanout     Cap    Slew   Delay    Time   Description
-----------------------------------------------------------------------------
                  0.00    0.00    0.00   clock clk (rise edge)
                          0.00    0.00   clock network delay (ideal)
                          2.00    2.00 v input external delay
                  0.02    0.01    2.01 v A[0] (in)
     1    0.01                           A[0] (net)
                  0.02    0.00    2.01 v input1/A (sky130_fd_sc_hd__buf_6)
                  0.04    0.11    2.12 v input1/X (sky130_fd_sc_hd__buf_6)
     5    0.02                           net1 (net)
                  0.04    0.00    2.12 v _278_/A (sky130_fd_sc_hd__clkbuf_4)
                  0.06    0.15    2.27 v _278_/X (sky130_fd_sc_hd__clkbuf_4)
    10    0.02                           _215_ (net)
                  0.06    0.00    2.27 v _327_/A (sky130_fd_sc_hd__nand2_1)
                  0.07    0.08    2.35 ^ _327_/Y (sky130_fd_sc_hd__nand2_1)
     1    0.01                           _260_ (net)
                  0.07    0.00    2.35 ^ _328_/B (sky130_fd_sc_hd__xnor2_1)
                  0.08    0.09    2.44 v _328_/Y (sky130_fd_sc_hd__xnor2_1)
     3    0.01                           _261_ (net)
                  0.08    0.00    2.44 v _329_/B (sky130_fd_sc_hd__nand2_1)
                  0.08    0.10    2.54 ^ _329_/Y (sky130_fd_sc_hd__nand2_1)
     2    0.01                           _262_ (net)
                  0.08    0.00    2.55 ^ _570_/A (sky130_fd_sc_hd__and2_1)
                  0.05    0.12    2.67 ^ _570_/X (sky130_fd_sc_hd__and2_1)
     1    0.00                           _214_ (net)
                  0.05    0.00    2.67 ^ _571_/A (sky130_fd_sc_hd__clkbuf_1)
                  0.06    0.09    2.75 ^ _571_/X (sky130_fd_sc_hd__clkbuf_1)
     1    0.00                           net27 (net)
                  0.06    0.00    2.75 ^ output27/A (sky130_fd_sc_hd__clkbuf_4)
                  0.11    0.18    2.93 ^ output27/X (sky130_fd_sc_hd__clkbuf_4)
     1    0.03                           P[4] (net)
                  0.11    0.00    2.93 ^ P[4] (out)
                                  2.93   data arrival time

                  0.00    0.00    0.00   clock clk (rise edge)
                          0.00    0.00   clock network delay (ideal)
                          0.25    0.25   clock uncertainty
                          0.00    0.25   clock reconvergence pessimism
                         -2.00   -1.75   output external delay
                                 -1.75   data required time
-----------------------------------------------------------------------------
                                 -1.75   data required time
                                 -2.93   data arrival time
-----------------------------------------------------------------------------
                                  4.68   slack (MET)


Startpoint: A[2] (input port clocked by clk)
Endpoint: P[8] (output port clocked by clk)
Path Group: clk
Path Type: min

Fanout     Cap    Slew   Delay    Time   Description
-----------------------------------------------------------------------------
                  0.00    0.00    0.00   clock clk (rise edge)
                          0.00    0.00   clock network delay (ideal)
                          2.00    2.00 ^ input external delay
                  0.02    0.01    2.01 ^ A[2] (in)
     1    0.00                           A[2] (net)
                  0.02    0.00    2.01 ^ input3/A (sky130_fd_sc_hd__buf_4)
                  0.08    0.12    2.13 ^ input3/X (sky130_fd_sc_hd__buf_4)
    10    0.02                           net3 (net)
                  0.08    0.00    2.13 ^ _409_/A1 (sky130_fd_sc_hd__a22o_1)
                  0.05    0.13    2.26 ^ _409_/X (sky130_fd_sc_hd__a22o_1)
     1    0.00                           _062_ (net)
                  0.05    0.00    2.26 ^ _410_/C1 (sky130_fd_sc_hd__a221o_1)
                  0.14    0.17    2.43 ^ _410_/X (sky130_fd_sc_hd__a221o_1)
     2    0.01                           _063_ (net)
                  0.14    0.00    2.43 ^ _434_/A2 (sky130_fd_sc_hd__a21oi_2)
                  0.04    0.09    2.52 v _434_/Y (sky130_fd_sc_hd__a21oi_2)
     3    0.01                           _086_ (net)
                  0.04    0.00    2.52 v _435_/B (sky130_fd_sc_hd__xnor2_2)
                  0.07    0.17    2.69 ^ _435_/Y (sky130_fd_sc_hd__xnor2_2)
     4    0.01                           _087_ (net)
                  0.07    0.00    2.69 ^ _437_/A (sky130_fd_sc_hd__xnor2_1)
                  0.06    0.09    2.78 v _437_/Y (sky130_fd_sc_hd__xnor2_1)
     1    0.01                           net31 (net)
                  0.06    0.00    2.78 v output31/A (sky130_fd_sc_hd__clkbuf_4)
                  0.08    0.18    2.96 v output31/X (sky130_fd_sc_hd__clkbuf_4)
     1    0.03                           P[8] (net)
                  0.08    0.00    2.96 v P[8] (out)
                                  2.96   data arrival time

                  0.00    0.00    0.00   clock clk (rise edge)
                          0.00    0.00   clock network delay (ideal)
                          0.25    0.25   clock uncertainty
                          0.00    0.25   clock reconvergence pessimism
                         -2.00   -1.75   output external delay
                                 -1.75   data required time
-----------------------------------------------------------------------------
                                 -1.75   data required time
                                 -2.96   data arrival time
-----------------------------------------------------------------------------
                                  4.71   slack (MET)


Startpoint: A[2] (input port clocked by clk)
Endpoint: P[9] (output port clocked by clk)
Path Group: clk
Path Type: min

Fanout     Cap    Slew   Delay    Time   Description
-----------------------------------------------------------------------------
                  0.00    0.00    0.00   clock clk (rise edge)
                          0.00    0.00   clock network delay (ideal)
                          2.00    2.00 ^ input external delay
                  0.02    0.01    2.01 ^ A[2] (in)
     1    0.00                           A[2] (net)
                  0.02    0.00    2.01 ^ input3/A (sky130_fd_sc_hd__buf_4)
                  0.08    0.12    2.13 ^ input3/X (sky130_fd_sc_hd__buf_4)
    10    0.02                           net3 (net)
                  0.08    0.00    2.13 ^ _409_/A1 (sky130_fd_sc_hd__a22o_1)
                  0.05    0.13    2.26 ^ _409_/X (sky130_fd_sc_hd__a22o_1)
     1    0.00                           _062_ (net)
                  0.05    0.00    2.26 ^ _410_/C1 (sky130_fd_sc_hd__a221o_1)
                  0.14    0.17    2.43 ^ _410_/X (sky130_fd_sc_hd__a221o_1)
     2    0.01                           _063_ (net)
                  0.14    0.00    2.43 ^ _434_/A2 (sky130_fd_sc_hd__a21oi_2)
                  0.04    0.09    2.52 v _434_/Y (sky130_fd_sc_hd__a21oi_2)
     3    0.01                           _086_ (net)
                  0.04    0.00    2.52 v _458_/A2 (sky130_fd_sc_hd__o21ai_1)
                  0.11    0.14    2.66 ^ _458_/Y (sky130_fd_sc_hd__o21ai_1)
     1    0.01                           _109_ (net)
                  0.11    0.00    2.66 ^ _459_/B (sky130_fd_sc_hd__xnor2_1)
                  0.09    0.11    2.77 v _459_/Y (sky130_fd_sc_hd__xnor2_1)
     1    0.01                           net32 (net)
                  0.09    0.00    2.78 v output32/A (sky130_fd_sc_hd__clkbuf_4)
                  0.09    0.20    2.97 v output32/X (sky130_fd_sc_hd__clkbuf_4)
     1    0.04                           P[9] (net)
                  0.09    0.00    2.97 v P[9] (out)
                                  2.97   data arrival time

                  0.00    0.00    0.00   clock clk (rise edge)
                          0.00    0.00   clock network delay (ideal)
                          0.25    0.25   clock uncertainty
                          0.00    0.25   clock reconvergence pessimism
                         -2.00   -1.75   output external delay
                                 -1.75   data required time
-----------------------------------------------------------------------------
                                 -1.75   data required time
                                 -2.97   data arrival time
-----------------------------------------------------------------------------
                                  4.72   slack (MET)


Startpoint: A[2] (input port clocked by clk)
Endpoint: P[6] (output port clocked by clk)
Path Group: clk
Path Type: min

Fanout     Cap    Slew   Delay    Time   Description
-----------------------------------------------------------------------------
                  0.00    0.00    0.00   clock clk (rise edge)
                          0.00    0.00   clock network delay (ideal)
                          2.00    2.00 ^ input external delay
                  0.02    0.01    2.01 ^ A[2] (in)
     1    0.00                           A[2] (net)
                  0.02    0.00    2.01 ^ input3/A (sky130_fd_sc_hd__buf_4)
                  0.08    0.12    2.13 ^ input3/X (sky130_fd_sc_hd__buf_4)
    10    0.02                           net3 (net)
                  0.08    0.00    2.13 ^ _376_/B2 (sky130_fd_sc_hd__a221o_1)
                  0.08    0.16    2.29 ^ _376_/X (sky130_fd_sc_hd__a221o_1)
     1    0.01                           _030_ (net)
                  0.08    0.00    2.29 ^ _377_/A (sky130_fd_sc_hd__inv_2)
                  0.03    0.04    2.33 v _377_/Y (sky130_fd_sc_hd__inv_2)
     3    0.01                           _031_ (net)
                  0.03    0.00    2.33 v _379_/B1 (sky130_fd_sc_hd__o21ai_1)
                  0.09    0.07    2.40 ^ _379_/Y (sky130_fd_sc_hd__o21ai_1)
     2    0.00                           _033_ (net)
                  0.09    0.00    2.40 ^ _381_/B (sky130_fd_sc_hd__and3_1)
                  0.12    0.20    2.60 ^ _381_/X (sky130_fd_sc_hd__and3_1)
     2    0.01                           _035_ (net)
                  0.12    0.00    2.60 ^ _383_/A (sky130_fd_sc_hd__or2b_1)
                  0.10    0.15    2.75 ^ _383_/X (sky130_fd_sc_hd__or2b_1)
     1    0.01                           _037_ (net)
                  0.10    0.00    2.75 ^ _385_/A (sky130_fd_sc_hd__xnor2_2)
                  0.03    0.06    2.82 v _385_/Y (sky130_fd_sc_hd__xnor2_2)
     1    0.00                           net29 (net)
                  0.03    0.00    2.82 v output29/A (sky130_fd_sc_hd__clkbuf_4)
                  0.08    0.17    2.98 v output29/X (sky130_fd_sc_hd__clkbuf_4)
     1    0.03                           P[6] (net)
                  0.08    0.00    2.98 v P[6] (out)
                                  2.98   data arrival time

                  0.00    0.00    0.00   clock clk (rise edge)
                          0.00    0.00   clock network delay (ideal)
                          0.25    0.25   clock uncertainty
                          0.00    0.25   clock reconvergence pessimism
                         -2.00   -1.75   output external delay
                                 -1.75   data required time
-----------------------------------------------------------------------------
                                 -1.75   data required time
                                 -2.98   data arrival time
-----------------------------------------------------------------------------
                                  4.73   slack (MET)


Startpoint: A[7] (input port clocked by clk)
Endpoint: P[12] (output port clocked by clk)
Path Group: clk
Path Type: min

Fanout     Cap    Slew   Delay    Time   Description
-----------------------------------------------------------------------------
                  0.00    0.00    0.00   clock clk (rise edge)
                          0.00    0.00   clock network delay (ideal)
                          2.00    2.00 ^ input external delay
                  0.04    0.02    2.02 ^ A[7] (in)
     1    0.01                           A[7] (net)
                  0.04    0.00    2.02 ^ input8/A (sky130_fd_sc_hd__buf_2)
                  0.11    0.14    2.17 ^ input8/X (sky130_fd_sc_hd__buf_2)
     8    0.02                           net8 (net)
                  0.11    0.00    2.17 ^ _502_/A2 (sky130_fd_sc_hd__a32o_1)
                  0.07    0.18    2.34 ^ _502_/X (sky130_fd_sc_hd__a32o_1)
     2    0.01                           _150_ (net)
                  0.07    0.00    2.34 ^ _503_/B1 (sky130_fd_sc_hd__a21oi_1)
                  0.04    0.05    2.40 v _503_/Y (sky130_fd_sc_hd__a21oi_1)
     2    0.01                           _151_ (net)
                  0.04    0.00    2.40 v _513_/A (sky130_fd_sc_hd__xnor2_1)
                  0.07    0.17    2.57 ^ _513_/Y (sky130_fd_sc_hd__xnor2_1)
     2    0.01                           _161_ (net)
                  0.07    0.00    2.57 ^ _517_/A (sky130_fd_sc_hd__nand2_1)
                  0.05    0.06    2.63 v _517_/Y (sky130_fd_sc_hd__nand2_1)
     1    0.01                           _165_ (net)
                  0.05    0.00    2.63 v _518_/B (sky130_fd_sc_hd__nand2_2)
                  0.10    0.11    2.74 ^ _518_/Y (sky130_fd_sc_hd__nand2_2)
     3    0.02                           _166_ (net)
                  0.10    0.00    2.74 ^ _525_/A (sky130_fd_sc_hd__xor2_1)
                  0.04    0.08    2.82 v _525_/X (sky130_fd_sc_hd__xor2_1)
     1    0.00                           net20 (net)
                  0.04    0.00    2.82 v output20/A (sky130_fd_sc_hd__clkbuf_4)
                  0.08    0.17    2.99 v output20/X (sky130_fd_sc_hd__clkbuf_4)
     1    0.03                           P[12] (net)
                  0.08    0.00    2.99 v P[12] (out)
                                  2.99   data arrival time

                  0.00    0.00    0.00   clock clk (rise edge)
                          0.00    0.00   clock network delay (ideal)
                          0.25    0.25   clock uncertainty
                          0.00    0.25   clock reconvergence pessimism
                         -2.00   -1.75   output external delay
                                 -1.75   data required time
-----------------------------------------------------------------------------
                                 -1.75   data required time
                                 -2.99   data arrival time
-----------------------------------------------------------------------------
                                  4.74   slack (MET)


Startpoint: A[6] (input port clocked by clk)
Endpoint: P[10] (output port clocked by clk)
Path Group: clk
Path Type: min

Fanout     Cap    Slew   Delay    Time   Description
-----------------------------------------------------------------------------
                  0.00    0.00    0.00   clock clk (rise edge)
                          0.00    0.00   clock network delay (ideal)
                          2.00    2.00 ^ input external delay
                  0.02    0.01    2.01 ^ A[6] (in)
     1    0.00                           A[6] (net)
                  0.02    0.00    2.01 ^ input7/A (sky130_fd_sc_hd__clkbuf_4)
                  0.09    0.15    2.16 ^ input7/X (sky130_fd_sc_hd__clkbuf_4)
    10    0.03                           net7 (net)
                  0.09    0.00    2.16 ^ _472_/B2 (sky130_fd_sc_hd__a22o_1)
                  0.11    0.17    2.34 ^ _472_/X (sky130_fd_sc_hd__a22o_1)
     1    0.01                           _122_ (net)
                  0.11    0.00    2.34 ^ _473_/C1 (sky130_fd_sc_hd__a221oi_4)
                  0.05    0.05    2.39 v _473_/Y (sky130_fd_sc_hd__a221oi_4)
     2    0.01                           _123_ (net)
                  0.05    0.00    2.39 v _474_/B (sky130_fd_sc_hd__xor2_2)
                  0.17    0.18    2.57 ^ _474_/X (sky130_fd_sc_hd__xor2_2)
     2    0.01                           _124_ (net)
                  0.17    0.00    2.57 ^ _478_/A (sky130_fd_sc_hd__xor2_2)
                  0.06    0.12    2.69 v _478_/X (sky130_fd_sc_hd__xor2_2)
     4    0.01                           _128_ (net)
                  0.06    0.00    2.69 v _483_/A (sky130_fd_sc_hd__xor2_1)
                  0.03    0.15    2.83 v _483_/X (sky130_fd_sc_hd__xor2_1)
     1    0.00                           net18 (net)
                  0.03    0.00    2.83 v output18/A (sky130_fd_sc_hd__clkbuf_4)
                  0.08    0.17    3.00 v output18/X (sky130_fd_sc_hd__clkbuf_4)
     1    0.03                           P[10] (net)
                  0.08    0.00    3.00 v P[10] (out)
                                  3.00   data arrival time

                  0.00    0.00    0.00   clock clk (rise edge)
                          0.00    0.00   clock network delay (ideal)
                          0.25    0.25   clock uncertainty
                          0.00    0.25   clock reconvergence pessimism
                         -2.00   -1.75   output external delay
                                 -1.75   data required time
-----------------------------------------------------------------------------
                                 -1.75   data required time
                                 -3.00   data arrival time
-----------------------------------------------------------------------------
                                  4.75   slack (MET)


Startpoint: A[7] (input port clocked by clk)
Endpoint: P[14] (output port clocked by clk)
Path Group: clk
Path Type: min

Fanout     Cap    Slew   Delay    Time   Description
-----------------------------------------------------------------------------
                  0.00    0.00    0.00   clock clk (rise edge)
                          0.00    0.00   clock network delay (ideal)
                          2.00    2.00 ^ input external delay
                  0.04    0.02    2.02 ^ A[7] (in)
     1    0.01                           A[7] (net)
                  0.04    0.00    2.02 ^ input8/A (sky130_fd_sc_hd__buf_2)
                  0.11    0.14    2.17 ^ input8/X (sky130_fd_sc_hd__buf_2)
     8    0.02                           net8 (net)
                  0.11    0.00    2.17 ^ _502_/A2 (sky130_fd_sc_hd__a32o_1)
                  0.07    0.18    2.34 ^ _502_/X (sky130_fd_sc_hd__a32o_1)
     2    0.01                           _150_ (net)
                  0.07    0.00    2.34 ^ _527_/B1 (sky130_fd_sc_hd__a21o_2)
                  0.08    0.12    2.47 ^ _527_/X (sky130_fd_sc_hd__a21o_2)
     4    0.01                           _174_ (net)
                  0.08    0.00    2.47 ^ _555_/A (sky130_fd_sc_hd__xor2_1)
                  0.04    0.07    2.54 v _555_/X (sky130_fd_sc_hd__xor2_1)
     2    0.00                           _201_ (net)
                  0.04    0.00    2.54 v _557_/C_N (sky130_fd_sc_hd__or3b_1)
                  0.06    0.16    2.70 ^ _557_/X (sky130_fd_sc_hd__or3b_1)
     2    0.01                           _203_ (net)
                  0.06    0.00    2.70 ^ _558_/B (sky130_fd_sc_hd__and2b_1)
                  0.10    0.16    2.86 ^ _558_/X (sky130_fd_sc_hd__and2b_1)
     1    0.01                           _204_ (net)
                  0.10    0.00    2.86 ^ _561_/A (sky130_fd_sc_hd__xor2_2)
                  0.03    0.06    2.92 v _561_/X (sky130_fd_sc_hd__xor2_2)
     1    0.00                           net22 (net)
                  0.03    0.00    2.92 v output22/A (sky130_fd_sc_hd__buf_2)
                  0.09    0.16    3.08 v output22/X (sky130_fd_sc_hd__buf_2)
     1    0.03                           P[14] (net)
                  0.09    0.00    3.08 v P[14] (out)
                                  3.08   data arrival time

                  0.00    0.00    0.00   clock clk (rise edge)
                          0.00    0.00   clock network delay (ideal)
                          0.25    0.25   clock uncertainty
                          0.00    0.25   clock reconvergence pessimism
                         -2.00   -1.75   output external delay
                                 -1.75   data required time
-----------------------------------------------------------------------------
                                 -1.75   data required time
                                 -3.08   data arrival time
-----------------------------------------------------------------------------
                                  4.83   slack (MET)


Startpoint: A[6] (input port clocked by clk)
Endpoint: P[11] (output port clocked by clk)
Path Group: clk
Path Type: min

Fanout     Cap    Slew   Delay    Time   Description
-----------------------------------------------------------------------------
                  0.00    0.00    0.00   clock clk (rise edge)
                          0.00    0.00   clock network delay (ideal)
                          2.00    2.00 ^ input external delay
                  0.02    0.01    2.01 ^ A[6] (in)
     1    0.00                           A[6] (net)
                  0.02    0.00    2.01 ^ input7/A (sky130_fd_sc_hd__clkbuf_4)
                  0.09    0.15    2.16 ^ input7/X (sky130_fd_sc_hd__clkbuf_4)
    10    0.03                           net7 (net)
                  0.09    0.00    2.16 ^ _472_/B2 (sky130_fd_sc_hd__a22o_1)
                  0.11    0.17    2.34 ^ _472_/X (sky130_fd_sc_hd__a22o_1)
     1    0.01                           _122_ (net)
                  0.11    0.00    2.34 ^ _473_/C1 (sky130_fd_sc_hd__a221oi_4)
                  0.05    0.05    2.39 v _473_/Y (sky130_fd_sc_hd__a221oi_4)
     2    0.01                           _123_ (net)
                  0.05    0.00    2.39 v _497_/A2 (sky130_fd_sc_hd__o21ba_1)
                  0.08    0.20    2.59 v _497_/X (sky130_fd_sc_hd__o21ba_1)
     3    0.01                           _146_ (net)
                  0.08    0.00    2.59 v _498_/B (sky130_fd_sc_hd__xnor2_2)
                  0.08    0.20    2.79 ^ _498_/Y (sky130_fd_sc_hd__xnor2_2)
     3    0.01                           _147_ (net)
                  0.08    0.00    2.79 ^ _501_/A (sky130_fd_sc_hd__xnor2_1)
                  0.08    0.10    2.89 v _501_/Y (sky130_fd_sc_hd__xnor2_1)
     1    0.01                           net19 (net)
                  0.08    0.00    2.89 v output19/A (sky130_fd_sc_hd__clkbuf_4)
                  0.09    0.19    3.09 v output19/X (sky130_fd_sc_hd__clkbuf_4)
     1    0.04                           P[11] (net)
                  0.09    0.00    3.09 v P[11] (out)
                                  3.09   data arrival time

                  0.00    0.00    0.00   clock clk (rise edge)
                          0.00    0.00   clock network delay (ideal)
                          0.25    0.25   clock uncertainty
                          0.00    0.25   clock reconvergence pessimism
                         -2.00   -1.75   output external delay
                                 -1.75   data required time
-----------------------------------------------------------------------------
                                 -1.75   data required time
                                 -3.09   data arrival time
-----------------------------------------------------------------------------
                                  4.84   slack (MET)


Startpoint: A[7] (input port clocked by clk)
Endpoint: P[13] (output port clocked by clk)
Path Group: clk
Path Type: min

Fanout     Cap    Slew   Delay    Time   Description
-----------------------------------------------------------------------------
                  0.00    0.00    0.00   clock clk (rise edge)
                          0.00    0.00   clock network delay (ideal)
                          2.00    2.00 ^ input external delay
                  0.04    0.02    2.02 ^ A[7] (in)
     1    0.01                           A[7] (net)
                  0.04    0.00    2.02 ^ input8/A (sky130_fd_sc_hd__buf_2)
                  0.11    0.14    2.17 ^ input8/X (sky130_fd_sc_hd__buf_2)
     8    0.02                           net8 (net)
                  0.11    0.00    2.17 ^ _502_/A2 (sky130_fd_sc_hd__a32o_1)
                  0.07    0.18    2.34 ^ _502_/X (sky130_fd_sc_hd__a32o_1)
     2    0.01                           _150_ (net)
                  0.07    0.00    2.34 ^ _503_/B1 (sky130_fd_sc_hd__a21oi_1)
                  0.04    0.05    2.40 v _503_/Y (sky130_fd_sc_hd__a21oi_1)
     2    0.01                           _151_ (net)
                  0.04    0.00    2.40 v _513_/A (sky130_fd_sc_hd__xnor2_1)
                  0.05    0.12    2.52 v _513_/Y (sky130_fd_sc_hd__xnor2_1)
     2    0.01                           _161_ (net)
                  0.05    0.00    2.52 v _517_/A (sky130_fd_sc_hd__nand2_1)
                  0.06    0.07    2.59 ^ _517_/Y (sky130_fd_sc_hd__nand2_1)
     1    0.01                           _165_ (net)
                  0.06    0.00    2.59 ^ _518_/B (sky130_fd_sc_hd__nand2_2)
                  0.07    0.08    2.68 v _518_/Y (sky130_fd_sc_hd__nand2_2)
     3    0.02                           _166_ (net)
                  0.07    0.00    2.68 v _541_/A1 (sky130_fd_sc_hd__o21ai_1)
                  0.11    0.16    2.84 ^ _541_/Y (sky130_fd_sc_hd__o21ai_1)
     1    0.01                           _188_ (net)
                  0.11    0.00    2.84 ^ _542_/B (sky130_fd_sc_hd__xnor2_1)
                  0.04    0.07    2.92 v _542_/Y (sky130_fd_sc_hd__xnor2_1)
     1    0.00                           net21 (net)
                  0.04    0.00    2.92 v output21/A (sky130_fd_sc_hd__clkbuf_4)
                  0.08    0.17    3.09 v output21/X (sky130_fd_sc_hd__clkbuf_4)
     1    0.03                           P[13] (net)
                  0.08    0.00    3.09 v P[13] (out)
                                  3.09   data arrival time

                  0.00    0.00    0.00   clock clk (rise edge)
                          0.00    0.00   clock network delay (ideal)
                          0.25    0.25   clock uncertainty
                          0.00    0.25   clock reconvergence pessimism
                         -2.00   -1.75   output external delay
                                 -1.75   data required time
-----------------------------------------------------------------------------
                                 -1.75   data required time
                                 -3.09   data arrival time
-----------------------------------------------------------------------------
                                  4.84   slack (MET)



