
===========================================================================
report_checks -path_delay max (Setup)
============================================================================
======================= Typical Corner ===================================

Startpoint: A[0] (input port clocked by clk)
Endpoint: P[15] (output port clocked by clk)
Path Group: clk
Path Type: max

Fanout     Cap    Slew   Delay    Time   Description
-----------------------------------------------------------------------------
                  0.00    0.00    0.00   clock clk (rise edge)
                          0.00    0.00   clock network delay (ideal)
                          2.00    2.00 v input external delay
                  0.01    0.01    2.01 v A[0] (in)
     1    0.00                           A[0] (net)
                  0.01    0.00    2.01 v input1/A (sky130_fd_sc_hd__buf_6)
                  0.04    0.12    2.13 v input1/X (sky130_fd_sc_hd__buf_6)
     5    0.02                           net1 (net)
                  0.04    0.00    2.13 v _297_/A (sky130_fd_sc_hd__or4_4)
                  0.08    0.55    2.68 v _297_/X (sky130_fd_sc_hd__or4_4)
     1    0.00                           _231_ (net)
                  0.08    0.00    2.68 v _298_/A (sky130_fd_sc_hd__buf_6)
                  0.04    0.16    2.83 v _298_/X (sky130_fd_sc_hd__buf_6)
     7    0.03                           _232_ (net)
                  0.04    0.00    2.83 v _360_/D (sky130_fd_sc_hd__or4_4)
                  0.09    0.44    3.27 v _360_/X (sky130_fd_sc_hd__or4_4)
     3    0.01                           _014_ (net)
                  0.09    0.00    3.27 v rebuffer3/A (sky130_fd_sc_hd__clkbuf_2)
                  0.07    0.16    3.43 v rebuffer3/X (sky130_fd_sc_hd__clkbuf_2)
     1    0.02                           net38 (net)
                  0.07    0.00    3.43 v _389_/B (sky130_fd_sc_hd__xnor2_4)
                  0.08    0.16    3.60 v _389_/Y (sky130_fd_sc_hd__xnor2_4)
     8    0.02                           _042_ (net)
                  0.08    0.00    3.60 v _418_/B1 (sky130_fd_sc_hd__a221o_1)
                  0.09    0.36    3.96 v _418_/X (sky130_fd_sc_hd__a221o_1)
     2    0.01                           _070_ (net)
                  0.09    0.00    3.96 v _421_/A (sky130_fd_sc_hd__xor2_2)
                  0.07    0.21    4.17 v _421_/X (sky130_fd_sc_hd__xor2_2)
     2    0.01                           _073_ (net)
                  0.07    0.00    4.17 v _425_/A (sky130_fd_sc_hd__xnor2_2)
                  0.20    0.23    4.40 ^ _425_/Y (sky130_fd_sc_hd__xnor2_2)
     2    0.01                           _077_ (net)
                  0.20    0.00    4.40 ^ _429_/A (sky130_fd_sc_hd__xor2_2)
                  0.19    0.22    4.62 ^ _429_/X (sky130_fd_sc_hd__xor2_2)
     2    0.01                           _081_ (net)
                  0.19    0.00    4.62 ^ _432_/A (sky130_fd_sc_hd__xnor2_2)
                  0.22    0.18    4.80 ^ _432_/Y (sky130_fd_sc_hd__xnor2_2)
     3    0.01                           _084_ (net)
                  0.22    0.00    4.80 ^ _480_/A1_N (sky130_fd_sc_hd__a2bb2o_2)
                  0.04    0.31    5.11 v _480_/X (sky130_fd_sc_hd__a2bb2o_2)
     1    0.00                           _130_ (net)
                  0.04    0.00    5.11 v _481_/B1 (sky130_fd_sc_hd__o21a_1)
                  0.07    0.14    5.25 v _481_/X (sky130_fd_sc_hd__o21a_1)
     2    0.01                           _131_ (net)
                  0.07    0.00    5.25 v _524_/A1 (sky130_fd_sc_hd__a221oi_4)
                  0.30    0.36    5.61 ^ _524_/Y (sky130_fd_sc_hd__a221oi_4)
     3    0.02                           _172_ (net)
                  0.30    0.00    5.61 ^ _560_/A2 (sky130_fd_sc_hd__o31ai_4)
                  0.07    0.12    5.74 v _560_/Y (sky130_fd_sc_hd__o31ai_4)
     2    0.01                           _206_ (net)
                  0.07    0.00    5.74 v _562_/A2 (sky130_fd_sc_hd__a21o_1)
                  0.04    0.20    5.94 v _562_/X (sky130_fd_sc_hd__a21o_1)
     1    0.00                           _207_ (net)
                  0.04    0.00    5.94 v _568_/A (sky130_fd_sc_hd__xnor2_1)
                  0.11    0.15    6.08 ^ _568_/Y (sky130_fd_sc_hd__xnor2_1)
     1    0.00                           net23 (net)
                  0.11    0.00    6.08 ^ output23/A (sky130_fd_sc_hd__buf_4)
                  0.10    0.19    6.27 ^ output23/X (sky130_fd_sc_hd__buf_4)
     1    0.03                           P[15] (net)
                  0.10    0.00    6.27 ^ P[15] (out)
                                  6.27   data arrival time

                  0.00   10.00   10.00   clock clk (rise edge)
                          0.00   10.00   clock network delay (ideal)
                         -0.25    9.75   clock uncertainty
                          0.00    9.75   clock reconvergence pessimism
                         -2.00    7.75   output external delay
                                  7.75   data required time
-----------------------------------------------------------------------------
                                  7.75   data required time
                                 -6.27   data arrival time
-----------------------------------------------------------------------------
                                  1.48   slack (MET)


Startpoint: A[0] (input port clocked by clk)
Endpoint: P[14] (output port clocked by clk)
Path Group: clk
Path Type: max

Fanout     Cap    Slew   Delay    Time   Description
-----------------------------------------------------------------------------
                  0.00    0.00    0.00   clock clk (rise edge)
                          0.00    0.00   clock network delay (ideal)
                          2.00    2.00 v input external delay
                  0.01    0.01    2.01 v A[0] (in)
     1    0.00                           A[0] (net)
                  0.01    0.00    2.01 v input1/A (sky130_fd_sc_hd__buf_6)
                  0.04    0.12    2.13 v input1/X (sky130_fd_sc_hd__buf_6)
     5    0.02                           net1 (net)
                  0.04    0.00    2.13 v _297_/A (sky130_fd_sc_hd__or4_4)
                  0.08    0.55    2.68 v _297_/X (sky130_fd_sc_hd__or4_4)
     1    0.00                           _231_ (net)
                  0.08    0.00    2.68 v _298_/A (sky130_fd_sc_hd__buf_6)
                  0.04    0.16    2.83 v _298_/X (sky130_fd_sc_hd__buf_6)
     7    0.03                           _232_ (net)
                  0.04    0.00    2.83 v _417_/A4 (sky130_fd_sc_hd__o41a_4)
                  0.09    0.40    3.23 v _417_/X (sky130_fd_sc_hd__o41a_4)
     7    0.02                           _069_ (net)
                  0.09    0.00    3.23 v _443_/A2 (sky130_fd_sc_hd__a21o_4)
                  0.06    0.27    3.50 v _443_/X (sky130_fd_sc_hd__a21o_4)
     7    0.02                           _094_ (net)
                  0.06    0.00    3.50 v _445_/A (sky130_fd_sc_hd__or4_4)
                  0.08    0.55    4.05 v _445_/X (sky130_fd_sc_hd__or4_4)
     2    0.00                           _096_ (net)
                  0.08    0.00    4.05 v _446_/B_N (sky130_fd_sc_hd__or2b_4)
                  0.04    0.23    4.29 ^ _446_/X (sky130_fd_sc_hd__or2b_4)
     1    0.01                           _097_ (net)
                  0.04    0.00    4.29 ^ _449_/A (sky130_fd_sc_hd__xnor2_2)
                  0.20    0.14    4.42 ^ _449_/Y (sky130_fd_sc_hd__xnor2_2)
     2    0.01                           _100_ (net)
                  0.20    0.00    4.42 ^ _452_/A (sky130_fd_sc_hd__xor2_2)
                  0.18    0.22    4.64 ^ _452_/X (sky130_fd_sc_hd__xor2_2)
     2    0.01                           _103_ (net)
                  0.18    0.00    4.64 ^ rebuffer4/A (sky130_fd_sc_hd__clkbuf_1)
                  0.07    0.13    4.77 ^ rebuffer4/X (sky130_fd_sc_hd__clkbuf_1)
     1    0.00                           net39 (net)
                  0.07    0.00    4.77 ^ _477_/A1 (sky130_fd_sc_hd__a21boi_2)
                  0.05    0.07    4.84 v _477_/Y (sky130_fd_sc_hd__a21boi_2)
     2    0.01                           _127_ (net)
                  0.05    0.00    4.84 v _478_/B (sky130_fd_sc_hd__xor2_2)
                  0.08    0.17    5.01 v _478_/X (sky130_fd_sc_hd__xor2_2)
     4    0.01                           _128_ (net)
                  0.08    0.00    5.01 v _520_/C (sky130_fd_sc_hd__nor4_1)
                  0.18    0.21    5.22 ^ _520_/Y (sky130_fd_sc_hd__nor4_1)
     1    0.00                           _168_ (net)
                  0.18    0.00    5.22 ^ wire33/A (sky130_fd_sc_hd__buf_2)
                  0.06    0.17    5.39 ^ wire33/X (sky130_fd_sc_hd__buf_2)
     1    0.01                           net33 (net)
                  0.06    0.00    5.39 ^ _524_/B1 (sky130_fd_sc_hd__a221oi_4)
                  0.09    0.07    5.46 v _524_/Y (sky130_fd_sc_hd__a221oi_4)
     3    0.01                           _172_ (net)
                  0.09    0.00    5.46 v _560_/A2 (sky130_fd_sc_hd__o31ai_4)
                  0.23    0.28    5.74 ^ _560_/Y (sky130_fd_sc_hd__o31ai_4)
     2    0.01                           _206_ (net)
                  0.23    0.00    5.74 ^ _561_/B (sky130_fd_sc_hd__xor2_2)
                  0.08    0.14    5.88 ^ _561_/X (sky130_fd_sc_hd__xor2_2)
     1    0.00                           net22 (net)
                  0.08    0.00    5.88 ^ output22/A (sky130_fd_sc_hd__buf_2)
                  0.17    0.22    6.10 ^ output22/X (sky130_fd_sc_hd__buf_2)
     1    0.03                           P[14] (net)
                  0.17    0.00    6.10 ^ P[14] (out)
                                  6.10   data arrival time

                  0.00   10.00   10.00   clock clk (rise edge)
                          0.00   10.00   clock network delay (ideal)
                         -0.25    9.75   clock uncertainty
                          0.00    9.75   clock reconvergence pessimism
                         -2.00    7.75   output external delay
                                  7.75   data required time
-----------------------------------------------------------------------------
                                  7.75   data required time
                                 -6.10   data arrival time
-----------------------------------------------------------------------------
                                  1.65   slack (MET)


Startpoint: A[0] (input port clocked by clk)
Endpoint: P[13] (output port clocked by clk)
Path Group: clk
Path Type: max

Fanout     Cap    Slew   Delay    Time   Description
-----------------------------------------------------------------------------
                  0.00    0.00    0.00   clock clk (rise edge)
                          0.00    0.00   clock network delay (ideal)
                          2.00    2.00 v input external delay
                  0.01    0.01    2.01 v A[0] (in)
     1    0.00                           A[0] (net)
                  0.01    0.00    2.01 v input1/A (sky130_fd_sc_hd__buf_6)
                  0.04    0.12    2.13 v input1/X (sky130_fd_sc_hd__buf_6)
     5    0.02                           net1 (net)
                  0.04    0.00    2.13 v _297_/A (sky130_fd_sc_hd__or4_4)
                  0.08    0.55    2.68 v _297_/X (sky130_fd_sc_hd__or4_4)
     1    0.00                           _231_ (net)
                  0.08    0.00    2.68 v _298_/A (sky130_fd_sc_hd__buf_6)
                  0.04    0.16    2.83 v _298_/X (sky130_fd_sc_hd__buf_6)
     7    0.03                           _232_ (net)
                  0.04    0.00    2.83 v _360_/D (sky130_fd_sc_hd__or4_4)
                  0.09    0.44    3.27 v _360_/X (sky130_fd_sc_hd__or4_4)
     3    0.01                           _014_ (net)
                  0.09    0.00    3.27 v rebuffer3/A (sky130_fd_sc_hd__clkbuf_2)
                  0.07    0.16    3.43 v rebuffer3/X (sky130_fd_sc_hd__clkbuf_2)
     1    0.02                           net38 (net)
                  0.07    0.00    3.43 v _389_/B (sky130_fd_sc_hd__xnor2_4)
                  0.08    0.16    3.60 v _389_/Y (sky130_fd_sc_hd__xnor2_4)
     8    0.02                           _042_ (net)
                  0.08    0.00    3.60 v _418_/B1 (sky130_fd_sc_hd__a221o_1)
                  0.09    0.36    3.96 v _418_/X (sky130_fd_sc_hd__a221o_1)
     2    0.01                           _070_ (net)
                  0.09    0.00    3.96 v _421_/A (sky130_fd_sc_hd__xor2_2)
                  0.07    0.21    4.17 v _421_/X (sky130_fd_sc_hd__xor2_2)
     2    0.01                           _073_ (net)
                  0.07    0.00    4.17 v _425_/A (sky130_fd_sc_hd__xnor2_2)
                  0.20    0.23    4.40 ^ _425_/Y (sky130_fd_sc_hd__xnor2_2)
     2    0.01                           _077_ (net)
                  0.20    0.00    4.40 ^ _429_/A (sky130_fd_sc_hd__xor2_2)
                  0.19    0.22    4.62 ^ _429_/X (sky130_fd_sc_hd__xor2_2)
     2    0.01                           _081_ (net)
                  0.19    0.00    4.62 ^ _432_/A (sky130_fd_sc_hd__xnor2_2)
                  0.22    0.18    4.80 ^ _432_/Y (sky130_fd_sc_hd__xnor2_2)
     3    0.01                           _084_ (net)
                  0.22    0.00    4.80 ^ _480_/A1_N (sky130_fd_sc_hd__a2bb2o_2)
                  0.04    0.31    5.11 v _480_/X (sky130_fd_sc_hd__a2bb2o_2)
     1    0.00                           _130_ (net)
                  0.04    0.00    5.11 v _481_/B1 (sky130_fd_sc_hd__o21a_1)
                  0.07    0.14    5.25 v _481_/X (sky130_fd_sc_hd__o21a_1)
     2    0.01                           _131_ (net)
                  0.07    0.00    5.25 v _524_/A1 (sky130_fd_sc_hd__a221oi_4)
                  0.30    0.36    5.61 ^ _524_/Y (sky130_fd_sc_hd__a221oi_4)
     3    0.02                           _172_ (net)
                  0.30    0.00    5.61 ^ _541_/A2 (sky130_fd_sc_hd__o21ai_1)
                  0.07    0.12    5.73 v _541_/Y (sky130_fd_sc_hd__o21ai_1)
     1    0.00                           _188_ (net)
                  0.07    0.00    5.73 v _542_/B (sky130_fd_sc_hd__xnor2_1)
                  0.11    0.13    5.86 ^ _542_/Y (sky130_fd_sc_hd__xnor2_1)
     1    0.00                           net21 (net)
                  0.11    0.00    5.86 ^ output21/A (sky130_fd_sc_hd__clkbuf_4)
                  0.11    0.22    6.08 ^ output21/X (sky130_fd_sc_hd__clkbuf_4)
     1    0.03                           P[13] (net)
                  0.11    0.00    6.08 ^ P[13] (out)
                                  6.08   data arrival time

                  0.00   10.00   10.00   clock clk (rise edge)
                          0.00   10.00   clock network delay (ideal)
                         -0.25    9.75   clock uncertainty
                          0.00    9.75   clock reconvergence pessimism
                         -2.00    7.75   output external delay
                                  7.75   data required time
-----------------------------------------------------------------------------
                                  7.75   data required time
                                 -6.08   data arrival time
-----------------------------------------------------------------------------
                                  1.67   slack (MET)


Startpoint: A[0] (input port clocked by clk)
Endpoint: P[12] (output port clocked by clk)
Path Group: clk
Path Type: max

Fanout     Cap    Slew   Delay    Time   Description
-----------------------------------------------------------------------------
                  0.00    0.00    0.00   clock clk (rise edge)
                          0.00    0.00   clock network delay (ideal)
                          2.00    2.00 v input external delay
                  0.01    0.01    2.01 v A[0] (in)
     1    0.00                           A[0] (net)
                  0.01    0.00    2.01 v input1/A (sky130_fd_sc_hd__buf_6)
                  0.04    0.12    2.13 v input1/X (sky130_fd_sc_hd__buf_6)
     5    0.02                           net1 (net)
                  0.04    0.00    2.13 v _297_/A (sky130_fd_sc_hd__or4_4)
                  0.08    0.55    2.68 v _297_/X (sky130_fd_sc_hd__or4_4)
     1    0.00                           _231_ (net)
                  0.08    0.00    2.68 v _298_/A (sky130_fd_sc_hd__buf_6)
                  0.04    0.16    2.83 v _298_/X (sky130_fd_sc_hd__buf_6)
     7    0.03                           _232_ (net)
                  0.04    0.00    2.83 v _360_/D (sky130_fd_sc_hd__or4_4)
                  0.09    0.44    3.27 v _360_/X (sky130_fd_sc_hd__or4_4)
     3    0.01                           _014_ (net)
                  0.09    0.00    3.27 v rebuffer3/A (sky130_fd_sc_hd__clkbuf_2)
                  0.07    0.16    3.43 v rebuffer3/X (sky130_fd_sc_hd__clkbuf_2)
     1    0.02                           net38 (net)
                  0.07    0.00    3.43 v _389_/B (sky130_fd_sc_hd__xnor2_4)
                  0.08    0.16    3.60 v _389_/Y (sky130_fd_sc_hd__xnor2_4)
     8    0.02                           _042_ (net)
                  0.08    0.00    3.60 v _418_/B1 (sky130_fd_sc_hd__a221o_1)
                  0.09    0.36    3.96 v _418_/X (sky130_fd_sc_hd__a221o_1)
     2    0.01                           _070_ (net)
                  0.09    0.00    3.96 v _421_/A (sky130_fd_sc_hd__xor2_2)
                  0.07    0.21    4.17 v _421_/X (sky130_fd_sc_hd__xor2_2)
     2    0.01                           _073_ (net)
                  0.07    0.00    4.17 v _425_/A (sky130_fd_sc_hd__xnor2_2)
                  0.20    0.23    4.40 ^ _425_/Y (sky130_fd_sc_hd__xnor2_2)
     2    0.01                           _077_ (net)
                  0.20    0.00    4.40 ^ _429_/A (sky130_fd_sc_hd__xor2_2)
                  0.19    0.22    4.62 ^ _429_/X (sky130_fd_sc_hd__xor2_2)
     2    0.01                           _081_ (net)
                  0.19    0.00    4.62 ^ _432_/A (sky130_fd_sc_hd__xnor2_2)
                  0.22    0.18    4.80 ^ _432_/Y (sky130_fd_sc_hd__xnor2_2)
     3    0.01                           _084_ (net)
                  0.22    0.00    4.80 ^ _480_/A1_N (sky130_fd_sc_hd__a2bb2o_2)
                  0.04    0.31    5.11 v _480_/X (sky130_fd_sc_hd__a2bb2o_2)
     1    0.00                           _130_ (net)
                  0.04    0.00    5.11 v _481_/B1 (sky130_fd_sc_hd__o21a_1)
                  0.07    0.14    5.25 v _481_/X (sky130_fd_sc_hd__o21a_1)
     2    0.01                           _131_ (net)
                  0.07    0.00    5.25 v _524_/A1 (sky130_fd_sc_hd__a221oi_4)
                  0.30    0.36    5.61 ^ _524_/Y (sky130_fd_sc_hd__a221oi_4)
     3    0.02                           _172_ (net)
                  0.30    0.00    5.61 ^ _525_/B (sky130_fd_sc_hd__xor2_1)
                  0.10    0.17    5.79 ^ _525_/X (sky130_fd_sc_hd__xor2_1)
     1    0.00                           net20 (net)
                  0.10    0.00    5.79 ^ output20/A (sky130_fd_sc_hd__clkbuf_4)
                  0.11    0.22    6.00 ^ output20/X (sky130_fd_sc_hd__clkbuf_4)
     1    0.03                           P[12] (net)
                  0.11    0.00    6.00 ^ P[12] (out)
                                  6.00   data arrival time

                  0.00   10.00   10.00   clock clk (rise edge)
                          0.00   10.00   clock network delay (ideal)
                         -0.25    9.75   clock uncertainty
                          0.00    9.75   clock reconvergence pessimism
                         -2.00    7.75   output external delay
                                  7.75   data required time
-----------------------------------------------------------------------------
                                  7.75   data required time
                                 -6.00   data arrival time
-----------------------------------------------------------------------------
                                  1.75   slack (MET)


Startpoint: A[0] (input port clocked by clk)
Endpoint: P[9] (output port clocked by clk)
Path Group: clk
Path Type: max

Fanout     Cap    Slew   Delay    Time   Description
-----------------------------------------------------------------------------
                  0.00    0.00    0.00   clock clk (rise edge)
                          0.00    0.00   clock network delay (ideal)
                          2.00    2.00 v input external delay
                  0.01    0.01    2.01 v A[0] (in)
     1    0.00                           A[0] (net)
                  0.01    0.00    2.01 v input1/A (sky130_fd_sc_hd__buf_6)
                  0.04    0.12    2.13 v input1/X (sky130_fd_sc_hd__buf_6)
     5    0.02                           net1 (net)
                  0.04    0.00    2.13 v _297_/A (sky130_fd_sc_hd__or4_4)
                  0.08    0.55    2.68 v _297_/X (sky130_fd_sc_hd__or4_4)
     1    0.00                           _231_ (net)
                  0.08    0.00    2.68 v _298_/A (sky130_fd_sc_hd__buf_6)
                  0.04    0.16    2.83 v _298_/X (sky130_fd_sc_hd__buf_6)
     7    0.03                           _232_ (net)
                  0.04    0.00    2.83 v _360_/D (sky130_fd_sc_hd__or4_4)
                  0.09    0.44    3.27 v _360_/X (sky130_fd_sc_hd__or4_4)
     3    0.01                           _014_ (net)
                  0.09    0.00    3.27 v _361_/B (sky130_fd_sc_hd__and3b_1)
                  0.05    0.19    3.46 v _361_/X (sky130_fd_sc_hd__and3b_1)
     2    0.00                           _015_ (net)
                  0.05    0.00    3.46 v _367_/A1 (sky130_fd_sc_hd__o31a_1)
                  0.06    0.32    3.79 v _367_/X (sky130_fd_sc_hd__o31a_1)
     3    0.01                           _021_ (net)
                  0.06    0.00    3.79 v _371_/A (sky130_fd_sc_hd__or3b_4)
                  0.07    0.42    4.20 v _371_/X (sky130_fd_sc_hd__or3b_4)
     3    0.01                           _025_ (net)
                  0.07    0.00    4.20 v _407_/B (sky130_fd_sc_hd__and2b_1)
                  0.05    0.19    4.39 v _407_/X (sky130_fd_sc_hd__and2b_1)
     2    0.01                           _060_ (net)
                  0.05    0.00    4.39 v _408_/B (sky130_fd_sc_hd__xnor2_1)
                  0.25    0.23    4.62 ^ _408_/Y (sky130_fd_sc_hd__xnor2_1)
     2    0.01                           _061_ (net)
                  0.25    0.00    4.62 ^ _411_/A (sky130_fd_sc_hd__xor2_1)
                  0.19    0.24    4.86 ^ _411_/X (sky130_fd_sc_hd__xor2_1)
     2    0.01                           _064_ (net)
                  0.19    0.00    4.86 ^ _412_/C (sky130_fd_sc_hd__nor3_1)
                  0.07    0.08    4.94 v _412_/Y (sky130_fd_sc_hd__nor3_1)
     2    0.00                           _065_ (net)
                  0.07    0.00    4.94 v max_cap34/A (sky130_fd_sc_hd__buf_1)
                  0.05    0.13    5.06 v max_cap34/X (sky130_fd_sc_hd__buf_1)
     1    0.01                           net34 (net)
                  0.05    0.00    5.06 v _436_/B1 (sky130_fd_sc_hd__a21oi_4)
                  0.18    0.18    5.24 ^ _436_/Y (sky130_fd_sc_hd__a21oi_4)
     4    0.02                           _088_ (net)
                  0.18    0.00    5.24 ^ _457_/B_N (sky130_fd_sc_hd__or2b_1)
                  0.04    0.25    5.49 v _457_/X (sky130_fd_sc_hd__or2b_1)
     1    0.00                           _108_ (net)
                  0.04    0.00    5.49 v _458_/B1 (sky130_fd_sc_hd__o21ai_1)
                  0.13    0.09    5.58 ^ _458_/Y (sky130_fd_sc_hd__o21ai_1)
     1    0.00                           _109_ (net)
                  0.13    0.00    5.58 ^ _459_/B (sky130_fd_sc_hd__xnor2_1)
                  0.11    0.13    5.71 ^ _459_/Y (sky130_fd_sc_hd__xnor2_1)
     1    0.00                           net32 (net)
                  0.11    0.00    5.71 ^ output32/A (sky130_fd_sc_hd__clkbuf_4)
                  0.11    0.22    5.93 ^ output32/X (sky130_fd_sc_hd__clkbuf_4)
     1    0.03                           P[9] (net)
                  0.11    0.00    5.93 ^ P[9] (out)
                                  5.93   data arrival time

                  0.00   10.00   10.00   clock clk (rise edge)
                          0.00   10.00   clock network delay (ideal)
                         -0.25    9.75   clock uncertainty
                          0.00    9.75   clock reconvergence pessimism
                         -2.00    7.75   output external delay
                                  7.75   data required time
-----------------------------------------------------------------------------
                                  7.75   data required time
                                 -5.93   data arrival time
-----------------------------------------------------------------------------
                                  1.82   slack (MET)


Startpoint: A[0] (input port clocked by clk)
Endpoint: P[11] (output port clocked by clk)
Path Group: clk
Path Type: max

Fanout     Cap    Slew   Delay    Time   Description
-----------------------------------------------------------------------------
                  0.00    0.00    0.00   clock clk (rise edge)
                          0.00    0.00   clock network delay (ideal)
                          2.00    2.00 v input external delay
                  0.01    0.01    2.01 v A[0] (in)
     1    0.00                           A[0] (net)
                  0.01    0.00    2.01 v input1/A (sky130_fd_sc_hd__buf_6)
                  0.04    0.12    2.13 v input1/X (sky130_fd_sc_hd__buf_6)
     5    0.02                           net1 (net)
                  0.04    0.00    2.13 v _297_/A (sky130_fd_sc_hd__or4_4)
                  0.08    0.55    2.68 v _297_/X (sky130_fd_sc_hd__or4_4)
     1    0.00                           _231_ (net)
                  0.08    0.00    2.68 v _298_/A (sky130_fd_sc_hd__buf_6)
                  0.04    0.16    2.83 v _298_/X (sky130_fd_sc_hd__buf_6)
     7    0.03                           _232_ (net)
                  0.04    0.00    2.83 v _360_/D (sky130_fd_sc_hd__or4_4)
                  0.09    0.44    3.27 v _360_/X (sky130_fd_sc_hd__or4_4)
     3    0.01                           _014_ (net)
                  0.09    0.00    3.27 v _361_/B (sky130_fd_sc_hd__and3b_1)
                  0.05    0.19    3.46 v _361_/X (sky130_fd_sc_hd__and3b_1)
     2    0.00                           _015_ (net)
                  0.05    0.00    3.46 v _367_/A1 (sky130_fd_sc_hd__o31a_1)
                  0.06    0.32    3.79 v _367_/X (sky130_fd_sc_hd__o31a_1)
     3    0.01                           _021_ (net)
                  0.06    0.00    3.79 v _371_/A (sky130_fd_sc_hd__or3b_4)
                  0.07    0.42    4.20 v _371_/X (sky130_fd_sc_hd__or3b_4)
     3    0.01                           _025_ (net)
                  0.07    0.00    4.20 v _373_/B (sky130_fd_sc_hd__and3_1)
                  0.05    0.20    4.40 v _373_/X (sky130_fd_sc_hd__and3_1)
     3    0.01                           _027_ (net)
                  0.05    0.00    4.40 v _378_/A (sky130_fd_sc_hd__or3_4)
                  0.06    0.40    4.80 v _378_/X (sky130_fd_sc_hd__or3_4)
     2    0.00                           _032_ (net)
                  0.06    0.00    4.80 v _382_/A1 (sky130_fd_sc_hd__a21o_1)
                  0.06    0.20    5.00 v _382_/X (sky130_fd_sc_hd__a21o_1)
     2    0.01                           _036_ (net)
                  0.06    0.00    5.00 v _415_/A1 (sky130_fd_sc_hd__a21oi_4)
                  0.15    0.17    5.17 ^ _415_/Y (sky130_fd_sc_hd__a21oi_4)
     2    0.01                           _068_ (net)
                  0.15    0.00    5.17 ^ _436_/A2 (sky130_fd_sc_hd__a21oi_4)
                  0.07    0.10    5.27 v _436_/Y (sky130_fd_sc_hd__a21oi_4)
     4    0.02                           _088_ (net)
                  0.07    0.00    5.27 v _482_/A1 (sky130_fd_sc_hd__a21oi_1)
                  0.19    0.20    5.46 ^ _482_/Y (sky130_fd_sc_hd__a21oi_1)
     2    0.01                           _132_ (net)
                  0.19    0.00    5.46 ^ _500_/A2 (sky130_fd_sc_hd__o21ai_1)
                  0.07    0.10    5.56 v _500_/Y (sky130_fd_sc_hd__o21ai_1)
     1    0.00                           _149_ (net)
                  0.07    0.00    5.56 v _501_/B (sky130_fd_sc_hd__xnor2_1)
                  0.11    0.13    5.69 ^ _501_/Y (sky130_fd_sc_hd__xnor2_1)
     1    0.00                           net19 (net)
                  0.11    0.00    5.69 ^ output19/A (sky130_fd_sc_hd__clkbuf_4)
                  0.11    0.22    5.91 ^ output19/X (sky130_fd_sc_hd__clkbuf_4)
     1    0.03                           P[11] (net)
                  0.11    0.00    5.91 ^ P[11] (out)
                                  5.91   data arrival time

                  0.00   10.00   10.00   clock clk (rise edge)
                          0.00   10.00   clock network delay (ideal)
                         -0.25    9.75   clock uncertainty
                          0.00    9.75   clock reconvergence pessimism
                         -2.00    7.75   output external delay
                                  7.75   data required time
-----------------------------------------------------------------------------
                                  7.75   data required time
                                 -5.91   data arrival time
-----------------------------------------------------------------------------
                                  1.84   slack (MET)


Startpoint: A[0] (input port clocked by clk)
Endpoint: P[10] (output port clocked by clk)
Path Group: clk
Path Type: max

Fanout     Cap    Slew   Delay    Time   Description
-----------------------------------------------------------------------------
                  0.00    0.00    0.00   clock clk (rise edge)
                          0.00    0.00   clock network delay (ideal)
                          2.00    2.00 v input external delay
                  0.01    0.01    2.01 v A[0] (in)
     1    0.00                           A[0] (net)
                  0.01    0.00    2.01 v input1/A (sky130_fd_sc_hd__buf_6)
                  0.04    0.12    2.13 v input1/X (sky130_fd_sc_hd__buf_6)
     5    0.02                           net1 (net)
                  0.04    0.00    2.13 v _297_/A (sky130_fd_sc_hd__or4_4)
                  0.08    0.55    2.68 v _297_/X (sky130_fd_sc_hd__or4_4)
     1    0.00                           _231_ (net)
                  0.08    0.00    2.68 v _298_/A (sky130_fd_sc_hd__buf_6)
                  0.04    0.16    2.83 v _298_/X (sky130_fd_sc_hd__buf_6)
     7    0.03                           _232_ (net)
                  0.04    0.00    2.83 v _360_/D (sky130_fd_sc_hd__or4_4)
                  0.09    0.44    3.27 v _360_/X (sky130_fd_sc_hd__or4_4)
     3    0.01                           _014_ (net)
                  0.09    0.00    3.27 v _361_/B (sky130_fd_sc_hd__and3b_1)
                  0.05    0.19    3.46 v _361_/X (sky130_fd_sc_hd__and3b_1)
     2    0.00                           _015_ (net)
                  0.05    0.00    3.46 v _367_/A1 (sky130_fd_sc_hd__o31a_1)
                  0.06    0.32    3.79 v _367_/X (sky130_fd_sc_hd__o31a_1)
     3    0.01                           _021_ (net)
                  0.06    0.00    3.79 v _371_/A (sky130_fd_sc_hd__or3b_4)
                  0.07    0.42    4.20 v _371_/X (sky130_fd_sc_hd__or3b_4)
     3    0.01                           _025_ (net)
                  0.07    0.00    4.20 v _373_/B (sky130_fd_sc_hd__and3_1)
                  0.05    0.20    4.40 v _373_/X (sky130_fd_sc_hd__and3_1)
     3    0.01                           _027_ (net)
                  0.05    0.00    4.40 v _378_/A (sky130_fd_sc_hd__or3_4)
                  0.06    0.40    4.80 v _378_/X (sky130_fd_sc_hd__or3_4)
     2    0.00                           _032_ (net)
                  0.06    0.00    4.80 v _382_/A1 (sky130_fd_sc_hd__a21o_1)
                  0.06    0.20    5.00 v _382_/X (sky130_fd_sc_hd__a21o_1)
     2    0.01                           _036_ (net)
                  0.06    0.00    5.00 v _415_/A1 (sky130_fd_sc_hd__a21oi_4)
                  0.15    0.17    5.17 ^ _415_/Y (sky130_fd_sc_hd__a21oi_4)
     2    0.01                           _068_ (net)
                  0.15    0.00    5.17 ^ _436_/A2 (sky130_fd_sc_hd__a21oi_4)
                  0.07    0.10    5.27 v _436_/Y (sky130_fd_sc_hd__a21oi_4)
     4    0.02                           _088_ (net)
                  0.07    0.00    5.27 v _482_/A1 (sky130_fd_sc_hd__a21oi_1)
                  0.19    0.20    5.46 ^ _482_/Y (sky130_fd_sc_hd__a21oi_1)
     2    0.01                           _132_ (net)
                  0.19    0.00    5.46 ^ _483_/B (sky130_fd_sc_hd__xor2_1)
                  0.10    0.16    5.62 ^ _483_/X (sky130_fd_sc_hd__xor2_1)
     1    0.00                           net18 (net)
                  0.10    0.00    5.62 ^ output18/A (sky130_fd_sc_hd__clkbuf_4)
                  0.11    0.22    5.84 ^ output18/X (sky130_fd_sc_hd__clkbuf_4)
     1    0.03                           P[10] (net)
                  0.11    0.00    5.84 ^ P[10] (out)
                                  5.84   data arrival time

                  0.00   10.00   10.00   clock clk (rise edge)
                          0.00   10.00   clock network delay (ideal)
                         -0.25    9.75   clock uncertainty
                          0.00    9.75   clock reconvergence pessimism
                         -2.00    7.75   output external delay
                                  7.75   data required time
-----------------------------------------------------------------------------
                                  7.75   data required time
                                 -5.84   data arrival time
-----------------------------------------------------------------------------
                                  1.91   slack (MET)


Startpoint: A[0] (input port clocked by clk)
Endpoint: P[8] (output port clocked by clk)
Path Group: clk
Path Type: max

Fanout     Cap    Slew   Delay    Time   Description
-----------------------------------------------------------------------------
                  0.00    0.00    0.00   clock clk (rise edge)
                          0.00    0.00   clock network delay (ideal)
                          2.00    2.00 v input external delay
                  0.01    0.01    2.01 v A[0] (in)
     1    0.00                           A[0] (net)
                  0.01    0.00    2.01 v input1/A (sky130_fd_sc_hd__buf_6)
                  0.04    0.12    2.13 v input1/X (sky130_fd_sc_hd__buf_6)
     5    0.02                           net1 (net)
                  0.04    0.00    2.13 v _297_/A (sky130_fd_sc_hd__or4_4)
                  0.08    0.55    2.68 v _297_/X (sky130_fd_sc_hd__or4_4)
     1    0.00                           _231_ (net)
                  0.08    0.00    2.68 v _298_/A (sky130_fd_sc_hd__buf_6)
                  0.04    0.16    2.83 v _298_/X (sky130_fd_sc_hd__buf_6)
     7    0.03                           _232_ (net)
                  0.04    0.00    2.83 v _360_/D (sky130_fd_sc_hd__or4_4)
                  0.09    0.44    3.27 v _360_/X (sky130_fd_sc_hd__or4_4)
     3    0.01                           _014_ (net)
                  0.09    0.00    3.27 v _361_/B (sky130_fd_sc_hd__and3b_1)
                  0.05    0.19    3.46 v _361_/X (sky130_fd_sc_hd__and3b_1)
     2    0.00                           _015_ (net)
                  0.05    0.00    3.46 v _367_/A1 (sky130_fd_sc_hd__o31a_1)
                  0.06    0.32    3.79 v _367_/X (sky130_fd_sc_hd__o31a_1)
     3    0.01                           _021_ (net)
                  0.06    0.00    3.79 v _371_/A (sky130_fd_sc_hd__or3b_4)
                  0.07    0.42    4.20 v _371_/X (sky130_fd_sc_hd__or3b_4)
     3    0.01                           _025_ (net)
                  0.07    0.00    4.20 v _373_/B (sky130_fd_sc_hd__and3_1)
                  0.05    0.20    4.40 v _373_/X (sky130_fd_sc_hd__and3_1)
     3    0.01                           _027_ (net)
                  0.05    0.00    4.40 v _378_/A (sky130_fd_sc_hd__or3_4)
                  0.06    0.40    4.80 v _378_/X (sky130_fd_sc_hd__or3_4)
     2    0.00                           _032_ (net)
                  0.06    0.00    4.80 v _382_/A1 (sky130_fd_sc_hd__a21o_1)
                  0.06    0.20    5.00 v _382_/X (sky130_fd_sc_hd__a21o_1)
     2    0.01                           _036_ (net)
                  0.06    0.00    5.00 v _415_/A1 (sky130_fd_sc_hd__a21oi_4)
                  0.15    0.17    5.17 ^ _415_/Y (sky130_fd_sc_hd__a21oi_4)
     2    0.01                           _068_ (net)
                  0.15    0.00    5.17 ^ _436_/A2 (sky130_fd_sc_hd__a21oi_4)
                  0.07    0.10    5.27 v _436_/Y (sky130_fd_sc_hd__a21oi_4)
     4    0.02                           _088_ (net)
                  0.07    0.00    5.27 v _437_/B (sky130_fd_sc_hd__xnor2_1)
                  0.11    0.13    5.40 ^ _437_/Y (sky130_fd_sc_hd__xnor2_1)
     1    0.00                           net31 (net)
                  0.11    0.00    5.40 ^ output31/A (sky130_fd_sc_hd__clkbuf_4)
                  0.11    0.22    5.62 ^ output31/X (sky130_fd_sc_hd__clkbuf_4)
     1    0.03                           P[8] (net)
                  0.11    0.00    5.62 ^ P[8] (out)
                                  5.62   data arrival time

                  0.00   10.00   10.00   clock clk (rise edge)
                          0.00   10.00   clock network delay (ideal)
                         -0.25    9.75   clock uncertainty
                          0.00    9.75   clock reconvergence pessimism
                         -2.00    7.75   output external delay
                                  7.75   data required time
-----------------------------------------------------------------------------
                                  7.75   data required time
                                 -5.62   data arrival time
-----------------------------------------------------------------------------
                                  2.13   slack (MET)


Startpoint: A[0] (input port clocked by clk)
Endpoint: P[6] (output port clocked by clk)
Path Group: clk
Path Type: max

Fanout     Cap    Slew   Delay    Time   Description
-----------------------------------------------------------------------------
                  0.00    0.00    0.00   clock clk (rise edge)
                          0.00    0.00   clock network delay (ideal)
                          2.00    2.00 v input external delay
                  0.01    0.01    2.01 v A[0] (in)
     1    0.00                           A[0] (net)
                  0.01    0.00    2.01 v input1/A (sky130_fd_sc_hd__buf_6)
                  0.04    0.12    2.13 v input1/X (sky130_fd_sc_hd__buf_6)
     5    0.02                           net1 (net)
                  0.04    0.00    2.13 v _297_/A (sky130_fd_sc_hd__or4_4)
                  0.08    0.55    2.68 v _297_/X (sky130_fd_sc_hd__or4_4)
     1    0.00                           _231_ (net)
                  0.08    0.00    2.68 v _298_/A (sky130_fd_sc_hd__buf_6)
                  0.04    0.16    2.83 v _298_/X (sky130_fd_sc_hd__buf_6)
     7    0.03                           _232_ (net)
                  0.04    0.00    2.83 v _360_/D (sky130_fd_sc_hd__or4_4)
                  0.09    0.44    3.27 v _360_/X (sky130_fd_sc_hd__or4_4)
     3    0.01                           _014_ (net)
                  0.09    0.00    3.27 v _361_/B (sky130_fd_sc_hd__and3b_1)
                  0.05    0.19    3.46 v _361_/X (sky130_fd_sc_hd__and3b_1)
     2    0.00                           _015_ (net)
                  0.05    0.00    3.46 v _367_/A1 (sky130_fd_sc_hd__o31a_1)
                  0.06    0.32    3.79 v _367_/X (sky130_fd_sc_hd__o31a_1)
     3    0.01                           _021_ (net)
                  0.06    0.00    3.79 v _371_/A (sky130_fd_sc_hd__or3b_4)
                  0.07    0.42    4.20 v _371_/X (sky130_fd_sc_hd__or3b_4)
     3    0.01                           _025_ (net)
                  0.07    0.00    4.20 v _373_/B (sky130_fd_sc_hd__and3_1)
                  0.05    0.20    4.40 v _373_/X (sky130_fd_sc_hd__and3_1)
     3    0.01                           _027_ (net)
                  0.05    0.00    4.40 v _378_/A (sky130_fd_sc_hd__or3_4)
                  0.06    0.40    4.80 v _378_/X (sky130_fd_sc_hd__or3_4)
     2    0.00                           _032_ (net)
                  0.06    0.00    4.80 v _381_/A (sky130_fd_sc_hd__and3_1)
                  0.07    0.19    4.98 v _381_/X (sky130_fd_sc_hd__and3_1)
     2    0.01                           _035_ (net)
                  0.07    0.00    4.98 v _383_/A (sky130_fd_sc_hd__or2b_1)
                  0.07    0.27    5.25 v _383_/X (sky130_fd_sc_hd__or2b_1)
     1    0.01                           _037_ (net)
                  0.07    0.00    5.25 v _385_/A (sky130_fd_sc_hd__xnor2_2)
                  0.09    0.15    5.40 ^ _385_/Y (sky130_fd_sc_hd__xnor2_2)
     1    0.00                           net29 (net)
                  0.09    0.00    5.40 ^ output29/A (sky130_fd_sc_hd__clkbuf_4)
                  0.11    0.21    5.61 ^ output29/X (sky130_fd_sc_hd__clkbuf_4)
     1    0.03                           P[6] (net)
                  0.11    0.00    5.61 ^ P[6] (out)
                                  5.61   data arrival time

                  0.00   10.00   10.00   clock clk (rise edge)
                          0.00   10.00   clock network delay (ideal)
                         -0.25    9.75   clock uncertainty
                          0.00    9.75   clock reconvergence pessimism
                         -2.00    7.75   output external delay
                                  7.75   data required time
-----------------------------------------------------------------------------
                                  7.75   data required time
                                 -5.61   data arrival time
-----------------------------------------------------------------------------
                                  2.14   slack (MET)


Startpoint: A[0] (input port clocked by clk)
Endpoint: P[7] (output port clocked by clk)
Path Group: clk
Path Type: max

Fanout     Cap    Slew   Delay    Time   Description
-----------------------------------------------------------------------------
                  0.00    0.00    0.00   clock clk (rise edge)
                          0.00    0.00   clock network delay (ideal)
                          2.00    2.00 v input external delay
                  0.01    0.01    2.01 v A[0] (in)
     1    0.00                           A[0] (net)
                  0.01    0.00    2.01 v input1/A (sky130_fd_sc_hd__buf_6)
                  0.04    0.12    2.13 v input1/X (sky130_fd_sc_hd__buf_6)
     5    0.02                           net1 (net)
                  0.04    0.00    2.13 v _297_/A (sky130_fd_sc_hd__or4_4)
                  0.08    0.55    2.68 v _297_/X (sky130_fd_sc_hd__or4_4)
     1    0.00                           _231_ (net)
                  0.08    0.00    2.68 v _298_/A (sky130_fd_sc_hd__buf_6)
                  0.04    0.16    2.83 v _298_/X (sky130_fd_sc_hd__buf_6)
     7    0.03                           _232_ (net)
                  0.04    0.00    2.83 v _360_/D (sky130_fd_sc_hd__or4_4)
                  0.09    0.44    3.27 v _360_/X (sky130_fd_sc_hd__or4_4)
     3    0.01                           _014_ (net)
                  0.09    0.00    3.27 v _361_/B (sky130_fd_sc_hd__and3b_1)
                  0.05    0.19    3.46 v _361_/X (sky130_fd_sc_hd__and3b_1)
     2    0.00                           _015_ (net)
                  0.05    0.00    3.46 v _367_/A1 (sky130_fd_sc_hd__o31a_1)
                  0.06    0.32    3.79 v _367_/X (sky130_fd_sc_hd__o31a_1)
     3    0.01                           _021_ (net)
                  0.06    0.00    3.79 v _371_/A (sky130_fd_sc_hd__or3b_4)
                  0.07    0.42    4.20 v _371_/X (sky130_fd_sc_hd__or3b_4)
     3    0.01                           _025_ (net)
                  0.07    0.00    4.20 v _373_/B (sky130_fd_sc_hd__and3_1)
                  0.05    0.20    4.40 v _373_/X (sky130_fd_sc_hd__and3_1)
     3    0.01                           _027_ (net)
                  0.05    0.00    4.40 v _378_/A (sky130_fd_sc_hd__or3_4)
                  0.06    0.40    4.80 v _378_/X (sky130_fd_sc_hd__or3_4)
     2    0.00                           _032_ (net)
                  0.06    0.00    4.80 v _382_/A1 (sky130_fd_sc_hd__a21o_1)
                  0.06    0.20    5.00 v _382_/X (sky130_fd_sc_hd__a21o_1)
     2    0.01                           _036_ (net)
                  0.06    0.00    5.00 v _415_/A1 (sky130_fd_sc_hd__a21oi_4)
                  0.15    0.17    5.17 ^ _415_/Y (sky130_fd_sc_hd__a21oi_4)
     2    0.01                           _068_ (net)
                  0.15    0.00    5.17 ^ _416_/B (sky130_fd_sc_hd__xnor2_1)
                  0.11    0.13    5.30 ^ _416_/Y (sky130_fd_sc_hd__xnor2_1)
     1    0.00                           net30 (net)
                  0.11    0.00    5.30 ^ output30/A (sky130_fd_sc_hd__clkbuf_4)
                  0.11    0.22    5.52 ^ output30/X (sky130_fd_sc_hd__clkbuf_4)
     1    0.03                           P[7] (net)
                  0.11    0.00    5.52 ^ P[7] (out)
                                  5.52   data arrival time

                  0.00   10.00   10.00   clock clk (rise edge)
                          0.00   10.00   clock network delay (ideal)
                         -0.25    9.75   clock uncertainty
                          0.00    9.75   clock reconvergence pessimism
                         -2.00    7.75   output external delay
                                  7.75   data required time
-----------------------------------------------------------------------------
                                  7.75   data required time
                                 -5.52   data arrival time
-----------------------------------------------------------------------------
                                  2.23   slack (MET)


Startpoint: A[0] (input port clocked by clk)
Endpoint: P[5] (output port clocked by clk)
Path Group: clk
Path Type: max

Fanout     Cap    Slew   Delay    Time   Description
-----------------------------------------------------------------------------
                  0.00    0.00    0.00   clock clk (rise edge)
                          0.00    0.00   clock network delay (ideal)
                          2.00    2.00 v input external delay
                  0.01    0.01    2.01 v A[0] (in)
     1    0.00                           A[0] (net)
                  0.01    0.00    2.01 v input1/A (sky130_fd_sc_hd__buf_6)
                  0.04    0.12    2.13 v input1/X (sky130_fd_sc_hd__buf_6)
     5    0.02                           net1 (net)
                  0.04    0.00    2.13 v _297_/A (sky130_fd_sc_hd__or4_4)
                  0.08    0.55    2.68 v _297_/X (sky130_fd_sc_hd__or4_4)
     1    0.00                           _231_ (net)
                  0.08    0.00    2.68 v _298_/A (sky130_fd_sc_hd__buf_6)
                  0.04    0.16    2.83 v _298_/X (sky130_fd_sc_hd__buf_6)
     7    0.03                           _232_ (net)
                  0.04    0.00    2.83 v _331_/C (sky130_fd_sc_hd__or3_1)
                  0.08    0.33    3.16 v _331_/X (sky130_fd_sc_hd__or3_1)
     3    0.00                           _264_ (net)
                  0.08    0.00    3.16 v _333_/B (sky130_fd_sc_hd__and3_1)
                  0.05    0.19    3.35 v _333_/X (sky130_fd_sc_hd__and3_1)
     2    0.00                           _266_ (net)
                  0.05    0.00    3.35 v _338_/A1 (sky130_fd_sc_hd__o31a_1)
                  0.07    0.33    3.69 v _338_/X (sky130_fd_sc_hd__o31a_1)
     4    0.01                           _271_ (net)
                  0.07    0.00    3.69 v _341_/A (sky130_fd_sc_hd__or3b_1)
                  0.09    0.43    4.11 v _341_/X (sky130_fd_sc_hd__or3b_1)
     3    0.01                           _274_ (net)
                  0.09    0.00    4.11 v _352_/A1 (sky130_fd_sc_hd__a21o_1)
                  0.04    0.18    4.29 v _352_/X (sky130_fd_sc_hd__a21o_1)
     2    0.00                           _007_ (net)
                  0.04    0.00    4.29 v _355_/B (sky130_fd_sc_hd__and3_1)
                  0.04    0.17    4.46 v _355_/X (sky130_fd_sc_hd__and3_1)
     2    0.00                           _010_ (net)
                  0.04    0.00    4.46 v _357_/A_N (sky130_fd_sc_hd__and2b_1)
                  0.06    0.20    4.67 ^ _357_/X (sky130_fd_sc_hd__and2b_1)
     1    0.00                           _012_ (net)
                  0.06    0.00    4.67 ^ _358_/B (sky130_fd_sc_hd__xnor2_1)
                  0.10    0.10    4.77 ^ _358_/Y (sky130_fd_sc_hd__xnor2_1)
     1    0.00                           net28 (net)
                  0.10    0.00    4.77 ^ output28/A (sky130_fd_sc_hd__buf_2)
                  0.17    0.23    5.00 ^ output28/X (sky130_fd_sc_hd__buf_2)
     1    0.03                           P[5] (net)
                  0.17    0.00    5.00 ^ P[5] (out)
                                  5.00   data arrival time

                  0.00   10.00   10.00   clock clk (rise edge)
                          0.00   10.00   clock network delay (ideal)
                         -0.25    9.75   clock uncertainty
                          0.00    9.75   clock reconvergence pessimism
                         -2.00    7.75   output external delay
                                  7.75   data required time
-----------------------------------------------------------------------------
                                  7.75   data required time
                                 -5.00   data arrival time
-----------------------------------------------------------------------------
                                  2.75   slack (MET)


Startpoint: A[1] (input port clocked by clk)
Endpoint: P[4] (output port clocked by clk)
Path Group: clk
Path Type: max

Fanout     Cap    Slew   Delay    Time   Description
-----------------------------------------------------------------------------
                  0.00    0.00    0.00   clock clk (rise edge)
                          0.00    0.00   clock network delay (ideal)
                          2.00    2.00 v input external delay
                  0.01    0.00    2.00 v A[1] (in)
     1    0.00                           A[1] (net)
                  0.01    0.00    2.00 v input2/A (sky130_fd_sc_hd__buf_1)
                  0.04    0.08    2.09 v input2/X (sky130_fd_sc_hd__buf_1)
     2    0.00                           net2 (net)
                  0.04    0.00    2.09 v _281_/A (sky130_fd_sc_hd__buf_4)
                  0.06    0.17    2.26 v _281_/X (sky130_fd_sc_hd__buf_4)
    10    0.03                           _217_ (net)
                  0.06    0.00    2.26 v _289_/B (sky130_fd_sc_hd__or3_2)
                  0.10    0.51    2.77 v _289_/X (sky130_fd_sc_hd__or3_2)
     2    0.01                           _224_ (net)
                  0.10    0.00    2.77 v _291_/A (sky130_fd_sc_hd__and2_2)
                  0.07    0.24    3.01 v _291_/X (sky130_fd_sc_hd__and2_2)
     8    0.02                           _226_ (net)
                  0.07    0.00    3.01 v _317_/A1 (sky130_fd_sc_hd__a221o_1)
                  0.07    0.35    3.37 v _317_/X (sky130_fd_sc_hd__a221o_1)
     2    0.01                           _250_ (net)
                  0.07    0.00    3.37 v _322_/A (sky130_fd_sc_hd__xor2_1)
                  0.17    0.21    3.57 ^ _322_/X (sky130_fd_sc_hd__xor2_1)
     2    0.01                           _255_ (net)
                  0.17    0.00    3.57 ^ _323_/B (sky130_fd_sc_hd__xor2_1)
                  0.19    0.23    3.80 ^ _323_/X (sky130_fd_sc_hd__xor2_1)
     2    0.01                           _256_ (net)
                  0.19    0.00    3.80 ^ _328_/A (sky130_fd_sc_hd__xnor2_1)
                  0.08    0.13    3.93 v _328_/Y (sky130_fd_sc_hd__xnor2_1)
     3    0.01                           _261_ (net)
                  0.08    0.00    3.93 v _569_/B (sky130_fd_sc_hd__or2_1)
                  0.04    0.21    4.14 v _569_/X (sky130_fd_sc_hd__or2_1)
     1    0.00                           _213_ (net)
                  0.04    0.00    4.14 v _570_/B (sky130_fd_sc_hd__and2_1)
                  0.03    0.15    4.29 v _570_/X (sky130_fd_sc_hd__and2_1)
     1    0.00                           _214_ (net)
                  0.03    0.00    4.29 v _571_/A (sky130_fd_sc_hd__clkbuf_1)
                  0.02    0.08    4.37 v _571_/X (sky130_fd_sc_hd__clkbuf_1)
     1    0.00                           net27 (net)
                  0.02    0.00    4.37 v output27/A (sky130_fd_sc_hd__clkbuf_4)
                  0.08    0.18    4.55 v output27/X (sky130_fd_sc_hd__clkbuf_4)
     1    0.03                           P[4] (net)
                  0.08    0.00    4.55 v P[4] (out)
                                  4.55   data arrival time

                  0.00   10.00   10.00   clock clk (rise edge)
                          0.00   10.00   clock network delay (ideal)
                         -0.25    9.75   clock uncertainty
                          0.00    9.75   clock reconvergence pessimism
                         -2.00    7.75   output external delay
                                  7.75   data required time
-----------------------------------------------------------------------------
                                  7.75   data required time
                                 -4.55   data arrival time
-----------------------------------------------------------------------------
                                  3.20   slack (MET)


Startpoint: A[1] (input port clocked by clk)
Endpoint: P[3] (output port clocked by clk)
Path Group: clk
Path Type: max

Fanout     Cap    Slew   Delay    Time   Description
-----------------------------------------------------------------------------
                  0.00    0.00    0.00   clock clk (rise edge)
                          0.00    0.00   clock network delay (ideal)
                          2.00    2.00 v input external delay
                  0.01    0.00    2.00 v A[1] (in)
     1    0.00                           A[1] (net)
                  0.01    0.00    2.00 v input2/A (sky130_fd_sc_hd__buf_1)
                  0.04    0.08    2.09 v input2/X (sky130_fd_sc_hd__buf_1)
     2    0.00                           net2 (net)
                  0.04    0.00    2.09 v _281_/A (sky130_fd_sc_hd__buf_4)
                  0.06    0.17    2.26 v _281_/X (sky130_fd_sc_hd__buf_4)
    10    0.03                           _217_ (net)
                  0.06    0.00    2.26 v _289_/B (sky130_fd_sc_hd__or3_2)
                  0.10    0.51    2.77 v _289_/X (sky130_fd_sc_hd__or3_2)
     2    0.01                           _224_ (net)
                  0.10    0.00    2.77 v _291_/A (sky130_fd_sc_hd__and2_2)
                  0.07    0.24    3.01 v _291_/X (sky130_fd_sc_hd__and2_2)
     8    0.02                           _226_ (net)
                  0.07    0.00    3.01 v _301_/B2 (sky130_fd_sc_hd__a22o_1)
                  0.05    0.22    3.24 v _301_/X (sky130_fd_sc_hd__a22o_1)
     2    0.00                           _235_ (net)
                  0.05    0.00    3.24 v _310_/A2 (sky130_fd_sc_hd__o21a_1)
                  0.06    0.20    3.43 v _310_/X (sky130_fd_sc_hd__o21a_1)
     3    0.01                           _244_ (net)
                  0.06    0.00    3.43 v _312_/A (sky130_fd_sc_hd__nor2_1)
                  0.10    0.12    3.56 ^ _312_/Y (sky130_fd_sc_hd__nor2_1)
     2    0.00                           _246_ (net)
                  0.10    0.00    3.56 ^ _313_/B (sky130_fd_sc_hd__and2_1)
                  0.10    0.18    3.74 ^ _313_/X (sky130_fd_sc_hd__and2_1)
     4    0.01                           _247_ (net)
                  0.10    0.00    3.74 ^ _315_/A (sky130_fd_sc_hd__nor2_1)
                  0.03    0.05    3.79 v _315_/Y (sky130_fd_sc_hd__nor2_1)
     1    0.00                           net26 (net)
                  0.03    0.00    3.79 v output26/A (sky130_fd_sc_hd__buf_2)
                  0.09    0.18    3.97 v output26/X (sky130_fd_sc_hd__buf_2)
     1    0.03                           P[3] (net)
                  0.09    0.00    3.97 v P[3] (out)
                                  3.97   data arrival time

                  0.00   10.00   10.00   clock clk (rise edge)
                          0.00   10.00   clock network delay (ideal)
                         -0.25    9.75   clock uncertainty
                          0.00    9.75   clock reconvergence pessimism
                         -2.00    7.75   output external delay
                                  7.75   data required time
-----------------------------------------------------------------------------
                                  7.75   data required time
                                 -3.97   data arrival time
-----------------------------------------------------------------------------
                                  3.78   slack (MET)


Startpoint: A[1] (input port clocked by clk)
Endpoint: P[2] (output port clocked by clk)
Path Group: clk
Path Type: max

Fanout     Cap    Slew   Delay    Time   Description
-----------------------------------------------------------------------------
                  0.00    0.00    0.00   clock clk (rise edge)
                          0.00    0.00   clock network delay (ideal)
                          2.00    2.00 v input external delay
                  0.01    0.00    2.00 v A[1] (in)
     1    0.00                           A[1] (net)
                  0.01    0.00    2.00 v input2/A (sky130_fd_sc_hd__buf_1)
                  0.04    0.08    2.09 v input2/X (sky130_fd_sc_hd__buf_1)
     2    0.00                           net2 (net)
                  0.04    0.00    2.09 v _281_/A (sky130_fd_sc_hd__buf_4)
                  0.06    0.17    2.26 v _281_/X (sky130_fd_sc_hd__buf_4)
    10    0.03                           _217_ (net)
                  0.06    0.00    2.26 v _289_/B (sky130_fd_sc_hd__or3_2)
                  0.10    0.51    2.77 v _289_/X (sky130_fd_sc_hd__or3_2)
     2    0.01                           _224_ (net)
                  0.10    0.00    2.77 v _291_/A (sky130_fd_sc_hd__and2_2)
                  0.07    0.24    3.01 v _291_/X (sky130_fd_sc_hd__and2_2)
     8    0.02                           _226_ (net)
                  0.07    0.00    3.01 v _293_/A2 (sky130_fd_sc_hd__a21o_1)
                  0.04    0.19    3.21 v _293_/X (sky130_fd_sc_hd__a21o_1)
     2    0.00                           _228_ (net)
                  0.04    0.00    3.21 v _294_/C (sky130_fd_sc_hd__and3_1)
                  0.05    0.20    3.41 v _294_/X (sky130_fd_sc_hd__and3_1)
     3    0.01                           _229_ (net)
                  0.05    0.00    3.41 v _296_/A (sky130_fd_sc_hd__nor2_1)
                  0.06    0.09    3.50 ^ _296_/Y (sky130_fd_sc_hd__nor2_1)
     1    0.00                           net25 (net)
                  0.06    0.00    3.50 ^ output25/A (sky130_fd_sc_hd__buf_2)
                  0.17    0.21    3.71 ^ output25/X (sky130_fd_sc_hd__buf_2)
     1    0.03                           P[2] (net)
                  0.17    0.00    3.71 ^ P[2] (out)
                                  3.71   data arrival time

                  0.00   10.00   10.00   clock clk (rise edge)
                          0.00   10.00   clock network delay (ideal)
                         -0.25    9.75   clock uncertainty
                          0.00    9.75   clock reconvergence pessimism
                         -2.00    7.75   output external delay
                                  7.75   data required time
-----------------------------------------------------------------------------
                                  7.75   data required time
                                 -3.71   data arrival time
-----------------------------------------------------------------------------
                                  4.04   slack (MET)


Startpoint: A[1] (input port clocked by clk)
Endpoint: P[1] (output port clocked by clk)
Path Group: clk
Path Type: max

Fanout     Cap    Slew   Delay    Time   Description
-----------------------------------------------------------------------------
                  0.00    0.00    0.00   clock clk (rise edge)
                          0.00    0.00   clock network delay (ideal)
                          2.00    2.00 v input external delay
                  0.01    0.00    2.00 v A[1] (in)
     1    0.00                           A[1] (net)
                  0.01    0.00    2.00 v input2/A (sky130_fd_sc_hd__buf_1)
                  0.04    0.08    2.09 v input2/X (sky130_fd_sc_hd__buf_1)
     2    0.00                           net2 (net)
                  0.04    0.00    2.09 v _281_/A (sky130_fd_sc_hd__buf_4)
                  0.06    0.17    2.26 v _281_/X (sky130_fd_sc_hd__buf_4)
    10    0.03                           _217_ (net)
                  0.06    0.00    2.26 v _284_/B (sky130_fd_sc_hd__xor2_4)
                  0.08    0.18    2.44 v _284_/X (sky130_fd_sc_hd__xor2_4)
     8    0.02                           _220_ (net)
                  0.08    0.00    2.44 v _286_/A2 (sky130_fd_sc_hd__a22o_1)
                  0.04    0.24    2.68 v _286_/X (sky130_fd_sc_hd__a22o_1)
     1    0.00                           _222_ (net)
                  0.04    0.00    2.68 v _287_/B1 (sky130_fd_sc_hd__a21o_1)
                  0.03    0.15    2.83 v _287_/X (sky130_fd_sc_hd__a21o_1)
     1    0.00                           net24 (net)
                  0.03    0.00    2.83 v output24/A (sky130_fd_sc_hd__clkbuf_4)
                  0.08    0.18    3.01 v output24/X (sky130_fd_sc_hd__clkbuf_4)
     1    0.03                           P[1] (net)
                  0.08    0.00    3.01 v P[1] (out)
                                  3.01   data arrival time

                  0.00   10.00   10.00   clock clk (rise edge)
                          0.00   10.00   clock network delay (ideal)
                         -0.25    9.75   clock uncertainty
                          0.00    9.75   clock reconvergence pessimism
                         -2.00    7.75   output external delay
                                  7.75   data required time
-----------------------------------------------------------------------------
                                  7.75   data required time
                                 -3.01   data arrival time
-----------------------------------------------------------------------------
                                  4.74   slack (MET)


Startpoint: A[0] (input port clocked by clk)
Endpoint: P[0] (output port clocked by clk)
Path Group: clk
Path Type: max

Fanout     Cap    Slew   Delay    Time   Description
-----------------------------------------------------------------------------
                  0.00    0.00    0.00   clock clk (rise edge)
                          0.00    0.00   clock network delay (ideal)
                          2.00    2.00 v input external delay
                  0.01    0.01    2.01 v A[0] (in)
     1    0.00                           A[0] (net)
                  0.01    0.00    2.01 v input1/A (sky130_fd_sc_hd__buf_6)
                  0.04    0.12    2.13 v input1/X (sky130_fd_sc_hd__buf_6)
     5    0.02                           net1 (net)
                  0.04    0.00    2.13 v _278_/A (sky130_fd_sc_hd__clkbuf_4)
                  0.06    0.17    2.30 v _278_/X (sky130_fd_sc_hd__clkbuf_4)
    10    0.02                           _215_ (net)
                  0.06    0.00    2.30 v _279_/B (sky130_fd_sc_hd__and2_1)
                  0.03    0.16    2.46 v _279_/X (sky130_fd_sc_hd__and2_1)
     1    0.00                           _216_ (net)
                  0.03    0.00    2.46 v _280_/A (sky130_fd_sc_hd__clkbuf_1)
                  0.02    0.08    2.54 v _280_/X (sky130_fd_sc_hd__clkbuf_1)
     1    0.00                           net17 (net)
                  0.02    0.00    2.54 v output17/A (sky130_fd_sc_hd__clkbuf_4)
                  0.08    0.18    2.72 v output17/X (sky130_fd_sc_hd__clkbuf_4)
     1    0.03                           P[0] (net)
                  0.08    0.00    2.72 v P[0] (out)
                                  2.72   data arrival time

                  0.00   10.00   10.00   clock clk (rise edge)
                          0.00   10.00   clock network delay (ideal)
                         -0.25    9.75   clock uncertainty
                          0.00    9.75   clock reconvergence pessimism
                         -2.00    7.75   output external delay
                                  7.75   data required time
-----------------------------------------------------------------------------
                                  7.75   data required time
                                 -2.72   data arrival time
-----------------------------------------------------------------------------
                                  5.03   slack (MET)



