
===========================================================================
report_checks -path_delay max (Setup)
============================================================================
======================= Typical Corner ===================================

Startpoint: B[0] (input port clocked by clk)
Endpoint: Sum[0] (output port clocked by clk)
Path Group: clk
Path Type: max

Fanout     Cap    Slew   Delay    Time   Description
-----------------------------------------------------------------------------
                  0.00    0.00    0.00   clock clk (rise edge)
                          0.00    0.00   clock network delay (ideal)
                          2.00    2.00 v input external delay
                  0.01    0.00    2.00 v B[0] (in)
     1    0.00                           B[0] (net)
                  0.01    0.00    2.00 v input17/A (sky130_fd_sc_hd__dlymetal6s2s_1)
                  0.06    0.15    2.15 v input17/X (sky130_fd_sc_hd__dlymetal6s2s_1)
     3    0.01                           net17 (net)
                  0.06    0.00    2.15 v _32_/A (sky130_fd_sc_hd__xnor2_1)
                  0.16    0.19    2.34 ^ _32_/Y (sky130_fd_sc_hd__xnor2_1)
     1    0.00                           _22_ (net)
                  0.16    0.00    2.34 ^ _33_/B (sky130_fd_sc_hd__xnor2_1)
                  0.11    0.13    2.48 ^ _33_/Y (sky130_fd_sc_hd__xnor2_1)
     1    0.00                           net65 (net)
                  0.11    0.00    2.48 ^ output65/A (sky130_fd_sc_hd__clkbuf_4)
                  0.11    0.22    2.70 ^ output65/X (sky130_fd_sc_hd__clkbuf_4)
     1    0.03                           Sum[0] (net)
                  0.11    0.00    2.70 ^ Sum[0] (out)
                                  2.70   data arrival time

                  0.00   10.00   10.00   clock clk (rise edge)
                          0.00   10.00   clock network delay (ideal)
                         -0.25    9.75   clock uncertainty
                          0.00    9.75   clock reconvergence pessimism
                         -2.00    7.75   output external delay
                                  7.75   data required time
-----------------------------------------------------------------------------
                                  7.75   data required time
                                 -2.70   data arrival time
-----------------------------------------------------------------------------
                                  5.05   slack (MET)


Startpoint: B[12] (input port clocked by clk)
Endpoint: Sum[12] (output port clocked by clk)
Path Group: clk
Path Type: max

Fanout     Cap    Slew   Delay    Time   Description
-----------------------------------------------------------------------------
                  0.00    0.00    0.00   clock clk (rise edge)
                          0.00    0.00   clock network delay (ideal)
                          2.00    2.00 v input external delay
                  0.01    0.00    2.00 v B[12] (in)
     1    0.00                           B[12] (net)
                  0.01    0.00    2.00 v input20/A (sky130_fd_sc_hd__dlymetal6s2s_1)
                  0.06    0.15    2.15 v input20/X (sky130_fd_sc_hd__dlymetal6s2s_1)
     3    0.01                           net20 (net)
                  0.06    0.00    2.15 v _56_/A (sky130_fd_sc_hd__xnor2_1)
                  0.16    0.19    2.34 ^ _56_/Y (sky130_fd_sc_hd__xnor2_1)
     1    0.00                           _02_ (net)
                  0.16    0.00    2.34 ^ _57_/B (sky130_fd_sc_hd__xnor2_1)
                  0.11    0.13    2.48 ^ _57_/Y (sky130_fd_sc_hd__xnor2_1)
     1    0.00                           net68 (net)
                  0.11    0.00    2.48 ^ output68/A (sky130_fd_sc_hd__clkbuf_4)
                  0.11    0.22    2.70 ^ output68/X (sky130_fd_sc_hd__clkbuf_4)
     1    0.03                           Sum[12] (net)
                  0.11    0.00    2.70 ^ Sum[12] (out)
                                  2.70   data arrival time

                  0.00   10.00   10.00   clock clk (rise edge)
                          0.00   10.00   clock network delay (ideal)
                         -0.25    9.75   clock uncertainty
                          0.00    9.75   clock reconvergence pessimism
                         -2.00    7.75   output external delay
                                  7.75   data required time
-----------------------------------------------------------------------------
                                  7.75   data required time
                                 -2.70   data arrival time
-----------------------------------------------------------------------------
                                  5.05   slack (MET)


Startpoint: B[14] (input port clocked by clk)
Endpoint: Sum[14] (output port clocked by clk)
Path Group: clk
Path Type: max

Fanout     Cap    Slew   Delay    Time   Description
-----------------------------------------------------------------------------
                  0.00    0.00    0.00   clock clk (rise edge)
                          0.00    0.00   clock network delay (ideal)
                          2.00    2.00 v input external delay
                  0.01    0.00    2.00 v B[14] (in)
     1    0.00                           B[14] (net)
                  0.01    0.00    2.00 v input22/A (sky130_fd_sc_hd__dlymetal6s2s_1)
                  0.06    0.15    2.15 v input22/X (sky130_fd_sc_hd__dlymetal6s2s_1)
     3    0.01                           net22 (net)
                  0.06    0.00    2.15 v _60_/A (sky130_fd_sc_hd__xnor2_1)
                  0.16    0.19    2.34 ^ _60_/Y (sky130_fd_sc_hd__xnor2_1)
     1    0.00                           _04_ (net)
                  0.16    0.00    2.34 ^ _61_/B (sky130_fd_sc_hd__xnor2_1)
                  0.11    0.13    2.48 ^ _61_/Y (sky130_fd_sc_hd__xnor2_1)
     1    0.00                           net70 (net)
                  0.11    0.00    2.48 ^ output70/A (sky130_fd_sc_hd__clkbuf_4)
                  0.11    0.22    2.70 ^ output70/X (sky130_fd_sc_hd__clkbuf_4)
     1    0.03                           Sum[14] (net)
                  0.11    0.00    2.70 ^ Sum[14] (out)
                                  2.70   data arrival time

                  0.00   10.00   10.00   clock clk (rise edge)
                          0.00   10.00   clock network delay (ideal)
                         -0.25    9.75   clock uncertainty
                          0.00    9.75   clock reconvergence pessimism
                         -2.00    7.75   output external delay
                                  7.75   data required time
-----------------------------------------------------------------------------
                                  7.75   data required time
                                 -2.70   data arrival time
-----------------------------------------------------------------------------
                                  5.05   slack (MET)


Startpoint: A[15] (input port clocked by clk)
Endpoint: Sum[15] (output port clocked by clk)
Path Group: clk
Path Type: max

Fanout     Cap    Slew   Delay    Time   Description
-----------------------------------------------------------------------------
                  0.00    0.00    0.00   clock clk (rise edge)
                          0.00    0.00   clock network delay (ideal)
                          2.00    2.00 v input external delay
                  0.01    0.00    2.00 v A[15] (in)
     1    0.00                           A[15] (net)
                  0.01    0.00    2.00 v input7/A (sky130_fd_sc_hd__dlymetal6s2s_1)
                  0.06    0.15    2.15 v input7/X (sky130_fd_sc_hd__dlymetal6s2s_1)
     3    0.01                           net7 (net)
                  0.06    0.00    2.15 v _62_/B (sky130_fd_sc_hd__xnor2_1)
                  0.16    0.17    2.33 ^ _62_/Y (sky130_fd_sc_hd__xnor2_1)
     1    0.00                           _05_ (net)
                  0.16    0.00    2.33 ^ _63_/B (sky130_fd_sc_hd__xnor2_1)
                  0.11    0.13    2.46 ^ _63_/Y (sky130_fd_sc_hd__xnor2_1)
     1    0.00                           net71 (net)
                  0.11    0.00    2.46 ^ output71/A (sky130_fd_sc_hd__clkbuf_4)
                  0.11    0.22    2.68 ^ output71/X (sky130_fd_sc_hd__clkbuf_4)
     1    0.03                           Sum[15] (net)
                  0.11    0.00    2.68 ^ Sum[15] (out)
                                  2.68   data arrival time

                  0.00   10.00   10.00   clock clk (rise edge)
                          0.00   10.00   clock network delay (ideal)
                         -0.25    9.75   clock uncertainty
                          0.00    9.75   clock reconvergence pessimism
                         -2.00    7.75   output external delay
                                  7.75   data required time
-----------------------------------------------------------------------------
                                  7.75   data required time
                                 -2.68   data arrival time
-----------------------------------------------------------------------------
                                  5.07   slack (MET)


Startpoint: A[2] (input port clocked by clk)
Endpoint: Sum[2] (output port clocked by clk)
Path Group: clk
Path Type: max

Fanout     Cap    Slew   Delay    Time   Description
-----------------------------------------------------------------------------
                  0.00    0.00    0.00   clock clk (rise edge)
                          0.00    0.00   clock network delay (ideal)
                          2.00    2.00 v input external delay
                  0.01    0.00    2.00 v A[2] (in)
     1    0.00                           A[2] (net)
                  0.01    0.00    2.00 v input9/A (sky130_fd_sc_hd__dlymetal6s2s_1)
                  0.06    0.15    2.15 v input9/X (sky130_fd_sc_hd__dlymetal6s2s_1)
     3    0.01                           net9 (net)
                  0.06    0.00    2.15 v _36_/B (sky130_fd_sc_hd__xnor2_1)
                  0.16    0.17    2.33 ^ _36_/Y (sky130_fd_sc_hd__xnor2_1)
     1    0.00                           _24_ (net)
                  0.16    0.00    2.33 ^ _37_/B (sky130_fd_sc_hd__xnor2_1)
                  0.11    0.13    2.46 ^ _37_/Y (sky130_fd_sc_hd__xnor2_1)
     1    0.00                           net73 (net)
                  0.11    0.00    2.46 ^ output73/A (sky130_fd_sc_hd__clkbuf_4)
                  0.11    0.22    2.68 ^ output73/X (sky130_fd_sc_hd__clkbuf_4)
     1    0.03                           Sum[2] (net)
                  0.11    0.00    2.68 ^ Sum[2] (out)
                                  2.68   data arrival time

                  0.00   10.00   10.00   clock clk (rise edge)
                          0.00   10.00   clock network delay (ideal)
                         -0.25    9.75   clock uncertainty
                          0.00    9.75   clock reconvergence pessimism
                         -2.00    7.75   output external delay
                                  7.75   data required time
-----------------------------------------------------------------------------
                                  7.75   data required time
                                 -2.68   data arrival time
-----------------------------------------------------------------------------
                                  5.07   slack (MET)


Startpoint: B[10] (input port clocked by clk)
Endpoint: Sum[10] (output port clocked by clk)
Path Group: clk
Path Type: max

Fanout     Cap    Slew   Delay    Time   Description
-----------------------------------------------------------------------------
                  0.00    0.00    0.00   clock clk (rise edge)
                          0.00    0.00   clock network delay (ideal)
                          2.00    2.00 v input external delay
                  0.01    0.00    2.00 v B[10] (in)
     1    0.00                           B[10] (net)
                  0.01    0.00    2.00 v input18/A (sky130_fd_sc_hd__buf_1)
                  0.06    0.10    2.11 v input18/X (sky130_fd_sc_hd__buf_1)
     3    0.01                           net18 (net)
                  0.06    0.00    2.11 v _52_/A (sky130_fd_sc_hd__xnor2_1)
                  0.16    0.19    2.30 ^ _52_/Y (sky130_fd_sc_hd__xnor2_1)
     1    0.00                           _00_ (net)
                  0.16    0.00    2.30 ^ _53_/B (sky130_fd_sc_hd__xnor2_1)
                  0.11    0.13    2.43 ^ _53_/Y (sky130_fd_sc_hd__xnor2_1)
     1    0.00                           net66 (net)
                  0.11    0.00    2.43 ^ output66/A (sky130_fd_sc_hd__clkbuf_4)
                  0.11    0.22    2.65 ^ output66/X (sky130_fd_sc_hd__clkbuf_4)
     1    0.03                           Sum[10] (net)
                  0.11    0.00    2.65 ^ Sum[10] (out)
                                  2.65   data arrival time

                  0.00   10.00   10.00   clock clk (rise edge)
                          0.00   10.00   clock network delay (ideal)
                         -0.25    9.75   clock uncertainty
                          0.00    9.75   clock reconvergence pessimism
                         -2.00    7.75   output external delay
                                  7.75   data required time
-----------------------------------------------------------------------------
                                  7.75   data required time
                                 -2.65   data arrival time
-----------------------------------------------------------------------------
                                  5.10   slack (MET)


Startpoint: B[11] (input port clocked by clk)
Endpoint: Sum[11] (output port clocked by clk)
Path Group: clk
Path Type: max

Fanout     Cap    Slew   Delay    Time   Description
-----------------------------------------------------------------------------
                  0.00    0.00    0.00   clock clk (rise edge)
                          0.00    0.00   clock network delay (ideal)
                          2.00    2.00 v input external delay
                  0.01    0.00    2.00 v B[11] (in)
     1    0.00                           B[11] (net)
                  0.01    0.00    2.00 v input19/A (sky130_fd_sc_hd__buf_1)
                  0.06    0.10    2.11 v input19/X (sky130_fd_sc_hd__buf_1)
     3    0.01                           net19 (net)
                  0.06    0.00    2.11 v _54_/A (sky130_fd_sc_hd__xnor2_1)
                  0.16    0.19    2.30 ^ _54_/Y (sky130_fd_sc_hd__xnor2_1)
     1    0.00                           _01_ (net)
                  0.16    0.00    2.30 ^ _55_/B (sky130_fd_sc_hd__xnor2_1)
                  0.11    0.13    2.43 ^ _55_/Y (sky130_fd_sc_hd__xnor2_1)
     1    0.00                           net67 (net)
                  0.11    0.00    2.43 ^ output67/A (sky130_fd_sc_hd__clkbuf_4)
                  0.11    0.22    2.65 ^ output67/X (sky130_fd_sc_hd__clkbuf_4)
     1    0.03                           Sum[11] (net)
                  0.11    0.00    2.65 ^ Sum[11] (out)
                                  2.65   data arrival time

                  0.00   10.00   10.00   clock clk (rise edge)
                          0.00   10.00   clock network delay (ideal)
                         -0.25    9.75   clock uncertainty
                          0.00    9.75   clock reconvergence pessimism
                         -2.00    7.75   output external delay
                                  7.75   data required time
-----------------------------------------------------------------------------
                                  7.75   data required time
                                 -2.65   data arrival time
-----------------------------------------------------------------------------
                                  5.10   slack (MET)


Startpoint: B[13] (input port clocked by clk)
Endpoint: Sum[13] (output port clocked by clk)
Path Group: clk
Path Type: max

Fanout     Cap    Slew   Delay    Time   Description
-----------------------------------------------------------------------------
                  0.00    0.00    0.00   clock clk (rise edge)
                          0.00    0.00   clock network delay (ideal)
                          2.00    2.00 v input external delay
                  0.01    0.00    2.00 v B[13] (in)
     1    0.00                           B[13] (net)
                  0.01    0.00    2.00 v input21/A (sky130_fd_sc_hd__buf_1)
                  0.06    0.10    2.11 v input21/X (sky130_fd_sc_hd__buf_1)
     3    0.01                           net21 (net)
                  0.06    0.00    2.11 v _58_/A (sky130_fd_sc_hd__xnor2_1)
                  0.16    0.19    2.30 ^ _58_/Y (sky130_fd_sc_hd__xnor2_1)
     1    0.00                           _03_ (net)
                  0.16    0.00    2.30 ^ _59_/B (sky130_fd_sc_hd__xnor2_1)
                  0.11    0.13    2.43 ^ _59_/Y (sky130_fd_sc_hd__xnor2_1)
     1    0.00                           net69 (net)
                  0.11    0.00    2.43 ^ output69/A (sky130_fd_sc_hd__clkbuf_4)
                  0.11    0.22    2.65 ^ output69/X (sky130_fd_sc_hd__clkbuf_4)
     1    0.03                           Sum[13] (net)
                  0.11    0.00    2.65 ^ Sum[13] (out)
                                  2.65   data arrival time

                  0.00   10.00   10.00   clock clk (rise edge)
                          0.00   10.00   clock network delay (ideal)
                         -0.25    9.75   clock uncertainty
                          0.00    9.75   clock reconvergence pessimism
                         -2.00    7.75   output external delay
                                  7.75   data required time
-----------------------------------------------------------------------------
                                  7.75   data required time
                                 -2.65   data arrival time
-----------------------------------------------------------------------------
                                  5.10   slack (MET)


Startpoint: B[1] (input port clocked by clk)
Endpoint: Sum[1] (output port clocked by clk)
Path Group: clk
Path Type: max

Fanout     Cap    Slew   Delay    Time   Description
-----------------------------------------------------------------------------
                  0.00    0.00    0.00   clock clk (rise edge)
                          0.00    0.00   clock network delay (ideal)
                          2.00    2.00 v input external delay
                  0.01    0.00    2.00 v B[1] (in)
     1    0.00                           B[1] (net)
                  0.01    0.00    2.00 v input24/A (sky130_fd_sc_hd__buf_1)
                  0.06    0.10    2.11 v input24/X (sky130_fd_sc_hd__buf_1)
     3    0.01                           net24 (net)
                  0.06    0.00    2.11 v _34_/A (sky130_fd_sc_hd__xnor2_1)
                  0.16    0.19    2.30 ^ _34_/Y (sky130_fd_sc_hd__xnor2_1)
     1    0.00                           _23_ (net)
                  0.16    0.00    2.30 ^ _35_/B (sky130_fd_sc_hd__xnor2_1)
                  0.11    0.13    2.43 ^ _35_/Y (sky130_fd_sc_hd__xnor2_1)
     1    0.00                           net72 (net)
                  0.11    0.00    2.43 ^ output72/A (sky130_fd_sc_hd__clkbuf_4)
                  0.11    0.22    2.65 ^ output72/X (sky130_fd_sc_hd__clkbuf_4)
     1    0.03                           Sum[1] (net)
                  0.11    0.00    2.65 ^ Sum[1] (out)
                                  2.65   data arrival time

                  0.00   10.00   10.00   clock clk (rise edge)
                          0.00   10.00   clock network delay (ideal)
                         -0.25    9.75   clock uncertainty
                          0.00    9.75   clock reconvergence pessimism
                         -2.00    7.75   output external delay
                                  7.75   data required time
-----------------------------------------------------------------------------
                                  7.75   data required time
                                 -2.65   data arrival time
-----------------------------------------------------------------------------
                                  5.10   slack (MET)


Startpoint: B[3] (input port clocked by clk)
Endpoint: Sum[3] (output port clocked by clk)
Path Group: clk
Path Type: max

Fanout     Cap    Slew   Delay    Time   Description
-----------------------------------------------------------------------------
                  0.00    0.00    0.00   clock clk (rise edge)
                          0.00    0.00   clock network delay (ideal)
                          2.00    2.00 v input external delay
                  0.01    0.00    2.00 v B[3] (in)
     1    0.00                           B[3] (net)
                  0.01    0.00    2.00 v input26/A (sky130_fd_sc_hd__buf_1)
                  0.06    0.10    2.11 v input26/X (sky130_fd_sc_hd__buf_1)
     3    0.01                           net26 (net)
                  0.06    0.00    2.11 v _38_/A (sky130_fd_sc_hd__xnor2_1)
                  0.16    0.19    2.30 ^ _38_/Y (sky130_fd_sc_hd__xnor2_1)
     1    0.00                           _25_ (net)
                  0.16    0.00    2.30 ^ _39_/B (sky130_fd_sc_hd__xnor2_1)
                  0.11    0.13    2.43 ^ _39_/Y (sky130_fd_sc_hd__xnor2_1)
     1    0.00                           net74 (net)
                  0.11    0.00    2.43 ^ output74/A (sky130_fd_sc_hd__clkbuf_4)
                  0.11    0.22    2.65 ^ output74/X (sky130_fd_sc_hd__clkbuf_4)
     1    0.03                           Sum[3] (net)
                  0.11    0.00    2.65 ^ Sum[3] (out)
                                  2.65   data arrival time

                  0.00   10.00   10.00   clock clk (rise edge)
                          0.00   10.00   clock network delay (ideal)
                         -0.25    9.75   clock uncertainty
                          0.00    9.75   clock reconvergence pessimism
                         -2.00    7.75   output external delay
                                  7.75   data required time
-----------------------------------------------------------------------------
                                  7.75   data required time
                                 -2.65   data arrival time
-----------------------------------------------------------------------------
                                  5.10   slack (MET)


Startpoint: B[4] (input port clocked by clk)
Endpoint: Sum[4] (output port clocked by clk)
Path Group: clk
Path Type: max

Fanout     Cap    Slew   Delay    Time   Description
-----------------------------------------------------------------------------
                  0.00    0.00    0.00   clock clk (rise edge)
                          0.00    0.00   clock network delay (ideal)
                          2.00    2.00 v input external delay
                  0.01    0.00    2.00 v B[4] (in)
     1    0.00                           B[4] (net)
                  0.01    0.00    2.00 v input27/A (sky130_fd_sc_hd__buf_1)
                  0.06    0.10    2.11 v input27/X (sky130_fd_sc_hd__buf_1)
     3    0.01                           net27 (net)
                  0.06    0.00    2.11 v _40_/A (sky130_fd_sc_hd__xnor2_1)
                  0.16    0.19    2.30 ^ _40_/Y (sky130_fd_sc_hd__xnor2_1)
     1    0.00                           _26_ (net)
                  0.16    0.00    2.30 ^ _41_/B (sky130_fd_sc_hd__xnor2_1)
                  0.11    0.13    2.43 ^ _41_/Y (sky130_fd_sc_hd__xnor2_1)
     1    0.00                           net75 (net)
                  0.11    0.00    2.43 ^ output75/A (sky130_fd_sc_hd__clkbuf_4)
                  0.11    0.22    2.65 ^ output75/X (sky130_fd_sc_hd__clkbuf_4)
     1    0.03                           Sum[4] (net)
                  0.11    0.00    2.65 ^ Sum[4] (out)
                                  2.65   data arrival time

                  0.00   10.00   10.00   clock clk (rise edge)
                          0.00   10.00   clock network delay (ideal)
                         -0.25    9.75   clock uncertainty
                          0.00    9.75   clock reconvergence pessimism
                         -2.00    7.75   output external delay
                                  7.75   data required time
-----------------------------------------------------------------------------
                                  7.75   data required time
                                 -2.65   data arrival time
-----------------------------------------------------------------------------
                                  5.10   slack (MET)


Startpoint: B[5] (input port clocked by clk)
Endpoint: Sum[5] (output port clocked by clk)
Path Group: clk
Path Type: max

Fanout     Cap    Slew   Delay    Time   Description
-----------------------------------------------------------------------------
                  0.00    0.00    0.00   clock clk (rise edge)
                          0.00    0.00   clock network delay (ideal)
                          2.00    2.00 v input external delay
                  0.01    0.00    2.00 v B[5] (in)
     1    0.00                           B[5] (net)
                  0.01    0.00    2.00 v input28/A (sky130_fd_sc_hd__buf_1)
                  0.06    0.10    2.11 v input28/X (sky130_fd_sc_hd__buf_1)
     3    0.01                           net28 (net)
                  0.06    0.00    2.11 v _42_/A (sky130_fd_sc_hd__xnor2_1)
                  0.16    0.19    2.30 ^ _42_/Y (sky130_fd_sc_hd__xnor2_1)
     1    0.00                           _27_ (net)
                  0.16    0.00    2.30 ^ _43_/B (sky130_fd_sc_hd__xnor2_1)
                  0.11    0.13    2.43 ^ _43_/Y (sky130_fd_sc_hd__xnor2_1)
     1    0.00                           net76 (net)
                  0.11    0.00    2.43 ^ output76/A (sky130_fd_sc_hd__clkbuf_4)
                  0.11    0.22    2.65 ^ output76/X (sky130_fd_sc_hd__clkbuf_4)
     1    0.03                           Sum[5] (net)
                  0.11    0.00    2.65 ^ Sum[5] (out)
                                  2.65   data arrival time

                  0.00   10.00   10.00   clock clk (rise edge)
                          0.00   10.00   clock network delay (ideal)
                         -0.25    9.75   clock uncertainty
                          0.00    9.75   clock reconvergence pessimism
                         -2.00    7.75   output external delay
                                  7.75   data required time
-----------------------------------------------------------------------------
                                  7.75   data required time
                                 -2.65   data arrival time
-----------------------------------------------------------------------------
                                  5.10   slack (MET)


Startpoint: B[6] (input port clocked by clk)
Endpoint: Sum[6] (output port clocked by clk)
Path Group: clk
Path Type: max

Fanout     Cap    Slew   Delay    Time   Description
-----------------------------------------------------------------------------
                  0.00    0.00    0.00   clock clk (rise edge)
                          0.00    0.00   clock network delay (ideal)
                          2.00    2.00 v input external delay
                  0.01    0.00    2.00 v B[6] (in)
     1    0.00                           B[6] (net)
                  0.01    0.00    2.00 v input29/A (sky130_fd_sc_hd__buf_1)
                  0.06    0.10    2.11 v input29/X (sky130_fd_sc_hd__buf_1)
     3    0.01                           net29 (net)
                  0.06    0.00    2.11 v _44_/A (sky130_fd_sc_hd__xnor2_1)
                  0.16    0.19    2.30 ^ _44_/Y (sky130_fd_sc_hd__xnor2_1)
     1    0.00                           _28_ (net)
                  0.16    0.00    2.30 ^ _45_/B (sky130_fd_sc_hd__xnor2_1)
                  0.11    0.13    2.43 ^ _45_/Y (sky130_fd_sc_hd__xnor2_1)
     1    0.00                           net77 (net)
                  0.11    0.00    2.43 ^ output77/A (sky130_fd_sc_hd__clkbuf_4)
                  0.11    0.22    2.65 ^ output77/X (sky130_fd_sc_hd__clkbuf_4)
     1    0.03                           Sum[6] (net)
                  0.11    0.00    2.65 ^ Sum[6] (out)
                                  2.65   data arrival time

                  0.00   10.00   10.00   clock clk (rise edge)
                          0.00   10.00   clock network delay (ideal)
                         -0.25    9.75   clock uncertainty
                          0.00    9.75   clock reconvergence pessimism
                         -2.00    7.75   output external delay
                                  7.75   data required time
-----------------------------------------------------------------------------
                                  7.75   data required time
                                 -2.65   data arrival time
-----------------------------------------------------------------------------
                                  5.10   slack (MET)


Startpoint: B[7] (input port clocked by clk)
Endpoint: Sum[7] (output port clocked by clk)
Path Group: clk
Path Type: max

Fanout     Cap    Slew   Delay    Time   Description
-----------------------------------------------------------------------------
                  0.00    0.00    0.00   clock clk (rise edge)
                          0.00    0.00   clock network delay (ideal)
                          2.00    2.00 v input external delay
                  0.01    0.00    2.00 v B[7] (in)
     1    0.00                           B[7] (net)
                  0.01    0.00    2.00 v input30/A (sky130_fd_sc_hd__buf_1)
                  0.06    0.10    2.11 v input30/X (sky130_fd_sc_hd__buf_1)
     3    0.01                           net30 (net)
                  0.06    0.00    2.11 v _46_/A (sky130_fd_sc_hd__xnor2_1)
                  0.16    0.19    2.30 ^ _46_/Y (sky130_fd_sc_hd__xnor2_1)
     1    0.00                           _29_ (net)
                  0.16    0.00    2.30 ^ _47_/B (sky130_fd_sc_hd__xnor2_1)
                  0.11    0.13    2.43 ^ _47_/Y (sky130_fd_sc_hd__xnor2_1)
     1    0.00                           net78 (net)
                  0.11    0.00    2.43 ^ output78/A (sky130_fd_sc_hd__clkbuf_4)
                  0.11    0.22    2.65 ^ output78/X (sky130_fd_sc_hd__clkbuf_4)
     1    0.03                           Sum[7] (net)
                  0.11    0.00    2.65 ^ Sum[7] (out)
                                  2.65   data arrival time

                  0.00   10.00   10.00   clock clk (rise edge)
                          0.00   10.00   clock network delay (ideal)
                         -0.25    9.75   clock uncertainty
                          0.00    9.75   clock reconvergence pessimism
                         -2.00    7.75   output external delay
                                  7.75   data required time
-----------------------------------------------------------------------------
                                  7.75   data required time
                                 -2.65   data arrival time
-----------------------------------------------------------------------------
                                  5.10   slack (MET)


Startpoint: B[8] (input port clocked by clk)
Endpoint: Sum[8] (output port clocked by clk)
Path Group: clk
Path Type: max

Fanout     Cap    Slew   Delay    Time   Description
-----------------------------------------------------------------------------
                  0.00    0.00    0.00   clock clk (rise edge)
                          0.00    0.00   clock network delay (ideal)
                          2.00    2.00 v input external delay
                  0.01    0.00    2.00 v B[8] (in)
     1    0.00                           B[8] (net)
                  0.01    0.00    2.00 v input31/A (sky130_fd_sc_hd__buf_1)
                  0.06    0.10    2.11 v input31/X (sky130_fd_sc_hd__buf_1)
     3    0.01                           net31 (net)
                  0.06    0.00    2.11 v _48_/A (sky130_fd_sc_hd__xnor2_1)
                  0.16    0.19    2.30 ^ _48_/Y (sky130_fd_sc_hd__xnor2_1)
     1    0.00                           _30_ (net)
                  0.16    0.00    2.30 ^ _49_/B (sky130_fd_sc_hd__xnor2_1)
                  0.11    0.13    2.43 ^ _49_/Y (sky130_fd_sc_hd__xnor2_1)
     1    0.00                           net79 (net)
                  0.11    0.00    2.43 ^ output79/A (sky130_fd_sc_hd__clkbuf_4)
                  0.11    0.22    2.65 ^ output79/X (sky130_fd_sc_hd__clkbuf_4)
     1    0.03                           Sum[8] (net)
                  0.11    0.00    2.65 ^ Sum[8] (out)
                                  2.65   data arrival time

                  0.00   10.00   10.00   clock clk (rise edge)
                          0.00   10.00   clock network delay (ideal)
                         -0.25    9.75   clock uncertainty
                          0.00    9.75   clock reconvergence pessimism
                         -2.00    7.75   output external delay
                                  7.75   data required time
-----------------------------------------------------------------------------
                                  7.75   data required time
                                 -2.65   data arrival time
-----------------------------------------------------------------------------
                                  5.10   slack (MET)


Startpoint: B[9] (input port clocked by clk)
Endpoint: Sum[9] (output port clocked by clk)
Path Group: clk
Path Type: max

Fanout     Cap    Slew   Delay    Time   Description
-----------------------------------------------------------------------------
                  0.00    0.00    0.00   clock clk (rise edge)
                          0.00    0.00   clock network delay (ideal)
                          2.00    2.00 v input external delay
                  0.01    0.00    2.00 v B[9] (in)
     1    0.00                           B[9] (net)
                  0.01    0.00    2.00 v input32/A (sky130_fd_sc_hd__buf_1)
                  0.06    0.10    2.11 v input32/X (sky130_fd_sc_hd__buf_1)
     3    0.01                           net32 (net)
                  0.06    0.00    2.11 v _50_/A (sky130_fd_sc_hd__xnor2_1)
                  0.16    0.19    2.30 ^ _50_/Y (sky130_fd_sc_hd__xnor2_1)
     1    0.00                           _31_ (net)
                  0.16    0.00    2.30 ^ _51_/B (sky130_fd_sc_hd__xnor2_1)
                  0.11    0.13    2.43 ^ _51_/Y (sky130_fd_sc_hd__xnor2_1)
     1    0.00                           net80 (net)
                  0.11    0.00    2.43 ^ output80/A (sky130_fd_sc_hd__clkbuf_4)
                  0.11    0.22    2.65 ^ output80/X (sky130_fd_sc_hd__clkbuf_4)
     1    0.03                           Sum[9] (net)
                  0.11    0.00    2.65 ^ Sum[9] (out)
                                  2.65   data arrival time

                  0.00   10.00   10.00   clock clk (rise edge)
                          0.00   10.00   clock network delay (ideal)
                         -0.25    9.75   clock uncertainty
                          0.00    9.75   clock reconvergence pessimism
                         -2.00    7.75   output external delay
                                  7.75   data required time
-----------------------------------------------------------------------------
                                  7.75   data required time
                                 -2.65   data arrival time
-----------------------------------------------------------------------------
                                  5.10   slack (MET)


Startpoint: A[12] (input port clocked by clk)
Endpoint: Carry[12] (output port clocked by clk)
Path Group: clk
Path Type: max

Fanout     Cap    Slew   Delay    Time   Description
-----------------------------------------------------------------------------
                  0.00    0.00    0.00   clock clk (rise edge)
                          0.00    0.00   clock network delay (ideal)
                          2.00    2.00 v input external delay
                  0.01    0.00    2.00 v A[12] (in)
     1    0.00                           A[12] (net)
                  0.01    0.00    2.00 v input4/A (sky130_fd_sc_hd__dlymetal6s2s_1)
                  0.06    0.15    2.15 v input4/X (sky130_fd_sc_hd__dlymetal6s2s_1)
     3    0.01                           net4 (net)
                  0.06    0.00    2.15 v _88_/A2 (sky130_fd_sc_hd__a21o_1)
                  0.03    0.18    2.34 v _88_/X (sky130_fd_sc_hd__a21o_1)
     1    0.00                           _18_ (net)
                  0.03    0.00    2.34 v _89_/B1 (sky130_fd_sc_hd__o21a_1)
                  0.03    0.09    2.43 v _89_/X (sky130_fd_sc_hd__o21a_1)
     1    0.00                           net52 (net)
                  0.03    0.00    2.43 v output52/A (sky130_fd_sc_hd__clkbuf_4)
                  0.08    0.18    2.62 v output52/X (sky130_fd_sc_hd__clkbuf_4)
     1    0.03                           Carry[12] (net)
                  0.08    0.00    2.62 v Carry[12] (out)
                                  2.62   data arrival time

                  0.00   10.00   10.00   clock clk (rise edge)
                          0.00   10.00   clock network delay (ideal)
                         -0.25    9.75   clock uncertainty
                          0.00    9.75   clock reconvergence pessimism
                         -2.00    7.75   output external delay
                                  7.75   data required time
-----------------------------------------------------------------------------
                                  7.75   data required time
                                 -2.62   data arrival time
-----------------------------------------------------------------------------
                                  5.13   slack (MET)


Startpoint: A[15] (input port clocked by clk)
Endpoint: Carry[15] (output port clocked by clk)
Path Group: clk
Path Type: max

Fanout     Cap    Slew   Delay    Time   Description
-----------------------------------------------------------------------------
                  0.00    0.00    0.00   clock clk (rise edge)
                          0.00    0.00   clock network delay (ideal)
                          2.00    2.00 v input external delay
                  0.01    0.00    2.00 v A[15] (in)
     1    0.00                           A[15] (net)
                  0.01    0.00    2.00 v input7/A (sky130_fd_sc_hd__dlymetal6s2s_1)
                  0.06    0.15    2.15 v input7/X (sky130_fd_sc_hd__dlymetal6s2s_1)
     3    0.01                           net7 (net)
                  0.06    0.00    2.15 v _94_/A2 (sky130_fd_sc_hd__a21o_1)
                  0.03    0.18    2.34 v _94_/X (sky130_fd_sc_hd__a21o_1)
     1    0.00                           _21_ (net)
                  0.03    0.00    2.34 v _95_/B1 (sky130_fd_sc_hd__o21a_1)
                  0.03    0.09    2.43 v _95_/X (sky130_fd_sc_hd__o21a_1)
     1    0.00                           net55 (net)
                  0.03    0.00    2.43 v output55/A (sky130_fd_sc_hd__clkbuf_4)
                  0.08    0.18    2.62 v output55/X (sky130_fd_sc_hd__clkbuf_4)
     1    0.03                           Carry[15] (net)
                  0.08    0.00    2.62 v Carry[15] (out)
                                  2.62   data arrival time

                  0.00   10.00   10.00   clock clk (rise edge)
                          0.00   10.00   clock network delay (ideal)
                         -0.25    9.75   clock uncertainty
                          0.00    9.75   clock reconvergence pessimism
                         -2.00    7.75   output external delay
                                  7.75   data required time
-----------------------------------------------------------------------------
                                  7.75   data required time
                                 -2.62   data arrival time
-----------------------------------------------------------------------------
                                  5.13   slack (MET)


Startpoint: A[2] (input port clocked by clk)
Endpoint: Carry[2] (output port clocked by clk)
Path Group: clk
Path Type: max

Fanout     Cap    Slew   Delay    Time   Description
-----------------------------------------------------------------------------
                  0.00    0.00    0.00   clock clk (rise edge)
                          0.00    0.00   clock network delay (ideal)
                          2.00    2.00 v input external delay
                  0.01    0.00    2.00 v A[2] (in)
     1    0.00                           A[2] (net)
                  0.01    0.00    2.00 v input9/A (sky130_fd_sc_hd__dlymetal6s2s_1)
                  0.06    0.15    2.15 v input9/X (sky130_fd_sc_hd__dlymetal6s2s_1)
     3    0.01                           net9 (net)
                  0.06    0.00    2.15 v _68_/A2 (sky130_fd_sc_hd__a21o_1)
                  0.03    0.18    2.34 v _68_/X (sky130_fd_sc_hd__a21o_1)
     1    0.00                           _08_ (net)
                  0.03    0.00    2.34 v _69_/B1 (sky130_fd_sc_hd__o21a_1)
                  0.03    0.09    2.43 v _69_/X (sky130_fd_sc_hd__o21a_1)
     1    0.00                           net57 (net)
                  0.03    0.00    2.43 v output57/A (sky130_fd_sc_hd__clkbuf_4)
                  0.08    0.18    2.62 v output57/X (sky130_fd_sc_hd__clkbuf_4)
     1    0.03                           Carry[2] (net)
                  0.08    0.00    2.62 v Carry[2] (out)
                                  2.62   data arrival time

                  0.00   10.00   10.00   clock clk (rise edge)
                          0.00   10.00   clock network delay (ideal)
                         -0.25    9.75   clock uncertainty
                          0.00    9.75   clock reconvergence pessimism
                         -2.00    7.75   output external delay
                                  7.75   data required time
-----------------------------------------------------------------------------
                                  7.75   data required time
                                 -2.62   data arrival time
-----------------------------------------------------------------------------
                                  5.13   slack (MET)


Startpoint: B[0] (input port clocked by clk)
Endpoint: Carry[0] (output port clocked by clk)
Path Group: clk
Path Type: max

Fanout     Cap    Slew   Delay    Time   Description
-----------------------------------------------------------------------------
                  0.00    0.00    0.00   clock clk (rise edge)
                          0.00    0.00   clock network delay (ideal)
                          2.00    2.00 v input external delay
                  0.01    0.00    2.00 v B[0] (in)
     1    0.00                           B[0] (net)
                  0.01    0.00    2.00 v input17/A (sky130_fd_sc_hd__dlymetal6s2s_1)
                  0.06    0.15    2.15 v input17/X (sky130_fd_sc_hd__dlymetal6s2s_1)
     3    0.01                           net17 (net)
                  0.06    0.00    2.15 v _64_/A1 (sky130_fd_sc_hd__a21o_1)
                  0.03    0.16    2.32 v _64_/X (sky130_fd_sc_hd__a21o_1)
     1    0.00                           _06_ (net)
                  0.03    0.00    2.32 v _65_/B1 (sky130_fd_sc_hd__o21a_1)
                  0.03    0.09    2.41 v _65_/X (sky130_fd_sc_hd__o21a_1)
     1    0.00                           net49 (net)
                  0.03    0.00    2.41 v output49/A (sky130_fd_sc_hd__clkbuf_4)
                  0.08    0.18    2.59 v output49/X (sky130_fd_sc_hd__clkbuf_4)
     1    0.03                           Carry[0] (net)
                  0.08    0.00    2.59 v Carry[0] (out)
                                  2.59   data arrival time

                  0.00   10.00   10.00   clock clk (rise edge)
                          0.00   10.00   clock network delay (ideal)
                         -0.25    9.75   clock uncertainty
                          0.00    9.75   clock reconvergence pessimism
                         -2.00    7.75   output external delay
                                  7.75   data required time
-----------------------------------------------------------------------------
                                  7.75   data required time
                                 -2.59   data arrival time
-----------------------------------------------------------------------------
                                  5.16   slack (MET)


Startpoint: B[14] (input port clocked by clk)
Endpoint: Carry[14] (output port clocked by clk)
Path Group: clk
Path Type: max

Fanout     Cap    Slew   Delay    Time   Description
-----------------------------------------------------------------------------
                  0.00    0.00    0.00   clock clk (rise edge)
                          0.00    0.00   clock network delay (ideal)
                          2.00    2.00 v input external delay
                  0.01    0.00    2.00 v B[14] (in)
     1    0.00                           B[14] (net)
                  0.01    0.00    2.00 v input22/A (sky130_fd_sc_hd__dlymetal6s2s_1)
                  0.06    0.15    2.15 v input22/X (sky130_fd_sc_hd__dlymetal6s2s_1)
     3    0.01                           net22 (net)
                  0.06    0.00    2.15 v _92_/A1 (sky130_fd_sc_hd__a21o_1)
                  0.03    0.16    2.32 v _92_/X (sky130_fd_sc_hd__a21o_1)
     1    0.00                           _20_ (net)
                  0.03    0.00    2.32 v _93_/B1 (sky130_fd_sc_hd__o21a_1)
                  0.03    0.09    2.41 v _93_/X (sky130_fd_sc_hd__o21a_1)
     1    0.00                           net54 (net)
                  0.03    0.00    2.41 v output54/A (sky130_fd_sc_hd__clkbuf_4)
                  0.08    0.18    2.59 v output54/X (sky130_fd_sc_hd__clkbuf_4)
     1    0.03                           Carry[14] (net)
                  0.08    0.00    2.59 v Carry[14] (out)
                                  2.59   data arrival time

                  0.00   10.00   10.00   clock clk (rise edge)
                          0.00   10.00   clock network delay (ideal)
                         -0.25    9.75   clock uncertainty
                          0.00    9.75   clock reconvergence pessimism
                         -2.00    7.75   output external delay
                                  7.75   data required time
-----------------------------------------------------------------------------
                                  7.75   data required time
                                 -2.59   data arrival time
-----------------------------------------------------------------------------
                                  5.16   slack (MET)


Startpoint: A[10] (input port clocked by clk)
Endpoint: Carry[10] (output port clocked by clk)
Path Group: clk
Path Type: max

Fanout     Cap    Slew   Delay    Time   Description
-----------------------------------------------------------------------------
                  0.00    0.00    0.00   clock clk (rise edge)
                          0.00    0.00   clock network delay (ideal)
                          2.00    2.00 v input external delay
                  0.01    0.00    2.00 v A[10] (in)
     1    0.00                           A[10] (net)
                  0.01    0.00    2.00 v input2/A (sky130_fd_sc_hd__buf_1)
                  0.06    0.11    2.11 v input2/X (sky130_fd_sc_hd__buf_1)
     3    0.01                           net2 (net)
                  0.06    0.00    2.11 v _84_/A2 (sky130_fd_sc_hd__a21o_1)
                  0.03    0.18    2.29 v _84_/X (sky130_fd_sc_hd__a21o_1)
     1    0.00                           _16_ (net)
                  0.03    0.00    2.29 v _85_/B1 (sky130_fd_sc_hd__o21a_1)
                  0.03    0.09    2.38 v _85_/X (sky130_fd_sc_hd__o21a_1)
     1    0.00                           net50 (net)
                  0.03    0.00    2.38 v output50/A (sky130_fd_sc_hd__clkbuf_4)
                  0.08    0.18    2.57 v output50/X (sky130_fd_sc_hd__clkbuf_4)
     1    0.03                           Carry[10] (net)
                  0.08    0.00    2.57 v Carry[10] (out)
                                  2.57   data arrival time

                  0.00   10.00   10.00   clock clk (rise edge)
                          0.00   10.00   clock network delay (ideal)
                         -0.25    9.75   clock uncertainty
                          0.00    9.75   clock reconvergence pessimism
                         -2.00    7.75   output external delay
                                  7.75   data required time
-----------------------------------------------------------------------------
                                  7.75   data required time
                                 -2.57   data arrival time
-----------------------------------------------------------------------------
                                  5.18   slack (MET)


Startpoint: A[11] (input port clocked by clk)
Endpoint: Carry[11] (output port clocked by clk)
Path Group: clk
Path Type: max

Fanout     Cap    Slew   Delay    Time   Description
-----------------------------------------------------------------------------
                  0.00    0.00    0.00   clock clk (rise edge)
                          0.00    0.00   clock network delay (ideal)
                          2.00    2.00 v input external delay
                  0.01    0.00    2.00 v A[11] (in)
     1    0.00                           A[11] (net)
                  0.01    0.00    2.00 v input3/A (sky130_fd_sc_hd__buf_1)
                  0.06    0.11    2.11 v input3/X (sky130_fd_sc_hd__buf_1)
     3    0.01                           net3 (net)
                  0.06    0.00    2.11 v _86_/A2 (sky130_fd_sc_hd__a21o_1)
                  0.03    0.18    2.29 v _86_/X (sky130_fd_sc_hd__a21o_1)
     1    0.00                           _17_ (net)
                  0.03    0.00    2.29 v _87_/B1 (sky130_fd_sc_hd__o21a_1)
                  0.03    0.09    2.38 v _87_/X (sky130_fd_sc_hd__o21a_1)
     1    0.00                           net51 (net)
                  0.03    0.00    2.38 v output51/A (sky130_fd_sc_hd__clkbuf_4)
                  0.08    0.18    2.57 v output51/X (sky130_fd_sc_hd__clkbuf_4)
     1    0.03                           Carry[11] (net)
                  0.08    0.00    2.57 v Carry[11] (out)
                                  2.57   data arrival time

                  0.00   10.00   10.00   clock clk (rise edge)
                          0.00   10.00   clock network delay (ideal)
                         -0.25    9.75   clock uncertainty
                          0.00    9.75   clock reconvergence pessimism
                         -2.00    7.75   output external delay
                                  7.75   data required time
-----------------------------------------------------------------------------
                                  7.75   data required time
                                 -2.57   data arrival time
-----------------------------------------------------------------------------
                                  5.18   slack (MET)


Startpoint: A[13] (input port clocked by clk)
Endpoint: Carry[13] (output port clocked by clk)
Path Group: clk
Path Type: max

Fanout     Cap    Slew   Delay    Time   Description
-----------------------------------------------------------------------------
                  0.00    0.00    0.00   clock clk (rise edge)
                          0.00    0.00   clock network delay (ideal)
                          2.00    2.00 v input external delay
                  0.01    0.00    2.00 v A[13] (in)
     1    0.00                           A[13] (net)
                  0.01    0.00    2.00 v input5/A (sky130_fd_sc_hd__buf_1)
                  0.06    0.11    2.11 v input5/X (sky130_fd_sc_hd__buf_1)
     3    0.01                           net5 (net)
                  0.06    0.00    2.11 v _90_/A2 (sky130_fd_sc_hd__a21o_1)
                  0.03    0.18    2.29 v _90_/X (sky130_fd_sc_hd__a21o_1)
     1    0.00                           _19_ (net)
                  0.03    0.00    2.29 v _91_/B1 (sky130_fd_sc_hd__o21a_1)
                  0.03    0.09    2.38 v _91_/X (sky130_fd_sc_hd__o21a_1)
     1    0.00                           net53 (net)
                  0.03    0.00    2.38 v output53/A (sky130_fd_sc_hd__clkbuf_4)
                  0.08    0.18    2.57 v output53/X (sky130_fd_sc_hd__clkbuf_4)
     1    0.03                           Carry[13] (net)
                  0.08    0.00    2.57 v Carry[13] (out)
                                  2.57   data arrival time

                  0.00   10.00   10.00   clock clk (rise edge)
                          0.00   10.00   clock network delay (ideal)
                         -0.25    9.75   clock uncertainty
                          0.00    9.75   clock reconvergence pessimism
                         -2.00    7.75   output external delay
                                  7.75   data required time
-----------------------------------------------------------------------------
                                  7.75   data required time
                                 -2.57   data arrival time
-----------------------------------------------------------------------------
                                  5.18   slack (MET)


Startpoint: A[1] (input port clocked by clk)
Endpoint: Carry[1] (output port clocked by clk)
Path Group: clk
Path Type: max

Fanout     Cap    Slew   Delay    Time   Description
-----------------------------------------------------------------------------
                  0.00    0.00    0.00   clock clk (rise edge)
                          0.00    0.00   clock network delay (ideal)
                          2.00    2.00 v input external delay
                  0.01    0.00    2.00 v A[1] (in)
     1    0.00                           A[1] (net)
                  0.01    0.00    2.00 v input8/A (sky130_fd_sc_hd__buf_1)
                  0.06    0.11    2.11 v input8/X (sky130_fd_sc_hd__buf_1)
     3    0.01                           net8 (net)
                  0.06    0.00    2.11 v _66_/A2 (sky130_fd_sc_hd__a21o_1)
                  0.03    0.18    2.29 v _66_/X (sky130_fd_sc_hd__a21o_1)
     1    0.00                           _07_ (net)
                  0.03    0.00    2.29 v _67_/B1 (sky130_fd_sc_hd__o21a_1)
                  0.03    0.09    2.38 v _67_/X (sky130_fd_sc_hd__o21a_1)
     1    0.00                           net56 (net)
                  0.03    0.00    2.38 v output56/A (sky130_fd_sc_hd__clkbuf_4)
                  0.08    0.18    2.57 v output56/X (sky130_fd_sc_hd__clkbuf_4)
     1    0.03                           Carry[1] (net)
                  0.08    0.00    2.57 v Carry[1] (out)
                                  2.57   data arrival time

                  0.00   10.00   10.00   clock clk (rise edge)
                          0.00   10.00   clock network delay (ideal)
                         -0.25    9.75   clock uncertainty
                          0.00    9.75   clock reconvergence pessimism
                         -2.00    7.75   output external delay
                                  7.75   data required time
-----------------------------------------------------------------------------
                                  7.75   data required time
                                 -2.57   data arrival time
-----------------------------------------------------------------------------
                                  5.18   slack (MET)


Startpoint: A[3] (input port clocked by clk)
Endpoint: Carry[3] (output port clocked by clk)
Path Group: clk
Path Type: max

Fanout     Cap    Slew   Delay    Time   Description
-----------------------------------------------------------------------------
                  0.00    0.00    0.00   clock clk (rise edge)
                          0.00    0.00   clock network delay (ideal)
                          2.00    2.00 v input external delay
                  0.01    0.00    2.00 v A[3] (in)
     1    0.00                           A[3] (net)
                  0.01    0.00    2.00 v input10/A (sky130_fd_sc_hd__buf_1)
                  0.06    0.11    2.11 v input10/X (sky130_fd_sc_hd__buf_1)
     3    0.01                           net10 (net)
                  0.06    0.00    2.11 v _70_/A2 (sky130_fd_sc_hd__a21o_1)
                  0.03    0.18    2.29 v _70_/X (sky130_fd_sc_hd__a21o_1)
     1    0.00                           _09_ (net)
                  0.03    0.00    2.29 v _71_/B1 (sky130_fd_sc_hd__o21a_1)
                  0.03    0.09    2.38 v _71_/X (sky130_fd_sc_hd__o21a_1)
     1    0.00                           net58 (net)
                  0.03    0.00    2.38 v output58/A (sky130_fd_sc_hd__clkbuf_4)
                  0.08    0.18    2.57 v output58/X (sky130_fd_sc_hd__clkbuf_4)
     1    0.03                           Carry[3] (net)
                  0.08    0.00    2.57 v Carry[3] (out)
                                  2.57   data arrival time

                  0.00   10.00   10.00   clock clk (rise edge)
                          0.00   10.00   clock network delay (ideal)
                         -0.25    9.75   clock uncertainty
                          0.00    9.75   clock reconvergence pessimism
                         -2.00    7.75   output external delay
                                  7.75   data required time
-----------------------------------------------------------------------------
                                  7.75   data required time
                                 -2.57   data arrival time
-----------------------------------------------------------------------------
                                  5.18   slack (MET)


Startpoint: A[4] (input port clocked by clk)
Endpoint: Carry[4] (output port clocked by clk)
Path Group: clk
Path Type: max

Fanout     Cap    Slew   Delay    Time   Description
-----------------------------------------------------------------------------
                  0.00    0.00    0.00   clock clk (rise edge)
                          0.00    0.00   clock network delay (ideal)
                          2.00    2.00 v input external delay
                  0.01    0.00    2.00 v A[4] (in)
     1    0.00                           A[4] (net)
                  0.01    0.00    2.00 v input11/A (sky130_fd_sc_hd__buf_1)
                  0.06    0.11    2.11 v input11/X (sky130_fd_sc_hd__buf_1)
     3    0.01                           net11 (net)
                  0.06    0.00    2.11 v _72_/A2 (sky130_fd_sc_hd__a21o_1)
                  0.03    0.18    2.29 v _72_/X (sky130_fd_sc_hd__a21o_1)
     1    0.00                           _10_ (net)
                  0.03    0.00    2.29 v _73_/B1 (sky130_fd_sc_hd__o21a_1)
                  0.03    0.09    2.38 v _73_/X (sky130_fd_sc_hd__o21a_1)
     1    0.00                           net59 (net)
                  0.03    0.00    2.38 v output59/A (sky130_fd_sc_hd__clkbuf_4)
                  0.08    0.18    2.57 v output59/X (sky130_fd_sc_hd__clkbuf_4)
     1    0.03                           Carry[4] (net)
                  0.08    0.00    2.57 v Carry[4] (out)
                                  2.57   data arrival time

                  0.00   10.00   10.00   clock clk (rise edge)
                          0.00   10.00   clock network delay (ideal)
                         -0.25    9.75   clock uncertainty
                          0.00    9.75   clock reconvergence pessimism
                         -2.00    7.75   output external delay
                                  7.75   data required time
-----------------------------------------------------------------------------
                                  7.75   data required time
                                 -2.57   data arrival time
-----------------------------------------------------------------------------
                                  5.18   slack (MET)


Startpoint: A[5] (input port clocked by clk)
Endpoint: Carry[5] (output port clocked by clk)
Path Group: clk
Path Type: max

Fanout     Cap    Slew   Delay    Time   Description
-----------------------------------------------------------------------------
                  0.00    0.00    0.00   clock clk (rise edge)
                          0.00    0.00   clock network delay (ideal)
                          2.00    2.00 v input external delay
                  0.01    0.00    2.00 v A[5] (in)
     1    0.00                           A[5] (net)
                  0.01    0.00    2.00 v input12/A (sky130_fd_sc_hd__buf_1)
                  0.06    0.11    2.11 v input12/X (sky130_fd_sc_hd__buf_1)
     3    0.01                           net12 (net)
                  0.06    0.00    2.11 v _74_/A2 (sky130_fd_sc_hd__a21o_1)
                  0.03    0.18    2.29 v _74_/X (sky130_fd_sc_hd__a21o_1)
     1    0.00                           _11_ (net)
                  0.03    0.00    2.29 v _75_/B1 (sky130_fd_sc_hd__o21a_1)
                  0.03    0.09    2.38 v _75_/X (sky130_fd_sc_hd__o21a_1)
     1    0.00                           net60 (net)
                  0.03    0.00    2.38 v output60/A (sky130_fd_sc_hd__clkbuf_4)
                  0.08    0.18    2.57 v output60/X (sky130_fd_sc_hd__clkbuf_4)
     1    0.03                           Carry[5] (net)
                  0.08    0.00    2.57 v Carry[5] (out)
                                  2.57   data arrival time

                  0.00   10.00   10.00   clock clk (rise edge)
                          0.00   10.00   clock network delay (ideal)
                         -0.25    9.75   clock uncertainty
                          0.00    9.75   clock reconvergence pessimism
                         -2.00    7.75   output external delay
                                  7.75   data required time
-----------------------------------------------------------------------------
                                  7.75   data required time
                                 -2.57   data arrival time
-----------------------------------------------------------------------------
                                  5.18   slack (MET)


Startpoint: A[6] (input port clocked by clk)
Endpoint: Carry[6] (output port clocked by clk)
Path Group: clk
Path Type: max

Fanout     Cap    Slew   Delay    Time   Description
-----------------------------------------------------------------------------
                  0.00    0.00    0.00   clock clk (rise edge)
                          0.00    0.00   clock network delay (ideal)
                          2.00    2.00 v input external delay
                  0.01    0.00    2.00 v A[6] (in)
     1    0.00                           A[6] (net)
                  0.01    0.00    2.00 v input13/A (sky130_fd_sc_hd__buf_1)
                  0.06    0.11    2.11 v input13/X (sky130_fd_sc_hd__buf_1)
     3    0.01                           net13 (net)
                  0.06    0.00    2.11 v _76_/A2 (sky130_fd_sc_hd__a21o_1)
                  0.03    0.18    2.29 v _76_/X (sky130_fd_sc_hd__a21o_1)
     1    0.00                           _12_ (net)
                  0.03    0.00    2.29 v _77_/B1 (sky130_fd_sc_hd__o21a_1)
                  0.03    0.09    2.38 v _77_/X (sky130_fd_sc_hd__o21a_1)
     1    0.00                           net61 (net)
                  0.03    0.00    2.38 v output61/A (sky130_fd_sc_hd__clkbuf_4)
                  0.08    0.18    2.57 v output61/X (sky130_fd_sc_hd__clkbuf_4)
     1    0.03                           Carry[6] (net)
                  0.08    0.00    2.57 v Carry[6] (out)
                                  2.57   data arrival time

                  0.00   10.00   10.00   clock clk (rise edge)
                          0.00   10.00   clock network delay (ideal)
                         -0.25    9.75   clock uncertainty
                          0.00    9.75   clock reconvergence pessimism
                         -2.00    7.75   output external delay
                                  7.75   data required time
-----------------------------------------------------------------------------
                                  7.75   data required time
                                 -2.57   data arrival time
-----------------------------------------------------------------------------
                                  5.18   slack (MET)


Startpoint: A[7] (input port clocked by clk)
Endpoint: Carry[7] (output port clocked by clk)
Path Group: clk
Path Type: max

Fanout     Cap    Slew   Delay    Time   Description
-----------------------------------------------------------------------------
                  0.00    0.00    0.00   clock clk (rise edge)
                          0.00    0.00   clock network delay (ideal)
                          2.00    2.00 v input external delay
                  0.01    0.00    2.00 v A[7] (in)
     1    0.00                           A[7] (net)
                  0.01    0.00    2.00 v input14/A (sky130_fd_sc_hd__buf_1)
                  0.06    0.11    2.11 v input14/X (sky130_fd_sc_hd__buf_1)
     3    0.01                           net14 (net)
                  0.06    0.00    2.11 v _78_/A2 (sky130_fd_sc_hd__a21o_1)
                  0.03    0.18    2.29 v _78_/X (sky130_fd_sc_hd__a21o_1)
     1    0.00                           _13_ (net)
                  0.03    0.00    2.29 v _79_/B1 (sky130_fd_sc_hd__o21a_1)
                  0.03    0.09    2.38 v _79_/X (sky130_fd_sc_hd__o21a_1)
     1    0.00                           net62 (net)
                  0.03    0.00    2.38 v output62/A (sky130_fd_sc_hd__clkbuf_4)
                  0.08    0.18    2.57 v output62/X (sky130_fd_sc_hd__clkbuf_4)
     1    0.03                           Carry[7] (net)
                  0.08    0.00    2.57 v Carry[7] (out)
                                  2.57   data arrival time

                  0.00   10.00   10.00   clock clk (rise edge)
                          0.00   10.00   clock network delay (ideal)
                         -0.25    9.75   clock uncertainty
                          0.00    9.75   clock reconvergence pessimism
                         -2.00    7.75   output external delay
                                  7.75   data required time
-----------------------------------------------------------------------------
                                  7.75   data required time
                                 -2.57   data arrival time
-----------------------------------------------------------------------------
                                  5.18   slack (MET)


Startpoint: A[8] (input port clocked by clk)
Endpoint: Carry[8] (output port clocked by clk)
Path Group: clk
Path Type: max

Fanout     Cap    Slew   Delay    Time   Description
-----------------------------------------------------------------------------
                  0.00    0.00    0.00   clock clk (rise edge)
                          0.00    0.00   clock network delay (ideal)
                          2.00    2.00 v input external delay
                  0.01    0.00    2.00 v A[8] (in)
     1    0.00                           A[8] (net)
                  0.01    0.00    2.00 v input15/A (sky130_fd_sc_hd__buf_1)
                  0.06    0.11    2.11 v input15/X (sky130_fd_sc_hd__buf_1)
     3    0.01                           net15 (net)
                  0.06    0.00    2.11 v _80_/A2 (sky130_fd_sc_hd__a21o_1)
                  0.03    0.18    2.29 v _80_/X (sky130_fd_sc_hd__a21o_1)
     1    0.00                           _14_ (net)
                  0.03    0.00    2.29 v _81_/B1 (sky130_fd_sc_hd__o21a_1)
                  0.03    0.09    2.38 v _81_/X (sky130_fd_sc_hd__o21a_1)
     1    0.00                           net63 (net)
                  0.03    0.00    2.38 v output63/A (sky130_fd_sc_hd__clkbuf_4)
                  0.08    0.18    2.57 v output63/X (sky130_fd_sc_hd__clkbuf_4)
     1    0.03                           Carry[8] (net)
                  0.08    0.00    2.57 v Carry[8] (out)
                                  2.57   data arrival time

                  0.00   10.00   10.00   clock clk (rise edge)
                          0.00   10.00   clock network delay (ideal)
                         -0.25    9.75   clock uncertainty
                          0.00    9.75   clock reconvergence pessimism
                         -2.00    7.75   output external delay
                                  7.75   data required time
-----------------------------------------------------------------------------
                                  7.75   data required time
                                 -2.57   data arrival time
-----------------------------------------------------------------------------
                                  5.18   slack (MET)


Startpoint: A[9] (input port clocked by clk)
Endpoint: Carry[9] (output port clocked by clk)
Path Group: clk
Path Type: max

Fanout     Cap    Slew   Delay    Time   Description
-----------------------------------------------------------------------------
                  0.00    0.00    0.00   clock clk (rise edge)
                          0.00    0.00   clock network delay (ideal)
                          2.00    2.00 v input external delay
                  0.01    0.00    2.00 v A[9] (in)
     1    0.00                           A[9] (net)
                  0.01    0.00    2.00 v input16/A (sky130_fd_sc_hd__buf_1)
                  0.06    0.11    2.11 v input16/X (sky130_fd_sc_hd__buf_1)
     3    0.01                           net16 (net)
                  0.06    0.00    2.11 v _82_/A2 (sky130_fd_sc_hd__a21o_1)
                  0.03    0.18    2.29 v _82_/X (sky130_fd_sc_hd__a21o_1)
     1    0.00                           _15_ (net)
                  0.03    0.00    2.29 v _83_/B1 (sky130_fd_sc_hd__o21a_1)
                  0.03    0.09    2.38 v _83_/X (sky130_fd_sc_hd__o21a_1)
     1    0.00                           net64 (net)
                  0.03    0.00    2.38 v output64/A (sky130_fd_sc_hd__clkbuf_4)
                  0.08    0.18    2.57 v output64/X (sky130_fd_sc_hd__clkbuf_4)
     1    0.03                           Carry[9] (net)
                  0.08    0.00    2.57 v Carry[9] (out)
                                  2.57   data arrival time

                  0.00   10.00   10.00   clock clk (rise edge)
                          0.00   10.00   clock network delay (ideal)
                         -0.25    9.75   clock uncertainty
                          0.00    9.75   clock reconvergence pessimism
                         -2.00    7.75   output external delay
                                  7.75   data required time
-----------------------------------------------------------------------------
                                  7.75   data required time
                                 -2.57   data arrival time
-----------------------------------------------------------------------------
                                  5.18   slack (MET)



