
===========================================================================
report_checks -path_delay min (Hold)
============================================================================
======================= Typical Corner ===================================

Startpoint: C[0] (input port clocked by clk)
Endpoint: Sum[0] (output port clocked by clk)
Path Group: clk
Path Type: min

Fanout     Cap    Slew   Delay    Time   Description
-----------------------------------------------------------------------------
                  0.00    0.00    0.00   clock clk (rise edge)
                          0.00    0.00   clock network delay (ideal)
                          2.00    2.00 ^ input external delay
                  0.02    0.01    2.01 ^ C[0] (in)
     1    0.00                           C[0] (net)
                  0.02    0.00    2.01 ^ input33/A (sky130_fd_sc_hd__buf_1)
                  0.10    0.10    2.11 ^ input33/X (sky130_fd_sc_hd__buf_1)
     2    0.01                           net33 (net)
                  0.10    0.00    2.11 ^ _33_/A (sky130_fd_sc_hd__xnor2_1)
                  0.03    0.07    2.18 v _33_/Y (sky130_fd_sc_hd__xnor2_1)
     1    0.00                           net65 (net)
                  0.03    0.00    2.18 v output65/A (sky130_fd_sc_hd__clkbuf_4)
                  0.08    0.17    2.34 v output65/X (sky130_fd_sc_hd__clkbuf_4)
     1    0.03                           Sum[0] (net)
                  0.08    0.00    2.34 v Sum[0] (out)
                                  2.34   data arrival time

                  0.00    0.00    0.00   clock clk (rise edge)
                          0.00    0.00   clock network delay (ideal)
                          0.25    0.25   clock uncertainty
                          0.00    0.25   clock reconvergence pessimism
                         -2.00   -1.75   output external delay
                                 -1.75   data required time
-----------------------------------------------------------------------------
                                 -1.75   data required time
                                 -2.34   data arrival time
-----------------------------------------------------------------------------
                                  4.09   slack (MET)


Startpoint: C[10] (input port clocked by clk)
Endpoint: Sum[10] (output port clocked by clk)
Path Group: clk
Path Type: min

Fanout     Cap    Slew   Delay    Time   Description
-----------------------------------------------------------------------------
                  0.00    0.00    0.00   clock clk (rise edge)
                          0.00    0.00   clock network delay (ideal)
                          2.00    2.00 ^ input external delay
                  0.02    0.01    2.01 ^ C[10] (in)
     1    0.00                           C[10] (net)
                  0.02    0.00    2.01 ^ input34/A (sky130_fd_sc_hd__buf_1)
                  0.10    0.10    2.11 ^ input34/X (sky130_fd_sc_hd__buf_1)
     2    0.01                           net34 (net)
                  0.10    0.00    2.11 ^ _53_/A (sky130_fd_sc_hd__xnor2_1)
                  0.03    0.07    2.18 v _53_/Y (sky130_fd_sc_hd__xnor2_1)
     1    0.00                           net66 (net)
                  0.03    0.00    2.18 v output66/A (sky130_fd_sc_hd__clkbuf_4)
                  0.08    0.17    2.34 v output66/X (sky130_fd_sc_hd__clkbuf_4)
     1    0.03                           Sum[10] (net)
                  0.08    0.00    2.34 v Sum[10] (out)
                                  2.34   data arrival time

                  0.00    0.00    0.00   clock clk (rise edge)
                          0.00    0.00   clock network delay (ideal)
                          0.25    0.25   clock uncertainty
                          0.00    0.25   clock reconvergence pessimism
                         -2.00   -1.75   output external delay
                                 -1.75   data required time
-----------------------------------------------------------------------------
                                 -1.75   data required time
                                 -2.34   data arrival time
-----------------------------------------------------------------------------
                                  4.09   slack (MET)


Startpoint: C[11] (input port clocked by clk)
Endpoint: Sum[11] (output port clocked by clk)
Path Group: clk
Path Type: min

Fanout     Cap    Slew   Delay    Time   Description
-----------------------------------------------------------------------------
                  0.00    0.00    0.00   clock clk (rise edge)
                          0.00    0.00   clock network delay (ideal)
                          2.00    2.00 ^ input external delay
                  0.02    0.01    2.01 ^ C[11] (in)
     1    0.00                           C[11] (net)
                  0.02    0.00    2.01 ^ input35/A (sky130_fd_sc_hd__buf_1)
                  0.10    0.10    2.11 ^ input35/X (sky130_fd_sc_hd__buf_1)
     2    0.01                           net35 (net)
                  0.10    0.00    2.11 ^ _55_/A (sky130_fd_sc_hd__xnor2_1)
                  0.03    0.07    2.18 v _55_/Y (sky130_fd_sc_hd__xnor2_1)
     1    0.00                           net67 (net)
                  0.03    0.00    2.18 v output67/A (sky130_fd_sc_hd__clkbuf_4)
                  0.08    0.17    2.34 v output67/X (sky130_fd_sc_hd__clkbuf_4)
     1    0.03                           Sum[11] (net)
                  0.08    0.00    2.34 v Sum[11] (out)
                                  2.34   data arrival time

                  0.00    0.00    0.00   clock clk (rise edge)
                          0.00    0.00   clock network delay (ideal)
                          0.25    0.25   clock uncertainty
                          0.00    0.25   clock reconvergence pessimism
                         -2.00   -1.75   output external delay
                                 -1.75   data required time
-----------------------------------------------------------------------------
                                 -1.75   data required time
                                 -2.34   data arrival time
-----------------------------------------------------------------------------
                                  4.09   slack (MET)


Startpoint: C[12] (input port clocked by clk)
Endpoint: Sum[12] (output port clocked by clk)
Path Group: clk
Path Type: min

Fanout     Cap    Slew   Delay    Time   Description
-----------------------------------------------------------------------------
                  0.00    0.00    0.00   clock clk (rise edge)
                          0.00    0.00   clock network delay (ideal)
                          2.00    2.00 ^ input external delay
                  0.02    0.01    2.01 ^ C[12] (in)
     1    0.00                           C[12] (net)
                  0.02    0.00    2.01 ^ input36/A (sky130_fd_sc_hd__buf_1)
                  0.10    0.10    2.11 ^ input36/X (sky130_fd_sc_hd__buf_1)
     2    0.01                           net36 (net)
                  0.10    0.00    2.11 ^ _57_/A (sky130_fd_sc_hd__xnor2_1)
                  0.03    0.07    2.18 v _57_/Y (sky130_fd_sc_hd__xnor2_1)
     1    0.00                           net68 (net)
                  0.03    0.00    2.18 v output68/A (sky130_fd_sc_hd__clkbuf_4)
                  0.08    0.17    2.34 v output68/X (sky130_fd_sc_hd__clkbuf_4)
     1    0.03                           Sum[12] (net)
                  0.08    0.00    2.34 v Sum[12] (out)
                                  2.34   data arrival time

                  0.00    0.00    0.00   clock clk (rise edge)
                          0.00    0.00   clock network delay (ideal)
                          0.25    0.25   clock uncertainty
                          0.00    0.25   clock reconvergence pessimism
                         -2.00   -1.75   output external delay
                                 -1.75   data required time
-----------------------------------------------------------------------------
                                 -1.75   data required time
                                 -2.34   data arrival time
-----------------------------------------------------------------------------
                                  4.09   slack (MET)


Startpoint: C[13] (input port clocked by clk)
Endpoint: Sum[13] (output port clocked by clk)
Path Group: clk
Path Type: min

Fanout     Cap    Slew   Delay    Time   Description
-----------------------------------------------------------------------------
                  0.00    0.00    0.00   clock clk (rise edge)
                          0.00    0.00   clock network delay (ideal)
                          2.00    2.00 ^ input external delay
                  0.02    0.01    2.01 ^ C[13] (in)
     1    0.00                           C[13] (net)
                  0.02    0.00    2.01 ^ input37/A (sky130_fd_sc_hd__buf_1)
                  0.10    0.10    2.11 ^ input37/X (sky130_fd_sc_hd__buf_1)
     2    0.01                           net37 (net)
                  0.10    0.00    2.11 ^ _59_/A (sky130_fd_sc_hd__xnor2_1)
                  0.03    0.07    2.18 v _59_/Y (sky130_fd_sc_hd__xnor2_1)
     1    0.00                           net69 (net)
                  0.03    0.00    2.18 v output69/A (sky130_fd_sc_hd__clkbuf_4)
                  0.08    0.17    2.34 v output69/X (sky130_fd_sc_hd__clkbuf_4)
     1    0.03                           Sum[13] (net)
                  0.08    0.00    2.34 v Sum[13] (out)
                                  2.34   data arrival time

                  0.00    0.00    0.00   clock clk (rise edge)
                          0.00    0.00   clock network delay (ideal)
                          0.25    0.25   clock uncertainty
                          0.00    0.25   clock reconvergence pessimism
                         -2.00   -1.75   output external delay
                                 -1.75   data required time
-----------------------------------------------------------------------------
                                 -1.75   data required time
                                 -2.34   data arrival time
-----------------------------------------------------------------------------
                                  4.09   slack (MET)


Startpoint: C[14] (input port clocked by clk)
Endpoint: Sum[14] (output port clocked by clk)
Path Group: clk
Path Type: min

Fanout     Cap    Slew   Delay    Time   Description
-----------------------------------------------------------------------------
                  0.00    0.00    0.00   clock clk (rise edge)
                          0.00    0.00   clock network delay (ideal)
                          2.00    2.00 ^ input external delay
                  0.02    0.01    2.01 ^ C[14] (in)
     1    0.00                           C[14] (net)
                  0.02    0.00    2.01 ^ input38/A (sky130_fd_sc_hd__buf_1)
                  0.10    0.10    2.11 ^ input38/X (sky130_fd_sc_hd__buf_1)
     2    0.01                           net38 (net)
                  0.10    0.00    2.11 ^ _61_/A (sky130_fd_sc_hd__xnor2_1)
                  0.03    0.07    2.18 v _61_/Y (sky130_fd_sc_hd__xnor2_1)
     1    0.00                           net70 (net)
                  0.03    0.00    2.18 v output70/A (sky130_fd_sc_hd__clkbuf_4)
                  0.08    0.17    2.34 v output70/X (sky130_fd_sc_hd__clkbuf_4)
     1    0.03                           Sum[14] (net)
                  0.08    0.00    2.34 v Sum[14] (out)
                                  2.34   data arrival time

                  0.00    0.00    0.00   clock clk (rise edge)
                          0.00    0.00   clock network delay (ideal)
                          0.25    0.25   clock uncertainty
                          0.00    0.25   clock reconvergence pessimism
                         -2.00   -1.75   output external delay
                                 -1.75   data required time
-----------------------------------------------------------------------------
                                 -1.75   data required time
                                 -2.34   data arrival time
-----------------------------------------------------------------------------
                                  4.09   slack (MET)


Startpoint: C[15] (input port clocked by clk)
Endpoint: Sum[15] (output port clocked by clk)
Path Group: clk
Path Type: min

Fanout     Cap    Slew   Delay    Time   Description
-----------------------------------------------------------------------------
                  0.00    0.00    0.00   clock clk (rise edge)
                          0.00    0.00   clock network delay (ideal)
                          2.00    2.00 ^ input external delay
                  0.02    0.01    2.01 ^ C[15] (in)
     1    0.00                           C[15] (net)
                  0.02    0.00    2.01 ^ input39/A (sky130_fd_sc_hd__buf_1)
                  0.10    0.10    2.11 ^ input39/X (sky130_fd_sc_hd__buf_1)
     2    0.01                           net39 (net)
                  0.10    0.00    2.11 ^ _63_/A (sky130_fd_sc_hd__xnor2_1)
                  0.03    0.07    2.18 v _63_/Y (sky130_fd_sc_hd__xnor2_1)
     1    0.00                           net71 (net)
                  0.03    0.00    2.18 v output71/A (sky130_fd_sc_hd__clkbuf_4)
                  0.08    0.17    2.34 v output71/X (sky130_fd_sc_hd__clkbuf_4)
     1    0.03                           Sum[15] (net)
                  0.08    0.00    2.34 v Sum[15] (out)
                                  2.34   data arrival time

                  0.00    0.00    0.00   clock clk (rise edge)
                          0.00    0.00   clock network delay (ideal)
                          0.25    0.25   clock uncertainty
                          0.00    0.25   clock reconvergence pessimism
                         -2.00   -1.75   output external delay
                                 -1.75   data required time
-----------------------------------------------------------------------------
                                 -1.75   data required time
                                 -2.34   data arrival time
-----------------------------------------------------------------------------
                                  4.09   slack (MET)


Startpoint: C[1] (input port clocked by clk)
Endpoint: Sum[1] (output port clocked by clk)
Path Group: clk
Path Type: min

Fanout     Cap    Slew   Delay    Time   Description
-----------------------------------------------------------------------------
                  0.00    0.00    0.00   clock clk (rise edge)
                          0.00    0.00   clock network delay (ideal)
                          2.00    2.00 ^ input external delay
                  0.02    0.01    2.01 ^ C[1] (in)
     1    0.00                           C[1] (net)
                  0.02    0.00    2.01 ^ input40/A (sky130_fd_sc_hd__buf_1)
                  0.10    0.10    2.11 ^ input40/X (sky130_fd_sc_hd__buf_1)
     2    0.01                           net40 (net)
                  0.10    0.00    2.11 ^ _35_/A (sky130_fd_sc_hd__xnor2_1)
                  0.03    0.07    2.18 v _35_/Y (sky130_fd_sc_hd__xnor2_1)
     1    0.00                           net72 (net)
                  0.03    0.00    2.18 v output72/A (sky130_fd_sc_hd__clkbuf_4)
                  0.08    0.17    2.34 v output72/X (sky130_fd_sc_hd__clkbuf_4)
     1    0.03                           Sum[1] (net)
                  0.08    0.00    2.34 v Sum[1] (out)
                                  2.34   data arrival time

                  0.00    0.00    0.00   clock clk (rise edge)
                          0.00    0.00   clock network delay (ideal)
                          0.25    0.25   clock uncertainty
                          0.00    0.25   clock reconvergence pessimism
                         -2.00   -1.75   output external delay
                                 -1.75   data required time
-----------------------------------------------------------------------------
                                 -1.75   data required time
                                 -2.34   data arrival time
-----------------------------------------------------------------------------
                                  4.09   slack (MET)


Startpoint: C[2] (input port clocked by clk)
Endpoint: Sum[2] (output port clocked by clk)
Path Group: clk
Path Type: min

Fanout     Cap    Slew   Delay    Time   Description
-----------------------------------------------------------------------------
                  0.00    0.00    0.00   clock clk (rise edge)
                          0.00    0.00   clock network delay (ideal)
                          2.00    2.00 ^ input external delay
                  0.02    0.01    2.01 ^ C[2] (in)
     1    0.00                           C[2] (net)
                  0.02    0.00    2.01 ^ input41/A (sky130_fd_sc_hd__buf_1)
                  0.10    0.10    2.11 ^ input41/X (sky130_fd_sc_hd__buf_1)
     2    0.01                           net41 (net)
                  0.10    0.00    2.11 ^ _37_/A (sky130_fd_sc_hd__xnor2_1)
                  0.03    0.07    2.18 v _37_/Y (sky130_fd_sc_hd__xnor2_1)
     1    0.00                           net73 (net)
                  0.03    0.00    2.18 v output73/A (sky130_fd_sc_hd__clkbuf_4)
                  0.08    0.17    2.34 v output73/X (sky130_fd_sc_hd__clkbuf_4)
     1    0.03                           Sum[2] (net)
                  0.08    0.00    2.34 v Sum[2] (out)
                                  2.34   data arrival time

                  0.00    0.00    0.00   clock clk (rise edge)
                          0.00    0.00   clock network delay (ideal)
                          0.25    0.25   clock uncertainty
                          0.00    0.25   clock reconvergence pessimism
                         -2.00   -1.75   output external delay
                                 -1.75   data required time
-----------------------------------------------------------------------------
                                 -1.75   data required time
                                 -2.34   data arrival time
-----------------------------------------------------------------------------
                                  4.09   slack (MET)


Startpoint: C[3] (input port clocked by clk)
Endpoint: Sum[3] (output port clocked by clk)
Path Group: clk
Path Type: min

Fanout     Cap    Slew   Delay    Time   Description
-----------------------------------------------------------------------------
                  0.00    0.00    0.00   clock clk (rise edge)
                          0.00    0.00   clock network delay (ideal)
                          2.00    2.00 ^ input external delay
                  0.02    0.01    2.01 ^ C[3] (in)
     1    0.00                           C[3] (net)
                  0.02    0.00    2.01 ^ input42/A (sky130_fd_sc_hd__buf_1)
                  0.10    0.10    2.11 ^ input42/X (sky130_fd_sc_hd__buf_1)
     2    0.01                           net42 (net)
                  0.10    0.00    2.11 ^ _39_/A (sky130_fd_sc_hd__xnor2_1)
                  0.03    0.07    2.18 v _39_/Y (sky130_fd_sc_hd__xnor2_1)
     1    0.00                           net74 (net)
                  0.03    0.00    2.18 v output74/A (sky130_fd_sc_hd__clkbuf_4)
                  0.08    0.17    2.34 v output74/X (sky130_fd_sc_hd__clkbuf_4)
     1    0.03                           Sum[3] (net)
                  0.08    0.00    2.34 v Sum[3] (out)
                                  2.34   data arrival time

                  0.00    0.00    0.00   clock clk (rise edge)
                          0.00    0.00   clock network delay (ideal)
                          0.25    0.25   clock uncertainty
                          0.00    0.25   clock reconvergence pessimism
                         -2.00   -1.75   output external delay
                                 -1.75   data required time
-----------------------------------------------------------------------------
                                 -1.75   data required time
                                 -2.34   data arrival time
-----------------------------------------------------------------------------
                                  4.09   slack (MET)


Startpoint: C[4] (input port clocked by clk)
Endpoint: Sum[4] (output port clocked by clk)
Path Group: clk
Path Type: min

Fanout     Cap    Slew   Delay    Time   Description
-----------------------------------------------------------------------------
                  0.00    0.00    0.00   clock clk (rise edge)
                          0.00    0.00   clock network delay (ideal)
                          2.00    2.00 ^ input external delay
                  0.02    0.01    2.01 ^ C[4] (in)
     1    0.00                           C[4] (net)
                  0.02    0.00    2.01 ^ input43/A (sky130_fd_sc_hd__buf_1)
                  0.10    0.10    2.11 ^ input43/X (sky130_fd_sc_hd__buf_1)
     2    0.01                           net43 (net)
                  0.10    0.00    2.11 ^ _41_/A (sky130_fd_sc_hd__xnor2_1)
                  0.03    0.07    2.18 v _41_/Y (sky130_fd_sc_hd__xnor2_1)
     1    0.00                           net75 (net)
                  0.03    0.00    2.18 v output75/A (sky130_fd_sc_hd__clkbuf_4)
                  0.08    0.17    2.34 v output75/X (sky130_fd_sc_hd__clkbuf_4)
     1    0.03                           Sum[4] (net)
                  0.08    0.00    2.34 v Sum[4] (out)
                                  2.34   data arrival time

                  0.00    0.00    0.00   clock clk (rise edge)
                          0.00    0.00   clock network delay (ideal)
                          0.25    0.25   clock uncertainty
                          0.00    0.25   clock reconvergence pessimism
                         -2.00   -1.75   output external delay
                                 -1.75   data required time
-----------------------------------------------------------------------------
                                 -1.75   data required time
                                 -2.34   data arrival time
-----------------------------------------------------------------------------
                                  4.09   slack (MET)


Startpoint: C[5] (input port clocked by clk)
Endpoint: Sum[5] (output port clocked by clk)
Path Group: clk
Path Type: min

Fanout     Cap    Slew   Delay    Time   Description
-----------------------------------------------------------------------------
                  0.00    0.00    0.00   clock clk (rise edge)
                          0.00    0.00   clock network delay (ideal)
                          2.00    2.00 ^ input external delay
                  0.02    0.01    2.01 ^ C[5] (in)
     1    0.00                           C[5] (net)
                  0.02    0.00    2.01 ^ input44/A (sky130_fd_sc_hd__buf_1)
                  0.10    0.10    2.11 ^ input44/X (sky130_fd_sc_hd__buf_1)
     2    0.01                           net44 (net)
                  0.10    0.00    2.11 ^ _43_/A (sky130_fd_sc_hd__xnor2_1)
                  0.03    0.07    2.18 v _43_/Y (sky130_fd_sc_hd__xnor2_1)
     1    0.00                           net76 (net)
                  0.03    0.00    2.18 v output76/A (sky130_fd_sc_hd__clkbuf_4)
                  0.08    0.17    2.34 v output76/X (sky130_fd_sc_hd__clkbuf_4)
     1    0.03                           Sum[5] (net)
                  0.08    0.00    2.34 v Sum[5] (out)
                                  2.34   data arrival time

                  0.00    0.00    0.00   clock clk (rise edge)
                          0.00    0.00   clock network delay (ideal)
                          0.25    0.25   clock uncertainty
                          0.00    0.25   clock reconvergence pessimism
                         -2.00   -1.75   output external delay
                                 -1.75   data required time
-----------------------------------------------------------------------------
                                 -1.75   data required time
                                 -2.34   data arrival time
-----------------------------------------------------------------------------
                                  4.09   slack (MET)


Startpoint: C[6] (input port clocked by clk)
Endpoint: Sum[6] (output port clocked by clk)
Path Group: clk
Path Type: min

Fanout     Cap    Slew   Delay    Time   Description
-----------------------------------------------------------------------------
                  0.00    0.00    0.00   clock clk (rise edge)
                          0.00    0.00   clock network delay (ideal)
                          2.00    2.00 ^ input external delay
                  0.02    0.01    2.01 ^ C[6] (in)
     1    0.00                           C[6] (net)
                  0.02    0.00    2.01 ^ input45/A (sky130_fd_sc_hd__buf_1)
                  0.10    0.10    2.11 ^ input45/X (sky130_fd_sc_hd__buf_1)
     2    0.01                           net45 (net)
                  0.10    0.00    2.11 ^ _45_/A (sky130_fd_sc_hd__xnor2_1)
                  0.03    0.07    2.18 v _45_/Y (sky130_fd_sc_hd__xnor2_1)
     1    0.00                           net77 (net)
                  0.03    0.00    2.18 v output77/A (sky130_fd_sc_hd__clkbuf_4)
                  0.08    0.17    2.34 v output77/X (sky130_fd_sc_hd__clkbuf_4)
     1    0.03                           Sum[6] (net)
                  0.08    0.00    2.34 v Sum[6] (out)
                                  2.34   data arrival time

                  0.00    0.00    0.00   clock clk (rise edge)
                          0.00    0.00   clock network delay (ideal)
                          0.25    0.25   clock uncertainty
                          0.00    0.25   clock reconvergence pessimism
                         -2.00   -1.75   output external delay
                                 -1.75   data required time
-----------------------------------------------------------------------------
                                 -1.75   data required time
                                 -2.34   data arrival time
-----------------------------------------------------------------------------
                                  4.09   slack (MET)


Startpoint: C[7] (input port clocked by clk)
Endpoint: Sum[7] (output port clocked by clk)
Path Group: clk
Path Type: min

Fanout     Cap    Slew   Delay    Time   Description
-----------------------------------------------------------------------------
                  0.00    0.00    0.00   clock clk (rise edge)
                          0.00    0.00   clock network delay (ideal)
                          2.00    2.00 ^ input external delay
                  0.02    0.01    2.01 ^ C[7] (in)
     1    0.00                           C[7] (net)
                  0.02    0.00    2.01 ^ input46/A (sky130_fd_sc_hd__buf_1)
                  0.10    0.10    2.11 ^ input46/X (sky130_fd_sc_hd__buf_1)
     2    0.01                           net46 (net)
                  0.10    0.00    2.11 ^ _47_/A (sky130_fd_sc_hd__xnor2_1)
                  0.03    0.07    2.18 v _47_/Y (sky130_fd_sc_hd__xnor2_1)
     1    0.00                           net78 (net)
                  0.03    0.00    2.18 v output78/A (sky130_fd_sc_hd__clkbuf_4)
                  0.08    0.17    2.34 v output78/X (sky130_fd_sc_hd__clkbuf_4)
     1    0.03                           Sum[7] (net)
                  0.08    0.00    2.34 v Sum[7] (out)
                                  2.34   data arrival time

                  0.00    0.00    0.00   clock clk (rise edge)
                          0.00    0.00   clock network delay (ideal)
                          0.25    0.25   clock uncertainty
                          0.00    0.25   clock reconvergence pessimism
                         -2.00   -1.75   output external delay
                                 -1.75   data required time
-----------------------------------------------------------------------------
                                 -1.75   data required time
                                 -2.34   data arrival time
-----------------------------------------------------------------------------
                                  4.09   slack (MET)


Startpoint: C[8] (input port clocked by clk)
Endpoint: Sum[8] (output port clocked by clk)
Path Group: clk
Path Type: min

Fanout     Cap    Slew   Delay    Time   Description
-----------------------------------------------------------------------------
                  0.00    0.00    0.00   clock clk (rise edge)
                          0.00    0.00   clock network delay (ideal)
                          2.00    2.00 ^ input external delay
                  0.02    0.01    2.01 ^ C[8] (in)
     1    0.00                           C[8] (net)
                  0.02    0.00    2.01 ^ input47/A (sky130_fd_sc_hd__buf_1)
                  0.10    0.10    2.11 ^ input47/X (sky130_fd_sc_hd__buf_1)
     2    0.01                           net47 (net)
                  0.10    0.00    2.11 ^ _49_/A (sky130_fd_sc_hd__xnor2_1)
                  0.03    0.07    2.18 v _49_/Y (sky130_fd_sc_hd__xnor2_1)
     1    0.00                           net79 (net)
                  0.03    0.00    2.18 v output79/A (sky130_fd_sc_hd__clkbuf_4)
                  0.08    0.17    2.34 v output79/X (sky130_fd_sc_hd__clkbuf_4)
     1    0.03                           Sum[8] (net)
                  0.08    0.00    2.34 v Sum[8] (out)
                                  2.34   data arrival time

                  0.00    0.00    0.00   clock clk (rise edge)
                          0.00    0.00   clock network delay (ideal)
                          0.25    0.25   clock uncertainty
                          0.00    0.25   clock reconvergence pessimism
                         -2.00   -1.75   output external delay
                                 -1.75   data required time
-----------------------------------------------------------------------------
                                 -1.75   data required time
                                 -2.34   data arrival time
-----------------------------------------------------------------------------
                                  4.09   slack (MET)


Startpoint: C[9] (input port clocked by clk)
Endpoint: Sum[9] (output port clocked by clk)
Path Group: clk
Path Type: min

Fanout     Cap    Slew   Delay    Time   Description
-----------------------------------------------------------------------------
                  0.00    0.00    0.00   clock clk (rise edge)
                          0.00    0.00   clock network delay (ideal)
                          2.00    2.00 ^ input external delay
                  0.02    0.01    2.01 ^ C[9] (in)
     1    0.00                           C[9] (net)
                  0.02    0.00    2.01 ^ input48/A (sky130_fd_sc_hd__buf_1)
                  0.10    0.10    2.11 ^ input48/X (sky130_fd_sc_hd__buf_1)
     2    0.01                           net48 (net)
                  0.10    0.00    2.11 ^ _51_/A (sky130_fd_sc_hd__xnor2_1)
                  0.03    0.07    2.18 v _51_/Y (sky130_fd_sc_hd__xnor2_1)
     1    0.00                           net80 (net)
                  0.03    0.00    2.18 v output80/A (sky130_fd_sc_hd__clkbuf_4)
                  0.08    0.17    2.34 v output80/X (sky130_fd_sc_hd__clkbuf_4)
     1    0.03                           Sum[9] (net)
                  0.08    0.00    2.34 v Sum[9] (out)
                                  2.34   data arrival time

                  0.00    0.00    0.00   clock clk (rise edge)
                          0.00    0.00   clock network delay (ideal)
                          0.25    0.25   clock uncertainty
                          0.00    0.25   clock reconvergence pessimism
                         -2.00   -1.75   output external delay
                                 -1.75   data required time
-----------------------------------------------------------------------------
                                 -1.75   data required time
                                 -2.34   data arrival time
-----------------------------------------------------------------------------
                                  4.09   slack (MET)


Startpoint: A[0] (input port clocked by clk)
Endpoint: Carry[0] (output port clocked by clk)
Path Group: clk
Path Type: min

Fanout     Cap    Slew   Delay    Time   Description
-----------------------------------------------------------------------------
                  0.00    0.00    0.00   clock clk (rise edge)
                          0.00    0.00   clock network delay (ideal)
                          2.00    2.00 ^ input external delay
                  0.02    0.01    2.01 ^ A[0] (in)
     1    0.00                           A[0] (net)
                  0.02    0.00    2.01 ^ input1/A (sky130_fd_sc_hd__buf_1)
                  0.12    0.12    2.13 ^ input1/X (sky130_fd_sc_hd__buf_1)
     3    0.01                           net1 (net)
                  0.12    0.00    2.13 ^ _65_/A2 (sky130_fd_sc_hd__o21a_1)
                  0.04    0.11    2.24 ^ _65_/X (sky130_fd_sc_hd__o21a_1)
     1    0.00                           net49 (net)
                  0.04    0.00    2.24 ^ output49/A (sky130_fd_sc_hd__clkbuf_4)
                  0.11    0.17    2.41 ^ output49/X (sky130_fd_sc_hd__clkbuf_4)
     1    0.03                           Carry[0] (net)
                  0.11    0.00    2.41 ^ Carry[0] (out)
                                  2.41   data arrival time

                  0.00    0.00    0.00   clock clk (rise edge)
                          0.00    0.00   clock network delay (ideal)
                          0.25    0.25   clock uncertainty
                          0.00    0.25   clock reconvergence pessimism
                         -2.00   -1.75   output external delay
                                 -1.75   data required time
-----------------------------------------------------------------------------
                                 -1.75   data required time
                                 -2.41   data arrival time
-----------------------------------------------------------------------------
                                  4.16   slack (MET)


Startpoint: A[10] (input port clocked by clk)
Endpoint: Carry[10] (output port clocked by clk)
Path Group: clk
Path Type: min

Fanout     Cap    Slew   Delay    Time   Description
-----------------------------------------------------------------------------
                  0.00    0.00    0.00   clock clk (rise edge)
                          0.00    0.00   clock network delay (ideal)
                          2.00    2.00 ^ input external delay
                  0.02    0.01    2.01 ^ A[10] (in)
     1    0.00                           A[10] (net)
                  0.02    0.00    2.01 ^ input2/A (sky130_fd_sc_hd__buf_1)
                  0.12    0.12    2.13 ^ input2/X (sky130_fd_sc_hd__buf_1)
     3    0.01                           net2 (net)
                  0.12    0.00    2.13 ^ _85_/A2 (sky130_fd_sc_hd__o21a_1)
                  0.04    0.11    2.24 ^ _85_/X (sky130_fd_sc_hd__o21a_1)
     1    0.00                           net50 (net)
                  0.04    0.00    2.24 ^ output50/A (sky130_fd_sc_hd__clkbuf_4)
                  0.11    0.17    2.41 ^ output50/X (sky130_fd_sc_hd__clkbuf_4)
     1    0.03                           Carry[10] (net)
                  0.11    0.00    2.41 ^ Carry[10] (out)
                                  2.41   data arrival time

                  0.00    0.00    0.00   clock clk (rise edge)
                          0.00    0.00   clock network delay (ideal)
                          0.25    0.25   clock uncertainty
                          0.00    0.25   clock reconvergence pessimism
                         -2.00   -1.75   output external delay
                                 -1.75   data required time
-----------------------------------------------------------------------------
                                 -1.75   data required time
                                 -2.41   data arrival time
-----------------------------------------------------------------------------
                                  4.16   slack (MET)


Startpoint: A[11] (input port clocked by clk)
Endpoint: Carry[11] (output port clocked by clk)
Path Group: clk
Path Type: min

Fanout     Cap    Slew   Delay    Time   Description
-----------------------------------------------------------------------------
                  0.00    0.00    0.00   clock clk (rise edge)
                          0.00    0.00   clock network delay (ideal)
                          2.00    2.00 ^ input external delay
                  0.02    0.01    2.01 ^ A[11] (in)
     1    0.00                           A[11] (net)
                  0.02    0.00    2.01 ^ input3/A (sky130_fd_sc_hd__buf_1)
                  0.12    0.12    2.13 ^ input3/X (sky130_fd_sc_hd__buf_1)
     3    0.01                           net3 (net)
                  0.12    0.00    2.13 ^ _87_/A2 (sky130_fd_sc_hd__o21a_1)
                  0.04    0.11    2.24 ^ _87_/X (sky130_fd_sc_hd__o21a_1)
     1    0.00                           net51 (net)
                  0.04    0.00    2.24 ^ output51/A (sky130_fd_sc_hd__clkbuf_4)
                  0.11    0.17    2.41 ^ output51/X (sky130_fd_sc_hd__clkbuf_4)
     1    0.03                           Carry[11] (net)
                  0.11    0.00    2.41 ^ Carry[11] (out)
                                  2.41   data arrival time

                  0.00    0.00    0.00   clock clk (rise edge)
                          0.00    0.00   clock network delay (ideal)
                          0.25    0.25   clock uncertainty
                          0.00    0.25   clock reconvergence pessimism
                         -2.00   -1.75   output external delay
                                 -1.75   data required time
-----------------------------------------------------------------------------
                                 -1.75   data required time
                                 -2.41   data arrival time
-----------------------------------------------------------------------------
                                  4.16   slack (MET)


Startpoint: A[13] (input port clocked by clk)
Endpoint: Carry[13] (output port clocked by clk)
Path Group: clk
Path Type: min

Fanout     Cap    Slew   Delay    Time   Description
-----------------------------------------------------------------------------
                  0.00    0.00    0.00   clock clk (rise edge)
                          0.00    0.00   clock network delay (ideal)
                          2.00    2.00 ^ input external delay
                  0.02    0.01    2.01 ^ A[13] (in)
     1    0.00                           A[13] (net)
                  0.02    0.00    2.01 ^ input5/A (sky130_fd_sc_hd__buf_1)
                  0.12    0.12    2.13 ^ input5/X (sky130_fd_sc_hd__buf_1)
     3    0.01                           net5 (net)
                  0.12    0.00    2.13 ^ _91_/A2 (sky130_fd_sc_hd__o21a_1)
                  0.04    0.11    2.24 ^ _91_/X (sky130_fd_sc_hd__o21a_1)
     1    0.00                           net53 (net)
                  0.04    0.00    2.24 ^ output53/A (sky130_fd_sc_hd__clkbuf_4)
                  0.11    0.17    2.41 ^ output53/X (sky130_fd_sc_hd__clkbuf_4)
     1    0.03                           Carry[13] (net)
                  0.11    0.00    2.41 ^ Carry[13] (out)
                                  2.41   data arrival time

                  0.00    0.00    0.00   clock clk (rise edge)
                          0.00    0.00   clock network delay (ideal)
                          0.25    0.25   clock uncertainty
                          0.00    0.25   clock reconvergence pessimism
                         -2.00   -1.75   output external delay
                                 -1.75   data required time
-----------------------------------------------------------------------------
                                 -1.75   data required time
                                 -2.41   data arrival time
-----------------------------------------------------------------------------
                                  4.16   slack (MET)


Startpoint: A[14] (input port clocked by clk)
Endpoint: Carry[14] (output port clocked by clk)
Path Group: clk
Path Type: min

Fanout     Cap    Slew   Delay    Time   Description
-----------------------------------------------------------------------------
                  0.00    0.00    0.00   clock clk (rise edge)
                          0.00    0.00   clock network delay (ideal)
                          2.00    2.00 ^ input external delay
                  0.02    0.01    2.01 ^ A[14] (in)
     1    0.00                           A[14] (net)
                  0.02    0.00    2.01 ^ input6/A (sky130_fd_sc_hd__buf_1)
                  0.12    0.12    2.13 ^ input6/X (sky130_fd_sc_hd__buf_1)
     3    0.01                           net6 (net)
                  0.12    0.00    2.13 ^ _93_/A2 (sky130_fd_sc_hd__o21a_1)
                  0.04    0.11    2.24 ^ _93_/X (sky130_fd_sc_hd__o21a_1)
     1    0.00                           net54 (net)
                  0.04    0.00    2.24 ^ output54/A (sky130_fd_sc_hd__clkbuf_4)
                  0.11    0.17    2.41 ^ output54/X (sky130_fd_sc_hd__clkbuf_4)
     1    0.03                           Carry[14] (net)
                  0.11    0.00    2.41 ^ Carry[14] (out)
                                  2.41   data arrival time

                  0.00    0.00    0.00   clock clk (rise edge)
                          0.00    0.00   clock network delay (ideal)
                          0.25    0.25   clock uncertainty
                          0.00    0.25   clock reconvergence pessimism
                         -2.00   -1.75   output external delay
                                 -1.75   data required time
-----------------------------------------------------------------------------
                                 -1.75   data required time
                                 -2.41   data arrival time
-----------------------------------------------------------------------------
                                  4.16   slack (MET)


Startpoint: A[1] (input port clocked by clk)
Endpoint: Carry[1] (output port clocked by clk)
Path Group: clk
Path Type: min

Fanout     Cap    Slew   Delay    Time   Description
-----------------------------------------------------------------------------
                  0.00    0.00    0.00   clock clk (rise edge)
                          0.00    0.00   clock network delay (ideal)
                          2.00    2.00 ^ input external delay
                  0.02    0.01    2.01 ^ A[1] (in)
     1    0.00                           A[1] (net)
                  0.02    0.00    2.01 ^ input8/A (sky130_fd_sc_hd__buf_1)
                  0.12    0.12    2.13 ^ input8/X (sky130_fd_sc_hd__buf_1)
     3    0.01                           net8 (net)
                  0.12    0.00    2.13 ^ _67_/A2 (sky130_fd_sc_hd__o21a_1)
                  0.04    0.11    2.24 ^ _67_/X (sky130_fd_sc_hd__o21a_1)
     1    0.00                           net56 (net)
                  0.04    0.00    2.24 ^ output56/A (sky130_fd_sc_hd__clkbuf_4)
                  0.11    0.17    2.41 ^ output56/X (sky130_fd_sc_hd__clkbuf_4)
     1    0.03                           Carry[1] (net)
                  0.11    0.00    2.41 ^ Carry[1] (out)
                                  2.41   data arrival time

                  0.00    0.00    0.00   clock clk (rise edge)
                          0.00    0.00   clock network delay (ideal)
                          0.25    0.25   clock uncertainty
                          0.00    0.25   clock reconvergence pessimism
                         -2.00   -1.75   output external delay
                                 -1.75   data required time
-----------------------------------------------------------------------------
                                 -1.75   data required time
                                 -2.41   data arrival time
-----------------------------------------------------------------------------
                                  4.16   slack (MET)


Startpoint: A[3] (input port clocked by clk)
Endpoint: Carry[3] (output port clocked by clk)
Path Group: clk
Path Type: min

Fanout     Cap    Slew   Delay    Time   Description
-----------------------------------------------------------------------------
                  0.00    0.00    0.00   clock clk (rise edge)
                          0.00    0.00   clock network delay (ideal)
                          2.00    2.00 ^ input external delay
                  0.02    0.01    2.01 ^ A[3] (in)
     1    0.00                           A[3] (net)
                  0.02    0.00    2.01 ^ input10/A (sky130_fd_sc_hd__buf_1)
                  0.12    0.12    2.13 ^ input10/X (sky130_fd_sc_hd__buf_1)
     3    0.01                           net10 (net)
                  0.12    0.00    2.13 ^ _71_/A2 (sky130_fd_sc_hd__o21a_1)
                  0.04    0.11    2.24 ^ _71_/X (sky130_fd_sc_hd__o21a_1)
     1    0.00                           net58 (net)
                  0.04    0.00    2.24 ^ output58/A (sky130_fd_sc_hd__clkbuf_4)
                  0.11    0.17    2.41 ^ output58/X (sky130_fd_sc_hd__clkbuf_4)
     1    0.03                           Carry[3] (net)
                  0.11    0.00    2.41 ^ Carry[3] (out)
                                  2.41   data arrival time

                  0.00    0.00    0.00   clock clk (rise edge)
                          0.00    0.00   clock network delay (ideal)
                          0.25    0.25   clock uncertainty
                          0.00    0.25   clock reconvergence pessimism
                         -2.00   -1.75   output external delay
                                 -1.75   data required time
-----------------------------------------------------------------------------
                                 -1.75   data required time
                                 -2.41   data arrival time
-----------------------------------------------------------------------------
                                  4.16   slack (MET)


Startpoint: A[4] (input port clocked by clk)
Endpoint: Carry[4] (output port clocked by clk)
Path Group: clk
Path Type: min

Fanout     Cap    Slew   Delay    Time   Description
-----------------------------------------------------------------------------
                  0.00    0.00    0.00   clock clk (rise edge)
                          0.00    0.00   clock network delay (ideal)
                          2.00    2.00 ^ input external delay
                  0.02    0.01    2.01 ^ A[4] (in)
     1    0.00                           A[4] (net)
                  0.02    0.00    2.01 ^ input11/A (sky130_fd_sc_hd__buf_1)
                  0.12    0.12    2.13 ^ input11/X (sky130_fd_sc_hd__buf_1)
     3    0.01                           net11 (net)
                  0.12    0.00    2.13 ^ _73_/A2 (sky130_fd_sc_hd__o21a_1)
                  0.04    0.11    2.24 ^ _73_/X (sky130_fd_sc_hd__o21a_1)
     1    0.00                           net59 (net)
                  0.04    0.00    2.24 ^ output59/A (sky130_fd_sc_hd__clkbuf_4)
                  0.11    0.17    2.41 ^ output59/X (sky130_fd_sc_hd__clkbuf_4)
     1    0.03                           Carry[4] (net)
                  0.11    0.00    2.41 ^ Carry[4] (out)
                                  2.41   data arrival time

                  0.00    0.00    0.00   clock clk (rise edge)
                          0.00    0.00   clock network delay (ideal)
                          0.25    0.25   clock uncertainty
                          0.00    0.25   clock reconvergence pessimism
                         -2.00   -1.75   output external delay
                                 -1.75   data required time
-----------------------------------------------------------------------------
                                 -1.75   data required time
                                 -2.41   data arrival time
-----------------------------------------------------------------------------
                                  4.16   slack (MET)


Startpoint: A[5] (input port clocked by clk)
Endpoint: Carry[5] (output port clocked by clk)
Path Group: clk
Path Type: min

Fanout     Cap    Slew   Delay    Time   Description
-----------------------------------------------------------------------------
                  0.00    0.00    0.00   clock clk (rise edge)
                          0.00    0.00   clock network delay (ideal)
                          2.00    2.00 ^ input external delay
                  0.02    0.01    2.01 ^ A[5] (in)
     1    0.00                           A[5] (net)
                  0.02    0.00    2.01 ^ input12/A (sky130_fd_sc_hd__buf_1)
                  0.12    0.12    2.13 ^ input12/X (sky130_fd_sc_hd__buf_1)
     3    0.01                           net12 (net)
                  0.12    0.00    2.13 ^ _75_/A2 (sky130_fd_sc_hd__o21a_1)
                  0.04    0.11    2.24 ^ _75_/X (sky130_fd_sc_hd__o21a_1)
     1    0.00                           net60 (net)
                  0.04    0.00    2.24 ^ output60/A (sky130_fd_sc_hd__clkbuf_4)
                  0.11    0.17    2.41 ^ output60/X (sky130_fd_sc_hd__clkbuf_4)
     1    0.03                           Carry[5] (net)
                  0.11    0.00    2.41 ^ Carry[5] (out)
                                  2.41   data arrival time

                  0.00    0.00    0.00   clock clk (rise edge)
                          0.00    0.00   clock network delay (ideal)
                          0.25    0.25   clock uncertainty
                          0.00    0.25   clock reconvergence pessimism
                         -2.00   -1.75   output external delay
                                 -1.75   data required time
-----------------------------------------------------------------------------
                                 -1.75   data required time
                                 -2.41   data arrival time
-----------------------------------------------------------------------------
                                  4.16   slack (MET)


Startpoint: A[6] (input port clocked by clk)
Endpoint: Carry[6] (output port clocked by clk)
Path Group: clk
Path Type: min

Fanout     Cap    Slew   Delay    Time   Description
-----------------------------------------------------------------------------
                  0.00    0.00    0.00   clock clk (rise edge)
                          0.00    0.00   clock network delay (ideal)
                          2.00    2.00 ^ input external delay
                  0.02    0.01    2.01 ^ A[6] (in)
     1    0.00                           A[6] (net)
                  0.02    0.00    2.01 ^ input13/A (sky130_fd_sc_hd__buf_1)
                  0.12    0.12    2.13 ^ input13/X (sky130_fd_sc_hd__buf_1)
     3    0.01                           net13 (net)
                  0.12    0.00    2.13 ^ _77_/A2 (sky130_fd_sc_hd__o21a_1)
                  0.04    0.11    2.24 ^ _77_/X (sky130_fd_sc_hd__o21a_1)
     1    0.00                           net61 (net)
                  0.04    0.00    2.24 ^ output61/A (sky130_fd_sc_hd__clkbuf_4)
                  0.11    0.17    2.41 ^ output61/X (sky130_fd_sc_hd__clkbuf_4)
     1    0.03                           Carry[6] (net)
                  0.11    0.00    2.41 ^ Carry[6] (out)
                                  2.41   data arrival time

                  0.00    0.00    0.00   clock clk (rise edge)
                          0.00    0.00   clock network delay (ideal)
                          0.25    0.25   clock uncertainty
                          0.00    0.25   clock reconvergence pessimism
                         -2.00   -1.75   output external delay
                                 -1.75   data required time
-----------------------------------------------------------------------------
                                 -1.75   data required time
                                 -2.41   data arrival time
-----------------------------------------------------------------------------
                                  4.16   slack (MET)


Startpoint: A[7] (input port clocked by clk)
Endpoint: Carry[7] (output port clocked by clk)
Path Group: clk
Path Type: min

Fanout     Cap    Slew   Delay    Time   Description
-----------------------------------------------------------------------------
                  0.00    0.00    0.00   clock clk (rise edge)
                          0.00    0.00   clock network delay (ideal)
                          2.00    2.00 ^ input external delay
                  0.02    0.01    2.01 ^ A[7] (in)
     1    0.00                           A[7] (net)
                  0.02    0.00    2.01 ^ input14/A (sky130_fd_sc_hd__buf_1)
                  0.12    0.12    2.13 ^ input14/X (sky130_fd_sc_hd__buf_1)
     3    0.01                           net14 (net)
                  0.12    0.00    2.13 ^ _79_/A2 (sky130_fd_sc_hd__o21a_1)
                  0.04    0.11    2.24 ^ _79_/X (sky130_fd_sc_hd__o21a_1)
     1    0.00                           net62 (net)
                  0.04    0.00    2.24 ^ output62/A (sky130_fd_sc_hd__clkbuf_4)
                  0.11    0.17    2.41 ^ output62/X (sky130_fd_sc_hd__clkbuf_4)
     1    0.03                           Carry[7] (net)
                  0.11    0.00    2.41 ^ Carry[7] (out)
                                  2.41   data arrival time

                  0.00    0.00    0.00   clock clk (rise edge)
                          0.00    0.00   clock network delay (ideal)
                          0.25    0.25   clock uncertainty
                          0.00    0.25   clock reconvergence pessimism
                         -2.00   -1.75   output external delay
                                 -1.75   data required time
-----------------------------------------------------------------------------
                                 -1.75   data required time
                                 -2.41   data arrival time
-----------------------------------------------------------------------------
                                  4.16   slack (MET)


Startpoint: A[8] (input port clocked by clk)
Endpoint: Carry[8] (output port clocked by clk)
Path Group: clk
Path Type: min

Fanout     Cap    Slew   Delay    Time   Description
-----------------------------------------------------------------------------
                  0.00    0.00    0.00   clock clk (rise edge)
                          0.00    0.00   clock network delay (ideal)
                          2.00    2.00 ^ input external delay
                  0.02    0.01    2.01 ^ A[8] (in)
     1    0.00                           A[8] (net)
                  0.02    0.00    2.01 ^ input15/A (sky130_fd_sc_hd__buf_1)
                  0.12    0.12    2.13 ^ input15/X (sky130_fd_sc_hd__buf_1)
     3    0.01                           net15 (net)
                  0.12    0.00    2.13 ^ _81_/A2 (sky130_fd_sc_hd__o21a_1)
                  0.04    0.11    2.24 ^ _81_/X (sky130_fd_sc_hd__o21a_1)
     1    0.00                           net63 (net)
                  0.04    0.00    2.24 ^ output63/A (sky130_fd_sc_hd__clkbuf_4)
                  0.11    0.17    2.41 ^ output63/X (sky130_fd_sc_hd__clkbuf_4)
     1    0.03                           Carry[8] (net)
                  0.11    0.00    2.41 ^ Carry[8] (out)
                                  2.41   data arrival time

                  0.00    0.00    0.00   clock clk (rise edge)
                          0.00    0.00   clock network delay (ideal)
                          0.25    0.25   clock uncertainty
                          0.00    0.25   clock reconvergence pessimism
                         -2.00   -1.75   output external delay
                                 -1.75   data required time
-----------------------------------------------------------------------------
                                 -1.75   data required time
                                 -2.41   data arrival time
-----------------------------------------------------------------------------
                                  4.16   slack (MET)


Startpoint: A[9] (input port clocked by clk)
Endpoint: Carry[9] (output port clocked by clk)
Path Group: clk
Path Type: min

Fanout     Cap    Slew   Delay    Time   Description
-----------------------------------------------------------------------------
                  0.00    0.00    0.00   clock clk (rise edge)
                          0.00    0.00   clock network delay (ideal)
                          2.00    2.00 ^ input external delay
                  0.02    0.01    2.01 ^ A[9] (in)
     1    0.00                           A[9] (net)
                  0.02    0.00    2.01 ^ input16/A (sky130_fd_sc_hd__buf_1)
                  0.12    0.12    2.13 ^ input16/X (sky130_fd_sc_hd__buf_1)
     3    0.01                           net16 (net)
                  0.12    0.00    2.13 ^ _83_/A2 (sky130_fd_sc_hd__o21a_1)
                  0.04    0.11    2.24 ^ _83_/X (sky130_fd_sc_hd__o21a_1)
     1    0.00                           net64 (net)
                  0.04    0.00    2.24 ^ output64/A (sky130_fd_sc_hd__clkbuf_4)
                  0.11    0.17    2.41 ^ output64/X (sky130_fd_sc_hd__clkbuf_4)
     1    0.03                           Carry[9] (net)
                  0.11    0.00    2.41 ^ Carry[9] (out)
                                  2.41   data arrival time

                  0.00    0.00    0.00   clock clk (rise edge)
                          0.00    0.00   clock network delay (ideal)
                          0.25    0.25   clock uncertainty
                          0.00    0.25   clock reconvergence pessimism
                         -2.00   -1.75   output external delay
                                 -1.75   data required time
-----------------------------------------------------------------------------
                                 -1.75   data required time
                                 -2.41   data arrival time
-----------------------------------------------------------------------------
                                  4.16   slack (MET)


Startpoint: A[12] (input port clocked by clk)
Endpoint: Carry[12] (output port clocked by clk)
Path Group: clk
Path Type: min

Fanout     Cap    Slew   Delay    Time   Description
-----------------------------------------------------------------------------
                  0.00    0.00    0.00   clock clk (rise edge)
                          0.00    0.00   clock network delay (ideal)
                          2.00    2.00 ^ input external delay
                  0.02    0.01    2.01 ^ A[12] (in)
     1    0.00                           A[12] (net)
                  0.02    0.00    2.01 ^ input4/A (sky130_fd_sc_hd__dlymetal6s2s_1)
                  0.12    0.12    2.13 ^ input4/X (sky130_fd_sc_hd__dlymetal6s2s_1)
     3    0.01                           net4 (net)
                  0.12    0.00    2.13 ^ _89_/A2 (sky130_fd_sc_hd__o21a_1)
                  0.04    0.11    2.24 ^ _89_/X (sky130_fd_sc_hd__o21a_1)
     1    0.00                           net52 (net)
                  0.04    0.00    2.24 ^ output52/A (sky130_fd_sc_hd__clkbuf_4)
                  0.11    0.17    2.41 ^ output52/X (sky130_fd_sc_hd__clkbuf_4)
     1    0.03                           Carry[12] (net)
                  0.11    0.00    2.41 ^ Carry[12] (out)
                                  2.41   data arrival time

                  0.00    0.00    0.00   clock clk (rise edge)
                          0.00    0.00   clock network delay (ideal)
                          0.25    0.25   clock uncertainty
                          0.00    0.25   clock reconvergence pessimism
                         -2.00   -1.75   output external delay
                                 -1.75   data required time
-----------------------------------------------------------------------------
                                 -1.75   data required time
                                 -2.41   data arrival time
-----------------------------------------------------------------------------
                                  4.16   slack (MET)


Startpoint: A[15] (input port clocked by clk)
Endpoint: Carry[15] (output port clocked by clk)
Path Group: clk
Path Type: min

Fanout     Cap    Slew   Delay    Time   Description
-----------------------------------------------------------------------------
                  0.00    0.00    0.00   clock clk (rise edge)
                          0.00    0.00   clock network delay (ideal)
                          2.00    2.00 ^ input external delay
                  0.02    0.01    2.01 ^ A[15] (in)
     1    0.00                           A[15] (net)
                  0.02    0.00    2.01 ^ input7/A (sky130_fd_sc_hd__dlymetal6s2s_1)
                  0.12    0.12    2.13 ^ input7/X (sky130_fd_sc_hd__dlymetal6s2s_1)
     3    0.01                           net7 (net)
                  0.12    0.00    2.13 ^ _95_/A2 (sky130_fd_sc_hd__o21a_1)
                  0.04    0.11    2.24 ^ _95_/X (sky130_fd_sc_hd__o21a_1)
     1    0.00                           net55 (net)
                  0.04    0.00    2.24 ^ output55/A (sky130_fd_sc_hd__clkbuf_4)
                  0.11    0.17    2.41 ^ output55/X (sky130_fd_sc_hd__clkbuf_4)
     1    0.03                           Carry[15] (net)
                  0.11    0.00    2.41 ^ Carry[15] (out)
                                  2.41   data arrival time

                  0.00    0.00    0.00   clock clk (rise edge)
                          0.00    0.00   clock network delay (ideal)
                          0.25    0.25   clock uncertainty
                          0.00    0.25   clock reconvergence pessimism
                         -2.00   -1.75   output external delay
                                 -1.75   data required time
-----------------------------------------------------------------------------
                                 -1.75   data required time
                                 -2.41   data arrival time
-----------------------------------------------------------------------------
                                  4.16   slack (MET)


Startpoint: A[2] (input port clocked by clk)
Endpoint: Carry[2] (output port clocked by clk)
Path Group: clk
Path Type: min

Fanout     Cap    Slew   Delay    Time   Description
-----------------------------------------------------------------------------
                  0.00    0.00    0.00   clock clk (rise edge)
                          0.00    0.00   clock network delay (ideal)
                          2.00    2.00 ^ input external delay
                  0.02    0.01    2.01 ^ A[2] (in)
     1    0.00                           A[2] (net)
                  0.02    0.00    2.01 ^ input9/A (sky130_fd_sc_hd__dlymetal6s2s_1)
                  0.12    0.12    2.13 ^ input9/X (sky130_fd_sc_hd__dlymetal6s2s_1)
     3    0.01                           net9 (net)
                  0.12    0.00    2.13 ^ _69_/A2 (sky130_fd_sc_hd__o21a_1)
                  0.04    0.11    2.24 ^ _69_/X (sky130_fd_sc_hd__o21a_1)
     1    0.00                           net57 (net)
                  0.04    0.00    2.24 ^ output57/A (sky130_fd_sc_hd__clkbuf_4)
                  0.11    0.17    2.41 ^ output57/X (sky130_fd_sc_hd__clkbuf_4)
     1    0.03                           Carry[2] (net)
                  0.11    0.00    2.41 ^ Carry[2] (out)
                                  2.41   data arrival time

                  0.00    0.00    0.00   clock clk (rise edge)
                          0.00    0.00   clock network delay (ideal)
                          0.25    0.25   clock uncertainty
                          0.00    0.25   clock reconvergence pessimism
                         -2.00   -1.75   output external delay
                                 -1.75   data required time
-----------------------------------------------------------------------------
                                 -1.75   data required time
                                 -2.41   data arrival time
-----------------------------------------------------------------------------
                                  4.16   slack (MET)



