
===========================================================================
report_checks -unconstrained
===========================================================================
======================= Typical Corner ===================================

Startpoint: A[2] (input port clocked by clk)
Endpoint: P[14] (output port clocked by clk)
Path Group: clk
Path Type: max

Fanout     Cap    Slew   Delay    Time   Description
-----------------------------------------------------------------------------
                  0.00    0.00    0.00   clock clk (rise edge)
                          0.00    0.00   clock network delay (ideal)
                          2.00    2.00 v input external delay
                  0.01    0.00    2.00 v A[2] (in)
     1    0.00                           A[2] (net)
                  0.01    0.00    2.00 v input3/A (sky130_fd_sc_hd__buf_4)
                  0.08    0.18    2.18 v input3/X (sky130_fd_sc_hd__buf_4)
    10    0.05                           net3 (net)
                  0.08    0.01    2.19 v _297_/C (sky130_fd_sc_hd__or4_4)
                  0.09    0.51    2.70 v _297_/X (sky130_fd_sc_hd__or4_4)
     1    0.01                           _231_ (net)
                  0.09    0.00    2.70 v _298_/A (sky130_fd_sc_hd__buf_6)
                  0.05    0.16    2.87 v _298_/X (sky130_fd_sc_hd__buf_6)
     7    0.04                           _232_ (net)
                  0.05    0.00    2.87 v _360_/D (sky130_fd_sc_hd__or4_4)
                  0.09    0.45    3.32 v _360_/X (sky130_fd_sc_hd__or4_4)
     3    0.01                           _014_ (net)
                  0.09    0.00    3.32 v rebuffer3/A (sky130_fd_sc_hd__clkbuf_2)
                  0.07    0.17    3.48 v rebuffer3/X (sky130_fd_sc_hd__clkbuf_2)
     1    0.02                           net38 (net)
                  0.07    0.00    3.48 v _389_/B (sky130_fd_sc_hd__xnor2_4)
                  0.13    0.20    3.69 v _389_/Y (sky130_fd_sc_hd__xnor2_4)
     8    0.04                           _042_ (net)
                  0.13    0.00    3.69 v _418_/B1 (sky130_fd_sc_hd__a221o_1)
                  0.10    0.40    4.09 v _418_/X (sky130_fd_sc_hd__a221o_1)
     2    0.01                           _070_ (net)
                  0.10    0.00    4.09 v _421_/A (sky130_fd_sc_hd__xor2_2)
                  0.07    0.22    4.31 v _421_/X (sky130_fd_sc_hd__xor2_2)
     2    0.01                           _073_ (net)
                  0.07    0.00    4.31 v _425_/A (sky130_fd_sc_hd__xnor2_2)
                  0.21    0.24    4.55 ^ _425_/Y (sky130_fd_sc_hd__xnor2_2)
     2    0.01                           _077_ (net)
                  0.21    0.00    4.55 ^ _429_/A (sky130_fd_sc_hd__xor2_2)
                  0.20    0.24    4.79 ^ _429_/X (sky130_fd_sc_hd__xor2_2)
     2    0.01                           _081_ (net)
                  0.20    0.00    4.79 ^ _432_/A (sky130_fd_sc_hd__xnor2_2)
                  0.25    0.19    4.98 ^ _432_/Y (sky130_fd_sc_hd__xnor2_2)
     3    0.02                           _084_ (net)
                  0.25    0.00    4.98 ^ _435_/A (sky130_fd_sc_hd__xnor2_2)
                  0.11    0.16    5.14 v _435_/Y (sky130_fd_sc_hd__xnor2_2)
     4    0.02                           _087_ (net)
                  0.11    0.00    5.14 v _520_/A (sky130_fd_sc_hd__nor4_1)
                  0.20    0.28    5.43 ^ _520_/Y (sky130_fd_sc_hd__nor4_1)
     1    0.00                           _168_ (net)
                  0.20    0.00    5.43 ^ wire33/A (sky130_fd_sc_hd__buf_2)
                  0.06    0.17    5.60 ^ wire33/X (sky130_fd_sc_hd__buf_2)
     1    0.01                           net33 (net)
                  0.06    0.00    5.60 ^ _524_/B1 (sky130_fd_sc_hd__a221oi_4)
                  0.09    0.08    5.68 v _524_/Y (sky130_fd_sc_hd__a221oi_4)
     3    0.02                           _172_ (net)
                  0.09    0.00    5.68 v _560_/A2 (sky130_fd_sc_hd__o31ai_4)
                  0.27    0.32    6.00 ^ _560_/Y (sky130_fd_sc_hd__o31ai_4)
     2    0.02                           _206_ (net)
                  0.27    0.00    6.00 ^ _561_/B (sky130_fd_sc_hd__xor2_2)
                  0.28    0.30    6.30 ^ _561_/X (sky130_fd_sc_hd__xor2_2)
     1    0.02                           net22 (net)
                  0.28    0.00    6.30 ^ output22/A (sky130_fd_sc_hd__buf_2)
                  0.17    0.28    6.59 ^ output22/X (sky130_fd_sc_hd__buf_2)
     1    0.03                           P[14] (net)
                  0.17    0.00    6.59 ^ P[14] (out)
                                  6.59   data arrival time

                  0.00   10.00   10.00   clock clk (rise edge)
                          0.00   10.00   clock network delay (ideal)
                         -0.25    9.75   clock uncertainty
                          0.00    9.75   clock reconvergence pessimism
                         -2.00    7.75   output external delay
                                  7.75   data required time
-----------------------------------------------------------------------------
                                  7.75   data required time
                                 -6.59   data arrival time
-----------------------------------------------------------------------------
                                  1.16   slack (MET)




===========================================================================
report_checks --slack_max -0.01
============================================================================
======================= Typical Corner ===================================

No paths found.


===========================================================================
 report_check_types -max_slew -max_cap -max_fanout -violators
============================================================================
======================= Typical Corner ===================================



===========================================================================
report_parasitic_annotation -report_unannotated
============================================================================
Found 0 unannotated drivers.
Found 0 partially unannotated drivers.

===========================================================================
max slew violation count 0
max fanout violation count 0
max cap violation count 0
============================================================================

===========================================================================
check_setup -verbose -unconstrained_endpoints -multiple_clock -no_clock -no_input_delay -loops -generated_clocks
===========================================================================
