Instance name,  X location,  Y location,  Voltage 
PHY_71, 101.04, 106.08, 1.79994
output26, 101.04, 106.08, 1.79994
PHY_67, 101.04, 100.64, 1.79995
PHY_69, 101.04, 100.64, 1.79995
PHY_63, 101.04, 95.2, 1.79995
PHY_65, 101.04, 95.2, 1.79995
output25, 101.04, 95.2, 1.79995
PHY_59, 101.04, 89.76, 1.79995
PHY_61, 101.04, 89.76, 1.79995
FILLER_0_29_205, 101.04, 89.76, 1.79995
PHY_55, 101.04, 84.32, 1.79995
PHY_57, 101.04, 84.32, 1.79995
PHY_51, 101.04, 78.88, 1.79995
PHY_53, 101.04, 78.88, 1.79995
input10, 101.04, 78.88, 1.79995
FILLER_0_25_202, 101.04, 78.88, 1.79995
PHY_47, 101.04, 73.44, 1.79995
PHY_49, 101.04, 73.44, 1.79995
FILLER_0_23_206, 101.04, 73.44, 1.79995
PHY_43, 101.04, 68, 1.79995
PHY_45, 101.04, 68, 1.79995
FILLER_0_21_202, 101.04, 68, 1.79995
PHY_39, 101.04, 62.56, 1.79995
PHY_41, 101.04, 62.56, 1.79995
input8, 101.04, 62.56, 1.79995
FILLER_0_18_202, 101.04, 62.56, 1.79995
_393_, 101.04, 57.12, 1.79995
PHY_35, 101.04, 57.12, 1.79995
PHY_37, 101.04, 57.12, 1.79995
PHY_31, 101.04, 51.68, 1.79994
PHY_33, 101.04, 51.68, 1.79994
output32, 101.04, 51.68, 1.79994
FILLER_0_15_205, 101.04, 51.68, 1.79994
PHY_27, 101.04, 46.24, 1.79995
PHY_29, 101.04, 46.24, 1.79995
FILLER_0_12_204, 101.04, 46.24, 1.79995
FILLER_0_13_207, 101.04, 46.24, 1.79995
PHY_23, 101.04, 40.8, 1.79994
PHY_25, 101.04, 40.8, 1.79994
FILLER_0_11_207, 101.04, 40.8, 1.79994
PHY_19, 101.04, 35.36, 1.79995
PHY_21, 101.04, 35.36, 1.79995
FILLER_0_9_207, 101.04, 35.36, 1.79995
PHY_15, 101.04, 29.92, 1.79993
PHY_17, 101.04, 29.92, 1.79993
output23, 101.04, 29.92, 1.79993
PHY_11, 101.04, 24.48, 1.79994
PHY_13, 101.04, 24.48, 1.79994
PHY_7, 101.04, 19.04, 1.79994
PHY_9, 101.04, 19.04, 1.79994
input16, 101.04, 19.04, 1.79994
FILLER_0_3_205, 101.04, 19.04, 1.79994
PHY_1, 101.04, 13.6, 1.79993
PHY_3, 101.04, 13.6, 1.79993
PHY_5, 101.04, 13.6, 1.79993
output19, 101.04, 13.6, 1.79993
FILLER_0_0_205, 101.04, 13.6, 1.79993
FILLER_0_1_201, 101.04, 13.6, 1.79993
input1, 94.44, 106.08, 1.79994
input14, 94.44, 106.08, 1.79994
FILLER_0_34_188, 94.44, 106.08, 1.79994
FILLER_0_35_189, 94.44, 106.08, 1.79994
FILLER_0_35_197, 94.44, 106.08, 1.79994
_313_, 94.44, 100.64, 1.79995
_314_, 94.44, 100.64, 1.79995
FILLER_0_32_189, 94.44, 100.64, 1.79995
FILLER_0_34_197, 94.44, 100.64, 1.79995
_296_, 94.44, 95.2, 1.79995
FILLER_0_30_193, 94.44, 95.2, 1.79995
FILLER_0_28_189, 94.44, 89.76, 1.79995
FILLER_0_30_197, 94.44, 89.76, 1.79995
_302_, 94.44, 84.32, 1.79995
FILLER_0_24_189, 94.44, 78.88, 1.79995
_460_, 94.44, 73.44, 1.79995
FILLER_0_22_187, 94.44, 73.44, 1.79995
FILLER_0_24_197, 94.44, 73.44, 1.79995
_364_, 94.44, 68, 1.79995
FILLER_0_20_189, 94.44, 68, 1.79995
FILLER_0_19_200, 94.44, 62.56, 1.79995
_392_, 94.44, 57.12, 1.79995
_394_, 94.44, 57.12, 1.79995
_396_, 94.44, 57.12, 1.79995
_397_, 94.44, 57.12, 1.79995
FILLER_0_16_193, 94.44, 57.12, 1.79995
FILLER_0_14_192, 94.44, 51.68, 1.79994
_566_, 94.44, 46.24, 1.79995
FILLER_0_12_188, 94.44, 46.24, 1.79995
FILLER_0_13_189, 94.44, 46.24, 1.79995
FILLER_0_13_199, 94.44, 46.24, 1.79995
FILLER_0_14_197, 94.44, 46.24, 1.79995
_550_, 94.44, 40.8, 1.79994
_563_, 94.44, 40.8, 1.79994
_567_, 94.44, 40.8, 1.79994
FILLER_0_10_192, 94.44, 40.8, 1.79994
_551_, 94.44, 35.36, 1.79995
FILLER_0_8_187, 94.44, 35.36, 1.79995
_552_, 94.44, 29.92, 1.79994
_568_, 94.44, 29.92, 1.79994
FILLER_0_7_194, 94.44, 29.92, 1.79994
_554_, 94.44, 24.48, 1.79994
_565_, 94.44, 24.48, 1.79994
FILLER_0_4_191, 94.44, 24.48, 1.79994
input7, 94.44, 13.6, 1.79994
FILLER_0_1_193, 94.44, 13.6, 1.79994
FILLER_0_2_197, 94.44, 13.6, 1.79994
FILLER_0_35_181, 87.84, 106.08, 1.79995
_278_, 87.84, 100.64, 1.79995
_315_, 87.84, 100.64, 1.79995
FILLER_0_33_175, 87.84, 100.64, 1.79995
FILLER_0_30_177, 87.84, 95.2, 1.79995
_294_, 87.84, 89.76, 1.79995
_295_, 87.84, 89.76, 1.79995
_303_, 87.84, 84.32, 1.79995
_304_, 87.84, 84.32, 1.79995
max_cap35, 87.84, 84.32, 1.79995
FILLER_0_26_172, 87.84, 84.32, 1.79995
FILLER_0_27_181, 87.84, 84.32, 1.79995
_288_, 87.84, 78.88, 1.79995
_306_, 87.84, 78.88, 1.79995
FILLER_0_25_177, 87.84, 78.88, 1.79995
_461_, 87.84, 73.44, 1.79995
_462_, 87.84, 73.44, 1.79995
_484_, 87.84, 68, 1.79995
FILLER_0_21_181, 87.84, 68, 1.79995
_398_, 87.84, 57.12, 1.79995
_546_, 87.84, 57.12, 1.79995
FILLER_0_17_175, 87.84, 57.12, 1.79995
FILLER_0_18_183, 87.84, 57.12, 1.79995
FILLER_0_16_186, 87.84, 51.68, 1.79995
_547_, 87.84, 46.24, 1.79995
_564_, 87.84, 46.24, 1.79995
rebuffer8, 87.84, 46.24, 1.79995
FILLER_0_12_174, 87.84, 46.24, 1.79995
FILLER_0_13_181, 87.84, 46.24, 1.79995
_485_, 87.84, 40.8, 1.79994
_548_, 87.84, 40.8, 1.79994
_549_, 87.84, 40.8, 1.79994
FILLER_0_9_181, 87.84, 35.36, 1.79995
FILLER_0_6_175, 87.84, 29.92, 1.79994
FILLER_0_7_186, 87.84, 29.92, 1.79994
_545_, 87.84, 24.48, 1.79994
_553_, 87.84, 24.48, 1.79994
_555_, 87.84, 19.04, 1.79994
FILLER_0_0_186, 87.84, 13.6, 1.79994
input13, 81.24, 106.08, 1.79995
FILLER_0_35_161, 81.24, 106.08, 1.79995
_310_, 81.24, 100.64, 1.79995
_311_, 81.24, 100.64, 1.79995
_312_, 81.24, 100.64, 1.79995
_300_, 81.24, 95.2, 1.79995
_301_, 81.24, 95.2, 1.79995
_293_, 81.24, 89.76, 1.79995
_336_, 81.24, 84.32, 1.79995
FILLER_0_27_162, 81.24, 84.32, 1.79995
_305_, 81.24, 78.88, 1.79995
FILLER_0_25_169, 81.24, 78.88, 1.79995
_307_, 81.24, 73.44, 1.79995
_448_, 81.24, 73.44, 1.79995
_365_, 81.24, 68, 1.79995
FILLER_0_21_162, 81.24, 68, 1.79995
FILLER_0_22_171, 81.24, 68, 1.79995
_282_, 81.24, 62.56, 1.79995
_285_, 81.24, 62.56, 1.79995
_279_, 81.24, 57.12, 1.79995
_283_, 81.24, 57.12, 1.79995
_395_, 81.24, 57.12, 1.79995
FILLER_0_17_159, 81.24, 57.12, 1.79995
_530_, 81.24, 51.68, 1.79995
FILLER_0_15_159, 81.24, 51.68, 1.79995
_443_, 81.24, 46.24, 1.79995
_531_, 81.24, 46.24, 1.79995
FILLER_0_13_161, 81.24, 46.24, 1.79995
_467_, 81.24, 40.8, 1.79995
FILLER_0_11_158, 81.24, 40.8, 1.79995
FILLER_0_11_169, 81.24, 40.8, 1.79995
FILLER_0_9_159, 81.24, 35.36, 1.79995
_532_, 81.24, 29.92, 1.79994
_544_, 81.24, 29.92, 1.79994
FILLER_0_7_165, 81.24, 29.92, 1.79994
FILLER_0_8_165, 81.24, 29.92, 1.79994
_533_, 81.24, 24.48, 1.79994
_535_, 81.24, 24.48, 1.79994
_536_, 81.24, 19.04, 1.79994
FILLER_0_3_161, 81.24, 19.04, 1.79994
input9, 81.24, 13.6, 1.79994
FILLER_0_0_159, 81.24, 13.6, 1.79994
FILLER_0_1_158, 81.24, 13.6, 1.79994
FILLER_0_2_168, 81.24, 13.6, 1.79994
_353_, 74.64, 106.08, 1.79995
FILLER_0_35_153, 74.64, 106.08, 1.79995
FILLER_0_33_154, 74.64, 100.64, 1.79995
_284_, 74.64, 95.2, 1.79995
_292_, 74.64, 89.76, 1.79995
FILLER_0_30_153, 74.64, 89.76, 1.79995
_309_, 74.64, 84.32, 1.79995
_337_, 74.64, 84.32, 1.79995
FILLER_0_26_149, 74.64, 84.32, 1.79995
FILLER_0_27_150, 74.64, 84.32, 1.79995
FILLER_0_28_153, 74.64, 84.32, 1.79995
_308_, 74.64, 78.88, 1.79995
_447_, 74.64, 73.44, 1.79995
FILLER_0_21_150, 74.64, 68, 1.79995
_390_, 74.64, 62.56, 1.79995
FILLER_0_19_150, 74.64, 62.56, 1.79995
_464_, 74.64, 51.68, 1.79995
_465_, 74.64, 51.68, 1.79995
_463_, 74.64, 46.24, 1.79995
FILLER_0_14_153, 74.64, 46.24, 1.79995
_490_, 74.64, 40.8, 1.79995
_466_, 74.64, 35.36, 1.79995
_491_, 74.64, 35.36, 1.79995
FILLER_0_9_149, 74.64, 35.36, 1.79995
_528_, 74.64, 29.92, 1.79994
FILLER_0_7_157, 74.64, 29.92, 1.79994
_529_, 74.64, 24.48, 1.79994
_534_, 74.64, 19.04, 1.79994
_556_, 74.64, 19.04, 1.79994
_543_, 74.64, 13.6, 1.79993
_557_, 74.64, 13.6, 1.79993
input6, 68.04, 106.08, 1.79995
FILLER_0_35_132, 68.04, 106.08, 1.79995
_322_, 68.04, 100.64, 1.79995
_323_, 68.04, 100.64, 1.79995
_340_, 68.04, 100.64, 1.79995
_320_, 68.04, 95.2, 1.79995
_321_, 68.04, 95.2, 1.79995
FILLER_0_30_135, 68.04, 95.2, 1.79995
FILLER_0_31_140, 68.04, 95.2, 1.79995
FILLER_0_28_130, 68.04, 89.76, 1.79995
_316_, 68.04, 84.32, 1.79995
_317_, 68.04, 84.32, 1.79995
_369_, 68.04, 84.32, 1.79995
FILLER_0_27_132, 68.04, 84.32, 1.79995
_370_, 68.04, 78.88, 1.79995
rebuffer6, 68.04, 78.88, 1.79995
FILLER_0_24_135, 68.04, 78.88, 1.79995
_404_, 68.04, 73.44, 1.79995
_422_, 68.04, 73.44, 1.79995
FILLER_0_23_143, 68.04, 73.44, 1.79995
_405_, 68.04, 68, 1.79995
FILLER_0_20_131, 68.04, 68, 1.79995
_399_, 68.04, 62.56, 1.79996
_400_, 68.04, 62.56, 1.79996
_419_, 68.04, 57.12, 1.79995
_420_, 68.04, 57.12, 1.79995
_442_, 68.04, 57.12, 1.79995
FILLER_0_16_133, 68.04, 57.12, 1.79995
FILLER_0_17_129, 68.04, 57.12, 1.79995
FILLER_0_17_137, 68.04, 57.12, 1.79995
_487_, 68.04, 51.68, 1.79995
_506_, 68.04, 51.68, 1.79995
_440_, 68.04, 46.24, 1.79995
_441_, 68.04, 46.24, 1.79995
_507_, 68.04, 46.24, 1.79995
FILLER_0_14_136, 68.04, 46.24, 1.79995
_445_, 68.04, 40.8, 1.79995
FILLER_0_10_131, 68.04, 40.8, 1.79995
FILLER_0_11_143, 68.04, 40.8, 1.79995
FILLER_0_12_136, 68.04, 40.8, 1.79995
FILLER_0_12_141, 68.04, 40.8, 1.79995
FILLER_0_10_141, 68.04, 35.36, 1.79995
_504_, 68.04, 29.92, 1.79994
FILLER_0_6_132, 68.04, 29.92, 1.79994
_508_, 68.04, 24.48, 1.79994
FILLER_0_4_133, 68.04, 24.48, 1.79994
FILLER_0_5_143, 68.04, 24.48, 1.79994
_558_, 68.04, 13.6, 1.79993
_562_, 68.04, 13.6, 1.79993
output29, 68.04, 13.6, 1.79993
FILLER_0_0_131, 68.04, 13.6, 1.79993
FILLER_0_1_142, 68.04, 13.6, 1.79993
_354_, 61.44, 106.08, 1.79994
FILLER_0_35_125, 61.44, 106.08, 1.79994
_327_, 61.44, 100.64, 1.79995
FILLER_0_33_125, 61.44, 100.64, 1.79995
_291_, 61.44, 95.2, 1.79995
FILLER_0_31_122, 61.44, 95.2, 1.79995
_290_, 61.44, 89.76, 1.79995
FILLER_0_30_127, 61.44, 89.76, 1.79995
_324_, 61.44, 84.32, 1.79995
_325_, 61.44, 84.32, 1.79995
_326_, 61.44, 84.32, 1.79995
_330_, 61.44, 84.32, 1.79995
FILLER_0_26_120, 61.44, 84.32, 1.79995
FILLER_0_26_128, 61.44, 78.88, 1.79995
FILLER_0_22_121, 61.44, 73.44, 1.79995
FILLER_0_24_128, 61.44, 73.44, 1.79995
_343_, 61.44, 68, 1.79995
_344_, 61.44, 68, 1.79995
_423_, 61.44, 68, 1.79995
FILLER_0_19_119, 61.44, 62.56, 1.79996
FILLER_0_19_127, 61.44, 62.56, 1.79996
_345_, 61.44, 57.12, 1.79996
FILLER_0_17_121, 61.44, 57.12, 1.79996
FILLER_0_18_125, 61.44, 57.12, 1.79996
_486_, 61.44, 51.68, 1.79995
FILLER_0_15_120, 61.44, 51.68, 1.79995
FILLER_0_13_125, 61.44, 46.24, 1.79995
FILLER_0_14_126, 61.44, 46.24, 1.79995
_444_, 61.44, 40.8, 1.79995
FILLER_0_12_126, 61.44, 40.8, 1.79995
FILLER_0_8_121, 61.44, 35.36, 1.79995
_488_, 61.44, 29.92, 1.79994
_505_, 61.44, 29.92, 1.79994
FILLER_0_7_126, 61.44, 29.92, 1.79994
_509_, 61.44, 24.48, 1.79994
_511_, 61.44, 24.48, 1.79994
FILLER_0_2_115, 61.44, 19.04, 1.79994
_537_, 61.44, 13.6, 1.79993
_561_, 61.44, 13.6, 1.79993
FILLER_0_2_123, 61.44, 13.6, 1.79993
output28, 54.84, 106.08, 1.79994
FILLER_0_34_102, 54.84, 106.08, 1.79994
FILLER_0_35_105, 54.84, 106.08, 1.79994
_328_, 54.84, 100.64, 1.79994
FILLER_0_33_105, 54.84, 100.64, 1.79994
FILLER_0_31_109, 54.84, 95.2, 1.79995
FILLER_0_31_113, 54.84, 95.2, 1.79995
_289_, 54.84, 89.76, 1.79995
_299_, 54.84, 89.76, 1.79995
FILLER_0_29_109, 54.84, 89.76, 1.79995
_360_, 54.84, 78.88, 1.79995
_389_, 54.84, 78.88, 1.79995
_417_, 54.84, 78.88, 1.79995
rebuffer3, 54.84, 78.88, 1.79995
_388_, 54.84, 73.44, 1.79995
FILLER_0_23_103, 54.84, 73.44, 1.79995
_410_, 54.84, 68, 1.79995
FILLER_0_20_104, 54.84, 68, 1.79995
_346_, 54.84, 62.56, 1.79996
_348_, 54.84, 62.56, 1.79996
FILLER_0_18_104, 54.84, 62.56, 1.79996
_347_, 54.84, 57.12, 1.79996
_502_, 54.84, 57.12, 1.79996
rebuffer7, 54.84, 57.12, 1.79996
FILLER_0_17_106, 54.84, 57.12, 1.79996
_493_, 54.84, 51.68, 1.79995
_494_, 54.84, 51.68, 1.79995
FILLER_0_15_106, 54.84, 51.68, 1.79995
_503_, 54.84, 46.24, 1.79995
_527_, 54.84, 46.24, 1.79995
FILLER_0_11_108, 54.84, 40.8, 1.79995
_446_, 54.84, 35.36, 1.79994
_468_, 54.84, 35.36, 1.79994
_489_, 54.84, 29.92, 1.79994
FILLER_0_7_103, 54.84, 29.92, 1.79994
_510_, 54.84, 24.48, 1.79994
_512_, 54.84, 19.04, 1.79994
_539_, 54.84, 19.04, 1.79994
FILLER_0_3_105, 54.84, 19.04, 1.79994
_526_, 54.84, 13.6, 1.79993
_538_, 54.84, 13.6, 1.79993
input4, 54.84, 13.6, 1.79993
FILLER_0_0_103, 54.84, 13.6, 1.79993
FILLER_0_1_109, 54.84, 13.6, 1.79993
_358_, 48.24, 106.08, 1.79994
FILLER_0_35_97, 48.24, 106.08, 1.79994
_329_, 48.24, 100.64, 1.79994
_569_, 48.24, 100.64, 1.79994
_297_, 48.24, 95.2, 1.79994
_319_, 48.24, 95.2, 1.79994
FILLER_0_31_93, 48.24, 95.2, 1.79994
_281_, 48.24, 89.76, 1.79995
_298_, 48.24, 89.76, 1.79995
_332_, 48.24, 89.76, 1.79995
_331_, 48.24, 84.32, 1.79995
_402_, 48.24, 84.32, 1.79995
_403_, 48.24, 84.32, 1.79995
_359_, 48.24, 78.88, 1.79995
_387_, 48.24, 78.88, 1.79995
FILLER_0_25_93, 48.24, 78.88, 1.79995
FILLER_0_24_97, 48.24, 73.44, 1.79995
_409_, 48.24, 68, 1.79995
FILLER_0_21_93, 48.24, 68, 1.79995
_391_, 48.24, 62.56, 1.79996
FILLER_0_18_92, 48.24, 62.56, 1.79996
FILLER_0_19_88, 48.24, 62.56, 1.79996
_418_, 48.24, 57.12, 1.79996
_430_, 48.24, 51.68, 1.79995
_431_, 48.24, 51.68, 1.79995
_469_, 48.24, 40.8, 1.79995
_470_, 48.24, 40.8, 1.79995
FILLER_0_12_97, 48.24, 40.8, 1.79995
_449_, 48.24, 35.36, 1.79994
FILLER_0_10_94, 48.24, 35.36, 1.79994
_492_, 48.24, 29.92, 1.79994
_495_, 48.24, 29.92, 1.79994
_515_, 48.24, 29.92, 1.79994
FILLER_0_7_92, 48.24, 29.92, 1.79994
_514_, 48.24, 24.48, 1.79994
_516_, 48.24, 19.04, 1.79994
_513_, 48.24, 13.6, 1.79993
_357_, 41.64, 106.08, 1.79994
FILLER_0_34_72, 41.64, 106.08, 1.79994
FILLER_0_35_77, 41.64, 106.08, 1.79994
_384_, 41.64, 100.64, 1.79994
_570_, 41.64, 100.64, 1.79994
_571_, 41.64, 100.64, 1.79994
FILLER_0_33_84, 41.64, 100.64, 1.79994
_318_, 41.64, 95.2, 1.79994
FILLER_0_30_74, 41.64, 95.2, 1.79994
FILLER_0_32_81, 41.64, 95.2, 1.79994
_335_, 41.64, 89.76, 1.79995
FILLER_0_28_75, 41.64, 89.76, 1.79995
_333_, 41.64, 84.32, 1.79995
_363_, 41.64, 84.32, 1.79995
FILLER_0_26_73, 41.64, 84.32, 1.79995
FILLER_0_27_82, 41.64, 84.32, 1.79995
FILLER_0_24_74, 41.64, 78.88, 1.79995
FILLER_0_25_75, 41.64, 78.88, 1.79995
FILLER_0_25_83, 41.64, 78.88, 1.79995
FILLER_0_26_81, 41.64, 78.88, 1.79995
FILLER_0_26_85, 41.64, 78.88, 1.79995
_361_, 41.64, 73.44, 1.79995
FILLER_0_22_77, 41.64, 73.44, 1.79995
_349_, 41.64, 68, 1.79995
_350_, 41.64, 68, 1.79995
_376_, 41.64, 68, 1.79995
FILLER_0_21_81, 41.64, 68, 1.79995
_287_, 41.64, 62.56, 1.79996
_375_, 41.64, 62.56, 1.79996
FILLER_0_20_80, 41.64, 62.56, 1.79996
_286_, 41.64, 57.12, 1.79995
_453_, 41.64, 51.68, 1.79995
_472_, 41.64, 51.68, 1.79995
FILLER_0_15_82, 41.64, 51.68, 1.79995
FILLER_0_16_81, 41.64, 51.68, 1.79995
_454_, 41.64, 46.24, 1.79994
_473_, 41.64, 46.24, 1.79994
FILLER_0_13_73, 41.64, 46.24, 1.79994
FILLER_0_14_80, 41.64, 46.24, 1.79994
_471_, 41.64, 40.8, 1.79994
_497_, 41.64, 35.36, 1.79994
FILLER_0_8_76, 41.64, 35.36, 1.79994
FILLER_0_6_73, 41.64, 29.92, 1.79994
FILLER_0_7_83, 41.64, 29.92, 1.79994
_496_, 41.64, 24.48, 1.79994
FILLER_0_4_78, 41.64, 24.48, 1.79994
FILLER_0_5_77, 41.64, 24.48, 1.79994
FILLER_0_6_81, 41.64, 24.48, 1.79994
FILLER_0_6_85, 41.64, 24.48, 1.79994
_517_, 41.64, 13.6, 1.79992
_518_, 41.64, 13.6, 1.79992
_540_, 41.64, 13.6, 1.79992
_559_, 41.64, 13.6, 1.79992
output24, 41.64, 13.6, 1.79992
FILLER_0_0_81, 41.64, 13.6, 1.79992
_356_, 35.04, 106.08, 1.79993
output27, 35.04, 106.08, 1.79993
_342_, 35.04, 100.64, 1.79994
_351_, 35.04, 100.64, 1.79994
_352_, 35.04, 100.64, 1.79994
_355_, 35.04, 100.64, 1.79994
FILLER_0_33_67, 35.04, 100.64, 1.79994
_338_, 35.04, 89.76, 1.79994
_339_, 35.04, 89.76, 1.79994
FILLER_0_29_57, 35.04, 89.76, 1.79994
FILLER_0_29_68, 35.04, 89.76, 1.79994
_334_, 35.04, 84.32, 1.79994
FILLER_0_27_69, 35.04, 84.32, 1.79994
_367_, 35.04, 78.88, 1.79995
_372_, 35.04, 78.88, 1.79995
_362_, 35.04, 73.44, 1.79995
_366_, 35.04, 73.44, 1.79995
_368_, 35.04, 73.44, 1.79995
FILLER_0_23_57, 35.04, 73.44, 1.79995
_424_, 35.04, 68, 1.79995
FILLER_0_21_57, 35.04, 68, 1.79995
FILLER_0_21_67, 35.04, 68, 1.79995
_450_, 35.04, 62.56, 1.79995
_425_, 35.04, 57.12, 1.79995
FILLER_0_18_69, 35.04, 57.12, 1.79995
FILLER_0_15_69, 35.04, 51.68, 1.79995
_455_, 35.04, 46.24, 1.79994
_475_, 35.04, 46.24, 1.79994
FILLER_0_14_69, 35.04, 46.24, 1.79994
_476_, 35.04, 40.8, 1.79994
rebuffer4, 35.04, 40.8, 1.79994
FILLER_0_11_69, 35.04, 40.8, 1.79994
_474_, 35.04, 35.36, 1.79994
_499_, 35.04, 35.36, 1.79994
_522_, 35.04, 35.36, 1.79994
FILLER_0_9_63, 35.04, 35.36, 1.79994
FILLER_0_10_65, 35.04, 35.36, 1.79994
_498_, 35.04, 29.92, 1.79993
_521_, 35.04, 29.92, 1.79993
_523_, 35.04, 29.92, 1.79993
FILLER_0_7_63, 35.04, 29.92, 1.79993
FILLER_0_5_69, 35.04, 24.48, 1.79994
_541_, 35.04, 19.04, 1.79994
_542_, 35.04, 13.6, 1.79992
_560_, 35.04, 13.6, 1.79992
FILLER_0_1_64, 35.04, 13.6, 1.79992
FILLER_0_35_48, 28.44, 106.08, 1.79993
_380_, 28.44, 100.64, 1.79994
FILLER_0_33_51, 28.44, 100.64, 1.79994
FILLER_0_34_53, 28.44, 100.64, 1.79994
_341_, 28.44, 95.2, 1.79994
FILLER_0_31_51, 28.44, 95.2, 1.79994
FILLER_0_32_53, 28.44, 95.2, 1.79994
_374_, 28.44, 84.32, 1.79994
FILLER_0_27_53, 28.44, 84.32, 1.79994
FILLER_0_28_53, 28.44, 84.32, 1.79994
_371_, 28.44, 78.88, 1.79995
_407_, 28.44, 78.88, 1.79995
FILLER_0_23_53, 28.44, 73.44, 1.79995
FILLER_0_24_52, 28.44, 73.44, 1.79995
_426_, 28.44, 68, 1.79995
_421_, 28.44, 57.12, 1.79994
_451_, 28.44, 57.12, 1.79994
FILLER_0_15_48, 28.44, 51.68, 1.79994
_452_, 28.44, 46.24, 1.79994
FILLER_0_13_46, 28.44, 46.24, 1.79994
_477_, 28.44, 40.8, 1.79994
FILLER_0_11_51, 28.44, 40.8, 1.79994
_478_, 28.44, 35.36, 1.79993
_500_, 28.44, 29.92, 1.79993
FILLER_0_7_51, 28.44, 29.92, 1.79993
FILLER_0_8_54, 28.44, 29.92, 1.79993
_501_, 28.44, 24.48, 1.79993
FILLER_0_5_51, 28.44, 24.48, 1.79993
FILLER_0_6_53, 28.44, 24.48, 1.79993
_525_, 28.44, 19.04, 1.79994
FILLER_0_3_51, 28.44, 19.04, 1.79994
output21, 28.44, 13.6, 1.79992
FILLER_0_0_49, 28.44, 13.6, 1.79992
input5, 21.84, 106.08, 1.79992
FILLER_0_35_29, 21.84, 106.08, 1.79992
FILLER_0_33_39, 21.84, 100.64, 1.79993
_382_, 21.84, 95.2, 1.79994
FILLER_0_30_29, 21.84, 95.2, 1.79994
_383_, 21.84, 89.76, 1.79993
_385_, 21.84, 89.76, 1.79993
FILLER_0_28_29, 21.84, 89.76, 1.79993
FILLER_0_29_31, 21.84, 89.76, 1.79993
_378_, 21.84, 84.32, 1.79993
_379_, 21.84, 84.32, 1.79993
FILLER_0_27_28, 21.84, 84.32, 1.79993
_373_, 21.84, 78.88, 1.79995
rebuffer1, 21.84, 78.88, 1.79995
FILLER_0_26_38, 21.84, 78.88, 1.79995
_377_, 21.84, 73.44, 1.79995
FILLER_0_23_27, 21.84, 73.44, 1.79995
FILLER_0_23_35, 21.84, 73.44, 1.79995
FILLER_0_24_41, 21.84, 73.44, 1.79995
_401_, 21.84, 68, 1.79995
_406_, 21.84, 68, 1.79995
FILLER_0_20_29, 21.84, 68, 1.79995
FILLER_0_21_33, 21.84, 68, 1.79995
_427_, 21.84, 62.56, 1.79995
_428_, 21.84, 62.56, 1.79995
_429_, 21.84, 57.12, 1.79993
_432_, 21.84, 57.12, 1.79993
_438_, 21.84, 57.12, 1.79993
FILLER_0_16_29, 21.84, 57.12, 1.79993
FILLER_0_18_41, 21.84, 57.12, 1.79993
_439_, 21.84, 51.68, 1.79993
_458_, 21.84, 51.68, 1.79993
FILLER_0_15_27, 21.84, 51.68, 1.79993
_459_, 21.84, 46.24, 1.79993
_519_, 21.84, 35.36, 1.79993
_524_, 21.84, 35.36, 1.79993
FILLER_0_9_31, 21.84, 35.36, 1.79993
FILLER_0_9_37, 21.84, 35.36, 1.79993
wire33, 21.84, 29.92, 1.79993
FILLER_0_7_29, 21.84, 29.92, 1.79993
FILLER_0_4_41, 21.84, 19.04, 1.79994
PHY_68, 5.52, 106.08, 1.79986
PHY_70, 5.52, 106.08, 1.79986
output31, 5.52, 106.08, 1.79986
output22, 13.68, 106.08, 1.79988
PHY_64, 5.52, 100.64, 1.79989
PHY_66, 5.52, 100.64, 1.79989
output18, 5.52, 100.64, 1.79989
FILLER_0_34_21, 13.68, 100.64, 1.79991
PHY_60, 5.52, 95.2, 1.79994
PHY_62, 5.52, 95.2, 1.79994
PHY_56, 5.52, 89.76, 1.79992
PHY_58, 5.52, 89.76, 1.79992
input2, 5.52, 89.76, 1.79992
_415_, 13.68, 89.76, 1.79992
max_cap34, 13.68, 89.76, 1.79992
FILLER_0_28_16, 13.68, 89.76, 1.79992
_414_, 5.52, 84.32, 1.7999
_416_, 5.52, 84.32, 1.7999
PHY_52, 5.52, 84.32, 1.7999
PHY_54, 5.52, 84.32, 1.7999
FILLER_0_28_3, 5.52, 84.32, 1.7999
_381_, 13.68, 84.32, 1.79991
_412_, 13.68, 84.32, 1.79991
_413_, 13.68, 84.32, 1.79991
_436_, 13.68, 84.32, 1.79991
FILLER_0_28_24, 13.68, 84.32, 1.79991
PHY_48, 5.52, 78.88, 1.79994
PHY_50, 5.52, 78.88, 1.79994
FILLER_0_26_3, 5.52, 78.88, 1.79994
_386_, 13.68, 78.88, 1.79994
rebuffer2, 13.68, 78.88, 1.79994
FILLER_0_25_15, 13.68, 78.88, 1.79994
FILLER_0_26_20, 13.68, 78.88, 1.79994
PHY_44, 5.52, 73.44, 1.79994
PHY_46, 5.52, 73.44, 1.79994
_408_, 13.68, 73.44, 1.79994
_411_, 13.68, 73.44, 1.79994
PHY_40, 5.52, 68, 1.79994
PHY_42, 5.52, 68, 1.79994
input15, 5.52, 68, 1.79994
FILLER_0_21_3, 5.52, 68, 1.79994
_433_, 13.68, 68, 1.79994
_434_, 13.68, 68, 1.79994
FILLER_0_21_25, 13.68, 68, 1.79994
FILLER_0_22_23, 13.68, 68, 1.79994
PHY_36, 5.52, 62.56, 1.79995
PHY_38, 5.52, 62.56, 1.79995
_435_, 5.52, 57.12, 1.7999
_437_, 5.52, 57.12, 1.7999
PHY_32, 5.52, 57.12, 1.7999
PHY_34, 5.52, 57.12, 1.7999
FILLER_0_17_3, 5.52, 57.12, 1.7999
FILLER_0_18_3, 5.52, 57.12, 1.7999
FILLER_0_17_19, 13.68, 57.12, 1.79992
FILLER_0_18_25, 13.68, 57.12, 1.79992
PHY_28, 5.52, 51.68, 1.7999
PHY_30, 5.52, 51.68, 1.7999
output30, 5.52, 51.68, 1.7999
_481_, 13.68, 51.68, 1.79991
FILLER_0_16_21, 13.68, 51.68, 1.79991
_280_, 5.52, 46.24, 1.79991
PHY_24, 5.52, 46.24, 1.79991
PHY_26, 5.52, 46.24, 1.79991
FILLER_0_13_3, 5.52, 46.24, 1.79991
FILLER_0_14_3, 5.52, 46.24, 1.79991
_456_, 13.68, 46.24, 1.79991
_457_, 13.68, 46.24, 1.79991
_480_, 13.68, 46.24, 1.79991
rebuffer5, 13.68, 46.24, 1.79991
FILLER_0_14_18, 13.68, 46.24, 1.79991
FILLER_0_14_25, 13.68, 46.24, 1.79991
PHY_20, 5.52, 40.8, 1.79994
PHY_22, 5.52, 40.8, 1.79994
output17, 5.52, 40.8, 1.79994
FILLER_0_12_23, 13.68, 40.8, 1.79994
PHY_16, 5.52, 35.36, 1.79993
PHY_18, 5.52, 35.36, 1.79993
_479_, 13.68, 35.36, 1.79993
_482_, 13.68, 35.36, 1.79993
PHY_12, 5.52, 29.92, 1.79992
PHY_14, 5.52, 29.92, 1.79992
_483_, 13.68, 29.92, 1.79992
_520_, 13.68, 29.92, 1.79992
FILLER_0_7_15, 13.68, 29.92, 1.79992
PHY_8, 5.52, 24.48, 1.79993
PHY_10, 5.52, 24.48, 1.79993
input3, 5.52, 24.48, 1.79993
FILLER_0_6_21, 13.68, 24.48, 1.79993
PHY_4, 5.52, 19.04, 1.79994
PHY_6, 5.52, 19.04, 1.79994
PHY_0, 5.52, 13.6, 1.79989
PHY_2, 5.52, 13.6, 1.79989
input11, 5.52, 13.6, 1.79989
input12, 5.52, 13.6, 1.79989
FILLER_0_0_7, 5.52, 13.6, 1.79989
output20, 13.68, 13.6, 1.7999
FILLER_0_0_21, 13.68, 13.6, 1.7999

