Instance name,  X location,  Y location,  Voltage 
input1, 97.74, 108.8, 5.49943e-05
FILLER_0_35_197, 97.74, 108.8, 5.49943e-05
_314_, 97.74, 103.36, 5.9269e-05
output26, 97.74, 103.36, 5.9269e-05
FILLER_0_34_197, 97.74, 103.36, 5.9269e-05
output25, 97.74, 92.48, 5.59953e-05
FILLER_0_30_197, 97.74, 92.48, 5.59953e-05
FILLER_0_29_205, 97.74, 87.04, 5.30293e-05
input10, 97.74, 76.16, 5.26304e-05
FILLER_0_24_197, 97.74, 76.16, 5.26304e-05
FILLER_0_25_202, 97.74, 76.16, 5.26304e-05
FILLER_0_23_206, 97.74, 70.72, 5.10761e-05
FILLER_0_19_200, 97.74, 65.28, 5.04824e-05
FILLER_0_21_202, 97.74, 65.28, 5.04824e-05
_392_, 97.74, 59.84, 5.26987e-05
_396_, 97.74, 59.84, 5.26987e-05
input8, 97.74, 59.84, 5.26987e-05
FILLER_0_18_202, 97.74, 59.84, 5.26987e-05
_393_, 97.74, 54.4, 5.24489e-05
output32, 97.74, 48.96, 6.4816e-05
FILLER_0_13_199, 97.74, 48.96, 6.4816e-05
FILLER_0_14_197, 97.74, 48.96, 6.4816e-05
FILLER_0_15_205, 97.74, 48.96, 6.4816e-05
_567_, 97.74, 43.52, 5.70915e-05
FILLER_0_12_204, 97.74, 43.52, 5.70915e-05
_568_, 97.74, 32.64, 5.8358e-05
FILLER_0_7_194, 97.74, 32.64, 5.8358e-05
output23, 97.74, 27.2, 7.05094e-05
FILLER_0_2_197, 97.74, 16.32, 5.97244e-05
FILLER_0_3_205, 97.74, 16.32, 5.97244e-05
input7, 97.74, 10.88, 7.35321e-05
output19, 97.74, 10.88, 7.35321e-05
FILLER_0_0_205, 97.74, 10.88, 7.35321e-05
FILLER_0_1_201, 97.74, 10.88, 7.35321e-05
FILLER_0_35_181, 91.14, 108.8, 5.41387e-05
_278_, 91.14, 103.36, 5.82281e-05
_315_, 91.14, 103.36, 5.82281e-05
input14, 91.14, 103.36, 5.82281e-05
FILLER_0_34_188, 91.14, 103.36, 5.82281e-05
FILLER_0_35_189, 91.14, 103.36, 5.82281e-05
_313_, 91.14, 97.92, 5.35063e-05
FILLER_0_32_189, 91.14, 97.92, 5.35063e-05
_294_, 91.14, 92.48, 5.5082e-05
_295_, 91.14, 92.48, 5.5082e-05
_296_, 91.14, 92.48, 5.5082e-05
FILLER_0_30_193, 91.14, 92.48, 5.5082e-05
_303_, 91.14, 87.04, 5.35935e-05
FILLER_0_27_181, 91.14, 87.04, 5.35935e-05
FILLER_0_28_189, 91.14, 87.04, 5.35935e-05
_288_, 91.14, 81.6, 5.3435e-05
_302_, 91.14, 81.6, 5.3435e-05
_306_, 91.14, 81.6, 5.3435e-05
_461_, 91.14, 76.16, 5.19343e-05
FILLER_0_24_189, 91.14, 76.16, 5.19343e-05
_460_, 91.14, 70.72, 5.14637e-05
_484_, 91.14, 70.72, 5.14637e-05
FILLER_0_21_181, 91.14, 70.72, 5.14637e-05
FILLER_0_22_187, 91.14, 70.72, 5.14637e-05
_364_, 91.14, 65.28, 5.068e-05
FILLER_0_20_189, 91.14, 65.28, 5.068e-05
_398_, 91.14, 59.84, 5.20798e-05
_546_, 91.14, 59.84, 5.20798e-05
FILLER_0_18_183, 91.14, 59.84, 5.20798e-05
_394_, 91.14, 54.4, 5.1585e-05
_397_, 91.14, 54.4, 5.1585e-05
FILLER_0_16_186, 91.14, 54.4, 5.1585e-05
FILLER_0_16_193, 91.14, 54.4, 5.1585e-05
_547_, 91.14, 48.96, 5.78325e-05
_564_, 91.14, 48.96, 5.78325e-05
FILLER_0_13_181, 91.14, 48.96, 5.78325e-05
FILLER_0_14_192, 91.14, 48.96, 5.78325e-05
_485_, 91.14, 43.52, 5.73269e-05
_548_, 91.14, 43.52, 5.73269e-05
_549_, 91.14, 43.52, 5.73269e-05
_566_, 91.14, 43.52, 5.73269e-05
FILLER_0_12_188, 91.14, 43.52, 5.73269e-05
FILLER_0_13_189, 91.14, 43.52, 5.73269e-05
_550_, 91.14, 38.08, 5.52477e-05
_563_, 91.14, 38.08, 5.52477e-05
FILLER_0_9_181, 91.14, 38.08, 5.52477e-05
FILLER_0_10_192, 91.14, 38.08, 5.52477e-05
_551_, 91.14, 32.64, 5.68814e-05
FILLER_0_7_186, 91.14, 32.64, 5.68814e-05
FILLER_0_8_187, 91.14, 32.64, 5.68814e-05
_545_, 91.14, 27.2, 6.37045e-05
_552_, 91.14, 27.2, 6.37045e-05
_553_, 91.14, 27.2, 6.37045e-05
_554_, 91.14, 21.76, 5.86459e-05
_565_, 91.14, 21.76, 5.86459e-05
FILLER_0_4_191, 91.14, 21.76, 5.86459e-05
FILLER_0_0_186, 91.14, 10.88, 6.52131e-05
FILLER_0_1_193, 91.14, 10.88, 6.52131e-05
_310_, 84.54, 103.36, 5.67209e-05
_312_, 84.54, 103.36, 5.67209e-05
_300_, 84.54, 97.92, 5.35385e-05
FILLER_0_33_175, 84.54, 97.92, 5.35385e-05
_293_, 84.54, 92.48, 5.46284e-05
FILLER_0_30_177, 84.54, 92.48, 5.46284e-05
_304_, 84.54, 81.6, 5.35166e-05
_305_, 84.54, 81.6, 5.35166e-05
max_cap35, 84.54, 81.6, 5.35166e-05
FILLER_0_25_169, 84.54, 81.6, 5.35166e-05
FILLER_0_26_172, 84.54, 81.6, 5.35166e-05
FILLER_0_25_177, 84.54, 76.16, 5.11443e-05
_462_, 84.54, 70.72, 5.15735e-05
FILLER_0_22_171, 84.54, 70.72, 5.15735e-05
_285_, 84.54, 65.28, 5.03802e-05
_283_, 84.54, 59.84, 5.13038e-05
_395_, 84.54, 59.84, 5.13038e-05
FILLER_0_17_175, 84.54, 54.4, 4.99542e-05
_531_, 84.54, 48.96, 5.38621e-05
rebuffer8, 84.54, 43.52, 5.49425e-05
FILLER_0_11_169, 84.54, 43.52, 5.49425e-05
FILLER_0_12_174, 84.54, 43.52, 5.49425e-05
_532_, 84.54, 32.64, 5.58358e-05
_544_, 84.54, 32.64, 5.58358e-05
FILLER_0_7_165, 84.54, 32.64, 5.58358e-05
FILLER_0_8_165, 84.54, 32.64, 5.58358e-05
_533_, 84.54, 27.2, 5.95267e-05
FILLER_0_6_175, 84.54, 27.2, 5.95267e-05
_555_, 84.54, 16.32, 6.12413e-05
FILLER_0_2_168, 84.54, 16.32, 6.12413e-05
input9, 84.54, 10.88, 6.18538e-05
FILLER_0_35_153, 77.94, 108.8, 5.36093e-05
input13, 77.94, 103.36, 5.59677e-05
FILLER_0_33_154, 77.94, 103.36, 5.59677e-05
FILLER_0_35_161, 77.94, 103.36, 5.59677e-05
_311_, 77.94, 97.92, 5.3678e-05
_292_, 77.94, 92.48, 5.49087e-05
_301_, 77.94, 92.48, 5.49087e-05
FILLER_0_30_153, 77.94, 92.48, 5.49087e-05
_309_, 77.94, 87.04, 5.38101e-05
_337_, 77.94, 87.04, 5.38101e-05
FILLER_0_28_153, 77.94, 87.04, 5.38101e-05
_308_, 77.94, 81.6, 5.29532e-05
_336_, 77.94, 81.6, 5.29532e-05
FILLER_0_27_162, 77.94, 81.6, 5.29532e-05
_447_, 77.94, 76.16, 5.07926e-05
_307_, 77.94, 70.72, 5.16388e-05
_448_, 77.94, 70.72, 5.16388e-05
_365_, 77.94, 65.28, 4.93977e-05
_390_, 77.94, 65.28, 4.93977e-05
FILLER_0_21_162, 77.94, 65.28, 4.93977e-05
_282_, 77.94, 59.84, 4.96103e-05
_279_, 77.94, 54.4, 4.89104e-05
_464_, 77.94, 54.4, 4.89104e-05
_465_, 77.94, 54.4, 4.89104e-05
FILLER_0_17_159, 77.94, 54.4, 4.89104e-05
_530_, 77.94, 48.96, 5.13323e-05
FILLER_0_14_153, 77.94, 48.96, 5.13323e-05
FILLER_0_15_159, 77.94, 48.96, 5.13323e-05
_443_, 77.94, 43.52, 5.41655e-05
_490_, 77.94, 43.52, 5.41655e-05
FILLER_0_13_161, 77.94, 43.52, 5.41655e-05
_466_, 77.94, 38.08, 5.57564e-05
_467_, 77.94, 38.08, 5.57564e-05
_491_, 77.94, 38.08, 5.57564e-05
FILLER_0_11_158, 77.94, 38.08, 5.57564e-05
FILLER_0_7_157, 77.94, 32.64, 5.47e-05
FILLER_0_9_159, 77.94, 32.64, 5.47e-05
_534_, 77.94, 21.76, 5.73104e-05
_535_, 77.94, 21.76, 5.73104e-05
_536_, 77.94, 16.32, 6.45893e-05
_543_, 77.94, 16.32, 6.45893e-05
_557_, 77.94, 16.32, 6.45893e-05
FILLER_0_3_161, 77.94, 16.32, 6.45893e-05
FILLER_0_0_159, 77.94, 10.88, 6.13607e-05
FILLER_0_1_158, 77.94, 10.88, 6.13607e-05
_323_, 71.34, 103.36, 5.65713e-05
_353_, 71.34, 103.36, 5.65713e-05
FILLER_0_31_140, 71.34, 97.92, 5.37882e-05
_284_, 71.34, 92.48, 5.5668e-05
_316_, 71.34, 87.04, 5.32546e-05
_370_, 71.34, 81.6, 5.29401e-05
FILLER_0_26_149, 71.34, 81.6, 5.29401e-05
FILLER_0_27_150, 71.34, 81.6, 5.29401e-05
_404_, 71.34, 76.16, 5.05314e-05
FILLER_0_23_143, 71.34, 76.16, 5.05314e-05
_405_, 71.34, 70.72, 5.05778e-05
FILLER_0_21_150, 71.34, 65.28, 4.78277e-05
_419_, 71.34, 59.84, 4.81286e-05
_420_, 71.34, 59.84, 4.81286e-05
FILLER_0_17_137, 71.34, 59.84, 4.81286e-05
FILLER_0_19_150, 71.34, 59.84, 4.81286e-05
_507_, 71.34, 48.96, 4.97432e-05
FILLER_0_14_136, 71.34, 48.96, 4.97432e-05
_463_, 71.34, 43.52, 5.27161e-05
FILLER_0_11_143, 71.34, 43.52, 5.27161e-05
FILLER_0_12_136, 71.34, 43.52, 5.27161e-05
FILLER_0_12_141, 71.34, 43.52, 5.27161e-05
FILLER_0_10_141, 71.34, 38.08, 5.38812e-05
FILLER_0_9_149, 71.34, 32.64, 5.44257e-05
_508_, 71.34, 27.2, 5.68193e-05
_528_, 71.34, 27.2, 5.68193e-05
FILLER_0_5_143, 71.34, 27.2, 5.68193e-05
_529_, 71.34, 21.76, 5.67628e-05
_556_, 71.34, 16.32, 6.73508e-05
_558_, 71.34, 16.32, 6.73508e-05
_562_, 71.34, 16.32, 6.73508e-05
FILLER_0_1_142, 71.34, 16.32, 6.73508e-05
output29, 71.34, 10.88, 6.4051e-05
FILLER_0_35_125, 64.74, 108.8, 5.40749e-05
_327_, 64.74, 103.36, 5.75128e-05
input6, 64.74, 103.36, 5.75128e-05
FILLER_0_33_125, 64.74, 103.36, 5.75128e-05
FILLER_0_35_132, 64.74, 103.36, 5.75128e-05
_322_, 64.74, 97.92, 5.44457e-05
_340_, 64.74, 97.92, 5.44457e-05
FILLER_0_31_122, 64.74, 97.92, 5.44457e-05
_290_, 64.74, 92.48, 5.62779e-05
_320_, 64.74, 92.48, 5.62779e-05
_321_, 64.74, 92.48, 5.62779e-05
FILLER_0_30_127, 64.74, 92.48, 5.62779e-05
FILLER_0_30_135, 64.74, 92.48, 5.62779e-05
_326_, 64.74, 87.04, 5.34665e-05
_330_, 64.74, 87.04, 5.34665e-05
FILLER_0_28_130, 64.74, 87.04, 5.34665e-05
_317_, 64.74, 81.6, 5.31081e-05
_369_, 64.74, 81.6, 5.31081e-05
FILLER_0_26_128, 64.74, 81.6, 5.31081e-05
FILLER_0_27_132, 64.74, 81.6, 5.31081e-05
rebuffer6, 64.74, 76.16, 5.03534e-05
FILLER_0_24_128, 64.74, 76.16, 5.03534e-05
FILLER_0_24_135, 64.74, 76.16, 5.03534e-05
_422_, 64.74, 70.72, 4.91438e-05
_423_, 64.74, 70.72, 4.91438e-05
FILLER_0_19_127, 64.74, 65.28, 4.69526e-05
FILLER_0_20_131, 64.74, 65.28, 4.69526e-05
_345_, 64.74, 59.84, 4.61828e-05
_399_, 64.74, 59.84, 4.61828e-05
_400_, 64.74, 59.84, 4.61828e-05
FILLER_0_18_125, 64.74, 59.84, 4.61828e-05
_442_, 64.74, 54.4, 4.4538e-05
_486_, 64.74, 54.4, 4.4538e-05
FILLER_0_16_133, 64.74, 54.4, 4.4538e-05
FILLER_0_17_129, 64.74, 54.4, 4.4538e-05
_487_, 64.74, 48.96, 4.85745e-05
_506_, 64.74, 48.96, 4.85745e-05
FILLER_0_13_125, 64.74, 48.96, 4.85745e-05
FILLER_0_14_126, 64.74, 48.96, 4.85745e-05
_440_, 64.74, 43.52, 5.14657e-05
_441_, 64.74, 43.52, 5.14657e-05
_444_, 64.74, 43.52, 5.14657e-05
FILLER_0_12_126, 64.74, 43.52, 5.14657e-05
_445_, 64.74, 38.08, 5.36417e-05
FILLER_0_10_131, 64.74, 38.08, 5.36417e-05
_488_, 64.74, 32.64, 5.51466e-05
FILLER_0_7_126, 64.74, 32.64, 5.51466e-05
_504_, 64.74, 27.2, 5.66119e-05
_509_, 64.74, 27.2, 5.66119e-05
FILLER_0_6_132, 64.74, 27.2, 5.66119e-05
FILLER_0_4_133, 64.74, 21.76, 5.61901e-05
_561_, 64.74, 16.32, 6.65274e-05
FILLER_0_2_123, 64.74, 16.32, 6.65274e-05
FILLER_0_0_131, 64.74, 10.88, 6.09476e-05
_328_, 58.14, 103.36, 6.01785e-05
_354_, 58.14, 103.36, 6.01785e-05
FILLER_0_31_109, 58.14, 97.92, 5.44176e-05
FILLER_0_31_113, 58.14, 97.92, 5.44176e-05
_289_, 58.14, 92.48, 5.80751e-05
_291_, 58.14, 92.48, 5.80751e-05
_299_, 58.14, 92.48, 5.80751e-05
FILLER_0_29_109, 58.14, 92.48, 5.80751e-05
_324_, 58.14, 81.6, 5.35442e-05
_325_, 58.14, 81.6, 5.35442e-05
_417_, 58.14, 81.6, 5.35442e-05
FILLER_0_26_120, 58.14, 81.6, 5.35442e-05
_388_, 58.14, 76.16, 5.04661e-05
FILLER_0_22_121, 58.14, 70.72, 4.76678e-05
_343_, 58.14, 65.28, 4.73069e-05
_344_, 58.14, 65.28, 4.73069e-05
_346_, 58.14, 65.28, 4.73069e-05
_348_, 58.14, 65.28, 4.73069e-05
_347_, 58.14, 59.84, 4.40055e-05
_502_, 58.14, 59.84, 4.40055e-05
rebuffer7, 58.14, 59.84, 4.40055e-05
FILLER_0_19_119, 58.14, 59.84, 4.40055e-05
_493_, 58.14, 54.4, 4.25712e-05
FILLER_0_17_121, 58.14, 54.4, 4.25712e-05
FILLER_0_15_120, 58.14, 48.96, 4.67282e-05
FILLER_0_11_108, 58.14, 43.52, 5.05072e-05
_446_, 58.14, 38.08, 5.38187e-05
_489_, 58.14, 32.64, 5.56319e-05
FILLER_0_8_121, 58.14, 32.64, 5.56319e-05
_505_, 58.14, 27.2, 5.68698e-05
_510_, 58.14, 27.2, 5.68698e-05
_511_, 58.14, 21.76, 5.66343e-05
_512_, 58.14, 21.76, 5.66343e-05
_526_, 58.14, 16.32, 6.31855e-05
FILLER_0_1_109, 58.14, 16.32, 6.31855e-05
FILLER_0_2_115, 58.14, 16.32, 6.31855e-05
_537_, 58.14, 10.88, 6.11527e-05
input4, 58.14, 10.88, 6.11527e-05
FILLER_0_35_97, 51.54, 108.8, 5.57748e-05
_569_, 51.54, 103.36, 6.37065e-05
output28, 51.54, 103.36, 6.37065e-05
FILLER_0_34_102, 51.54, 103.36, 6.37065e-05
FILLER_0_35_105, 51.54, 103.36, 6.37065e-05
_297_, 51.54, 97.92, 5.50168e-05
FILLER_0_31_93, 51.54, 97.92, 5.50168e-05
FILLER_0_33_105, 51.54, 97.92, 5.50168e-05
_281_, 51.54, 92.48, 5.81808e-05
_298_, 51.54, 92.48, 5.81808e-05
_402_, 51.54, 87.04, 5.3463e-05
FILLER_0_25_93, 51.54, 81.6, 5.27681e-05
_360_, 51.54, 76.16, 5.14035e-05
_389_, 51.54, 76.16, 5.14035e-05
rebuffer3, 51.54, 76.16, 5.14035e-05
FILLER_0_24_97, 51.54, 76.16, 5.14035e-05
_409_, 51.54, 70.72, 4.74026e-05
FILLER_0_21_93, 51.54, 70.72, 4.74026e-05
FILLER_0_23_103, 51.54, 70.72, 4.74026e-05
_410_, 51.54, 65.28, 4.5769e-05
FILLER_0_20_104, 51.54, 65.28, 4.5769e-05
_418_, 51.54, 59.84, 4.22549e-05
FILLER_0_18_104, 51.54, 59.84, 4.22549e-05
_431_, 51.54, 54.4, 4.19582e-05
FILLER_0_17_106, 51.54, 54.4, 4.19582e-05
_494_, 51.54, 48.96, 4.67641e-05
FILLER_0_15_106, 51.54, 48.96, 4.67641e-05
_503_, 51.54, 43.52, 5.17636e-05
_527_, 51.54, 43.52, 5.17636e-05
FILLER_0_12_97, 51.54, 43.52, 5.17636e-05
_449_, 51.54, 38.08, 5.42652e-05
FILLER_0_10_94, 51.54, 38.08, 5.42652e-05
_468_, 51.54, 32.64, 5.5723e-05
_495_, 51.54, 32.64, 5.5723e-05
_514_, 51.54, 27.2, 5.82207e-05
FILLER_0_7_103, 51.54, 27.2, 5.82207e-05
_513_, 51.54, 16.32, 6.44408e-05
_539_, 51.54, 16.32, 6.44408e-05
FILLER_0_3_105, 51.54, 16.32, 6.44408e-05
_538_, 51.54, 10.88, 6.16456e-05
FILLER_0_0_103, 51.54, 10.88, 6.16456e-05
_358_, 44.94, 103.36, 6.50528e-05
_570_, 44.94, 103.36, 6.50528e-05
_571_, 44.94, 103.36, 6.50528e-05
FILLER_0_33_84, 44.94, 103.36, 6.50528e-05
_329_, 44.94, 97.92, 5.60117e-05
FILLER_0_32_81, 44.94, 97.92, 5.60117e-05
_319_, 44.94, 92.48, 5.87688e-05
_332_, 44.94, 87.04, 5.49462e-05
_333_, 44.94, 87.04, 5.49462e-05
FILLER_0_27_82, 44.94, 87.04, 5.49462e-05
_331_, 44.94, 81.6, 5.40114e-05
_403_, 44.94, 81.6, 5.40114e-05
FILLER_0_25_83, 44.94, 81.6, 5.40114e-05
FILLER_0_26_81, 44.94, 81.6, 5.40114e-05
FILLER_0_26_85, 44.94, 81.6, 5.40114e-05
_359_, 44.94, 76.16, 5.25386e-05
_361_, 44.94, 76.16, 5.25386e-05
_387_, 44.94, 76.16, 5.25386e-05
_376_, 44.94, 70.72, 4.85909e-05
FILLER_0_21_81, 44.94, 70.72, 4.85909e-05
_375_, 44.94, 65.28, 4.58864e-05
FILLER_0_20_80, 44.94, 65.28, 4.58864e-05
_286_, 44.94, 59.84, 4.40051e-05
_391_, 44.94, 59.84, 4.40051e-05
FILLER_0_18_92, 44.94, 59.84, 4.40051e-05
FILLER_0_19_88, 44.94, 59.84, 4.40051e-05
FILLER_0_15_82, 44.94, 54.4, 4.39757e-05
FILLER_0_16_81, 44.94, 54.4, 4.39757e-05
_430_, 44.94, 48.96, 4.92314e-05
_454_, 44.94, 48.96, 4.92314e-05
FILLER_0_14_80, 44.94, 48.96, 4.92314e-05
_471_, 44.94, 43.52, 5.36669e-05
_469_, 44.94, 38.08, 5.46415e-05
_470_, 44.94, 38.08, 5.46415e-05
FILLER_0_7_83, 44.94, 32.64, 5.69162e-05
_492_, 44.94, 27.2, 6.21522e-05
_496_, 44.94, 27.2, 6.21522e-05
_515_, 44.94, 27.2, 6.21522e-05
FILLER_0_6_81, 44.94, 27.2, 6.21522e-05
FILLER_0_6_85, 44.94, 27.2, 6.21522e-05
FILLER_0_7_92, 44.94, 27.2, 6.21522e-05
_516_, 44.94, 16.32, 6.83262e-05
_517_, 44.94, 16.32, 6.83262e-05
_540_, 44.94, 16.32, 6.83262e-05
_559_, 44.94, 16.32, 6.83262e-05
output24, 44.94, 10.88, 6.40774e-05
FILLER_0_0_81, 44.94, 10.88, 6.40774e-05
output27, 38.34, 108.8, 6.04929e-05
_355_, 38.34, 103.36, 6.87593e-05
_357_, 38.34, 103.36, 6.87593e-05
FILLER_0_33_67, 38.34, 103.36, 6.87593e-05
FILLER_0_34_72, 38.34, 103.36, 6.87593e-05
FILLER_0_35_77, 38.34, 103.36, 6.87593e-05
_384_, 38.34, 97.92, 5.78046e-05
_318_, 38.34, 92.48, 5.97923e-05
FILLER_0_29_68, 38.34, 92.48, 5.97923e-05
FILLER_0_30_74, 38.34, 92.48, 5.97923e-05
_334_, 38.34, 87.04, 5.75485e-05
_335_, 38.34, 87.04, 5.75485e-05
FILLER_0_27_69, 38.34, 87.04, 5.75485e-05
FILLER_0_28_75, 38.34, 87.04, 5.75485e-05
_363_, 38.34, 81.6, 5.48112e-05
FILLER_0_26_73, 38.34, 81.6, 5.48112e-05
_362_, 38.34, 76.16, 5.22429e-05
_366_, 38.34, 76.16, 5.22429e-05
FILLER_0_24_74, 38.34, 76.16, 5.22429e-05
FILLER_0_25_75, 38.34, 76.16, 5.22429e-05
FILLER_0_21_67, 38.34, 70.72, 5.01627e-05
FILLER_0_22_77, 38.34, 70.72, 5.01627e-05
_349_, 38.34, 65.28, 4.745e-05
_350_, 38.34, 65.28, 4.745e-05
_287_, 38.34, 59.84, 4.69212e-05
FILLER_0_18_69, 38.34, 59.84, 4.69212e-05
FILLER_0_15_69, 38.34, 54.4, 4.85327e-05
_453_, 38.34, 48.96, 5.2336e-05
_472_, 38.34, 48.96, 5.2336e-05
_475_, 38.34, 48.96, 5.2336e-05
FILLER_0_14_69, 38.34, 48.96, 5.2336e-05
_473_, 38.34, 43.52, 5.65295e-05
_476_, 38.34, 43.52, 5.65295e-05
rebuffer4, 38.34, 43.52, 5.65295e-05
FILLER_0_11_69, 38.34, 43.52, 5.65295e-05
FILLER_0_13_73, 38.34, 43.52, 5.65295e-05
_474_, 38.34, 38.08, 5.62051e-05
FILLER_0_10_65, 38.34, 38.08, 5.62051e-05
_497_, 38.34, 32.64, 6.08667e-05
_521_, 38.34, 32.64, 6.08667e-05
FILLER_0_8_76, 38.34, 32.64, 6.08667e-05
FILLER_0_5_69, 38.34, 27.2, 6.10956e-05
FILLER_0_6_73, 38.34, 27.2, 6.10956e-05
FILLER_0_4_78, 38.34, 21.76, 5.85987e-05
FILLER_0_5_77, 38.34, 21.76, 5.85987e-05
_560_, 38.34, 16.32, 6.78953e-05
_518_, 38.34, 10.88, 6.85597e-05
_352_, 31.74, 103.36, 7.7833e-05
_356_, 31.74, 103.36, 7.7833e-05
FILLER_0_33_51, 31.74, 103.36, 7.7833e-05
FILLER_0_34_53, 31.74, 103.36, 7.7833e-05
_341_, 31.74, 97.92, 5.90102e-05
_342_, 31.74, 97.92, 5.90102e-05
_351_, 31.74, 97.92, 5.90102e-05
FILLER_0_31_51, 31.74, 97.92, 5.90102e-05
FILLER_0_32_53, 31.74, 97.92, 5.90102e-05
FILLER_0_29_57, 31.74, 92.48, 6.19769e-05
_338_, 31.74, 87.04, 6.24834e-05
_339_, 31.74, 87.04, 6.24834e-05
FILLER_0_27_53, 31.74, 87.04, 6.24834e-05
FILLER_0_28_53, 31.74, 87.04, 6.24834e-05
_372_, 31.74, 81.6, 5.74566e-05
_367_, 31.74, 76.16, 5.31243e-05
FILLER_0_23_53, 31.74, 76.16, 5.31243e-05
FILLER_0_23_57, 31.74, 76.16, 5.31243e-05
FILLER_0_24_52, 31.74, 76.16, 5.31243e-05
_368_, 31.74, 70.72, 5.33916e-05
FILLER_0_21_57, 31.74, 70.72, 5.33916e-05
_424_, 31.74, 65.28, 4.87367e-05
_421_, 31.74, 59.84, 5.14999e-05
_425_, 31.74, 59.84, 5.14999e-05
_450_, 31.74, 59.84, 5.14999e-05
_451_, 31.74, 59.84, 5.14999e-05
_455_, 31.74, 48.96, 5.71718e-05
_477_, 31.74, 43.52, 6.0534e-05
FILLER_0_11_51, 31.74, 43.52, 6.0534e-05
_499_, 31.74, 38.08, 5.69354e-05
_500_, 31.74, 32.64, 6.585e-05
_522_, 31.74, 32.64, 6.585e-05
_523_, 31.74, 32.64, 6.585e-05
FILLER_0_7_51, 31.74, 32.64, 6.585e-05
FILLER_0_8_54, 31.74, 32.64, 6.585e-05
FILLER_0_9_63, 31.74, 32.64, 6.585e-05
_498_, 31.74, 27.2, 6.36034e-05
FILLER_0_5_51, 31.74, 27.2, 6.36034e-05
FILLER_0_6_53, 31.74, 27.2, 6.36034e-05
FILLER_0_7_63, 31.74, 27.2, 6.36034e-05
FILLER_0_3_51, 31.74, 21.76, 6.13155e-05
_541_, 31.74, 16.32, 6.74118e-05
_542_, 31.74, 16.32, 6.74118e-05
FILLER_0_1_64, 31.74, 10.88, 7.41633e-05
input5, 25.14, 108.8, 6.04674e-05
FILLER_0_33_39, 25.14, 103.36, 9.68517e-05
FILLER_0_35_48, 25.14, 103.36, 9.68517e-05
_380_, 25.14, 97.92, 5.92605e-05
_382_, 25.14, 92.48, 6.83542e-05
_385_, 25.14, 92.48, 6.83542e-05
_379_, 25.14, 87.04, 7.11261e-05
_383_, 25.14, 87.04, 7.11261e-05
_373_, 25.14, 81.6, 6.2284e-05
_374_, 25.14, 81.6, 6.2284e-05
rebuffer1, 25.14, 81.6, 6.2284e-05
FILLER_0_26_38, 25.14, 81.6, 6.2284e-05
_371_, 25.14, 76.16, 5.50736e-05
_377_, 25.14, 76.16, 5.50736e-05
_407_, 25.14, 76.16, 5.50736e-05
FILLER_0_23_35, 25.14, 76.16, 5.50736e-05
FILLER_0_24_41, 25.14, 76.16, 5.50736e-05
_406_, 25.14, 70.72, 5.86792e-05
FILLER_0_21_33, 25.14, 70.72, 5.86792e-05
_401_, 25.14, 65.28, 5.02864e-05
_426_, 25.14, 65.28, 5.02864e-05
_427_, 25.14, 65.28, 5.02864e-05
_428_, 25.14, 65.28, 5.02864e-05
_438_, 25.14, 59.84, 5.29027e-05
FILLER_0_18_41, 25.14, 59.84, 5.29027e-05
_432_, 25.14, 54.4, 7.03754e-05
FILLER_0_15_48, 25.14, 48.96, 6.21182e-05
_452_, 25.14, 43.52, 6.88353e-05
FILLER_0_13_46, 25.14, 43.52, 6.88353e-05
_519_, 25.14, 38.08, 5.88793e-05
FILLER_0_9_37, 25.14, 38.08, 5.88793e-05
_478_, 25.14, 32.64, 7.3012e-05
wire33, 25.14, 32.64, 7.3012e-05
_501_, 25.14, 21.76, 6.57247e-05
FILLER_0_4_41, 25.14, 21.76, 6.57247e-05
_525_, 25.14, 16.32, 6.72019e-05
output21, 25.14, 10.88, 8.85582e-05
FILLER_0_0_49, 25.14, 10.88, 8.85582e-05
PHY_70, 5.52, 108.8, 6.04675e-05
PHY_71, 103.5, 108.8, 5.49943e-05
PHY_66, 5.52, 103.36, 0.000226215
PHY_68, 5.52, 103.36, 0.000226215
output18, 5.52, 103.36, 0.000226215
output22, 5.52, 103.36, 0.000226215
output31, 5.52, 103.36, 0.000226215
PHY_67, 103.5, 103.36, 5.9269e-05
PHY_69, 103.5, 103.36, 5.9269e-05
FILLER_0_34_21, 15.33, 103.36, 0.000161534
FILLER_0_35_29, 15.33, 103.36, 0.000161534
PHY_62, 5.52, 97.92, 5.92605e-05
PHY_64, 5.52, 97.92, 5.92605e-05
PHY_63, 103.5, 97.92, 5.33675e-05
PHY_65, 103.5, 97.92, 5.33675e-05
PHY_58, 5.52, 92.48, 7.36743e-05
PHY_60, 5.52, 92.48, 7.36743e-05
PHY_59, 103.5, 92.48, 5.59953e-05
PHY_61, 103.5, 92.48, 5.59953e-05
_415_, 15.33, 92.48, 7.36742e-05
FILLER_0_30_29, 15.33, 92.48, 7.36742e-05
_416_, 5.52, 87.04, 9.91527e-05
PHY_54, 5.52, 87.04, 9.91527e-05
PHY_56, 5.52, 87.04, 9.91527e-05
input2, 5.52, 87.04, 9.91527e-05
FILLER_0_28_3, 5.52, 87.04, 9.91527e-05
PHY_55, 103.5, 87.04, 5.30293e-05
PHY_57, 103.5, 87.04, 5.30293e-05
_381_, 15.33, 87.04, 9.27248e-05
_436_, 15.33, 87.04, 9.27248e-05
max_cap34, 15.33, 87.04, 9.27248e-05
FILLER_0_28_16, 15.33, 87.04, 9.27248e-05
FILLER_0_28_24, 15.33, 87.04, 9.27248e-05
FILLER_0_28_29, 15.33, 87.04, 9.27248e-05
FILLER_0_29_31, 15.33, 87.04, 9.27248e-05
_414_, 5.52, 81.6, 7.78884e-05
PHY_50, 5.52, 81.6, 7.78884e-05
PHY_52, 5.52, 81.6, 7.78884e-05
FILLER_0_26_3, 5.52, 81.6, 7.78884e-05
PHY_51, 103.5, 81.6, 5.27024e-05
PHY_53, 103.5, 81.6, 5.27024e-05
_378_, 15.33, 81.6, 7.39831e-05
_412_, 15.33, 81.6, 7.39831e-05
_413_, 15.33, 81.6, 7.39831e-05
rebuffer2, 15.33, 81.6, 7.39831e-05
FILLER_0_25_15, 15.33, 81.6, 7.39831e-05
FILLER_0_26_20, 15.33, 81.6, 7.39831e-05
FILLER_0_27_28, 15.33, 81.6, 7.39831e-05
PHY_46, 5.52, 76.16, 5.65034e-05
PHY_48, 5.52, 76.16, 5.65034e-05
PHY_47, 103.5, 76.16, 5.26304e-05
PHY_49, 103.5, 76.16, 5.26304e-05
_386_, 15.33, 76.16, 5.65034e-05
_411_, 5.52, 70.72, 7.71893e-05
PHY_42, 5.52, 70.72, 7.71893e-05
PHY_44, 5.52, 70.72, 7.71893e-05
input15, 5.52, 70.72, 7.71893e-05
PHY_43, 103.5, 70.72, 5.10761e-05
PHY_45, 103.5, 70.72, 5.10761e-05
_408_, 15.33, 70.72, 7.21289e-05
_433_, 15.33, 70.72, 7.21289e-05
_434_, 15.33, 70.72, 7.21289e-05
FILLER_0_22_23, 15.33, 70.72, 7.21289e-05
FILLER_0_23_27, 15.33, 70.72, 7.21289e-05
PHY_38, 5.52, 65.28, 5.02865e-05
PHY_40, 5.52, 65.28, 5.02865e-05
FILLER_0_21_3, 5.52, 65.28, 5.02865e-05
PHY_39, 103.5, 65.28, 5.04824e-05
PHY_41, 103.5, 65.28, 5.04824e-05
FILLER_0_20_29, 15.33, 65.28, 5.02864e-05
FILLER_0_21_25, 15.33, 65.28, 5.02864e-05
_437_, 5.52, 59.84, 6.63043e-05
PHY_34, 5.52, 59.84, 6.63043e-05
PHY_36, 5.52, 59.84, 6.63043e-05
FILLER_0_18_3, 5.52, 59.84, 6.63043e-05
PHY_35, 103.5, 59.84, 5.26987e-05
PHY_37, 103.5, 59.84, 5.26987e-05
FILLER_0_17_19, 15.33, 59.84, 5.96035e-05
FILLER_0_18_25, 15.33, 59.84, 5.96035e-05
_435_, 5.52, 54.4, 0.000134857
PHY_30, 5.52, 54.4, 0.000134857
PHY_32, 5.52, 54.4, 0.000134857
output30, 5.52, 54.4, 0.000134857
FILLER_0_17_3, 5.52, 54.4, 0.000134857
PHY_31, 103.5, 54.4, 5.24489e-05
PHY_33, 103.5, 54.4, 5.24489e-05
_429_, 15.33, 54.4, 0.000104991
FILLER_0_16_21, 15.33, 54.4, 0.000104991
FILLER_0_16_29, 15.33, 54.4, 0.000104991
PHY_26, 5.52, 48.96, 8.04283e-05
PHY_28, 5.52, 48.96, 8.04283e-05
FILLER_0_14_3, 5.52, 48.96, 8.04283e-05
PHY_27, 103.5, 48.96, 6.48161e-05
PHY_29, 103.5, 48.96, 6.48161e-05
FILLER_0_13_207, 103.5, 48.96, 6.48161e-05
_439_, 15.33, 48.96, 8.04283e-05
_457_, 15.33, 48.96, 8.04283e-05
_458_, 15.33, 48.96, 8.04283e-05
_480_, 15.33, 48.96, 8.04283e-05
_481_, 15.33, 48.96, 8.04283e-05
rebuffer5, 15.33, 48.96, 8.04283e-05
FILLER_0_14_18, 15.33, 48.96, 8.04283e-05
FILLER_0_14_25, 15.33, 48.96, 8.04283e-05
FILLER_0_15_27, 15.33, 48.96, 8.04283e-05
_280_, 5.52, 43.52, 0.000103317
_456_, 5.52, 43.52, 0.000103317
PHY_22, 5.52, 43.52, 0.000103317
PHY_24, 5.52, 43.52, 0.000103317
output17, 5.52, 43.52, 0.000103317
FILLER_0_13_3, 5.52, 43.52, 0.000103317
PHY_23, 103.5, 43.52, 5.70915e-05
PHY_25, 103.5, 43.52, 5.70915e-05
FILLER_0_11_207, 103.5, 43.52, 5.70915e-05
_459_, 15.33, 43.52, 9.18938e-05
FILLER_0_12_23, 15.33, 43.52, 9.18938e-05
PHY_18, 5.52, 38.08, 6.07517e-05
PHY_20, 5.52, 38.08, 6.07517e-05
PHY_19, 103.5, 38.08, 5.48363e-05
PHY_21, 103.5, 38.08, 5.48363e-05
FILLER_0_9_207, 103.5, 38.08, 5.48363e-05
_479_, 15.33, 38.08, 6.07517e-05
PHY_14, 5.52, 32.64, 8.75752e-05
PHY_16, 5.52, 32.64, 8.75752e-05
PHY_15, 103.5, 32.64, 5.8358e-05
PHY_17, 103.5, 32.64, 5.8358e-05
_482_, 15.33, 32.64, 8.75752e-05
_483_, 15.33, 32.64, 8.75752e-05
_524_, 15.33, 32.64, 8.75752e-05
FILLER_0_7_15, 15.33, 32.64, 8.75752e-05
FILLER_0_9_31, 15.33, 32.64, 8.75752e-05
PHY_10, 5.52, 27.2, 7.15495e-05
PHY_12, 5.52, 27.2, 7.15495e-05
input3, 5.52, 27.2, 7.15495e-05
PHY_11, 103.5, 27.2, 7.05095e-05
PHY_13, 103.5, 27.2, 7.05095e-05
_520_, 15.33, 27.2, 6.84968e-05
FILLER_0_6_21, 15.33, 27.2, 6.84968e-05
FILLER_0_7_29, 15.33, 27.2, 6.84968e-05
PHY_6, 5.52, 21.76, 6.57247e-05
PHY_8, 5.52, 21.76, 6.57247e-05
PHY_7, 103.5, 21.76, 5.84346e-05
PHY_9, 103.5, 21.76, 5.84346e-05
PHY_2, 5.52, 16.32, 6.7202e-05
PHY_4, 5.52, 16.32, 6.7202e-05
PHY_3, 103.5, 16.32, 6.01835e-05
PHY_5, 103.5, 16.32, 6.01835e-05
input16, 103.5, 16.32, 6.01835e-05
PHY_0, 5.52, 10.88, 0.000116112
input11, 5.52, 10.88, 0.000116112
input12, 5.52, 10.88, 0.000116112
FILLER_0_0_7, 5.52, 10.88, 0.000116112
PHY_1, 103.5, 10.88, 7.35321e-05
output20, 15.33, 10.88, 0.000112001
FILLER_0_0_21, 15.33, 10.88, 0.000112001

