
===========================================================================
report_checks -path_delay max (Setup)
============================================================================
======================= Typical Corner ===================================

Startpoint: A[5] (input port clocked by clk)
Endpoint: P[14] (output port clocked by clk)
Path Group: clk
Path Type: max

Fanout     Cap    Slew   Delay    Time   Description
-----------------------------------------------------------------------------
                  0.00    0.00    0.00   clock clk (rise edge)
                          0.00    0.00   clock network delay (ideal)
                          2.00    2.00 v input external delay
                  0.01    0.00    2.00 v A[5] (in)
     1    0.00                           A[5] (net)
                  0.01    0.00    2.00 v input6/A (sky130_fd_sc_hd__buf_2)
                  0.07    0.16    2.16 v input6/X (sky130_fd_sc_hd__buf_2)
     7    0.03                           net6 (net)
                  0.07    0.00    2.16 v _415_/A (sky130_fd_sc_hd__buf_6)
                  0.04    0.15    2.31 v _415_/X (sky130_fd_sc_hd__buf_6)
    10    0.02                           _348_ (net)
                  0.04    0.00    2.31 v _445_/B1 (sky130_fd_sc_hd__a22o_1)
                  0.06    0.21    2.52 v _445_/X (sky130_fd_sc_hd__a22o_1)
     3    0.01                           _020_ (net)
                  0.06    0.00    2.52 v _485_/A2 (sky130_fd_sc_hd__a21bo_1)
                  0.05    0.22    2.74 v _485_/X (sky130_fd_sc_hd__a21bo_1)
     2    0.01                           _059_ (net)
                  0.05    0.00    2.74 v _487_/B1 (sky130_fd_sc_hd__a21o_1)
                  0.06    0.19    2.93 v _487_/X (sky130_fd_sc_hd__a21o_1)
     3    0.01                           _061_ (net)
                  0.06    0.00    2.93 v _531_/A2 (sky130_fd_sc_hd__a21bo_1)
                  0.05    0.22    3.16 v _531_/X (sky130_fd_sc_hd__a21bo_1)
     2    0.01                           _104_ (net)
                  0.05    0.00    3.16 v _533_/B1 (sky130_fd_sc_hd__a21o_1)
                  0.06    0.19    3.35 v _533_/X (sky130_fd_sc_hd__a21o_1)
     3    0.01                           _106_ (net)
                  0.06    0.00    3.35 v _534_/C (sky130_fd_sc_hd__and3_1)
                  0.05    0.21    3.56 v _534_/X (sky130_fd_sc_hd__and3_1)
     2    0.01                           _107_ (net)
                  0.05    0.00    3.56 v rebuffer10/A (sky130_fd_sc_hd__clkbuf_1)
                  0.04    0.11    3.67 v rebuffer10/X (sky130_fd_sc_hd__clkbuf_1)
     1    0.01                           net43 (net)
                  0.04    0.00    3.67 v _536_/B1 (sky130_fd_sc_hd__a211oi_2)
                  0.27    0.30    3.97 ^ _536_/Y (sky130_fd_sc_hd__a211oi_2)
     4    0.01                           _109_ (net)
                  0.27    0.00    3.97 ^ _539_/A1 (sky130_fd_sc_hd__o21ai_1)
                  0.09    0.16    4.12 v _539_/Y (sky130_fd_sc_hd__o21ai_1)
     2    0.01                           _112_ (net)
                  0.09    0.00    4.12 v _541_/B (sky130_fd_sc_hd__and3_1)
                  0.06    0.21    4.34 v _541_/X (sky130_fd_sc_hd__and3_1)
     4    0.01                           _114_ (net)
                  0.06    0.00    4.34 v _611_/A (sky130_fd_sc_hd__or4_1)
                  0.10    0.57    4.91 v _611_/X (sky130_fd_sc_hd__or4_1)
     2    0.01                           _182_ (net)
                  0.10    0.00    4.91 v _646_/C (sky130_fd_sc_hd__or4_1)
                  0.11    0.54    5.44 v _646_/X (sky130_fd_sc_hd__or4_1)
     2    0.01                           _215_ (net)
                  0.11    0.00    5.44 v _673_/A2 (sky130_fd_sc_hd__a21oi_2)
                  0.25    0.28    5.73 ^ _673_/Y (sky130_fd_sc_hd__a21oi_2)
     4    0.02                           _243_ (net)
                  0.25    0.00    5.73 ^ _720_/A2 (sky130_fd_sc_hd__o31a_1)
                  0.12    0.23    5.96 ^ _720_/X (sky130_fd_sc_hd__o31a_1)
     1    0.01                           _292_ (net)
                  0.12    0.00    5.96 ^ _721_/B (sky130_fd_sc_hd__xnor2_2)
                  0.12    0.13    6.09 ^ _721_/Y (sky130_fd_sc_hd__xnor2_2)
     1    0.00                           net22 (net)
                  0.12    0.00    6.09 ^ output22/A (sky130_fd_sc_hd__buf_6)
                  0.08    0.16    6.25 ^ output22/X (sky130_fd_sc_hd__buf_6)
     1    0.03                           P[14] (net)
                  0.08    0.00    6.25 ^ P[14] (out)
                                  6.25   data arrival time

                  0.00   10.00   10.00   clock clk (rise edge)
                          0.00   10.00   clock network delay (ideal)
                         -0.25    9.75   clock uncertainty
                          0.00    9.75   clock reconvergence pessimism
                         -2.00    7.75   output external delay
                                  7.75   data required time
-----------------------------------------------------------------------------
                                  7.75   data required time
                                 -6.25   data arrival time
-----------------------------------------------------------------------------
                                  1.50   slack (MET)


Startpoint: A[5] (input port clocked by clk)
Endpoint: P[13] (output port clocked by clk)
Path Group: clk
Path Type: max

Fanout     Cap    Slew   Delay    Time   Description
-----------------------------------------------------------------------------
                  0.00    0.00    0.00   clock clk (rise edge)
                          0.00    0.00   clock network delay (ideal)
                          2.00    2.00 v input external delay
                  0.01    0.00    2.00 v A[5] (in)
     1    0.00                           A[5] (net)
                  0.01    0.00    2.00 v input6/A (sky130_fd_sc_hd__buf_2)
                  0.07    0.16    2.16 v input6/X (sky130_fd_sc_hd__buf_2)
     7    0.03                           net6 (net)
                  0.07    0.00    2.16 v _415_/A (sky130_fd_sc_hd__buf_6)
                  0.04    0.15    2.31 v _415_/X (sky130_fd_sc_hd__buf_6)
    10    0.02                           _348_ (net)
                  0.04    0.00    2.31 v _445_/B1 (sky130_fd_sc_hd__a22o_1)
                  0.06    0.21    2.52 v _445_/X (sky130_fd_sc_hd__a22o_1)
     3    0.01                           _020_ (net)
                  0.06    0.00    2.52 v _485_/A2 (sky130_fd_sc_hd__a21bo_1)
                  0.05    0.22    2.74 v _485_/X (sky130_fd_sc_hd__a21bo_1)
     2    0.01                           _059_ (net)
                  0.05    0.00    2.74 v _487_/B1 (sky130_fd_sc_hd__a21o_1)
                  0.06    0.19    2.93 v _487_/X (sky130_fd_sc_hd__a21o_1)
     3    0.01                           _061_ (net)
                  0.06    0.00    2.93 v _531_/A2 (sky130_fd_sc_hd__a21bo_1)
                  0.05    0.22    3.16 v _531_/X (sky130_fd_sc_hd__a21bo_1)
     2    0.01                           _104_ (net)
                  0.05    0.00    3.16 v _533_/B1 (sky130_fd_sc_hd__a21o_1)
                  0.06    0.19    3.35 v _533_/X (sky130_fd_sc_hd__a21o_1)
     3    0.01                           _106_ (net)
                  0.06    0.00    3.35 v _534_/C (sky130_fd_sc_hd__and3_1)
                  0.05    0.21    3.56 v _534_/X (sky130_fd_sc_hd__and3_1)
     2    0.01                           _107_ (net)
                  0.05    0.00    3.56 v rebuffer10/A (sky130_fd_sc_hd__clkbuf_1)
                  0.04    0.11    3.67 v rebuffer10/X (sky130_fd_sc_hd__clkbuf_1)
     1    0.01                           net43 (net)
                  0.04    0.00    3.67 v _536_/B1 (sky130_fd_sc_hd__a211oi_2)
                  0.27    0.30    3.97 ^ _536_/Y (sky130_fd_sc_hd__a211oi_2)
     4    0.01                           _109_ (net)
                  0.27    0.00    3.97 ^ _539_/A1 (sky130_fd_sc_hd__o21ai_1)
                  0.09    0.16    4.12 v _539_/Y (sky130_fd_sc_hd__o21ai_1)
     2    0.01                           _112_ (net)
                  0.09    0.00    4.12 v _541_/B (sky130_fd_sc_hd__and3_1)
                  0.06    0.21    4.34 v _541_/X (sky130_fd_sc_hd__and3_1)
     4    0.01                           _114_ (net)
                  0.06    0.00    4.34 v _611_/A (sky130_fd_sc_hd__or4_1)
                  0.10    0.57    4.91 v _611_/X (sky130_fd_sc_hd__or4_1)
     2    0.01                           _182_ (net)
                  0.10    0.00    4.91 v _646_/C (sky130_fd_sc_hd__or4_1)
                  0.11    0.54    5.44 v _646_/X (sky130_fd_sc_hd__or4_1)
     2    0.01                           _215_ (net)
                  0.11    0.00    5.44 v _673_/A2 (sky130_fd_sc_hd__a21oi_2)
                  0.25    0.28    5.73 ^ _673_/Y (sky130_fd_sc_hd__a21oi_2)
     4    0.02                           _243_ (net)
                  0.25    0.00    5.73 ^ _699_/B (sky130_fd_sc_hd__or2_1)
                  0.06    0.16    5.89 ^ _699_/X (sky130_fd_sc_hd__or2_1)
     1    0.01                           _270_ (net)
                  0.06    0.00    5.89 ^ _700_/B (sky130_fd_sc_hd__xnor2_1)
                  0.12    0.12    6.01 ^ _700_/Y (sky130_fd_sc_hd__xnor2_1)
     1    0.00                           net21 (net)
                  0.12    0.00    6.01 ^ output21/A (sky130_fd_sc_hd__clkbuf_4)
                  0.11    0.23    6.23 ^ output21/X (sky130_fd_sc_hd__clkbuf_4)
     1    0.03                           P[13] (net)
                  0.11    0.00    6.24 ^ P[13] (out)
                                  6.24   data arrival time

                  0.00   10.00   10.00   clock clk (rise edge)
                          0.00   10.00   clock network delay (ideal)
                         -0.25    9.75   clock uncertainty
                          0.00    9.75   clock reconvergence pessimism
                         -2.00    7.75   output external delay
                                  7.75   data required time
-----------------------------------------------------------------------------
                                  7.75   data required time
                                 -6.24   data arrival time
-----------------------------------------------------------------------------
                                  1.51   slack (MET)


Startpoint: A[5] (input port clocked by clk)
Endpoint: P[15] (output port clocked by clk)
Path Group: clk
Path Type: max

Fanout     Cap    Slew   Delay    Time   Description
-----------------------------------------------------------------------------
                  0.00    0.00    0.00   clock clk (rise edge)
                          0.00    0.00   clock network delay (ideal)
                          2.00    2.00 v input external delay
                  0.01    0.00    2.00 v A[5] (in)
     1    0.00                           A[5] (net)
                  0.01    0.00    2.00 v input6/A (sky130_fd_sc_hd__buf_2)
                  0.07    0.16    2.16 v input6/X (sky130_fd_sc_hd__buf_2)
     7    0.03                           net6 (net)
                  0.07    0.00    2.16 v _415_/A (sky130_fd_sc_hd__buf_6)
                  0.04    0.15    2.31 v _415_/X (sky130_fd_sc_hd__buf_6)
    10    0.02                           _348_ (net)
                  0.04    0.00    2.31 v _445_/B1 (sky130_fd_sc_hd__a22o_1)
                  0.06    0.21    2.52 v _445_/X (sky130_fd_sc_hd__a22o_1)
     3    0.01                           _020_ (net)
                  0.06    0.00    2.52 v _485_/A2 (sky130_fd_sc_hd__a21bo_1)
                  0.05    0.22    2.74 v _485_/X (sky130_fd_sc_hd__a21bo_1)
     2    0.01                           _059_ (net)
                  0.05    0.00    2.74 v _487_/B1 (sky130_fd_sc_hd__a21o_1)
                  0.06    0.19    2.93 v _487_/X (sky130_fd_sc_hd__a21o_1)
     3    0.01                           _061_ (net)
                  0.06    0.00    2.93 v _531_/A2 (sky130_fd_sc_hd__a21bo_1)
                  0.05    0.22    3.16 v _531_/X (sky130_fd_sc_hd__a21bo_1)
     2    0.01                           _104_ (net)
                  0.05    0.00    3.16 v _533_/B1 (sky130_fd_sc_hd__a21o_1)
                  0.06    0.19    3.35 v _533_/X (sky130_fd_sc_hd__a21o_1)
     3    0.01                           _106_ (net)
                  0.06    0.00    3.35 v _534_/C (sky130_fd_sc_hd__and3_1)
                  0.05    0.21    3.56 v _534_/X (sky130_fd_sc_hd__and3_1)
     2    0.01                           _107_ (net)
                  0.05    0.00    3.56 v rebuffer10/A (sky130_fd_sc_hd__clkbuf_1)
                  0.04    0.11    3.67 v rebuffer10/X (sky130_fd_sc_hd__clkbuf_1)
     1    0.01                           net43 (net)
                  0.04    0.00    3.67 v _536_/B1 (sky130_fd_sc_hd__a211oi_2)
                  0.27    0.30    3.97 ^ _536_/Y (sky130_fd_sc_hd__a211oi_2)
     4    0.01                           _109_ (net)
                  0.27    0.00    3.97 ^ _539_/A1 (sky130_fd_sc_hd__o21ai_1)
                  0.09    0.16    4.12 v _539_/Y (sky130_fd_sc_hd__o21ai_1)
     2    0.01                           _112_ (net)
                  0.09    0.00    4.12 v _541_/B (sky130_fd_sc_hd__and3_1)
                  0.06    0.21    4.34 v _541_/X (sky130_fd_sc_hd__and3_1)
     4    0.01                           _114_ (net)
                  0.06    0.00    4.34 v _611_/A (sky130_fd_sc_hd__or4_1)
                  0.10    0.57    4.91 v _611_/X (sky130_fd_sc_hd__or4_1)
     2    0.01                           _182_ (net)
                  0.10    0.00    4.91 v _646_/C (sky130_fd_sc_hd__or4_1)
                  0.11    0.54    5.44 v _646_/X (sky130_fd_sc_hd__or4_1)
     2    0.01                           _215_ (net)
                  0.11    0.00    5.44 v _673_/A2 (sky130_fd_sc_hd__a21oi_2)
                  0.25    0.28    5.73 ^ _673_/Y (sky130_fd_sc_hd__a21oi_2)
     4    0.02                           _243_ (net)
                  0.25    0.00    5.73 ^ _723_/A2 (sky130_fd_sc_hd__o311ai_4)
                  0.07    0.12    5.85 v _723_/Y (sky130_fd_sc_hd__o311ai_4)
     1    0.00                           _294_ (net)
                  0.07    0.00    5.85 v _729_/B1 (sky130_fd_sc_hd__o211a_1)
                  0.05    0.15    6.00 v _729_/X (sky130_fd_sc_hd__o211a_1)
     1    0.01                           net23 (net)
                  0.05    0.00    6.00 v output23/A (sky130_fd_sc_hd__clkbuf_4)
                  0.09    0.20    6.20 v output23/X (sky130_fd_sc_hd__clkbuf_4)
     1    0.04                           P[15] (net)
                  0.09    0.00    6.20 v P[15] (out)
                                  6.20   data arrival time

                  0.00   10.00   10.00   clock clk (rise edge)
                          0.00   10.00   clock network delay (ideal)
                         -0.25    9.75   clock uncertainty
                          0.00    9.75   clock reconvergence pessimism
                         -2.00    7.75   output external delay
                                  7.75   data required time
-----------------------------------------------------------------------------
                                  7.75   data required time
                                 -6.20   data arrival time
-----------------------------------------------------------------------------
                                  1.55   slack (MET)


Startpoint: A[5] (input port clocked by clk)
Endpoint: P[12] (output port clocked by clk)
Path Group: clk
Path Type: max

Fanout     Cap    Slew   Delay    Time   Description
-----------------------------------------------------------------------------
                  0.00    0.00    0.00   clock clk (rise edge)
                          0.00    0.00   clock network delay (ideal)
                          2.00    2.00 v input external delay
                  0.01    0.00    2.00 v A[5] (in)
     1    0.00                           A[5] (net)
                  0.01    0.00    2.00 v input6/A (sky130_fd_sc_hd__buf_2)
                  0.07    0.16    2.16 v input6/X (sky130_fd_sc_hd__buf_2)
     7    0.03                           net6 (net)
                  0.07    0.00    2.16 v _415_/A (sky130_fd_sc_hd__buf_6)
                  0.04    0.15    2.31 v _415_/X (sky130_fd_sc_hd__buf_6)
    10    0.02                           _348_ (net)
                  0.04    0.00    2.31 v _445_/B1 (sky130_fd_sc_hd__a22o_1)
                  0.06    0.21    2.52 v _445_/X (sky130_fd_sc_hd__a22o_1)
     3    0.01                           _020_ (net)
                  0.06    0.00    2.52 v _485_/A2 (sky130_fd_sc_hd__a21bo_1)
                  0.05    0.22    2.74 v _485_/X (sky130_fd_sc_hd__a21bo_1)
     2    0.01                           _059_ (net)
                  0.05    0.00    2.74 v _487_/B1 (sky130_fd_sc_hd__a21o_1)
                  0.06    0.19    2.93 v _487_/X (sky130_fd_sc_hd__a21o_1)
     3    0.01                           _061_ (net)
                  0.06    0.00    2.93 v _531_/A2 (sky130_fd_sc_hd__a21bo_1)
                  0.05    0.22    3.16 v _531_/X (sky130_fd_sc_hd__a21bo_1)
     2    0.01                           _104_ (net)
                  0.05    0.00    3.16 v _533_/B1 (sky130_fd_sc_hd__a21o_1)
                  0.06    0.19    3.35 v _533_/X (sky130_fd_sc_hd__a21o_1)
     3    0.01                           _106_ (net)
                  0.06    0.00    3.35 v _534_/C (sky130_fd_sc_hd__and3_1)
                  0.05    0.21    3.56 v _534_/X (sky130_fd_sc_hd__and3_1)
     2    0.01                           _107_ (net)
                  0.05    0.00    3.56 v rebuffer10/A (sky130_fd_sc_hd__clkbuf_1)
                  0.04    0.11    3.67 v rebuffer10/X (sky130_fd_sc_hd__clkbuf_1)
     1    0.01                           net43 (net)
                  0.04    0.00    3.67 v _536_/B1 (sky130_fd_sc_hd__a211oi_2)
                  0.27    0.30    3.97 ^ _536_/Y (sky130_fd_sc_hd__a211oi_2)
     4    0.01                           _109_ (net)
                  0.27    0.00    3.97 ^ _539_/A1 (sky130_fd_sc_hd__o21ai_1)
                  0.09    0.16    4.12 v _539_/Y (sky130_fd_sc_hd__o21ai_1)
     2    0.01                           _112_ (net)
                  0.09    0.00    4.12 v _541_/B (sky130_fd_sc_hd__and3_1)
                  0.06    0.21    4.34 v _541_/X (sky130_fd_sc_hd__and3_1)
     4    0.01                           _114_ (net)
                  0.06    0.00    4.34 v _611_/A (sky130_fd_sc_hd__or4_1)
                  0.10    0.57    4.91 v _611_/X (sky130_fd_sc_hd__or4_1)
     2    0.01                           _182_ (net)
                  0.10    0.00    4.91 v _646_/C (sky130_fd_sc_hd__or4_1)
                  0.11    0.54    5.44 v _646_/X (sky130_fd_sc_hd__or4_1)
     2    0.01                           _215_ (net)
                  0.11    0.00    5.44 v _673_/A2 (sky130_fd_sc_hd__a21oi_2)
                  0.25    0.28    5.73 ^ _673_/Y (sky130_fd_sc_hd__a21oi_2)
     4    0.02                           _243_ (net)
                  0.25    0.00    5.73 ^ _675_/A (sky130_fd_sc_hd__nor2_1)
                  0.06    0.09    5.82 v _675_/Y (sky130_fd_sc_hd__nor2_1)
     1    0.00                           net20 (net)
                  0.06    0.00    5.82 v output20/A (sky130_fd_sc_hd__clkbuf_4)
                  0.08    0.20    6.01 v output20/X (sky130_fd_sc_hd__clkbuf_4)
     1    0.03                           P[12] (net)
                  0.08    0.00    6.01 v P[12] (out)
                                  6.01   data arrival time

                  0.00   10.00   10.00   clock clk (rise edge)
                          0.00   10.00   clock network delay (ideal)
                         -0.25    9.75   clock uncertainty
                          0.00    9.75   clock reconvergence pessimism
                         -2.00    7.75   output external delay
                                  7.75   data required time
-----------------------------------------------------------------------------
                                  7.75   data required time
                                 -6.01   data arrival time
-----------------------------------------------------------------------------
                                  1.74   slack (MET)


Startpoint: A[5] (input port clocked by clk)
Endpoint: P[11] (output port clocked by clk)
Path Group: clk
Path Type: max

Fanout     Cap    Slew   Delay    Time   Description
-----------------------------------------------------------------------------
                  0.00    0.00    0.00   clock clk (rise edge)
                          0.00    0.00   clock network delay (ideal)
                          2.00    2.00 v input external delay
                  0.01    0.00    2.00 v A[5] (in)
     1    0.00                           A[5] (net)
                  0.01    0.00    2.00 v input6/A (sky130_fd_sc_hd__buf_2)
                  0.07    0.16    2.16 v input6/X (sky130_fd_sc_hd__buf_2)
     7    0.03                           net6 (net)
                  0.07    0.00    2.16 v _415_/A (sky130_fd_sc_hd__buf_6)
                  0.04    0.15    2.31 v _415_/X (sky130_fd_sc_hd__buf_6)
    10    0.02                           _348_ (net)
                  0.04    0.00    2.31 v _445_/B1 (sky130_fd_sc_hd__a22o_1)
                  0.06    0.21    2.52 v _445_/X (sky130_fd_sc_hd__a22o_1)
     3    0.01                           _020_ (net)
                  0.06    0.00    2.52 v _485_/A2 (sky130_fd_sc_hd__a21bo_1)
                  0.05    0.22    2.74 v _485_/X (sky130_fd_sc_hd__a21bo_1)
     2    0.01                           _059_ (net)
                  0.05    0.00    2.74 v _487_/B1 (sky130_fd_sc_hd__a21o_1)
                  0.06    0.19    2.93 v _487_/X (sky130_fd_sc_hd__a21o_1)
     3    0.01                           _061_ (net)
                  0.06    0.00    2.93 v _531_/A2 (sky130_fd_sc_hd__a21bo_1)
                  0.05    0.22    3.16 v _531_/X (sky130_fd_sc_hd__a21bo_1)
     2    0.01                           _104_ (net)
                  0.05    0.00    3.16 v _533_/B1 (sky130_fd_sc_hd__a21o_1)
                  0.06    0.19    3.35 v _533_/X (sky130_fd_sc_hd__a21o_1)
     3    0.01                           _106_ (net)
                  0.06    0.00    3.35 v _534_/C (sky130_fd_sc_hd__and3_1)
                  0.05    0.21    3.56 v _534_/X (sky130_fd_sc_hd__and3_1)
     2    0.01                           _107_ (net)
                  0.05    0.00    3.56 v rebuffer10/A (sky130_fd_sc_hd__clkbuf_1)
                  0.04    0.11    3.67 v rebuffer10/X (sky130_fd_sc_hd__clkbuf_1)
     1    0.01                           net43 (net)
                  0.04    0.00    3.67 v _536_/B1 (sky130_fd_sc_hd__a211oi_2)
                  0.27    0.30    3.97 ^ _536_/Y (sky130_fd_sc_hd__a211oi_2)
     4    0.01                           _109_ (net)
                  0.27    0.00    3.97 ^ _539_/A1 (sky130_fd_sc_hd__o21ai_1)
                  0.09    0.16    4.12 v _539_/Y (sky130_fd_sc_hd__o21ai_1)
     2    0.01                           _112_ (net)
                  0.09    0.00    4.12 v _541_/B (sky130_fd_sc_hd__and3_1)
                  0.06    0.21    4.34 v _541_/X (sky130_fd_sc_hd__and3_1)
     4    0.01                           _114_ (net)
                  0.06    0.00    4.34 v _611_/A (sky130_fd_sc_hd__or4_1)
                  0.10    0.57    4.91 v _611_/X (sky130_fd_sc_hd__or4_1)
     2    0.01                           _182_ (net)
                  0.10    0.00    4.91 v _613_/A2 (sky130_fd_sc_hd__o21ai_1)
                  0.20    0.22    5.13 ^ _613_/Y (sky130_fd_sc_hd__o21ai_1)
     2    0.01                           _184_ (net)
                  0.20    0.00    5.13 ^ _642_/A2 (sky130_fd_sc_hd__a21bo_1)
                  0.08    0.18    5.31 ^ _642_/X (sky130_fd_sc_hd__a21bo_1)
     1    0.01                           _212_ (net)
                  0.08    0.00    5.31 ^ _643_/B (sky130_fd_sc_hd__xnor2_2)
                  0.09    0.11    5.42 ^ _643_/Y (sky130_fd_sc_hd__xnor2_2)
     1    0.00                           net19 (net)
                  0.09    0.00    5.42 ^ output19/A (sky130_fd_sc_hd__clkbuf_4)
                  0.12    0.22    5.64 ^ output19/X (sky130_fd_sc_hd__clkbuf_4)
     1    0.04                           P[11] (net)
                  0.12    0.00    5.64 ^ P[11] (out)
                                  5.64   data arrival time

                  0.00   10.00   10.00   clock clk (rise edge)
                          0.00   10.00   clock network delay (ideal)
                         -0.25    9.75   clock uncertainty
                          0.00    9.75   clock reconvergence pessimism
                         -2.00    7.75   output external delay
                                  7.75   data required time
-----------------------------------------------------------------------------
                                  7.75   data required time
                                 -5.64   data arrival time
-----------------------------------------------------------------------------
                                  2.11   slack (MET)


Startpoint: A[5] (input port clocked by clk)
Endpoint: P[10] (output port clocked by clk)
Path Group: clk
Path Type: max

Fanout     Cap    Slew   Delay    Time   Description
-----------------------------------------------------------------------------
                  0.00    0.00    0.00   clock clk (rise edge)
                          0.00    0.00   clock network delay (ideal)
                          2.00    2.00 v input external delay
                  0.01    0.00    2.00 v A[5] (in)
     1    0.00                           A[5] (net)
                  0.01    0.00    2.00 v input6/A (sky130_fd_sc_hd__buf_2)
                  0.07    0.16    2.16 v input6/X (sky130_fd_sc_hd__buf_2)
     7    0.03                           net6 (net)
                  0.07    0.00    2.16 v _415_/A (sky130_fd_sc_hd__buf_6)
                  0.04    0.15    2.31 v _415_/X (sky130_fd_sc_hd__buf_6)
    10    0.02                           _348_ (net)
                  0.04    0.00    2.31 v _445_/B1 (sky130_fd_sc_hd__a22o_1)
                  0.06    0.21    2.52 v _445_/X (sky130_fd_sc_hd__a22o_1)
     3    0.01                           _020_ (net)
                  0.06    0.00    2.52 v _485_/A2 (sky130_fd_sc_hd__a21bo_1)
                  0.05    0.22    2.74 v _485_/X (sky130_fd_sc_hd__a21bo_1)
     2    0.01                           _059_ (net)
                  0.05    0.00    2.74 v _487_/B1 (sky130_fd_sc_hd__a21o_1)
                  0.06    0.19    2.93 v _487_/X (sky130_fd_sc_hd__a21o_1)
     3    0.01                           _061_ (net)
                  0.06    0.00    2.93 v _531_/A2 (sky130_fd_sc_hd__a21bo_1)
                  0.05    0.22    3.16 v _531_/X (sky130_fd_sc_hd__a21bo_1)
     2    0.01                           _104_ (net)
                  0.05    0.00    3.16 v _533_/B1 (sky130_fd_sc_hd__a21o_1)
                  0.06    0.19    3.35 v _533_/X (sky130_fd_sc_hd__a21o_1)
     3    0.01                           _106_ (net)
                  0.06    0.00    3.35 v _534_/C (sky130_fd_sc_hd__and3_1)
                  0.05    0.21    3.56 v _534_/X (sky130_fd_sc_hd__and3_1)
     2    0.01                           _107_ (net)
                  0.05    0.00    3.56 v rebuffer10/A (sky130_fd_sc_hd__clkbuf_1)
                  0.04    0.11    3.67 v rebuffer10/X (sky130_fd_sc_hd__clkbuf_1)
     1    0.01                           net43 (net)
                  0.04    0.00    3.67 v _536_/B1 (sky130_fd_sc_hd__a211oi_2)
                  0.27    0.30    3.97 ^ _536_/Y (sky130_fd_sc_hd__a211oi_2)
     4    0.01                           _109_ (net)
                  0.27    0.00    3.97 ^ _539_/A1 (sky130_fd_sc_hd__o21ai_1)
                  0.09    0.16    4.12 v _539_/Y (sky130_fd_sc_hd__o21ai_1)
     2    0.01                           _112_ (net)
                  0.09    0.00    4.12 v _541_/B (sky130_fd_sc_hd__and3_1)
                  0.06    0.21    4.34 v _541_/X (sky130_fd_sc_hd__and3_1)
     4    0.01                           _114_ (net)
                  0.06    0.00    4.34 v _611_/A (sky130_fd_sc_hd__or4_1)
                  0.10    0.57    4.91 v _611_/X (sky130_fd_sc_hd__or4_1)
     2    0.01                           _182_ (net)
                  0.10    0.00    4.91 v _613_/A2 (sky130_fd_sc_hd__o21ai_1)
                  0.20    0.22    5.13 ^ _613_/Y (sky130_fd_sc_hd__o21ai_1)
     2    0.01                           _184_ (net)
                  0.20    0.00    5.13 ^ _614_/B (sky130_fd_sc_hd__xnor2_1)
                  0.22    0.19    5.32 ^ _614_/Y (sky130_fd_sc_hd__xnor2_1)
     1    0.01                           net18 (net)
                  0.22    0.00    5.32 ^ output18/A (sky130_fd_sc_hd__clkbuf_4)
                  0.11    0.26    5.58 ^ output18/X (sky130_fd_sc_hd__clkbuf_4)
     1    0.03                           P[10] (net)
                  0.11    0.00    5.59 ^ P[10] (out)
                                  5.59   data arrival time

                  0.00   10.00   10.00   clock clk (rise edge)
                          0.00   10.00   clock network delay (ideal)
                         -0.25    9.75   clock uncertainty
                          0.00    9.75   clock reconvergence pessimism
                         -2.00    7.75   output external delay
                                  7.75   data required time
-----------------------------------------------------------------------------
                                  7.75   data required time
                                 -5.59   data arrival time
-----------------------------------------------------------------------------
                                  2.16   slack (MET)


Startpoint: A[2] (input port clocked by clk)
Endpoint: P[9] (output port clocked by clk)
Path Group: clk
Path Type: max

Fanout     Cap    Slew   Delay    Time   Description
-----------------------------------------------------------------------------
                  0.00    0.00    0.00   clock clk (rise edge)
                          0.00    0.00   clock network delay (ideal)
                          2.00    2.00 v input external delay
                  0.01    0.01    2.01 v A[2] (in)
     1    0.00                           A[2] (net)
                  0.01    0.00    2.01 v input3/A (sky130_fd_sc_hd__clkbuf_2)
                  0.09    0.15    2.15 v input3/X (sky130_fd_sc_hd__clkbuf_2)
     6    0.02                           net3 (net)
                  0.09    0.00    2.16 v _367_/A (sky130_fd_sc_hd__clkbuf_4)
                  0.06    0.19    2.35 v _367_/X (sky130_fd_sc_hd__clkbuf_4)
    10    0.02                           _303_ (net)
                  0.06    0.00    2.35 v _380_/A2 (sky130_fd_sc_hd__a22oi_1)
                  0.19    0.22    2.57 ^ _380_/Y (sky130_fd_sc_hd__a22oi_1)
     2    0.01                           _315_ (net)
                  0.19    0.00    2.57 ^ _381_/B_N (sky130_fd_sc_hd__and4bb_1)
                  0.07    0.28    2.85 v _381_/X (sky130_fd_sc_hd__and4bb_1)
     3    0.01                           _316_ (net)
                  0.07    0.00    2.85 v _403_/C1 (sky130_fd_sc_hd__a211o_1)
                  0.06    0.26    3.11 v _403_/X (sky130_fd_sc_hd__a211o_1)
     2    0.01                           _337_ (net)
                  0.06    0.00    3.11 v _412_/A2 (sky130_fd_sc_hd__a21o_1)
                  0.05    0.20    3.31 v _412_/X (sky130_fd_sc_hd__a21o_1)
     2    0.01                           _345_ (net)
                  0.05    0.00    3.31 v _430_/A (sky130_fd_sc_hd__and3_1)
                  0.08    0.19    3.50 v _430_/X (sky130_fd_sc_hd__and3_1)
     4    0.01                           _005_ (net)
                  0.08    0.00    3.50 v _432_/A_N (sky130_fd_sc_hd__and2b_1)
                  0.10    0.26    3.76 ^ _432_/X (sky130_fd_sc_hd__and2b_1)
     1    0.01                           _007_ (net)
                  0.10    0.00    3.76 ^ _433_/B (sky130_fd_sc_hd__xnor2_2)
                  0.21    0.15    3.92 ^ _433_/Y (sky130_fd_sc_hd__xnor2_2)
     4    0.01                           _008_ (net)
                  0.21    0.00    3.92 ^ _463_/A2_N (sky130_fd_sc_hd__a2bb2o_1)
                  0.06    0.33    4.25 v _463_/X (sky130_fd_sc_hd__a2bb2o_1)
     2    0.01                           _038_ (net)
                  0.06    0.00    4.25 v _501_/A1 (sky130_fd_sc_hd__a21o_1)
                  0.07    0.21    4.46 v _501_/X (sky130_fd_sc_hd__a21o_1)
     3    0.01                           _075_ (net)
                  0.07    0.00    4.46 v _545_/A2 (sky130_fd_sc_hd__a21oi_2)
                  0.17    0.21    4.66 ^ _545_/Y (sky130_fd_sc_hd__a21oi_2)
     4    0.01                           _118_ (net)
                  0.17    0.00    4.66 ^ _582_/A2 (sky130_fd_sc_hd__o21bai_1)
                  0.07    0.11    4.78 v _582_/Y (sky130_fd_sc_hd__o21bai_1)
     1    0.01                           _154_ (net)
                  0.07    0.00    4.78 v _583_/B (sky130_fd_sc_hd__xnor2_1)
                  0.28    0.28    5.05 ^ _583_/Y (sky130_fd_sc_hd__xnor2_1)
     1    0.01                           net32 (net)
                  0.28    0.00    5.05 ^ output32/A (sky130_fd_sc_hd__clkbuf_4)
                  0.12    0.29    5.34 ^ output32/X (sky130_fd_sc_hd__clkbuf_4)
     1    0.04                           P[9] (net)
                  0.12    0.00    5.34 ^ P[9] (out)
                                  5.34   data arrival time

                  0.00   10.00   10.00   clock clk (rise edge)
                          0.00   10.00   clock network delay (ideal)
                         -0.25    9.75   clock uncertainty
                          0.00    9.75   clock reconvergence pessimism
                         -2.00    7.75   output external delay
                                  7.75   data required time
-----------------------------------------------------------------------------
                                  7.75   data required time
                                 -5.34   data arrival time
-----------------------------------------------------------------------------
                                  2.41   slack (MET)


Startpoint: A[2] (input port clocked by clk)
Endpoint: P[8] (output port clocked by clk)
Path Group: clk
Path Type: max

Fanout     Cap    Slew   Delay    Time   Description
-----------------------------------------------------------------------------
                  0.00    0.00    0.00   clock clk (rise edge)
                          0.00    0.00   clock network delay (ideal)
                          2.00    2.00 v input external delay
                  0.01    0.01    2.01 v A[2] (in)
     1    0.00                           A[2] (net)
                  0.01    0.00    2.01 v input3/A (sky130_fd_sc_hd__clkbuf_2)
                  0.09    0.15    2.15 v input3/X (sky130_fd_sc_hd__clkbuf_2)
     6    0.02                           net3 (net)
                  0.09    0.00    2.16 v _367_/A (sky130_fd_sc_hd__clkbuf_4)
                  0.06    0.19    2.35 v _367_/X (sky130_fd_sc_hd__clkbuf_4)
    10    0.02                           _303_ (net)
                  0.06    0.00    2.35 v _380_/A2 (sky130_fd_sc_hd__a22oi_1)
                  0.19    0.22    2.57 ^ _380_/Y (sky130_fd_sc_hd__a22oi_1)
     2    0.01                           _315_ (net)
                  0.19    0.00    2.57 ^ _381_/B_N (sky130_fd_sc_hd__and4bb_1)
                  0.07    0.28    2.85 v _381_/X (sky130_fd_sc_hd__and4bb_1)
     3    0.01                           _316_ (net)
                  0.07    0.00    2.85 v _403_/C1 (sky130_fd_sc_hd__a211o_1)
                  0.06    0.26    3.11 v _403_/X (sky130_fd_sc_hd__a211o_1)
     2    0.01                           _337_ (net)
                  0.06    0.00    3.11 v _412_/A2 (sky130_fd_sc_hd__a21o_1)
                  0.05    0.20    3.31 v _412_/X (sky130_fd_sc_hd__a21o_1)
     2    0.01                           _345_ (net)
                  0.05    0.00    3.31 v _430_/A (sky130_fd_sc_hd__and3_1)
                  0.08    0.19    3.50 v _430_/X (sky130_fd_sc_hd__and3_1)
     4    0.01                           _005_ (net)
                  0.08    0.00    3.50 v _432_/A_N (sky130_fd_sc_hd__and2b_1)
                  0.10    0.26    3.76 ^ _432_/X (sky130_fd_sc_hd__and2b_1)
     1    0.01                           _007_ (net)
                  0.10    0.00    3.76 ^ _433_/B (sky130_fd_sc_hd__xnor2_2)
                  0.21    0.15    3.92 ^ _433_/Y (sky130_fd_sc_hd__xnor2_2)
     4    0.01                           _008_ (net)
                  0.21    0.00    3.92 ^ _463_/A2_N (sky130_fd_sc_hd__a2bb2o_1)
                  0.06    0.33    4.25 v _463_/X (sky130_fd_sc_hd__a2bb2o_1)
     2    0.01                           _038_ (net)
                  0.06    0.00    4.25 v _501_/A1 (sky130_fd_sc_hd__a21o_1)
                  0.07    0.21    4.46 v _501_/X (sky130_fd_sc_hd__a21o_1)
     3    0.01                           _075_ (net)
                  0.07    0.00    4.46 v _545_/A2 (sky130_fd_sc_hd__a21oi_2)
                  0.17    0.21    4.66 ^ _545_/Y (sky130_fd_sc_hd__a21oi_2)
     4    0.01                           _118_ (net)
                  0.17    0.00    4.66 ^ _546_/B (sky130_fd_sc_hd__xnor2_1)
                  0.15    0.16    4.82 ^ _546_/Y (sky130_fd_sc_hd__xnor2_1)
     1    0.00                           net31 (net)
                  0.15    0.00    4.82 ^ output31/A (sky130_fd_sc_hd__clkbuf_4)
                  0.11    0.23    5.06 ^ output31/X (sky130_fd_sc_hd__clkbuf_4)
     1    0.03                           P[8] (net)
                  0.11    0.00    5.06 ^ P[8] (out)
                                  5.06   data arrival time

                  0.00   10.00   10.00   clock clk (rise edge)
                          0.00   10.00   clock network delay (ideal)
                         -0.25    9.75   clock uncertainty
                          0.00    9.75   clock reconvergence pessimism
                         -2.00    7.75   output external delay
                                  7.75   data required time
-----------------------------------------------------------------------------
                                  7.75   data required time
                                 -5.06   data arrival time
-----------------------------------------------------------------------------
                                  2.69   slack (MET)


Startpoint: A[2] (input port clocked by clk)
Endpoint: P[7] (output port clocked by clk)
Path Group: clk
Path Type: max

Fanout     Cap    Slew   Delay    Time   Description
-----------------------------------------------------------------------------
                  0.00    0.00    0.00   clock clk (rise edge)
                          0.00    0.00   clock network delay (ideal)
                          2.00    2.00 v input external delay
                  0.01    0.01    2.01 v A[2] (in)
     1    0.00                           A[2] (net)
                  0.01    0.00    2.01 v input3/A (sky130_fd_sc_hd__clkbuf_2)
                  0.09    0.15    2.15 v input3/X (sky130_fd_sc_hd__clkbuf_2)
     6    0.02                           net3 (net)
                  0.09    0.00    2.16 v _367_/A (sky130_fd_sc_hd__clkbuf_4)
                  0.06    0.19    2.35 v _367_/X (sky130_fd_sc_hd__clkbuf_4)
    10    0.02                           _303_ (net)
                  0.06    0.00    2.35 v _380_/A2 (sky130_fd_sc_hd__a22oi_1)
                  0.19    0.22    2.57 ^ _380_/Y (sky130_fd_sc_hd__a22oi_1)
     2    0.01                           _315_ (net)
                  0.19    0.00    2.57 ^ _381_/B_N (sky130_fd_sc_hd__and4bb_1)
                  0.07    0.28    2.85 v _381_/X (sky130_fd_sc_hd__and4bb_1)
     3    0.01                           _316_ (net)
                  0.07    0.00    2.85 v _403_/C1 (sky130_fd_sc_hd__a211o_1)
                  0.06    0.26    3.11 v _403_/X (sky130_fd_sc_hd__a211o_1)
     2    0.01                           _337_ (net)
                  0.06    0.00    3.11 v _412_/A2 (sky130_fd_sc_hd__a21o_1)
                  0.05    0.20    3.31 v _412_/X (sky130_fd_sc_hd__a21o_1)
     2    0.01                           _345_ (net)
                  0.05    0.00    3.31 v _430_/A (sky130_fd_sc_hd__and3_1)
                  0.08    0.19    3.50 v _430_/X (sky130_fd_sc_hd__and3_1)
     4    0.01                           _005_ (net)
                  0.08    0.00    3.50 v _432_/A_N (sky130_fd_sc_hd__and2b_1)
                  0.10    0.26    3.76 ^ _432_/X (sky130_fd_sc_hd__and2b_1)
     1    0.01                           _007_ (net)
                  0.10    0.00    3.76 ^ _433_/B (sky130_fd_sc_hd__xnor2_2)
                  0.21    0.15    3.92 ^ _433_/Y (sky130_fd_sc_hd__xnor2_2)
     4    0.01                           _008_ (net)
                  0.21    0.00    3.92 ^ _463_/A2_N (sky130_fd_sc_hd__a2bb2o_1)
                  0.06    0.33    4.25 v _463_/X (sky130_fd_sc_hd__a2bb2o_1)
     2    0.01                           _038_ (net)
                  0.06    0.00    4.25 v _501_/A1 (sky130_fd_sc_hd__a21o_1)
                  0.07    0.21    4.46 v _501_/X (sky130_fd_sc_hd__a21o_1)
     3    0.01                           _075_ (net)
                  0.07    0.00    4.46 v _502_/C (sky130_fd_sc_hd__and3_1)
                  0.04    0.20    4.65 v _502_/X (sky130_fd_sc_hd__and3_1)
     1    0.00                           _076_ (net)
                  0.04    0.00    4.65 v _504_/A (sky130_fd_sc_hd__nor2_1)
                  0.07    0.09    4.74 ^ _504_/Y (sky130_fd_sc_hd__nor2_1)
     1    0.00                           net30 (net)
                  0.07    0.00    4.74 ^ output30/A (sky130_fd_sc_hd__clkbuf_4)
                  0.11    0.20    4.95 ^ output30/X (sky130_fd_sc_hd__clkbuf_4)
     1    0.03                           P[7] (net)
                  0.11    0.00    4.95 ^ P[7] (out)
                                  4.95   data arrival time

                  0.00   10.00   10.00   clock clk (rise edge)
                          0.00   10.00   clock network delay (ideal)
                         -0.25    9.75   clock uncertainty
                          0.00    9.75   clock reconvergence pessimism
                         -2.00    7.75   output external delay
                                  7.75   data required time
-----------------------------------------------------------------------------
                                  7.75   data required time
                                 -4.95   data arrival time
-----------------------------------------------------------------------------
                                  2.80   slack (MET)


Startpoint: A[2] (input port clocked by clk)
Endpoint: P[6] (output port clocked by clk)
Path Group: clk
Path Type: max

Fanout     Cap    Slew   Delay    Time   Description
-----------------------------------------------------------------------------
                  0.00    0.00    0.00   clock clk (rise edge)
                          0.00    0.00   clock network delay (ideal)
                          2.00    2.00 v input external delay
                  0.01    0.01    2.01 v A[2] (in)
     1    0.00                           A[2] (net)
                  0.01    0.00    2.01 v input3/A (sky130_fd_sc_hd__clkbuf_2)
                  0.09    0.15    2.15 v input3/X (sky130_fd_sc_hd__clkbuf_2)
     6    0.02                           net3 (net)
                  0.09    0.00    2.16 v _367_/A (sky130_fd_sc_hd__clkbuf_4)
                  0.06    0.19    2.35 v _367_/X (sky130_fd_sc_hd__clkbuf_4)
    10    0.02                           _303_ (net)
                  0.06    0.00    2.35 v _380_/A2 (sky130_fd_sc_hd__a22oi_1)
                  0.19    0.22    2.57 ^ _380_/Y (sky130_fd_sc_hd__a22oi_1)
     2    0.01                           _315_ (net)
                  0.19    0.00    2.57 ^ _381_/B_N (sky130_fd_sc_hd__and4bb_1)
                  0.07    0.28    2.85 v _381_/X (sky130_fd_sc_hd__and4bb_1)
     3    0.01                           _316_ (net)
                  0.07    0.00    2.85 v _403_/C1 (sky130_fd_sc_hd__a211o_1)
                  0.06    0.26    3.11 v _403_/X (sky130_fd_sc_hd__a211o_1)
     2    0.01                           _337_ (net)
                  0.06    0.00    3.11 v _412_/A2 (sky130_fd_sc_hd__a21o_1)
                  0.05    0.20    3.31 v _412_/X (sky130_fd_sc_hd__a21o_1)
     2    0.01                           _345_ (net)
                  0.05    0.00    3.31 v _430_/A (sky130_fd_sc_hd__and3_1)
                  0.08    0.19    3.50 v _430_/X (sky130_fd_sc_hd__and3_1)
     4    0.01                           _005_ (net)
                  0.08    0.00    3.50 v _432_/A_N (sky130_fd_sc_hd__and2b_1)
                  0.10    0.26    3.76 ^ _432_/X (sky130_fd_sc_hd__and2b_1)
     1    0.01                           _007_ (net)
                  0.10    0.00    3.76 ^ _433_/B (sky130_fd_sc_hd__xnor2_2)
                  0.21    0.15    3.92 ^ _433_/Y (sky130_fd_sc_hd__xnor2_2)
     4    0.01                           _008_ (net)
                  0.21    0.00    3.92 ^ _462_/B_N (sky130_fd_sc_hd__and4bb_1)
                  0.06    0.27    4.19 v _462_/X (sky130_fd_sc_hd__and4bb_1)
     2    0.01                           _037_ (net)
                  0.06    0.00    4.19 v _464_/A (sky130_fd_sc_hd__or2b_1)
                  0.07    0.27    4.45 v _464_/X (sky130_fd_sc_hd__or2b_1)
     1    0.01                           _039_ (net)
                  0.07    0.00    4.45 v _466_/A (sky130_fd_sc_hd__xnor2_2)
                  0.09    0.15    4.60 ^ _466_/Y (sky130_fd_sc_hd__xnor2_2)
     1    0.00                           net29 (net)
                  0.09    0.00    4.60 ^ output29/A (sky130_fd_sc_hd__clkbuf_4)
                  0.11    0.21    4.81 ^ output29/X (sky130_fd_sc_hd__clkbuf_4)
     1    0.03                           P[6] (net)
                  0.11    0.00    4.81 ^ P[6] (out)
                                  4.81   data arrival time

                  0.00   10.00   10.00   clock clk (rise edge)
                          0.00   10.00   clock network delay (ideal)
                         -0.25    9.75   clock uncertainty
                          0.00    9.75   clock reconvergence pessimism
                         -2.00    7.75   output external delay
                                  7.75   data required time
-----------------------------------------------------------------------------
                                  7.75   data required time
                                 -4.81   data arrival time
-----------------------------------------------------------------------------
                                  2.94   slack (MET)


Startpoint: A[2] (input port clocked by clk)
Endpoint: P[5] (output port clocked by clk)
Path Group: clk
Path Type: max

Fanout     Cap    Slew   Delay    Time   Description
-----------------------------------------------------------------------------
                  0.00    0.00    0.00   clock clk (rise edge)
                          0.00    0.00   clock network delay (ideal)
                          2.00    2.00 ^ input external delay
                  0.02    0.01    2.01 ^ A[2] (in)
     1    0.00                           A[2] (net)
                  0.02    0.00    2.01 ^ input3/A (sky130_fd_sc_hd__clkbuf_2)
                  0.13    0.17    2.18 ^ input3/X (sky130_fd_sc_hd__clkbuf_2)
     6    0.02                           net3 (net)
                  0.13    0.00    2.18 ^ _367_/A (sky130_fd_sc_hd__clkbuf_4)
                  0.08    0.20    2.39 ^ _367_/X (sky130_fd_sc_hd__clkbuf_4)
    10    0.02                           _303_ (net)
                  0.08    0.00    2.39 ^ _368_/D (sky130_fd_sc_hd__and4_1)
                  0.09    0.23    2.62 ^ _368_/X (sky130_fd_sc_hd__and4_1)
     3    0.01                           _304_ (net)
                  0.09    0.00    2.62 ^ _371_/A_N (sky130_fd_sc_hd__and4bb_1)
                  0.06    0.22    2.84 v _371_/X (sky130_fd_sc_hd__and4bb_1)
     3    0.01                           _307_ (net)
                  0.06    0.00    2.84 v _384_/B (sky130_fd_sc_hd__or2_1)
                  0.08    0.26    3.09 v _384_/X (sky130_fd_sc_hd__or2_1)
     2    0.01                           _319_ (net)
                  0.08    0.00    3.09 v _385_/B (sky130_fd_sc_hd__xor2_1)
                  0.18    0.20    3.29 ^ _385_/X (sky130_fd_sc_hd__xor2_1)
     2    0.01                           _320_ (net)
                  0.18    0.00    3.29 ^ _391_/B_N (sky130_fd_sc_hd__or2b_1)
                  0.06    0.28    3.57 v _391_/X (sky130_fd_sc_hd__or2b_1)
     2    0.01                           _325_ (net)
                  0.06    0.00    3.57 v _406_/A2 (sky130_fd_sc_hd__a21o_1)
                  0.08    0.24    3.81 v _406_/X (sky130_fd_sc_hd__a21o_1)
     5    0.02                           _340_ (net)
                  0.08    0.00    3.81 v _408_/B (sky130_fd_sc_hd__nand3_1)
                  0.12    0.14    3.96 ^ _408_/Y (sky130_fd_sc_hd__nand3_1)
     3    0.01                           _342_ (net)
                  0.12    0.00    3.96 ^ _730_/B (sky130_fd_sc_hd__nand2_1)
                  0.06    0.09    4.04 v _730_/Y (sky130_fd_sc_hd__nand2_1)
     1    0.01                           _301_ (net)
                  0.06    0.00    4.04 v _731_/B (sky130_fd_sc_hd__xnor2_1)
                  0.12    0.14    4.18 ^ _731_/Y (sky130_fd_sc_hd__xnor2_1)
     1    0.00                           net28 (net)
                  0.12    0.00    4.18 ^ output28/A (sky130_fd_sc_hd__buf_2)
                  0.17    0.24    4.42 ^ output28/X (sky130_fd_sc_hd__buf_2)
     1    0.03                           P[5] (net)
                  0.17    0.00    4.42 ^ P[5] (out)
                                  4.42   data arrival time

                  0.00   10.00   10.00   clock clk (rise edge)
                          0.00   10.00   clock network delay (ideal)
                         -0.25    9.75   clock uncertainty
                          0.00    9.75   clock reconvergence pessimism
                         -2.00    7.75   output external delay
                                  7.75   data required time
-----------------------------------------------------------------------------
                                  7.75   data required time
                                 -4.42   data arrival time
-----------------------------------------------------------------------------
                                  3.33   slack (MET)


Startpoint: A[2] (input port clocked by clk)
Endpoint: P[4] (output port clocked by clk)
Path Group: clk
Path Type: max

Fanout     Cap    Slew   Delay    Time   Description
-----------------------------------------------------------------------------
                  0.00    0.00    0.00   clock clk (rise edge)
                          0.00    0.00   clock network delay (ideal)
                          2.00    2.00 ^ input external delay
                  0.02    0.01    2.01 ^ A[2] (in)
     1    0.00                           A[2] (net)
                  0.02    0.00    2.01 ^ input3/A (sky130_fd_sc_hd__clkbuf_2)
                  0.13    0.17    2.18 ^ input3/X (sky130_fd_sc_hd__clkbuf_2)
     6    0.02                           net3 (net)
                  0.13    0.00    2.18 ^ _367_/A (sky130_fd_sc_hd__clkbuf_4)
                  0.08    0.20    2.39 ^ _367_/X (sky130_fd_sc_hd__clkbuf_4)
    10    0.02                           _303_ (net)
                  0.08    0.00    2.39 ^ _368_/D (sky130_fd_sc_hd__and4_1)
                  0.09    0.23    2.62 ^ _368_/X (sky130_fd_sc_hd__and4_1)
     3    0.01                           _304_ (net)
                  0.09    0.00    2.62 ^ _371_/A_N (sky130_fd_sc_hd__and4bb_1)
                  0.06    0.22    2.84 v _371_/X (sky130_fd_sc_hd__and4bb_1)
     3    0.01                           _307_ (net)
                  0.06    0.00    2.84 v _384_/B (sky130_fd_sc_hd__or2_1)
                  0.08    0.26    3.09 v _384_/X (sky130_fd_sc_hd__or2_1)
     2    0.01                           _319_ (net)
                  0.08    0.00    3.09 v _385_/B (sky130_fd_sc_hd__xor2_1)
                  0.18    0.20    3.29 ^ _385_/X (sky130_fd_sc_hd__xor2_1)
     2    0.01                           _320_ (net)
                  0.18    0.00    3.29 ^ _391_/B_N (sky130_fd_sc_hd__or2b_1)
                  0.06    0.28    3.57 v _391_/X (sky130_fd_sc_hd__or2b_1)
     2    0.01                           _325_ (net)
                  0.06    0.00    3.57 v _406_/A2 (sky130_fd_sc_hd__a21o_1)
                  0.08    0.24    3.81 v _406_/X (sky130_fd_sc_hd__a21o_1)
     5    0.02                           _340_ (net)
                  0.08    0.00    3.81 v _409_/A1 (sky130_fd_sc_hd__a21o_1)
                  0.03    0.17    3.98 v _409_/X (sky130_fd_sc_hd__a21o_1)
     1    0.00                           _343_ (net)
                  0.03    0.00    3.98 v _410_/B (sky130_fd_sc_hd__and2_1)
                  0.04    0.16    4.14 v _410_/X (sky130_fd_sc_hd__and2_1)
     1    0.00                           _344_ (net)
                  0.04    0.00    4.14 v _411_/A (sky130_fd_sc_hd__clkbuf_1)
                  0.03    0.09    4.23 v _411_/X (sky130_fd_sc_hd__clkbuf_1)
     1    0.00                           net27 (net)
                  0.03    0.00    4.23 v output27/A (sky130_fd_sc_hd__clkbuf_4)
                  0.08    0.18    4.41 v output27/X (sky130_fd_sc_hd__clkbuf_4)
     1    0.03                           P[4] (net)
                  0.08    0.00    4.41 v P[4] (out)
                                  4.41   data arrival time

                  0.00   10.00   10.00   clock clk (rise edge)
                          0.00   10.00   clock network delay (ideal)
                         -0.25    9.75   clock uncertainty
                          0.00    9.75   clock reconvergence pessimism
                         -2.00    7.75   output external delay
                                  7.75   data required time
-----------------------------------------------------------------------------
                                  7.75   data required time
                                 -4.41   data arrival time
-----------------------------------------------------------------------------
                                  3.34   slack (MET)


Startpoint: A[2] (input port clocked by clk)
Endpoint: P[3] (output port clocked by clk)
Path Group: clk
Path Type: max

Fanout     Cap    Slew   Delay    Time   Description
-----------------------------------------------------------------------------
                  0.00    0.00    0.00   clock clk (rise edge)
                          0.00    0.00   clock network delay (ideal)
                          2.00    2.00 ^ input external delay
                  0.02    0.01    2.01 ^ A[2] (in)
     1    0.00                           A[2] (net)
                  0.02    0.00    2.01 ^ input3/A (sky130_fd_sc_hd__clkbuf_2)
                  0.13    0.17    2.18 ^ input3/X (sky130_fd_sc_hd__clkbuf_2)
     6    0.02                           net3 (net)
                  0.13    0.00    2.18 ^ _367_/A (sky130_fd_sc_hd__clkbuf_4)
                  0.08    0.20    2.39 ^ _367_/X (sky130_fd_sc_hd__clkbuf_4)
    10    0.02                           _303_ (net)
                  0.08    0.00    2.39 ^ _368_/D (sky130_fd_sc_hd__and4_1)
                  0.09    0.23    2.62 ^ _368_/X (sky130_fd_sc_hd__and4_1)
     3    0.01                           _304_ (net)
                  0.09    0.00    2.62 ^ _371_/A_N (sky130_fd_sc_hd__and4bb_1)
                  0.06    0.22    2.84 v _371_/X (sky130_fd_sc_hd__and4bb_1)
     3    0.01                           _307_ (net)
                  0.06    0.00    2.84 v _384_/B (sky130_fd_sc_hd__or2_1)
                  0.08    0.26    3.09 v _384_/X (sky130_fd_sc_hd__or2_1)
     2    0.01                           _319_ (net)
                  0.08    0.00    3.09 v _385_/B (sky130_fd_sc_hd__xor2_1)
                  0.07    0.17    3.27 v _385_/X (sky130_fd_sc_hd__xor2_1)
     2    0.01                           _320_ (net)
                  0.07    0.00    3.27 v _386_/B (sky130_fd_sc_hd__xnor2_1)
                  0.06    0.15    3.41 v _386_/Y (sky130_fd_sc_hd__xnor2_1)
     2    0.00                           _321_ (net)
                  0.06    0.00    3.41 v _387_/B (sky130_fd_sc_hd__and2_1)
                  0.07    0.20    3.61 v _387_/X (sky130_fd_sc_hd__and2_1)
     3    0.01                           _322_ (net)
                  0.07    0.00    3.61 v _389_/A (sky130_fd_sc_hd__nor2_1)
                  0.11    0.13    3.75 ^ _389_/Y (sky130_fd_sc_hd__nor2_1)
     1    0.00                           net26 (net)
                  0.11    0.00    3.75 ^ output26/A (sky130_fd_sc_hd__clkbuf_4)
                  0.12    0.23    3.97 ^ output26/X (sky130_fd_sc_hd__clkbuf_4)
     1    0.04                           P[3] (net)
                  0.12    0.00    3.97 ^ P[3] (out)
                                  3.97   data arrival time

                  0.00   10.00   10.00   clock clk (rise edge)
                          0.00   10.00   clock network delay (ideal)
                         -0.25    9.75   clock uncertainty
                          0.00    9.75   clock reconvergence pessimism
                         -2.00    7.75   output external delay
                                  7.75   data required time
-----------------------------------------------------------------------------
                                  7.75   data required time
                                 -3.97   data arrival time
-----------------------------------------------------------------------------
                                  3.78   slack (MET)


Startpoint: A[2] (input port clocked by clk)
Endpoint: P[2] (output port clocked by clk)
Path Group: clk
Path Type: max

Fanout     Cap    Slew   Delay    Time   Description
-----------------------------------------------------------------------------
                  0.00    0.00    0.00   clock clk (rise edge)
                          0.00    0.00   clock network delay (ideal)
                          2.00    2.00 v input external delay
                  0.01    0.01    2.01 v A[2] (in)
     1    0.00                           A[2] (net)
                  0.01    0.00    2.01 v input3/A (sky130_fd_sc_hd__clkbuf_2)
                  0.09    0.15    2.15 v input3/X (sky130_fd_sc_hd__clkbuf_2)
     6    0.02                           net3 (net)
                  0.09    0.00    2.16 v _367_/A (sky130_fd_sc_hd__clkbuf_4)
                  0.06    0.19    2.35 v _367_/X (sky130_fd_sc_hd__clkbuf_4)
    10    0.02                           _303_ (net)
                  0.06    0.00    2.35 v _368_/D (sky130_fd_sc_hd__and4_1)
                  0.05    0.23    2.58 v _368_/X (sky130_fd_sc_hd__and4_1)
     3    0.01                           _304_ (net)
                  0.05    0.00    2.58 v _372_/B1 (sky130_fd_sc_hd__o2bb2a_1)
                  0.07    0.32    2.89 v _372_/X (sky130_fd_sc_hd__o2bb2a_1)
     2    0.01                           _308_ (net)
                  0.07    0.00    2.89 v _373_/B (sky130_fd_sc_hd__or2_1)
                  0.06    0.24    3.13 v _373_/X (sky130_fd_sc_hd__or2_1)
     1    0.01                           _309_ (net)
                  0.06    0.00    3.13 v _374_/B (sky130_fd_sc_hd__xnor2_1)
                  0.12    0.14    3.28 ^ _374_/Y (sky130_fd_sc_hd__xnor2_1)
     1    0.00                           net25 (net)
                  0.12    0.00    3.28 ^ output25/A (sky130_fd_sc_hd__buf_2)
                  0.17    0.24    3.51 ^ output25/X (sky130_fd_sc_hd__buf_2)
     1    0.03                           P[2] (net)
                  0.17    0.00    3.51 ^ P[2] (out)
                                  3.51   data arrival time

                  0.00   10.00   10.00   clock clk (rise edge)
                          0.00   10.00   clock network delay (ideal)
                         -0.25    9.75   clock uncertainty
                          0.00    9.75   clock reconvergence pessimism
                         -2.00    7.75   output external delay
                                  7.75   data required time
-----------------------------------------------------------------------------
                                  7.75   data required time
                                 -3.51   data arrival time
-----------------------------------------------------------------------------
                                  4.24   slack (MET)


Startpoint: B[1] (input port clocked by clk)
Endpoint: P[1] (output port clocked by clk)
Path Group: clk
Path Type: max

Fanout     Cap    Slew   Delay    Time   Description
-----------------------------------------------------------------------------
                  0.00    0.00    0.00   clock clk (rise edge)
                          0.00    0.00   clock network delay (ideal)
                          2.00    2.00 v input external delay
                  0.01    0.01    2.01 v B[1] (in)
     1    0.00                           B[1] (net)
                  0.01    0.00    2.01 v input10/A (sky130_fd_sc_hd__buf_4)
                  0.04    0.14    2.15 v input10/X (sky130_fd_sc_hd__buf_4)
     8    0.02                           net10 (net)
                  0.04    0.00    2.15 v _363_/A (sky130_fd_sc_hd__buf_2)
                  0.08    0.18    2.33 v _363_/X (sky130_fd_sc_hd__buf_2)
    10    0.03                           _286_ (net)
                  0.08    0.00    2.33 v _365_/D (sky130_fd_sc_hd__and4_1)
                  0.08    0.27    2.60 v _365_/X (sky130_fd_sc_hd__and4_1)
     3    0.01                           _302_ (net)
                  0.08    0.00    2.60 v _366_/B (sky130_fd_sc_hd__nor2_1)
                  0.23    0.22    2.82 ^ _366_/Y (sky130_fd_sc_hd__nor2_1)
     1    0.01                           net24 (net)
                  0.23    0.00    2.82 ^ output24/A (sky130_fd_sc_hd__clkbuf_4)
                  0.11    0.26    3.08 ^ output24/X (sky130_fd_sc_hd__clkbuf_4)
     1    0.03                           P[1] (net)
                  0.11    0.00    3.08 ^ P[1] (out)
                                  3.08   data arrival time

                  0.00   10.00   10.00   clock clk (rise edge)
                          0.00   10.00   clock network delay (ideal)
                         -0.25    9.75   clock uncertainty
                          0.00    9.75   clock reconvergence pessimism
                         -2.00    7.75   output external delay
                                  7.75   data required time
-----------------------------------------------------------------------------
                                  7.75   data required time
                                 -3.08   data arrival time
-----------------------------------------------------------------------------
                                  4.67   slack (MET)


Startpoint: B[0] (input port clocked by clk)
Endpoint: P[0] (output port clocked by clk)
Path Group: clk
Path Type: max

Fanout     Cap    Slew   Delay    Time   Description
-----------------------------------------------------------------------------
                  0.00    0.00    0.00   clock clk (rise edge)
                          0.00    0.00   clock network delay (ideal)
                          2.00    2.00 ^ input external delay
                  0.03    0.02    2.02 ^ B[0] (in)
     1    0.01                           B[0] (net)
                  0.03    0.00    2.02 ^ input9/A (sky130_fd_sc_hd__buf_6)
                  0.08    0.13    2.15 ^ input9/X (sky130_fd_sc_hd__buf_6)
    10    0.04                           net9 (net)
                  0.08    0.00    2.15 ^ _358_/A (sky130_fd_sc_hd__buf_2)
                  0.15    0.20    2.36 ^ _358_/X (sky130_fd_sc_hd__buf_2)
    10    0.03                           _234_ (net)
                  0.15    0.00    2.36 ^ _360_/A (sky130_fd_sc_hd__and2_1)
                  0.12    0.21    2.57 ^ _360_/X (sky130_fd_sc_hd__and2_1)
     1    0.01                           _255_ (net)
                  0.12    0.00    2.57 ^ _361_/A (sky130_fd_sc_hd__clkbuf_1)
                  0.04    0.10    2.67 ^ _361_/X (sky130_fd_sc_hd__clkbuf_1)
     1    0.00                           net17 (net)
                  0.04    0.00    2.67 ^ output17/A (sky130_fd_sc_hd__clkbuf_4)
                  0.11    0.19    2.86 ^ output17/X (sky130_fd_sc_hd__clkbuf_4)
     1    0.03                           P[0] (net)
                  0.11    0.00    2.86 ^ P[0] (out)
                                  2.86   data arrival time

                  0.00   10.00   10.00   clock clk (rise edge)
                          0.00   10.00   clock network delay (ideal)
                         -0.25    9.75   clock uncertainty
                          0.00    9.75   clock reconvergence pessimism
                         -2.00    7.75   output external delay
                                  7.75   data required time
-----------------------------------------------------------------------------
                                  7.75   data required time
                                 -2.86   data arrival time
-----------------------------------------------------------------------------
                                  4.89   slack (MET)



