
===========================================================================
report_checks -path_delay max (Setup)
============================================================================
======================= Typical Corner ===================================

Startpoint: A[5] (input port clocked by clk)
Endpoint: P[14] (output port clocked by clk)
Path Group: clk
Path Type: max

Fanout     Cap    Slew   Delay    Time   Description
-----------------------------------------------------------------------------
                  0.00    0.00    0.00   clock clk (rise edge)
                          0.00    0.00   clock network delay (ideal)
                          2.00    2.00 v input external delay
                  0.01    0.01    2.01 v A[5] (in)
     1    0.00                           A[5] (net)
                  0.01    0.00    2.01 v input6/A (sky130_fd_sc_hd__clkbuf_4)
                  0.05    0.15    2.15 v input6/X (sky130_fd_sc_hd__clkbuf_4)
     7    0.02                           net6 (net)
                  0.05    0.00    2.15 v _415_/A (sky130_fd_sc_hd__buf_6)
                  0.04    0.14    2.29 v _415_/X (sky130_fd_sc_hd__buf_6)
    10    0.02                           _348_ (net)
                  0.04    0.00    2.29 v _445_/B1 (sky130_fd_sc_hd__a22o_1)
                  0.06    0.21    2.50 v _445_/X (sky130_fd_sc_hd__a22o_1)
     3    0.01                           _020_ (net)
                  0.06    0.00    2.50 v _485_/A2 (sky130_fd_sc_hd__a21bo_1)
                  0.05    0.22    2.72 v _485_/X (sky130_fd_sc_hd__a21bo_1)
     2    0.01                           _059_ (net)
                  0.05    0.00    2.72 v _487_/B1 (sky130_fd_sc_hd__a21o_1)
                  0.06    0.19    2.91 v _487_/X (sky130_fd_sc_hd__a21o_1)
     3    0.01                           _061_ (net)
                  0.06    0.00    2.91 v _531_/A2 (sky130_fd_sc_hd__a21bo_1)
                  0.07    0.24    3.15 v _531_/X (sky130_fd_sc_hd__a21bo_1)
     2    0.01                           _104_ (net)
                  0.07    0.00    3.15 v _533_/B1 (sky130_fd_sc_hd__a21o_1)
                  0.06    0.20    3.35 v _533_/X (sky130_fd_sc_hd__a21o_1)
     3    0.01                           _106_ (net)
                  0.06    0.00    3.35 v _534_/C (sky130_fd_sc_hd__and3_1)
                  0.05    0.21    3.56 v _534_/X (sky130_fd_sc_hd__and3_1)
     2    0.01                           _107_ (net)
                  0.05    0.00    3.56 v _537_/A1 (sky130_fd_sc_hd__o211a_1)
                  0.05    0.24    3.80 v _537_/X (sky130_fd_sc_hd__o211a_1)
     2    0.01                           _110_ (net)
                  0.05    0.00    3.80 v _538_/C (sky130_fd_sc_hd__or3_4)
                  0.07    0.34    4.15 v _538_/X (sky130_fd_sc_hd__or3_4)
     2    0.01                           _111_ (net)
                  0.07    0.00    4.15 v _541_/A (sky130_fd_sc_hd__and3_1)
                  0.06    0.18    4.33 v _541_/X (sky130_fd_sc_hd__and3_1)
     4    0.01                           _114_ (net)
                  0.06    0.00    4.33 v _611_/A (sky130_fd_sc_hd__or4_4)
                  0.09    0.57    4.90 v _611_/X (sky130_fd_sc_hd__or4_4)
     2    0.01                           _182_ (net)
                  0.09    0.00    4.90 v _646_/C (sky130_fd_sc_hd__or4_4)
                  0.10    0.53    5.43 v _646_/X (sky130_fd_sc_hd__or4_4)
     2    0.01                           _215_ (net)
                  0.10    0.00    5.43 v _673_/A2 (sky130_fd_sc_hd__a21oi_4)
                  0.18    0.23    5.66 ^ _673_/Y (sky130_fd_sc_hd__a21oi_4)
     4    0.02                           _243_ (net)
                  0.18    0.00    5.66 ^ _720_/A2 (sky130_fd_sc_hd__o31a_1)
                  0.12    0.22    5.88 ^ _720_/X (sky130_fd_sc_hd__o31a_1)
     1    0.01                           _292_ (net)
                  0.12    0.00    5.88 ^ _721_/B (sky130_fd_sc_hd__xnor2_2)
                  0.12    0.13    6.01 ^ _721_/Y (sky130_fd_sc_hd__xnor2_2)
     1    0.00                           net22 (net)
                  0.12    0.00    6.01 ^ output22/A (sky130_fd_sc_hd__buf_6)
                  0.08    0.16    6.17 ^ output22/X (sky130_fd_sc_hd__buf_6)
     1    0.03                           P[14] (net)
                  0.08    0.00    6.17 ^ P[14] (out)
                                  6.17   data arrival time

                  0.00   10.00   10.00   clock clk (rise edge)
                          0.00   10.00   clock network delay (ideal)
                         -0.25    9.75   clock uncertainty
                          0.00    9.75   clock reconvergence pessimism
                         -2.00    7.75   output external delay
                                  7.75   data required time
-----------------------------------------------------------------------------
                                  7.75   data required time
                                 -6.17   data arrival time
-----------------------------------------------------------------------------
                                  1.58   slack (MET)


Startpoint: A[5] (input port clocked by clk)
Endpoint: P[13] (output port clocked by clk)
Path Group: clk
Path Type: max

Fanout     Cap    Slew   Delay    Time   Description
-----------------------------------------------------------------------------
                  0.00    0.00    0.00   clock clk (rise edge)
                          0.00    0.00   clock network delay (ideal)
                          2.00    2.00 v input external delay
                  0.01    0.01    2.01 v A[5] (in)
     1    0.00                           A[5] (net)
                  0.01    0.00    2.01 v input6/A (sky130_fd_sc_hd__clkbuf_4)
                  0.05    0.15    2.15 v input6/X (sky130_fd_sc_hd__clkbuf_4)
     7    0.02                           net6 (net)
                  0.05    0.00    2.15 v _415_/A (sky130_fd_sc_hd__buf_6)
                  0.04    0.14    2.29 v _415_/X (sky130_fd_sc_hd__buf_6)
    10    0.02                           _348_ (net)
                  0.04    0.00    2.29 v _445_/B1 (sky130_fd_sc_hd__a22o_1)
                  0.06    0.21    2.50 v _445_/X (sky130_fd_sc_hd__a22o_1)
     3    0.01                           _020_ (net)
                  0.06    0.00    2.50 v _485_/A2 (sky130_fd_sc_hd__a21bo_1)
                  0.05    0.22    2.72 v _485_/X (sky130_fd_sc_hd__a21bo_1)
     2    0.01                           _059_ (net)
                  0.05    0.00    2.72 v _487_/B1 (sky130_fd_sc_hd__a21o_1)
                  0.06    0.19    2.91 v _487_/X (sky130_fd_sc_hd__a21o_1)
     3    0.01                           _061_ (net)
                  0.06    0.00    2.91 v _531_/A2 (sky130_fd_sc_hd__a21bo_1)
                  0.07    0.24    3.15 v _531_/X (sky130_fd_sc_hd__a21bo_1)
     2    0.01                           _104_ (net)
                  0.07    0.00    3.15 v _533_/B1 (sky130_fd_sc_hd__a21o_1)
                  0.06    0.20    3.35 v _533_/X (sky130_fd_sc_hd__a21o_1)
     3    0.01                           _106_ (net)
                  0.06    0.00    3.35 v _534_/C (sky130_fd_sc_hd__and3_1)
                  0.05    0.21    3.56 v _534_/X (sky130_fd_sc_hd__and3_1)
     2    0.01                           _107_ (net)
                  0.05    0.00    3.56 v _537_/A1 (sky130_fd_sc_hd__o211a_1)
                  0.05    0.24    3.80 v _537_/X (sky130_fd_sc_hd__o211a_1)
     2    0.01                           _110_ (net)
                  0.05    0.00    3.80 v _538_/C (sky130_fd_sc_hd__or3_4)
                  0.07    0.34    4.15 v _538_/X (sky130_fd_sc_hd__or3_4)
     2    0.01                           _111_ (net)
                  0.07    0.00    4.15 v _541_/A (sky130_fd_sc_hd__and3_1)
                  0.06    0.18    4.33 v _541_/X (sky130_fd_sc_hd__and3_1)
     4    0.01                           _114_ (net)
                  0.06    0.00    4.33 v _611_/A (sky130_fd_sc_hd__or4_4)
                  0.09    0.57    4.90 v _611_/X (sky130_fd_sc_hd__or4_4)
     2    0.01                           _182_ (net)
                  0.09    0.00    4.90 v _646_/C (sky130_fd_sc_hd__or4_4)
                  0.10    0.53    5.43 v _646_/X (sky130_fd_sc_hd__or4_4)
     2    0.01                           _215_ (net)
                  0.10    0.00    5.43 v _673_/A2 (sky130_fd_sc_hd__a21oi_4)
                  0.18    0.23    5.66 ^ _673_/Y (sky130_fd_sc_hd__a21oi_4)
     4    0.02                           _243_ (net)
                  0.18    0.00    5.66 ^ _699_/B (sky130_fd_sc_hd__or2_1)
                  0.06    0.15    5.81 ^ _699_/X (sky130_fd_sc_hd__or2_1)
     1    0.01                           _270_ (net)
                  0.06    0.00    5.81 ^ _700_/B (sky130_fd_sc_hd__xnor2_1)
                  0.12    0.12    5.93 ^ _700_/Y (sky130_fd_sc_hd__xnor2_1)
     1    0.00                           net21 (net)
                  0.12    0.00    5.93 ^ output21/A (sky130_fd_sc_hd__clkbuf_4)
                  0.11    0.23    6.15 ^ output21/X (sky130_fd_sc_hd__clkbuf_4)
     1    0.03                           P[13] (net)
                  0.11    0.00    6.16 ^ P[13] (out)
                                  6.16   data arrival time

                  0.00   10.00   10.00   clock clk (rise edge)
                          0.00   10.00   clock network delay (ideal)
                         -0.25    9.75   clock uncertainty
                          0.00    9.75   clock reconvergence pessimism
                         -2.00    7.75   output external delay
                                  7.75   data required time
-----------------------------------------------------------------------------
                                  7.75   data required time
                                 -6.16   data arrival time
-----------------------------------------------------------------------------
                                  1.59   slack (MET)


Startpoint: A[5] (input port clocked by clk)
Endpoint: P[15] (output port clocked by clk)
Path Group: clk
Path Type: max

Fanout     Cap    Slew   Delay    Time   Description
-----------------------------------------------------------------------------
                  0.00    0.00    0.00   clock clk (rise edge)
                          0.00    0.00   clock network delay (ideal)
                          2.00    2.00 v input external delay
                  0.01    0.01    2.01 v A[5] (in)
     1    0.00                           A[5] (net)
                  0.01    0.00    2.01 v input6/A (sky130_fd_sc_hd__clkbuf_4)
                  0.05    0.15    2.15 v input6/X (sky130_fd_sc_hd__clkbuf_4)
     7    0.02                           net6 (net)
                  0.05    0.00    2.15 v _415_/A (sky130_fd_sc_hd__buf_6)
                  0.04    0.14    2.29 v _415_/X (sky130_fd_sc_hd__buf_6)
    10    0.02                           _348_ (net)
                  0.04    0.00    2.29 v _445_/B1 (sky130_fd_sc_hd__a22o_1)
                  0.06    0.21    2.50 v _445_/X (sky130_fd_sc_hd__a22o_1)
     3    0.01                           _020_ (net)
                  0.06    0.00    2.50 v _485_/A2 (sky130_fd_sc_hd__a21bo_1)
                  0.05    0.22    2.72 v _485_/X (sky130_fd_sc_hd__a21bo_1)
     2    0.01                           _059_ (net)
                  0.05    0.00    2.72 v _487_/B1 (sky130_fd_sc_hd__a21o_1)
                  0.06    0.19    2.91 v _487_/X (sky130_fd_sc_hd__a21o_1)
     3    0.01                           _061_ (net)
                  0.06    0.00    2.91 v _531_/A2 (sky130_fd_sc_hd__a21bo_1)
                  0.07    0.24    3.15 v _531_/X (sky130_fd_sc_hd__a21bo_1)
     2    0.01                           _104_ (net)
                  0.07    0.00    3.15 v _533_/B1 (sky130_fd_sc_hd__a21o_1)
                  0.06    0.20    3.35 v _533_/X (sky130_fd_sc_hd__a21o_1)
     3    0.01                           _106_ (net)
                  0.06    0.00    3.35 v _534_/C (sky130_fd_sc_hd__and3_1)
                  0.05    0.21    3.56 v _534_/X (sky130_fd_sc_hd__and3_1)
     2    0.01                           _107_ (net)
                  0.05    0.00    3.56 v _537_/A1 (sky130_fd_sc_hd__o211a_1)
                  0.05    0.24    3.80 v _537_/X (sky130_fd_sc_hd__o211a_1)
     2    0.01                           _110_ (net)
                  0.05    0.00    3.80 v _538_/C (sky130_fd_sc_hd__or3_4)
                  0.07    0.34    4.15 v _538_/X (sky130_fd_sc_hd__or3_4)
     2    0.01                           _111_ (net)
                  0.07    0.00    4.15 v _541_/A (sky130_fd_sc_hd__and3_1)
                  0.06    0.18    4.33 v _541_/X (sky130_fd_sc_hd__and3_1)
     4    0.01                           _114_ (net)
                  0.06    0.00    4.33 v _611_/A (sky130_fd_sc_hd__or4_4)
                  0.09    0.57    4.90 v _611_/X (sky130_fd_sc_hd__or4_4)
     2    0.01                           _182_ (net)
                  0.09    0.00    4.90 v _646_/C (sky130_fd_sc_hd__or4_4)
                  0.10    0.53    5.43 v _646_/X (sky130_fd_sc_hd__or4_4)
     2    0.01                           _215_ (net)
                  0.10    0.00    5.43 v _673_/A2 (sky130_fd_sc_hd__a21oi_4)
                  0.18    0.23    5.66 ^ _673_/Y (sky130_fd_sc_hd__a21oi_4)
     4    0.02                           _243_ (net)
                  0.18    0.00    5.66 ^ _723_/A2 (sky130_fd_sc_hd__o311ai_4)
                  0.09    0.13    5.79 v _723_/Y (sky130_fd_sc_hd__o311ai_4)
     1    0.01                           _294_ (net)
                  0.09    0.00    5.79 v _729_/B1 (sky130_fd_sc_hd__o211a_1)
                  0.05    0.16    5.95 v _729_/X (sky130_fd_sc_hd__o211a_1)
     1    0.01                           net23 (net)
                  0.05    0.00    5.95 v output23/A (sky130_fd_sc_hd__clkbuf_4)
                  0.09    0.20    6.15 v output23/X (sky130_fd_sc_hd__clkbuf_4)
     1    0.04                           P[15] (net)
                  0.09    0.00    6.15 v P[15] (out)
                                  6.15   data arrival time

                  0.00   10.00   10.00   clock clk (rise edge)
                          0.00   10.00   clock network delay (ideal)
                         -0.25    9.75   clock uncertainty
                          0.00    9.75   clock reconvergence pessimism
                         -2.00    7.75   output external delay
                                  7.75   data required time
-----------------------------------------------------------------------------
                                  7.75   data required time
                                 -6.15   data arrival time
-----------------------------------------------------------------------------
                                  1.60   slack (MET)


Startpoint: A[5] (input port clocked by clk)
Endpoint: P[12] (output port clocked by clk)
Path Group: clk
Path Type: max

Fanout     Cap    Slew   Delay    Time   Description
-----------------------------------------------------------------------------
                  0.00    0.00    0.00   clock clk (rise edge)
                          0.00    0.00   clock network delay (ideal)
                          2.00    2.00 v input external delay
                  0.01    0.01    2.01 v A[5] (in)
     1    0.00                           A[5] (net)
                  0.01    0.00    2.01 v input6/A (sky130_fd_sc_hd__clkbuf_4)
                  0.05    0.15    2.15 v input6/X (sky130_fd_sc_hd__clkbuf_4)
     7    0.02                           net6 (net)
                  0.05    0.00    2.15 v _415_/A (sky130_fd_sc_hd__buf_6)
                  0.04    0.14    2.29 v _415_/X (sky130_fd_sc_hd__buf_6)
    10    0.02                           _348_ (net)
                  0.04    0.00    2.29 v _445_/B1 (sky130_fd_sc_hd__a22o_1)
                  0.06    0.21    2.50 v _445_/X (sky130_fd_sc_hd__a22o_1)
     3    0.01                           _020_ (net)
                  0.06    0.00    2.50 v _485_/A2 (sky130_fd_sc_hd__a21bo_1)
                  0.05    0.22    2.72 v _485_/X (sky130_fd_sc_hd__a21bo_1)
     2    0.01                           _059_ (net)
                  0.05    0.00    2.72 v _487_/B1 (sky130_fd_sc_hd__a21o_1)
                  0.06    0.19    2.91 v _487_/X (sky130_fd_sc_hd__a21o_1)
     3    0.01                           _061_ (net)
                  0.06    0.00    2.91 v _531_/A2 (sky130_fd_sc_hd__a21bo_1)
                  0.07    0.24    3.15 v _531_/X (sky130_fd_sc_hd__a21bo_1)
     2    0.01                           _104_ (net)
                  0.07    0.00    3.15 v _533_/B1 (sky130_fd_sc_hd__a21o_1)
                  0.06    0.20    3.35 v _533_/X (sky130_fd_sc_hd__a21o_1)
     3    0.01                           _106_ (net)
                  0.06    0.00    3.35 v _534_/C (sky130_fd_sc_hd__and3_1)
                  0.05    0.21    3.56 v _534_/X (sky130_fd_sc_hd__and3_1)
     2    0.01                           _107_ (net)
                  0.05    0.00    3.56 v _537_/A1 (sky130_fd_sc_hd__o211a_1)
                  0.05    0.24    3.80 v _537_/X (sky130_fd_sc_hd__o211a_1)
     2    0.01                           _110_ (net)
                  0.05    0.00    3.80 v _538_/C (sky130_fd_sc_hd__or3_4)
                  0.07    0.34    4.15 v _538_/X (sky130_fd_sc_hd__or3_4)
     2    0.01                           _111_ (net)
                  0.07    0.00    4.15 v _541_/A (sky130_fd_sc_hd__and3_1)
                  0.06    0.18    4.33 v _541_/X (sky130_fd_sc_hd__and3_1)
     4    0.01                           _114_ (net)
                  0.06    0.00    4.33 v _611_/A (sky130_fd_sc_hd__or4_4)
                  0.09    0.57    4.90 v _611_/X (sky130_fd_sc_hd__or4_4)
     2    0.01                           _182_ (net)
                  0.09    0.00    4.90 v _646_/C (sky130_fd_sc_hd__or4_4)
                  0.10    0.53    5.43 v _646_/X (sky130_fd_sc_hd__or4_4)
     2    0.01                           _215_ (net)
                  0.10    0.00    5.43 v _674_/C (sky130_fd_sc_hd__and3_1)
                  0.04    0.21    5.64 v _674_/X (sky130_fd_sc_hd__and3_1)
     1    0.00                           _244_ (net)
                  0.04    0.00    5.64 v _675_/B (sky130_fd_sc_hd__nor2_1)
                  0.09    0.09    5.73 ^ _675_/Y (sky130_fd_sc_hd__nor2_1)
     1    0.00                           net20 (net)
                  0.09    0.00    5.73 ^ output20/A (sky130_fd_sc_hd__clkbuf_4)
                  0.11    0.21    5.94 ^ output20/X (sky130_fd_sc_hd__clkbuf_4)
     1    0.03                           P[12] (net)
                  0.11    0.00    5.95 ^ P[12] (out)
                                  5.95   data arrival time

                  0.00   10.00   10.00   clock clk (rise edge)
                          0.00   10.00   clock network delay (ideal)
                         -0.25    9.75   clock uncertainty
                          0.00    9.75   clock reconvergence pessimism
                         -2.00    7.75   output external delay
                                  7.75   data required time
-----------------------------------------------------------------------------
                                  7.75   data required time
                                 -5.95   data arrival time
-----------------------------------------------------------------------------
                                  1.80   slack (MET)


Startpoint: A[5] (input port clocked by clk)
Endpoint: P[11] (output port clocked by clk)
Path Group: clk
Path Type: max

Fanout     Cap    Slew   Delay    Time   Description
-----------------------------------------------------------------------------
                  0.00    0.00    0.00   clock clk (rise edge)
                          0.00    0.00   clock network delay (ideal)
                          2.00    2.00 v input external delay
                  0.01    0.01    2.01 v A[5] (in)
     1    0.00                           A[5] (net)
                  0.01    0.00    2.01 v input6/A (sky130_fd_sc_hd__clkbuf_4)
                  0.05    0.15    2.15 v input6/X (sky130_fd_sc_hd__clkbuf_4)
     7    0.02                           net6 (net)
                  0.05    0.00    2.15 v _415_/A (sky130_fd_sc_hd__buf_6)
                  0.04    0.14    2.29 v _415_/X (sky130_fd_sc_hd__buf_6)
    10    0.02                           _348_ (net)
                  0.04    0.00    2.29 v _445_/B1 (sky130_fd_sc_hd__a22o_1)
                  0.06    0.21    2.50 v _445_/X (sky130_fd_sc_hd__a22o_1)
     3    0.01                           _020_ (net)
                  0.06    0.00    2.50 v _485_/A2 (sky130_fd_sc_hd__a21bo_1)
                  0.05    0.22    2.72 v _485_/X (sky130_fd_sc_hd__a21bo_1)
     2    0.01                           _059_ (net)
                  0.05    0.00    2.72 v _487_/B1 (sky130_fd_sc_hd__a21o_1)
                  0.06    0.19    2.91 v _487_/X (sky130_fd_sc_hd__a21o_1)
     3    0.01                           _061_ (net)
                  0.06    0.00    2.91 v _531_/A2 (sky130_fd_sc_hd__a21bo_1)
                  0.07    0.24    3.15 v _531_/X (sky130_fd_sc_hd__a21bo_1)
     2    0.01                           _104_ (net)
                  0.07    0.00    3.15 v _533_/B1 (sky130_fd_sc_hd__a21o_1)
                  0.06    0.20    3.35 v _533_/X (sky130_fd_sc_hd__a21o_1)
     3    0.01                           _106_ (net)
                  0.06    0.00    3.35 v _534_/C (sky130_fd_sc_hd__and3_1)
                  0.05    0.21    3.56 v _534_/X (sky130_fd_sc_hd__and3_1)
     2    0.01                           _107_ (net)
                  0.05    0.00    3.56 v _537_/A1 (sky130_fd_sc_hd__o211a_1)
                  0.05    0.24    3.80 v _537_/X (sky130_fd_sc_hd__o211a_1)
     2    0.01                           _110_ (net)
                  0.05    0.00    3.80 v _538_/C (sky130_fd_sc_hd__or3_4)
                  0.07    0.34    4.15 v _538_/X (sky130_fd_sc_hd__or3_4)
     2    0.01                           _111_ (net)
                  0.07    0.00    4.15 v _541_/A (sky130_fd_sc_hd__and3_1)
                  0.06    0.18    4.33 v _541_/X (sky130_fd_sc_hd__and3_1)
     4    0.01                           _114_ (net)
                  0.06    0.00    4.33 v _611_/A (sky130_fd_sc_hd__or4_4)
                  0.09    0.57    4.90 v _611_/X (sky130_fd_sc_hd__or4_4)
     2    0.01                           _182_ (net)
                  0.09    0.00    4.90 v _613_/A2 (sky130_fd_sc_hd__o21ai_1)
                  0.20    0.22    5.11 ^ _613_/Y (sky130_fd_sc_hd__o21ai_1)
     2    0.01                           _184_ (net)
                  0.20    0.00    5.11 ^ _642_/A2 (sky130_fd_sc_hd__a21bo_1)
                  0.08    0.18    5.29 ^ _642_/X (sky130_fd_sc_hd__a21bo_1)
     1    0.01                           _212_ (net)
                  0.08    0.00    5.29 ^ _643_/B (sky130_fd_sc_hd__xnor2_2)
                  0.09    0.11    5.40 ^ _643_/Y (sky130_fd_sc_hd__xnor2_2)
     1    0.00                           net19 (net)
                  0.09    0.00    5.40 ^ output19/A (sky130_fd_sc_hd__clkbuf_4)
                  0.12    0.22    5.62 ^ output19/X (sky130_fd_sc_hd__clkbuf_4)
     1    0.04                           P[11] (net)
                  0.12    0.00    5.62 ^ P[11] (out)
                                  5.62   data arrival time

                  0.00   10.00   10.00   clock clk (rise edge)
                          0.00   10.00   clock network delay (ideal)
                         -0.25    9.75   clock uncertainty
                          0.00    9.75   clock reconvergence pessimism
                         -2.00    7.75   output external delay
                                  7.75   data required time
-----------------------------------------------------------------------------
                                  7.75   data required time
                                 -5.62   data arrival time
-----------------------------------------------------------------------------
                                  2.13   slack (MET)


Startpoint: A[5] (input port clocked by clk)
Endpoint: P[10] (output port clocked by clk)
Path Group: clk
Path Type: max

Fanout     Cap    Slew   Delay    Time   Description
-----------------------------------------------------------------------------
                  0.00    0.00    0.00   clock clk (rise edge)
                          0.00    0.00   clock network delay (ideal)
                          2.00    2.00 v input external delay
                  0.01    0.01    2.01 v A[5] (in)
     1    0.00                           A[5] (net)
                  0.01    0.00    2.01 v input6/A (sky130_fd_sc_hd__clkbuf_4)
                  0.05    0.15    2.15 v input6/X (sky130_fd_sc_hd__clkbuf_4)
     7    0.02                           net6 (net)
                  0.05    0.00    2.15 v _415_/A (sky130_fd_sc_hd__buf_6)
                  0.04    0.14    2.29 v _415_/X (sky130_fd_sc_hd__buf_6)
    10    0.02                           _348_ (net)
                  0.04    0.00    2.29 v _445_/B1 (sky130_fd_sc_hd__a22o_1)
                  0.06    0.21    2.50 v _445_/X (sky130_fd_sc_hd__a22o_1)
     3    0.01                           _020_ (net)
                  0.06    0.00    2.50 v _485_/A2 (sky130_fd_sc_hd__a21bo_1)
                  0.05    0.22    2.72 v _485_/X (sky130_fd_sc_hd__a21bo_1)
     2    0.01                           _059_ (net)
                  0.05    0.00    2.72 v _487_/B1 (sky130_fd_sc_hd__a21o_1)
                  0.06    0.19    2.91 v _487_/X (sky130_fd_sc_hd__a21o_1)
     3    0.01                           _061_ (net)
                  0.06    0.00    2.91 v _531_/A2 (sky130_fd_sc_hd__a21bo_1)
                  0.07    0.24    3.15 v _531_/X (sky130_fd_sc_hd__a21bo_1)
     2    0.01                           _104_ (net)
                  0.07    0.00    3.15 v _533_/B1 (sky130_fd_sc_hd__a21o_1)
                  0.06    0.20    3.35 v _533_/X (sky130_fd_sc_hd__a21o_1)
     3    0.01                           _106_ (net)
                  0.06    0.00    3.35 v _534_/C (sky130_fd_sc_hd__and3_1)
                  0.05    0.21    3.56 v _534_/X (sky130_fd_sc_hd__and3_1)
     2    0.01                           _107_ (net)
                  0.05    0.00    3.56 v _537_/A1 (sky130_fd_sc_hd__o211a_1)
                  0.05    0.24    3.80 v _537_/X (sky130_fd_sc_hd__o211a_1)
     2    0.01                           _110_ (net)
                  0.05    0.00    3.80 v _538_/C (sky130_fd_sc_hd__or3_4)
                  0.07    0.34    4.15 v _538_/X (sky130_fd_sc_hd__or3_4)
     2    0.01                           _111_ (net)
                  0.07    0.00    4.15 v _541_/A (sky130_fd_sc_hd__and3_1)
                  0.06    0.18    4.33 v _541_/X (sky130_fd_sc_hd__and3_1)
     4    0.01                           _114_ (net)
                  0.06    0.00    4.33 v _611_/A (sky130_fd_sc_hd__or4_4)
                  0.09    0.57    4.90 v _611_/X (sky130_fd_sc_hd__or4_4)
     2    0.01                           _182_ (net)
                  0.09    0.00    4.90 v _613_/A2 (sky130_fd_sc_hd__o21ai_1)
                  0.20    0.22    5.11 ^ _613_/Y (sky130_fd_sc_hd__o21ai_1)
     2    0.01                           _184_ (net)
                  0.20    0.00    5.11 ^ _614_/B (sky130_fd_sc_hd__xnor2_1)
                  0.22    0.19    5.31 ^ _614_/Y (sky130_fd_sc_hd__xnor2_1)
     1    0.01                           net18 (net)
                  0.22    0.00    5.31 ^ output18/A (sky130_fd_sc_hd__clkbuf_4)
                  0.11    0.26    5.57 ^ output18/X (sky130_fd_sc_hd__clkbuf_4)
     1    0.03                           P[10] (net)
                  0.11    0.00    5.57 ^ P[10] (out)
                                  5.57   data arrival time

                  0.00   10.00   10.00   clock clk (rise edge)
                          0.00   10.00   clock network delay (ideal)
                         -0.25    9.75   clock uncertainty
                          0.00    9.75   clock reconvergence pessimism
                         -2.00    7.75   output external delay
                                  7.75   data required time
-----------------------------------------------------------------------------
                                  7.75   data required time
                                 -5.57   data arrival time
-----------------------------------------------------------------------------
                                  2.18   slack (MET)


Startpoint: B[1] (input port clocked by clk)
Endpoint: P[9] (output port clocked by clk)
Path Group: clk
Path Type: max

Fanout     Cap    Slew   Delay    Time   Description
-----------------------------------------------------------------------------
                  0.00    0.00    0.00   clock clk (rise edge)
                          0.00    0.00   clock network delay (ideal)
                          2.00    2.00 v input external delay
                  0.01    0.01    2.01 v B[1] (in)
     1    0.00                           B[1] (net)
                  0.01    0.00    2.01 v input10/A (sky130_fd_sc_hd__buf_4)
                  0.05    0.16    2.16 v input10/X (sky130_fd_sc_hd__buf_4)
     8    0.03                           net10 (net)
                  0.05    0.00    2.16 v _363_/A (sky130_fd_sc_hd__buf_2)
                  0.08    0.19    2.35 v _363_/X (sky130_fd_sc_hd__buf_2)
    10    0.03                           _286_ (net)
                  0.08    0.00    2.35 v _398_/A1 (sky130_fd_sc_hd__a22o_1)
                  0.07    0.26    2.61 v _398_/X (sky130_fd_sc_hd__a22o_1)
     3    0.01                           _332_ (net)
                  0.07    0.00    2.61 v _413_/A2 (sky130_fd_sc_hd__a21bo_1)
                  0.05    0.23    2.84 v _413_/X (sky130_fd_sc_hd__a21bo_1)
     2    0.01                           _346_ (net)
                  0.05    0.00    2.84 v _421_/B1 (sky130_fd_sc_hd__a21o_1)
                  0.06    0.19    3.03 v _421_/X (sky130_fd_sc_hd__a21o_1)
     3    0.01                           _354_ (net)
                  0.06    0.00    3.03 v _454_/A1 (sky130_fd_sc_hd__a21bo_1)
                  0.06    0.21    3.23 v _454_/X (sky130_fd_sc_hd__a21bo_1)
     2    0.01                           _029_ (net)
                  0.06    0.00    3.23 v _456_/B1 (sky130_fd_sc_hd__a21o_1)
                  0.06    0.19    3.42 v _456_/X (sky130_fd_sc_hd__a21o_1)
     2    0.01                           _031_ (net)
                  0.06    0.00    3.42 v _458_/A2 (sky130_fd_sc_hd__a21o_1)
                  0.06    0.21    3.64 v _458_/X (sky130_fd_sc_hd__a21o_1)
     2    0.01                           _033_ (net)
                  0.06    0.00    3.64 v _460_/A2 (sky130_fd_sc_hd__a211o_1)
                  0.06    0.31    3.95 v _460_/X (sky130_fd_sc_hd__a211o_1)
     2    0.00                           _035_ (net)
                  0.06    0.00    3.95 v _463_/B1 (sky130_fd_sc_hd__a2bb2o_1)
                  0.06    0.30    4.26 v _463_/X (sky130_fd_sc_hd__a2bb2o_1)
     2    0.01                           _038_ (net)
                  0.06    0.00    4.26 v _501_/A1 (sky130_fd_sc_hd__a21o_1)
                  0.07    0.21    4.46 v _501_/X (sky130_fd_sc_hd__a21o_1)
     3    0.01                           _075_ (net)
                  0.07    0.00    4.47 v _545_/A2 (sky130_fd_sc_hd__a21oi_2)
                  0.18    0.22    4.68 ^ _545_/Y (sky130_fd_sc_hd__a21oi_2)
     4    0.01                           _118_ (net)
                  0.18    0.00    4.68 ^ _582_/A2 (sky130_fd_sc_hd__o21bai_1)
                  0.07    0.11    4.79 v _582_/Y (sky130_fd_sc_hd__o21bai_1)
     1    0.01                           _154_ (net)
                  0.07    0.00    4.79 v _583_/B (sky130_fd_sc_hd__xnor2_1)
                  0.28    0.28    5.07 ^ _583_/Y (sky130_fd_sc_hd__xnor2_1)
     1    0.01                           net32 (net)
                  0.28    0.00    5.07 ^ output32/A (sky130_fd_sc_hd__clkbuf_4)
                  0.12    0.29    5.36 ^ output32/X (sky130_fd_sc_hd__clkbuf_4)
     1    0.04                           P[9] (net)
                  0.12    0.00    5.36 ^ P[9] (out)
                                  5.36   data arrival time

                  0.00   10.00   10.00   clock clk (rise edge)
                          0.00   10.00   clock network delay (ideal)
                         -0.25    9.75   clock uncertainty
                          0.00    9.75   clock reconvergence pessimism
                         -2.00    7.75   output external delay
                                  7.75   data required time
-----------------------------------------------------------------------------
                                  7.75   data required time
                                 -5.36   data arrival time
-----------------------------------------------------------------------------
                                  2.39   slack (MET)


Startpoint: B[1] (input port clocked by clk)
Endpoint: P[8] (output port clocked by clk)
Path Group: clk
Path Type: max

Fanout     Cap    Slew   Delay    Time   Description
-----------------------------------------------------------------------------
                  0.00    0.00    0.00   clock clk (rise edge)
                          0.00    0.00   clock network delay (ideal)
                          2.00    2.00 v input external delay
                  0.01    0.01    2.01 v B[1] (in)
     1    0.00                           B[1] (net)
                  0.01    0.00    2.01 v input10/A (sky130_fd_sc_hd__buf_4)
                  0.05    0.16    2.16 v input10/X (sky130_fd_sc_hd__buf_4)
     8    0.03                           net10 (net)
                  0.05    0.00    2.16 v _363_/A (sky130_fd_sc_hd__buf_2)
                  0.08    0.19    2.35 v _363_/X (sky130_fd_sc_hd__buf_2)
    10    0.03                           _286_ (net)
                  0.08    0.00    2.35 v _398_/A1 (sky130_fd_sc_hd__a22o_1)
                  0.07    0.26    2.61 v _398_/X (sky130_fd_sc_hd__a22o_1)
     3    0.01                           _332_ (net)
                  0.07    0.00    2.61 v _413_/A2 (sky130_fd_sc_hd__a21bo_1)
                  0.05    0.23    2.84 v _413_/X (sky130_fd_sc_hd__a21bo_1)
     2    0.01                           _346_ (net)
                  0.05    0.00    2.84 v _421_/B1 (sky130_fd_sc_hd__a21o_1)
                  0.06    0.19    3.03 v _421_/X (sky130_fd_sc_hd__a21o_1)
     3    0.01                           _354_ (net)
                  0.06    0.00    3.03 v _454_/A1 (sky130_fd_sc_hd__a21bo_1)
                  0.06    0.21    3.23 v _454_/X (sky130_fd_sc_hd__a21bo_1)
     2    0.01                           _029_ (net)
                  0.06    0.00    3.23 v _456_/B1 (sky130_fd_sc_hd__a21o_1)
                  0.06    0.19    3.42 v _456_/X (sky130_fd_sc_hd__a21o_1)
     2    0.01                           _031_ (net)
                  0.06    0.00    3.42 v _458_/A2 (sky130_fd_sc_hd__a21o_1)
                  0.06    0.21    3.64 v _458_/X (sky130_fd_sc_hd__a21o_1)
     2    0.01                           _033_ (net)
                  0.06    0.00    3.64 v _460_/A2 (sky130_fd_sc_hd__a211o_1)
                  0.06    0.31    3.95 v _460_/X (sky130_fd_sc_hd__a211o_1)
     2    0.00                           _035_ (net)
                  0.06    0.00    3.95 v _463_/B1 (sky130_fd_sc_hd__a2bb2o_1)
                  0.06    0.30    4.26 v _463_/X (sky130_fd_sc_hd__a2bb2o_1)
     2    0.01                           _038_ (net)
                  0.06    0.00    4.26 v _501_/A1 (sky130_fd_sc_hd__a21o_1)
                  0.07    0.21    4.46 v _501_/X (sky130_fd_sc_hd__a21o_1)
     3    0.01                           _075_ (net)
                  0.07    0.00    4.47 v _545_/A2 (sky130_fd_sc_hd__a21oi_2)
                  0.18    0.22    4.68 ^ _545_/Y (sky130_fd_sc_hd__a21oi_2)
     4    0.01                           _118_ (net)
                  0.18    0.00    4.68 ^ _546_/B (sky130_fd_sc_hd__xnor2_1)
                  0.15    0.16    4.84 ^ _546_/Y (sky130_fd_sc_hd__xnor2_1)
     1    0.00                           net31 (net)
                  0.15    0.00    4.84 ^ output31/A (sky130_fd_sc_hd__clkbuf_4)
                  0.11    0.23    5.08 ^ output31/X (sky130_fd_sc_hd__clkbuf_4)
     1    0.03                           P[8] (net)
                  0.11    0.00    5.08 ^ P[8] (out)
                                  5.08   data arrival time

                  0.00   10.00   10.00   clock clk (rise edge)
                          0.00   10.00   clock network delay (ideal)
                         -0.25    9.75   clock uncertainty
                          0.00    9.75   clock reconvergence pessimism
                         -2.00    7.75   output external delay
                                  7.75   data required time
-----------------------------------------------------------------------------
                                  7.75   data required time
                                 -5.08   data arrival time
-----------------------------------------------------------------------------
                                  2.67   slack (MET)


Startpoint: B[1] (input port clocked by clk)
Endpoint: P[7] (output port clocked by clk)
Path Group: clk
Path Type: max

Fanout     Cap    Slew   Delay    Time   Description
-----------------------------------------------------------------------------
                  0.00    0.00    0.00   clock clk (rise edge)
                          0.00    0.00   clock network delay (ideal)
                          2.00    2.00 v input external delay
                  0.01    0.01    2.01 v B[1] (in)
     1    0.00                           B[1] (net)
                  0.01    0.00    2.01 v input10/A (sky130_fd_sc_hd__buf_4)
                  0.05    0.16    2.16 v input10/X (sky130_fd_sc_hd__buf_4)
     8    0.03                           net10 (net)
                  0.05    0.00    2.16 v _363_/A (sky130_fd_sc_hd__buf_2)
                  0.08    0.19    2.35 v _363_/X (sky130_fd_sc_hd__buf_2)
    10    0.03                           _286_ (net)
                  0.08    0.00    2.35 v _398_/A1 (sky130_fd_sc_hd__a22o_1)
                  0.07    0.26    2.61 v _398_/X (sky130_fd_sc_hd__a22o_1)
     3    0.01                           _332_ (net)
                  0.07    0.00    2.61 v _413_/A2 (sky130_fd_sc_hd__a21bo_1)
                  0.05    0.23    2.84 v _413_/X (sky130_fd_sc_hd__a21bo_1)
     2    0.01                           _346_ (net)
                  0.05    0.00    2.84 v _421_/B1 (sky130_fd_sc_hd__a21o_1)
                  0.06    0.19    3.03 v _421_/X (sky130_fd_sc_hd__a21o_1)
     3    0.01                           _354_ (net)
                  0.06    0.00    3.03 v _454_/A1 (sky130_fd_sc_hd__a21bo_1)
                  0.06    0.21    3.23 v _454_/X (sky130_fd_sc_hd__a21bo_1)
     2    0.01                           _029_ (net)
                  0.06    0.00    3.23 v _456_/B1 (sky130_fd_sc_hd__a21o_1)
                  0.06    0.19    3.42 v _456_/X (sky130_fd_sc_hd__a21o_1)
     2    0.01                           _031_ (net)
                  0.06    0.00    3.42 v _458_/A2 (sky130_fd_sc_hd__a21o_1)
                  0.06    0.21    3.64 v _458_/X (sky130_fd_sc_hd__a21o_1)
     2    0.01                           _033_ (net)
                  0.06    0.00    3.64 v _460_/A2 (sky130_fd_sc_hd__a211o_1)
                  0.06    0.31    3.95 v _460_/X (sky130_fd_sc_hd__a211o_1)
     2    0.00                           _035_ (net)
                  0.06    0.00    3.95 v _463_/B1 (sky130_fd_sc_hd__a2bb2o_1)
                  0.06    0.30    4.26 v _463_/X (sky130_fd_sc_hd__a2bb2o_1)
     2    0.01                           _038_ (net)
                  0.06    0.00    4.26 v _501_/A1 (sky130_fd_sc_hd__a21o_1)
                  0.07    0.21    4.46 v _501_/X (sky130_fd_sc_hd__a21o_1)
     3    0.01                           _075_ (net)
                  0.07    0.00    4.47 v _502_/C (sky130_fd_sc_hd__and3_1)
                  0.04    0.20    4.66 v _502_/X (sky130_fd_sc_hd__and3_1)
     1    0.00                           _076_ (net)
                  0.04    0.00    4.66 v _504_/A (sky130_fd_sc_hd__nor2_1)
                  0.07    0.09    4.75 ^ _504_/Y (sky130_fd_sc_hd__nor2_1)
     1    0.00                           net30 (net)
                  0.07    0.00    4.75 ^ output30/A (sky130_fd_sc_hd__clkbuf_4)
                  0.11    0.20    4.96 ^ output30/X (sky130_fd_sc_hd__clkbuf_4)
     1    0.03                           P[7] (net)
                  0.11    0.00    4.96 ^ P[7] (out)
                                  4.96   data arrival time

                  0.00   10.00   10.00   clock clk (rise edge)
                          0.00   10.00   clock network delay (ideal)
                         -0.25    9.75   clock uncertainty
                          0.00    9.75   clock reconvergence pessimism
                         -2.00    7.75   output external delay
                                  7.75   data required time
-----------------------------------------------------------------------------
                                  7.75   data required time
                                 -4.96   data arrival time
-----------------------------------------------------------------------------
                                  2.79   slack (MET)


Startpoint: B[1] (input port clocked by clk)
Endpoint: P[6] (output port clocked by clk)
Path Group: clk
Path Type: max

Fanout     Cap    Slew   Delay    Time   Description
-----------------------------------------------------------------------------
                  0.00    0.00    0.00   clock clk (rise edge)
                          0.00    0.00   clock network delay (ideal)
                          2.00    2.00 v input external delay
                  0.01    0.01    2.01 v B[1] (in)
     1    0.00                           B[1] (net)
                  0.01    0.00    2.01 v input10/A (sky130_fd_sc_hd__buf_4)
                  0.05    0.16    2.16 v input10/X (sky130_fd_sc_hd__buf_4)
     8    0.03                           net10 (net)
                  0.05    0.00    2.16 v _363_/A (sky130_fd_sc_hd__buf_2)
                  0.08    0.19    2.35 v _363_/X (sky130_fd_sc_hd__buf_2)
    10    0.03                           _286_ (net)
                  0.08    0.00    2.35 v _398_/A1 (sky130_fd_sc_hd__a22o_1)
                  0.07    0.26    2.61 v _398_/X (sky130_fd_sc_hd__a22o_1)
     3    0.01                           _332_ (net)
                  0.07    0.00    2.61 v _401_/A1 (sky130_fd_sc_hd__a21o_1)
                  0.05    0.18    2.80 v _401_/X (sky130_fd_sc_hd__a21o_1)
     2    0.01                           _335_ (net)
                  0.05    0.00    2.80 v _403_/A2 (sky130_fd_sc_hd__a211o_1)
                  0.06    0.32    3.11 v _403_/X (sky130_fd_sc_hd__a211o_1)
     2    0.01                           _337_ (net)
                  0.06    0.00    3.11 v _412_/A2 (sky130_fd_sc_hd__a21o_1)
                  0.05    0.20    3.32 v _412_/X (sky130_fd_sc_hd__a21o_1)
     2    0.01                           _345_ (net)
                  0.05    0.00    3.32 v _430_/A (sky130_fd_sc_hd__and3_1)
                  0.08    0.19    3.51 v _430_/X (sky130_fd_sc_hd__and3_1)
     4    0.01                           _005_ (net)
                  0.08    0.00    3.51 v _432_/A_N (sky130_fd_sc_hd__and2b_1)
                  0.10    0.26    3.77 ^ _432_/X (sky130_fd_sc_hd__and2b_1)
     1    0.01                           _007_ (net)
                  0.10    0.00    3.77 ^ _433_/B (sky130_fd_sc_hd__xnor2_2)
                  0.21    0.15    3.92 ^ _433_/Y (sky130_fd_sc_hd__xnor2_2)
     4    0.01                           _008_ (net)
                  0.21    0.00    3.92 ^ _462_/B_N (sky130_fd_sc_hd__and4bb_1)
                  0.06    0.27    4.19 v _462_/X (sky130_fd_sc_hd__and4bb_1)
     2    0.01                           _037_ (net)
                  0.06    0.00    4.19 v _464_/A (sky130_fd_sc_hd__or2b_1)
                  0.07    0.27    4.46 v _464_/X (sky130_fd_sc_hd__or2b_1)
     1    0.01                           _039_ (net)
                  0.07    0.00    4.46 v _466_/A (sky130_fd_sc_hd__xnor2_2)
                  0.09    0.15    4.61 ^ _466_/Y (sky130_fd_sc_hd__xnor2_2)
     1    0.00                           net29 (net)
                  0.09    0.00    4.61 ^ output29/A (sky130_fd_sc_hd__clkbuf_4)
                  0.11    0.21    4.82 ^ output29/X (sky130_fd_sc_hd__clkbuf_4)
     1    0.03                           P[6] (net)
                  0.11    0.00    4.82 ^ P[6] (out)
                                  4.82   data arrival time

                  0.00   10.00   10.00   clock clk (rise edge)
                          0.00   10.00   clock network delay (ideal)
                         -0.25    9.75   clock uncertainty
                          0.00    9.75   clock reconvergence pessimism
                         -2.00    7.75   output external delay
                                  7.75   data required time
-----------------------------------------------------------------------------
                                  7.75   data required time
                                 -4.82   data arrival time
-----------------------------------------------------------------------------
                                  2.93   slack (MET)


Startpoint: B[1] (input port clocked by clk)
Endpoint: P[5] (output port clocked by clk)
Path Group: clk
Path Type: max

Fanout     Cap    Slew   Delay    Time   Description
-----------------------------------------------------------------------------
                  0.00    0.00    0.00   clock clk (rise edge)
                          0.00    0.00   clock network delay (ideal)
                          2.00    2.00 ^ input external delay
                  0.02    0.01    2.01 ^ B[1] (in)
     1    0.00                           B[1] (net)
                  0.02    0.00    2.01 ^ input10/A (sky130_fd_sc_hd__buf_4)
                  0.10    0.15    2.16 ^ input10/X (sky130_fd_sc_hd__buf_4)
     8    0.03                           net10 (net)
                  0.10    0.00    2.16 ^ _363_/A (sky130_fd_sc_hd__buf_2)
                  0.16    0.22    2.39 ^ _363_/X (sky130_fd_sc_hd__buf_2)
    10    0.03                           _286_ (net)
                  0.16    0.00    2.39 ^ _368_/C (sky130_fd_sc_hd__and4_1)
                  0.09    0.25    2.63 ^ _368_/X (sky130_fd_sc_hd__and4_1)
     3    0.01                           _304_ (net)
                  0.09    0.00    2.63 ^ _371_/A_N (sky130_fd_sc_hd__and4bb_1)
                  0.06    0.22    2.85 v _371_/X (sky130_fd_sc_hd__and4bb_1)
     3    0.01                           _307_ (net)
                  0.06    0.00    2.85 v _384_/B (sky130_fd_sc_hd__or2_1)
                  0.08    0.26    3.11 v _384_/X (sky130_fd_sc_hd__or2_1)
     2    0.01                           _319_ (net)
                  0.08    0.00    3.11 v _385_/B (sky130_fd_sc_hd__xor2_1)
                  0.18    0.20    3.31 ^ _385_/X (sky130_fd_sc_hd__xor2_1)
     2    0.01                           _320_ (net)
                  0.18    0.00    3.31 ^ _391_/B_N (sky130_fd_sc_hd__or2b_1)
                  0.06    0.28    3.59 v _391_/X (sky130_fd_sc_hd__or2b_1)
     2    0.01                           _325_ (net)
                  0.06    0.00    3.59 v _406_/A2 (sky130_fd_sc_hd__a21o_1)
                  0.08    0.24    3.83 v _406_/X (sky130_fd_sc_hd__a21o_1)
     5    0.02                           _340_ (net)
                  0.08    0.00    3.83 v _408_/B (sky130_fd_sc_hd__nand3_1)
                  0.12    0.14    3.97 ^ _408_/Y (sky130_fd_sc_hd__nand3_1)
     3    0.01                           _342_ (net)
                  0.12    0.00    3.97 ^ _730_/B (sky130_fd_sc_hd__nand2_1)
                  0.06    0.09    4.06 v _730_/Y (sky130_fd_sc_hd__nand2_1)
     1    0.01                           _301_ (net)
                  0.06    0.00    4.06 v _731_/B (sky130_fd_sc_hd__xnor2_1)
                  0.12    0.14    4.20 ^ _731_/Y (sky130_fd_sc_hd__xnor2_1)
     1    0.00                           net28 (net)
                  0.12    0.00    4.20 ^ output28/A (sky130_fd_sc_hd__buf_2)
                  0.17    0.24    4.43 ^ output28/X (sky130_fd_sc_hd__buf_2)
     1    0.03                           P[5] (net)
                  0.17    0.00    4.44 ^ P[5] (out)
                                  4.44   data arrival time

                  0.00   10.00   10.00   clock clk (rise edge)
                          0.00   10.00   clock network delay (ideal)
                         -0.25    9.75   clock uncertainty
                          0.00    9.75   clock reconvergence pessimism
                         -2.00    7.75   output external delay
                                  7.75   data required time
-----------------------------------------------------------------------------
                                  7.75   data required time
                                 -4.44   data arrival time
-----------------------------------------------------------------------------
                                  3.31   slack (MET)


Startpoint: B[1] (input port clocked by clk)
Endpoint: P[4] (output port clocked by clk)
Path Group: clk
Path Type: max

Fanout     Cap    Slew   Delay    Time   Description
-----------------------------------------------------------------------------
                  0.00    0.00    0.00   clock clk (rise edge)
                          0.00    0.00   clock network delay (ideal)
                          2.00    2.00 ^ input external delay
                  0.02    0.01    2.01 ^ B[1] (in)
     1    0.00                           B[1] (net)
                  0.02    0.00    2.01 ^ input10/A (sky130_fd_sc_hd__buf_4)
                  0.10    0.15    2.16 ^ input10/X (sky130_fd_sc_hd__buf_4)
     8    0.03                           net10 (net)
                  0.10    0.00    2.16 ^ _363_/A (sky130_fd_sc_hd__buf_2)
                  0.16    0.22    2.39 ^ _363_/X (sky130_fd_sc_hd__buf_2)
    10    0.03                           _286_ (net)
                  0.16    0.00    2.39 ^ _368_/C (sky130_fd_sc_hd__and4_1)
                  0.09    0.25    2.63 ^ _368_/X (sky130_fd_sc_hd__and4_1)
     3    0.01                           _304_ (net)
                  0.09    0.00    2.63 ^ _371_/A_N (sky130_fd_sc_hd__and4bb_1)
                  0.06    0.22    2.85 v _371_/X (sky130_fd_sc_hd__and4bb_1)
     3    0.01                           _307_ (net)
                  0.06    0.00    2.85 v _384_/B (sky130_fd_sc_hd__or2_1)
                  0.08    0.26    3.11 v _384_/X (sky130_fd_sc_hd__or2_1)
     2    0.01                           _319_ (net)
                  0.08    0.00    3.11 v _385_/B (sky130_fd_sc_hd__xor2_1)
                  0.18    0.20    3.31 ^ _385_/X (sky130_fd_sc_hd__xor2_1)
     2    0.01                           _320_ (net)
                  0.18    0.00    3.31 ^ _391_/B_N (sky130_fd_sc_hd__or2b_1)
                  0.06    0.28    3.59 v _391_/X (sky130_fd_sc_hd__or2b_1)
     2    0.01                           _325_ (net)
                  0.06    0.00    3.59 v _406_/A2 (sky130_fd_sc_hd__a21o_1)
                  0.08    0.24    3.83 v _406_/X (sky130_fd_sc_hd__a21o_1)
     5    0.02                           _340_ (net)
                  0.08    0.00    3.83 v _409_/A1 (sky130_fd_sc_hd__a21o_1)
                  0.03    0.17    4.00 v _409_/X (sky130_fd_sc_hd__a21o_1)
     1    0.00                           _343_ (net)
                  0.03    0.00    4.00 v _410_/B (sky130_fd_sc_hd__and2_1)
                  0.04    0.16    4.15 v _410_/X (sky130_fd_sc_hd__and2_1)
     1    0.00                           _344_ (net)
                  0.04    0.00    4.15 v _411_/A (sky130_fd_sc_hd__clkbuf_1)
                  0.03    0.09    4.24 v _411_/X (sky130_fd_sc_hd__clkbuf_1)
     1    0.00                           net27 (net)
                  0.03    0.00    4.24 v output27/A (sky130_fd_sc_hd__clkbuf_4)
                  0.08    0.18    4.43 v output27/X (sky130_fd_sc_hd__clkbuf_4)
     1    0.03                           P[4] (net)
                  0.08    0.00    4.43 v P[4] (out)
                                  4.43   data arrival time

                  0.00   10.00   10.00   clock clk (rise edge)
                          0.00   10.00   clock network delay (ideal)
                         -0.25    9.75   clock uncertainty
                          0.00    9.75   clock reconvergence pessimism
                         -2.00    7.75   output external delay
                                  7.75   data required time
-----------------------------------------------------------------------------
                                  7.75   data required time
                                 -4.43   data arrival time
-----------------------------------------------------------------------------
                                  3.32   slack (MET)


Startpoint: B[1] (input port clocked by clk)
Endpoint: P[3] (output port clocked by clk)
Path Group: clk
Path Type: max

Fanout     Cap    Slew   Delay    Time   Description
-----------------------------------------------------------------------------
                  0.00    0.00    0.00   clock clk (rise edge)
                          0.00    0.00   clock network delay (ideal)
                          2.00    2.00 ^ input external delay
                  0.02    0.01    2.01 ^ B[1] (in)
     1    0.00                           B[1] (net)
                  0.02    0.00    2.01 ^ input10/A (sky130_fd_sc_hd__buf_4)
                  0.10    0.15    2.16 ^ input10/X (sky130_fd_sc_hd__buf_4)
     8    0.03                           net10 (net)
                  0.10    0.00    2.16 ^ _363_/A (sky130_fd_sc_hd__buf_2)
                  0.16    0.22    2.39 ^ _363_/X (sky130_fd_sc_hd__buf_2)
    10    0.03                           _286_ (net)
                  0.16    0.00    2.39 ^ _368_/C (sky130_fd_sc_hd__and4_1)
                  0.09    0.25    2.63 ^ _368_/X (sky130_fd_sc_hd__and4_1)
     3    0.01                           _304_ (net)
                  0.09    0.00    2.63 ^ _371_/A_N (sky130_fd_sc_hd__and4bb_1)
                  0.06    0.22    2.85 v _371_/X (sky130_fd_sc_hd__and4bb_1)
     3    0.01                           _307_ (net)
                  0.06    0.00    2.85 v _384_/B (sky130_fd_sc_hd__or2_1)
                  0.08    0.26    3.11 v _384_/X (sky130_fd_sc_hd__or2_1)
     2    0.01                           _319_ (net)
                  0.08    0.00    3.11 v _385_/B (sky130_fd_sc_hd__xor2_1)
                  0.07    0.17    3.28 v _385_/X (sky130_fd_sc_hd__xor2_1)
     2    0.01                           _320_ (net)
                  0.07    0.00    3.28 v _386_/B (sky130_fd_sc_hd__xnor2_1)
                  0.06    0.15    3.43 v _386_/Y (sky130_fd_sc_hd__xnor2_1)
     2    0.00                           _321_ (net)
                  0.06    0.00    3.43 v _387_/B (sky130_fd_sc_hd__and2_1)
                  0.07    0.20    3.63 v _387_/X (sky130_fd_sc_hd__and2_1)
     3    0.01                           _322_ (net)
                  0.07    0.00    3.63 v _389_/A (sky130_fd_sc_hd__nor2_1)
                  0.11    0.13    3.76 ^ _389_/Y (sky130_fd_sc_hd__nor2_1)
     1    0.00                           net26 (net)
                  0.11    0.00    3.76 ^ output26/A (sky130_fd_sc_hd__clkbuf_4)
                  0.12    0.23    3.99 ^ output26/X (sky130_fd_sc_hd__clkbuf_4)
     1    0.04                           P[3] (net)
                  0.12    0.00    3.99 ^ P[3] (out)
                                  3.99   data arrival time

                  0.00   10.00   10.00   clock clk (rise edge)
                          0.00   10.00   clock network delay (ideal)
                         -0.25    9.75   clock uncertainty
                          0.00    9.75   clock reconvergence pessimism
                         -2.00    7.75   output external delay
                                  7.75   data required time
-----------------------------------------------------------------------------
                                  7.75   data required time
                                 -3.99   data arrival time
-----------------------------------------------------------------------------
                                  3.76   slack (MET)


Startpoint: B[1] (input port clocked by clk)
Endpoint: P[2] (output port clocked by clk)
Path Group: clk
Path Type: max

Fanout     Cap    Slew   Delay    Time   Description
-----------------------------------------------------------------------------
                  0.00    0.00    0.00   clock clk (rise edge)
                          0.00    0.00   clock network delay (ideal)
                          2.00    2.00 v input external delay
                  0.01    0.01    2.01 v B[1] (in)
     1    0.00                           B[1] (net)
                  0.01    0.00    2.01 v input10/A (sky130_fd_sc_hd__buf_4)
                  0.05    0.16    2.16 v input10/X (sky130_fd_sc_hd__buf_4)
     8    0.03                           net10 (net)
                  0.05    0.00    2.16 v _363_/A (sky130_fd_sc_hd__buf_2)
                  0.08    0.19    2.35 v _363_/X (sky130_fd_sc_hd__buf_2)
    10    0.03                           _286_ (net)
                  0.08    0.00    2.35 v _368_/C (sky130_fd_sc_hd__and4_1)
                  0.05    0.23    2.58 v _368_/X (sky130_fd_sc_hd__and4_1)
     3    0.01                           _304_ (net)
                  0.05    0.00    2.58 v _372_/B1 (sky130_fd_sc_hd__o2bb2a_1)
                  0.07    0.32    2.90 v _372_/X (sky130_fd_sc_hd__o2bb2a_1)
     2    0.01                           _308_ (net)
                  0.07    0.00    2.90 v _373_/B (sky130_fd_sc_hd__or2_1)
                  0.06    0.24    3.14 v _373_/X (sky130_fd_sc_hd__or2_1)
     1    0.01                           _309_ (net)
                  0.06    0.00    3.14 v _374_/B (sky130_fd_sc_hd__xnor2_1)
                  0.12    0.14    3.28 ^ _374_/Y (sky130_fd_sc_hd__xnor2_1)
     1    0.00                           net25 (net)
                  0.12    0.00    3.28 ^ output25/A (sky130_fd_sc_hd__buf_2)
                  0.17    0.24    3.52 ^ output25/X (sky130_fd_sc_hd__buf_2)
     1    0.03                           P[2] (net)
                  0.17    0.00    3.52 ^ P[2] (out)
                                  3.52   data arrival time

                  0.00   10.00   10.00   clock clk (rise edge)
                          0.00   10.00   clock network delay (ideal)
                         -0.25    9.75   clock uncertainty
                          0.00    9.75   clock reconvergence pessimism
                         -2.00    7.75   output external delay
                                  7.75   data required time
-----------------------------------------------------------------------------
                                  7.75   data required time
                                 -3.52   data arrival time
-----------------------------------------------------------------------------
                                  4.23   slack (MET)


Startpoint: B[1] (input port clocked by clk)
Endpoint: P[1] (output port clocked by clk)
Path Group: clk
Path Type: max

Fanout     Cap    Slew   Delay    Time   Description
-----------------------------------------------------------------------------
                  0.00    0.00    0.00   clock clk (rise edge)
                          0.00    0.00   clock network delay (ideal)
                          2.00    2.00 v input external delay
                  0.01    0.01    2.01 v B[1] (in)
     1    0.00                           B[1] (net)
                  0.01    0.00    2.01 v input10/A (sky130_fd_sc_hd__buf_4)
                  0.05    0.16    2.16 v input10/X (sky130_fd_sc_hd__buf_4)
     8    0.03                           net10 (net)
                  0.05    0.00    2.16 v _363_/A (sky130_fd_sc_hd__buf_2)
                  0.08    0.19    2.35 v _363_/X (sky130_fd_sc_hd__buf_2)
    10    0.03                           _286_ (net)
                  0.08    0.00    2.35 v _365_/D (sky130_fd_sc_hd__and4_1)
                  0.08    0.27    2.61 v _365_/X (sky130_fd_sc_hd__and4_1)
     3    0.01                           _302_ (net)
                  0.08    0.00    2.62 v _366_/B (sky130_fd_sc_hd__nor2_1)
                  0.23    0.22    2.84 ^ _366_/Y (sky130_fd_sc_hd__nor2_1)
     1    0.01                           net24 (net)
                  0.23    0.00    2.84 ^ output24/A (sky130_fd_sc_hd__clkbuf_4)
                  0.11    0.26    3.10 ^ output24/X (sky130_fd_sc_hd__clkbuf_4)
     1    0.03                           P[1] (net)
                  0.11    0.00    3.10 ^ P[1] (out)
                                  3.10   data arrival time

                  0.00   10.00   10.00   clock clk (rise edge)
                          0.00   10.00   clock network delay (ideal)
                         -0.25    9.75   clock uncertainty
                          0.00    9.75   clock reconvergence pessimism
                         -2.00    7.75   output external delay
                                  7.75   data required time
-----------------------------------------------------------------------------
                                  7.75   data required time
                                 -3.10   data arrival time
-----------------------------------------------------------------------------
                                  4.65   slack (MET)


Startpoint: B[0] (input port clocked by clk)
Endpoint: P[0] (output port clocked by clk)
Path Group: clk
Path Type: max

Fanout     Cap    Slew   Delay    Time   Description
-----------------------------------------------------------------------------
                  0.00    0.00    0.00   clock clk (rise edge)
                          0.00    0.00   clock network delay (ideal)
                          2.00    2.00 ^ input external delay
                  0.03    0.02    2.02 ^ B[0] (in)
     1    0.01                           B[0] (net)
                  0.03    0.00    2.02 ^ input9/A (sky130_fd_sc_hd__buf_6)
                  0.09    0.13    2.16 ^ input9/X (sky130_fd_sc_hd__buf_6)
    10    0.04                           net9 (net)
                  0.09    0.00    2.16 ^ _358_/A (sky130_fd_sc_hd__buf_2)
                  0.15    0.21    2.37 ^ _358_/X (sky130_fd_sc_hd__buf_2)
    10    0.03                           _234_ (net)
                  0.15    0.00    2.37 ^ _360_/A (sky130_fd_sc_hd__and2_1)
                  0.12    0.21    2.57 ^ _360_/X (sky130_fd_sc_hd__and2_1)
     1    0.01                           _255_ (net)
                  0.12    0.00    2.57 ^ _361_/A (sky130_fd_sc_hd__clkbuf_1)
                  0.04    0.10    2.68 ^ _361_/X (sky130_fd_sc_hd__clkbuf_1)
     1    0.00                           net17 (net)
                  0.04    0.00    2.68 ^ output17/A (sky130_fd_sc_hd__clkbuf_4)
                  0.11    0.19    2.87 ^ output17/X (sky130_fd_sc_hd__clkbuf_4)
     1    0.03                           P[0] (net)
                  0.11    0.00    2.87 ^ P[0] (out)
                                  2.87   data arrival time

                  0.00   10.00   10.00   clock clk (rise edge)
                          0.00   10.00   clock network delay (ideal)
                         -0.25    9.75   clock uncertainty
                          0.00    9.75   clock reconvergence pessimism
                         -2.00    7.75   output external delay
                                  7.75   data required time
-----------------------------------------------------------------------------
                                  7.75   data required time
                                 -2.87   data arrival time
-----------------------------------------------------------------------------
                                  4.88   slack (MET)



