
===========================================================================
report_checks -path_delay min (Hold)
============================================================================
======================= Typical Corner ===================================

Startpoint: A[0] (input port clocked by clk)
Endpoint: P[2] (output port clocked by clk)
Path Group: clk
Path Type: min

Fanout     Cap    Slew   Delay    Time   Description
-----------------------------------------------------------------------------
                  0.00    0.00    0.00   clock clk (rise edge)
                          0.00    0.00   clock network delay (ideal)
                          2.00    2.00 ^ input external delay
                  0.04    0.02    2.02 ^ A[0] (in)
     1    0.01                           A[0] (net)
                  0.04    0.00    2.02 ^ input1/A (sky130_fd_sc_hd__clkbuf_2)
                  0.07    0.11    2.13 ^ input1/X (sky130_fd_sc_hd__clkbuf_2)
     5    0.01                           net1 (net)
                  0.07    0.00    2.13 ^ _371_/C (sky130_fd_sc_hd__and4bb_1)
                  0.10    0.22    2.35 ^ _371_/X (sky130_fd_sc_hd__and4bb_1)
     3    0.01                           _307_ (net)
                  0.10    0.00    2.35 ^ _373_/A (sky130_fd_sc_hd__or2_1)
                  0.07    0.12    2.47 ^ _373_/X (sky130_fd_sc_hd__or2_1)
     1    0.01                           _309_ (net)
                  0.07    0.00    2.47 ^ _374_/B (sky130_fd_sc_hd__xnor2_1)
                  0.04    0.06    2.53 v _374_/Y (sky130_fd_sc_hd__xnor2_1)
     1    0.00                           net25 (net)
                  0.04    0.00    2.53 v output25/A (sky130_fd_sc_hd__buf_2)
                  0.09    0.17    2.70 v output25/X (sky130_fd_sc_hd__buf_2)
     1    0.03                           P[2] (net)
                  0.09    0.00    2.70 v P[2] (out)
                                  2.70   data arrival time

                  0.00    0.00    0.00   clock clk (rise edge)
                          0.00    0.00   clock network delay (ideal)
                          0.25    0.25   clock uncertainty
                          0.00    0.25   clock reconvergence pessimism
                         -2.00   -1.75   output external delay
                                 -1.75   data required time
-----------------------------------------------------------------------------
                                 -1.75   data required time
                                 -2.70   data arrival time
-----------------------------------------------------------------------------
                                  4.45   slack (MET)


Startpoint: A[0] (input port clocked by clk)
Endpoint: P[0] (output port clocked by clk)
Path Group: clk
Path Type: min

Fanout     Cap    Slew   Delay    Time   Description
-----------------------------------------------------------------------------
                  0.00    0.00    0.00   clock clk (rise edge)
                          0.00    0.00   clock network delay (ideal)
                          2.00    2.00 v input external delay
                  0.02    0.01    2.01 v A[0] (in)
     1    0.01                           A[0] (net)
                  0.02    0.00    2.01 v input1/A (sky130_fd_sc_hd__clkbuf_2)
                  0.05    0.10    2.11 v input1/X (sky130_fd_sc_hd__clkbuf_2)
     5    0.01                           net1 (net)
                  0.05    0.00    2.11 v _359_/A (sky130_fd_sc_hd__clkbuf_4)
                  0.06    0.15    2.26 v _359_/X (sky130_fd_sc_hd__clkbuf_4)
    10    0.02                           _245_ (net)
                  0.06    0.00    2.26 v _360_/B (sky130_fd_sc_hd__and2_1)
                  0.07    0.18    2.44 v _360_/X (sky130_fd_sc_hd__and2_1)
     1    0.01                           _255_ (net)
                  0.07    0.00    2.44 v _361_/A (sky130_fd_sc_hd__clkbuf_1)
                  0.03    0.09    2.53 v _361_/X (sky130_fd_sc_hd__clkbuf_1)
     1    0.00                           net17 (net)
                  0.03    0.00    2.53 v output17/A (sky130_fd_sc_hd__clkbuf_4)
                  0.08    0.16    2.70 v output17/X (sky130_fd_sc_hd__clkbuf_4)
     1    0.03                           P[0] (net)
                  0.08    0.00    2.70 v P[0] (out)
                                  2.70   data arrival time

                  0.00    0.00    0.00   clock clk (rise edge)
                          0.00    0.00   clock network delay (ideal)
                          0.25    0.25   clock uncertainty
                          0.00    0.25   clock reconvergence pessimism
                         -2.00   -1.75   output external delay
                                 -1.75   data required time
-----------------------------------------------------------------------------
                                 -1.75   data required time
                                 -2.70   data arrival time
-----------------------------------------------------------------------------
                                  4.45   slack (MET)


Startpoint: A[0] (input port clocked by clk)
Endpoint: P[1] (output port clocked by clk)
Path Group: clk
Path Type: min

Fanout     Cap    Slew   Delay    Time   Description
-----------------------------------------------------------------------------
                  0.00    0.00    0.00   clock clk (rise edge)
                          0.00    0.00   clock network delay (ideal)
                          2.00    2.00 v input external delay
                  0.02    0.01    2.01 v A[0] (in)
     1    0.01                           A[0] (net)
                  0.02    0.00    2.01 v input1/A (sky130_fd_sc_hd__clkbuf_2)
                  0.05    0.10    2.11 v input1/X (sky130_fd_sc_hd__clkbuf_2)
     5    0.01                           net1 (net)
                  0.05    0.00    2.11 v _359_/A (sky130_fd_sc_hd__clkbuf_4)
                  0.06    0.15    2.26 v _359_/X (sky130_fd_sc_hd__clkbuf_4)
    10    0.02                           _245_ (net)
                  0.06    0.00    2.26 v _364_/B2 (sky130_fd_sc_hd__a22oi_1)
                  0.14    0.15    2.41 ^ _364_/Y (sky130_fd_sc_hd__a22oi_1)
     1    0.00                           _296_ (net)
                  0.14    0.00    2.41 ^ _366_/A (sky130_fd_sc_hd__nor2_1)
                  0.07    0.10    2.51 v _366_/Y (sky130_fd_sc_hd__nor2_1)
     1    0.01                           net24 (net)
                  0.07    0.00    2.51 v output24/A (sky130_fd_sc_hd__clkbuf_4)
                  0.08    0.18    2.70 v output24/X (sky130_fd_sc_hd__clkbuf_4)
     1    0.03                           P[1] (net)
                  0.08    0.00    2.70 v P[1] (out)
                                  2.70   data arrival time

                  0.00    0.00    0.00   clock clk (rise edge)
                          0.00    0.00   clock network delay (ideal)
                          0.25    0.25   clock uncertainty
                          0.00    0.25   clock reconvergence pessimism
                         -2.00   -1.75   output external delay
                                 -1.75   data required time
-----------------------------------------------------------------------------
                                 -1.75   data required time
                                 -2.70   data arrival time
-----------------------------------------------------------------------------
                                  4.45   slack (MET)


Startpoint: A[0] (input port clocked by clk)
Endpoint: P[3] (output port clocked by clk)
Path Group: clk
Path Type: min

Fanout     Cap    Slew   Delay    Time   Description
-----------------------------------------------------------------------------
                  0.00    0.00    0.00   clock clk (rise edge)
                          0.00    0.00   clock network delay (ideal)
                          2.00    2.00 ^ input external delay
                  0.04    0.02    2.02 ^ A[0] (in)
     1    0.01                           A[0] (net)
                  0.04    0.00    2.02 ^ input1/A (sky130_fd_sc_hd__clkbuf_2)
                  0.07    0.11    2.13 ^ input1/X (sky130_fd_sc_hd__clkbuf_2)
     5    0.01                           net1 (net)
                  0.07    0.00    2.13 ^ _371_/C (sky130_fd_sc_hd__and4bb_1)
                  0.10    0.22    2.35 ^ _371_/X (sky130_fd_sc_hd__and4bb_1)
     3    0.01                           _307_ (net)
                  0.10    0.00    2.35 ^ _375_/A (sky130_fd_sc_hd__nor3b_1)
                  0.04    0.07    2.42 v _375_/Y (sky130_fd_sc_hd__nor3b_1)
     2    0.01                           _310_ (net)
                  0.04    0.00    2.42 v _388_/A (sky130_fd_sc_hd__nor2_1)
                  0.08    0.09    2.51 ^ _388_/Y (sky130_fd_sc_hd__nor2_1)
     1    0.00                           _323_ (net)
                  0.08    0.00    2.51 ^ _389_/B (sky130_fd_sc_hd__nor2_1)
                  0.03    0.05    2.56 v _389_/Y (sky130_fd_sc_hd__nor2_1)
     1    0.00                           net26 (net)
                  0.03    0.00    2.56 v output26/A (sky130_fd_sc_hd__clkbuf_4)
                  0.09    0.17    2.73 v output26/X (sky130_fd_sc_hd__clkbuf_4)
     1    0.04                           P[3] (net)
                  0.09    0.00    2.74 v P[3] (out)
                                  2.74   data arrival time

                  0.00    0.00    0.00   clock clk (rise edge)
                          0.00    0.00   clock network delay (ideal)
                          0.25    0.25   clock uncertainty
                          0.00    0.25   clock reconvergence pessimism
                         -2.00   -1.75   output external delay
                                 -1.75   data required time
-----------------------------------------------------------------------------
                                 -1.75   data required time
                                 -2.74   data arrival time
-----------------------------------------------------------------------------
                                  4.49   slack (MET)


Startpoint: A[0] (input port clocked by clk)
Endpoint: P[5] (output port clocked by clk)
Path Group: clk
Path Type: min

Fanout     Cap    Slew   Delay    Time   Description
-----------------------------------------------------------------------------
                  0.00    0.00    0.00   clock clk (rise edge)
                          0.00    0.00   clock network delay (ideal)
                          2.00    2.00 v input external delay
                  0.02    0.01    2.01 v A[0] (in)
     1    0.01                           A[0] (net)
                  0.02    0.00    2.01 v input1/A (sky130_fd_sc_hd__clkbuf_2)
                  0.05    0.10    2.11 v input1/X (sky130_fd_sc_hd__clkbuf_2)
     5    0.01                           net1 (net)
                  0.05    0.00    2.11 v _394_/A (sky130_fd_sc_hd__and4_2)
                  0.06    0.20    2.31 v _394_/X (sky130_fd_sc_hd__and4_2)
     3    0.02                           _328_ (net)
                  0.06    0.00    2.31 v _433_/A (sky130_fd_sc_hd__xnor2_2)
                  0.07    0.16    2.47 v _433_/Y (sky130_fd_sc_hd__xnor2_2)
     4    0.01                           _008_ (net)
                  0.07    0.00    2.47 v _731_/A (sky130_fd_sc_hd__xnor2_1)
                  0.03    0.12    2.59 v _731_/Y (sky130_fd_sc_hd__xnor2_1)
     1    0.00                           net28 (net)
                  0.03    0.00    2.59 v output28/A (sky130_fd_sc_hd__buf_2)
                  0.09    0.17    2.76 v output28/X (sky130_fd_sc_hd__buf_2)
     1    0.03                           P[5] (net)
                  0.09    0.00    2.76 v P[5] (out)
                                  2.76   data arrival time

                  0.00    0.00    0.00   clock clk (rise edge)
                          0.00    0.00   clock network delay (ideal)
                          0.25    0.25   clock uncertainty
                          0.00    0.25   clock reconvergence pessimism
                         -2.00   -1.75   output external delay
                                 -1.75   data required time
-----------------------------------------------------------------------------
                                 -1.75   data required time
                                 -2.76   data arrival time
-----------------------------------------------------------------------------
                                  4.51   slack (MET)


Startpoint: A[0] (input port clocked by clk)
Endpoint: P[6] (output port clocked by clk)
Path Group: clk
Path Type: min

Fanout     Cap    Slew   Delay    Time   Description
-----------------------------------------------------------------------------
                  0.00    0.00    0.00   clock clk (rise edge)
                          0.00    0.00   clock network delay (ideal)
                          2.00    2.00 ^ input external delay
                  0.04    0.02    2.02 ^ A[0] (in)
     1    0.01                           A[0] (net)
                  0.04    0.00    2.02 ^ input1/A (sky130_fd_sc_hd__clkbuf_2)
                  0.07    0.11    2.13 ^ input1/X (sky130_fd_sc_hd__clkbuf_2)
     5    0.01                           net1 (net)
                  0.07    0.00    2.13 ^ _394_/A (sky130_fd_sc_hd__and4_2)
                  0.11    0.25    2.38 ^ _394_/X (sky130_fd_sc_hd__and4_2)
     3    0.02                           _328_ (net)
                  0.11    0.00    2.38 ^ _433_/A (sky130_fd_sc_hd__xnor2_2)
                  0.08    0.15    2.53 ^ _433_/Y (sky130_fd_sc_hd__xnor2_2)
     4    0.01                           _008_ (net)
                  0.08    0.00    2.53 ^ _465_/B (sky130_fd_sc_hd__nor2_1)
                  0.06    0.08    2.60 v _465_/Y (sky130_fd_sc_hd__nor2_1)
     2    0.01                           _040_ (net)
                  0.06    0.00    2.60 v _466_/B (sky130_fd_sc_hd__xnor2_2)
                  0.03    0.10    2.71 ^ _466_/Y (sky130_fd_sc_hd__xnor2_2)
     1    0.00                           net29 (net)
                  0.03    0.00    2.71 ^ output29/A (sky130_fd_sc_hd__clkbuf_4)
                  0.11    0.17    2.88 ^ output29/X (sky130_fd_sc_hd__clkbuf_4)
     1    0.03                           P[6] (net)
                  0.11    0.00    2.88 ^ P[6] (out)
                                  2.88   data arrival time

                  0.00    0.00    0.00   clock clk (rise edge)
                          0.00    0.00   clock network delay (ideal)
                          0.25    0.25   clock uncertainty
                          0.00    0.25   clock reconvergence pessimism
                         -2.00   -1.75   output external delay
                                 -1.75   data required time
-----------------------------------------------------------------------------
                                 -1.75   data required time
                                 -2.88   data arrival time
-----------------------------------------------------------------------------
                                  4.63   slack (MET)


Startpoint: B[7] (input port clocked by clk)
Endpoint: P[15] (output port clocked by clk)
Path Group: clk
Path Type: min

Fanout     Cap    Slew   Delay    Time   Description
-----------------------------------------------------------------------------
                  0.00    0.00    0.00   clock clk (rise edge)
                          0.00    0.00   clock network delay (ideal)
                          2.00    2.00 ^ input external delay
                  0.04    0.03    2.03 ^ B[7] (in)
     1    0.01                           B[7] (net)
                  0.04    0.00    2.03 ^ input16/A (sky130_fd_sc_hd__buf_8)
                  0.04    0.09    2.11 ^ input16/X (sky130_fd_sc_hd__buf_8)
     8    0.02                           net16 (net)
                  0.04    0.00    2.11 ^ _468_/A (sky130_fd_sc_hd__inv_2)
                  0.04    0.05    2.16 v _468_/Y (sky130_fd_sc_hd__inv_2)
    10    0.02                           _042_ (net)
                  0.04    0.00    2.16 v _702_/A2 (sky130_fd_sc_hd__o21ai_1)
                  0.15    0.19    2.35 ^ _702_/Y (sky130_fd_sc_hd__o21ai_1)
     3    0.01                           _272_ (net)
                  0.15    0.00    2.35 ^ _727_/A2 (sky130_fd_sc_hd__a21o_1)
                  0.03    0.12    2.47 ^ _727_/X (sky130_fd_sc_hd__a21o_1)
     1    0.00                           _299_ (net)
                  0.03    0.00    2.47 ^ _728_/B2 (sky130_fd_sc_hd__a32o_1)
                  0.05    0.10    2.58 ^ _728_/X (sky130_fd_sc_hd__a32o_1)
     1    0.00                           _300_ (net)
                  0.05    0.00    2.58 ^ _729_/C1 (sky130_fd_sc_hd__o211a_1)
                  0.06    0.14    2.72 ^ _729_/X (sky130_fd_sc_hd__o211a_1)
     1    0.01                           net23 (net)
                  0.06    0.00    2.72 ^ output23/A (sky130_fd_sc_hd__clkbuf_4)
                  0.12    0.19    2.91 ^ output23/X (sky130_fd_sc_hd__clkbuf_4)
     1    0.04                           P[15] (net)
                  0.12    0.00    2.91 ^ P[15] (out)
                                  2.91   data arrival time

                  0.00    0.00    0.00   clock clk (rise edge)
                          0.00    0.00   clock network delay (ideal)
                          0.25    0.25   clock uncertainty
                          0.00    0.25   clock reconvergence pessimism
                         -2.00   -1.75   output external delay
                                 -1.75   data required time
-----------------------------------------------------------------------------
                                 -1.75   data required time
                                 -2.91   data arrival time
-----------------------------------------------------------------------------
                                  4.66   slack (MET)


Startpoint: B[7] (input port clocked by clk)
Endpoint: P[14] (output port clocked by clk)
Path Group: clk
Path Type: min

Fanout     Cap    Slew   Delay    Time   Description
-----------------------------------------------------------------------------
                  0.00    0.00    0.00   clock clk (rise edge)
                          0.00    0.00   clock network delay (ideal)
                          2.00    2.00 v input external delay
                  0.02    0.01    2.01 v B[7] (in)
     1    0.01                           B[7] (net)
                  0.02    0.00    2.01 v input16/A (sky130_fd_sc_hd__buf_8)
                  0.03    0.10    2.11 v input16/X (sky130_fd_sc_hd__buf_8)
     8    0.02                           net16 (net)
                  0.03    0.00    2.11 v _468_/A (sky130_fd_sc_hd__inv_2)
                  0.10    0.08    2.20 ^ _468_/Y (sky130_fd_sc_hd__inv_2)
    10    0.02                           _042_ (net)
                  0.10    0.00    2.20 ^ _681_/A2 (sky130_fd_sc_hd__o21ai_1)
                  0.04    0.06    2.26 v _681_/Y (sky130_fd_sc_hd__o21ai_1)
     1    0.00                           _251_ (net)
                  0.04    0.00    2.26 v _682_/B (sky130_fd_sc_hd__nand2_1)
                  0.09    0.09    2.35 ^ _682_/Y (sky130_fd_sc_hd__nand2_1)
     2    0.01                           _252_ (net)
                  0.09    0.00    2.35 ^ _712_/A2 (sky130_fd_sc_hd__o21a_1)
                  0.05    0.11    2.46 ^ _712_/X (sky130_fd_sc_hd__o21a_1)
     2    0.00                           _283_ (net)
                  0.05    0.00    2.46 ^ _714_/B (sky130_fd_sc_hd__nand2_1)
                  0.05    0.06    2.52 v _714_/Y (sky130_fd_sc_hd__nand2_1)
     1    0.01                           _285_ (net)
                  0.05    0.00    2.52 v _715_/B (sky130_fd_sc_hd__nand2_2)
                  0.12    0.12    2.64 ^ _715_/Y (sky130_fd_sc_hd__nand2_2)
     2    0.02                           _287_ (net)
                  0.12    0.00    2.64 ^ _718_/A (sky130_fd_sc_hd__xnor2_4)
                  0.08    0.15    2.79 ^ _718_/Y (sky130_fd_sc_hd__xnor2_4)
     2    0.02                           _290_ (net)
                  0.08    0.00    2.79 ^ _721_/A (sky130_fd_sc_hd__xnor2_2)
                  0.04    0.07    2.86 v _721_/Y (sky130_fd_sc_hd__xnor2_2)
     1    0.00                           net22 (net)
                  0.04    0.00    2.86 v output22/A (sky130_fd_sc_hd__buf_6)
                  0.04    0.13    2.99 v output22/X (sky130_fd_sc_hd__buf_6)
     1    0.03                           P[14] (net)
                  0.04    0.00    2.99 v P[14] (out)
                                  2.99   data arrival time

                  0.00    0.00    0.00   clock clk (rise edge)
                          0.00    0.00   clock network delay (ideal)
                          0.25    0.25   clock uncertainty
                          0.00    0.25   clock reconvergence pessimism
                         -2.00   -1.75   output external delay
                                 -1.75   data required time
-----------------------------------------------------------------------------
                                 -1.75   data required time
                                 -2.99   data arrival time
-----------------------------------------------------------------------------
                                  4.74   slack (MET)


Startpoint: A[0] (input port clocked by clk)
Endpoint: P[7] (output port clocked by clk)
Path Group: clk
Path Type: min

Fanout     Cap    Slew   Delay    Time   Description
-----------------------------------------------------------------------------
                  0.00    0.00    0.00   clock clk (rise edge)
                          0.00    0.00   clock network delay (ideal)
                          2.00    2.00 v input external delay
                  0.02    0.01    2.01 v A[0] (in)
     1    0.01                           A[0] (net)
                  0.02    0.00    2.01 v input1/A (sky130_fd_sc_hd__clkbuf_2)
                  0.05    0.10    2.11 v input1/X (sky130_fd_sc_hd__clkbuf_2)
     5    0.01                           net1 (net)
                  0.05    0.00    2.11 v _359_/A (sky130_fd_sc_hd__clkbuf_4)
                  0.06    0.15    2.26 v _359_/X (sky130_fd_sc_hd__clkbuf_4)
    10    0.02                           _245_ (net)
                  0.06    0.00    2.26 v _436_/B1 (sky130_fd_sc_hd__o211a_1)
                  0.07    0.16    2.42 v _436_/X (sky130_fd_sc_hd__o211a_1)
     4    0.01                           _011_ (net)
                  0.07    0.00    2.42 v _497_/A (sky130_fd_sc_hd__nand3_1)
                  0.11    0.11    2.53 ^ _497_/Y (sky130_fd_sc_hd__nand3_1)
     3    0.01                           _071_ (net)
                  0.11    0.00    2.54 ^ _500_/B (sky130_fd_sc_hd__nand3b_1)
                  0.08    0.10    2.64 v _500_/Y (sky130_fd_sc_hd__nand3b_1)
     2    0.01                           _074_ (net)
                  0.08    0.00    2.64 v _503_/A2 (sky130_fd_sc_hd__a21oi_1)
                  0.10    0.16    2.79 ^ _503_/Y (sky130_fd_sc_hd__a21oi_1)
     1    0.00                           _077_ (net)
                  0.10    0.00    2.79 ^ _504_/B (sky130_fd_sc_hd__nor2_1)
                  0.02    0.04    2.84 v _504_/Y (sky130_fd_sc_hd__nor2_1)
     1    0.00                           net30 (net)
                  0.02    0.00    2.84 v output30/A (sky130_fd_sc_hd__clkbuf_4)
                  0.08    0.16    3.00 v output30/X (sky130_fd_sc_hd__clkbuf_4)
     1    0.03                           P[7] (net)
                  0.08    0.00    3.00 v P[7] (out)
                                  3.00   data arrival time

                  0.00    0.00    0.00   clock clk (rise edge)
                          0.00    0.00   clock network delay (ideal)
                          0.25    0.25   clock uncertainty
                          0.00    0.25   clock reconvergence pessimism
                         -2.00   -1.75   output external delay
                                 -1.75   data required time
-----------------------------------------------------------------------------
                                 -1.75   data required time
                                 -3.00   data arrival time
-----------------------------------------------------------------------------
                                  4.75   slack (MET)


Startpoint: A[0] (input port clocked by clk)
Endpoint: P[8] (output port clocked by clk)
Path Group: clk
Path Type: min

Fanout     Cap    Slew   Delay    Time   Description
-----------------------------------------------------------------------------
                  0.00    0.00    0.00   clock clk (rise edge)
                          0.00    0.00   clock network delay (ideal)
                          2.00    2.00 v input external delay
                  0.02    0.01    2.01 v A[0] (in)
     1    0.01                           A[0] (net)
                  0.02    0.00    2.01 v input1/A (sky130_fd_sc_hd__clkbuf_2)
                  0.05    0.10    2.11 v input1/X (sky130_fd_sc_hd__clkbuf_2)
     5    0.01                           net1 (net)
                  0.05    0.00    2.11 v _359_/A (sky130_fd_sc_hd__clkbuf_4)
                  0.06    0.15    2.26 v _359_/X (sky130_fd_sc_hd__clkbuf_4)
    10    0.02                           _245_ (net)
                  0.06    0.00    2.26 v _436_/B1 (sky130_fd_sc_hd__o211a_1)
                  0.07    0.16    2.42 v _436_/X (sky130_fd_sc_hd__o211a_1)
     4    0.01                           _011_ (net)
                  0.07    0.00    2.42 v _497_/A (sky130_fd_sc_hd__nand3_1)
                  0.11    0.11    2.53 ^ _497_/Y (sky130_fd_sc_hd__nand3_1)
     3    0.01                           _071_ (net)
                  0.11    0.00    2.53 ^ _544_/B (sky130_fd_sc_hd__and3b_1)
                  0.07    0.17    2.71 ^ _544_/X (sky130_fd_sc_hd__and3b_1)
     1    0.01                           _117_ (net)
                  0.07    0.00    2.71 ^ _545_/B1 (sky130_fd_sc_hd__a21oi_2)
                  0.04    0.05    2.76 v _545_/Y (sky130_fd_sc_hd__a21oi_2)
     4    0.01                           _118_ (net)
                  0.04    0.00    2.76 v _546_/B (sky130_fd_sc_hd__xnor2_1)
                  0.05    0.12    2.87 v _546_/Y (sky130_fd_sc_hd__xnor2_1)
     1    0.00                           net31 (net)
                  0.05    0.00    2.87 v output31/A (sky130_fd_sc_hd__clkbuf_4)
                  0.08    0.17    3.05 v output31/X (sky130_fd_sc_hd__clkbuf_4)
     1    0.03                           P[8] (net)
                  0.08    0.00    3.05 v P[8] (out)
                                  3.05   data arrival time

                  0.00    0.00    0.00   clock clk (rise edge)
                          0.00    0.00   clock network delay (ideal)
                          0.25    0.25   clock uncertainty
                          0.00    0.25   clock reconvergence pessimism
                         -2.00   -1.75   output external delay
                                 -1.75   data required time
-----------------------------------------------------------------------------
                                 -1.75   data required time
                                 -3.05   data arrival time
-----------------------------------------------------------------------------
                                  4.80   slack (MET)


Startpoint: B[7] (input port clocked by clk)
Endpoint: P[13] (output port clocked by clk)
Path Group: clk
Path Type: min

Fanout     Cap    Slew   Delay    Time   Description
-----------------------------------------------------------------------------
                  0.00    0.00    0.00   clock clk (rise edge)
                          0.00    0.00   clock network delay (ideal)
                          2.00    2.00 ^ input external delay
                  0.04    0.03    2.03 ^ B[7] (in)
     1    0.01                           B[7] (net)
                  0.04    0.00    2.03 ^ input16/A (sky130_fd_sc_hd__buf_8)
                  0.04    0.09    2.11 ^ input16/X (sky130_fd_sc_hd__buf_8)
     8    0.02                           net16 (net)
                  0.04    0.00    2.11 ^ _620_/D (sky130_fd_sc_hd__and4b_1)
                  0.13    0.24    2.36 ^ _620_/X (sky130_fd_sc_hd__and4b_1)
     3    0.01                           _190_ (net)
                  0.13    0.00    2.36 ^ _693_/A1 (sky130_fd_sc_hd__a21bo_1)
                  0.06    0.14    2.49 ^ _693_/X (sky130_fd_sc_hd__a21bo_1)
     2    0.01                           _264_ (net)
                  0.06    0.00    2.49 ^ _694_/B (sky130_fd_sc_hd__xnor2_1)
                  0.10    0.14    2.63 ^ _694_/Y (sky130_fd_sc_hd__xnor2_1)
     2    0.01                           _265_ (net)
                  0.10    0.00    2.63 ^ _696_/B1 (sky130_fd_sc_hd__o21ai_1)
                  0.09    0.10    2.74 v _696_/Y (sky130_fd_sc_hd__o21ai_1)
     2    0.01                           _267_ (net)
                  0.09    0.00    2.74 v _697_/B (sky130_fd_sc_hd__nand2_1)
                  0.07    0.09    2.83 ^ _697_/Y (sky130_fd_sc_hd__nand2_1)
     1    0.01                           _268_ (net)
                  0.07    0.00    2.83 ^ _700_/A (sky130_fd_sc_hd__xnor2_1)
                  0.03    0.07    2.89 v _700_/Y (sky130_fd_sc_hd__xnor2_1)
     1    0.00                           net21 (net)
                  0.03    0.00    2.89 v output21/A (sky130_fd_sc_hd__clkbuf_4)
                  0.08    0.17    3.06 v output21/X (sky130_fd_sc_hd__clkbuf_4)
     1    0.03                           P[13] (net)
                  0.08    0.00    3.06 v P[13] (out)
                                  3.06   data arrival time

                  0.00    0.00    0.00   clock clk (rise edge)
                          0.00    0.00   clock network delay (ideal)
                          0.25    0.25   clock uncertainty
                          0.00    0.25   clock reconvergence pessimism
                         -2.00   -1.75   output external delay
                                 -1.75   data required time
-----------------------------------------------------------------------------
                                 -1.75   data required time
                                 -3.06   data arrival time
-----------------------------------------------------------------------------
                                  4.81   slack (MET)


Startpoint: A[0] (input port clocked by clk)
Endpoint: P[4] (output port clocked by clk)
Path Group: clk
Path Type: min

Fanout     Cap    Slew   Delay    Time   Description
-----------------------------------------------------------------------------
                  0.00    0.00    0.00   clock clk (rise edge)
                          0.00    0.00   clock network delay (ideal)
                          2.00    2.00 ^ input external delay
                  0.04    0.02    2.02 ^ A[0] (in)
     1    0.01                           A[0] (net)
                  0.04    0.00    2.02 ^ input1/A (sky130_fd_sc_hd__clkbuf_2)
                  0.07    0.11    2.13 ^ input1/X (sky130_fd_sc_hd__clkbuf_2)
     5    0.01                           net1 (net)
                  0.07    0.00    2.13 ^ _371_/C (sky130_fd_sc_hd__and4bb_1)
                  0.10    0.22    2.35 ^ _371_/X (sky130_fd_sc_hd__and4bb_1)
     3    0.01                           _307_ (net)
                  0.10    0.00    2.35 ^ _375_/A (sky130_fd_sc_hd__nor3b_1)
                  0.04    0.07    2.42 v _375_/Y (sky130_fd_sc_hd__nor3b_1)
     2    0.01                           _310_ (net)
                  0.04    0.00    2.42 v _387_/A (sky130_fd_sc_hd__and2_1)
                  0.07    0.16    2.57 v _387_/X (sky130_fd_sc_hd__and2_1)
     3    0.01                           _322_ (net)
                  0.07    0.00    2.57 v _408_/A (sky130_fd_sc_hd__nand3_1)
                  0.10    0.11    2.68 ^ _408_/Y (sky130_fd_sc_hd__nand3_1)
     3    0.01                           _342_ (net)
                  0.10    0.00    2.68 ^ _410_/A (sky130_fd_sc_hd__and2_1)
                  0.06    0.13    2.81 ^ _410_/X (sky130_fd_sc_hd__and2_1)
     1    0.00                           _344_ (net)
                  0.06    0.00    2.81 ^ _411_/A (sky130_fd_sc_hd__clkbuf_1)
                  0.05    0.08    2.90 ^ _411_/X (sky130_fd_sc_hd__clkbuf_1)
     1    0.00                           net27 (net)
                  0.05    0.00    2.90 ^ output27/A (sky130_fd_sc_hd__clkbuf_4)
                  0.11    0.18    3.07 ^ output27/X (sky130_fd_sc_hd__clkbuf_4)
     1    0.03                           P[4] (net)
                  0.11    0.00    3.07 ^ P[4] (out)
                                  3.07   data arrival time

                  0.00    0.00    0.00   clock clk (rise edge)
                          0.00    0.00   clock network delay (ideal)
                          0.25    0.25   clock uncertainty
                          0.00    0.25   clock reconvergence pessimism
                         -2.00   -1.75   output external delay
                                 -1.75   data required time
-----------------------------------------------------------------------------
                                 -1.75   data required time
                                 -3.07   data arrival time
-----------------------------------------------------------------------------
                                  4.82   slack (MET)


Startpoint: B[7] (input port clocked by clk)
Endpoint: P[12] (output port clocked by clk)
Path Group: clk
Path Type: min

Fanout     Cap    Slew   Delay    Time   Description
-----------------------------------------------------------------------------
                  0.00    0.00    0.00   clock clk (rise edge)
                          0.00    0.00   clock network delay (ideal)
                          2.00    2.00 ^ input external delay
                  0.04    0.03    2.03 ^ B[7] (in)
     1    0.01                           B[7] (net)
                  0.04    0.00    2.03 ^ input16/A (sky130_fd_sc_hd__buf_8)
                  0.04    0.09    2.11 ^ input16/X (sky130_fd_sc_hd__buf_8)
     8    0.02                           net16 (net)
                  0.04    0.00    2.11 ^ _552_/D (sky130_fd_sc_hd__and4b_1)
                  0.13    0.24    2.35 ^ _552_/X (sky130_fd_sc_hd__and4b_1)
     3    0.01                           _124_ (net)
                  0.13    0.00    2.35 ^ _618_/A1 (sky130_fd_sc_hd__a21o_1)
                  0.07    0.14    2.50 ^ _618_/X (sky130_fd_sc_hd__a21o_1)
     2    0.01                           _188_ (net)
                  0.07    0.00    2.50 ^ _671_/A1 (sky130_fd_sc_hd__a21o_1)
                  0.06    0.12    2.62 ^ _671_/X (sky130_fd_sc_hd__a21o_1)
     2    0.01                           _241_ (net)
                  0.06    0.00    2.62 ^ _672_/B (sky130_fd_sc_hd__xor2_1)
                  0.08    0.10    2.72 v _672_/X (sky130_fd_sc_hd__xor2_1)
     2    0.01                           _242_ (net)
                  0.08    0.00    2.72 v _673_/B1 (sky130_fd_sc_hd__a21oi_4)
                  0.16    0.17    2.90 ^ _673_/Y (sky130_fd_sc_hd__a21oi_4)
     4    0.02                           _243_ (net)
                  0.16    0.00    2.90 ^ _675_/A (sky130_fd_sc_hd__nor2_1)
                  0.02    0.07    2.96 v _675_/Y (sky130_fd_sc_hd__nor2_1)
     1    0.00                           net20 (net)
                  0.02    0.00    2.96 v output20/A (sky130_fd_sc_hd__clkbuf_4)
                  0.08    0.17    3.13 v output20/X (sky130_fd_sc_hd__clkbuf_4)
     1    0.03                           P[12] (net)
                  0.08    0.00    3.13 v P[12] (out)
                                  3.13   data arrival time

                  0.00    0.00    0.00   clock clk (rise edge)
                          0.00    0.00   clock network delay (ideal)
                          0.25    0.25   clock uncertainty
                          0.00    0.25   clock reconvergence pessimism
                         -2.00   -1.75   output external delay
                                 -1.75   data required time
-----------------------------------------------------------------------------
                                 -1.75   data required time
                                 -3.13   data arrival time
-----------------------------------------------------------------------------
                                  4.88   slack (MET)


Startpoint: A[0] (input port clocked by clk)
Endpoint: P[9] (output port clocked by clk)
Path Group: clk
Path Type: min

Fanout     Cap    Slew   Delay    Time   Description
-----------------------------------------------------------------------------
                  0.00    0.00    0.00   clock clk (rise edge)
                          0.00    0.00   clock network delay (ideal)
                          2.00    2.00 ^ input external delay
                  0.04    0.02    2.02 ^ A[0] (in)
     1    0.01                           A[0] (net)
                  0.04    0.00    2.02 ^ input1/A (sky130_fd_sc_hd__clkbuf_2)
                  0.07    0.11    2.13 ^ input1/X (sky130_fd_sc_hd__clkbuf_2)
     5    0.01                           net1 (net)
                  0.07    0.00    2.13 ^ _359_/A (sky130_fd_sc_hd__clkbuf_4)
                  0.08    0.16    2.29 ^ _359_/X (sky130_fd_sc_hd__clkbuf_4)
    10    0.02                           _245_ (net)
                  0.08    0.00    2.29 ^ _436_/B1 (sky130_fd_sc_hd__o211a_1)
                  0.12    0.20    2.49 ^ _436_/X (sky130_fd_sc_hd__o211a_1)
     4    0.01                           _011_ (net)
                  0.12    0.00    2.49 ^ _540_/A1 (sky130_fd_sc_hd__a21bo_1)
                  0.09    0.15    2.64 ^ _540_/X (sky130_fd_sc_hd__a21bo_1)
     2    0.01                           _113_ (net)
                  0.09    0.00    2.64 ^ _542_/B1 (sky130_fd_sc_hd__a21oi_2)
                  0.04    0.04    2.68 v _542_/Y (sky130_fd_sc_hd__a21oi_2)
     3    0.01                           _115_ (net)
                  0.04    0.00    2.68 v _582_/A1 (sky130_fd_sc_hd__o21bai_1)
                  0.09    0.17    2.85 ^ _582_/Y (sky130_fd_sc_hd__o21bai_1)
     1    0.01                           _154_ (net)
                  0.09    0.00    2.85 ^ _583_/B (sky130_fd_sc_hd__xnor2_1)
                  0.09    0.11    2.96 v _583_/Y (sky130_fd_sc_hd__xnor2_1)
     1    0.01                           net32 (net)
                  0.09    0.00    2.96 v output32/A (sky130_fd_sc_hd__clkbuf_4)
                  0.09    0.20    3.16 v output32/X (sky130_fd_sc_hd__clkbuf_4)
     1    0.04                           P[9] (net)
                  0.09    0.00    3.16 v P[9] (out)
                                  3.16   data arrival time

                  0.00    0.00    0.00   clock clk (rise edge)
                          0.00    0.00   clock network delay (ideal)
                          0.25    0.25   clock uncertainty
                          0.00    0.25   clock reconvergence pessimism
                         -2.00   -1.75   output external delay
                                 -1.75   data required time
-----------------------------------------------------------------------------
                                 -1.75   data required time
                                 -3.16   data arrival time
-----------------------------------------------------------------------------
                                  4.91   slack (MET)


Startpoint: B[7] (input port clocked by clk)
Endpoint: P[11] (output port clocked by clk)
Path Group: clk
Path Type: min

Fanout     Cap    Slew   Delay    Time   Description
-----------------------------------------------------------------------------
                  0.00    0.00    0.00   clock clk (rise edge)
                          0.00    0.00   clock network delay (ideal)
                          2.00    2.00 ^ input external delay
                  0.04    0.03    2.03 ^ B[7] (in)
     1    0.01                           B[7] (net)
                  0.04    0.00    2.03 ^ input16/A (sky130_fd_sc_hd__buf_8)
                  0.04    0.09    2.11 ^ input16/X (sky130_fd_sc_hd__buf_8)
     8    0.02                           net16 (net)
                  0.04    0.00    2.11 ^ _509_/D (sky130_fd_sc_hd__and4b_1)
                  0.06    0.18    2.29 ^ _509_/X (sky130_fd_sc_hd__and4b_1)
     1    0.00                           _082_ (net)
                  0.06    0.00    2.29 ^ _510_/A (sky130_fd_sc_hd__buf_1)
                  0.18    0.17    2.46 ^ _510_/X (sky130_fd_sc_hd__buf_1)
     4    0.01                           _083_ (net)
                  0.18    0.00    2.46 ^ _586_/A1 (sky130_fd_sc_hd__a21oi_1)
                  0.04    0.11    2.57 v _586_/Y (sky130_fd_sc_hd__a21oi_1)
     2    0.01                           _157_ (net)
                  0.04    0.00    2.57 v _607_/A (sky130_fd_sc_hd__xnor2_1)
                  0.06    0.15    2.72 ^ _607_/Y (sky130_fd_sc_hd__xnor2_1)
     2    0.00                           _178_ (net)
                  0.06    0.00    2.72 ^ _609_/A (sky130_fd_sc_hd__or2b_1)
                  0.07    0.11    2.83 ^ _609_/X (sky130_fd_sc_hd__or2b_1)
     2    0.01                           _180_ (net)
                  0.07    0.00    2.83 ^ _642_/A1 (sky130_fd_sc_hd__a21bo_1)
                  0.08    0.13    2.96 ^ _642_/X (sky130_fd_sc_hd__a21bo_1)
     1    0.01                           _212_ (net)
                  0.08    0.00    2.96 ^ _643_/B (sky130_fd_sc_hd__xnor2_2)
                  0.03    0.05    3.01 v _643_/Y (sky130_fd_sc_hd__xnor2_2)
     1    0.00                           net19 (net)
                  0.03    0.00    3.01 v output19/A (sky130_fd_sc_hd__clkbuf_4)
                  0.09    0.17    3.19 v output19/X (sky130_fd_sc_hd__clkbuf_4)
     1    0.04                           P[11] (net)
                  0.09    0.00    3.19 v P[11] (out)
                                  3.19   data arrival time

                  0.00    0.00    0.00   clock clk (rise edge)
                          0.00    0.00   clock network delay (ideal)
                          0.25    0.25   clock uncertainty
                          0.00    0.25   clock reconvergence pessimism
                         -2.00   -1.75   output external delay
                                 -1.75   data required time
-----------------------------------------------------------------------------
                                 -1.75   data required time
                                 -3.19   data arrival time
-----------------------------------------------------------------------------
                                  4.94   slack (MET)


Startpoint: A[1] (input port clocked by clk)
Endpoint: P[10] (output port clocked by clk)
Path Group: clk
Path Type: min

Fanout     Cap    Slew   Delay    Time   Description
-----------------------------------------------------------------------------
                  0.00    0.00    0.00   clock clk (rise edge)
                          0.00    0.00   clock network delay (ideal)
                          2.00    2.00 ^ input external delay
                  0.02    0.01    2.01 ^ A[1] (in)
     1    0.00                           A[1] (net)
                  0.02    0.00    2.01 ^ input2/A (sky130_fd_sc_hd__clkbuf_2)
                  0.06    0.10    2.11 ^ input2/X (sky130_fd_sc_hd__clkbuf_2)
     6    0.01                           net2 (net)
                  0.06    0.00    2.11 ^ _511_/B2 (sky130_fd_sc_hd__o2bb2a_1)
                  0.08    0.15    2.26 ^ _511_/X (sky130_fd_sc_hd__o2bb2a_1)
     2    0.01                           _084_ (net)
                  0.08    0.00    2.26 ^ _512_/C (sky130_fd_sc_hd__or3_4)
                  0.03    0.11    2.37 ^ _512_/X (sky130_fd_sc_hd__or3_4)
     2    0.01                           _085_ (net)
                  0.03    0.00    2.38 ^ _549_/A (sky130_fd_sc_hd__and2_1)
                  0.10    0.14    2.52 ^ _549_/X (sky130_fd_sc_hd__and2_1)
     3    0.01                           _121_ (net)
                  0.10    0.00    2.52 ^ _584_/A1 (sky130_fd_sc_hd__o21ba_1)
                  0.05    0.13    2.65 ^ _584_/X (sky130_fd_sc_hd__o21ba_1)
     2    0.00                           _155_ (net)
                  0.05    0.00    2.65 ^ _608_/A (sky130_fd_sc_hd__or2b_1)
                  0.07    0.11    2.76 ^ _608_/X (sky130_fd_sc_hd__or2b_1)
     3    0.01                           _179_ (net)
                  0.07    0.00    2.76 ^ _610_/A (sky130_fd_sc_hd__nand2_1)
                  0.10    0.10    2.86 v _610_/Y (sky130_fd_sc_hd__nand2_1)
     3    0.01                           _181_ (net)
                  0.10    0.00    2.86 v _614_/A (sky130_fd_sc_hd__xnor2_1)
                  0.07    0.16    3.02 v _614_/Y (sky130_fd_sc_hd__xnor2_1)
     1    0.01                           net18 (net)
                  0.07    0.00    3.02 v output18/A (sky130_fd_sc_hd__clkbuf_4)
                  0.08    0.18    3.20 v output18/X (sky130_fd_sc_hd__clkbuf_4)
     1    0.03                           P[10] (net)
                  0.08    0.00    3.20 v P[10] (out)
                                  3.20   data arrival time

                  0.00    0.00    0.00   clock clk (rise edge)
                          0.00    0.00   clock network delay (ideal)
                          0.25    0.25   clock uncertainty
                          0.00    0.25   clock reconvergence pessimism
                         -2.00   -1.75   output external delay
                                 -1.75   data required time
-----------------------------------------------------------------------------
                                 -1.75   data required time
                                 -3.20   data arrival time
-----------------------------------------------------------------------------
                                  4.95   slack (MET)



