OpenROAD 41a51eaf4ca2171c92ff38afb91eb37bbd3f36da 
This program is licensed under the BSD-3 license. See the LICENSE file for details.
Components of this program may be licensed under more restrictive licenses which must be honored.
[INFO]: Reading ODB at '/openlane/designs/kogge/runs/myrun/tmp/15-kogge.odb'…
define_corners Typical
read_liberty -corner Typical /home/jagadeesh97/.ciel/ciel/sky130/versions/0fe599b2afb6708d281543108caf8310912f54af/sky130A/libs.ref/sky130_fd_sc_hd/lib/sky130_fd_sc_hd__tt_025C_1v80.lib
Using 1e-12 for capacitance...
Using 1e+03 for resistance...
Using 1e-09 for time...
Using 1e+00 for voltage...
Using 1e-03 for current...
Using 1e-09 for power...
Using 1e-06 for distance...
Reading design constraints file at '/openlane/designs/kogge/runs/myrun/tmp/15-kogge.sdc'…
[INFO]: Setting RC values...
[WARNING GRT-0026] Missing route to pin _097_/A.
min_report

===========================================================================
report_checks -path_delay min (Hold)
============================================================================
======================= Typical Corner ===================================

Startpoint: A[0] (input port clocked by clk)
Endpoint: SUM[0] (output port clocked by clk)
Path Group: clk
Path Type: min

Fanout     Cap    Slew   Delay    Time   Description
-----------------------------------------------------------------------------
                  0.00    0.00    0.00   clock clk (rise edge)
                          0.00    0.00   clock network delay (ideal)
                          2.00    2.00 v input external delay
                  0.01    0.00    2.00 v A[0] (in)
     1    0.00                           A[0] (net)
                  0.01    0.00    2.00 v input1/A (sky130_fd_sc_hd__buf_1)
                  0.03    0.07    2.08 v input1/X (sky130_fd_sc_hd__buf_1)
     2    0.00                           net1 (net)
                  0.03    0.00    2.08 v _094_/B (sky130_fd_sc_hd__nor2_1)
                  0.08    0.08    2.16 ^ _094_/Y (sky130_fd_sc_hd__nor2_1)
     1    0.00                           _051_ (net)
                  0.08    0.00    2.16 ^ _096_/A (sky130_fd_sc_hd__nor2_1)
                  0.03    0.05    2.21 v _096_/Y (sky130_fd_sc_hd__nor2_1)
     1    0.00                           net33 (net)
                  0.03    0.00    2.21 v output33/A (sky130_fd_sc_hd__clkbuf_4)
                  0.08    0.17    2.38 v output33/X (sky130_fd_sc_hd__clkbuf_4)
     1    0.03                           SUM[0] (net)
                  0.08    0.00    2.38 v SUM[0] (out)
                                  2.38   data arrival time

                  0.00    0.00    0.00   clock clk (rise edge)
                          0.00    0.00   clock network delay (ideal)
                          0.25    0.25   clock uncertainty
                          0.00    0.25   clock reconvergence pessimism
                         -2.00   -1.75   output external delay
                                 -1.75   data required time
-----------------------------------------------------------------------------
                                 -1.75   data required time
                                 -2.38   data arrival time
-----------------------------------------------------------------------------
                                  4.13   slack (MET)


Startpoint: A[15] (input port clocked by clk)
Endpoint: SUM[15] (output port clocked by clk)
Path Group: clk
Path Type: min

Fanout     Cap    Slew   Delay    Time   Description
-----------------------------------------------------------------------------
                  0.00    0.00    0.00   clock clk (rise edge)
                          0.00    0.00   clock network delay (ideal)
                          2.00    2.00 ^ input external delay
                  0.02    0.01    2.01 ^ A[15] (in)
     1    0.00                           A[15] (net)
                  0.02    0.00    2.01 ^ input7/A (sky130_fd_sc_hd__buf_1)
                  0.07    0.08    2.09 ^ input7/X (sky130_fd_sc_hd__buf_1)
     1    0.00                           net7 (net)
                  0.07    0.00    2.09 ^ _202_/B (sky130_fd_sc_hd__xnor2_1)
                  0.07    0.12    2.21 ^ _202_/Y (sky130_fd_sc_hd__xnor2_1)
     1    0.00                           _050_ (net)
                  0.07    0.00    2.21 ^ _203_/B (sky130_fd_sc_hd__xnor2_1)
                  0.03    0.05    2.27 v _203_/Y (sky130_fd_sc_hd__xnor2_1)
     1    0.00                           net39 (net)
                  0.03    0.00    2.27 v output39/A (sky130_fd_sc_hd__clkbuf_4)
                  0.08    0.17    2.43 v output39/X (sky130_fd_sc_hd__clkbuf_4)
     1    0.03                           SUM[15] (net)
                  0.08    0.00    2.43 v SUM[15] (out)
                                  2.43   data arrival time

                  0.00    0.00    0.00   clock clk (rise edge)
                          0.00    0.00   clock network delay (ideal)
                          0.25    0.25   clock uncertainty
                          0.00    0.25   clock reconvergence pessimism
                         -2.00   -1.75   output external delay
                                 -1.75   data required time
-----------------------------------------------------------------------------
                                 -1.75   data required time
                                 -2.43   data arrival time
-----------------------------------------------------------------------------
                                  4.18   slack (MET)


Startpoint: B[12] (input port clocked by clk)
Endpoint: SUM[12] (output port clocked by clk)
Path Group: clk
Path Type: min

Fanout     Cap    Slew   Delay    Time   Description
-----------------------------------------------------------------------------
                  0.00    0.00    0.00   clock clk (rise edge)
                          0.00    0.00   clock network delay (ideal)
                          2.00    2.00 ^ input external delay
                  0.02    0.01    2.01 ^ B[12] (in)
     1    0.00                           B[12] (net)
                  0.02    0.00    2.01 ^ input20/A (sky130_fd_sc_hd__clkbuf_2)
                  0.10    0.13    2.13 ^ input20/X (sky130_fd_sc_hd__clkbuf_2)
     4    0.02                           net20 (net)
                  0.10    0.00    2.13 ^ _170_/A (sky130_fd_sc_hd__xnor2_2)
                  0.06    0.13    2.26 ^ _170_/Y (sky130_fd_sc_hd__xnor2_2)
     3    0.01                           _021_ (net)
                  0.06    0.00    2.26 ^ _179_/A (sky130_fd_sc_hd__xor2_1)
                  0.03    0.06    2.32 v _179_/X (sky130_fd_sc_hd__xor2_1)
     1    0.00                           net36 (net)
                  0.03    0.00    2.32 v output36/A (sky130_fd_sc_hd__clkbuf_4)
                  0.08    0.17    2.49 v output36/X (sky130_fd_sc_hd__clkbuf_4)
     1    0.03                           SUM[12] (net)
                  0.08    0.00    2.49 v SUM[12] (out)
                                  2.49   data arrival time

                  0.00    0.00    0.00   clock clk (rise edge)
                          0.00    0.00   clock network delay (ideal)
                          0.25    0.25   clock uncertainty
                          0.00    0.25   clock reconvergence pessimism
                         -2.00   -1.75   output external delay
                                 -1.75   data required time
-----------------------------------------------------------------------------
                                 -1.75   data required time
                                 -2.49   data arrival time
-----------------------------------------------------------------------------
                                  4.24   slack (MET)


Startpoint: A[6] (input port clocked by clk)
Endpoint: SUM[6] (output port clocked by clk)
Path Group: clk
Path Type: min

Fanout     Cap    Slew   Delay    Time   Description
-----------------------------------------------------------------------------
                  0.00    0.00    0.00   clock clk (rise edge)
                          0.00    0.00   clock network delay (ideal)
                          2.00    2.00 ^ input external delay
                  0.02    0.01    2.01 ^ A[6] (in)
     1    0.00                           A[6] (net)
                  0.02    0.00    2.01 ^ input13/A (sky130_fd_sc_hd__clkbuf_2)
                  0.12    0.14    2.15 ^ input13/X (sky130_fd_sc_hd__clkbuf_2)
     4    0.02                           net13 (net)
                  0.12    0.00    2.15 ^ _122_/B (sky130_fd_sc_hd__xnor2_2)
                  0.06    0.13    2.28 ^ _122_/Y (sky130_fd_sc_hd__xnor2_2)
     3    0.01                           _073_ (net)
                  0.06    0.00    2.28 ^ _131_/A (sky130_fd_sc_hd__xor2_1)
                  0.04    0.06    2.34 v _131_/X (sky130_fd_sc_hd__xor2_1)
     1    0.00                           net45 (net)
                  0.04    0.00    2.34 v output45/A (sky130_fd_sc_hd__clkbuf_4)
                  0.08    0.17    2.51 v output45/X (sky130_fd_sc_hd__clkbuf_4)
     1    0.03                           SUM[6] (net)
                  0.08    0.00    2.51 v SUM[6] (out)
                                  2.51   data arrival time

                  0.00    0.00    0.00   clock clk (rise edge)
                          0.00    0.00   clock network delay (ideal)
                          0.25    0.25   clock uncertainty
                          0.00    0.25   clock reconvergence pessimism
                         -2.00   -1.75   output external delay
                                 -1.75   data required time
-----------------------------------------------------------------------------
                                 -1.75   data required time
                                 -2.51   data arrival time
-----------------------------------------------------------------------------
                                  4.26   slack (MET)


Startpoint: A[11] (input port clocked by clk)
Endpoint: SUM[11] (output port clocked by clk)
Path Group: clk
Path Type: min

Fanout     Cap    Slew   Delay    Time   Description
-----------------------------------------------------------------------------
                  0.00    0.00    0.00   clock clk (rise edge)
                          0.00    0.00   clock network delay (ideal)
                          2.00    2.00 ^ input external delay
                  0.02    0.01    2.01 ^ A[11] (in)
     1    0.00                           A[11] (net)
                  0.02    0.00    2.01 ^ input3/A (sky130_fd_sc_hd__clkbuf_2)
                  0.10    0.13    2.15 ^ input3/X (sky130_fd_sc_hd__clkbuf_2)
     4    0.02                           net3 (net)
                  0.10    0.00    2.15 ^ _162_/B (sky130_fd_sc_hd__xnor2_2)
                  0.06    0.13    2.27 ^ _162_/Y (sky130_fd_sc_hd__xnor2_2)
     3    0.01                           _014_ (net)
                  0.06    0.00    2.27 ^ _169_/A (sky130_fd_sc_hd__xnor2_1)
                  0.04    0.07    2.35 v _169_/Y (sky130_fd_sc_hd__xnor2_1)
     1    0.00                           net35 (net)
                  0.04    0.00    2.35 v output35/A (sky130_fd_sc_hd__buf_2)
                  0.09    0.17    2.51 v output35/X (sky130_fd_sc_hd__buf_2)
     1    0.03                           SUM[11] (net)
                  0.09    0.00    2.52 v SUM[11] (out)
                                  2.52   data arrival time

                  0.00    0.00    0.00   clock clk (rise edge)
                          0.00    0.00   clock network delay (ideal)
                          0.25    0.25   clock uncertainty
                          0.00    0.25   clock reconvergence pessimism
                         -2.00   -1.75   output external delay
                                 -1.75   data required time
-----------------------------------------------------------------------------
                                 -1.75   data required time
                                 -2.52   data arrival time
-----------------------------------------------------------------------------
                                  4.27   slack (MET)


Startpoint: B[10] (input port clocked by clk)
Endpoint: SUM[10] (output port clocked by clk)
Path Group: clk
Path Type: min

Fanout     Cap    Slew   Delay    Time   Description
-----------------------------------------------------------------------------
                  0.00    0.00    0.00   clock clk (rise edge)
                          0.00    0.00   clock network delay (ideal)
                          2.00    2.00 ^ input external delay
                  0.02    0.01    2.01 ^ B[10] (in)
     1    0.00                           B[10] (net)
                  0.02    0.00    2.01 ^ input18/A (sky130_fd_sc_hd__clkbuf_2)
                  0.11    0.14    2.14 ^ input18/X (sky130_fd_sc_hd__clkbuf_2)
     4    0.02                           net18 (net)
                  0.11    0.00    2.14 ^ _154_/A (sky130_fd_sc_hd__xnor2_2)
                  0.06    0.13    2.28 ^ _154_/Y (sky130_fd_sc_hd__xnor2_2)
     3    0.01                           _007_ (net)
                  0.06    0.00    2.28 ^ _161_/A (sky130_fd_sc_hd__xnor2_1)
                  0.04    0.07    2.34 v _161_/Y (sky130_fd_sc_hd__xnor2_1)
     1    0.00                           net34 (net)
                  0.04    0.00    2.34 v output34/A (sky130_fd_sc_hd__clkbuf_4)
                  0.08    0.17    2.52 v output34/X (sky130_fd_sc_hd__clkbuf_4)
     1    0.03                           SUM[10] (net)
                  0.08    0.00    2.52 v SUM[10] (out)
                                  2.52   data arrival time

                  0.00    0.00    0.00   clock clk (rise edge)
                          0.00    0.00   clock network delay (ideal)
                          0.25    0.25   clock uncertainty
                          0.00    0.25   clock reconvergence pessimism
                         -2.00   -1.75   output external delay
                                 -1.75   data required time
-----------------------------------------------------------------------------
                                 -1.75   data required time
                                 -2.52   data arrival time
-----------------------------------------------------------------------------
                                  4.27   slack (MET)


Startpoint: B[13] (input port clocked by clk)
Endpoint: SUM[13] (output port clocked by clk)
Path Group: clk
Path Type: min

Fanout     Cap    Slew   Delay    Time   Description
-----------------------------------------------------------------------------
                  0.00    0.00    0.00   clock clk (rise edge)
                          0.00    0.00   clock network delay (ideal)
                          2.00    2.00 ^ input external delay
                  0.02    0.01    2.01 ^ B[13] (in)
     1    0.00                           B[13] (net)
                  0.02    0.00    2.01 ^ input21/A (sky130_fd_sc_hd__clkbuf_2)
                  0.12    0.14    2.15 ^ input21/X (sky130_fd_sc_hd__clkbuf_2)
     4    0.02                           net21 (net)
                  0.12    0.00    2.16 ^ _180_/A (sky130_fd_sc_hd__xnor2_2)
                  0.07    0.14    2.29 ^ _180_/Y (sky130_fd_sc_hd__xnor2_2)
     3    0.01                           _030_ (net)
                  0.07    0.00    2.29 ^ _187_/A (sky130_fd_sc_hd__xnor2_1)
                  0.03    0.06    2.35 v _187_/Y (sky130_fd_sc_hd__xnor2_1)
     1    0.00                           net37 (net)
                  0.03    0.00    2.35 v output37/A (sky130_fd_sc_hd__clkbuf_4)
                  0.08    0.17    2.52 v output37/X (sky130_fd_sc_hd__clkbuf_4)
     1    0.03                           SUM[13] (net)
                  0.08    0.00    2.52 v SUM[13] (out)
                                  2.52   data arrival time

                  0.00    0.00    0.00   clock clk (rise edge)
                          0.00    0.00   clock network delay (ideal)
                          0.25    0.25   clock uncertainty
                          0.00    0.25   clock reconvergence pessimism
                         -2.00   -1.75   output external delay
                                 -1.75   data required time
-----------------------------------------------------------------------------
                                 -1.75   data required time
                                 -2.52   data arrival time
-----------------------------------------------------------------------------
                                  4.27   slack (MET)


Startpoint: B[9] (input port clocked by clk)
Endpoint: SUM[9] (output port clocked by clk)
Path Group: clk
Path Type: min

Fanout     Cap    Slew   Delay    Time   Description
-----------------------------------------------------------------------------
                  0.00    0.00    0.00   clock clk (rise edge)
                          0.00    0.00   clock network delay (ideal)
                          2.00    2.00 ^ input external delay
                  0.02    0.01    2.01 ^ B[9] (in)
     1    0.00                           B[9] (net)
                  0.02    0.00    2.01 ^ input32/A (sky130_fd_sc_hd__clkbuf_2)
                  0.11    0.14    2.15 ^ input32/X (sky130_fd_sc_hd__clkbuf_2)
     4    0.02                           net32 (net)
                  0.11    0.00    2.15 ^ _146_/A (sky130_fd_sc_hd__xnor2_2)
                  0.07    0.14    2.29 ^ _146_/Y (sky130_fd_sc_hd__xnor2_2)
     4    0.01                           _000_ (net)
                  0.07    0.00    2.29 ^ _153_/A (sky130_fd_sc_hd__xnor2_1)
                  0.04    0.07    2.36 v _153_/Y (sky130_fd_sc_hd__xnor2_1)
     1    0.00                           net48 (net)
                  0.04    0.00    2.36 v output48/A (sky130_fd_sc_hd__buf_2)
                  0.09    0.17    2.53 v output48/X (sky130_fd_sc_hd__buf_2)
     1    0.03                           SUM[9] (net)
                  0.09    0.00    2.53 v SUM[9] (out)
                                  2.53   data arrival time

                  0.00    0.00    0.00   clock clk (rise edge)
                          0.00    0.00   clock network delay (ideal)
                          0.25    0.25   clock uncertainty
                          0.00    0.25   clock reconvergence pessimism
                         -2.00   -1.75   output external delay
                                 -1.75   data required time
-----------------------------------------------------------------------------
                                 -1.75   data required time
                                 -2.53   data arrival time
-----------------------------------------------------------------------------
                                  4.28   slack (MET)


Startpoint: B[7] (input port clocked by clk)
Endpoint: SUM[7] (output port clocked by clk)
Path Group: clk
Path Type: min

Fanout     Cap    Slew   Delay    Time   Description
-----------------------------------------------------------------------------
                  0.00    0.00    0.00   clock clk (rise edge)
                          0.00    0.00   clock network delay (ideal)
                          2.00    2.00 ^ input external delay
                  0.02    0.01    2.01 ^ B[7] (in)
     1    0.00                           B[7] (net)
                  0.02    0.00    2.01 ^ input30/A (sky130_fd_sc_hd__clkbuf_2)
                  0.12    0.14    2.15 ^ input30/X (sky130_fd_sc_hd__clkbuf_2)
     4    0.02                           net30 (net)
                  0.12    0.00    2.15 ^ _137_/A (sky130_fd_sc_hd__xnor2_2)
                  0.08    0.15    2.30 ^ _137_/Y (sky130_fd_sc_hd__xnor2_2)
     3    0.01                           _087_ (net)
                  0.08    0.00    2.30 ^ _138_/B (sky130_fd_sc_hd__xnor2_1)
                  0.05    0.07    2.37 v _138_/Y (sky130_fd_sc_hd__xnor2_1)
     1    0.00                           net46 (net)
                  0.05    0.00    2.37 v output46/A (sky130_fd_sc_hd__clkbuf_4)
                  0.08    0.17    2.54 v output46/X (sky130_fd_sc_hd__clkbuf_4)
     1    0.03                           SUM[7] (net)
                  0.08    0.00    2.54 v SUM[7] (out)
                                  2.54   data arrival time

                  0.00    0.00    0.00   clock clk (rise edge)
                          0.00    0.00   clock network delay (ideal)
                          0.25    0.25   clock uncertainty
                          0.00    0.25   clock reconvergence pessimism
                         -2.00   -1.75   output external delay
                                 -1.75   data required time
-----------------------------------------------------------------------------
                                 -1.75   data required time
                                 -2.54   data arrival time
-----------------------------------------------------------------------------
                                  4.29   slack (MET)


Startpoint: B[14] (input port clocked by clk)
Endpoint: SUM[14] (output port clocked by clk)
Path Group: clk
Path Type: min

Fanout     Cap    Slew   Delay    Time   Description
-----------------------------------------------------------------------------
                  0.00    0.00    0.00   clock clk (rise edge)
                          0.00    0.00   clock network delay (ideal)
                          2.00    2.00 v input external delay
                  0.01    0.00    2.00 v B[14] (in)
     1    0.00                           B[14] (net)
                  0.01    0.00    2.00 v input22/A (sky130_fd_sc_hd__buf_1)
                  0.07    0.11    2.11 v input22/X (sky130_fd_sc_hd__buf_1)
     3    0.01                           net22 (net)
                  0.07    0.00    2.11 v _188_/A (sky130_fd_sc_hd__xnor2_1)
                  0.07    0.15    2.26 v _188_/Y (sky130_fd_sc_hd__xnor2_1)
     2    0.01                           _037_ (net)
                  0.07    0.00    2.26 v _195_/A (sky130_fd_sc_hd__xnor2_1)
                  0.03    0.12    2.38 v _195_/Y (sky130_fd_sc_hd__xnor2_1)
     1    0.00                           net38 (net)
                  0.03    0.00    2.38 v output38/A (sky130_fd_sc_hd__clkbuf_4)
                  0.08    0.17    2.55 v output38/X (sky130_fd_sc_hd__clkbuf_4)
     1    0.03                           SUM[14] (net)
                  0.08    0.00    2.55 v SUM[14] (out)
                                  2.55   data arrival time

                  0.00    0.00    0.00   clock clk (rise edge)
                          0.00    0.00   clock network delay (ideal)
                          0.25    0.25   clock uncertainty
                          0.00    0.25   clock reconvergence pessimism
                         -2.00   -1.75   output external delay
                                 -1.75   data required time
-----------------------------------------------------------------------------
                                 -1.75   data required time
                                 -2.55   data arrival time
-----------------------------------------------------------------------------
                                  4.30   slack (MET)


Startpoint: B[3] (input port clocked by clk)
Endpoint: SUM[3] (output port clocked by clk)
Path Group: clk
Path Type: min

Fanout     Cap    Slew   Delay    Time   Description
-----------------------------------------------------------------------------
                  0.00    0.00    0.00   clock clk (rise edge)
                          0.00    0.00   clock network delay (ideal)
                          2.00    2.00 ^ input external delay
                  0.02    0.01    2.01 ^ B[3] (in)
     1    0.00                           B[3] (net)
                  0.02    0.00    2.01 ^ input26/A (sky130_fd_sc_hd__clkbuf_2)
                  0.10    0.13    2.14 ^ input26/X (sky130_fd_sc_hd__clkbuf_2)
     4    0.02                           net26 (net)
                  0.10    0.00    2.14 ^ _108_/A (sky130_fd_sc_hd__xor2_2)
                  0.05    0.09    2.23 v _108_/X (sky130_fd_sc_hd__xor2_2)
     3    0.01                           _062_ (net)
                  0.05    0.00    2.23 v _109_/B (sky130_fd_sc_hd__xnor2_1)
                  0.07    0.14    2.37 v _109_/Y (sky130_fd_sc_hd__xnor2_1)
     1    0.01                           net42 (net)
                  0.07    0.00    2.37 v output42/A (sky130_fd_sc_hd__buf_2)
                  0.09    0.18    2.55 v output42/X (sky130_fd_sc_hd__buf_2)
     1    0.03                           SUM[3] (net)
                  0.09    0.00    2.55 v SUM[3] (out)
                                  2.55   data arrival time

                  0.00    0.00    0.00   clock clk (rise edge)
                          0.00    0.00   clock network delay (ideal)
                          0.25    0.25   clock uncertainty
                          0.00    0.25   clock reconvergence pessimism
                         -2.00   -1.75   output external delay
                                 -1.75   data required time
-----------------------------------------------------------------------------
                                 -1.75   data required time
                                 -2.55   data arrival time
-----------------------------------------------------------------------------
                                  4.30   slack (MET)


Startpoint: A[0] (input port clocked by clk)
Endpoint: SUM[1] (output port clocked by clk)
Path Group: clk
Path Type: min

Fanout     Cap    Slew   Delay    Time   Description
-----------------------------------------------------------------------------
                  0.00    0.00    0.00   clock clk (rise edge)
                          0.00    0.00   clock network delay (ideal)
                          2.00    2.00 ^ input external delay
                  0.02    0.01    2.01 ^ A[0] (in)
     1    0.00                           A[0] (net)
                  0.02    0.00    2.01 ^ input1/A (sky130_fd_sc_hd__buf_1)
                  0.06    0.08    2.09 ^ input1/X (sky130_fd_sc_hd__buf_1)
     2    0.00                           net1 (net)
                  0.06    0.00    2.09 ^ _095_/B (sky130_fd_sc_hd__and2_1)
                  0.18    0.21    2.30 ^ _095_/X (sky130_fd_sc_hd__and2_1)
     4    0.02                           _052_ (net)
                  0.18    0.00    2.30 ^ _098_/A (sky130_fd_sc_hd__xor2_1)
                  0.04    0.09    2.39 v _098_/X (sky130_fd_sc_hd__xor2_1)
     1    0.00                           net40 (net)
                  0.04    0.00    2.39 v output40/A (sky130_fd_sc_hd__clkbuf_4)
                  0.08    0.17    2.56 v output40/X (sky130_fd_sc_hd__clkbuf_4)
     1    0.03                           SUM[1] (net)
                  0.08    0.00    2.56 v SUM[1] (out)
                                  2.56   data arrival time

                  0.00    0.00    0.00   clock clk (rise edge)
                          0.00    0.00   clock network delay (ideal)
                          0.25    0.25   clock uncertainty
                          0.00    0.25   clock reconvergence pessimism
                         -2.00   -1.75   output external delay
                                 -1.75   data required time
-----------------------------------------------------------------------------
                                 -1.75   data required time
                                 -2.56   data arrival time
-----------------------------------------------------------------------------
                                  4.31   slack (MET)


Startpoint: B[2] (input port clocked by clk)
Endpoint: SUM[2] (output port clocked by clk)
Path Group: clk
Path Type: min

Fanout     Cap    Slew   Delay    Time   Description
-----------------------------------------------------------------------------
                  0.00    0.00    0.00   clock clk (rise edge)
                          0.00    0.00   clock network delay (ideal)
                          2.00    2.00 v input external delay
                  0.01    0.00    2.00 v B[2] (in)
     1    0.00                           B[2] (net)
                  0.01    0.00    2.00 v input25/A (sky130_fd_sc_hd__clkbuf_2)
                  0.06    0.11    2.11 v input25/X (sky130_fd_sc_hd__clkbuf_2)
     5    0.01                           net25 (net)
                  0.06    0.00    2.11 v _101_/A (sky130_fd_sc_hd__nand2_1)
                  0.05    0.07    2.18 ^ _101_/Y (sky130_fd_sc_hd__nand2_1)
     2    0.00                           _056_ (net)
                  0.05    0.00    2.18 ^ _103_/A (sky130_fd_sc_hd__and2_1)
                  0.07    0.13    2.30 ^ _103_/X (sky130_fd_sc_hd__and2_1)
     1    0.01                           _058_ (net)
                  0.07    0.00    2.30 ^ _104_/B (sky130_fd_sc_hd__xor2_1)
                  0.05    0.08    2.38 v _104_/X (sky130_fd_sc_hd__xor2_1)
     1    0.01                           net41 (net)
                  0.05    0.00    2.38 v output41/A (sky130_fd_sc_hd__clkbuf_4)
                  0.08    0.18    2.56 v output41/X (sky130_fd_sc_hd__clkbuf_4)
     1    0.03                           SUM[2] (net)
                  0.08    0.00    2.56 v SUM[2] (out)
                                  2.56   data arrival time

                  0.00    0.00    0.00   clock clk (rise edge)
                          0.00    0.00   clock network delay (ideal)
                          0.25    0.25   clock uncertainty
                          0.00    0.25   clock reconvergence pessimism
                         -2.00   -1.75   output external delay
                                 -1.75   data required time
-----------------------------------------------------------------------------
                                 -1.75   data required time
                                 -2.56   data arrival time
-----------------------------------------------------------------------------
                                  4.31   slack (MET)


Startpoint: A[8] (input port clocked by clk)
Endpoint: SUM[8] (output port clocked by clk)
Path Group: clk
Path Type: min

Fanout     Cap    Slew   Delay    Time   Description
-----------------------------------------------------------------------------
                  0.00    0.00    0.00   clock clk (rise edge)
                          0.00    0.00   clock network delay (ideal)
                          2.00    2.00 ^ input external delay
                  0.02    0.01    2.01 ^ A[8] (in)
     1    0.00                           A[8] (net)
                  0.02    0.00    2.01 ^ input15/A (sky130_fd_sc_hd__clkbuf_2)
                  0.12    0.15    2.16 ^ input15/X (sky130_fd_sc_hd__clkbuf_2)
     4    0.02                           net15 (net)
                  0.12    0.00    2.16 ^ _139_/B (sky130_fd_sc_hd__xnor2_2)
                  0.09    0.15    2.31 ^ _139_/Y (sky130_fd_sc_hd__xnor2_2)
     4    0.02                           _088_ (net)
                  0.09    0.00    2.31 ^ _145_/A (sky130_fd_sc_hd__xor2_1)
                  0.04    0.08    2.39 v _145_/X (sky130_fd_sc_hd__xor2_1)
     1    0.00                           net47 (net)
                  0.04    0.00    2.39 v output47/A (sky130_fd_sc_hd__clkbuf_4)
                  0.08    0.17    2.56 v output47/X (sky130_fd_sc_hd__clkbuf_4)
     1    0.03                           SUM[8] (net)
                  0.08    0.00    2.56 v SUM[8] (out)
                                  2.56   data arrival time

                  0.00    0.00    0.00   clock clk (rise edge)
                          0.00    0.00   clock network delay (ideal)
                          0.25    0.25   clock uncertainty
                          0.00    0.25   clock reconvergence pessimism
                         -2.00   -1.75   output external delay
                                 -1.75   data required time
-----------------------------------------------------------------------------
                                 -1.75   data required time
                                 -2.56   data arrival time
-----------------------------------------------------------------------------
                                  4.31   slack (MET)


Startpoint: B[5] (input port clocked by clk)
Endpoint: SUM[5] (output port clocked by clk)
Path Group: clk
Path Type: min

Fanout     Cap    Slew   Delay    Time   Description
-----------------------------------------------------------------------------
                  0.00    0.00    0.00   clock clk (rise edge)
                          0.00    0.00   clock network delay (ideal)
                          2.00    2.00 ^ input external delay
                  0.02    0.01    2.01 ^ B[5] (in)
     1    0.00                           B[5] (net)
                  0.02    0.00    2.01 ^ input28/A (sky130_fd_sc_hd__clkbuf_2)
                  0.13    0.15    2.15 ^ input28/X (sky130_fd_sc_hd__clkbuf_2)
     4    0.02                           net28 (net)
                  0.13    0.00    2.16 ^ _116_/A (sky130_fd_sc_hd__xor2_2)
                  0.05    0.10    2.26 v _116_/X (sky130_fd_sc_hd__xor2_2)
     3    0.01                           _068_ (net)
                  0.05    0.00    2.26 v _121_/A (sky130_fd_sc_hd__xnor2_1)
                  0.05    0.13    2.38 v _121_/Y (sky130_fd_sc_hd__xnor2_1)
     1    0.01                           net44 (net)
                  0.05    0.00    2.38 v output44/A (sky130_fd_sc_hd__clkbuf_4)
                  0.09    0.18    2.56 v output44/X (sky130_fd_sc_hd__clkbuf_4)
     1    0.04                           SUM[5] (net)
                  0.09    0.00    2.57 v SUM[5] (out)
                                  2.57   data arrival time

                  0.00    0.00    0.00   clock clk (rise edge)
                          0.00    0.00   clock network delay (ideal)
                          0.25    0.25   clock uncertainty
                          0.00    0.25   clock reconvergence pessimism
                         -2.00   -1.75   output external delay
                                 -1.75   data required time
-----------------------------------------------------------------------------
                                 -1.75   data required time
                                 -2.57   data arrival time
-----------------------------------------------------------------------------
                                  4.32   slack (MET)


Startpoint: B[4] (input port clocked by clk)
Endpoint: SUM[4] (output port clocked by clk)
Path Group: clk
Path Type: min

Fanout     Cap    Slew   Delay    Time   Description
-----------------------------------------------------------------------------
                  0.00    0.00    0.00   clock clk (rise edge)
                          0.00    0.00   clock network delay (ideal)
                          2.00    2.00 ^ input external delay
                  0.02    0.01    2.01 ^ B[4] (in)
     1    0.00                           B[4] (net)
                  0.02    0.00    2.01 ^ input27/A (sky130_fd_sc_hd__clkbuf_2)
                  0.11    0.14    2.15 ^ input27/X (sky130_fd_sc_hd__clkbuf_2)
     4    0.02                           net27 (net)
                  0.11    0.00    2.15 ^ _110_/A (sky130_fd_sc_hd__xor2_2)
                  0.06    0.10    2.25 v _110_/X (sky130_fd_sc_hd__xor2_2)
     4    0.01                           _063_ (net)
                  0.06    0.00    2.25 v _115_/A (sky130_fd_sc_hd__xor2_1)
                  0.05    0.17    2.42 v _115_/X (sky130_fd_sc_hd__xor2_1)
     1    0.01                           net43 (net)
                  0.05    0.00    2.42 v output43/A (sky130_fd_sc_hd__clkbuf_4)
                  0.09    0.18    2.60 v output43/X (sky130_fd_sc_hd__clkbuf_4)
     1    0.04                           SUM[4] (net)
                  0.09    0.00    2.60 v SUM[4] (out)
                                  2.60   data arrival time

                  0.00    0.00    0.00   clock clk (rise edge)
                          0.00    0.00   clock network delay (ideal)
                          0.25    0.25   clock uncertainty
                          0.00    0.25   clock reconvergence pessimism
                         -2.00   -1.75   output external delay
                                 -1.75   data required time
-----------------------------------------------------------------------------
                                 -1.75   data required time
                                 -2.60   data arrival time
-----------------------------------------------------------------------------
                                  4.35   slack (MET)



min_report_end
max_report

===========================================================================
report_checks -path_delay max (Setup)
============================================================================
======================= Typical Corner ===================================

Startpoint: B[1] (input port clocked by clk)
Endpoint: SUM[12] (output port clocked by clk)
Path Group: clk
Path Type: max

Fanout     Cap    Slew   Delay    Time   Description
-----------------------------------------------------------------------------
                  0.00    0.00    0.00   clock clk (rise edge)
                          0.00    0.00   clock network delay (ideal)
                          2.00    2.00 v input external delay
                  0.01    0.00    2.00 v B[1] (in)
     1    0.00                           B[1] (net)
                  0.01    0.00    2.00 v input24/A (sky130_fd_sc_hd__dlymetal6s2s_1)
                  0.07    0.16    2.16 v input24/X (sky130_fd_sc_hd__dlymetal6s2s_1)
     2    0.01                           net24 (net)
                  0.07    0.00    2.16 v _097_/A (sky130_fd_sc_hd__xor2_2)
                  0.09    0.21    2.37 v _097_/X (sky130_fd_sc_hd__xor2_2)
     3    0.01                           _053_ (net)
                  0.09    0.00    2.37 v _100_/A2 (sky130_fd_sc_hd__a21o_1)
                  0.08    0.25    2.62 v _100_/X (sky130_fd_sc_hd__a21o_1)
     3    0.01                           _055_ (net)
                  0.08    0.00    2.62 v _129_/A1 (sky130_fd_sc_hd__a31o_1)
                  0.08    0.24    2.86 v _129_/X (sky130_fd_sc_hd__a31o_1)
     3    0.01                           _080_ (net)
                  0.08    0.00    2.86 v _144_/A1 (sky130_fd_sc_hd__a21oi_1)
                  0.22    0.23    3.09 ^ _144_/Y (sky130_fd_sc_hd__a21oi_1)
     2    0.01                           _093_ (net)
                  0.22    0.00    3.09 ^ _178_/B2 (sky130_fd_sc_hd__o221a_1)
                  0.12    0.28    3.37 ^ _178_/X (sky130_fd_sc_hd__o221a_1)
     1    0.01                           _029_ (net)
                  0.12    0.00    3.37 ^ _179_/B (sky130_fd_sc_hd__xor2_1)
                  0.10    0.15    3.52 ^ _179_/X (sky130_fd_sc_hd__xor2_1)
     1    0.00                           net36 (net)
                  0.10    0.00    3.52 ^ output36/A (sky130_fd_sc_hd__clkbuf_4)
                  0.11    0.22    3.73 ^ output36/X (sky130_fd_sc_hd__clkbuf_4)
     1    0.03                           SUM[12] (net)
                  0.11    0.00    3.73 ^ SUM[12] (out)
                                  3.73   data arrival time

                  0.00   10.00   10.00   clock clk (rise edge)
                          0.00   10.00   clock network delay (ideal)
                         -0.25    9.75   clock uncertainty
                          0.00    9.75   clock reconvergence pessimism
                         -2.00    7.75   output external delay
                                  7.75   data required time
-----------------------------------------------------------------------------
                                  7.75   data required time
                                 -3.73   data arrival time
-----------------------------------------------------------------------------
                                  4.02   slack (MET)


Startpoint: A[5] (input port clocked by clk)
Endpoint: SUM[11] (output port clocked by clk)
Path Group: clk
Path Type: max

Fanout     Cap    Slew   Delay    Time   Description
-----------------------------------------------------------------------------
                  0.00    0.00    0.00   clock clk (rise edge)
                          0.00    0.00   clock network delay (ideal)
                          2.00    2.00 v input external delay
                  0.01    0.01    2.01 v A[5] (in)
     1    0.00                           A[5] (net)
                  0.01    0.00    2.01 v input12/A (sky130_fd_sc_hd__clkbuf_2)
                  0.08    0.14    2.15 v input12/X (sky130_fd_sc_hd__clkbuf_2)
     4    0.02                           net12 (net)
                  0.08    0.00    2.15 v _124_/B (sky130_fd_sc_hd__and2_1)
                  0.04    0.19    2.34 v _124_/X (sky130_fd_sc_hd__and2_1)
     2    0.00                           _075_ (net)
                  0.04    0.00    2.34 v _132_/A (sky130_fd_sc_hd__or3_2)
                  0.10    0.52    2.86 v _132_/X (sky130_fd_sc_hd__or3_2)
     3    0.01                           _082_ (net)
                  0.10    0.00    2.86 v _136_/A3 (sky130_fd_sc_hd__o31ai_2)
                  0.31    0.31    3.17 ^ _136_/Y (sky130_fd_sc_hd__o31ai_2)
     3    0.01                           _086_ (net)
                  0.31    0.00    3.17 ^ _168_/A1 (sky130_fd_sc_hd__a21o_1)
                  0.06    0.18    3.35 ^ _168_/X (sky130_fd_sc_hd__a21o_1)
     1    0.01                           _020_ (net)
                  0.06    0.00    3.35 ^ _169_/B (sky130_fd_sc_hd__xnor2_1)
                  0.15    0.13    3.48 ^ _169_/Y (sky130_fd_sc_hd__xnor2_1)
     1    0.00                           net35 (net)
                  0.15    0.00    3.48 ^ output35/A (sky130_fd_sc_hd__buf_2)
                  0.17    0.24    3.72 ^ output35/X (sky130_fd_sc_hd__buf_2)
     1    0.03                           SUM[11] (net)
                  0.17    0.00    3.73 ^ SUM[11] (out)
                                  3.73   data arrival time

                  0.00   10.00   10.00   clock clk (rise edge)
                          0.00   10.00   clock network delay (ideal)
                         -0.25    9.75   clock uncertainty
                          0.00    9.75   clock reconvergence pessimism
                         -2.00    7.75   output external delay
                                  7.75   data required time
-----------------------------------------------------------------------------
                                  7.75   data required time
                                 -3.73   data arrival time
-----------------------------------------------------------------------------
                                  4.02   slack (MET)


Startpoint: A[5] (input port clocked by clk)
Endpoint: SUM[15] (output port clocked by clk)
Path Group: clk
Path Type: max

Fanout     Cap    Slew   Delay    Time   Description
-----------------------------------------------------------------------------
                  0.00    0.00    0.00   clock clk (rise edge)
                          0.00    0.00   clock network delay (ideal)
                          2.00    2.00 v input external delay
                  0.01    0.01    2.01 v A[5] (in)
     1    0.00                           A[5] (net)
                  0.01    0.00    2.01 v input12/A (sky130_fd_sc_hd__clkbuf_2)
                  0.08    0.14    2.15 v input12/X (sky130_fd_sc_hd__clkbuf_2)
     4    0.02                           net12 (net)
                  0.08    0.00    2.15 v _124_/B (sky130_fd_sc_hd__and2_1)
                  0.04    0.19    2.34 v _124_/X (sky130_fd_sc_hd__and2_1)
     2    0.00                           _075_ (net)
                  0.04    0.00    2.34 v _132_/A (sky130_fd_sc_hd__or3_2)
                  0.10    0.52    2.86 v _132_/X (sky130_fd_sc_hd__or3_2)
     3    0.01                           _082_ (net)
                  0.10    0.00    2.86 v _136_/A3 (sky130_fd_sc_hd__o31ai_2)
                  0.31    0.31    3.17 ^ _136_/Y (sky130_fd_sc_hd__o31ai_2)
     3    0.01                           _086_ (net)
                  0.31    0.00    3.17 ^ _201_/A1 (sky130_fd_sc_hd__a31o_1)
                  0.08    0.22    3.39 ^ _201_/X (sky130_fd_sc_hd__a31o_1)
     1    0.01                           _049_ (net)
                  0.08    0.00    3.39 ^ _203_/A (sky130_fd_sc_hd__xnor2_1)
                  0.11    0.12    3.51 ^ _203_/Y (sky130_fd_sc_hd__xnor2_1)
     1    0.00                           net39 (net)
                  0.11    0.00    3.51 ^ output39/A (sky130_fd_sc_hd__clkbuf_4)
                  0.11    0.22    3.73 ^ output39/X (sky130_fd_sc_hd__clkbuf_4)
     1    0.03                           SUM[15] (net)
                  0.11    0.00    3.73 ^ SUM[15] (out)
                                  3.73   data arrival time

                  0.00   10.00   10.00   clock clk (rise edge)
                          0.00   10.00   clock network delay (ideal)
                         -0.25    9.75   clock uncertainty
                          0.00    9.75   clock reconvergence pessimism
                         -2.00    7.75   output external delay
                                  7.75   data required time
-----------------------------------------------------------------------------
                                  7.75   data required time
                                 -3.73   data arrival time
-----------------------------------------------------------------------------
                                  4.02   slack (MET)


Startpoint: B[1] (input port clocked by clk)
Endpoint: SUM[10] (output port clocked by clk)
Path Group: clk
Path Type: max

Fanout     Cap    Slew   Delay    Time   Description
-----------------------------------------------------------------------------
                  0.00    0.00    0.00   clock clk (rise edge)
                          0.00    0.00   clock network delay (ideal)
                          2.00    2.00 v input external delay
                  0.01    0.00    2.00 v B[1] (in)
     1    0.00                           B[1] (net)
                  0.01    0.00    2.00 v input24/A (sky130_fd_sc_hd__dlymetal6s2s_1)
                  0.07    0.16    2.16 v input24/X (sky130_fd_sc_hd__dlymetal6s2s_1)
     2    0.01                           net24 (net)
                  0.07    0.00    2.16 v _097_/A (sky130_fd_sc_hd__xor2_2)
                  0.09    0.21    2.37 v _097_/X (sky130_fd_sc_hd__xor2_2)
     3    0.01                           _053_ (net)
                  0.09    0.00    2.37 v _100_/A2 (sky130_fd_sc_hd__a21o_1)
                  0.08    0.25    2.62 v _100_/X (sky130_fd_sc_hd__a21o_1)
     3    0.01                           _055_ (net)
                  0.08    0.00    2.62 v _129_/A1 (sky130_fd_sc_hd__a31o_1)
                  0.08    0.24    2.86 v _129_/X (sky130_fd_sc_hd__a31o_1)
     3    0.01                           _080_ (net)
                  0.08    0.00    2.86 v _159_/A2 (sky130_fd_sc_hd__o211a_1)
                  0.05    0.24    3.10 v _159_/X (sky130_fd_sc_hd__o211a_1)
     2    0.01                           _012_ (net)
                  0.05    0.00    3.10 v _160_/B (sky130_fd_sc_hd__or2_1)
                  0.06    0.23    3.33 v _160_/X (sky130_fd_sc_hd__or2_1)
     1    0.01                           _013_ (net)
                  0.06    0.00    3.33 v _161_/B (sky130_fd_sc_hd__xnor2_1)
                  0.14    0.16    3.48 ^ _161_/Y (sky130_fd_sc_hd__xnor2_1)
     1    0.00                           net34 (net)
                  0.14    0.00    3.48 ^ output34/A (sky130_fd_sc_hd__clkbuf_4)
                  0.11    0.23    3.71 ^ output34/X (sky130_fd_sc_hd__clkbuf_4)
     1    0.03                           SUM[10] (net)
                  0.11    0.00    3.71 ^ SUM[10] (out)
                                  3.71   data arrival time

                  0.00   10.00   10.00   clock clk (rise edge)
                          0.00   10.00   clock network delay (ideal)
                         -0.25    9.75   clock uncertainty
                          0.00    9.75   clock reconvergence pessimism
                         -2.00    7.75   output external delay
                                  7.75   data required time
-----------------------------------------------------------------------------
                                  7.75   data required time
                                 -3.71   data arrival time
-----------------------------------------------------------------------------
                                  4.04   slack (MET)


Startpoint: A[4] (input port clocked by clk)
Endpoint: SUM[9] (output port clocked by clk)
Path Group: clk
Path Type: max

Fanout     Cap    Slew   Delay    Time   Description
-----------------------------------------------------------------------------
                  0.00    0.00    0.00   clock clk (rise edge)
                          0.00    0.00   clock network delay (ideal)
                          2.00    2.00 ^ input external delay
                  0.04    0.03    2.03 ^ A[4] (in)
     1    0.01                           A[4] (net)
                  0.04    0.00    2.03 ^ input11/A (sky130_fd_sc_hd__clkbuf_2)
                  0.12    0.16    2.19 ^ input11/X (sky130_fd_sc_hd__clkbuf_2)
     4    0.02                           net11 (net)
                  0.12    0.00    2.19 ^ _110_/B (sky130_fd_sc_hd__xor2_2)
                  0.21    0.24    2.42 ^ _110_/X (sky130_fd_sc_hd__xor2_2)
     4    0.01                           _063_ (net)
                  0.21    0.00    2.43 ^ _117_/B (sky130_fd_sc_hd__nand2_1)
                  0.09    0.13    2.56 v _117_/Y (sky130_fd_sc_hd__nand2_1)
     2    0.01                           _069_ (net)
                  0.09    0.00    2.56 v _120_/A3 (sky130_fd_sc_hd__o31a_1)
                  0.08    0.30    2.86 v _120_/X (sky130_fd_sc_hd__o31a_1)
     2    0.01                           _072_ (net)
                  0.08    0.00    2.86 v _151_/A (sky130_fd_sc_hd__nor3_1)
                  0.24    0.27    3.13 ^ _151_/Y (sky130_fd_sc_hd__nor3_1)
     2    0.01                           _005_ (net)
                  0.24    0.00    3.13 ^ _152_/B (sky130_fd_sc_hd__or2_1)
                  0.08    0.17    3.30 ^ _152_/X (sky130_fd_sc_hd__or2_1)
     1    0.01                           _006_ (net)
                  0.08    0.00    3.30 ^ _153_/B (sky130_fd_sc_hd__xnor2_1)
                  0.13    0.13    3.43 ^ _153_/Y (sky130_fd_sc_hd__xnor2_1)
     1    0.00                           net48 (net)
                  0.13    0.00    3.43 ^ output48/A (sky130_fd_sc_hd__buf_2)
                  0.17    0.24    3.67 ^ output48/X (sky130_fd_sc_hd__buf_2)
     1    0.03                           SUM[9] (net)
                  0.17    0.00    3.67 ^ SUM[9] (out)
                                  3.67   data arrival time

                  0.00   10.00   10.00   clock clk (rise edge)
                          0.00   10.00   clock network delay (ideal)
                         -0.25    9.75   clock uncertainty
                          0.00    9.75   clock reconvergence pessimism
                         -2.00    7.75   output external delay
                                  7.75   data required time
-----------------------------------------------------------------------------
                                  7.75   data required time
                                 -3.67   data arrival time
-----------------------------------------------------------------------------
                                  4.08   slack (MET)


Startpoint: A[4] (input port clocked by clk)
Endpoint: SUM[13] (output port clocked by clk)
Path Group: clk
Path Type: max

Fanout     Cap    Slew   Delay    Time   Description
-----------------------------------------------------------------------------
                  0.00    0.00    0.00   clock clk (rise edge)
                          0.00    0.00   clock network delay (ideal)
                          2.00    2.00 ^ input external delay
                  0.04    0.03    2.03 ^ A[4] (in)
     1    0.01                           A[4] (net)
                  0.04    0.00    2.03 ^ input11/A (sky130_fd_sc_hd__clkbuf_2)
                  0.12    0.16    2.19 ^ input11/X (sky130_fd_sc_hd__clkbuf_2)
     4    0.02                           net11 (net)
                  0.12    0.00    2.19 ^ _110_/B (sky130_fd_sc_hd__xor2_2)
                  0.21    0.24    2.42 ^ _110_/X (sky130_fd_sc_hd__xor2_2)
     4    0.01                           _063_ (net)
                  0.21    0.00    2.43 ^ _117_/B (sky130_fd_sc_hd__nand2_1)
                  0.09    0.13    2.56 v _117_/Y (sky130_fd_sc_hd__nand2_1)
     2    0.01                           _069_ (net)
                  0.09    0.00    2.56 v _120_/A3 (sky130_fd_sc_hd__o31a_1)
                  0.08    0.30    2.86 v _120_/X (sky130_fd_sc_hd__o31a_1)
     2    0.01                           _072_ (net)
                  0.08    0.00    2.86 v _151_/A (sky130_fd_sc_hd__nor3_1)
                  0.24    0.27    3.13 ^ _151_/Y (sky130_fd_sc_hd__nor3_1)
     2    0.01                           _005_ (net)
                  0.24    0.00    3.13 ^ _186_/A1 (sky130_fd_sc_hd__a211o_1)
                  0.07    0.19    3.32 ^ _186_/X (sky130_fd_sc_hd__a211o_1)
     1    0.01                           _036_ (net)
                  0.07    0.00    3.32 ^ _187_/B (sky130_fd_sc_hd__xnor2_1)
                  0.11    0.11    3.43 ^ _187_/Y (sky130_fd_sc_hd__xnor2_1)
     1    0.00                           net37 (net)
                  0.11    0.00    3.43 ^ output37/A (sky130_fd_sc_hd__clkbuf_4)
                  0.11    0.22    3.65 ^ output37/X (sky130_fd_sc_hd__clkbuf_4)
     1    0.03                           SUM[13] (net)
                  0.11    0.00    3.65 ^ SUM[13] (out)
                                  3.65   data arrival time

                  0.00   10.00   10.00   clock clk (rise edge)
                          0.00   10.00   clock network delay (ideal)
                         -0.25    9.75   clock uncertainty
                          0.00    9.75   clock reconvergence pessimism
                         -2.00    7.75   output external delay
                                  7.75   data required time
-----------------------------------------------------------------------------
                                  7.75   data required time
                                 -3.65   data arrival time
-----------------------------------------------------------------------------
                                  4.10   slack (MET)


Startpoint: B[1] (input port clocked by clk)
Endpoint: SUM[14] (output port clocked by clk)
Path Group: clk
Path Type: max

Fanout     Cap    Slew   Delay    Time   Description
-----------------------------------------------------------------------------
                  0.00    0.00    0.00   clock clk (rise edge)
                          0.00    0.00   clock network delay (ideal)
                          2.00    2.00 v input external delay
                  0.01    0.00    2.00 v B[1] (in)
     1    0.00                           B[1] (net)
                  0.01    0.00    2.00 v input24/A (sky130_fd_sc_hd__dlymetal6s2s_1)
                  0.07    0.16    2.16 v input24/X (sky130_fd_sc_hd__dlymetal6s2s_1)
     2    0.01                           net24 (net)
                  0.07    0.00    2.16 v _097_/A (sky130_fd_sc_hd__xor2_2)
                  0.09    0.21    2.37 v _097_/X (sky130_fd_sc_hd__xor2_2)
     3    0.01                           _053_ (net)
                  0.09    0.00    2.37 v _100_/A2 (sky130_fd_sc_hd__a21o_1)
                  0.08    0.25    2.62 v _100_/X (sky130_fd_sc_hd__a21o_1)
     3    0.01                           _055_ (net)
                  0.08    0.00    2.62 v _129_/A1 (sky130_fd_sc_hd__a31o_1)
                  0.08    0.24    2.86 v _129_/X (sky130_fd_sc_hd__a31o_1)
     3    0.01                           _080_ (net)
                  0.08    0.00    2.86 v _159_/A2 (sky130_fd_sc_hd__o211a_1)
                  0.05    0.24    3.10 v _159_/X (sky130_fd_sc_hd__o211a_1)
     2    0.01                           _012_ (net)
                  0.05    0.00    3.10 v _194_/A1 (sky130_fd_sc_hd__a31o_1)
                  0.05    0.20    3.29 v _194_/X (sky130_fd_sc_hd__a31o_1)
     1    0.01                           _043_ (net)
                  0.05    0.00    3.29 v _195_/B (sky130_fd_sc_hd__xnor2_1)
                  0.11    0.12    3.42 ^ _195_/Y (sky130_fd_sc_hd__xnor2_1)
     1    0.00                           net38 (net)
                  0.11    0.00    3.42 ^ output38/A (sky130_fd_sc_hd__clkbuf_4)
                  0.11    0.22    3.63 ^ output38/X (sky130_fd_sc_hd__clkbuf_4)
     1    0.03                           SUM[14] (net)
                  0.11    0.00    3.64 ^ SUM[14] (out)
                                  3.64   data arrival time

                  0.00   10.00   10.00   clock clk (rise edge)
                          0.00   10.00   clock network delay (ideal)
                         -0.25    9.75   clock uncertainty
                          0.00    9.75   clock reconvergence pessimism
                         -2.00    7.75   output external delay
                                  7.75   data required time
-----------------------------------------------------------------------------
                                  7.75   data required time
                                 -3.64   data arrival time
-----------------------------------------------------------------------------
                                  4.11   slack (MET)


Startpoint: A[5] (input port clocked by clk)
Endpoint: SUM[7] (output port clocked by clk)
Path Group: clk
Path Type: max

Fanout     Cap    Slew   Delay    Time   Description
-----------------------------------------------------------------------------
                  0.00    0.00    0.00   clock clk (rise edge)
                          0.00    0.00   clock network delay (ideal)
                          2.00    2.00 v input external delay
                  0.01    0.01    2.01 v A[5] (in)
     1    0.00                           A[5] (net)
                  0.01    0.00    2.01 v input12/A (sky130_fd_sc_hd__clkbuf_2)
                  0.08    0.14    2.15 v input12/X (sky130_fd_sc_hd__clkbuf_2)
     4    0.02                           net12 (net)
                  0.08    0.00    2.15 v _124_/B (sky130_fd_sc_hd__and2_1)
                  0.04    0.19    2.34 v _124_/X (sky130_fd_sc_hd__and2_1)
     2    0.00                           _075_ (net)
                  0.04    0.00    2.34 v _132_/A (sky130_fd_sc_hd__or3_2)
                  0.10    0.52    2.86 v _132_/X (sky130_fd_sc_hd__or3_2)
     3    0.01                           _082_ (net)
                  0.10    0.00    2.86 v _136_/A3 (sky130_fd_sc_hd__o31ai_2)
                  0.31    0.31    3.17 ^ _136_/Y (sky130_fd_sc_hd__o31ai_2)
     3    0.01                           _086_ (net)
                  0.31    0.00    3.17 ^ _138_/A (sky130_fd_sc_hd__xnor2_1)
                  0.15    0.18    3.35 ^ _138_/Y (sky130_fd_sc_hd__xnor2_1)
     1    0.00                           net46 (net)
                  0.15    0.00    3.35 ^ output46/A (sky130_fd_sc_hd__clkbuf_4)
                  0.11    0.23    3.59 ^ output46/X (sky130_fd_sc_hd__clkbuf_4)
     1    0.03                           SUM[7] (net)
                  0.11    0.00    3.59 ^ SUM[7] (out)
                                  3.59   data arrival time

                  0.00   10.00   10.00   clock clk (rise edge)
                          0.00   10.00   clock network delay (ideal)
                         -0.25    9.75   clock uncertainty
                          0.00    9.75   clock reconvergence pessimism
                         -2.00    7.75   output external delay
                                  7.75   data required time
-----------------------------------------------------------------------------
                                  7.75   data required time
                                 -3.59   data arrival time
-----------------------------------------------------------------------------
                                  4.16   slack (MET)


Startpoint: B[1] (input port clocked by clk)
Endpoint: SUM[8] (output port clocked by clk)
Path Group: clk
Path Type: max

Fanout     Cap    Slew   Delay    Time   Description
-----------------------------------------------------------------------------
                  0.00    0.00    0.00   clock clk (rise edge)
                          0.00    0.00   clock network delay (ideal)
                          2.00    2.00 v input external delay
                  0.01    0.00    2.00 v B[1] (in)
     1    0.00                           B[1] (net)
                  0.01    0.00    2.00 v input24/A (sky130_fd_sc_hd__dlymetal6s2s_1)
                  0.07    0.16    2.16 v input24/X (sky130_fd_sc_hd__dlymetal6s2s_1)
     2    0.01                           net24 (net)
                  0.07    0.00    2.16 v _097_/A (sky130_fd_sc_hd__xor2_2)
                  0.09    0.21    2.37 v _097_/X (sky130_fd_sc_hd__xor2_2)
     3    0.01                           _053_ (net)
                  0.09    0.00    2.37 v _100_/A2 (sky130_fd_sc_hd__a21o_1)
                  0.08    0.25    2.62 v _100_/X (sky130_fd_sc_hd__a21o_1)
     3    0.01                           _055_ (net)
                  0.08    0.00    2.62 v _129_/A1 (sky130_fd_sc_hd__a31o_1)
                  0.08    0.24    2.86 v _129_/X (sky130_fd_sc_hd__a31o_1)
     3    0.01                           _080_ (net)
                  0.08    0.00    2.86 v _144_/A1 (sky130_fd_sc_hd__a21oi_1)
                  0.22    0.23    3.09 ^ _144_/Y (sky130_fd_sc_hd__a21oi_1)
     2    0.01                           _093_ (net)
                  0.22    0.00    3.09 ^ _145_/B (sky130_fd_sc_hd__xor2_1)
                  0.15    0.20    3.29 ^ _145_/X (sky130_fd_sc_hd__xor2_1)
     1    0.01                           net47 (net)
                  0.15    0.00    3.29 ^ output47/A (sky130_fd_sc_hd__clkbuf_4)
                  0.11    0.23    3.52 ^ output47/X (sky130_fd_sc_hd__clkbuf_4)
     1    0.03                           SUM[8] (net)
                  0.11    0.00    3.52 ^ SUM[8] (out)
                                  3.52   data arrival time

                  0.00   10.00   10.00   clock clk (rise edge)
                          0.00   10.00   clock network delay (ideal)
                         -0.25    9.75   clock uncertainty
                          0.00    9.75   clock reconvergence pessimism
                         -2.00    7.75   output external delay
                                  7.75   data required time
-----------------------------------------------------------------------------
                                  7.75   data required time
                                 -3.52   data arrival time
-----------------------------------------------------------------------------
                                  4.23   slack (MET)


Startpoint: B[1] (input port clocked by clk)
Endpoint: SUM[6] (output port clocked by clk)
Path Group: clk
Path Type: max

Fanout     Cap    Slew   Delay    Time   Description
-----------------------------------------------------------------------------
                  0.00    0.00    0.00   clock clk (rise edge)
                          0.00    0.00   clock network delay (ideal)
                          2.00    2.00 v input external delay
                  0.01    0.00    2.00 v B[1] (in)
     1    0.00                           B[1] (net)
                  0.01    0.00    2.00 v input24/A (sky130_fd_sc_hd__dlymetal6s2s_1)
                  0.07    0.16    2.16 v input24/X (sky130_fd_sc_hd__dlymetal6s2s_1)
     2    0.01                           net24 (net)
                  0.07    0.00    2.16 v _097_/A (sky130_fd_sc_hd__xor2_2)
                  0.09    0.21    2.37 v _097_/X (sky130_fd_sc_hd__xor2_2)
     3    0.01                           _053_ (net)
                  0.09    0.00    2.37 v _100_/A2 (sky130_fd_sc_hd__a21o_1)
                  0.08    0.25    2.62 v _100_/X (sky130_fd_sc_hd__a21o_1)
     3    0.01                           _055_ (net)
                  0.08    0.00    2.62 v _129_/A1 (sky130_fd_sc_hd__a31o_1)
                  0.08    0.24    2.86 v _129_/X (sky130_fd_sc_hd__a31o_1)
     3    0.01                           _080_ (net)
                  0.08    0.00    2.86 v _130_/B (sky130_fd_sc_hd__nor2_1)
                  0.13    0.14    3.00 ^ _130_/Y (sky130_fd_sc_hd__nor2_1)
     1    0.01                           _081_ (net)
                  0.13    0.00    3.00 ^ _131_/B (sky130_fd_sc_hd__xor2_1)
                  0.12    0.17    3.16 ^ _131_/X (sky130_fd_sc_hd__xor2_1)
     1    0.00                           net45 (net)
                  0.12    0.00    3.16 ^ output45/A (sky130_fd_sc_hd__clkbuf_4)
                  0.11    0.22    3.39 ^ output45/X (sky130_fd_sc_hd__clkbuf_4)
     1    0.03                           SUM[6] (net)
                  0.11    0.00    3.39 ^ SUM[6] (out)
                                  3.39   data arrival time

                  0.00   10.00   10.00   clock clk (rise edge)
                          0.00   10.00   clock network delay (ideal)
                         -0.25    9.75   clock uncertainty
                          0.00    9.75   clock reconvergence pessimism
                         -2.00    7.75   output external delay
                                  7.75   data required time
-----------------------------------------------------------------------------
                                  7.75   data required time
                                 -3.39   data arrival time
-----------------------------------------------------------------------------
                                  4.36   slack (MET)


Startpoint: B[1] (input port clocked by clk)
Endpoint: SUM[4] (output port clocked by clk)
Path Group: clk
Path Type: max

Fanout     Cap    Slew   Delay    Time   Description
-----------------------------------------------------------------------------
                  0.00    0.00    0.00   clock clk (rise edge)
                          0.00    0.00   clock network delay (ideal)
                          2.00    2.00 v input external delay
                  0.01    0.00    2.00 v B[1] (in)
     1    0.00                           B[1] (net)
                  0.01    0.00    2.00 v input24/A (sky130_fd_sc_hd__dlymetal6s2s_1)
                  0.07    0.16    2.16 v input24/X (sky130_fd_sc_hd__dlymetal6s2s_1)
     2    0.01                           net24 (net)
                  0.07    0.00    2.16 v _097_/A (sky130_fd_sc_hd__xor2_2)
                  0.09    0.21    2.37 v _097_/X (sky130_fd_sc_hd__xor2_2)
     3    0.01                           _053_ (net)
                  0.09    0.00    2.37 v _100_/A2 (sky130_fd_sc_hd__a21o_1)
                  0.08    0.25    2.62 v _100_/X (sky130_fd_sc_hd__a21o_1)
     3    0.01                           _055_ (net)
                  0.08    0.00    2.62 v _114_/A1 (sky130_fd_sc_hd__a22o_1)
                  0.06    0.24    2.86 v _114_/X (sky130_fd_sc_hd__a22o_1)
     1    0.01                           _067_ (net)
                  0.06    0.00    2.86 v _115_/B (sky130_fd_sc_hd__xor2_1)
                  0.17    0.19    3.05 ^ _115_/X (sky130_fd_sc_hd__xor2_1)
     1    0.01                           net43 (net)
                  0.17    0.00    3.05 ^ output43/A (sky130_fd_sc_hd__clkbuf_4)
                  0.12    0.25    3.30 ^ output43/X (sky130_fd_sc_hd__clkbuf_4)
     1    0.04                           SUM[4] (net)
                  0.12    0.00    3.30 ^ SUM[4] (out)
                                  3.30   data arrival time

                  0.00   10.00   10.00   clock clk (rise edge)
                          0.00   10.00   clock network delay (ideal)
                         -0.25    9.75   clock uncertainty
                          0.00    9.75   clock reconvergence pessimism
                         -2.00    7.75   output external delay
                                  7.75   data required time
-----------------------------------------------------------------------------
                                  7.75   data required time
                                 -3.30   data arrival time
-----------------------------------------------------------------------------
                                  4.45   slack (MET)


Startpoint: A[4] (input port clocked by clk)
Endpoint: SUM[5] (output port clocked by clk)
Path Group: clk
Path Type: max

Fanout     Cap    Slew   Delay    Time   Description
-----------------------------------------------------------------------------
                  0.00    0.00    0.00   clock clk (rise edge)
                          0.00    0.00   clock network delay (ideal)
                          2.00    2.00 ^ input external delay
                  0.04    0.03    2.03 ^ A[4] (in)
     1    0.01                           A[4] (net)
                  0.04    0.00    2.03 ^ input11/A (sky130_fd_sc_hd__clkbuf_2)
                  0.12    0.16    2.19 ^ input11/X (sky130_fd_sc_hd__clkbuf_2)
     4    0.02                           net11 (net)
                  0.12    0.00    2.19 ^ _110_/B (sky130_fd_sc_hd__xor2_2)
                  0.21    0.24    2.42 ^ _110_/X (sky130_fd_sc_hd__xor2_2)
     4    0.01                           _063_ (net)
                  0.21    0.00    2.43 ^ _117_/B (sky130_fd_sc_hd__nand2_1)
                  0.09    0.13    2.56 v _117_/Y (sky130_fd_sc_hd__nand2_1)
     2    0.01                           _069_ (net)
                  0.09    0.00    2.56 v _120_/A3 (sky130_fd_sc_hd__o31a_1)
                  0.08    0.30    2.86 v _120_/X (sky130_fd_sc_hd__o31a_1)
     2    0.01                           _072_ (net)
                  0.08    0.00    2.86 v _121_/B (sky130_fd_sc_hd__xnor2_1)
                  0.17    0.19    3.05 ^ _121_/Y (sky130_fd_sc_hd__xnor2_1)
     1    0.01                           net44 (net)
                  0.17    0.00    3.05 ^ output44/A (sky130_fd_sc_hd__clkbuf_4)
                  0.12    0.25    3.30 ^ output44/X (sky130_fd_sc_hd__clkbuf_4)
     1    0.04                           SUM[5] (net)
                  0.12    0.00    3.30 ^ SUM[5] (out)
                                  3.30   data arrival time

                  0.00   10.00   10.00   clock clk (rise edge)
                          0.00   10.00   clock network delay (ideal)
                         -0.25    9.75   clock uncertainty
                          0.00    9.75   clock reconvergence pessimism
                         -2.00    7.75   output external delay
                                  7.75   data required time
-----------------------------------------------------------------------------
                                  7.75   data required time
                                 -3.30   data arrival time
-----------------------------------------------------------------------------
                                  4.45   slack (MET)


Startpoint: A[1] (input port clocked by clk)
Endpoint: SUM[3] (output port clocked by clk)
Path Group: clk
Path Type: max

Fanout     Cap    Slew   Delay    Time   Description
-----------------------------------------------------------------------------
                  0.00    0.00    0.00   clock clk (rise edge)
                          0.00    0.00   clock network delay (ideal)
                          2.00    2.00 ^ input external delay
                  0.02    0.01    2.01 ^ A[1] (in)
     1    0.00                           A[1] (net)
                  0.02    0.00    2.01 ^ input8/A (sky130_fd_sc_hd__buf_1)
                  0.16    0.16    2.18 ^ input8/X (sky130_fd_sc_hd__buf_1)
     2    0.01                           net8 (net)
                  0.16    0.00    2.18 ^ _097_/B (sky130_fd_sc_hd__xor2_2)
                  0.21    0.24    2.42 ^ _097_/X (sky130_fd_sc_hd__xor2_2)
     3    0.01                           _053_ (net)
                  0.21    0.00    2.42 ^ _106_/B2 (sky130_fd_sc_hd__a221oi_2)
                  0.07    0.10    2.52 v _106_/Y (sky130_fd_sc_hd__a221oi_2)
     2    0.01                           _060_ (net)
                  0.07    0.00    2.52 v _107_/B (sky130_fd_sc_hd__or2_1)
                  0.08    0.26    2.78 v _107_/X (sky130_fd_sc_hd__or2_1)
     2    0.01                           _061_ (net)
                  0.08    0.00    2.78 v _109_/A (sky130_fd_sc_hd__xnor2_1)
                  0.21    0.24    3.02 ^ _109_/Y (sky130_fd_sc_hd__xnor2_1)
     1    0.01                           net42 (net)
                  0.21    0.00    3.02 ^ output42/A (sky130_fd_sc_hd__buf_2)
                  0.17    0.26    3.29 ^ output42/X (sky130_fd_sc_hd__buf_2)
     1    0.03                           SUM[3] (net)
                  0.17    0.00    3.29 ^ SUM[3] (out)
                                  3.29   data arrival time

                  0.00   10.00   10.00   clock clk (rise edge)
                          0.00   10.00   clock network delay (ideal)
                         -0.25    9.75   clock uncertainty
                          0.00    9.75   clock reconvergence pessimism
                         -2.00    7.75   output external delay
                                  7.75   data required time
-----------------------------------------------------------------------------
                                  7.75   data required time
                                 -3.29   data arrival time
-----------------------------------------------------------------------------
                                  4.46   slack (MET)


Startpoint: A[1] (input port clocked by clk)
Endpoint: SUM[2] (output port clocked by clk)
Path Group: clk
Path Type: max

Fanout     Cap    Slew   Delay    Time   Description
-----------------------------------------------------------------------------
                  0.00    0.00    0.00   clock clk (rise edge)
                          0.00    0.00   clock network delay (ideal)
                          2.00    2.00 ^ input external delay
                  0.02    0.01    2.01 ^ A[1] (in)
     1    0.00                           A[1] (net)
                  0.02    0.00    2.01 ^ input8/A (sky130_fd_sc_hd__buf_1)
                  0.16    0.16    2.18 ^ input8/X (sky130_fd_sc_hd__buf_1)
     2    0.01                           net8 (net)
                  0.16    0.00    2.18 ^ _097_/B (sky130_fd_sc_hd__xor2_2)
                  0.21    0.24    2.42 ^ _097_/X (sky130_fd_sc_hd__xor2_2)
     3    0.01                           _053_ (net)
                  0.21    0.00    2.42 ^ _100_/A2 (sky130_fd_sc_hd__a21o_1)
                  0.13    0.23    2.65 ^ _100_/X (sky130_fd_sc_hd__a21o_1)
     3    0.01                           _055_ (net)
                  0.13    0.00    2.65 ^ _104_/A (sky130_fd_sc_hd__xor2_1)
                  0.18    0.21    2.86 ^ _104_/X (sky130_fd_sc_hd__xor2_1)
     1    0.01                           net41 (net)
                  0.18    0.00    2.86 ^ output41/A (sky130_fd_sc_hd__clkbuf_4)
                  0.11    0.25    3.11 ^ output41/X (sky130_fd_sc_hd__clkbuf_4)
     1    0.03                           SUM[2] (net)
                  0.11    0.00    3.11 ^ SUM[2] (out)
                                  3.11   data arrival time

                  0.00   10.00   10.00   clock clk (rise edge)
                          0.00   10.00   clock network delay (ideal)
                         -0.25    9.75   clock uncertainty
                          0.00    9.75   clock reconvergence pessimism
                         -2.00    7.75   output external delay
                                  7.75   data required time
-----------------------------------------------------------------------------
                                  7.75   data required time
                                 -3.11   data arrival time
-----------------------------------------------------------------------------
                                  4.64   slack (MET)


Startpoint: A[1] (input port clocked by clk)
Endpoint: SUM[1] (output port clocked by clk)
Path Group: clk
Path Type: max

Fanout     Cap    Slew   Delay    Time   Description
-----------------------------------------------------------------------------
                  0.00    0.00    0.00   clock clk (rise edge)
                          0.00    0.00   clock network delay (ideal)
                          2.00    2.00 ^ input external delay
                  0.02    0.01    2.01 ^ A[1] (in)
     1    0.00                           A[1] (net)
                  0.02    0.00    2.01 ^ input8/A (sky130_fd_sc_hd__buf_1)
                  0.16    0.16    2.18 ^ input8/X (sky130_fd_sc_hd__buf_1)
     2    0.01                           net8 (net)
                  0.16    0.00    2.18 ^ _097_/B (sky130_fd_sc_hd__xor2_2)
                  0.21    0.24    2.42 ^ _097_/X (sky130_fd_sc_hd__xor2_2)
     3    0.01                           _053_ (net)
                  0.21    0.00    2.42 ^ _098_/B (sky130_fd_sc_hd__xor2_1)
                  0.12    0.18    2.60 ^ _098_/X (sky130_fd_sc_hd__xor2_1)
     1    0.00                           net40 (net)
                  0.12    0.00    2.60 ^ output40/A (sky130_fd_sc_hd__clkbuf_4)
                  0.11    0.22    2.82 ^ output40/X (sky130_fd_sc_hd__clkbuf_4)
     1    0.03                           SUM[1] (net)
                  0.11    0.00    2.82 ^ SUM[1] (out)
                                  2.82   data arrival time

                  0.00   10.00   10.00   clock clk (rise edge)
                          0.00   10.00   clock network delay (ideal)
                         -0.25    9.75   clock uncertainty
                          0.00    9.75   clock reconvergence pessimism
                         -2.00    7.75   output external delay
                                  7.75   data required time
-----------------------------------------------------------------------------
                                  7.75   data required time
                                 -2.82   data arrival time
-----------------------------------------------------------------------------
                                  4.93   slack (MET)


Startpoint: A[0] (input port clocked by clk)
Endpoint: SUM[0] (output port clocked by clk)
Path Group: clk
Path Type: max

Fanout     Cap    Slew   Delay    Time   Description
-----------------------------------------------------------------------------
                  0.00    0.00    0.00   clock clk (rise edge)
                          0.00    0.00   clock network delay (ideal)
                          2.00    2.00 v input external delay
                  0.01    0.01    2.01 v A[0] (in)
     1    0.00                           A[0] (net)
                  0.01    0.00    2.01 v input1/A (sky130_fd_sc_hd__buf_1)
                  0.03    0.08    2.09 v input1/X (sky130_fd_sc_hd__buf_1)
     2    0.00                           net1 (net)
                  0.03    0.00    2.09 v _095_/B (sky130_fd_sc_hd__and2_1)
                  0.09    0.21    2.30 v _095_/X (sky130_fd_sc_hd__and2_1)
     4    0.02                           _052_ (net)
                  0.09    0.00    2.30 v _096_/B (sky130_fd_sc_hd__nor2_1)
                  0.10    0.12    2.42 ^ _096_/Y (sky130_fd_sc_hd__nor2_1)
     1    0.00                           net33 (net)
                  0.10    0.00    2.42 ^ output33/A (sky130_fd_sc_hd__clkbuf_4)
                  0.11    0.22    2.63 ^ output33/X (sky130_fd_sc_hd__clkbuf_4)
     1    0.03                           SUM[0] (net)
                  0.11    0.00    2.63 ^ SUM[0] (out)
                                  2.63   data arrival time

                  0.00   10.00   10.00   clock clk (rise edge)
                          0.00   10.00   clock network delay (ideal)
                         -0.25    9.75   clock uncertainty
                          0.00    9.75   clock reconvergence pessimism
                         -2.00    7.75   output external delay
                                  7.75   data required time
-----------------------------------------------------------------------------
                                  7.75   data required time
                                 -2.63   data arrival time
-----------------------------------------------------------------------------
                                  5.12   slack (MET)



max_report_end
checks_report

===========================================================================
report_checks -unconstrained
===========================================================================
======================= Typical Corner ===================================

Startpoint: B[1] (input port clocked by clk)
Endpoint: SUM[12] (output port clocked by clk)
Path Group: clk
Path Type: max

Fanout     Cap    Slew   Delay    Time   Description
-----------------------------------------------------------------------------
                  0.00    0.00    0.00   clock clk (rise edge)
                          0.00    0.00   clock network delay (ideal)
                          2.00    2.00 v input external delay
                  0.01    0.00    2.00 v B[1] (in)
     1    0.00                           B[1] (net)
                  0.01    0.00    2.00 v input24/A (sky130_fd_sc_hd__dlymetal6s2s_1)
                  0.07    0.16    2.16 v input24/X (sky130_fd_sc_hd__dlymetal6s2s_1)
     2    0.01                           net24 (net)
                  0.07    0.00    2.16 v _097_/A (sky130_fd_sc_hd__xor2_2)
                  0.09    0.21    2.37 v _097_/X (sky130_fd_sc_hd__xor2_2)
     3    0.01                           _053_ (net)
                  0.09    0.00    2.37 v _100_/A2 (sky130_fd_sc_hd__a21o_1)
                  0.08    0.25    2.62 v _100_/X (sky130_fd_sc_hd__a21o_1)
     3    0.01                           _055_ (net)
                  0.08    0.00    2.62 v _129_/A1 (sky130_fd_sc_hd__a31o_1)
                  0.08    0.24    2.86 v _129_/X (sky130_fd_sc_hd__a31o_1)
     3    0.01                           _080_ (net)
                  0.08    0.00    2.86 v _144_/A1 (sky130_fd_sc_hd__a21oi_1)
                  0.22    0.23    3.09 ^ _144_/Y (sky130_fd_sc_hd__a21oi_1)
     2    0.01                           _093_ (net)
                  0.22    0.00    3.09 ^ _178_/B2 (sky130_fd_sc_hd__o221a_1)
                  0.12    0.28    3.37 ^ _178_/X (sky130_fd_sc_hd__o221a_1)
     1    0.01                           _029_ (net)
                  0.12    0.00    3.37 ^ _179_/B (sky130_fd_sc_hd__xor2_1)
                  0.10    0.15    3.52 ^ _179_/X (sky130_fd_sc_hd__xor2_1)
     1    0.00                           net36 (net)
                  0.10    0.00    3.52 ^ output36/A (sky130_fd_sc_hd__clkbuf_4)
                  0.11    0.22    3.73 ^ output36/X (sky130_fd_sc_hd__clkbuf_4)
     1    0.03                           SUM[12] (net)
                  0.11    0.00    3.73 ^ SUM[12] (out)
                                  3.73   data arrival time

                  0.00   10.00   10.00   clock clk (rise edge)
                          0.00   10.00   clock network delay (ideal)
                         -0.25    9.75   clock uncertainty
                          0.00    9.75   clock reconvergence pessimism
                         -2.00    7.75   output external delay
                                  7.75   data required time
-----------------------------------------------------------------------------
                                  7.75   data required time
                                 -3.73   data arrival time
-----------------------------------------------------------------------------
                                  4.02   slack (MET)




===========================================================================
report_checks --slack_max -0.01
============================================================================
======================= Typical Corner ===================================

No paths found.


===========================================================================
 report_check_types -max_slew -max_cap -max_fanout -violators
============================================================================
======================= Typical Corner ===================================



===========================================================================
report_parasitic_annotation -report_unannotated
============================================================================
Found 190 unannotated drivers.
 A[0]
 A[10]
 A[11]
 A[12]
 A[13]
 A[14]
 A[15]
 A[1]
 A[2]
 A[3]
 A[4]
 A[5]
 A[6]
 A[7]
 A[8]
 A[9]
 B[0]
 B[10]
 B[11]
 B[12]
 B[13]
 B[14]
 B[15]
 B[1]
 B[2]
 B[3]
 B[4]
 B[5]
 B[6]
 B[7]
 B[8]
 B[9]
 _094_/Y
 _095_/X
 _096_/Y
 _097_/X
 _098_/X
 _099_/X
 _100_/X
 _101_/Y
 _102_/X
 _103_/X
 _104_/X
 _105_/Y
 _106_/Y
 _107_/X
 _108_/X
 _109_/Y
 _110_/X
 _111_/X
 _112_/X
 _113_/X
 _114_/X
 _115_/X
 _116_/X
 _117_/Y
 _118_/X
 _119_/Y
 _120_/X
 _121_/Y
 _122_/Y
 _123_/X
 _124_/X
 _125_/Y
 _126_/X
 _127_/X
 _128_/X
 _129_/X
 _130_/Y
 _131_/X
 _132_/X
 _133_/X
 _134_/Y
 _135_/X
 _136_/Y
 _137_/Y
 _138_/Y
 _139_/Y
 _140_/Y
 _141_/X
 _142_/Y
 _143_/X
 _144_/Y
 _145_/X
 _146_/Y
 _147_/X
 _148_/X
 _149_/Y
 _150_/Y
 _151_/Y
 _152_/X
 _153_/Y
 _154_/Y
 _155_/X
 _156_/Y
 _157_/Y
 _158_/Y
 _159_/X
 _160_/X
 _161_/Y
 _162_/Y
 _163_/X
 _164_/Y
 _165_/X
 _166_/Y
 _167_/Y
 _168_/X
 _169_/Y
 _170_/Y
 _171_/Y
 _172_/Y
 _173_/Y
 _174_/Y
 _175_/Y
 _176_/Y
 _177_/X
 _178_/X
 _179_/X
 _180_/Y
 _181_/X
 _182_/Y
 _183_/X
 _184_/X
 _185_/X
 _186_/X
 _187_/Y
 _188_/Y
 _189_/Y
 _190_/Y
 _191_/X
 _192_/X
 _193_/X
 _194_/X
 _195_/Y
 _196_/Y
 _197_/X
 _198_/X
 _199_/X
 _200_/X
 _201_/X
 _202_/Y
 _203_/Y
 input1/X
 input10/X
 input11/X
 input12/X
 input13/X
 input14/X
 input15/X
 input16/X
 input17/X
 input18/X
 input19/X
 input2/X
 input20/X
 input21/X
 input22/X
 input23/X
 input24/X
 input25/X
 input26/X
 input27/X
 input28/X
 input29/X
 input3/X
 input30/X
 input31/X
 input32/X
 input4/X
 input5/X
 input6/X
 input7/X
 input8/X
 input9/X
 output33/X
 output34/X
 output35/X
 output36/X
 output37/X
 output38/X
 output39/X
 output40/X
 output41/X
 output42/X
 output43/X
 output44/X
 output45/X
 output46/X
 output47/X
 output48/X
Found 0 partially unannotated drivers.

===========================================================================
max slew violation count 0
max fanout violation count 0
max cap violation count 0
============================================================================

===========================================================================
check_setup -verbose -unconstrained_endpoints -multiple_clock -no_clock -no_input_delay -loops -generated_clocks
===========================================================================
checks_report_end
power_report

===========================================================================
 report_power
============================================================================
======================= Typical Corner ===================================

Group                  Internal  Switching    Leakage      Total
                          Power      Power      Power      Power (Watts)
----------------------------------------------------------------
Sequential             0.00e+00   0.00e+00   0.00e+00   0.00e+00   0.0%
Combinational          3.67e-05   5.37e-05   7.14e-10   9.04e-05 100.0%
Macro                  0.00e+00   0.00e+00   0.00e+00   0.00e+00   0.0%
Pad                    0.00e+00   0.00e+00   0.00e+00   0.00e+00   0.0%
----------------------------------------------------------------
Total                  3.67e-05   5.37e-05   7.14e-10   9.04e-05 100.0%
                          40.6%      59.4%       0.0%

power_report_end
skew_report

===========================================================================
report_clock_skew
============================================================================
Clock clk
No launch/capture paths found.

skew_report_end
summary_report

===========================================================================
report_tns
============================================================================
tns 0.00

===========================================================================
report_wns
============================================================================
wns 0.00

===========================================================================
report_worst_slack -max (Setup)
============================================================================
worst slack 4.02

===========================================================================
report_worst_slack -min (Hold)
============================================================================
worst slack 4.13
summary_report_end
area_report

===========================================================================
report_design_area
============================================================================
Design area 1222 u^2 33% utilization.
area_report_end
[WARNING] Did not save OpenROAD database!
Writing SDF to '/openlane/designs/kogge/runs/myrun/results/signoff/kogge.sdf'…
Writing timing model to '/openlane/designs/kogge/runs/myrun/results/signoff/kogge.lib'…
