OpenROAD 41a51eaf4ca2171c92ff38afb91eb37bbd3f36da 
This program is licensed under the BSD-3 license. See the LICENSE file for details.
Components of this program may be licensed under more restrictive licenses which must be honored.
[INFO]: Reading ODB at '/openlane/designs/kogge/runs/myrun/tmp/routing/19-global.odb'…
define_corners Typical
read_liberty -corner Typical /home/jagadeesh97/.ciel/ciel/sky130/versions/0fe599b2afb6708d281543108caf8310912f54af/sky130A/libs.ref/sky130_fd_sc_hd/lib/sky130_fd_sc_hd__tt_025C_1v80.lib
Using 1e-12 for capacitance...
Using 1e+03 for resistance...
Using 1e-09 for time...
Using 1e+00 for voltage...
Using 1e-03 for current...
Using 1e-09 for power...
Using 1e-06 for distance...
Reading design constraints file at '/openlane/designs/kogge/runs/myrun/tmp/17-kogge.sdc'…
min_report

===========================================================================
report_checks -path_delay min (Hold)
============================================================================
======================= Typical Corner ===================================

Startpoint: A[0] (input port clocked by clk)
Endpoint: SUM[0] (output port clocked by clk)
Path Group: clk
Path Type: min

Fanout     Cap    Slew   Delay    Time   Description
-----------------------------------------------------------------------------
                  0.00    0.00    0.00   clock clk (rise edge)
                          0.00    0.00   clock network delay (ideal)
                          2.00    2.00 v input external delay
                  0.01    0.00    2.00 v A[0] (in)
     1    0.00                           A[0] (net)
                  0.01    0.00    2.00 v input1/A (sky130_fd_sc_hd__buf_1)
                  0.03    0.07    2.08 v input1/X (sky130_fd_sc_hd__buf_1)
     2    0.00                           net1 (net)
                  0.03    0.00    2.08 v _094_/B (sky130_fd_sc_hd__nor2_1)
                  0.07    0.07    2.14 ^ _094_/Y (sky130_fd_sc_hd__nor2_1)
     1    0.00                           _051_ (net)
                  0.07    0.00    2.14 ^ _096_/A (sky130_fd_sc_hd__nor2_1)
                  0.03    0.04    2.19 v _096_/Y (sky130_fd_sc_hd__nor2_1)
     1    0.00                           net33 (net)
                  0.03    0.00    2.19 v output33/A (sky130_fd_sc_hd__clkbuf_4)
                  0.08    0.17    2.35 v output33/X (sky130_fd_sc_hd__clkbuf_4)
     1    0.03                           SUM[0] (net)
                  0.08    0.00    2.35 v SUM[0] (out)
                                  2.35   data arrival time

                  0.00    0.00    0.00   clock clk (rise edge)
                          0.00    0.00   clock network delay (ideal)
                          0.25    0.25   clock uncertainty
                          0.00    0.25   clock reconvergence pessimism
                         -2.00   -1.75   output external delay
                                 -1.75   data required time
-----------------------------------------------------------------------------
                                 -1.75   data required time
                                 -2.35   data arrival time
-----------------------------------------------------------------------------
                                  4.10   slack (MET)


Startpoint: A[15] (input port clocked by clk)
Endpoint: SUM[15] (output port clocked by clk)
Path Group: clk
Path Type: min

Fanout     Cap    Slew   Delay    Time   Description
-----------------------------------------------------------------------------
                  0.00    0.00    0.00   clock clk (rise edge)
                          0.00    0.00   clock network delay (ideal)
                          2.00    2.00 ^ input external delay
                  0.02    0.01    2.01 ^ A[15] (in)
     1    0.00                           A[15] (net)
                  0.02    0.00    2.01 ^ input7/A (sky130_fd_sc_hd__buf_1)
                  0.07    0.08    2.09 ^ input7/X (sky130_fd_sc_hd__buf_1)
     1    0.00                           net7 (net)
                  0.07    0.00    2.09 ^ _202_/B (sky130_fd_sc_hd__xnor2_1)
                  0.07    0.12    2.21 ^ _202_/Y (sky130_fd_sc_hd__xnor2_1)
     1    0.00                           _050_ (net)
                  0.07    0.00    2.21 ^ _203_/B (sky130_fd_sc_hd__xnor2_1)
                  0.03    0.05    2.26 v _203_/Y (sky130_fd_sc_hd__xnor2_1)
     1    0.00                           net39 (net)
                  0.03    0.00    2.26 v output39/A (sky130_fd_sc_hd__clkbuf_4)
                  0.08    0.17    2.43 v output39/X (sky130_fd_sc_hd__clkbuf_4)
     1    0.03                           SUM[15] (net)
                  0.08    0.00    2.43 v SUM[15] (out)
                                  2.43   data arrival time

                  0.00    0.00    0.00   clock clk (rise edge)
                          0.00    0.00   clock network delay (ideal)
                          0.25    0.25   clock uncertainty
                          0.00    0.25   clock reconvergence pessimism
                         -2.00   -1.75   output external delay
                                 -1.75   data required time
-----------------------------------------------------------------------------
                                 -1.75   data required time
                                 -2.43   data arrival time
-----------------------------------------------------------------------------
                                  4.18   slack (MET)


Startpoint: A[7] (input port clocked by clk)
Endpoint: SUM[7] (output port clocked by clk)
Path Group: clk
Path Type: min

Fanout     Cap    Slew   Delay    Time   Description
-----------------------------------------------------------------------------
                  0.00    0.00    0.00   clock clk (rise edge)
                          0.00    0.00   clock network delay (ideal)
                          2.00    2.00 ^ input external delay
                  0.02    0.01    2.01 ^ A[7] (in)
     1    0.00                           A[7] (net)
                  0.02    0.00    2.01 ^ input14/A (sky130_fd_sc_hd__clkbuf_2)
                  0.10    0.13    2.13 ^ input14/X (sky130_fd_sc_hd__clkbuf_2)
     4    0.02                           net14 (net)
                  0.10    0.00    2.13 ^ _137_/B (sky130_fd_sc_hd__xnor2_2)
                  0.06    0.12    2.26 ^ _137_/Y (sky130_fd_sc_hd__xnor2_2)
     3    0.01                           _087_ (net)
                  0.06    0.00    2.26 ^ _138_/B (sky130_fd_sc_hd__xnor2_1)
                  0.03    0.05    2.31 v _138_/Y (sky130_fd_sc_hd__xnor2_1)
     1    0.00                           net46 (net)
                  0.03    0.00    2.31 v output46/A (sky130_fd_sc_hd__clkbuf_4)
                  0.08    0.17    2.48 v output46/X (sky130_fd_sc_hd__clkbuf_4)
     1    0.03                           SUM[7] (net)
                  0.08    0.00    2.48 v SUM[7] (out)
                                  2.48   data arrival time

                  0.00    0.00    0.00   clock clk (rise edge)
                          0.00    0.00   clock network delay (ideal)
                          0.25    0.25   clock uncertainty
                          0.00    0.25   clock reconvergence pessimism
                         -2.00   -1.75   output external delay
                                 -1.75   data required time
-----------------------------------------------------------------------------
                                 -1.75   data required time
                                 -2.48   data arrival time
-----------------------------------------------------------------------------
                                  4.23   slack (MET)


Startpoint: A[3] (input port clocked by clk)
Endpoint: SUM[3] (output port clocked by clk)
Path Group: clk
Path Type: min

Fanout     Cap    Slew   Delay    Time   Description
-----------------------------------------------------------------------------
                  0.00    0.00    0.00   clock clk (rise edge)
                          0.00    0.00   clock network delay (ideal)
                          2.00    2.00 ^ input external delay
                  0.02    0.01    2.01 ^ A[3] (in)
     1    0.00                           A[3] (net)
                  0.02    0.00    2.01 ^ input10/A (sky130_fd_sc_hd__clkbuf_2)
                  0.09    0.12    2.13 ^ input10/X (sky130_fd_sc_hd__clkbuf_2)
     4    0.02                           net10 (net)
                  0.09    0.00    2.13 ^ _108_/B (sky130_fd_sc_hd__xor2_2)
                  0.04    0.08    2.21 v _108_/X (sky130_fd_sc_hd__xor2_2)
     3    0.01                           _062_ (net)
                  0.04    0.00    2.21 v _109_/B (sky130_fd_sc_hd__xnor2_1)
                  0.03    0.10    2.31 v _109_/Y (sky130_fd_sc_hd__xnor2_1)
     1    0.00                           net42 (net)
                  0.03    0.00    2.31 v output42/A (sky130_fd_sc_hd__buf_2)
                  0.09    0.16    2.48 v output42/X (sky130_fd_sc_hd__buf_2)
     1    0.03                           SUM[3] (net)
                  0.09    0.00    2.48 v SUM[3] (out)
                                  2.48   data arrival time

                  0.00    0.00    0.00   clock clk (rise edge)
                          0.00    0.00   clock network delay (ideal)
                          0.25    0.25   clock uncertainty
                          0.00    0.25   clock reconvergence pessimism
                         -2.00   -1.75   output external delay
                                 -1.75   data required time
-----------------------------------------------------------------------------
                                 -1.75   data required time
                                 -2.48   data arrival time
-----------------------------------------------------------------------------
                                  4.23   slack (MET)


Startpoint: A[11] (input port clocked by clk)
Endpoint: SUM[11] (output port clocked by clk)
Path Group: clk
Path Type: min

Fanout     Cap    Slew   Delay    Time   Description
-----------------------------------------------------------------------------
                  0.00    0.00    0.00   clock clk (rise edge)
                          0.00    0.00   clock network delay (ideal)
                          2.00    2.00 ^ input external delay
                  0.02    0.01    2.01 ^ A[11] (in)
     1    0.00                           A[11] (net)
                  0.02    0.00    2.01 ^ input3/A (sky130_fd_sc_hd__clkbuf_2)
                  0.10    0.12    2.13 ^ input3/X (sky130_fd_sc_hd__clkbuf_2)
     4    0.02                           net3 (net)
                  0.10    0.00    2.13 ^ _162_/B (sky130_fd_sc_hd__xnor2_2)
                  0.06    0.12    2.26 ^ _162_/Y (sky130_fd_sc_hd__xnor2_2)
     3    0.01                           _014_ (net)
                  0.06    0.00    2.26 ^ _169_/A (sky130_fd_sc_hd__xnor2_1)
                  0.03    0.06    2.31 v _169_/Y (sky130_fd_sc_hd__xnor2_1)
     1    0.00                           net35 (net)
                  0.03    0.00    2.31 v output35/A (sky130_fd_sc_hd__buf_2)
                  0.09    0.16    2.48 v output35/X (sky130_fd_sc_hd__buf_2)
     1    0.03                           SUM[11] (net)
                  0.09    0.00    2.48 v SUM[11] (out)
                                  2.48   data arrival time

                  0.00    0.00    0.00   clock clk (rise edge)
                          0.00    0.00   clock network delay (ideal)
                          0.25    0.25   clock uncertainty
                          0.00    0.25   clock reconvergence pessimism
                         -2.00   -1.75   output external delay
                                 -1.75   data required time
-----------------------------------------------------------------------------
                                 -1.75   data required time
                                 -2.48   data arrival time
-----------------------------------------------------------------------------
                                  4.23   slack (MET)


Startpoint: A[5] (input port clocked by clk)
Endpoint: SUM[5] (output port clocked by clk)
Path Group: clk
Path Type: min

Fanout     Cap    Slew   Delay    Time   Description
-----------------------------------------------------------------------------
                  0.00    0.00    0.00   clock clk (rise edge)
                          0.00    0.00   clock network delay (ideal)
                          2.00    2.00 ^ input external delay
                  0.02    0.01    2.01 ^ A[5] (in)
     1    0.00                           A[5] (net)
                  0.02    0.00    2.01 ^ input12/A (sky130_fd_sc_hd__clkbuf_2)
                  0.09    0.12    2.13 ^ input12/X (sky130_fd_sc_hd__clkbuf_2)
     4    0.02                           net12 (net)
                  0.09    0.00    2.13 ^ _116_/B (sky130_fd_sc_hd__xor2_2)
                  0.04    0.07    2.20 v _116_/X (sky130_fd_sc_hd__xor2_2)
     3    0.01                           _068_ (net)
                  0.04    0.00    2.20 v _121_/A (sky130_fd_sc_hd__xnor2_1)
                  0.03    0.11    2.31 v _121_/Y (sky130_fd_sc_hd__xnor2_1)
     1    0.00                           net44 (net)
                  0.03    0.00    2.31 v output44/A (sky130_fd_sc_hd__clkbuf_4)
                  0.08    0.17    2.48 v output44/X (sky130_fd_sc_hd__clkbuf_4)
     1    0.03                           SUM[5] (net)
                  0.08    0.00    2.48 v SUM[5] (out)
                                  2.48   data arrival time

                  0.00    0.00    0.00   clock clk (rise edge)
                          0.00    0.00   clock network delay (ideal)
                          0.25    0.25   clock uncertainty
                          0.00    0.25   clock reconvergence pessimism
                         -2.00   -1.75   output external delay
                                 -1.75   data required time
-----------------------------------------------------------------------------
                                 -1.75   data required time
                                 -2.48   data arrival time
-----------------------------------------------------------------------------
                                  4.23   slack (MET)


Startpoint: A[12] (input port clocked by clk)
Endpoint: SUM[12] (output port clocked by clk)
Path Group: clk
Path Type: min

Fanout     Cap    Slew   Delay    Time   Description
-----------------------------------------------------------------------------
                  0.00    0.00    0.00   clock clk (rise edge)
                          0.00    0.00   clock network delay (ideal)
                          2.00    2.00 ^ input external delay
                  0.02    0.01    2.01 ^ A[12] (in)
     1    0.00                           A[12] (net)
                  0.02    0.00    2.01 ^ input4/A (sky130_fd_sc_hd__clkbuf_2)
                  0.10    0.12    2.13 ^ input4/X (sky130_fd_sc_hd__clkbuf_2)
     4    0.02                           net4 (net)
                  0.10    0.00    2.13 ^ _170_/B (sky130_fd_sc_hd__xnor2_2)
                  0.06    0.12    2.26 ^ _170_/Y (sky130_fd_sc_hd__xnor2_2)
     3    0.01                           _021_ (net)
                  0.06    0.00    2.26 ^ _179_/A (sky130_fd_sc_hd__xor2_1)
                  0.03    0.06    2.31 v _179_/X (sky130_fd_sc_hd__xor2_1)
     1    0.00                           net36 (net)
                  0.03    0.00    2.31 v output36/A (sky130_fd_sc_hd__clkbuf_4)
                  0.08    0.17    2.48 v output36/X (sky130_fd_sc_hd__clkbuf_4)
     1    0.03                           SUM[12] (net)
                  0.08    0.00    2.48 v SUM[12] (out)
                                  2.48   data arrival time

                  0.00    0.00    0.00   clock clk (rise edge)
                          0.00    0.00   clock network delay (ideal)
                          0.25    0.25   clock uncertainty
                          0.00    0.25   clock reconvergence pessimism
                         -2.00   -1.75   output external delay
                                 -1.75   data required time
-----------------------------------------------------------------------------
                                 -1.75   data required time
                                 -2.48   data arrival time
-----------------------------------------------------------------------------
                                  4.23   slack (MET)


Startpoint: A[6] (input port clocked by clk)
Endpoint: SUM[6] (output port clocked by clk)
Path Group: clk
Path Type: min

Fanout     Cap    Slew   Delay    Time   Description
-----------------------------------------------------------------------------
                  0.00    0.00    0.00   clock clk (rise edge)
                          0.00    0.00   clock network delay (ideal)
                          2.00    2.00 ^ input external delay
                  0.02    0.01    2.01 ^ A[6] (in)
     1    0.00                           A[6] (net)
                  0.02    0.00    2.01 ^ input13/A (sky130_fd_sc_hd__clkbuf_2)
                  0.10    0.13    2.13 ^ input13/X (sky130_fd_sc_hd__clkbuf_2)
     4    0.02                           net13 (net)
                  0.10    0.00    2.13 ^ _122_/B (sky130_fd_sc_hd__xnor2_2)
                  0.06    0.12    2.26 ^ _122_/Y (sky130_fd_sc_hd__xnor2_2)
     3    0.01                           _073_ (net)
                  0.06    0.00    2.26 ^ _131_/A (sky130_fd_sc_hd__xor2_1)
                  0.03    0.06    2.31 v _131_/X (sky130_fd_sc_hd__xor2_1)
     1    0.00                           net45 (net)
                  0.03    0.00    2.31 v output45/A (sky130_fd_sc_hd__clkbuf_4)
                  0.08    0.17    2.48 v output45/X (sky130_fd_sc_hd__clkbuf_4)
     1    0.03                           SUM[6] (net)
                  0.08    0.00    2.48 v SUM[6] (out)
                                  2.48   data arrival time

                  0.00    0.00    0.00   clock clk (rise edge)
                          0.00    0.00   clock network delay (ideal)
                          0.25    0.25   clock uncertainty
                          0.00    0.25   clock reconvergence pessimism
                         -2.00   -1.75   output external delay
                                 -1.75   data required time
-----------------------------------------------------------------------------
                                 -1.75   data required time
                                 -2.48   data arrival time
-----------------------------------------------------------------------------
                                  4.23   slack (MET)


Startpoint: A[10] (input port clocked by clk)
Endpoint: SUM[10] (output port clocked by clk)
Path Group: clk
Path Type: min

Fanout     Cap    Slew   Delay    Time   Description
-----------------------------------------------------------------------------
                  0.00    0.00    0.00   clock clk (rise edge)
                          0.00    0.00   clock network delay (ideal)
                          2.00    2.00 ^ input external delay
                  0.02    0.01    2.01 ^ A[10] (in)
     1    0.00                           A[10] (net)
                  0.02    0.00    2.01 ^ input2/A (sky130_fd_sc_hd__clkbuf_2)
                  0.10    0.12    2.13 ^ input2/X (sky130_fd_sc_hd__clkbuf_2)
     4    0.02                           net2 (net)
                  0.10    0.00    2.13 ^ _154_/B (sky130_fd_sc_hd__xnor2_2)
                  0.06    0.12    2.26 ^ _154_/Y (sky130_fd_sc_hd__xnor2_2)
     3    0.01                           _007_ (net)
                  0.06    0.00    2.26 ^ _161_/A (sky130_fd_sc_hd__xnor2_1)
                  0.03    0.06    2.32 v _161_/Y (sky130_fd_sc_hd__xnor2_1)
     1    0.00                           net34 (net)
                  0.03    0.00    2.32 v output34/A (sky130_fd_sc_hd__clkbuf_4)
                  0.08    0.17    2.48 v output34/X (sky130_fd_sc_hd__clkbuf_4)
     1    0.03                           SUM[10] (net)
                  0.08    0.00    2.48 v SUM[10] (out)
                                  2.48   data arrival time

                  0.00    0.00    0.00   clock clk (rise edge)
                          0.00    0.00   clock network delay (ideal)
                          0.25    0.25   clock uncertainty
                          0.00    0.25   clock reconvergence pessimism
                         -2.00   -1.75   output external delay
                                 -1.75   data required time
-----------------------------------------------------------------------------
                                 -1.75   data required time
                                 -2.48   data arrival time
-----------------------------------------------------------------------------
                                  4.23   slack (MET)


Startpoint: A[13] (input port clocked by clk)
Endpoint: SUM[13] (output port clocked by clk)
Path Group: clk
Path Type: min

Fanout     Cap    Slew   Delay    Time   Description
-----------------------------------------------------------------------------
                  0.00    0.00    0.00   clock clk (rise edge)
                          0.00    0.00   clock network delay (ideal)
                          2.00    2.00 ^ input external delay
                  0.02    0.01    2.01 ^ A[13] (in)
     1    0.00                           A[13] (net)
                  0.02    0.00    2.01 ^ input5/A (sky130_fd_sc_hd__clkbuf_2)
                  0.10    0.12    2.13 ^ input5/X (sky130_fd_sc_hd__clkbuf_2)
     4    0.02                           net5 (net)
                  0.10    0.00    2.13 ^ _180_/B (sky130_fd_sc_hd__xnor2_2)
                  0.07    0.13    2.26 ^ _180_/Y (sky130_fd_sc_hd__xnor2_2)
     3    0.01                           _030_ (net)
                  0.07    0.00    2.26 ^ _187_/A (sky130_fd_sc_hd__xnor2_1)
                  0.03    0.06    2.32 v _187_/Y (sky130_fd_sc_hd__xnor2_1)
     1    0.00                           net37 (net)
                  0.03    0.00    2.32 v output37/A (sky130_fd_sc_hd__clkbuf_4)
                  0.08    0.17    2.49 v output37/X (sky130_fd_sc_hd__clkbuf_4)
     1    0.03                           SUM[13] (net)
                  0.08    0.00    2.49 v SUM[13] (out)
                                  2.49   data arrival time

                  0.00    0.00    0.00   clock clk (rise edge)
                          0.00    0.00   clock network delay (ideal)
                          0.25    0.25   clock uncertainty
                          0.00    0.25   clock reconvergence pessimism
                         -2.00   -1.75   output external delay
                                 -1.75   data required time
-----------------------------------------------------------------------------
                                 -1.75   data required time
                                 -2.49   data arrival time
-----------------------------------------------------------------------------
                                  4.24   slack (MET)


Startpoint: A[9] (input port clocked by clk)
Endpoint: SUM[9] (output port clocked by clk)
Path Group: clk
Path Type: min

Fanout     Cap    Slew   Delay    Time   Description
-----------------------------------------------------------------------------
                  0.00    0.00    0.00   clock clk (rise edge)
                          0.00    0.00   clock network delay (ideal)
                          2.00    2.00 ^ input external delay
                  0.02    0.01    2.01 ^ A[9] (in)
     1    0.00                           A[9] (net)
                  0.02    0.00    2.01 ^ input16/A (sky130_fd_sc_hd__clkbuf_2)
                  0.10    0.13    2.13 ^ input16/X (sky130_fd_sc_hd__clkbuf_2)
     4    0.02                           net16 (net)
                  0.10    0.00    2.13 ^ _146_/B (sky130_fd_sc_hd__xnor2_2)
                  0.07    0.13    2.27 ^ _146_/Y (sky130_fd_sc_hd__xnor2_2)
     4    0.01                           _000_ (net)
                  0.07    0.00    2.27 ^ _153_/A (sky130_fd_sc_hd__xnor2_1)
                  0.03    0.06    2.33 v _153_/Y (sky130_fd_sc_hd__xnor2_1)
     1    0.00                           net48 (net)
                  0.03    0.00    2.33 v output48/A (sky130_fd_sc_hd__buf_2)
                  0.09    0.16    2.49 v output48/X (sky130_fd_sc_hd__buf_2)
     1    0.03                           SUM[9] (net)
                  0.09    0.00    2.49 v SUM[9] (out)
                                  2.49   data arrival time

                  0.00    0.00    0.00   clock clk (rise edge)
                          0.00    0.00   clock network delay (ideal)
                          0.25    0.25   clock uncertainty
                          0.00    0.25   clock reconvergence pessimism
                         -2.00   -1.75   output external delay
                                 -1.75   data required time
-----------------------------------------------------------------------------
                                 -1.75   data required time
                                 -2.49   data arrival time
-----------------------------------------------------------------------------
                                  4.24   slack (MET)


Startpoint: A[8] (input port clocked by clk)
Endpoint: SUM[8] (output port clocked by clk)
Path Group: clk
Path Type: min

Fanout     Cap    Slew   Delay    Time   Description
-----------------------------------------------------------------------------
                  0.00    0.00    0.00   clock clk (rise edge)
                          0.00    0.00   clock network delay (ideal)
                          2.00    2.00 ^ input external delay
                  0.02    0.01    2.01 ^ A[8] (in)
     1    0.00                           A[8] (net)
                  0.02    0.00    2.01 ^ input15/A (sky130_fd_sc_hd__clkbuf_2)
                  0.10    0.13    2.13 ^ input15/X (sky130_fd_sc_hd__clkbuf_2)
     4    0.02                           net15 (net)
                  0.10    0.00    2.13 ^ _139_/B (sky130_fd_sc_hd__xnor2_2)
                  0.07    0.13    2.26 ^ _139_/Y (sky130_fd_sc_hd__xnor2_2)
     4    0.01                           _088_ (net)
                  0.07    0.00    2.26 ^ _145_/A (sky130_fd_sc_hd__xor2_1)
                  0.03    0.06    2.32 v _145_/X (sky130_fd_sc_hd__xor2_1)
     1    0.00                           net47 (net)
                  0.03    0.00    2.32 v output47/A (sky130_fd_sc_hd__clkbuf_4)
                  0.08    0.17    2.49 v output47/X (sky130_fd_sc_hd__clkbuf_4)
     1    0.03                           SUM[8] (net)
                  0.08    0.00    2.49 v SUM[8] (out)
                                  2.49   data arrival time

                  0.00    0.00    0.00   clock clk (rise edge)
                          0.00    0.00   clock network delay (ideal)
                          0.25    0.25   clock uncertainty
                          0.00    0.25   clock reconvergence pessimism
                         -2.00   -1.75   output external delay
                                 -1.75   data required time
-----------------------------------------------------------------------------
                                 -1.75   data required time
                                 -2.49   data arrival time
-----------------------------------------------------------------------------
                                  4.24   slack (MET)


Startpoint: B[2] (input port clocked by clk)
Endpoint: SUM[2] (output port clocked by clk)
Path Group: clk
Path Type: min

Fanout     Cap    Slew   Delay    Time   Description
-----------------------------------------------------------------------------
                  0.00    0.00    0.00   clock clk (rise edge)
                          0.00    0.00   clock network delay (ideal)
                          2.00    2.00 v input external delay
                  0.01    0.00    2.00 v B[2] (in)
     1    0.00                           B[2] (net)
                  0.01    0.00    2.00 v input25/A (sky130_fd_sc_hd__clkbuf_2)
                  0.06    0.11    2.11 v input25/X (sky130_fd_sc_hd__clkbuf_2)
     5    0.01                           net25 (net)
                  0.06    0.00    2.11 v _101_/A (sky130_fd_sc_hd__nand2_1)
                  0.04    0.06    2.17 ^ _101_/Y (sky130_fd_sc_hd__nand2_1)
     2    0.00                           _056_ (net)
                  0.04    0.00    2.17 ^ _103_/A (sky130_fd_sc_hd__and2_1)
                  0.06    0.11    2.28 ^ _103_/X (sky130_fd_sc_hd__and2_1)
     1    0.00                           _058_ (net)
                  0.06    0.00    2.28 ^ _104_/B (sky130_fd_sc_hd__xor2_1)
                  0.03    0.05    2.33 v _104_/X (sky130_fd_sc_hd__xor2_1)
     1    0.00                           net41 (net)
                  0.03    0.00    2.33 v output41/A (sky130_fd_sc_hd__clkbuf_4)
                  0.08    0.17    2.50 v output41/X (sky130_fd_sc_hd__clkbuf_4)
     1    0.03                           SUM[2] (net)
                  0.08    0.00    2.50 v SUM[2] (out)
                                  2.50   data arrival time

                  0.00    0.00    0.00   clock clk (rise edge)
                          0.00    0.00   clock network delay (ideal)
                          0.25    0.25   clock uncertainty
                          0.00    0.25   clock reconvergence pessimism
                         -2.00   -1.75   output external delay
                                 -1.75   data required time
-----------------------------------------------------------------------------
                                 -1.75   data required time
                                 -2.50   data arrival time
-----------------------------------------------------------------------------
                                  4.25   slack (MET)


Startpoint: A[14] (input port clocked by clk)
Endpoint: SUM[14] (output port clocked by clk)
Path Group: clk
Path Type: min

Fanout     Cap    Slew   Delay    Time   Description
-----------------------------------------------------------------------------
                  0.00    0.00    0.00   clock clk (rise edge)
                          0.00    0.00   clock network delay (ideal)
                          2.00    2.00 ^ input external delay
                  0.02    0.01    2.01 ^ A[14] (in)
     1    0.00                           A[14] (net)
                  0.02    0.00    2.01 ^ input6/A (sky130_fd_sc_hd__buf_1)
                  0.12    0.12    2.13 ^ input6/X (sky130_fd_sc_hd__buf_1)
     3    0.01                           net6 (net)
                  0.12    0.00    2.13 ^ _188_/B (sky130_fd_sc_hd__xnor2_1)
                  0.06    0.09    2.22 v _188_/Y (sky130_fd_sc_hd__xnor2_1)
     2    0.01                           _037_ (net)
                  0.06    0.00    2.22 v _195_/A (sky130_fd_sc_hd__xnor2_1)
                  0.03    0.12    2.34 v _195_/Y (sky130_fd_sc_hd__xnor2_1)
     1    0.00                           net38 (net)
                  0.03    0.00    2.34 v output38/A (sky130_fd_sc_hd__clkbuf_4)
                  0.08    0.17    2.50 v output38/X (sky130_fd_sc_hd__clkbuf_4)
     1    0.03                           SUM[14] (net)
                  0.08    0.00    2.50 v SUM[14] (out)
                                  2.50   data arrival time

                  0.00    0.00    0.00   clock clk (rise edge)
                          0.00    0.00   clock network delay (ideal)
                          0.25    0.25   clock uncertainty
                          0.00    0.25   clock reconvergence pessimism
                         -2.00   -1.75   output external delay
                                 -1.75   data required time
-----------------------------------------------------------------------------
                                 -1.75   data required time
                                 -2.50   data arrival time
-----------------------------------------------------------------------------
                                  4.25   slack (MET)


Startpoint: B[0] (input port clocked by clk)
Endpoint: SUM[1] (output port clocked by clk)
Path Group: clk
Path Type: min

Fanout     Cap    Slew   Delay    Time   Description
-----------------------------------------------------------------------------
                  0.00    0.00    0.00   clock clk (rise edge)
                          0.00    0.00   clock network delay (ideal)
                          2.00    2.00 ^ input external delay
                  0.02    0.01    2.01 ^ B[0] (in)
     1    0.00                           B[0] (net)
                  0.02    0.00    2.01 ^ input17/A (sky130_fd_sc_hd__clkbuf_1)
                  0.06    0.08    2.08 ^ input17/X (sky130_fd_sc_hd__clkbuf_1)
     2    0.00                           net17 (net)
                  0.06    0.00    2.08 ^ _095_/A (sky130_fd_sc_hd__and2_1)
                  0.15    0.18    2.27 ^ _095_/X (sky130_fd_sc_hd__and2_1)
     4    0.01                           _052_ (net)
                  0.15    0.00    2.27 ^ _098_/A (sky130_fd_sc_hd__xor2_1)
                  0.03    0.08    2.34 v _098_/X (sky130_fd_sc_hd__xor2_1)
     1    0.00                           net40 (net)
                  0.03    0.00    2.34 v output40/A (sky130_fd_sc_hd__clkbuf_4)
                  0.08    0.17    2.51 v output40/X (sky130_fd_sc_hd__clkbuf_4)
     1    0.03                           SUM[1] (net)
                  0.08    0.00    2.51 v SUM[1] (out)
                                  2.51   data arrival time

                  0.00    0.00    0.00   clock clk (rise edge)
                          0.00    0.00   clock network delay (ideal)
                          0.25    0.25   clock uncertainty
                          0.00    0.25   clock reconvergence pessimism
                         -2.00   -1.75   output external delay
                                 -1.75   data required time
-----------------------------------------------------------------------------
                                 -1.75   data required time
                                 -2.51   data arrival time
-----------------------------------------------------------------------------
                                  4.26   slack (MET)


Startpoint: A[4] (input port clocked by clk)
Endpoint: SUM[4] (output port clocked by clk)
Path Group: clk
Path Type: min

Fanout     Cap    Slew   Delay    Time   Description
-----------------------------------------------------------------------------
                  0.00    0.00    0.00   clock clk (rise edge)
                          0.00    0.00   clock network delay (ideal)
                          2.00    2.00 ^ input external delay
                  0.02    0.01    2.01 ^ A[4] (in)
     1    0.00                           A[4] (net)
                  0.02    0.00    2.01 ^ input11/A (sky130_fd_sc_hd__clkbuf_2)
                  0.09    0.12    2.13 ^ input11/X (sky130_fd_sc_hd__clkbuf_2)
     4    0.02                           net11 (net)
                  0.09    0.00    2.13 ^ _110_/B (sky130_fd_sc_hd__xor2_2)
                  0.05    0.08    2.21 v _110_/X (sky130_fd_sc_hd__xor2_2)
     4    0.01                           _063_ (net)
                  0.05    0.00    2.21 v _115_/A (sky130_fd_sc_hd__xor2_1)
                  0.03    0.14    2.35 v _115_/X (sky130_fd_sc_hd__xor2_1)
     1    0.00                           net43 (net)
                  0.03    0.00    2.35 v output43/A (sky130_fd_sc_hd__clkbuf_4)
                  0.08    0.17    2.52 v output43/X (sky130_fd_sc_hd__clkbuf_4)
     1    0.03                           SUM[4] (net)
                  0.08    0.00    2.52 v SUM[4] (out)
                                  2.52   data arrival time

                  0.00    0.00    0.00   clock clk (rise edge)
                          0.00    0.00   clock network delay (ideal)
                          0.25    0.25   clock uncertainty
                          0.00    0.25   clock reconvergence pessimism
                         -2.00   -1.75   output external delay
                                 -1.75   data required time
-----------------------------------------------------------------------------
                                 -1.75   data required time
                                 -2.52   data arrival time
-----------------------------------------------------------------------------
                                  4.27   slack (MET)



min_report_end
max_report

===========================================================================
report_checks -path_delay max (Setup)
============================================================================
======================= Typical Corner ===================================

Startpoint: A[5] (input port clocked by clk)
Endpoint: SUM[15] (output port clocked by clk)
Path Group: clk
Path Type: max

Fanout     Cap    Slew   Delay    Time   Description
-----------------------------------------------------------------------------
                  0.00    0.00    0.00   clock clk (rise edge)
                          0.00    0.00   clock network delay (ideal)
                          2.00    2.00 v input external delay
                  0.01    0.00    2.00 v A[5] (in)
     1    0.00                           A[5] (net)
                  0.01    0.00    2.00 v input12/A (sky130_fd_sc_hd__clkbuf_2)
                  0.06    0.12    2.13 v input12/X (sky130_fd_sc_hd__clkbuf_2)
     4    0.01                           net12 (net)
                  0.06    0.00    2.13 v _124_/B (sky130_fd_sc_hd__and2_1)
                  0.04    0.17    2.30 v _124_/X (sky130_fd_sc_hd__and2_1)
     2    0.00                           _075_ (net)
                  0.04    0.00    2.30 v _132_/A (sky130_fd_sc_hd__or3_2)
                  0.10    0.52    2.82 v _132_/X (sky130_fd_sc_hd__or3_2)
     3    0.01                           _082_ (net)
                  0.10    0.00    2.82 v _135_/A2 (sky130_fd_sc_hd__o21a_1)
                  0.04    0.20    3.02 v _135_/X (sky130_fd_sc_hd__o21a_1)
     1    0.00                           _085_ (net)
                  0.04    0.00    3.02 v _136_/B1 (sky130_fd_sc_hd__o31ai_2)
                  0.28    0.08    3.10 ^ _136_/Y (sky130_fd_sc_hd__o31ai_2)
     3    0.01                           _086_ (net)
                  0.28    0.00    3.10 ^ _201_/A1 (sky130_fd_sc_hd__a31o_1)
                  0.06    0.21    3.31 ^ _201_/X (sky130_fd_sc_hd__a31o_1)
     1    0.00                           _049_ (net)
                  0.06    0.00    3.31 ^ _203_/A (sky130_fd_sc_hd__xnor2_1)
                  0.11    0.11    3.42 ^ _203_/Y (sky130_fd_sc_hd__xnor2_1)
     1    0.00                           net39 (net)
                  0.11    0.00    3.42 ^ output39/A (sky130_fd_sc_hd__clkbuf_4)
                  0.11    0.22    3.64 ^ output39/X (sky130_fd_sc_hd__clkbuf_4)
     1    0.03                           SUM[15] (net)
                  0.11    0.00    3.64 ^ SUM[15] (out)
                                  3.64   data arrival time

                  0.00   10.00   10.00   clock clk (rise edge)
                          0.00   10.00   clock network delay (ideal)
                         -0.25    9.75   clock uncertainty
                          0.00    9.75   clock reconvergence pessimism
                         -2.00    7.75   output external delay
                                  7.75   data required time
-----------------------------------------------------------------------------
                                  7.75   data required time
                                 -3.64   data arrival time
-----------------------------------------------------------------------------
                                  4.11   slack (MET)


Startpoint: A[5] (input port clocked by clk)
Endpoint: SUM[11] (output port clocked by clk)
Path Group: clk
Path Type: max

Fanout     Cap    Slew   Delay    Time   Description
-----------------------------------------------------------------------------
                  0.00    0.00    0.00   clock clk (rise edge)
                          0.00    0.00   clock network delay (ideal)
                          2.00    2.00 v input external delay
                  0.01    0.00    2.00 v A[5] (in)
     1    0.00                           A[5] (net)
                  0.01    0.00    2.00 v input12/A (sky130_fd_sc_hd__clkbuf_2)
                  0.06    0.12    2.13 v input12/X (sky130_fd_sc_hd__clkbuf_2)
     4    0.01                           net12 (net)
                  0.06    0.00    2.13 v _124_/B (sky130_fd_sc_hd__and2_1)
                  0.04    0.17    2.30 v _124_/X (sky130_fd_sc_hd__and2_1)
     2    0.00                           _075_ (net)
                  0.04    0.00    2.30 v _132_/A (sky130_fd_sc_hd__or3_2)
                  0.10    0.52    2.82 v _132_/X (sky130_fd_sc_hd__or3_2)
     3    0.01                           _082_ (net)
                  0.10    0.00    2.82 v _135_/A2 (sky130_fd_sc_hd__o21a_1)
                  0.04    0.20    3.02 v _135_/X (sky130_fd_sc_hd__o21a_1)
     1    0.00                           _085_ (net)
                  0.04    0.00    3.02 v _136_/B1 (sky130_fd_sc_hd__o31ai_2)
                  0.28    0.08    3.10 ^ _136_/Y (sky130_fd_sc_hd__o31ai_2)
     3    0.01                           _086_ (net)
                  0.28    0.00    3.10 ^ _168_/A1 (sky130_fd_sc_hd__a21o_1)
                  0.06    0.17    3.28 ^ _168_/X (sky130_fd_sc_hd__a21o_1)
     1    0.00                           _020_ (net)
                  0.06    0.00    3.28 ^ _169_/B (sky130_fd_sc_hd__xnor2_1)
                  0.10    0.10    3.38 ^ _169_/Y (sky130_fd_sc_hd__xnor2_1)
     1    0.00                           net35 (net)
                  0.10    0.00    3.38 ^ output35/A (sky130_fd_sc_hd__buf_2)
                  0.17    0.23    3.61 ^ output35/X (sky130_fd_sc_hd__buf_2)
     1    0.03                           SUM[11] (net)
                  0.17    0.00    3.61 ^ SUM[11] (out)
                                  3.61   data arrival time

                  0.00   10.00   10.00   clock clk (rise edge)
                          0.00   10.00   clock network delay (ideal)
                         -0.25    9.75   clock uncertainty
                          0.00    9.75   clock reconvergence pessimism
                         -2.00    7.75   output external delay
                                  7.75   data required time
-----------------------------------------------------------------------------
                                  7.75   data required time
                                 -3.61   data arrival time
-----------------------------------------------------------------------------
                                  4.14   slack (MET)


Startpoint: B[1] (input port clocked by clk)
Endpoint: SUM[10] (output port clocked by clk)
Path Group: clk
Path Type: max

Fanout     Cap    Slew   Delay    Time   Description
-----------------------------------------------------------------------------
                  0.00    0.00    0.00   clock clk (rise edge)
                          0.00    0.00   clock network delay (ideal)
                          2.00    2.00 v input external delay
                  0.01    0.00    2.00 v B[1] (in)
     1    0.00                           B[1] (net)
                  0.01    0.00    2.00 v input24/A (sky130_fd_sc_hd__dlymetal6s2s_1)
                  0.07    0.16    2.16 v input24/X (sky130_fd_sc_hd__dlymetal6s2s_1)
     2    0.01                           net24 (net)
                  0.07    0.00    2.16 v _097_/A (sky130_fd_sc_hd__xor2_2)
                  0.08    0.20    2.36 v _097_/X (sky130_fd_sc_hd__xor2_2)
     3    0.01                           _053_ (net)
                  0.08    0.00    2.36 v _100_/A2 (sky130_fd_sc_hd__a21o_1)
                  0.06    0.22    2.59 v _100_/X (sky130_fd_sc_hd__a21o_1)
     3    0.01                           _055_ (net)
                  0.06    0.00    2.59 v _129_/A1 (sky130_fd_sc_hd__a31o_1)
                  0.06    0.20    2.79 v _129_/X (sky130_fd_sc_hd__a31o_1)
     3    0.01                           _080_ (net)
                  0.06    0.00    2.79 v _159_/A2 (sky130_fd_sc_hd__o211a_1)
                  0.04    0.22    3.01 v _159_/X (sky130_fd_sc_hd__o211a_1)
     2    0.00                           _012_ (net)
                  0.04    0.00    3.01 v _160_/B (sky130_fd_sc_hd__or2_1)
                  0.06    0.22    3.23 v _160_/X (sky130_fd_sc_hd__or2_1)
     1    0.00                           _013_ (net)
                  0.06    0.00    3.23 v _161_/B (sky130_fd_sc_hd__xnor2_1)
                  0.11    0.13    3.36 ^ _161_/Y (sky130_fd_sc_hd__xnor2_1)
     1    0.00                           net34 (net)
                  0.11    0.00    3.36 ^ output34/A (sky130_fd_sc_hd__clkbuf_4)
                  0.11    0.22    3.58 ^ output34/X (sky130_fd_sc_hd__clkbuf_4)
     1    0.03                           SUM[10] (net)
                  0.11    0.00    3.58 ^ SUM[10] (out)
                                  3.58   data arrival time

                  0.00   10.00   10.00   clock clk (rise edge)
                          0.00   10.00   clock network delay (ideal)
                         -0.25    9.75   clock uncertainty
                          0.00    9.75   clock reconvergence pessimism
                         -2.00    7.75   output external delay
                                  7.75   data required time
-----------------------------------------------------------------------------
                                  7.75   data required time
                                 -3.58   data arrival time
-----------------------------------------------------------------------------
                                  4.17   slack (MET)


Startpoint: B[1] (input port clocked by clk)
Endpoint: SUM[12] (output port clocked by clk)
Path Group: clk
Path Type: max

Fanout     Cap    Slew   Delay    Time   Description
-----------------------------------------------------------------------------
                  0.00    0.00    0.00   clock clk (rise edge)
                          0.00    0.00   clock network delay (ideal)
                          2.00    2.00 v input external delay
                  0.01    0.00    2.00 v B[1] (in)
     1    0.00                           B[1] (net)
                  0.01    0.00    2.00 v input24/A (sky130_fd_sc_hd__dlymetal6s2s_1)
                  0.07    0.16    2.16 v input24/X (sky130_fd_sc_hd__dlymetal6s2s_1)
     2    0.01                           net24 (net)
                  0.07    0.00    2.16 v _097_/A (sky130_fd_sc_hd__xor2_2)
                  0.08    0.20    2.36 v _097_/X (sky130_fd_sc_hd__xor2_2)
     3    0.01                           _053_ (net)
                  0.08    0.00    2.36 v _100_/A2 (sky130_fd_sc_hd__a21o_1)
                  0.06    0.22    2.59 v _100_/X (sky130_fd_sc_hd__a21o_1)
     3    0.01                           _055_ (net)
                  0.06    0.00    2.59 v _129_/A1 (sky130_fd_sc_hd__a31o_1)
                  0.06    0.20    2.79 v _129_/X (sky130_fd_sc_hd__a31o_1)
     3    0.01                           _080_ (net)
                  0.06    0.00    2.79 v _144_/A1 (sky130_fd_sc_hd__a21oi_1)
                  0.19    0.19    2.98 ^ _144_/Y (sky130_fd_sc_hd__a21oi_1)
     2    0.01                           _093_ (net)
                  0.19    0.00    2.98 ^ _178_/B2 (sky130_fd_sc_hd__o221a_1)
                  0.07    0.23    3.21 ^ _178_/X (sky130_fd_sc_hd__o221a_1)
     1    0.00                           _029_ (net)
                  0.07    0.00    3.21 ^ _179_/B (sky130_fd_sc_hd__xor2_1)
                  0.10    0.14    3.35 ^ _179_/X (sky130_fd_sc_hd__xor2_1)
     1    0.00                           net36 (net)
                  0.10    0.00    3.35 ^ output36/A (sky130_fd_sc_hd__clkbuf_4)
                  0.11    0.22    3.56 ^ output36/X (sky130_fd_sc_hd__clkbuf_4)
     1    0.03                           SUM[12] (net)
                  0.11    0.00    3.56 ^ SUM[12] (out)
                                  3.56   data arrival time

                  0.00   10.00   10.00   clock clk (rise edge)
                          0.00   10.00   clock network delay (ideal)
                         -0.25    9.75   clock uncertainty
                          0.00    9.75   clock reconvergence pessimism
                         -2.00    7.75   output external delay
                                  7.75   data required time
-----------------------------------------------------------------------------
                                  7.75   data required time
                                 -3.56   data arrival time
-----------------------------------------------------------------------------
                                  4.19   slack (MET)


Startpoint: B[1] (input port clocked by clk)
Endpoint: SUM[14] (output port clocked by clk)
Path Group: clk
Path Type: max

Fanout     Cap    Slew   Delay    Time   Description
-----------------------------------------------------------------------------
                  0.00    0.00    0.00   clock clk (rise edge)
                          0.00    0.00   clock network delay (ideal)
                          2.00    2.00 v input external delay
                  0.01    0.00    2.00 v B[1] (in)
     1    0.00                           B[1] (net)
                  0.01    0.00    2.00 v input24/A (sky130_fd_sc_hd__dlymetal6s2s_1)
                  0.07    0.16    2.16 v input24/X (sky130_fd_sc_hd__dlymetal6s2s_1)
     2    0.01                           net24 (net)
                  0.07    0.00    2.16 v _097_/A (sky130_fd_sc_hd__xor2_2)
                  0.08    0.20    2.36 v _097_/X (sky130_fd_sc_hd__xor2_2)
     3    0.01                           _053_ (net)
                  0.08    0.00    2.36 v _100_/A2 (sky130_fd_sc_hd__a21o_1)
                  0.06    0.22    2.59 v _100_/X (sky130_fd_sc_hd__a21o_1)
     3    0.01                           _055_ (net)
                  0.06    0.00    2.59 v _129_/A1 (sky130_fd_sc_hd__a31o_1)
                  0.06    0.20    2.79 v _129_/X (sky130_fd_sc_hd__a31o_1)
     3    0.01                           _080_ (net)
                  0.06    0.00    2.79 v _159_/A2 (sky130_fd_sc_hd__o211a_1)
                  0.04    0.22    3.01 v _159_/X (sky130_fd_sc_hd__o211a_1)
     2    0.00                           _012_ (net)
                  0.04    0.00    3.01 v _194_/A1 (sky130_fd_sc_hd__a31o_1)
                  0.05    0.19    3.19 v _194_/X (sky130_fd_sc_hd__a31o_1)
     1    0.00                           _043_ (net)
                  0.05    0.00    3.19 v _195_/B (sky130_fd_sc_hd__xnor2_1)
                  0.11    0.12    3.32 ^ _195_/Y (sky130_fd_sc_hd__xnor2_1)
     1    0.00                           net38 (net)
                  0.11    0.00    3.32 ^ output38/A (sky130_fd_sc_hd__clkbuf_4)
                  0.11    0.22    3.53 ^ output38/X (sky130_fd_sc_hd__clkbuf_4)
     1    0.03                           SUM[14] (net)
                  0.11    0.00    3.53 ^ SUM[14] (out)
                                  3.53   data arrival time

                  0.00   10.00   10.00   clock clk (rise edge)
                          0.00   10.00   clock network delay (ideal)
                         -0.25    9.75   clock uncertainty
                          0.00    9.75   clock reconvergence pessimism
                         -2.00    7.75   output external delay
                                  7.75   data required time
-----------------------------------------------------------------------------
                                  7.75   data required time
                                 -3.53   data arrival time
-----------------------------------------------------------------------------
                                  4.22   slack (MET)


Startpoint: A[5] (input port clocked by clk)
Endpoint: SUM[13] (output port clocked by clk)
Path Group: clk
Path Type: max

Fanout     Cap    Slew   Delay    Time   Description
-----------------------------------------------------------------------------
                  0.00    0.00    0.00   clock clk (rise edge)
                          0.00    0.00   clock network delay (ideal)
                          2.00    2.00 v input external delay
                  0.01    0.00    2.00 v A[5] (in)
     1    0.00                           A[5] (net)
                  0.01    0.00    2.00 v input12/A (sky130_fd_sc_hd__clkbuf_2)
                  0.06    0.12    2.13 v input12/X (sky130_fd_sc_hd__clkbuf_2)
     4    0.01                           net12 (net)
                  0.06    0.00    2.13 v _124_/B (sky130_fd_sc_hd__and2_1)
                  0.04    0.17    2.30 v _124_/X (sky130_fd_sc_hd__and2_1)
     2    0.00                           _075_ (net)
                  0.04    0.00    2.30 v _132_/A (sky130_fd_sc_hd__or3_2)
                  0.10    0.52    2.82 v _132_/X (sky130_fd_sc_hd__or3_2)
     3    0.01                           _082_ (net)
                  0.10    0.00    2.82 v _151_/B (sky130_fd_sc_hd__nor3_1)
                  0.18    0.22    3.03 ^ _151_/Y (sky130_fd_sc_hd__nor3_1)
     2    0.00                           _005_ (net)
                  0.18    0.00    3.03 ^ _186_/A1 (sky130_fd_sc_hd__a211o_1)
                  0.06    0.17    3.20 ^ _186_/X (sky130_fd_sc_hd__a211o_1)
     1    0.00                           _036_ (net)
                  0.06    0.00    3.20 ^ _187_/B (sky130_fd_sc_hd__xnor2_1)
                  0.11    0.11    3.31 ^ _187_/Y (sky130_fd_sc_hd__xnor2_1)
     1    0.00                           net37 (net)
                  0.11    0.00    3.31 ^ output37/A (sky130_fd_sc_hd__clkbuf_4)
                  0.11    0.22    3.53 ^ output37/X (sky130_fd_sc_hd__clkbuf_4)
     1    0.03                           SUM[13] (net)
                  0.11    0.00    3.53 ^ SUM[13] (out)
                                  3.53   data arrival time

                  0.00   10.00   10.00   clock clk (rise edge)
                          0.00   10.00   clock network delay (ideal)
                         -0.25    9.75   clock uncertainty
                          0.00    9.75   clock reconvergence pessimism
                         -2.00    7.75   output external delay
                                  7.75   data required time
-----------------------------------------------------------------------------
                                  7.75   data required time
                                 -3.53   data arrival time
-----------------------------------------------------------------------------
                                  4.22   slack (MET)


Startpoint: A[5] (input port clocked by clk)
Endpoint: SUM[9] (output port clocked by clk)
Path Group: clk
Path Type: max

Fanout     Cap    Slew   Delay    Time   Description
-----------------------------------------------------------------------------
                  0.00    0.00    0.00   clock clk (rise edge)
                          0.00    0.00   clock network delay (ideal)
                          2.00    2.00 v input external delay
                  0.01    0.00    2.00 v A[5] (in)
     1    0.00                           A[5] (net)
                  0.01    0.00    2.00 v input12/A (sky130_fd_sc_hd__clkbuf_2)
                  0.06    0.12    2.13 v input12/X (sky130_fd_sc_hd__clkbuf_2)
     4    0.01                           net12 (net)
                  0.06    0.00    2.13 v _124_/B (sky130_fd_sc_hd__and2_1)
                  0.04    0.17    2.30 v _124_/X (sky130_fd_sc_hd__and2_1)
     2    0.00                           _075_ (net)
                  0.04    0.00    2.30 v _132_/A (sky130_fd_sc_hd__or3_2)
                  0.10    0.52    2.82 v _132_/X (sky130_fd_sc_hd__or3_2)
     3    0.01                           _082_ (net)
                  0.10    0.00    2.82 v _151_/B (sky130_fd_sc_hd__nor3_1)
                  0.18    0.22    3.03 ^ _151_/Y (sky130_fd_sc_hd__nor3_1)
     2    0.00                           _005_ (net)
                  0.18    0.00    3.03 ^ _152_/B (sky130_fd_sc_hd__or2_1)
                  0.06    0.14    3.18 ^ _152_/X (sky130_fd_sc_hd__or2_1)
     1    0.00                           _006_ (net)
                  0.06    0.00    3.18 ^ _153_/B (sky130_fd_sc_hd__xnor2_1)
                  0.10    0.10    3.28 ^ _153_/Y (sky130_fd_sc_hd__xnor2_1)
     1    0.00                           net48 (net)
                  0.10    0.00    3.28 ^ output48/A (sky130_fd_sc_hd__buf_2)
                  0.17    0.23    3.51 ^ output48/X (sky130_fd_sc_hd__buf_2)
     1    0.03                           SUM[9] (net)
                  0.17    0.00    3.51 ^ SUM[9] (out)
                                  3.51   data arrival time

                  0.00   10.00   10.00   clock clk (rise edge)
                          0.00   10.00   clock network delay (ideal)
                         -0.25    9.75   clock uncertainty
                          0.00    9.75   clock reconvergence pessimism
                         -2.00    7.75   output external delay
                                  7.75   data required time
-----------------------------------------------------------------------------
                                  7.75   data required time
                                 -3.51   data arrival time
-----------------------------------------------------------------------------
                                  4.24   slack (MET)


Startpoint: A[5] (input port clocked by clk)
Endpoint: SUM[7] (output port clocked by clk)
Path Group: clk
Path Type: max

Fanout     Cap    Slew   Delay    Time   Description
-----------------------------------------------------------------------------
                  0.00    0.00    0.00   clock clk (rise edge)
                          0.00    0.00   clock network delay (ideal)
                          2.00    2.00 v input external delay
                  0.01    0.00    2.00 v A[5] (in)
     1    0.00                           A[5] (net)
                  0.01    0.00    2.00 v input12/A (sky130_fd_sc_hd__clkbuf_2)
                  0.06    0.12    2.13 v input12/X (sky130_fd_sc_hd__clkbuf_2)
     4    0.01                           net12 (net)
                  0.06    0.00    2.13 v _124_/B (sky130_fd_sc_hd__and2_1)
                  0.04    0.17    2.30 v _124_/X (sky130_fd_sc_hd__and2_1)
     2    0.00                           _075_ (net)
                  0.04    0.00    2.30 v _132_/A (sky130_fd_sc_hd__or3_2)
                  0.10    0.52    2.82 v _132_/X (sky130_fd_sc_hd__or3_2)
     3    0.01                           _082_ (net)
                  0.10    0.00    2.82 v _135_/A2 (sky130_fd_sc_hd__o21a_1)
                  0.04    0.20    3.02 v _135_/X (sky130_fd_sc_hd__o21a_1)
     1    0.00                           _085_ (net)
                  0.04    0.00    3.02 v _136_/B1 (sky130_fd_sc_hd__o31ai_2)
                  0.28    0.08    3.10 ^ _136_/Y (sky130_fd_sc_hd__o31ai_2)
     3    0.01                           _086_ (net)
                  0.28    0.00    3.10 ^ _138_/A (sky130_fd_sc_hd__xnor2_1)
                  0.11    0.16    3.26 ^ _138_/Y (sky130_fd_sc_hd__xnor2_1)
     1    0.00                           net46 (net)
                  0.11    0.00    3.26 ^ output46/A (sky130_fd_sc_hd__clkbuf_4)
                  0.11    0.22    3.47 ^ output46/X (sky130_fd_sc_hd__clkbuf_4)
     1    0.03                           SUM[7] (net)
                  0.11    0.00    3.47 ^ SUM[7] (out)
                                  3.47   data arrival time

                  0.00   10.00   10.00   clock clk (rise edge)
                          0.00   10.00   clock network delay (ideal)
                         -0.25    9.75   clock uncertainty
                          0.00    9.75   clock reconvergence pessimism
                         -2.00    7.75   output external delay
                                  7.75   data required time
-----------------------------------------------------------------------------
                                  7.75   data required time
                                 -3.47   data arrival time
-----------------------------------------------------------------------------
                                  4.28   slack (MET)


Startpoint: B[1] (input port clocked by clk)
Endpoint: SUM[8] (output port clocked by clk)
Path Group: clk
Path Type: max

Fanout     Cap    Slew   Delay    Time   Description
-----------------------------------------------------------------------------
                  0.00    0.00    0.00   clock clk (rise edge)
                          0.00    0.00   clock network delay (ideal)
                          2.00    2.00 v input external delay
                  0.01    0.00    2.00 v B[1] (in)
     1    0.00                           B[1] (net)
                  0.01    0.00    2.00 v input24/A (sky130_fd_sc_hd__dlymetal6s2s_1)
                  0.07    0.16    2.16 v input24/X (sky130_fd_sc_hd__dlymetal6s2s_1)
     2    0.01                           net24 (net)
                  0.07    0.00    2.16 v _097_/A (sky130_fd_sc_hd__xor2_2)
                  0.08    0.20    2.36 v _097_/X (sky130_fd_sc_hd__xor2_2)
     3    0.01                           _053_ (net)
                  0.08    0.00    2.36 v _100_/A2 (sky130_fd_sc_hd__a21o_1)
                  0.06    0.22    2.59 v _100_/X (sky130_fd_sc_hd__a21o_1)
     3    0.01                           _055_ (net)
                  0.06    0.00    2.59 v _129_/A1 (sky130_fd_sc_hd__a31o_1)
                  0.06    0.20    2.79 v _129_/X (sky130_fd_sc_hd__a31o_1)
     3    0.01                           _080_ (net)
                  0.06    0.00    2.79 v _144_/A1 (sky130_fd_sc_hd__a21oi_1)
                  0.19    0.19    2.98 ^ _144_/Y (sky130_fd_sc_hd__a21oi_1)
     2    0.01                           _093_ (net)
                  0.19    0.00    2.98 ^ _145_/B (sky130_fd_sc_hd__xor2_1)
                  0.10    0.16    3.14 ^ _145_/X (sky130_fd_sc_hd__xor2_1)
     1    0.00                           net47 (net)
                  0.10    0.00    3.14 ^ output47/A (sky130_fd_sc_hd__clkbuf_4)
                  0.11    0.22    3.36 ^ output47/X (sky130_fd_sc_hd__clkbuf_4)
     1    0.03                           SUM[8] (net)
                  0.11    0.00    3.36 ^ SUM[8] (out)
                                  3.36   data arrival time

                  0.00   10.00   10.00   clock clk (rise edge)
                          0.00   10.00   clock network delay (ideal)
                         -0.25    9.75   clock uncertainty
                          0.00    9.75   clock reconvergence pessimism
                         -2.00    7.75   output external delay
                                  7.75   data required time
-----------------------------------------------------------------------------
                                  7.75   data required time
                                 -3.36   data arrival time
-----------------------------------------------------------------------------
                                  4.39   slack (MET)


Startpoint: B[1] (input port clocked by clk)
Endpoint: SUM[6] (output port clocked by clk)
Path Group: clk
Path Type: max

Fanout     Cap    Slew   Delay    Time   Description
-----------------------------------------------------------------------------
                  0.00    0.00    0.00   clock clk (rise edge)
                          0.00    0.00   clock network delay (ideal)
                          2.00    2.00 v input external delay
                  0.01    0.00    2.00 v B[1] (in)
     1    0.00                           B[1] (net)
                  0.01    0.00    2.00 v input24/A (sky130_fd_sc_hd__dlymetal6s2s_1)
                  0.07    0.16    2.16 v input24/X (sky130_fd_sc_hd__dlymetal6s2s_1)
     2    0.01                           net24 (net)
                  0.07    0.00    2.16 v _097_/A (sky130_fd_sc_hd__xor2_2)
                  0.08    0.20    2.36 v _097_/X (sky130_fd_sc_hd__xor2_2)
     3    0.01                           _053_ (net)
                  0.08    0.00    2.36 v _100_/A2 (sky130_fd_sc_hd__a21o_1)
                  0.06    0.22    2.59 v _100_/X (sky130_fd_sc_hd__a21o_1)
     3    0.01                           _055_ (net)
                  0.06    0.00    2.59 v _129_/A1 (sky130_fd_sc_hd__a31o_1)
                  0.06    0.20    2.79 v _129_/X (sky130_fd_sc_hd__a31o_1)
     3    0.01                           _080_ (net)
                  0.06    0.00    2.79 v _130_/B (sky130_fd_sc_hd__nor2_1)
                  0.11    0.11    2.90 ^ _130_/Y (sky130_fd_sc_hd__nor2_1)
     1    0.00                           _081_ (net)
                  0.11    0.00    2.90 ^ _131_/B (sky130_fd_sc_hd__xor2_1)
                  0.10    0.15    3.05 ^ _131_/X (sky130_fd_sc_hd__xor2_1)
     1    0.00                           net45 (net)
                  0.10    0.00    3.05 ^ output45/A (sky130_fd_sc_hd__clkbuf_4)
                  0.11    0.22    3.26 ^ output45/X (sky130_fd_sc_hd__clkbuf_4)
     1    0.03                           SUM[6] (net)
                  0.11    0.00    3.26 ^ SUM[6] (out)
                                  3.26   data arrival time

                  0.00   10.00   10.00   clock clk (rise edge)
                          0.00   10.00   clock network delay (ideal)
                         -0.25    9.75   clock uncertainty
                          0.00    9.75   clock reconvergence pessimism
                         -2.00    7.75   output external delay
                                  7.75   data required time
-----------------------------------------------------------------------------
                                  7.75   data required time
                                 -3.26   data arrival time
-----------------------------------------------------------------------------
                                  4.49   slack (MET)


Startpoint: B[1] (input port clocked by clk)
Endpoint: SUM[5] (output port clocked by clk)
Path Group: clk
Path Type: max

Fanout     Cap    Slew   Delay    Time   Description
-----------------------------------------------------------------------------
                  0.00    0.00    0.00   clock clk (rise edge)
                          0.00    0.00   clock network delay (ideal)
                          2.00    2.00 v input external delay
                  0.01    0.00    2.00 v B[1] (in)
     1    0.00                           B[1] (net)
                  0.01    0.00    2.00 v input24/A (sky130_fd_sc_hd__dlymetal6s2s_1)
                  0.07    0.16    2.16 v input24/X (sky130_fd_sc_hd__dlymetal6s2s_1)
     2    0.01                           net24 (net)
                  0.07    0.00    2.16 v _097_/A (sky130_fd_sc_hd__xor2_2)
                  0.08    0.20    2.36 v _097_/X (sky130_fd_sc_hd__xor2_2)
     3    0.01                           _053_ (net)
                  0.08    0.00    2.36 v _106_/B2 (sky130_fd_sc_hd__a221oi_2)
                  0.19    0.26    2.62 ^ _106_/Y (sky130_fd_sc_hd__a221oi_2)
     2    0.00                           _060_ (net)
                  0.19    0.00    2.62 ^ _120_/A2 (sky130_fd_sc_hd__o31a_1)
                  0.09    0.20    2.82 ^ _120_/X (sky130_fd_sc_hd__o31a_1)
     2    0.01                           _072_ (net)
                  0.09    0.00    2.82 ^ _121_/B (sky130_fd_sc_hd__xnor2_1)
                  0.11    0.12    2.94 ^ _121_/Y (sky130_fd_sc_hd__xnor2_1)
     1    0.00                           net44 (net)
                  0.11    0.00    2.94 ^ output44/A (sky130_fd_sc_hd__clkbuf_4)
                  0.11    0.22    3.15 ^ output44/X (sky130_fd_sc_hd__clkbuf_4)
     1    0.03                           SUM[5] (net)
                  0.11    0.00    3.15 ^ SUM[5] (out)
                                  3.15   data arrival time

                  0.00   10.00   10.00   clock clk (rise edge)
                          0.00   10.00   clock network delay (ideal)
                         -0.25    9.75   clock uncertainty
                          0.00    9.75   clock reconvergence pessimism
                         -2.00    7.75   output external delay
                                  7.75   data required time
-----------------------------------------------------------------------------
                                  7.75   data required time
                                 -3.15   data arrival time
-----------------------------------------------------------------------------
                                  4.60   slack (MET)


Startpoint: B[1] (input port clocked by clk)
Endpoint: SUM[4] (output port clocked by clk)
Path Group: clk
Path Type: max

Fanout     Cap    Slew   Delay    Time   Description
-----------------------------------------------------------------------------
                  0.00    0.00    0.00   clock clk (rise edge)
                          0.00    0.00   clock network delay (ideal)
                          2.00    2.00 v input external delay
                  0.01    0.00    2.00 v B[1] (in)
     1    0.00                           B[1] (net)
                  0.01    0.00    2.00 v input24/A (sky130_fd_sc_hd__dlymetal6s2s_1)
                  0.07    0.16    2.16 v input24/X (sky130_fd_sc_hd__dlymetal6s2s_1)
     2    0.01                           net24 (net)
                  0.07    0.00    2.16 v _097_/A (sky130_fd_sc_hd__xor2_2)
                  0.08    0.20    2.36 v _097_/X (sky130_fd_sc_hd__xor2_2)
     3    0.01                           _053_ (net)
                  0.08    0.00    2.36 v _100_/A2 (sky130_fd_sc_hd__a21o_1)
                  0.06    0.22    2.59 v _100_/X (sky130_fd_sc_hd__a21o_1)
     3    0.01                           _055_ (net)
                  0.06    0.00    2.59 v _114_/A1 (sky130_fd_sc_hd__a22o_1)
                  0.05    0.23    2.81 v _114_/X (sky130_fd_sc_hd__a22o_1)
     1    0.00                           _067_ (net)
                  0.05    0.00    2.81 v _115_/B (sky130_fd_sc_hd__xor2_1)
                  0.10    0.12    2.93 ^ _115_/X (sky130_fd_sc_hd__xor2_1)
     1    0.00                           net43 (net)
                  0.10    0.00    2.93 ^ output43/A (sky130_fd_sc_hd__clkbuf_4)
                  0.11    0.22    3.15 ^ output43/X (sky130_fd_sc_hd__clkbuf_4)
     1    0.03                           SUM[4] (net)
                  0.11    0.00    3.15 ^ SUM[4] (out)
                                  3.15   data arrival time

                  0.00   10.00   10.00   clock clk (rise edge)
                          0.00   10.00   clock network delay (ideal)
                         -0.25    9.75   clock uncertainty
                          0.00    9.75   clock reconvergence pessimism
                         -2.00    7.75   output external delay
                                  7.75   data required time
-----------------------------------------------------------------------------
                                  7.75   data required time
                                 -3.15   data arrival time
-----------------------------------------------------------------------------
                                  4.60   slack (MET)


Startpoint: B[1] (input port clocked by clk)
Endpoint: SUM[3] (output port clocked by clk)
Path Group: clk
Path Type: max

Fanout     Cap    Slew   Delay    Time   Description
-----------------------------------------------------------------------------
                  0.00    0.00    0.00   clock clk (rise edge)
                          0.00    0.00   clock network delay (ideal)
                          2.00    2.00 v input external delay
                  0.01    0.00    2.00 v B[1] (in)
     1    0.00                           B[1] (net)
                  0.01    0.00    2.00 v input24/A (sky130_fd_sc_hd__dlymetal6s2s_1)
                  0.07    0.16    2.16 v input24/X (sky130_fd_sc_hd__dlymetal6s2s_1)
     2    0.01                           net24 (net)
                  0.07    0.00    2.16 v _097_/A (sky130_fd_sc_hd__xor2_2)
                  0.08    0.20    2.36 v _097_/X (sky130_fd_sc_hd__xor2_2)
     3    0.01                           _053_ (net)
                  0.08    0.00    2.36 v _106_/B2 (sky130_fd_sc_hd__a221oi_2)
                  0.19    0.26    2.62 ^ _106_/Y (sky130_fd_sc_hd__a221oi_2)
     2    0.00                           _060_ (net)
                  0.19    0.00    2.62 ^ _107_/B (sky130_fd_sc_hd__or2_1)
                  0.10    0.18    2.80 ^ _107_/X (sky130_fd_sc_hd__or2_1)
     2    0.01                           _061_ (net)
                  0.10    0.00    2.80 ^ _109_/A (sky130_fd_sc_hd__xnor2_1)
                  0.10    0.12    2.92 ^ _109_/Y (sky130_fd_sc_hd__xnor2_1)
     1    0.00                           net42 (net)
                  0.10    0.00    2.92 ^ output42/A (sky130_fd_sc_hd__buf_2)
                  0.17    0.23    3.14 ^ output42/X (sky130_fd_sc_hd__buf_2)
     1    0.03                           SUM[3] (net)
                  0.17    0.00    3.14 ^ SUM[3] (out)
                                  3.14   data arrival time

                  0.00   10.00   10.00   clock clk (rise edge)
                          0.00   10.00   clock network delay (ideal)
                         -0.25    9.75   clock uncertainty
                          0.00    9.75   clock reconvergence pessimism
                         -2.00    7.75   output external delay
                                  7.75   data required time
-----------------------------------------------------------------------------
                                  7.75   data required time
                                 -3.14   data arrival time
-----------------------------------------------------------------------------
                                  4.61   slack (MET)


Startpoint: B[1] (input port clocked by clk)
Endpoint: SUM[2] (output port clocked by clk)
Path Group: clk
Path Type: max

Fanout     Cap    Slew   Delay    Time   Description
-----------------------------------------------------------------------------
                  0.00    0.00    0.00   clock clk (rise edge)
                          0.00    0.00   clock network delay (ideal)
                          2.00    2.00 v input external delay
                  0.01    0.00    2.00 v B[1] (in)
     1    0.00                           B[1] (net)
                  0.01    0.00    2.00 v input24/A (sky130_fd_sc_hd__dlymetal6s2s_1)
                  0.07    0.16    2.16 v input24/X (sky130_fd_sc_hd__dlymetal6s2s_1)
     2    0.01                           net24 (net)
                  0.07    0.00    2.16 v _097_/A (sky130_fd_sc_hd__xor2_2)
                  0.08    0.20    2.36 v _097_/X (sky130_fd_sc_hd__xor2_2)
     3    0.01                           _053_ (net)
                  0.08    0.00    2.36 v _100_/A2 (sky130_fd_sc_hd__a21o_1)
                  0.06    0.22    2.59 v _100_/X (sky130_fd_sc_hd__a21o_1)
     3    0.01                           _055_ (net)
                  0.06    0.00    2.59 v _104_/A (sky130_fd_sc_hd__xor2_1)
                  0.10    0.15    2.73 ^ _104_/X (sky130_fd_sc_hd__xor2_1)
     1    0.00                           net41 (net)
                  0.10    0.00    2.73 ^ output41/A (sky130_fd_sc_hd__clkbuf_4)
                  0.11    0.22    2.95 ^ output41/X (sky130_fd_sc_hd__clkbuf_4)
     1    0.03                           SUM[2] (net)
                  0.11    0.00    2.95 ^ SUM[2] (out)
                                  2.95   data arrival time

                  0.00   10.00   10.00   clock clk (rise edge)
                          0.00   10.00   clock network delay (ideal)
                         -0.25    9.75   clock uncertainty
                          0.00    9.75   clock reconvergence pessimism
                         -2.00    7.75   output external delay
                                  7.75   data required time
-----------------------------------------------------------------------------
                                  7.75   data required time
                                 -2.95   data arrival time
-----------------------------------------------------------------------------
                                  4.80   slack (MET)


Startpoint: B[1] (input port clocked by clk)
Endpoint: SUM[1] (output port clocked by clk)
Path Group: clk
Path Type: max

Fanout     Cap    Slew   Delay    Time   Description
-----------------------------------------------------------------------------
                  0.00    0.00    0.00   clock clk (rise edge)
                          0.00    0.00   clock network delay (ideal)
                          2.00    2.00 v input external delay
                  0.01    0.00    2.00 v B[1] (in)
     1    0.00                           B[1] (net)
                  0.01    0.00    2.00 v input24/A (sky130_fd_sc_hd__dlymetal6s2s_1)
                  0.07    0.16    2.16 v input24/X (sky130_fd_sc_hd__dlymetal6s2s_1)
     2    0.01                           net24 (net)
                  0.07    0.00    2.16 v _097_/A (sky130_fd_sc_hd__xor2_2)
                  0.19    0.23    2.39 ^ _097_/X (sky130_fd_sc_hd__xor2_2)
     3    0.01                           _053_ (net)
                  0.19    0.00    2.39 ^ _098_/B (sky130_fd_sc_hd__xor2_1)
                  0.10    0.16    2.55 ^ _098_/X (sky130_fd_sc_hd__xor2_1)
     1    0.00                           net40 (net)
                  0.10    0.00    2.55 ^ output40/A (sky130_fd_sc_hd__clkbuf_4)
                  0.11    0.22    2.76 ^ output40/X (sky130_fd_sc_hd__clkbuf_4)
     1    0.03                           SUM[1] (net)
                  0.11    0.00    2.76 ^ SUM[1] (out)
                                  2.76   data arrival time

                  0.00   10.00   10.00   clock clk (rise edge)
                          0.00   10.00   clock network delay (ideal)
                         -0.25    9.75   clock uncertainty
                          0.00    9.75   clock reconvergence pessimism
                         -2.00    7.75   output external delay
                                  7.75   data required time
-----------------------------------------------------------------------------
                                  7.75   data required time
                                 -2.76   data arrival time
-----------------------------------------------------------------------------
                                  4.99   slack (MET)


Startpoint: A[0] (input port clocked by clk)
Endpoint: SUM[0] (output port clocked by clk)
Path Group: clk
Path Type: max

Fanout     Cap    Slew   Delay    Time   Description
-----------------------------------------------------------------------------
                  0.00    0.00    0.00   clock clk (rise edge)
                          0.00    0.00   clock network delay (ideal)
                          2.00    2.00 v input external delay
                  0.01    0.00    2.00 v A[0] (in)
     1    0.00                           A[0] (net)
                  0.01    0.00    2.00 v input1/A (sky130_fd_sc_hd__buf_1)
                  0.03    0.08    2.08 v input1/X (sky130_fd_sc_hd__buf_1)
     2    0.00                           net1 (net)
                  0.03    0.00    2.08 v _095_/B (sky130_fd_sc_hd__and2_1)
                  0.08    0.20    2.28 v _095_/X (sky130_fd_sc_hd__and2_1)
     4    0.01                           _052_ (net)
                  0.08    0.00    2.28 v _096_/B (sky130_fd_sc_hd__nor2_1)
                  0.07    0.09    2.37 ^ _096_/Y (sky130_fd_sc_hd__nor2_1)
     1    0.00                           net33 (net)
                  0.07    0.00    2.37 ^ output33/A (sky130_fd_sc_hd__clkbuf_4)
                  0.11    0.20    2.57 ^ output33/X (sky130_fd_sc_hd__clkbuf_4)
     1    0.03                           SUM[0] (net)
                  0.11    0.00    2.57 ^ SUM[0] (out)
                                  2.57   data arrival time

                  0.00   10.00   10.00   clock clk (rise edge)
                          0.00   10.00   clock network delay (ideal)
                         -0.25    9.75   clock uncertainty
                          0.00    9.75   clock reconvergence pessimism
                         -2.00    7.75   output external delay
                                  7.75   data required time
-----------------------------------------------------------------------------
                                  7.75   data required time
                                 -2.57   data arrival time
-----------------------------------------------------------------------------
                                  5.18   slack (MET)



max_report_end
checks_report

===========================================================================
report_checks -unconstrained
===========================================================================
======================= Typical Corner ===================================

Startpoint: A[5] (input port clocked by clk)
Endpoint: SUM[15] (output port clocked by clk)
Path Group: clk
Path Type: max

Fanout     Cap    Slew   Delay    Time   Description
-----------------------------------------------------------------------------
                  0.00    0.00    0.00   clock clk (rise edge)
                          0.00    0.00   clock network delay (ideal)
                          2.00    2.00 v input external delay
                  0.01    0.00    2.00 v A[5] (in)
     1    0.00                           A[5] (net)
                  0.01    0.00    2.00 v input12/A (sky130_fd_sc_hd__clkbuf_2)
                  0.06    0.12    2.13 v input12/X (sky130_fd_sc_hd__clkbuf_2)
     4    0.01                           net12 (net)
                  0.06    0.00    2.13 v _124_/B (sky130_fd_sc_hd__and2_1)
                  0.04    0.17    2.30 v _124_/X (sky130_fd_sc_hd__and2_1)
     2    0.00                           _075_ (net)
                  0.04    0.00    2.30 v _132_/A (sky130_fd_sc_hd__or3_2)
                  0.10    0.52    2.82 v _132_/X (sky130_fd_sc_hd__or3_2)
     3    0.01                           _082_ (net)
                  0.10    0.00    2.82 v _135_/A2 (sky130_fd_sc_hd__o21a_1)
                  0.04    0.20    3.02 v _135_/X (sky130_fd_sc_hd__o21a_1)
     1    0.00                           _085_ (net)
                  0.04    0.00    3.02 v _136_/B1 (sky130_fd_sc_hd__o31ai_2)
                  0.28    0.08    3.10 ^ _136_/Y (sky130_fd_sc_hd__o31ai_2)
     3    0.01                           _086_ (net)
                  0.28    0.00    3.10 ^ _201_/A1 (sky130_fd_sc_hd__a31o_1)
                  0.06    0.21    3.31 ^ _201_/X (sky130_fd_sc_hd__a31o_1)
     1    0.00                           _049_ (net)
                  0.06    0.00    3.31 ^ _203_/A (sky130_fd_sc_hd__xnor2_1)
                  0.11    0.11    3.42 ^ _203_/Y (sky130_fd_sc_hd__xnor2_1)
     1    0.00                           net39 (net)
                  0.11    0.00    3.42 ^ output39/A (sky130_fd_sc_hd__clkbuf_4)
                  0.11    0.22    3.64 ^ output39/X (sky130_fd_sc_hd__clkbuf_4)
     1    0.03                           SUM[15] (net)
                  0.11    0.00    3.64 ^ SUM[15] (out)
                                  3.64   data arrival time

                  0.00   10.00   10.00   clock clk (rise edge)
                          0.00   10.00   clock network delay (ideal)
                         -0.25    9.75   clock uncertainty
                          0.00    9.75   clock reconvergence pessimism
                         -2.00    7.75   output external delay
                                  7.75   data required time
-----------------------------------------------------------------------------
                                  7.75   data required time
                                 -3.64   data arrival time
-----------------------------------------------------------------------------
                                  4.11   slack (MET)




===========================================================================
report_checks --slack_max -0.01
============================================================================
======================= Typical Corner ===================================

No paths found.


===========================================================================
 report_check_types -max_slew -max_cap -max_fanout -violators
============================================================================
======================= Typical Corner ===================================



===========================================================================
report_parasitic_annotation -report_unannotated
============================================================================
Found 190 unannotated drivers.
 A[0]
 A[10]
 A[11]
 A[12]
 A[13]
 A[14]
 A[15]
 A[1]
 A[2]
 A[3]
 A[4]
 A[5]
 A[6]
 A[7]
 A[8]
 A[9]
 B[0]
 B[10]
 B[11]
 B[12]
 B[13]
 B[14]
 B[15]
 B[1]
 B[2]
 B[3]
 B[4]
 B[5]
 B[6]
 B[7]
 B[8]
 B[9]
 _094_/Y
 _095_/X
 _096_/Y
 _097_/X
 _098_/X
 _099_/X
 _100_/X
 _101_/Y
 _102_/X
 _103_/X
 _104_/X
 _105_/Y
 _106_/Y
 _107_/X
 _108_/X
 _109_/Y
 _110_/X
 _111_/X
 _112_/X
 _113_/X
 _114_/X
 _115_/X
 _116_/X
 _117_/Y
 _118_/X
 _119_/Y
 _120_/X
 _121_/Y
 _122_/Y
 _123_/X
 _124_/X
 _125_/Y
 _126_/X
 _127_/X
 _128_/X
 _129_/X
 _130_/Y
 _131_/X
 _132_/X
 _133_/X
 _134_/Y
 _135_/X
 _136_/Y
 _137_/Y
 _138_/Y
 _139_/Y
 _140_/Y
 _141_/X
 _142_/Y
 _143_/X
 _144_/Y
 _145_/X
 _146_/Y
 _147_/X
 _148_/X
 _149_/Y
 _150_/Y
 _151_/Y
 _152_/X
 _153_/Y
 _154_/Y
 _155_/X
 _156_/Y
 _157_/Y
 _158_/Y
 _159_/X
 _160_/X
 _161_/Y
 _162_/Y
 _163_/X
 _164_/Y
 _165_/X
 _166_/Y
 _167_/Y
 _168_/X
 _169_/Y
 _170_/Y
 _171_/Y
 _172_/Y
 _173_/Y
 _174_/Y
 _175_/Y
 _176_/Y
 _177_/X
 _178_/X
 _179_/X
 _180_/Y
 _181_/X
 _182_/Y
 _183_/X
 _184_/X
 _185_/X
 _186_/X
 _187_/Y
 _188_/Y
 _189_/Y
 _190_/Y
 _191_/X
 _192_/X
 _193_/X
 _194_/X
 _195_/Y
 _196_/Y
 _197_/X
 _198_/X
 _199_/X
 _200_/X
 _201_/X
 _202_/Y
 _203_/Y
 input1/X
 input10/X
 input11/X
 input12/X
 input13/X
 input14/X
 input15/X
 input16/X
 input17/X
 input18/X
 input19/X
 input2/X
 input20/X
 input21/X
 input22/X
 input23/X
 input24/X
 input25/X
 input26/X
 input27/X
 input28/X
 input29/X
 input3/X
 input30/X
 input31/X
 input32/X
 input4/X
 input5/X
 input6/X
 input7/X
 input8/X
 input9/X
 output33/X
 output34/X
 output35/X
 output36/X
 output37/X
 output38/X
 output39/X
 output40/X
 output41/X
 output42/X
 output43/X
 output44/X
 output45/X
 output46/X
 output47/X
 output48/X
Found 0 partially unannotated drivers.

===========================================================================
max slew violation count 0
max fanout violation count 0
max cap violation count 0
============================================================================

===========================================================================
check_setup -verbose -unconstrained_endpoints -multiple_clock -no_clock -no_input_delay -loops -generated_clocks
===========================================================================
checks_report_end
power_report

===========================================================================
 report_power
============================================================================
======================= Typical Corner ===================================

Group                  Internal  Switching    Leakage      Total
                          Power      Power      Power      Power (Watts)
----------------------------------------------------------------
Sequential             0.00e+00   0.00e+00   0.00e+00   0.00e+00   0.0%
Combinational          3.67e-05   4.55e-05   7.14e-10   8.21e-05 100.0%
Macro                  0.00e+00   0.00e+00   0.00e+00   0.00e+00   0.0%
Pad                    0.00e+00   0.00e+00   0.00e+00   0.00e+00   0.0%
----------------------------------------------------------------
Total                  3.67e-05   4.55e-05   7.14e-10   8.21e-05 100.0%
                          44.6%      55.4%       0.0%

power_report_end
skew_report

===========================================================================
report_clock_skew
============================================================================
Clock clk
No launch/capture paths found.

skew_report_end
summary_report

===========================================================================
report_tns
============================================================================
tns 0.00

===========================================================================
report_wns
============================================================================
wns 0.00

===========================================================================
report_worst_slack -max (Setup)
============================================================================
worst slack 4.11

===========================================================================
report_worst_slack -min (Hold)
============================================================================
worst slack 4.10
summary_report_end
area_report

===========================================================================
report_design_area
============================================================================
Design area 1222 u^2 33% utilization.
area_report_end
[WARNING] Did not save OpenROAD database!
