
===========================================================================
report_checks -unconstrained
===========================================================================
======================= Fastest Corner ===================================

Startpoint: multiplicand[1] (input port clocked by clk)
Endpoint: product[15] (output port clocked by clk)
Path Group: clk
Path Type: max
Corner: Fastest

Fanout     Cap    Slew   Delay    Time   Description
-----------------------------------------------------------------------------
                  0.00    0.00    0.00   clock clk (rise edge)
                          0.00    0.00   clock network delay (ideal)
                          2.00    2.00 v input external delay
                  0.00    0.00    2.00 v multiplicand[1] (in)
     1    0.00                           multiplicand[1] (net)
                  0.00    0.00    2.00 v input2/A (sky130_fd_sc_hd__dlymetal6s2s_1)
                  0.10    0.15    2.15 v input2/X (sky130_fd_sc_hd__dlymetal6s2s_1)
     3    0.03                           net2 (net)
                  0.10    0.00    2.15 v _468_/D (sky130_fd_sc_hd__or4_4)
                  0.06    0.28    2.43 v _468_/X (sky130_fd_sc_hd__or4_4)
     1    0.01                           _387_ (net)
                  0.06    0.00    2.43 v _469_/A (sky130_fd_sc_hd__buf_8)
                  0.03    0.11    2.54 v _469_/X (sky130_fd_sc_hd__buf_8)
     7    0.03                           _395_ (net)
                  0.03    0.00    2.54 v _470_/C (sky130_fd_sc_hd__or3_4)
                  0.07    0.24    2.78 v _470_/X (sky130_fd_sc_hd__or3_4)
     4    0.03                           _402_ (net)
                  0.07    0.00    2.78 v _485_/B (sky130_fd_sc_hd__xor2_4)
                  0.16    0.17    2.95 ^ _485_/X (sky130_fd_sc_hd__xor2_4)
     6    0.02                           _418_ (net)
                  0.16    0.00    2.95 ^ _486_/C (sky130_fd_sc_hd__and3_1)
                  0.07    0.14    3.09 ^ _486_/X (sky130_fd_sc_hd__and3_1)
     2    0.01                           _419_ (net)
                  0.07    0.00    3.09 ^ _489_/A_N (sky130_fd_sc_hd__and2b_1)
                  0.03    0.12    3.21 v _489_/X (sky130_fd_sc_hd__and2b_1)
     1    0.00                           _422_ (net)
                  0.03    0.00    3.21 v _490_/B (sky130_fd_sc_hd__xor2_1)
                  0.03    0.09    3.30 v _490_/X (sky130_fd_sc_hd__xor2_1)
     1    0.00                           _423_ (net)
                  0.03    0.00    3.30 v _492_/A2 (sky130_fd_sc_hd__a21o_1)
                  0.07    0.16    3.46 v _492_/X (sky130_fd_sc_hd__a21o_1)
     3    0.02                           _425_ (net)
                  0.07    0.00    3.46 v _498_/A (sky130_fd_sc_hd__xnor2_2)
                  0.22    0.23    3.69 ^ _498_/Y (sky130_fd_sc_hd__xnor2_2)
     3    0.02                           _431_ (net)
                  0.22    0.00    3.69 ^ _584_/A (sky130_fd_sc_hd__xor2_1)
                  0.07    0.08    3.77 v _584_/X (sky130_fd_sc_hd__xor2_1)
     2    0.01                           _063_ (net)
                  0.07    0.00    3.77 v _587_/A2 (sky130_fd_sc_hd__a211o_1)
                  0.05    0.22    4.00 v _587_/X (sky130_fd_sc_hd__a211o_1)
     3    0.01                           _066_ (net)
                  0.05    0.00    4.00 v _600_/A2 (sky130_fd_sc_hd__a31o_1)
                  0.03    0.14    4.14 v _600_/X (sky130_fd_sc_hd__a31o_1)
     1    0.00                           _079_ (net)
                  0.03    0.00    4.14 v _602_/A2 (sky130_fd_sc_hd__o21a_1)
                  0.07    0.15    4.30 v _602_/X (sky130_fd_sc_hd__o21a_1)
     3    0.02                           _081_ (net)
                  0.07    0.00    4.30 v _604_/A (sky130_fd_sc_hd__xor2_1)
                  0.06    0.13    4.43 v _604_/X (sky130_fd_sc_hd__xor2_1)
     3    0.01                           _083_ (net)
                  0.06    0.00    4.43 v _618_/A1 (sky130_fd_sc_hd__a21o_1)
                  0.05    0.13    4.57 v _618_/X (sky130_fd_sc_hd__a21o_1)
     3    0.01                           _097_ (net)
                  0.05    0.00    4.57 v _692_/A1 (sky130_fd_sc_hd__a21bo_1)
                  0.05    0.13    4.70 v _692_/X (sky130_fd_sc_hd__a21bo_1)
     3    0.01                           _170_ (net)
                  0.05    0.00    4.70 v _694_/A3 (sky130_fd_sc_hd__a31o_1)
                  0.03    0.15    4.85 v _694_/X (sky130_fd_sc_hd__a31o_1)
     1    0.00                           _172_ (net)
                  0.03    0.00    4.85 v _696_/A2 (sky130_fd_sc_hd__o21ai_2)
                  0.14    0.13    4.99 ^ _696_/Y (sky130_fd_sc_hd__o21ai_2)
     4    0.01                           _174_ (net)
                  0.14    0.00    4.99 ^ _698_/A (sky130_fd_sc_hd__xnor2_1)
                  0.06    0.08    5.07 v _698_/Y (sky130_fd_sc_hd__xnor2_1)
     2    0.01                           _176_ (net)
                  0.06    0.00    5.07 v _699_/B (sky130_fd_sc_hd__xor2_1)
                  0.07    0.12    5.18 v _699_/X (sky130_fd_sc_hd__xor2_1)
     3    0.01                           _177_ (net)
                  0.07    0.00    5.18 v _706_/A2 (sky130_fd_sc_hd__a211o_1)
                  0.05    0.23    5.41 v _706_/X (sky130_fd_sc_hd__a211o_1)
     3    0.01                           _184_ (net)
                  0.05    0.00    5.41 v _754_/A1 (sky130_fd_sc_hd__a21bo_1)
                  0.05    0.14    5.55 v _754_/X (sky130_fd_sc_hd__a21bo_1)
     3    0.01                           _231_ (net)
                  0.05    0.00    5.55 v _756_/A3 (sky130_fd_sc_hd__a31o_1)
                  0.03    0.14    5.69 v _756_/X (sky130_fd_sc_hd__a31o_1)
     1    0.00                           _233_ (net)
                  0.03    0.00    5.69 v _758_/A2 (sky130_fd_sc_hd__o21a_1)
                  0.07    0.15    5.84 v _758_/X (sky130_fd_sc_hd__o21a_1)
     3    0.02                           _235_ (net)
                  0.07    0.00    5.84 v _760_/A (sky130_fd_sc_hd__xor2_1)
                  0.06    0.13    5.98 v _760_/X (sky130_fd_sc_hd__xor2_1)
     3    0.01                           _237_ (net)
                  0.06    0.00    5.98 v _805_/A1 (sky130_fd_sc_hd__a21o_1)
                  0.04    0.13    6.11 v _805_/X (sky130_fd_sc_hd__a21o_1)
     2    0.01                           _286_ (net)
                  0.04    0.00    6.11 v _841_/A2 (sky130_fd_sc_hd__a21o_1)
                  0.04    0.14    6.25 v _841_/X (sky130_fd_sc_hd__a21o_1)
     2    0.01                           _325_ (net)
                  0.04    0.00    6.25 v _869_/A2 (sky130_fd_sc_hd__a21o_1)
                  0.05    0.15    6.40 v _869_/X (sky130_fd_sc_hd__a21o_1)
     3    0.01                           _354_ (net)
                  0.05    0.00    6.40 v _889_/A2 (sky130_fd_sc_hd__a21o_1)
                  0.05    0.15    6.55 v _889_/X (sky130_fd_sc_hd__a21o_1)
     2    0.01                           _375_ (net)
                  0.05    0.00    6.55 v _900_/A2 (sky130_fd_sc_hd__a21o_1)
                  0.04    0.14    6.69 v _900_/X (sky130_fd_sc_hd__a21o_1)
     3    0.01                           _386_ (net)
                  0.04    0.00    6.69 v _907_/A2 (sky130_fd_sc_hd__a211o_1)
                  0.03    0.19    6.88 v _907_/X (sky130_fd_sc_hd__a211o_1)
     1    0.00                           _393_ (net)
                  0.03    0.00    6.88 v _908_/A3 (sky130_fd_sc_hd__a31o_1)
                  0.06    0.18    7.06 v _908_/X (sky130_fd_sc_hd__a31o_1)
     1    0.01                           net23 (net)
                  0.06    0.00    7.06 v output23/A (sky130_fd_sc_hd__buf_6)
                  0.03    0.11    7.17 v output23/X (sky130_fd_sc_hd__buf_6)
     1    0.03                           product[15] (net)
                  0.03    0.00    7.17 v product[15] (out)
                                  7.17   data arrival time

                  0.00   10.00   10.00   clock clk (rise edge)
                          0.00   10.00   clock network delay (ideal)
                         -0.25    9.75   clock uncertainty
                          0.00    9.75   clock reconvergence pessimism
                         -2.00    7.75   output external delay
                                  7.75   data required time
-----------------------------------------------------------------------------
                                  7.75   data required time
                                 -7.17   data arrival time
-----------------------------------------------------------------------------
                                  0.58   slack (MET)



======================= Slowest Corner ===================================

Startpoint: multiplicand[1] (input port clocked by clk)
Endpoint: product[14] (output port clocked by clk)
Path Group: clk
Path Type: max
Corner: Slowest

Fanout     Cap    Slew   Delay    Time   Description
-----------------------------------------------------------------------------
                  0.00    0.00    0.00   clock clk (rise edge)
                          0.00    0.00   clock network delay (ideal)
                          2.00    2.00 v input external delay
                  0.02    0.01    2.01 v multiplicand[1] (in)
     1    0.00                           multiplicand[1] (net)
                  0.02    0.00    2.01 v input2/A (sky130_fd_sc_hd__dlymetal6s2s_1)
                  0.28    0.45    2.46 v input2/X (sky130_fd_sc_hd__dlymetal6s2s_1)
     3    0.03                           net2 (net)
                  0.28    0.00    2.46 v _468_/D (sky130_fd_sc_hd__or4_4)
                  0.17    0.97    3.43 v _468_/X (sky130_fd_sc_hd__or4_4)
     1    0.01                           _387_ (net)
                  0.17    0.00    3.43 v _469_/A (sky130_fd_sc_hd__buf_8)
                  0.07    0.30    3.73 v _469_/X (sky130_fd_sc_hd__buf_8)
     7    0.03                           _395_ (net)
                  0.07    0.00    3.73 v _475_/B (sky130_fd_sc_hd__xor2_4)
                  0.28    0.39    4.13 v _475_/X (sky130_fd_sc_hd__xor2_4)
     9    0.05                           _408_ (net)
                  0.28    0.00    4.13 v _479_/A1 (sky130_fd_sc_hd__mux2_1)
                  0.17    0.85    4.98 v _479_/X (sky130_fd_sc_hd__mux2_1)
     1    0.01                           _412_ (net)
                  0.17    0.00    4.98 v _480_/B (sky130_fd_sc_hd__xnor2_2)
                  0.14    0.33    5.31 v _480_/Y (sky130_fd_sc_hd__xnor2_2)
     3    0.01                           _413_ (net)
                  0.14    0.00    5.31 v _499_/A (sky130_fd_sc_hd__and2_1)
                  0.09    0.34    5.65 v _499_/X (sky130_fd_sc_hd__and2_1)
     1    0.00                           _432_ (net)
                  0.09    0.00    5.65 v _501_/B1 (sky130_fd_sc_hd__o2bb2a_4)
                  0.11    0.49    6.14 v _501_/X (sky130_fd_sc_hd__o2bb2a_4)
     4    0.02                           _434_ (net)
                  0.11    0.00    6.14 v _509_/A (sky130_fd_sc_hd__xnor2_2)
                  0.14    0.30    6.44 v _509_/Y (sky130_fd_sc_hd__xnor2_2)
     4    0.01                           _442_ (net)
                  0.14    0.00    6.45 v rebuffer8/A (sky130_fd_sc_hd__dlygate4sd1_1)
                  0.11    0.59    7.03 v rebuffer8/X (sky130_fd_sc_hd__dlygate4sd1_1)
     1    0.01                           net57 (net)
                  0.11    0.00    7.03 v _574_/A (sky130_fd_sc_hd__xnor2_2)
                  0.11    0.28    7.32 v _574_/Y (sky130_fd_sc_hd__xnor2_2)
     2    0.01                           _053_ (net)
                  0.11    0.00    7.32 v _576_/A2 (sky130_fd_sc_hd__a211o_1)
                  0.14    0.65    7.97 v _576_/X (sky130_fd_sc_hd__a211o_1)
     3    0.01                           _055_ (net)
                  0.14    0.00    7.97 v _577_/B1_N (sky130_fd_sc_hd__a21bo_1)
                  0.18    0.49    8.46 ^ _577_/X (sky130_fd_sc_hd__a21bo_1)
     3    0.01                           _056_ (net)
                  0.18    0.00    8.46 ^ _600_/A1 (sky130_fd_sc_hd__a31o_1)
                  0.09    0.34    8.79 ^ _600_/X (sky130_fd_sc_hd__a31o_1)
     1    0.00                           _079_ (net)
                  0.09    0.00    8.79 ^ _602_/A2 (sky130_fd_sc_hd__o21a_1)
                  0.29    0.40    9.19 ^ _602_/X (sky130_fd_sc_hd__o21a_1)
     3    0.02                           _081_ (net)
                  0.29    0.00    9.19 ^ _604_/A (sky130_fd_sc_hd__xor2_1)
                  0.37    0.47    9.66 ^ _604_/X (sky130_fd_sc_hd__xor2_1)
     3    0.01                           _083_ (net)
                  0.37    0.00    9.66 ^ _629_/A (sky130_fd_sc_hd__nor2_1)
                  0.09    0.20    9.86 v _629_/Y (sky130_fd_sc_hd__nor2_1)
     1    0.00                           _108_ (net)
                  0.09    0.00    9.86 v _631_/B1 (sky130_fd_sc_hd__o22a_1)
                  0.15    0.45   10.31 v _631_/X (sky130_fd_sc_hd__o22a_1)
     3    0.01                           _110_ (net)
                  0.15    0.00   10.31 v _633_/A (sky130_fd_sc_hd__xnor2_1)
                  0.30    0.38   10.69 ^ _633_/Y (sky130_fd_sc_hd__xnor2_1)
     2    0.01                           _112_ (net)
                  0.30    0.00   10.69 ^ _640_/A1 (sky130_fd_sc_hd__o21ai_1)
                  0.20    0.33   11.01 v _640_/Y (sky130_fd_sc_hd__o21ai_1)
     2    0.01                           _119_ (net)
                  0.20    0.00   11.01 v _670_/A2 (sky130_fd_sc_hd__a21o_1)
                  0.12    0.46   11.47 v _670_/X (sky130_fd_sc_hd__a21o_1)
     2    0.01                           _148_ (net)
                  0.12    0.00   11.47 v _699_/A (sky130_fd_sc_hd__xor2_1)
                  0.19    0.38   11.85 v _699_/X (sky130_fd_sc_hd__xor2_1)
     3    0.01                           _177_ (net)
                  0.19    0.00   11.85 v _706_/A2 (sky130_fd_sc_hd__a211o_1)
                  0.14    0.68   12.53 v _706_/X (sky130_fd_sc_hd__a211o_1)
     3    0.01                           _184_ (net)
                  0.14    0.00   12.53 v _754_/A1 (sky130_fd_sc_hd__a21bo_1)
                  0.12    0.41   12.94 v _754_/X (sky130_fd_sc_hd__a21bo_1)
     3    0.01                           _231_ (net)
                  0.12    0.00   12.94 v _795_/A2 (sky130_fd_sc_hd__a21bo_1)
                  0.11    0.43   13.37 v _795_/X (sky130_fd_sc_hd__a21bo_1)
     3    0.01                           _275_ (net)
                  0.11    0.00   13.37 v _831_/A2 (sky130_fd_sc_hd__a21bo_1)
                  0.09    0.40   13.77 v _831_/X (sky130_fd_sc_hd__a21bo_1)
     2    0.01                           _314_ (net)
                  0.09    0.00   13.77 v _833_/C (sky130_fd_sc_hd__and3_1)
                  0.09    0.41   14.18 v _833_/X (sky130_fd_sc_hd__and3_1)
     2    0.00                           _316_ (net)
                  0.09    0.00   14.18 v _860_/B1 (sky130_fd_sc_hd__a21o_1)
                  0.14    0.39   14.57 v _860_/X (sky130_fd_sc_hd__a21o_1)
     3    0.01                           _344_ (net)
                  0.14    0.00   14.57 v _861_/B (sky130_fd_sc_hd__xnor2_1)
                  0.17    0.31   14.88 v _861_/Y (sky130_fd_sc_hd__xnor2_1)
     3    0.01                           _346_ (net)
                  0.17    0.00   14.88 v _867_/A2 (sky130_fd_sc_hd__a211o_1)
                  0.11    0.64   15.53 v _867_/X (sky130_fd_sc_hd__a211o_1)
     2    0.01                           _352_ (net)
                  0.11    0.00   15.53 v _889_/A1 (sky130_fd_sc_hd__a21o_1)
                  0.12    0.38   15.91 v _889_/X (sky130_fd_sc_hd__a21o_1)
     2    0.01                           _375_ (net)
                  0.12    0.00   15.91 v _900_/A2 (sky130_fd_sc_hd__a21o_1)
                  0.11    0.40   16.31 v _900_/X (sky130_fd_sc_hd__a21o_1)
     3    0.01                           _386_ (net)
                  0.11    0.00   16.31 v _901_/B (sky130_fd_sc_hd__or2_1)
                  0.10    0.50   16.81 v _901_/X (sky130_fd_sc_hd__or2_1)
     1    0.00                           _388_ (net)
                  0.10    0.00   16.81 v _904_/A2 (sky130_fd_sc_hd__a31o_1)
                  0.22    0.56   17.37 v _904_/X (sky130_fd_sc_hd__a31o_1)
     1    0.02                           net22 (net)
                  0.22    0.00   17.37 v output22/A (sky130_fd_sc_hd__buf_6)
                  0.08    0.34   17.71 v output22/X (sky130_fd_sc_hd__buf_6)
     1    0.03                           product[14] (net)
                  0.08    0.00   17.71 v product[14] (out)
                                 17.71   data arrival time

                  0.00   10.00   10.00   clock clk (rise edge)
                          0.00   10.00   clock network delay (ideal)
                         -0.25    9.75   clock uncertainty
                          0.00    9.75   clock reconvergence pessimism
                         -2.00    7.75   output external delay
                                  7.75   data required time
-----------------------------------------------------------------------------
                                  7.75   data required time
                                -17.71   data arrival time
-----------------------------------------------------------------------------
                                 -9.96   slack (VIOLATED)



======================= Typical Corner ===================================

Startpoint: multiplicand[1] (input port clocked by clk)
Endpoint: product[15] (output port clocked by clk)
Path Group: clk
Path Type: max
Corner: Typical

Fanout     Cap    Slew   Delay    Time   Description
-----------------------------------------------------------------------------
                  0.00    0.00    0.00   clock clk (rise edge)
                          0.00    0.00   clock network delay (ideal)
                          2.00    2.00 v input external delay
                  0.01    0.00    2.00 v multiplicand[1] (in)
     1    0.00                           multiplicand[1] (net)
                  0.01    0.00    2.00 v input2/A (sky130_fd_sc_hd__dlymetal6s2s_1)
                  0.14    0.22    2.23 v input2/X (sky130_fd_sc_hd__dlymetal6s2s_1)
     3    0.03                           net2 (net)
                  0.14    0.00    2.23 v _468_/D (sky130_fd_sc_hd__or4_4)
                  0.09    0.47    2.70 v _468_/X (sky130_fd_sc_hd__or4_4)
     1    0.01                           _387_ (net)
                  0.09    0.00    2.70 v _469_/A (sky130_fd_sc_hd__buf_8)
                  0.04    0.16    2.86 v _469_/X (sky130_fd_sc_hd__buf_8)
     7    0.03                           _395_ (net)
                  0.04    0.00    2.86 v _470_/C (sky130_fd_sc_hd__or3_4)
                  0.10    0.39    3.26 v _470_/X (sky130_fd_sc_hd__or3_4)
     4    0.03                           _402_ (net)
                  0.10    0.00    3.26 v _485_/B (sky130_fd_sc_hd__xor2_4)
                  0.08    0.20    3.46 v _485_/X (sky130_fd_sc_hd__xor2_4)
     6    0.02                           _418_ (net)
                  0.08    0.00    3.46 v _488_/B1 (sky130_fd_sc_hd__a221o_1)
                  0.08    0.35    3.81 v _488_/X (sky130_fd_sc_hd__a221o_1)
     2    0.01                           _421_ (net)
                  0.08    0.00    3.81 v _489_/B (sky130_fd_sc_hd__and2b_1)
                  0.04    0.18    3.99 v _489_/X (sky130_fd_sc_hd__and2b_1)
     1    0.00                           _422_ (net)
                  0.04    0.00    3.99 v _490_/B (sky130_fd_sc_hd__xor2_1)
                  0.04    0.14    4.13 v _490_/X (sky130_fd_sc_hd__xor2_1)
     1    0.00                           _423_ (net)
                  0.04    0.00    4.13 v _492_/A2 (sky130_fd_sc_hd__a21o_1)
                  0.10    0.25    4.38 v _492_/X (sky130_fd_sc_hd__a21o_1)
     3    0.02                           _425_ (net)
                  0.10    0.00    4.39 v _498_/A (sky130_fd_sc_hd__xnor2_2)
                  0.29    0.32    4.70 ^ _498_/Y (sky130_fd_sc_hd__xnor2_2)
     3    0.02                           _431_ (net)
                  0.29    0.00    4.70 ^ _578_/A3 (sky130_fd_sc_hd__a31oi_1)
                  0.07    0.13    4.84 v _578_/Y (sky130_fd_sc_hd__a31oi_1)
     1    0.00                           _057_ (net)
                  0.07    0.00    4.84 v _583_/A2 (sky130_fd_sc_hd__a211o_1)
                  0.07    0.34    5.18 v _583_/X (sky130_fd_sc_hd__a211o_1)
     2    0.01                           _062_ (net)
                  0.07    0.00    5.18 v rebuffer18/A (sky130_fd_sc_hd__buf_1)
                  0.06    0.13    5.31 v rebuffer18/X (sky130_fd_sc_hd__buf_1)
     2    0.01                           net50 (net)
                  0.06    0.00    5.31 v _599_/A2 (sky130_fd_sc_hd__a21oi_1)
                  0.11    0.15    5.46 ^ _599_/Y (sky130_fd_sc_hd__a21oi_1)
     1    0.00                           _078_ (net)
                  0.11    0.00    5.46 ^ _602_/A1 (sky130_fd_sc_hd__o21a_1)
                  0.18    0.25    5.71 ^ _602_/X (sky130_fd_sc_hd__o21a_1)
     3    0.02                           _081_ (net)
                  0.18    0.00    5.71 ^ _604_/A (sky130_fd_sc_hd__xor2_1)
                  0.22    0.25    5.96 ^ _604_/X (sky130_fd_sc_hd__xor2_1)
     3    0.01                           _083_ (net)
                  0.22    0.00    5.96 ^ _629_/A (sky130_fd_sc_hd__nor2_1)
                  0.06    0.08    6.04 v _629_/Y (sky130_fd_sc_hd__nor2_1)
     1    0.00                           _108_ (net)
                  0.06    0.00    6.04 v _631_/B1 (sky130_fd_sc_hd__o22a_1)
                  0.08    0.23    6.27 v _631_/X (sky130_fd_sc_hd__o22a_1)
     3    0.01                           _110_ (net)
                  0.08    0.00    6.27 v _633_/A (sky130_fd_sc_hd__xnor2_1)
                  0.19    0.22    6.49 ^ _633_/Y (sky130_fd_sc_hd__xnor2_1)
     2    0.01                           _112_ (net)
                  0.19    0.00    6.49 ^ _640_/A1 (sky130_fd_sc_hd__o21ai_1)
                  0.10    0.15    6.64 v _640_/Y (sky130_fd_sc_hd__o21ai_1)
     2    0.01                           _119_ (net)
                  0.10    0.00    6.64 v _670_/A2 (sky130_fd_sc_hd__a21o_1)
                  0.06    0.24    6.88 v _670_/X (sky130_fd_sc_hd__a21o_1)
     2    0.01                           _148_ (net)
                  0.06    0.00    6.88 v _699_/A (sky130_fd_sc_hd__xor2_1)
                  0.10    0.20    7.08 v _699_/X (sky130_fd_sc_hd__xor2_1)
     3    0.01                           _177_ (net)
                  0.10    0.00    7.08 v _706_/A2 (sky130_fd_sc_hd__a211o_1)
                  0.08    0.36    7.43 v _706_/X (sky130_fd_sc_hd__a211o_1)
     3    0.01                           _184_ (net)
                  0.08    0.00    7.43 v _754_/A1 (sky130_fd_sc_hd__a21bo_1)
                  0.06    0.22    7.65 v _754_/X (sky130_fd_sc_hd__a21bo_1)
     3    0.01                           _231_ (net)
                  0.06    0.00    7.65 v _795_/A2 (sky130_fd_sc_hd__a21bo_1)
                  0.06    0.23    7.88 v _795_/X (sky130_fd_sc_hd__a21bo_1)
     3    0.01                           _275_ (net)
                  0.06    0.00    7.88 v _831_/A2 (sky130_fd_sc_hd__a21bo_1)
                  0.05    0.22    8.10 v _831_/X (sky130_fd_sc_hd__a21bo_1)
     2    0.01                           _314_ (net)
                  0.05    0.00    8.10 v _833_/C (sky130_fd_sc_hd__and3_1)
                  0.05    0.20    8.29 v _833_/X (sky130_fd_sc_hd__and3_1)
     2    0.00                           _316_ (net)
                  0.05    0.00    8.29 v _860_/B1 (sky130_fd_sc_hd__a21o_1)
                  0.08    0.21    8.50 v _860_/X (sky130_fd_sc_hd__a21o_1)
     3    0.01                           _344_ (net)
                  0.08    0.00    8.50 v _861_/B (sky130_fd_sc_hd__xnor2_1)
                  0.09    0.17    8.67 v _861_/Y (sky130_fd_sc_hd__xnor2_1)
     3    0.01                           _346_ (net)
                  0.09    0.00    8.67 v _867_/A2 (sky130_fd_sc_hd__a211o_1)
                  0.06    0.33    9.00 v _867_/X (sky130_fd_sc_hd__a211o_1)
     2    0.01                           _352_ (net)
                  0.06    0.00    9.00 v _889_/A1 (sky130_fd_sc_hd__a21o_1)
                  0.06    0.20    9.20 v _889_/X (sky130_fd_sc_hd__a21o_1)
     2    0.01                           _375_ (net)
                  0.06    0.00    9.20 v _900_/A2 (sky130_fd_sc_hd__a21o_1)
                  0.06    0.22    9.42 v _900_/X (sky130_fd_sc_hd__a21o_1)
     3    0.01                           _386_ (net)
                  0.06    0.00    9.42 v _907_/A2 (sky130_fd_sc_hd__a211o_1)
                  0.05    0.30    9.72 v _907_/X (sky130_fd_sc_hd__a211o_1)
     1    0.00                           _393_ (net)
                  0.05    0.00    9.72 v _908_/A3 (sky130_fd_sc_hd__a31o_1)
                  0.08    0.27   10.00 v _908_/X (sky130_fd_sc_hd__a31o_1)
     1    0.01                           net23 (net)
                  0.08    0.00   10.00 v output23/A (sky130_fd_sc_hd__buf_6)
                  0.04    0.16   10.16 v output23/X (sky130_fd_sc_hd__buf_6)
     1    0.03                           product[15] (net)
                  0.04    0.00   10.16 v product[15] (out)
                                 10.16   data arrival time

                  0.00   10.00   10.00   clock clk (rise edge)
                          0.00   10.00   clock network delay (ideal)
                         -0.25    9.75   clock uncertainty
                          0.00    9.75   clock reconvergence pessimism
                         -2.00    7.75   output external delay
                                  7.75   data required time
-----------------------------------------------------------------------------
                                  7.75   data required time
                                -10.16   data arrival time
-----------------------------------------------------------------------------
                                 -2.41   slack (VIOLATED)




===========================================================================
report_checks --slack_max -0.01
============================================================================
======================= Fastest Corner ===================================

No paths found.

======================= Slowest Corner ===================================

Startpoint: multiplicand[1] (input port clocked by clk)
Endpoint: product[14] (output port clocked by clk)
Path Group: clk
Path Type: max
Corner: Slowest

Fanout     Cap    Slew   Delay    Time   Description
-----------------------------------------------------------------------------
                  0.00    0.00    0.00   clock clk (rise edge)
                          0.00    0.00   clock network delay (ideal)
                          2.00    2.00 v input external delay
                  0.02    0.01    2.01 v multiplicand[1] (in)
     1    0.00                           multiplicand[1] (net)
                  0.02    0.00    2.01 v input2/A (sky130_fd_sc_hd__dlymetal6s2s_1)
                  0.28    0.45    2.46 v input2/X (sky130_fd_sc_hd__dlymetal6s2s_1)
     3    0.03                           net2 (net)
                  0.28    0.00    2.46 v _468_/D (sky130_fd_sc_hd__or4_4)
                  0.17    0.97    3.43 v _468_/X (sky130_fd_sc_hd__or4_4)
     1    0.01                           _387_ (net)
                  0.17    0.00    3.43 v _469_/A (sky130_fd_sc_hd__buf_8)
                  0.07    0.30    3.73 v _469_/X (sky130_fd_sc_hd__buf_8)
     7    0.03                           _395_ (net)
                  0.07    0.00    3.73 v _475_/B (sky130_fd_sc_hd__xor2_4)
                  0.28    0.39    4.13 v _475_/X (sky130_fd_sc_hd__xor2_4)
     9    0.05                           _408_ (net)
                  0.28    0.00    4.13 v _479_/A1 (sky130_fd_sc_hd__mux2_1)
                  0.17    0.85    4.98 v _479_/X (sky130_fd_sc_hd__mux2_1)
     1    0.01                           _412_ (net)
                  0.17    0.00    4.98 v _480_/B (sky130_fd_sc_hd__xnor2_2)
                  0.14    0.33    5.31 v _480_/Y (sky130_fd_sc_hd__xnor2_2)
     3    0.01                           _413_ (net)
                  0.14    0.00    5.31 v _499_/A (sky130_fd_sc_hd__and2_1)
                  0.09    0.34    5.65 v _499_/X (sky130_fd_sc_hd__and2_1)
     1    0.00                           _432_ (net)
                  0.09    0.00    5.65 v _501_/B1 (sky130_fd_sc_hd__o2bb2a_4)
                  0.11    0.49    6.14 v _501_/X (sky130_fd_sc_hd__o2bb2a_4)
     4    0.02                           _434_ (net)
                  0.11    0.00    6.14 v _509_/A (sky130_fd_sc_hd__xnor2_2)
                  0.14    0.30    6.44 v _509_/Y (sky130_fd_sc_hd__xnor2_2)
     4    0.01                           _442_ (net)
                  0.14    0.00    6.45 v rebuffer8/A (sky130_fd_sc_hd__dlygate4sd1_1)
                  0.11    0.59    7.03 v rebuffer8/X (sky130_fd_sc_hd__dlygate4sd1_1)
     1    0.01                           net57 (net)
                  0.11    0.00    7.03 v _574_/A (sky130_fd_sc_hd__xnor2_2)
                  0.11    0.28    7.32 v _574_/Y (sky130_fd_sc_hd__xnor2_2)
     2    0.01                           _053_ (net)
                  0.11    0.00    7.32 v _576_/A2 (sky130_fd_sc_hd__a211o_1)
                  0.14    0.65    7.97 v _576_/X (sky130_fd_sc_hd__a211o_1)
     3    0.01                           _055_ (net)
                  0.14    0.00    7.97 v _577_/B1_N (sky130_fd_sc_hd__a21bo_1)
                  0.18    0.49    8.46 ^ _577_/X (sky130_fd_sc_hd__a21bo_1)
     3    0.01                           _056_ (net)
                  0.18    0.00    8.46 ^ _600_/A1 (sky130_fd_sc_hd__a31o_1)
                  0.09    0.34    8.79 ^ _600_/X (sky130_fd_sc_hd__a31o_1)
     1    0.00                           _079_ (net)
                  0.09    0.00    8.79 ^ _602_/A2 (sky130_fd_sc_hd__o21a_1)
                  0.29    0.40    9.19 ^ _602_/X (sky130_fd_sc_hd__o21a_1)
     3    0.02                           _081_ (net)
                  0.29    0.00    9.19 ^ _604_/A (sky130_fd_sc_hd__xor2_1)
                  0.37    0.47    9.66 ^ _604_/X (sky130_fd_sc_hd__xor2_1)
     3    0.01                           _083_ (net)
                  0.37    0.00    9.66 ^ _629_/A (sky130_fd_sc_hd__nor2_1)
                  0.09    0.20    9.86 v _629_/Y (sky130_fd_sc_hd__nor2_1)
     1    0.00                           _108_ (net)
                  0.09    0.00    9.86 v _631_/B1 (sky130_fd_sc_hd__o22a_1)
                  0.15    0.45   10.31 v _631_/X (sky130_fd_sc_hd__o22a_1)
     3    0.01                           _110_ (net)
                  0.15    0.00   10.31 v _633_/A (sky130_fd_sc_hd__xnor2_1)
                  0.30    0.38   10.69 ^ _633_/Y (sky130_fd_sc_hd__xnor2_1)
     2    0.01                           _112_ (net)
                  0.30    0.00   10.69 ^ _640_/A1 (sky130_fd_sc_hd__o21ai_1)
                  0.20    0.33   11.01 v _640_/Y (sky130_fd_sc_hd__o21ai_1)
     2    0.01                           _119_ (net)
                  0.20    0.00   11.01 v _670_/A2 (sky130_fd_sc_hd__a21o_1)
                  0.12    0.46   11.47 v _670_/X (sky130_fd_sc_hd__a21o_1)
     2    0.01                           _148_ (net)
                  0.12    0.00   11.47 v _699_/A (sky130_fd_sc_hd__xor2_1)
                  0.19    0.38   11.85 v _699_/X (sky130_fd_sc_hd__xor2_1)
     3    0.01                           _177_ (net)
                  0.19    0.00   11.85 v _706_/A2 (sky130_fd_sc_hd__a211o_1)
                  0.14    0.68   12.53 v _706_/X (sky130_fd_sc_hd__a211o_1)
     3    0.01                           _184_ (net)
                  0.14    0.00   12.53 v _754_/A1 (sky130_fd_sc_hd__a21bo_1)
                  0.12    0.41   12.94 v _754_/X (sky130_fd_sc_hd__a21bo_1)
     3    0.01                           _231_ (net)
                  0.12    0.00   12.94 v _795_/A2 (sky130_fd_sc_hd__a21bo_1)
                  0.11    0.43   13.37 v _795_/X (sky130_fd_sc_hd__a21bo_1)
     3    0.01                           _275_ (net)
                  0.11    0.00   13.37 v _831_/A2 (sky130_fd_sc_hd__a21bo_1)
                  0.09    0.40   13.77 v _831_/X (sky130_fd_sc_hd__a21bo_1)
     2    0.01                           _314_ (net)
                  0.09    0.00   13.77 v _833_/C (sky130_fd_sc_hd__and3_1)
                  0.09    0.41   14.18 v _833_/X (sky130_fd_sc_hd__and3_1)
     2    0.00                           _316_ (net)
                  0.09    0.00   14.18 v _860_/B1 (sky130_fd_sc_hd__a21o_1)
                  0.14    0.39   14.57 v _860_/X (sky130_fd_sc_hd__a21o_1)
     3    0.01                           _344_ (net)
                  0.14    0.00   14.57 v _861_/B (sky130_fd_sc_hd__xnor2_1)
                  0.17    0.31   14.88 v _861_/Y (sky130_fd_sc_hd__xnor2_1)
     3    0.01                           _346_ (net)
                  0.17    0.00   14.88 v _867_/A2 (sky130_fd_sc_hd__a211o_1)
                  0.11    0.64   15.53 v _867_/X (sky130_fd_sc_hd__a211o_1)
     2    0.01                           _352_ (net)
                  0.11    0.00   15.53 v _889_/A1 (sky130_fd_sc_hd__a21o_1)
                  0.12    0.38   15.91 v _889_/X (sky130_fd_sc_hd__a21o_1)
     2    0.01                           _375_ (net)
                  0.12    0.00   15.91 v _900_/A2 (sky130_fd_sc_hd__a21o_1)
                  0.11    0.40   16.31 v _900_/X (sky130_fd_sc_hd__a21o_1)
     3    0.01                           _386_ (net)
                  0.11    0.00   16.31 v _901_/B (sky130_fd_sc_hd__or2_1)
                  0.10    0.50   16.81 v _901_/X (sky130_fd_sc_hd__or2_1)
     1    0.00                           _388_ (net)
                  0.10    0.00   16.81 v _904_/A2 (sky130_fd_sc_hd__a31o_1)
                  0.22    0.56   17.37 v _904_/X (sky130_fd_sc_hd__a31o_1)
     1    0.02                           net22 (net)
                  0.22    0.00   17.37 v output22/A (sky130_fd_sc_hd__buf_6)
                  0.08    0.34   17.71 v output22/X (sky130_fd_sc_hd__buf_6)
     1    0.03                           product[14] (net)
                  0.08    0.00   17.71 v product[14] (out)
                                 17.71   data arrival time

                  0.00   10.00   10.00   clock clk (rise edge)
                          0.00   10.00   clock network delay (ideal)
                         -0.25    9.75   clock uncertainty
                          0.00    9.75   clock reconvergence pessimism
                         -2.00    7.75   output external delay
                                  7.75   data required time
-----------------------------------------------------------------------------
                                  7.75   data required time
                                -17.71   data arrival time
-----------------------------------------------------------------------------
                                 -9.96   slack (VIOLATED)



======================= Typical Corner ===================================

Startpoint: multiplicand[1] (input port clocked by clk)
Endpoint: product[15] (output port clocked by clk)
Path Group: clk
Path Type: max
Corner: Typical

Fanout     Cap    Slew   Delay    Time   Description
-----------------------------------------------------------------------------
                  0.00    0.00    0.00   clock clk (rise edge)
                          0.00    0.00   clock network delay (ideal)
                          2.00    2.00 v input external delay
                  0.01    0.00    2.00 v multiplicand[1] (in)
     1    0.00                           multiplicand[1] (net)
                  0.01    0.00    2.00 v input2/A (sky130_fd_sc_hd__dlymetal6s2s_1)
                  0.14    0.22    2.23 v input2/X (sky130_fd_sc_hd__dlymetal6s2s_1)
     3    0.03                           net2 (net)
                  0.14    0.00    2.23 v _468_/D (sky130_fd_sc_hd__or4_4)
                  0.09    0.47    2.70 v _468_/X (sky130_fd_sc_hd__or4_4)
     1    0.01                           _387_ (net)
                  0.09    0.00    2.70 v _469_/A (sky130_fd_sc_hd__buf_8)
                  0.04    0.16    2.86 v _469_/X (sky130_fd_sc_hd__buf_8)
     7    0.03                           _395_ (net)
                  0.04    0.00    2.86 v _470_/C (sky130_fd_sc_hd__or3_4)
                  0.10    0.39    3.26 v _470_/X (sky130_fd_sc_hd__or3_4)
     4    0.03                           _402_ (net)
                  0.10    0.00    3.26 v _485_/B (sky130_fd_sc_hd__xor2_4)
                  0.08    0.20    3.46 v _485_/X (sky130_fd_sc_hd__xor2_4)
     6    0.02                           _418_ (net)
                  0.08    0.00    3.46 v _488_/B1 (sky130_fd_sc_hd__a221o_1)
                  0.08    0.35    3.81 v _488_/X (sky130_fd_sc_hd__a221o_1)
     2    0.01                           _421_ (net)
                  0.08    0.00    3.81 v _489_/B (sky130_fd_sc_hd__and2b_1)
                  0.04    0.18    3.99 v _489_/X (sky130_fd_sc_hd__and2b_1)
     1    0.00                           _422_ (net)
                  0.04    0.00    3.99 v _490_/B (sky130_fd_sc_hd__xor2_1)
                  0.04    0.14    4.13 v _490_/X (sky130_fd_sc_hd__xor2_1)
     1    0.00                           _423_ (net)
                  0.04    0.00    4.13 v _492_/A2 (sky130_fd_sc_hd__a21o_1)
                  0.10    0.25    4.38 v _492_/X (sky130_fd_sc_hd__a21o_1)
     3    0.02                           _425_ (net)
                  0.10    0.00    4.39 v _498_/A (sky130_fd_sc_hd__xnor2_2)
                  0.29    0.32    4.70 ^ _498_/Y (sky130_fd_sc_hd__xnor2_2)
     3    0.02                           _431_ (net)
                  0.29    0.00    4.70 ^ _578_/A3 (sky130_fd_sc_hd__a31oi_1)
                  0.07    0.13    4.84 v _578_/Y (sky130_fd_sc_hd__a31oi_1)
     1    0.00                           _057_ (net)
                  0.07    0.00    4.84 v _583_/A2 (sky130_fd_sc_hd__a211o_1)
                  0.07    0.34    5.18 v _583_/X (sky130_fd_sc_hd__a211o_1)
     2    0.01                           _062_ (net)
                  0.07    0.00    5.18 v rebuffer18/A (sky130_fd_sc_hd__buf_1)
                  0.06    0.13    5.31 v rebuffer18/X (sky130_fd_sc_hd__buf_1)
     2    0.01                           net50 (net)
                  0.06    0.00    5.31 v _599_/A2 (sky130_fd_sc_hd__a21oi_1)
                  0.11    0.15    5.46 ^ _599_/Y (sky130_fd_sc_hd__a21oi_1)
     1    0.00                           _078_ (net)
                  0.11    0.00    5.46 ^ _602_/A1 (sky130_fd_sc_hd__o21a_1)
                  0.18    0.25    5.71 ^ _602_/X (sky130_fd_sc_hd__o21a_1)
     3    0.02                           _081_ (net)
                  0.18    0.00    5.71 ^ _604_/A (sky130_fd_sc_hd__xor2_1)
                  0.22    0.25    5.96 ^ _604_/X (sky130_fd_sc_hd__xor2_1)
     3    0.01                           _083_ (net)
                  0.22    0.00    5.96 ^ _629_/A (sky130_fd_sc_hd__nor2_1)
                  0.06    0.08    6.04 v _629_/Y (sky130_fd_sc_hd__nor2_1)
     1    0.00                           _108_ (net)
                  0.06    0.00    6.04 v _631_/B1 (sky130_fd_sc_hd__o22a_1)
                  0.08    0.23    6.27 v _631_/X (sky130_fd_sc_hd__o22a_1)
     3    0.01                           _110_ (net)
                  0.08    0.00    6.27 v _633_/A (sky130_fd_sc_hd__xnor2_1)
                  0.19    0.22    6.49 ^ _633_/Y (sky130_fd_sc_hd__xnor2_1)
     2    0.01                           _112_ (net)
                  0.19    0.00    6.49 ^ _640_/A1 (sky130_fd_sc_hd__o21ai_1)
                  0.10    0.15    6.64 v _640_/Y (sky130_fd_sc_hd__o21ai_1)
     2    0.01                           _119_ (net)
                  0.10    0.00    6.64 v _670_/A2 (sky130_fd_sc_hd__a21o_1)
                  0.06    0.24    6.88 v _670_/X (sky130_fd_sc_hd__a21o_1)
     2    0.01                           _148_ (net)
                  0.06    0.00    6.88 v _699_/A (sky130_fd_sc_hd__xor2_1)
                  0.10    0.20    7.08 v _699_/X (sky130_fd_sc_hd__xor2_1)
     3    0.01                           _177_ (net)
                  0.10    0.00    7.08 v _706_/A2 (sky130_fd_sc_hd__a211o_1)
                  0.08    0.36    7.43 v _706_/X (sky130_fd_sc_hd__a211o_1)
     3    0.01                           _184_ (net)
                  0.08    0.00    7.43 v _754_/A1 (sky130_fd_sc_hd__a21bo_1)
                  0.06    0.22    7.65 v _754_/X (sky130_fd_sc_hd__a21bo_1)
     3    0.01                           _231_ (net)
                  0.06    0.00    7.65 v _795_/A2 (sky130_fd_sc_hd__a21bo_1)
                  0.06    0.23    7.88 v _795_/X (sky130_fd_sc_hd__a21bo_1)
     3    0.01                           _275_ (net)
                  0.06    0.00    7.88 v _831_/A2 (sky130_fd_sc_hd__a21bo_1)
                  0.05    0.22    8.10 v _831_/X (sky130_fd_sc_hd__a21bo_1)
     2    0.01                           _314_ (net)
                  0.05    0.00    8.10 v _833_/C (sky130_fd_sc_hd__and3_1)
                  0.05    0.20    8.29 v _833_/X (sky130_fd_sc_hd__and3_1)
     2    0.00                           _316_ (net)
                  0.05    0.00    8.29 v _860_/B1 (sky130_fd_sc_hd__a21o_1)
                  0.08    0.21    8.50 v _860_/X (sky130_fd_sc_hd__a21o_1)
     3    0.01                           _344_ (net)
                  0.08    0.00    8.50 v _861_/B (sky130_fd_sc_hd__xnor2_1)
                  0.09    0.17    8.67 v _861_/Y (sky130_fd_sc_hd__xnor2_1)
     3    0.01                           _346_ (net)
                  0.09    0.00    8.67 v _867_/A2 (sky130_fd_sc_hd__a211o_1)
                  0.06    0.33    9.00 v _867_/X (sky130_fd_sc_hd__a211o_1)
     2    0.01                           _352_ (net)
                  0.06    0.00    9.00 v _889_/A1 (sky130_fd_sc_hd__a21o_1)
                  0.06    0.20    9.20 v _889_/X (sky130_fd_sc_hd__a21o_1)
     2    0.01                           _375_ (net)
                  0.06    0.00    9.20 v _900_/A2 (sky130_fd_sc_hd__a21o_1)
                  0.06    0.22    9.42 v _900_/X (sky130_fd_sc_hd__a21o_1)
     3    0.01                           _386_ (net)
                  0.06    0.00    9.42 v _907_/A2 (sky130_fd_sc_hd__a211o_1)
                  0.05    0.30    9.72 v _907_/X (sky130_fd_sc_hd__a211o_1)
     1    0.00                           _393_ (net)
                  0.05    0.00    9.72 v _908_/A3 (sky130_fd_sc_hd__a31o_1)
                  0.08    0.27   10.00 v _908_/X (sky130_fd_sc_hd__a31o_1)
     1    0.01                           net23 (net)
                  0.08    0.00   10.00 v output23/A (sky130_fd_sc_hd__buf_6)
                  0.04    0.16   10.16 v output23/X (sky130_fd_sc_hd__buf_6)
     1    0.03                           product[15] (net)
                  0.04    0.00   10.16 v product[15] (out)
                                 10.16   data arrival time

                  0.00   10.00   10.00   clock clk (rise edge)
                          0.00   10.00   clock network delay (ideal)
                         -0.25    9.75   clock uncertainty
                          0.00    9.75   clock reconvergence pessimism
                         -2.00    7.75   output external delay
                                  7.75   data required time
-----------------------------------------------------------------------------
                                  7.75   data required time
                                -10.16   data arrival time
-----------------------------------------------------------------------------
                                 -2.41   slack (VIOLATED)




===========================================================================
 report_check_types -max_slew -max_cap -max_fanout -violators
============================================================================
======================= Fastest Corner ===================================


======================= Slowest Corner ===================================


======================= Typical Corner ===================================



===========================================================================
report_parasitic_annotation -report_unannotated
============================================================================
Found 0 unannotated drivers.
Found 0 partially unannotated drivers.

===========================================================================
max slew violation count 0
max fanout violation count 0
max cap violation count 0
============================================================================

===========================================================================
check_setup -verbose -unconstrained_endpoints -multiple_clock -no_clock -no_input_delay -loops -generated_clocks
===========================================================================
