
===========================================================================
report_checks -path_delay max (Setup)
============================================================================
======================= Typical Corner ===================================

Startpoint: B[8] (input port clocked by clk)
Endpoint: Sum[8] (output port clocked by clk)
Path Group: clk
Path Type: max

Fanout     Cap    Slew   Delay    Time   Description
-----------------------------------------------------------------------------
                  0.00    0.00    0.00   clock clk (rise edge)
                          0.00    0.00   clock network delay (ideal)
                          2.00    2.00 v input external delay
                  0.04    0.03    2.03 v B[8] (in)
     3    0.02                           B[8] (net)
                  0.04    0.00    2.03 v _48_/A (sky130_fd_sc_hd__xnor2_2)
                  0.06    0.15    2.18 v _48_/Y (sky130_fd_sc_hd__xnor2_2)
     1    0.01                           _30_ (net)
                  0.06    0.00    2.18 v _49_/B (sky130_fd_sc_hd__xnor2_2)
                  0.50    0.43    2.61 ^ _49_/Y (sky130_fd_sc_hd__xnor2_2)
     1    0.04                           Sum[8] (net)
                  0.50    0.00    2.61 ^ Sum[8] (out)
                                  2.61   data arrival time

                  0.00   10.00   10.00   clock clk (rise edge)
                          0.00   10.00   clock network delay (ideal)
                         -0.25    9.75   clock uncertainty
                          0.00    9.75   clock reconvergence pessimism
                         -2.00    7.75   output external delay
                                  7.75   data required time
-----------------------------------------------------------------------------
                                  7.75   data required time
                                 -2.61   data arrival time
-----------------------------------------------------------------------------
                                  5.14   slack (MET)


Startpoint: B[3] (input port clocked by clk)
Endpoint: Sum[3] (output port clocked by clk)
Path Group: clk
Path Type: max

Fanout     Cap    Slew   Delay    Time   Description
-----------------------------------------------------------------------------
                  0.00    0.00    0.00   clock clk (rise edge)
                          0.00    0.00   clock network delay (ideal)
                          2.00    2.00 v input external delay
                  0.03    0.03    2.03 v B[3] (in)
     3    0.01                           B[3] (net)
                  0.03    0.00    2.03 v _38_/A (sky130_fd_sc_hd__xnor2_2)
                  0.06    0.15    2.17 v _38_/Y (sky130_fd_sc_hd__xnor2_2)
     1    0.01                           _25_ (net)
                  0.06    0.00    2.17 v _39_/B (sky130_fd_sc_hd__xnor2_2)
                  0.49    0.43    2.60 ^ _39_/Y (sky130_fd_sc_hd__xnor2_2)
     1    0.04                           Sum[3] (net)
                  0.49    0.00    2.60 ^ Sum[3] (out)
                                  2.60   data arrival time

                  0.00   10.00   10.00   clock clk (rise edge)
                          0.00   10.00   clock network delay (ideal)
                         -0.25    9.75   clock uncertainty
                          0.00    9.75   clock reconvergence pessimism
                         -2.00    7.75   output external delay
                                  7.75   data required time
-----------------------------------------------------------------------------
                                  7.75   data required time
                                 -2.60   data arrival time
-----------------------------------------------------------------------------
                                  5.15   slack (MET)


Startpoint: B[7] (input port clocked by clk)
Endpoint: Sum[7] (output port clocked by clk)
Path Group: clk
Path Type: max

Fanout     Cap    Slew   Delay    Time   Description
-----------------------------------------------------------------------------
                  0.00    0.00    0.00   clock clk (rise edge)
                          0.00    0.00   clock network delay (ideal)
                          2.00    2.00 v input external delay
                  0.03    0.02    2.02 v B[7] (in)
     3    0.01                           B[7] (net)
                  0.03    0.00    2.02 v _46_/A (sky130_fd_sc_hd__xnor2_2)
                  0.06    0.15    2.17 v _46_/Y (sky130_fd_sc_hd__xnor2_2)
     1    0.01                           _29_ (net)
                  0.06    0.00    2.17 v _47_/B (sky130_fd_sc_hd__xnor2_2)
                  0.49    0.42    2.60 ^ _47_/Y (sky130_fd_sc_hd__xnor2_2)
     1    0.04                           Sum[7] (net)
                  0.49    0.00    2.60 ^ Sum[7] (out)
                                  2.60   data arrival time

                  0.00   10.00   10.00   clock clk (rise edge)
                          0.00   10.00   clock network delay (ideal)
                         -0.25    9.75   clock uncertainty
                          0.00    9.75   clock reconvergence pessimism
                         -2.00    7.75   output external delay
                                  7.75   data required time
-----------------------------------------------------------------------------
                                  7.75   data required time
                                 -2.60   data arrival time
-----------------------------------------------------------------------------
                                  5.15   slack (MET)


Startpoint: B[1] (input port clocked by clk)
Endpoint: Sum[1] (output port clocked by clk)
Path Group: clk
Path Type: max

Fanout     Cap    Slew   Delay    Time   Description
-----------------------------------------------------------------------------
                  0.00    0.00    0.00   clock clk (rise edge)
                          0.00    0.00   clock network delay (ideal)
                          2.00    2.00 v input external delay
                  0.04    0.03    2.03 v B[1] (in)
     3    0.02                           B[1] (net)
                  0.04    0.00    2.03 v _34_/A (sky130_fd_sc_hd__xnor2_2)
                  0.06    0.15    2.18 v _34_/Y (sky130_fd_sc_hd__xnor2_2)
     1    0.01                           _23_ (net)
                  0.06    0.00    2.18 v _35_/B (sky130_fd_sc_hd__xnor2_2)
                  0.48    0.42    2.60 ^ _35_/Y (sky130_fd_sc_hd__xnor2_2)
     1    0.04                           Sum[1] (net)
                  0.48    0.00    2.60 ^ Sum[1] (out)
                                  2.60   data arrival time

                  0.00   10.00   10.00   clock clk (rise edge)
                          0.00   10.00   clock network delay (ideal)
                         -0.25    9.75   clock uncertainty
                          0.00    9.75   clock reconvergence pessimism
                         -2.00    7.75   output external delay
                                  7.75   data required time
-----------------------------------------------------------------------------
                                  7.75   data required time
                                 -2.60   data arrival time
-----------------------------------------------------------------------------
                                  5.15   slack (MET)


Startpoint: B[5] (input port clocked by clk)
Endpoint: Sum[5] (output port clocked by clk)
Path Group: clk
Path Type: max

Fanout     Cap    Slew   Delay    Time   Description
-----------------------------------------------------------------------------
                  0.00    0.00    0.00   clock clk (rise edge)
                          0.00    0.00   clock network delay (ideal)
                          2.00    2.00 v input external delay
                  0.04    0.03    2.03 v B[5] (in)
     3    0.02                           B[5] (net)
                  0.04    0.00    2.03 v _42_/A (sky130_fd_sc_hd__xnor2_2)
                  0.06    0.15    2.18 v _42_/Y (sky130_fd_sc_hd__xnor2_2)
     1    0.01                           _27_ (net)
                  0.06    0.00    2.18 v _43_/B (sky130_fd_sc_hd__xnor2_2)
                  0.48    0.42    2.60 ^ _43_/Y (sky130_fd_sc_hd__xnor2_2)
     1    0.04                           Sum[5] (net)
                  0.48    0.00    2.60 ^ Sum[5] (out)
                                  2.60   data arrival time

                  0.00   10.00   10.00   clock clk (rise edge)
                          0.00   10.00   clock network delay (ideal)
                         -0.25    9.75   clock uncertainty
                          0.00    9.75   clock reconvergence pessimism
                         -2.00    7.75   output external delay
                                  7.75   data required time
-----------------------------------------------------------------------------
                                  7.75   data required time
                                 -2.60   data arrival time
-----------------------------------------------------------------------------
                                  5.15   slack (MET)


Startpoint: B[4] (input port clocked by clk)
Endpoint: Sum[4] (output port clocked by clk)
Path Group: clk
Path Type: max

Fanout     Cap    Slew   Delay    Time   Description
-----------------------------------------------------------------------------
                  0.00    0.00    0.00   clock clk (rise edge)
                          0.00    0.00   clock network delay (ideal)
                          2.00    2.00 v input external delay
                  0.04    0.03    2.03 v B[4] (in)
     3    0.02                           B[4] (net)
                  0.04    0.00    2.03 v _40_/A (sky130_fd_sc_hd__xnor2_2)
                  0.06    0.15    2.18 v _40_/Y (sky130_fd_sc_hd__xnor2_2)
     1    0.01                           _26_ (net)
                  0.06    0.00    2.18 v _41_/B (sky130_fd_sc_hd__xnor2_2)
                  0.48    0.42    2.60 ^ _41_/Y (sky130_fd_sc_hd__xnor2_2)
     1    0.04                           Sum[4] (net)
                  0.48    0.00    2.60 ^ Sum[4] (out)
                                  2.60   data arrival time

                  0.00   10.00   10.00   clock clk (rise edge)
                          0.00   10.00   clock network delay (ideal)
                         -0.25    9.75   clock uncertainty
                          0.00    9.75   clock reconvergence pessimism
                         -2.00    7.75   output external delay
                                  7.75   data required time
-----------------------------------------------------------------------------
                                  7.75   data required time
                                 -2.60   data arrival time
-----------------------------------------------------------------------------
                                  5.15   slack (MET)


Startpoint: B[0] (input port clocked by clk)
Endpoint: Sum[0] (output port clocked by clk)
Path Group: clk
Path Type: max

Fanout     Cap    Slew   Delay    Time   Description
-----------------------------------------------------------------------------
                  0.00    0.00    0.00   clock clk (rise edge)
                          0.00    0.00   clock network delay (ideal)
                          2.00    2.00 v input external delay
                  0.04    0.03    2.03 v B[0] (in)
     3    0.02                           B[0] (net)
                  0.04    0.00    2.03 v _32_/A (sky130_fd_sc_hd__xnor2_2)
                  0.06    0.15    2.18 v _32_/Y (sky130_fd_sc_hd__xnor2_2)
     1    0.01                           _22_ (net)
                  0.06    0.00    2.18 v _33_/B (sky130_fd_sc_hd__xnor2_2)
                  0.47    0.41    2.60 ^ _33_/Y (sky130_fd_sc_hd__xnor2_2)
     1    0.04                           Sum[0] (net)
                  0.47    0.00    2.60 ^ Sum[0] (out)
                                  2.60   data arrival time

                  0.00   10.00   10.00   clock clk (rise edge)
                          0.00   10.00   clock network delay (ideal)
                         -0.25    9.75   clock uncertainty
                          0.00    9.75   clock reconvergence pessimism
                         -2.00    7.75   output external delay
                                  7.75   data required time
-----------------------------------------------------------------------------
                                  7.75   data required time
                                 -2.60   data arrival time
-----------------------------------------------------------------------------
                                  5.15   slack (MET)


Startpoint: B[12] (input port clocked by clk)
Endpoint: Sum[12] (output port clocked by clk)
Path Group: clk
Path Type: max

Fanout     Cap    Slew   Delay    Time   Description
-----------------------------------------------------------------------------
                  0.00    0.00    0.00   clock clk (rise edge)
                          0.00    0.00   clock network delay (ideal)
                          2.00    2.00 v input external delay
                  0.04    0.03    2.03 v B[12] (in)
     3    0.02                           B[12] (net)
                  0.04    0.00    2.03 v _56_/A (sky130_fd_sc_hd__xnor2_2)
                  0.06    0.15    2.18 v _56_/Y (sky130_fd_sc_hd__xnor2_2)
     1    0.01                           _02_ (net)
                  0.06    0.00    2.18 v _57_/B (sky130_fd_sc_hd__xnor2_2)
                  0.47    0.41    2.59 ^ _57_/Y (sky130_fd_sc_hd__xnor2_2)
     1    0.04                           Sum[12] (net)
                  0.47    0.00    2.59 ^ Sum[12] (out)
                                  2.59   data arrival time

                  0.00   10.00   10.00   clock clk (rise edge)
                          0.00   10.00   clock network delay (ideal)
                         -0.25    9.75   clock uncertainty
                          0.00    9.75   clock reconvergence pessimism
                         -2.00    7.75   output external delay
                                  7.75   data required time
-----------------------------------------------------------------------------
                                  7.75   data required time
                                 -2.59   data arrival time
-----------------------------------------------------------------------------
                                  5.16   slack (MET)


Startpoint: B[2] (input port clocked by clk)
Endpoint: Sum[2] (output port clocked by clk)
Path Group: clk
Path Type: max

Fanout     Cap    Slew   Delay    Time   Description
-----------------------------------------------------------------------------
                  0.00    0.00    0.00   clock clk (rise edge)
                          0.00    0.00   clock network delay (ideal)
                          2.00    2.00 v input external delay
                  0.04    0.03    2.03 v B[2] (in)
     3    0.02                           B[2] (net)
                  0.04    0.00    2.03 v _36_/A (sky130_fd_sc_hd__xnor2_2)
                  0.06    0.15    2.17 v _36_/Y (sky130_fd_sc_hd__xnor2_2)
     1    0.01                           _24_ (net)
                  0.06    0.00    2.17 v _37_/B (sky130_fd_sc_hd__xnor2_2)
                  0.47    0.41    2.59 ^ _37_/Y (sky130_fd_sc_hd__xnor2_2)
     1    0.04                           Sum[2] (net)
                  0.47    0.00    2.59 ^ Sum[2] (out)
                                  2.59   data arrival time

                  0.00   10.00   10.00   clock clk (rise edge)
                          0.00   10.00   clock network delay (ideal)
                         -0.25    9.75   clock uncertainty
                          0.00    9.75   clock reconvergence pessimism
                         -2.00    7.75   output external delay
                                  7.75   data required time
-----------------------------------------------------------------------------
                                  7.75   data required time
                                 -2.59   data arrival time
-----------------------------------------------------------------------------
                                  5.16   slack (MET)


Startpoint: B[14] (input port clocked by clk)
Endpoint: Sum[14] (output port clocked by clk)
Path Group: clk
Path Type: max

Fanout     Cap    Slew   Delay    Time   Description
-----------------------------------------------------------------------------
                  0.00    0.00    0.00   clock clk (rise edge)
                          0.00    0.00   clock network delay (ideal)
                          2.00    2.00 v input external delay
                  0.04    0.03    2.03 v B[14] (in)
     3    0.02                           B[14] (net)
                  0.04    0.00    2.03 v _60_/A (sky130_fd_sc_hd__xnor2_2)
                  0.06    0.15    2.18 v _60_/Y (sky130_fd_sc_hd__xnor2_2)
     1    0.01                           _04_ (net)
                  0.06    0.00    2.18 v _61_/B (sky130_fd_sc_hd__xnor2_2)
                  0.46    0.41    2.59 ^ _61_/Y (sky130_fd_sc_hd__xnor2_2)
     1    0.04                           Sum[14] (net)
                  0.46    0.00    2.59 ^ Sum[14] (out)
                                  2.59   data arrival time

                  0.00   10.00   10.00   clock clk (rise edge)
                          0.00   10.00   clock network delay (ideal)
                         -0.25    9.75   clock uncertainty
                          0.00    9.75   clock reconvergence pessimism
                         -2.00    7.75   output external delay
                                  7.75   data required time
-----------------------------------------------------------------------------
                                  7.75   data required time
                                 -2.59   data arrival time
-----------------------------------------------------------------------------
                                  5.16   slack (MET)


Startpoint: B[10] (input port clocked by clk)
Endpoint: Sum[10] (output port clocked by clk)
Path Group: clk
Path Type: max

Fanout     Cap    Slew   Delay    Time   Description
-----------------------------------------------------------------------------
                  0.00    0.00    0.00   clock clk (rise edge)
                          0.00    0.00   clock network delay (ideal)
                          2.00    2.00 v input external delay
                  0.04    0.03    2.03 v B[10] (in)
     3    0.02                           B[10] (net)
                  0.04    0.00    2.03 v _52_/A (sky130_fd_sc_hd__xnor2_2)
                  0.06    0.15    2.18 v _52_/Y (sky130_fd_sc_hd__xnor2_2)
     1    0.01                           _00_ (net)
                  0.06    0.00    2.18 v _53_/B (sky130_fd_sc_hd__xnor2_2)
                  0.46    0.41    2.58 ^ _53_/Y (sky130_fd_sc_hd__xnor2_2)
     1    0.04                           Sum[10] (net)
                  0.46    0.00    2.59 ^ Sum[10] (out)
                                  2.59   data arrival time

                  0.00   10.00   10.00   clock clk (rise edge)
                          0.00   10.00   clock network delay (ideal)
                         -0.25    9.75   clock uncertainty
                          0.00    9.75   clock reconvergence pessimism
                         -2.00    7.75   output external delay
                                  7.75   data required time
-----------------------------------------------------------------------------
                                  7.75   data required time
                                 -2.59   data arrival time
-----------------------------------------------------------------------------
                                  5.16   slack (MET)


Startpoint: B[11] (input port clocked by clk)
Endpoint: Sum[11] (output port clocked by clk)
Path Group: clk
Path Type: max

Fanout     Cap    Slew   Delay    Time   Description
-----------------------------------------------------------------------------
                  0.00    0.00    0.00   clock clk (rise edge)
                          0.00    0.00   clock network delay (ideal)
                          2.00    2.00 v input external delay
                  0.04    0.03    2.03 v B[11] (in)
     3    0.02                           B[11] (net)
                  0.04    0.00    2.03 v _54_/A (sky130_fd_sc_hd__xnor2_2)
                  0.06    0.15    2.18 v _54_/Y (sky130_fd_sc_hd__xnor2_2)
     1    0.01                           _01_ (net)
                  0.06    0.00    2.18 v _55_/B (sky130_fd_sc_hd__xnor2_2)
                  0.46    0.40    2.58 ^ _55_/Y (sky130_fd_sc_hd__xnor2_2)
     1    0.03                           Sum[11] (net)
                  0.46    0.00    2.58 ^ Sum[11] (out)
                                  2.58   data arrival time

                  0.00   10.00   10.00   clock clk (rise edge)
                          0.00   10.00   clock network delay (ideal)
                         -0.25    9.75   clock uncertainty
                          0.00    9.75   clock reconvergence pessimism
                         -2.00    7.75   output external delay
                                  7.75   data required time
-----------------------------------------------------------------------------
                                  7.75   data required time
                                 -2.58   data arrival time
-----------------------------------------------------------------------------
                                  5.17   slack (MET)


Startpoint: B[13] (input port clocked by clk)
Endpoint: Sum[13] (output port clocked by clk)
Path Group: clk
Path Type: max

Fanout     Cap    Slew   Delay    Time   Description
-----------------------------------------------------------------------------
                  0.00    0.00    0.00   clock clk (rise edge)
                          0.00    0.00   clock network delay (ideal)
                          2.00    2.00 v input external delay
                  0.04    0.03    2.03 v B[13] (in)
     3    0.02                           B[13] (net)
                  0.04    0.00    2.03 v _58_/A (sky130_fd_sc_hd__xnor2_2)
                  0.06    0.15    2.18 v _58_/Y (sky130_fd_sc_hd__xnor2_2)
     1    0.01                           _03_ (net)
                  0.06    0.00    2.18 v _59_/B (sky130_fd_sc_hd__xnor2_2)
                  0.46    0.40    2.58 ^ _59_/Y (sky130_fd_sc_hd__xnor2_2)
     1    0.03                           Sum[13] (net)
                  0.46    0.00    2.58 ^ Sum[13] (out)
                                  2.58   data arrival time

                  0.00   10.00   10.00   clock clk (rise edge)
                          0.00   10.00   clock network delay (ideal)
                         -0.25    9.75   clock uncertainty
                          0.00    9.75   clock reconvergence pessimism
                         -2.00    7.75   output external delay
                                  7.75   data required time
-----------------------------------------------------------------------------
                                  7.75   data required time
                                 -2.58   data arrival time
-----------------------------------------------------------------------------
                                  5.17   slack (MET)


Startpoint: B[9] (input port clocked by clk)
Endpoint: Sum[9] (output port clocked by clk)
Path Group: clk
Path Type: max

Fanout     Cap    Slew   Delay    Time   Description
-----------------------------------------------------------------------------
                  0.00    0.00    0.00   clock clk (rise edge)
                          0.00    0.00   clock network delay (ideal)
                          2.00    2.00 v input external delay
                  0.04    0.03    2.03 v B[9] (in)
     3    0.02                           B[9] (net)
                  0.04    0.00    2.03 v _50_/A (sky130_fd_sc_hd__xnor2_2)
                  0.07    0.15    2.18 v _50_/Y (sky130_fd_sc_hd__xnor2_2)
     1    0.01                           _31_ (net)
                  0.07    0.00    2.18 v _51_/B (sky130_fd_sc_hd__xnor2_2)
                  0.45    0.40    2.58 ^ _51_/Y (sky130_fd_sc_hd__xnor2_2)
     1    0.03                           Sum[9] (net)
                  0.45    0.00    2.58 ^ Sum[9] (out)
                                  2.58   data arrival time

                  0.00   10.00   10.00   clock clk (rise edge)
                          0.00   10.00   clock network delay (ideal)
                         -0.25    9.75   clock uncertainty
                          0.00    9.75   clock reconvergence pessimism
                         -2.00    7.75   output external delay
                                  7.75   data required time
-----------------------------------------------------------------------------
                                  7.75   data required time
                                 -2.58   data arrival time
-----------------------------------------------------------------------------
                                  5.17   slack (MET)


Startpoint: A[15] (input port clocked by clk)
Endpoint: Sum[15] (output port clocked by clk)
Path Group: clk
Path Type: max

Fanout     Cap    Slew   Delay    Time   Description
-----------------------------------------------------------------------------
                  0.00    0.00    0.00   clock clk (rise edge)
                          0.00    0.00   clock network delay (ideal)
                          2.00    2.00 v input external delay
                  0.04    0.03    2.03 v A[15] (in)
     3    0.02                           A[15] (net)
                  0.04    0.00    2.03 v _62_/B (sky130_fd_sc_hd__xnor2_2)
                  0.06    0.14    2.18 v _62_/Y (sky130_fd_sc_hd__xnor2_2)
     1    0.01                           _05_ (net)
                  0.06    0.00    2.18 v _63_/B (sky130_fd_sc_hd__xnor2_2)
                  0.45    0.40    2.57 ^ _63_/Y (sky130_fd_sc_hd__xnor2_2)
     1    0.03                           Sum[15] (net)
                  0.45    0.00    2.57 ^ Sum[15] (out)
                                  2.57   data arrival time

                  0.00   10.00   10.00   clock clk (rise edge)
                          0.00   10.00   clock network delay (ideal)
                         -0.25    9.75   clock uncertainty
                          0.00    9.75   clock reconvergence pessimism
                         -2.00    7.75   output external delay
                                  7.75   data required time
-----------------------------------------------------------------------------
                                  7.75   data required time
                                 -2.57   data arrival time
-----------------------------------------------------------------------------
                                  5.18   slack (MET)


Startpoint: B[6] (input port clocked by clk)
Endpoint: Sum[6] (output port clocked by clk)
Path Group: clk
Path Type: max

Fanout     Cap    Slew   Delay    Time   Description
-----------------------------------------------------------------------------
                  0.00    0.00    0.00   clock clk (rise edge)
                          0.00    0.00   clock network delay (ideal)
                          2.00    2.00 v input external delay
                  0.03    0.02    2.02 v B[6] (in)
     3    0.01                           B[6] (net)
                  0.03    0.00    2.02 v _44_/A (sky130_fd_sc_hd__xnor2_2)
                  0.07    0.15    2.17 v _44_/Y (sky130_fd_sc_hd__xnor2_2)
     1    0.01                           _28_ (net)
                  0.07    0.00    2.17 v _45_/B (sky130_fd_sc_hd__xnor2_2)
                  0.46    0.40    2.57 ^ _45_/Y (sky130_fd_sc_hd__xnor2_2)
     1    0.03                           Sum[6] (net)
                  0.46    0.00    2.57 ^ Sum[6] (out)
                                  2.57   data arrival time

                  0.00   10.00   10.00   clock clk (rise edge)
                          0.00   10.00   clock network delay (ideal)
                         -0.25    9.75   clock uncertainty
                          0.00    9.75   clock reconvergence pessimism
                         -2.00    7.75   output external delay
                                  7.75   data required time
-----------------------------------------------------------------------------
                                  7.75   data required time
                                 -2.57   data arrival time
-----------------------------------------------------------------------------
                                  5.18   slack (MET)


Startpoint: A[15] (input port clocked by clk)
Endpoint: Carry[15] (output port clocked by clk)
Path Group: clk
Path Type: max

Fanout     Cap    Slew   Delay    Time   Description
-----------------------------------------------------------------------------
                  0.00    0.00    0.00   clock clk (rise edge)
                          0.00    0.00   clock network delay (ideal)
                          2.00    2.00 ^ input external delay
                  0.09    0.07    2.07 ^ A[15] (in)
     3    0.02                           A[15] (net)
                  0.09    0.00    2.07 ^ _94_/A2 (sky130_fd_sc_hd__a21o_2)
                  0.03    0.13    2.20 ^ _94_/X (sky130_fd_sc_hd__a21o_2)
     1    0.00                           _21_ (net)
                  0.03    0.00    2.20 ^ _95_/B1 (sky130_fd_sc_hd__o21a_2)
                  0.20    0.25    2.45 ^ _95_/X (sky130_fd_sc_hd__o21a_2)
     1    0.04                           Carry[15] (net)
                  0.20    0.00    2.45 ^ Carry[15] (out)
                                  2.45   data arrival time

                  0.00   10.00   10.00   clock clk (rise edge)
                          0.00   10.00   clock network delay (ideal)
                         -0.25    9.75   clock uncertainty
                          0.00    9.75   clock reconvergence pessimism
                         -2.00    7.75   output external delay
                                  7.75   data required time
-----------------------------------------------------------------------------
                                  7.75   data required time
                                 -2.45   data arrival time
-----------------------------------------------------------------------------
                                  5.30   slack (MET)


Startpoint: B[0] (input port clocked by clk)
Endpoint: Carry[0] (output port clocked by clk)
Path Group: clk
Path Type: max

Fanout     Cap    Slew   Delay    Time   Description
-----------------------------------------------------------------------------
                  0.00    0.00    0.00   clock clk (rise edge)
                          0.00    0.00   clock network delay (ideal)
                          2.00    2.00 ^ input external delay
                  0.09    0.07    2.07 ^ B[0] (in)
     3    0.02                           B[0] (net)
                  0.09    0.00    2.07 ^ _64_/A1 (sky130_fd_sc_hd__a21o_2)
                  0.03    0.13    2.19 ^ _64_/X (sky130_fd_sc_hd__a21o_2)
     1    0.00                           _06_ (net)
                  0.03    0.00    2.19 ^ _65_/B1 (sky130_fd_sc_hd__o21a_2)
                  0.20    0.25    2.44 ^ _65_/X (sky130_fd_sc_hd__o21a_2)
     1    0.04                           Carry[0] (net)
                  0.20    0.00    2.44 ^ Carry[0] (out)
                                  2.44   data arrival time

                  0.00   10.00   10.00   clock clk (rise edge)
                          0.00   10.00   clock network delay (ideal)
                         -0.25    9.75   clock uncertainty
                          0.00    9.75   clock reconvergence pessimism
                         -2.00    7.75   output external delay
                                  7.75   data required time
-----------------------------------------------------------------------------
                                  7.75   data required time
                                 -2.44   data arrival time
-----------------------------------------------------------------------------
                                  5.31   slack (MET)


Startpoint: A[2] (input port clocked by clk)
Endpoint: Carry[2] (output port clocked by clk)
Path Group: clk
Path Type: max

Fanout     Cap    Slew   Delay    Time   Description
-----------------------------------------------------------------------------
                  0.00    0.00    0.00   clock clk (rise edge)
                          0.00    0.00   clock network delay (ideal)
                          2.00    2.00 ^ input external delay
                  0.09    0.06    2.06 ^ A[2] (in)
     3    0.02                           A[2] (net)
                  0.09    0.00    2.06 ^ _68_/A2 (sky130_fd_sc_hd__a21o_2)
                  0.03    0.13    2.19 ^ _68_/X (sky130_fd_sc_hd__a21o_2)
     1    0.00                           _08_ (net)
                  0.03    0.00    2.19 ^ _69_/B1 (sky130_fd_sc_hd__o21a_2)
                  0.20    0.25    2.44 ^ _69_/X (sky130_fd_sc_hd__o21a_2)
     1    0.04                           Carry[2] (net)
                  0.20    0.00    2.44 ^ Carry[2] (out)
                                  2.44   data arrival time

                  0.00   10.00   10.00   clock clk (rise edge)
                          0.00   10.00   clock network delay (ideal)
                         -0.25    9.75   clock uncertainty
                          0.00    9.75   clock reconvergence pessimism
                         -2.00    7.75   output external delay
                                  7.75   data required time
-----------------------------------------------------------------------------
                                  7.75   data required time
                                 -2.44   data arrival time
-----------------------------------------------------------------------------
                                  5.31   slack (MET)


Startpoint: B[5] (input port clocked by clk)
Endpoint: Carry[5] (output port clocked by clk)
Path Group: clk
Path Type: max

Fanout     Cap    Slew   Delay    Time   Description
-----------------------------------------------------------------------------
                  0.00    0.00    0.00   clock clk (rise edge)
                          0.00    0.00   clock network delay (ideal)
                          2.00    2.00 ^ input external delay
                  0.09    0.06    2.06 ^ B[5] (in)
     3    0.02                           B[5] (net)
                  0.09    0.00    2.06 ^ _74_/A1 (sky130_fd_sc_hd__a21o_2)
                  0.03    0.13    2.19 ^ _74_/X (sky130_fd_sc_hd__a21o_2)
     1    0.00                           _11_ (net)
                  0.03    0.00    2.19 ^ _75_/B1 (sky130_fd_sc_hd__o21a_2)
                  0.20    0.25    2.44 ^ _75_/X (sky130_fd_sc_hd__o21a_2)
     1    0.04                           Carry[5] (net)
                  0.20    0.00    2.44 ^ Carry[5] (out)
                                  2.44   data arrival time

                  0.00   10.00   10.00   clock clk (rise edge)
                          0.00   10.00   clock network delay (ideal)
                         -0.25    9.75   clock uncertainty
                          0.00    9.75   clock reconvergence pessimism
                         -2.00    7.75   output external delay
                                  7.75   data required time
-----------------------------------------------------------------------------
                                  7.75   data required time
                                 -2.44   data arrival time
-----------------------------------------------------------------------------
                                  5.31   slack (MET)


Startpoint: A[3] (input port clocked by clk)
Endpoint: Carry[3] (output port clocked by clk)
Path Group: clk
Path Type: max

Fanout     Cap    Slew   Delay    Time   Description
-----------------------------------------------------------------------------
                  0.00    0.00    0.00   clock clk (rise edge)
                          0.00    0.00   clock network delay (ideal)
                          2.00    2.00 ^ input external delay
                  0.08    0.06    2.06 ^ A[3] (in)
     3    0.02                           A[3] (net)
                  0.08    0.00    2.06 ^ _70_/A2 (sky130_fd_sc_hd__a21o_2)
                  0.03    0.13    2.18 ^ _70_/X (sky130_fd_sc_hd__a21o_2)
     1    0.00                           _09_ (net)
                  0.03    0.00    2.18 ^ _71_/B1 (sky130_fd_sc_hd__o21a_2)
                  0.21    0.26    2.44 ^ _71_/X (sky130_fd_sc_hd__o21a_2)
     1    0.04                           Carry[3] (net)
                  0.21    0.00    2.44 ^ Carry[3] (out)
                                  2.44   data arrival time

                  0.00   10.00   10.00   clock clk (rise edge)
                          0.00   10.00   clock network delay (ideal)
                         -0.25    9.75   clock uncertainty
                          0.00    9.75   clock reconvergence pessimism
                         -2.00    7.75   output external delay
                                  7.75   data required time
-----------------------------------------------------------------------------
                                  7.75   data required time
                                 -2.44   data arrival time
-----------------------------------------------------------------------------
                                  5.31   slack (MET)


Startpoint: A[12] (input port clocked by clk)
Endpoint: Carry[12] (output port clocked by clk)
Path Group: clk
Path Type: max

Fanout     Cap    Slew   Delay    Time   Description
-----------------------------------------------------------------------------
                  0.00    0.00    0.00   clock clk (rise edge)
                          0.00    0.00   clock network delay (ideal)
                          2.00    2.00 ^ input external delay
                  0.09    0.07    2.07 ^ A[12] (in)
     3    0.02                           A[12] (net)
                  0.09    0.00    2.07 ^ _88_/A2 (sky130_fd_sc_hd__a21o_2)
                  0.03    0.13    2.19 ^ _88_/X (sky130_fd_sc_hd__a21o_2)
     1    0.00                           _18_ (net)
                  0.03    0.00    2.19 ^ _89_/B1 (sky130_fd_sc_hd__o21a_2)
                  0.19    0.24    2.44 ^ _89_/X (sky130_fd_sc_hd__o21a_2)
     1    0.04                           Carry[12] (net)
                  0.19    0.00    2.44 ^ Carry[12] (out)
                                  2.44   data arrival time

                  0.00   10.00   10.00   clock clk (rise edge)
                          0.00   10.00   clock network delay (ideal)
                         -0.25    9.75   clock uncertainty
                          0.00    9.75   clock reconvergence pessimism
                         -2.00    7.75   output external delay
                                  7.75   data required time
-----------------------------------------------------------------------------
                                  7.75   data required time
                                 -2.44   data arrival time
-----------------------------------------------------------------------------
                                  5.31   slack (MET)


Startpoint: A[8] (input port clocked by clk)
Endpoint: Carry[8] (output port clocked by clk)
Path Group: clk
Path Type: max

Fanout     Cap    Slew   Delay    Time   Description
-----------------------------------------------------------------------------
                  0.00    0.00    0.00   clock clk (rise edge)
                          0.00    0.00   clock network delay (ideal)
                          2.00    2.00 ^ input external delay
                  0.09    0.06    2.06 ^ A[8] (in)
     3    0.02                           A[8] (net)
                  0.09    0.00    2.06 ^ _80_/A2 (sky130_fd_sc_hd__a21o_2)
                  0.03    0.13    2.19 ^ _80_/X (sky130_fd_sc_hd__a21o_2)
     1    0.00                           _14_ (net)
                  0.03    0.00    2.19 ^ _81_/B1 (sky130_fd_sc_hd__o21a_2)
                  0.19    0.24    2.44 ^ _81_/X (sky130_fd_sc_hd__o21a_2)
     1    0.04                           Carry[8] (net)
                  0.19    0.00    2.44 ^ Carry[8] (out)
                                  2.44   data arrival time

                  0.00   10.00   10.00   clock clk (rise edge)
                          0.00   10.00   clock network delay (ideal)
                         -0.25    9.75   clock uncertainty
                          0.00    9.75   clock reconvergence pessimism
                         -2.00    7.75   output external delay
                                  7.75   data required time
-----------------------------------------------------------------------------
                                  7.75   data required time
                                 -2.44   data arrival time
-----------------------------------------------------------------------------
                                  5.31   slack (MET)


Startpoint: B[14] (input port clocked by clk)
Endpoint: Carry[14] (output port clocked by clk)
Path Group: clk
Path Type: max

Fanout     Cap    Slew   Delay    Time   Description
-----------------------------------------------------------------------------
                  0.00    0.00    0.00   clock clk (rise edge)
                          0.00    0.00   clock network delay (ideal)
                          2.00    2.00 ^ input external delay
                  0.09    0.07    2.07 ^ B[14] (in)
     3    0.02                           B[14] (net)
                  0.09    0.00    2.07 ^ _92_/A1 (sky130_fd_sc_hd__a21o_2)
                  0.03    0.13    2.19 ^ _92_/X (sky130_fd_sc_hd__a21o_2)
     1    0.00                           _20_ (net)
                  0.03    0.00    2.19 ^ _93_/B1 (sky130_fd_sc_hd__o21a_2)
                  0.19    0.24    2.44 ^ _93_/X (sky130_fd_sc_hd__o21a_2)
     1    0.04                           Carry[14] (net)
                  0.19    0.00    2.44 ^ Carry[14] (out)
                                  2.44   data arrival time

                  0.00   10.00   10.00   clock clk (rise edge)
                          0.00   10.00   clock network delay (ideal)
                         -0.25    9.75   clock uncertainty
                          0.00    9.75   clock reconvergence pessimism
                         -2.00    7.75   output external delay
                                  7.75   data required time
-----------------------------------------------------------------------------
                                  7.75   data required time
                                 -2.44   data arrival time
-----------------------------------------------------------------------------
                                  5.31   slack (MET)


Startpoint: A[6] (input port clocked by clk)
Endpoint: Carry[6] (output port clocked by clk)
Path Group: clk
Path Type: max

Fanout     Cap    Slew   Delay    Time   Description
-----------------------------------------------------------------------------
                  0.00    0.00    0.00   clock clk (rise edge)
                          0.00    0.00   clock network delay (ideal)
                          2.00    2.00 ^ input external delay
                  0.08    0.05    2.05 ^ A[6] (in)
     3    0.02                           A[6] (net)
                  0.08    0.00    2.05 ^ _76_/A2 (sky130_fd_sc_hd__a21o_2)
                  0.03    0.13    2.18 ^ _76_/X (sky130_fd_sc_hd__a21o_2)
     1    0.00                           _12_ (net)
                  0.03    0.00    2.18 ^ _77_/B1 (sky130_fd_sc_hd__o21a_2)
                  0.20    0.25    2.43 ^ _77_/X (sky130_fd_sc_hd__o21a_2)
     1    0.04                           Carry[6] (net)
                  0.20    0.00    2.43 ^ Carry[6] (out)
                                  2.43   data arrival time

                  0.00   10.00   10.00   clock clk (rise edge)
                          0.00   10.00   clock network delay (ideal)
                         -0.25    9.75   clock uncertainty
                          0.00    9.75   clock reconvergence pessimism
                         -2.00    7.75   output external delay
                                  7.75   data required time
-----------------------------------------------------------------------------
                                  7.75   data required time
                                 -2.43   data arrival time
-----------------------------------------------------------------------------
                                  5.32   slack (MET)


Startpoint: B[13] (input port clocked by clk)
Endpoint: Carry[13] (output port clocked by clk)
Path Group: clk
Path Type: max

Fanout     Cap    Slew   Delay    Time   Description
-----------------------------------------------------------------------------
                  0.00    0.00    0.00   clock clk (rise edge)
                          0.00    0.00   clock network delay (ideal)
                          2.00    2.00 ^ input external delay
                  0.09    0.06    2.06 ^ B[13] (in)
     3    0.02                           B[13] (net)
                  0.09    0.00    2.06 ^ _90_/A1 (sky130_fd_sc_hd__a21o_2)
                  0.03    0.13    2.19 ^ _90_/X (sky130_fd_sc_hd__a21o_2)
     1    0.00                           _19_ (net)
                  0.03    0.00    2.19 ^ _91_/B1 (sky130_fd_sc_hd__o21a_2)
                  0.19    0.24    2.43 ^ _91_/X (sky130_fd_sc_hd__o21a_2)
     1    0.04                           Carry[13] (net)
                  0.19    0.00    2.43 ^ Carry[13] (out)
                                  2.43   data arrival time

                  0.00   10.00   10.00   clock clk (rise edge)
                          0.00   10.00   clock network delay (ideal)
                         -0.25    9.75   clock uncertainty
                          0.00    9.75   clock reconvergence pessimism
                         -2.00    7.75   output external delay
                                  7.75   data required time
-----------------------------------------------------------------------------
                                  7.75   data required time
                                 -2.43   data arrival time
-----------------------------------------------------------------------------
                                  5.32   slack (MET)


Startpoint: B[11] (input port clocked by clk)
Endpoint: Carry[11] (output port clocked by clk)
Path Group: clk
Path Type: max

Fanout     Cap    Slew   Delay    Time   Description
-----------------------------------------------------------------------------
                  0.00    0.00    0.00   clock clk (rise edge)
                          0.00    0.00   clock network delay (ideal)
                          2.00    2.00 ^ input external delay
                  0.09    0.06    2.06 ^ B[11] (in)
     3    0.02                           B[11] (net)
                  0.09    0.00    2.06 ^ _86_/A1 (sky130_fd_sc_hd__a21o_2)
                  0.03    0.13    2.19 ^ _86_/X (sky130_fd_sc_hd__a21o_2)
     1    0.00                           _17_ (net)
                  0.03    0.00    2.19 ^ _87_/B1 (sky130_fd_sc_hd__o21a_2)
                  0.19    0.24    2.43 ^ _87_/X (sky130_fd_sc_hd__o21a_2)
     1    0.04                           Carry[11] (net)
                  0.19    0.00    2.43 ^ Carry[11] (out)
                                  2.43   data arrival time

                  0.00   10.00   10.00   clock clk (rise edge)
                          0.00   10.00   clock network delay (ideal)
                         -0.25    9.75   clock uncertainty
                          0.00    9.75   clock reconvergence pessimism
                         -2.00    7.75   output external delay
                                  7.75   data required time
-----------------------------------------------------------------------------
                                  7.75   data required time
                                 -2.43   data arrival time
-----------------------------------------------------------------------------
                                  5.32   slack (MET)


Startpoint: B[10] (input port clocked by clk)
Endpoint: Carry[10] (output port clocked by clk)
Path Group: clk
Path Type: max

Fanout     Cap    Slew   Delay    Time   Description
-----------------------------------------------------------------------------
                  0.00    0.00    0.00   clock clk (rise edge)
                          0.00    0.00   clock network delay (ideal)
                          2.00    2.00 ^ input external delay
                  0.09    0.06    2.06 ^ B[10] (in)
     3    0.02                           B[10] (net)
                  0.09    0.00    2.06 ^ _84_/A1 (sky130_fd_sc_hd__a21o_2)
                  0.03    0.13    2.19 ^ _84_/X (sky130_fd_sc_hd__a21o_2)
     1    0.00                           _16_ (net)
                  0.03    0.00    2.19 ^ _85_/B1 (sky130_fd_sc_hd__o21a_2)
                  0.19    0.24    2.43 ^ _85_/X (sky130_fd_sc_hd__o21a_2)
     1    0.03                           Carry[10] (net)
                  0.19    0.00    2.43 ^ Carry[10] (out)
                                  2.43   data arrival time

                  0.00   10.00   10.00   clock clk (rise edge)
                          0.00   10.00   clock network delay (ideal)
                         -0.25    9.75   clock uncertainty
                          0.00    9.75   clock reconvergence pessimism
                         -2.00    7.75   output external delay
                                  7.75   data required time
-----------------------------------------------------------------------------
                                  7.75   data required time
                                 -2.43   data arrival time
-----------------------------------------------------------------------------
                                  5.32   slack (MET)


Startpoint: B[1] (input port clocked by clk)
Endpoint: Carry[1] (output port clocked by clk)
Path Group: clk
Path Type: max

Fanout     Cap    Slew   Delay    Time   Description
-----------------------------------------------------------------------------
                  0.00    0.00    0.00   clock clk (rise edge)
                          0.00    0.00   clock network delay (ideal)
                          2.00    2.00 ^ input external delay
                  0.09    0.06    2.06 ^ B[1] (in)
     3    0.02                           B[1] (net)
                  0.09    0.00    2.06 ^ _66_/A1 (sky130_fd_sc_hd__a21o_2)
                  0.03    0.12    2.19 ^ _66_/X (sky130_fd_sc_hd__a21o_2)
     1    0.00                           _07_ (net)
                  0.03    0.00    2.19 ^ _67_/B1 (sky130_fd_sc_hd__o21a_2)
                  0.19    0.24    2.43 ^ _67_/X (sky130_fd_sc_hd__o21a_2)
     1    0.04                           Carry[1] (net)
                  0.19    0.00    2.43 ^ Carry[1] (out)
                                  2.43   data arrival time

                  0.00   10.00   10.00   clock clk (rise edge)
                          0.00   10.00   clock network delay (ideal)
                         -0.25    9.75   clock uncertainty
                          0.00    9.75   clock reconvergence pessimism
                         -2.00    7.75   output external delay
                                  7.75   data required time
-----------------------------------------------------------------------------
                                  7.75   data required time
                                 -2.43   data arrival time
-----------------------------------------------------------------------------
                                  5.32   slack (MET)


Startpoint: B[4] (input port clocked by clk)
Endpoint: Carry[4] (output port clocked by clk)
Path Group: clk
Path Type: max

Fanout     Cap    Slew   Delay    Time   Description
-----------------------------------------------------------------------------
                  0.00    0.00    0.00   clock clk (rise edge)
                          0.00    0.00   clock network delay (ideal)
                          2.00    2.00 ^ input external delay
                  0.09    0.07    2.07 ^ B[4] (in)
     3    0.02                           B[4] (net)
                  0.09    0.00    2.07 ^ _72_/A1 (sky130_fd_sc_hd__a21o_2)
                  0.03    0.13    2.19 ^ _72_/X (sky130_fd_sc_hd__a21o_2)
     1    0.00                           _10_ (net)
                  0.03    0.00    2.19 ^ _73_/B1 (sky130_fd_sc_hd__o21a_2)
                  0.18    0.24    2.43 ^ _73_/X (sky130_fd_sc_hd__o21a_2)
     1    0.03                           Carry[4] (net)
                  0.18    0.00    2.43 ^ Carry[4] (out)
                                  2.43   data arrival time

                  0.00   10.00   10.00   clock clk (rise edge)
                          0.00   10.00   clock network delay (ideal)
                         -0.25    9.75   clock uncertainty
                          0.00    9.75   clock reconvergence pessimism
                         -2.00    7.75   output external delay
                                  7.75   data required time
-----------------------------------------------------------------------------
                                  7.75   data required time
                                 -2.43   data arrival time
-----------------------------------------------------------------------------
                                  5.32   slack (MET)


Startpoint: B[7] (input port clocked by clk)
Endpoint: Carry[7] (output port clocked by clk)
Path Group: clk
Path Type: max

Fanout     Cap    Slew   Delay    Time   Description
-----------------------------------------------------------------------------
                  0.00    0.00    0.00   clock clk (rise edge)
                          0.00    0.00   clock network delay (ideal)
                          2.00    2.00 ^ input external delay
                  0.08    0.05    2.05 ^ B[7] (in)
     3    0.02                           B[7] (net)
                  0.08    0.00    2.05 ^ _78_/A1 (sky130_fd_sc_hd__a21o_2)
                  0.03    0.12    2.17 ^ _78_/X (sky130_fd_sc_hd__a21o_2)
     1    0.00                           _13_ (net)
                  0.03    0.00    2.17 ^ _79_/B1 (sky130_fd_sc_hd__o21a_2)
                  0.20    0.25    2.42 ^ _79_/X (sky130_fd_sc_hd__o21a_2)
     1    0.04                           Carry[7] (net)
                  0.20    0.00    2.43 ^ Carry[7] (out)
                                  2.43   data arrival time

                  0.00   10.00   10.00   clock clk (rise edge)
                          0.00   10.00   clock network delay (ideal)
                         -0.25    9.75   clock uncertainty
                          0.00    9.75   clock reconvergence pessimism
                         -2.00    7.75   output external delay
                                  7.75   data required time
-----------------------------------------------------------------------------
                                  7.75   data required time
                                 -2.43   data arrival time
-----------------------------------------------------------------------------
                                  5.32   slack (MET)


Startpoint: A[9] (input port clocked by clk)
Endpoint: Carry[9] (output port clocked by clk)
Path Group: clk
Path Type: max

Fanout     Cap    Slew   Delay    Time   Description
-----------------------------------------------------------------------------
                  0.00    0.00    0.00   clock clk (rise edge)
                          0.00    0.00   clock network delay (ideal)
                          2.00    2.00 ^ input external delay
                  0.08    0.05    2.05 ^ A[9] (in)
     3    0.02                           A[9] (net)
                  0.08    0.00    2.05 ^ _82_/A2 (sky130_fd_sc_hd__a21o_2)
                  0.03    0.13    2.18 ^ _82_/X (sky130_fd_sc_hd__a21o_2)
     1    0.00                           _15_ (net)
                  0.03    0.00    2.18 ^ _83_/B1 (sky130_fd_sc_hd__o21a_2)
                  0.19    0.24    2.42 ^ _83_/X (sky130_fd_sc_hd__o21a_2)
     1    0.03                           Carry[9] (net)
                  0.19    0.00    2.42 ^ Carry[9] (out)
                                  2.42   data arrival time

                  0.00   10.00   10.00   clock clk (rise edge)
                          0.00   10.00   clock network delay (ideal)
                         -0.25    9.75   clock uncertainty
                          0.00    9.75   clock reconvergence pessimism
                         -2.00    7.75   output external delay
                                  7.75   data required time
-----------------------------------------------------------------------------
                                  7.75   data required time
                                 -2.42   data arrival time
-----------------------------------------------------------------------------
                                  5.33   slack (MET)



