Instance name,  X location,  Y location,  Voltage 
FILLER_0_43_253, 124.14, 130.56, 9.99481e-05
PHY_85, 124.14, 125.12, 0.000105876
PHY_87, 124.14, 125.12, 0.000105876
output26, 124.14, 125.12, 0.000105876
FILLER_0_42_253, 124.14, 125.12, 0.000105876
PHY_81, 124.14, 119.68, 9.96158e-05
PHY_83, 124.14, 119.68, 9.96158e-05
FILLER_0_40_253, 124.14, 119.68, 9.96158e-05
PHY_77, 124.14, 114.24, 0.000100022
PHY_79, 124.14, 114.24, 0.000100022
FILLER_0_37_251, 124.14, 114.24, 0.000100022
FILLER_0_38_253, 124.14, 114.24, 0.000100022
PHY_73, 124.14, 108.8, 0.000103058
PHY_75, 124.14, 108.8, 0.000103058
output25, 124.14, 108.8, 0.000103058
FILLER_0_36_253, 124.14, 108.8, 0.000103058
PHY_69, 124.14, 103.36, 9.95275e-05
PHY_71, 124.14, 103.36, 9.95275e-05
FILLER_0_34_253, 124.14, 103.36, 9.95275e-05
PHY_65, 124.14, 97.92, 9.81758e-05
PHY_67, 124.14, 97.92, 9.81758e-05
FILLER_0_32_253, 124.14, 97.92, 9.81758e-05
PHY_61, 124.14, 92.48, 9.94985e-05
PHY_63, 124.14, 92.48, 9.94985e-05
input10, 124.14, 92.48, 9.94985e-05
FILLER_0_30_253, 124.14, 92.48, 9.94985e-05
PHY_57, 124.14, 87.04, 9.56113e-05
PHY_59, 124.14, 87.04, 9.56113e-05
FILLER_0_28_253, 124.14, 87.04, 9.56113e-05
_549_, 124.14, 81.6, 9.68116e-05
PHY_53, 124.14, 81.6, 9.68116e-05
PHY_55, 124.14, 81.6, 9.68116e-05
FILLER_0_25_255, 124.14, 81.6, 9.68116e-05
PHY_49, 124.14, 76.16, 9.2899e-05
PHY_51, 124.14, 76.16, 9.2899e-05
FILLER_0_24_253, 124.14, 76.16, 9.2899e-05
PHY_45, 124.14, 70.72, 9.49328e-05
PHY_47, 124.14, 70.72, 9.49328e-05
FILLER_0_22_253, 124.14, 70.72, 9.49328e-05
_676_, 124.14, 65.28, 9.41868e-05
PHY_41, 124.14, 65.28, 9.41868e-05
PHY_43, 124.14, 65.28, 9.41868e-05
PHY_37, 124.14, 59.84, 9.27602e-05
PHY_39, 124.14, 59.84, 9.27602e-05
FILLER_0_18_253, 124.14, 59.84, 9.27602e-05
PHY_33, 124.14, 54.4, 9.99559e-05
PHY_35, 124.14, 54.4, 9.99559e-05
FILLER_0_15_254, 124.14, 54.4, 9.99559e-05
FILLER_0_16_253, 124.14, 54.4, 9.99559e-05
PHY_29, 124.14, 48.96, 9.4841e-05
PHY_31, 124.14, 48.96, 9.4841e-05
FILLER_0_14_253, 124.14, 48.96, 9.4841e-05
PHY_25, 124.14, 43.52, 9.60266e-05
PHY_27, 124.14, 43.52, 9.60266e-05
FILLER_0_11_251, 124.14, 43.52, 9.60266e-05
FILLER_0_12_253, 124.14, 43.52, 9.60266e-05
PHY_21, 124.14, 38.08, 9.72995e-05
PHY_23, 124.14, 38.08, 9.72995e-05
FILLER_0_10_253, 124.14, 38.08, 9.72995e-05
PHY_17, 124.14, 32.64, 0.000100864
PHY_19, 124.14, 32.64, 0.000100864
FILLER_0_7_253, 124.14, 32.64, 0.000100864
FILLER_0_8_253, 124.14, 32.64, 0.000100864
PHY_13, 124.14, 27.2, 9.866e-05
PHY_15, 124.14, 27.2, 9.866e-05
FILLER_0_6_253, 124.14, 27.2, 9.866e-05
PHY_9, 124.14, 21.76, 9.82493e-05
PHY_11, 124.14, 21.76, 9.82493e-05
FILLER_0_4_253, 124.14, 21.76, 9.82493e-05
PHY_5, 124.14, 16.32, 0.000112786
PHY_7, 124.14, 16.32, 0.000112786
input16, 124.14, 16.32, 0.000112786
output19, 124.14, 16.32, 0.000112786
PHY_1, 124.14, 10.88, 9.97845e-05
PHY_3, 124.14, 10.88, 9.97845e-05
FILLER_0_0_253, 124.14, 10.88, 9.97845e-05
FILLER_0_43_238, 117.54, 130.56, 9.99976e-05
input1, 117.54, 125.12, 0.000103695
FILLER_0_42_246, 117.54, 125.12, 0.000103695
FILLER_0_40_245, 117.54, 119.68, 9.97553e-05
FILLER_0_41_249, 117.54, 119.68, 9.97553e-05
FILLER_0_38_241, 117.54, 114.24, 0.000100741
FILLER_0_38_249, 117.54, 114.24, 0.000100741
FILLER_0_39_249, 117.54, 114.24, 0.000100741
_558_, 117.54, 108.8, 0.000102137
_918_, 117.54, 108.8, 0.000102137
FILLER_0_36_241, 117.54, 108.8, 0.000102137
FILLER_0_36_249, 117.54, 108.8, 0.000102137
_579_, 117.54, 103.36, 0.000100848
_584_, 117.54, 103.36, 0.000100848
rebuffer17, 117.54, 103.36, 0.000100848
FILLER_0_34_242, 117.54, 103.36, 0.000100848
_534_, 117.54, 97.92, 9.92247e-05
FILLER_0_31_238, 117.54, 97.92, 9.92247e-05
FILLER_0_32_239, 117.54, 97.92, 9.92247e-05
FILLER_0_32_246, 117.54, 97.92, 9.92247e-05
FILLER_0_33_250, 117.54, 97.92, 9.92247e-05
_535_, 117.54, 92.48, 9.99514e-05
FILLER_0_30_242, 117.54, 92.48, 9.99514e-05
rebuffer16, 117.54, 87.04, 9.63026e-05
FILLER_0_28_248, 117.54, 87.04, 9.63026e-05
FILLER_0_29_249, 117.54, 87.04, 9.63026e-05
_497_, 117.54, 81.6, 9.81539e-05
_553_, 117.54, 81.6, 9.81539e-05
_554_, 117.54, 81.6, 9.81539e-05
FILLER_0_25_237, 117.54, 81.6, 9.81539e-05
FILLER_0_26_240, 117.54, 81.6, 9.81539e-05
FILLER_0_27_249, 117.54, 81.6, 9.81539e-05
_548_, 117.54, 76.16, 9.29926e-05
_679_, 117.54, 70.72, 9.67026e-05
_680_, 117.54, 70.72, 9.67026e-05
_681_, 117.54, 70.72, 9.67026e-05
FILLER_0_23_249, 117.54, 70.72, 9.67026e-05
_675_, 117.54, 65.28, 9.45254e-05
_678_, 117.54, 65.28, 9.45254e-05
input8, 117.54, 65.28, 9.45254e-05
FILLER_0_18_246, 117.54, 59.84, 9.26159e-05
FILLER_0_19_249, 117.54, 59.84, 9.26159e-05
_544_, 117.54, 54.4, 0.000104028
output32, 117.54, 54.4, 0.000104028
FILLER_0_17_249, 117.54, 54.4, 0.000104028
_545_, 117.54, 48.96, 9.51099e-05
_492_, 117.54, 43.52, 9.65548e-05
FILLER_0_12_248, 117.54, 43.52, 9.65548e-05
FILLER_0_13_249, 117.54, 43.52, 9.65548e-05
_486_, 117.54, 38.08, 9.80839e-05
_489_, 117.54, 38.08, 9.80839e-05
_490_, 117.54, 38.08, 9.80839e-05
_542_, 117.54, 38.08, 9.80839e-05
output23, 117.54, 32.64, 0.00010339
FILLER_0_8_249, 117.54, 32.64, 0.00010339
_499_, 117.54, 27.2, 9.91987e-05
FILLER_0_6_249, 117.54, 27.2, 9.91987e-05
FILLER_0_4_243, 117.54, 21.76, 9.79836e-05
FILLER_0_5_249, 117.54, 21.76, 9.79836e-05
FILLER_0_2_245, 117.54, 16.32, 0.00010468
FILLER_0_3_249, 117.54, 16.32, 0.00010468
input7, 117.54, 10.88, 9.99705e-05
FILLER_0_0_237, 117.54, 10.88, 9.99705e-05
FILLER_0_0_247, 117.54, 10.88, 9.99705e-05
FILLER_0_1_249, 117.54, 10.88, 9.99705e-05
FILLER_0_43_225, 110.94, 130.56, 0.000100165
input14, 110.94, 125.12, 0.000103216
_574_, 110.94, 114.24, 0.000102646
_557_, 110.94, 108.8, 0.000102306
_561_, 110.94, 108.8, 0.000102306
_564_, 110.94, 108.8, 0.000102306
FILLER_0_35_225, 110.94, 108.8, 0.000102306
rebuffer8, 110.94, 103.36, 0.000100778
FILLER_0_34_231, 110.94, 103.36, 0.000100778
FILLER_0_35_233, 110.94, 103.36, 0.000100778
_509_, 110.94, 97.92, 0.000100396
_578_, 110.94, 97.92, 0.000100396
_583_, 110.94, 97.92, 0.000100396
_533_, 110.94, 92.48, 9.8414e-05
_495_, 110.94, 87.04, 9.73449e-05
_496_, 110.94, 87.04, 9.73449e-05
_498_, 110.94, 87.04, 9.73449e-05
FILLER_0_28_222, 110.94, 87.04, 9.73449e-05
FILLER_0_27_234, 110.94, 81.6, 9.57304e-05
_682_, 110.94, 70.72, 9.73506e-05
FILLER_0_22_232, 110.94, 70.72, 9.73506e-05
_677_, 110.94, 65.28, 9.32464e-05
FILLER_0_21_234, 110.94, 65.28, 9.32464e-05
_541_, 110.94, 54.4, 0.0001002
_546_, 110.94, 54.4, 0.0001002
_547_, 110.94, 54.4, 0.0001002
_543_, 110.94, 48.96, 9.47441e-05
FILLER_0_11_225, 110.94, 43.52, 9.59405e-05
_487_, 110.94, 38.08, 9.77583e-05
_488_, 110.94, 38.08, 9.77583e-05
_491_, 110.94, 38.08, 9.77583e-05
FILLER_0_7_225, 110.94, 32.64, 9.96858e-05
_479_, 110.94, 27.2, 0.000100458
_501_, 110.94, 27.2, 0.000100458
_652_, 104.34, 125.12, 0.000103651
FILLER_0_43_219, 104.34, 125.12, 0.000103651
FILLER_0_41_217, 104.34, 119.68, 0.000100976
_576_, 104.34, 114.24, 0.000103151
FILLER_0_39_221, 104.34, 114.24, 0.000103151
_563_, 104.34, 108.8, 0.000101334
_575_, 104.34, 108.8, 0.000101334
FILLER_0_35_211, 104.34, 108.8, 0.000101334
FILLER_0_36_209, 104.34, 108.8, 0.000101334
FILLER_0_37_216, 104.34, 108.8, 0.000101334
_586_, 104.34, 103.36, 0.0001008
_917_, 104.34, 103.36, 0.0001008
FILLER_0_33_211, 104.34, 103.36, 0.0001008
FILLER_0_35_220, 104.34, 103.36, 0.0001008
_585_, 104.34, 97.92, 9.88035e-05
FILLER_0_32_221, 104.34, 97.92, 9.88035e-05
FILLER_0_33_219, 104.34, 97.92, 9.88035e-05
FILLER_0_30_217, 104.34, 92.48, 9.82225e-05
FILLER_0_31_219, 104.34, 92.48, 9.82225e-05
_565_, 104.34, 87.04, 9.58861e-05
_560_, 104.34, 81.6, 9.51627e-05
FILLER_0_27_217, 104.34, 81.6, 9.51627e-05
_552_, 104.34, 76.16, 9.19485e-05
FILLER_0_24_209, 104.34, 76.16, 9.19485e-05
FILLER_0_25_218, 104.34, 76.16, 9.19485e-05
_725_, 104.34, 70.72, 9.64279e-05
_726_, 104.34, 70.72, 9.64279e-05
_720_, 104.34, 65.28, 9.23057e-05
_722_, 104.34, 65.28, 9.23057e-05
FILLER_0_20_221, 104.34, 65.28, 9.23057e-05
FILLER_0_19_221, 104.34, 59.84, 9.2052e-05
_723_, 104.34, 54.4, 9.70263e-05
_724_, 104.34, 54.4, 9.70263e-05
FILLER_0_16_209, 104.34, 54.4, 9.70263e-05
_474_, 104.34, 48.96, 9.4354e-05
FILLER_0_15_218, 104.34, 48.96, 9.4354e-05
_467_, 104.34, 43.52, 9.61261e-05
_476_, 104.34, 43.52, 9.61261e-05
FILLER_0_12_212, 104.34, 43.52, 9.61261e-05
FILLER_0_13_216, 104.34, 43.52, 9.61261e-05
_483_, 104.34, 38.08, 9.75102e-05
FILLER_0_10_215, 104.34, 38.08, 9.75102e-05
FILLER_0_11_219, 104.34, 38.08, 9.75102e-05
FILLER_0_7_212, 104.34, 32.64, 9.81808e-05
_480_, 104.34, 27.2, 9.97558e-05
_500_, 104.34, 27.2, 9.97558e-05
FILLER_0_6_212, 104.34, 27.2, 9.97558e-05
FILLER_0_5_217, 104.34, 21.76, 9.78835e-05
FILLER_0_3_221, 104.34, 16.32, 9.88763e-05
FILLER_0_1_217, 104.34, 10.88, 9.86715e-05
input13, 97.74, 130.56, 0.000101177
_504_, 97.74, 125.12, 0.000103941
_567_, 97.74, 125.12, 0.000103941
FILLER_0_41_195, 97.74, 125.12, 0.000103941
FILLER_0_42_197, 97.74, 125.12, 0.000103941
_916_, 97.74, 119.68, 0.00010274
_577_, 97.74, 114.24, 0.000104725
_605_, 97.74, 114.24, 0.000104725
FILLER_0_37_198, 97.74, 114.24, 0.000104725
_607_, 97.74, 108.8, 0.000101215
_601_, 97.74, 103.36, 0.000102559
rebuffer18, 97.74, 103.36, 0.000102559
FILLER_0_33_197, 97.74, 103.36, 0.000102559
_530_, 97.74, 97.92, 9.83744e-05
_587_, 97.74, 97.92, 9.83744e-05
_532_, 97.74, 92.48, 0.000100298
_568_, 97.74, 92.48, 0.000100298
_569_, 97.74, 92.48, 0.000100298
FILLER_0_29_196, 97.74, 92.48, 0.000100298
_523_, 97.74, 87.04, 9.53574e-05
_529_, 97.74, 87.04, 9.53574e-05
_531_, 97.74, 87.04, 9.53574e-05
FILLER_0_27_196, 97.74, 87.04, 9.53574e-05
FILLER_0_28_197, 97.74, 87.04, 9.53574e-05
_528_, 97.74, 81.6, 9.40466e-05
_566_, 97.74, 81.6, 9.40466e-05
FILLER_0_26_197, 97.74, 81.6, 9.40466e-05
_559_, 97.74, 76.16, 9.06984e-05
_551_, 97.74, 70.72, 9.1098e-05
FILLER_0_21_196, 97.74, 70.72, 9.1098e-05
FILLER_0_22_197, 97.74, 70.72, 9.1098e-05
FILLER_0_22_205, 97.74, 70.72, 9.1098e-05
_721_, 97.74, 65.28, 9.11724e-05
_770_, 97.74, 65.28, 9.11724e-05
_673_, 97.74, 59.84, 9.23754e-05
_674_, 97.74, 59.84, 9.23754e-05
FILLER_0_18_197, 97.74, 59.84, 9.23754e-05
_518_, 97.74, 54.4, 9.51243e-05
_769_, 97.74, 54.4, 9.51243e-05
_516_, 97.74, 48.96, 9.40121e-05
_524_, 97.74, 48.96, 9.40121e-05
FILLER_0_15_207, 97.74, 48.96, 9.40121e-05
_512_, 97.74, 43.52, 9.5947e-05
FILLER_0_12_197, 97.74, 43.52, 9.5947e-05
FILLER_0_12_205, 97.74, 43.52, 9.5947e-05
FILLER_0_13_201, 97.74, 43.52, 9.5947e-05
_473_, 97.74, 38.08, 9.7463e-05
_481_, 97.74, 38.08, 9.7463e-05
_482_, 97.74, 38.08, 9.7463e-05
_472_, 97.74, 32.64, 9.8154e-05
_484_, 97.74, 32.64, 9.8154e-05
FILLER_0_7_200, 97.74, 32.64, 9.8154e-05
_477_, 97.74, 27.2, 9.89691e-05
_478_, 97.74, 27.2, 9.89691e-05
FILLER_0_6_204, 97.74, 27.2, 9.89691e-05
_466_, 97.74, 21.76, 9.8761e-05
input9, 97.74, 10.88, 9.9517e-05
FILLER_0_0_197, 97.74, 10.88, 9.9517e-05
_571_, 91.14, 125.12, 0.000104014
_611_, 91.14, 125.12, 0.000104014
FILLER_0_42_186, 91.14, 125.12, 0.000104014
FILLER_0_43_187, 91.14, 125.12, 0.000104014
_572_, 91.14, 119.68, 0.000105217
_573_, 91.14, 119.68, 0.000105217
_612_, 91.14, 119.68, 0.000105217
FILLER_0_40_191, 91.14, 119.68, 0.000105217
_606_, 91.14, 114.24, 0.000104375
_608_, 91.14, 114.24, 0.000104375
_591_, 91.14, 108.8, 0.000101952
_599_, 91.14, 108.8, 0.000101952
FILLER_0_36_186, 91.14, 108.8, 0.000101952
FILLER_0_37_191, 91.14, 108.8, 0.000101952
_588_, 91.14, 103.36, 0.000105241
_600_, 91.14, 103.36, 0.000105241
_602_, 91.14, 103.36, 0.000105241
FILLER_0_32_189, 91.14, 97.92, 9.70509e-05
_515_, 91.14, 92.48, 9.73933e-05
_581_, 91.14, 92.48, 9.73933e-05
FILLER_0_30_192, 91.14, 92.48, 9.73933e-05
FILLER_0_28_188, 91.14, 87.04, 9.36073e-05
FILLER_0_25_181, 91.14, 81.6, 9.07942e-05
FILLER_0_26_186, 91.14, 81.6, 9.07942e-05
_493_, 91.14, 76.16, 8.98786e-05
_494_, 91.14, 76.16, 8.98786e-05
_526_, 91.14, 76.16, 8.98786e-05
_550_, 91.14, 76.16, 8.98786e-05
_520_, 91.14, 70.72, 8.76478e-05
_521_, 91.14, 70.72, 8.76478e-05
FILLER_0_22_186, 91.14, 70.72, 8.76478e-05
_514_, 91.14, 65.28, 8.84198e-05
FILLER_0_20_191, 91.14, 65.28, 8.84198e-05
_503_, 91.14, 59.84, 9.08116e-05
_525_, 91.14, 59.84, 9.08116e-05
FILLER_0_18_185, 91.14, 59.84, 9.08116e-05
FILLER_0_18_193, 91.14, 59.84, 9.08116e-05
_517_, 91.14, 54.4, 9.25491e-05
FILLER_0_16_179, 91.14, 54.4, 9.25491e-05
FILLER_0_16_193, 91.14, 54.4, 9.25491e-05
FILLER_0_17_193, 91.14, 54.4, 9.25491e-05
_469_, 91.14, 48.96, 9.34509e-05
FILLER_0_14_193, 91.14, 48.96, 9.34509e-05
_510_, 91.14, 43.52, 9.54592e-05
_511_, 91.14, 43.52, 9.54592e-05
FILLER_0_12_184, 91.14, 43.52, 9.54592e-05
_470_, 91.14, 38.08, 9.67118e-05
_540_, 91.14, 38.08, 9.67118e-05
FILLER_0_10_187, 91.14, 38.08, 9.67118e-05
FILLER_0_11_187, 91.14, 38.08, 9.67118e-05
FILLER_0_9_190, 91.14, 32.64, 9.80628e-05
FILLER_0_6_189, 91.14, 27.2, 9.78303e-05
split8, 91.14, 21.76, 9.9064e-05
FILLER_0_3_184, 91.14, 21.76, 9.9064e-05
FILLER_0_4_181, 91.14, 21.76, 9.9064e-05
FILLER_0_4_189, 91.14, 21.76, 9.9064e-05
_485_, 91.14, 16.32, 9.86404e-05
FILLER_0_2_189, 91.14, 16.32, 9.86404e-05
FILLER_0_0_187, 91.14, 10.88, 0.000100722
input6, 84.54, 130.56, 0.000102096
FILLER_0_43_165, 84.54, 130.56, 0.000102096
FILLER_0_41_169, 84.54, 125.12, 0.000103607
FILLER_0_42_177, 84.54, 125.12, 0.000103607
_570_, 84.54, 119.68, 0.000106288
_613_, 84.54, 119.68, 0.000106288
_915_, 84.54, 119.68, 0.000106288
_465_, 84.54, 114.24, 0.000102654
_562_, 84.54, 108.8, 0.000101427
_590_, 84.54, 108.8, 0.000101427
FILLER_0_36_165, 84.54, 108.8, 0.000101427
FILLER_0_33_169, 84.54, 103.36, 0.000101741
_508_, 84.54, 92.48, 9.60153e-05
FILLER_0_29_165, 84.54, 92.48, 9.60153e-05
FILLER_0_29_169, 84.54, 92.48, 9.60153e-05
FILLER_0_30_165, 84.54, 92.48, 9.60153e-05
_582_, 84.54, 87.04, 9.33997e-05
_683_, 84.54, 87.04, 9.33997e-05
_522_, 84.54, 81.6, 8.86816e-05
FILLER_0_23_169, 84.54, 76.16, 8.79033e-05
FILLER_0_24_173, 84.54, 76.16, 8.79033e-05
_519_, 84.54, 70.72, 8.34574e-05
_527_, 84.54, 70.72, 8.34574e-05
FILLER_0_22_177, 84.54, 70.72, 8.34574e-05
_513_, 84.54, 65.28, 8.4628e-05
FILLER_0_19_169, 84.54, 65.28, 8.4628e-05
FILLER_0_20_165, 84.54, 65.28, 8.4628e-05
_506_, 84.54, 59.84, 9.03721e-05
_507_, 84.54, 59.84, 9.03721e-05
_502_, 84.54, 54.4, 9.04161e-05
FILLER_0_16_165, 84.54, 54.4, 9.04161e-05
_468_, 84.54, 48.96, 9.30945e-05
_536_, 84.54, 48.96, 9.30945e-05
_922_, 84.54, 48.96, 9.30945e-05
_471_, 84.54, 43.52, 9.55327e-05
_920_, 84.54, 43.52, 9.55327e-05
FILLER_0_13_174, 84.54, 43.52, 9.55327e-05
_537_, 84.54, 38.08, 9.58156e-05
FILLER_0_10_175, 84.54, 38.08, 9.58156e-05
_475_, 84.54, 32.64, 9.96566e-05
_538_, 84.54, 32.64, 9.96566e-05
_539_, 84.54, 32.64, 9.96566e-05
FILLER_0_9_178, 84.54, 32.64, 9.96566e-05
_919_, 84.54, 21.76, 9.98726e-05
_921_, 84.54, 21.76, 9.98726e-05
FILLER_0_3_165, 84.54, 21.76, 9.98726e-05
FILLER_0_4_168, 84.54, 21.76, 9.98726e-05
FILLER_0_1_165, 84.54, 16.32, 9.87793e-05
FILLER_0_3_176, 84.54, 16.32, 9.87793e-05
output29, 84.54, 10.88, 0.000104269
FILLER_0_0_165, 84.54, 10.88, 0.000104269
_634_, 77.94, 125.12, 0.000105249
_614_, 77.94, 119.68, 0.000106408
_623_, 77.94, 119.68, 0.000106408
FILLER_0_41_162, 77.94, 119.68, 0.000106408
_463_, 77.94, 108.8, 0.00010141
_464_, 77.94, 108.8, 0.00010141
FILLER_0_37_163, 77.94, 108.8, 0.00010141
_672_, 77.94, 103.36, 0.000101687
FILLER_0_34_153, 77.94, 103.36, 0.000101687
_671_, 77.94, 97.92, 9.83038e-05
FILLER_0_33_159, 77.94, 97.92, 9.83038e-05
_555_, 77.94, 92.48, 9.57426e-05
FILLER_0_31_161, 77.94, 92.48, 9.57426e-05
_684_, 77.94, 87.04, 9.40133e-05
_730_, 77.94, 87.04, 9.40133e-05
_729_, 77.94, 81.6, 8.6728e-05
_768_, 77.94, 76.16, 8.84684e-05
FILLER_0_25_161, 77.94, 76.16, 8.84684e-05
_727_, 77.94, 70.72, 7.8533e-05
_767_, 77.94, 70.72, 7.8533e-05
FILLER_0_22_153, 77.94, 70.72, 7.8533e-05
FILLER_0_21_161, 77.94, 65.28, 8.1314e-05
_773_, 77.94, 59.84, 8.97221e-05
_774_, 77.94, 59.84, 8.97221e-05
_775_, 77.94, 59.84, 8.97221e-05
FILLER_0_19_161, 77.94, 59.84, 8.97221e-05
_810_, 77.94, 54.4, 8.91758e-05
FILLER_0_17_159, 77.94, 54.4, 8.91758e-05
_580_, 77.94, 48.96, 9.27651e-05
_771_, 77.94, 48.96, 9.27651e-05
_772_, 77.94, 48.96, 9.27651e-05
FILLER_0_14_158, 77.94, 48.96, 9.27651e-05
FILLER_0_14_164, 77.94, 48.96, 9.27651e-05
FILLER_0_12_161, 77.94, 43.52, 9.42731e-05
FILLER_0_13_164, 77.94, 43.52, 9.42731e-05
FILLER_0_11_162, 77.94, 38.08, 9.58086e-05
_893_, 77.94, 32.64, 9.93638e-05
_894_, 77.94, 32.64, 9.93638e-05
_896_, 77.94, 32.64, 9.93638e-05
FILLER_0_9_161, 77.94, 32.64, 9.93638e-05
_895_, 77.94, 27.2, 9.86581e-05
FILLER_0_7_159, 77.94, 27.2, 9.86581e-05
_897_, 77.94, 21.76, 0.000101562
FILLER_0_3_157, 77.94, 21.76, 0.000101562
FILLER_0_0_157, 77.94, 10.88, 0.000102526
_616_, 71.34, 125.12, 0.000107658
FILLER_0_42_136, 71.34, 125.12, 0.000107658
_610_, 71.34, 119.68, 0.000107314
_615_, 71.34, 119.68, 0.000107314
_635_, 71.34, 119.68, 0.000107314
_636_, 71.34, 119.68, 0.000107314
FILLER_0_40_149, 71.34, 119.68, 0.000107314
_609_, 71.34, 114.24, 0.000101932
_624_, 71.34, 114.24, 0.000101932
FILLER_0_37_142, 71.34, 114.24, 0.000101932
_593_, 71.34, 108.8, 0.000101747
_594_, 71.34, 108.8, 0.000101747
FILLER_0_35_149, 71.34, 103.36, 0.000100483
_556_, 71.34, 97.92, 0.000101353
_589_, 71.34, 97.92, 0.000101353
FILLER_0_32_141, 71.34, 97.92, 0.000101353
_686_, 71.34, 92.48, 9.72135e-05
FILLER_0_29_138, 71.34, 92.48, 9.72135e-05
_685_, 71.34, 87.04, 9.28903e-05
FILLER_0_28_141, 71.34, 87.04, 9.28903e-05
FILLER_0_25_137, 71.34, 81.6, 8.45992e-05
FILLER_0_27_149, 71.34, 81.6, 8.45992e-05
_728_, 71.34, 76.16, 8.99399e-05
_731_, 71.34, 76.16, 8.99399e-05
rebuffer24, 71.34, 76.16, 8.99399e-05
_813_, 71.34, 65.28, 7.90819e-05
FILLER_0_19_142, 71.34, 65.28, 7.90819e-05
_776_, 71.34, 59.84, 9.07822e-05
_811_, 71.34, 59.84, 9.07822e-05
_814_, 71.34, 59.84, 9.07822e-05
FILLER_0_17_137, 71.34, 59.84, 9.07822e-05
_812_, 71.34, 54.4, 8.86774e-05
_734_, 71.34, 48.96, 9.24561e-05
_848_, 71.34, 48.96, 9.24561e-05
FILLER_0_13_137, 71.34, 48.96, 9.24561e-05
FILLER_0_14_150, 71.34, 48.96, 9.24561e-05
FILLER_0_15_146, 71.34, 48.96, 9.24561e-05
rebuffer9, 71.34, 43.52, 9.43227e-05
FILLER_0_11_143, 71.34, 43.52, 9.43227e-05
FILLER_0_12_141, 71.34, 43.52, 9.43227e-05
FILLER_0_13_150, 71.34, 43.52, 9.43227e-05
_733_, 71.34, 38.08, 9.68732e-05
_864_, 71.34, 38.08, 9.68732e-05
_456_, 71.34, 32.64, 9.93487e-05
_905_, 71.34, 32.64, 9.93487e-05
FILLER_0_7_136, 71.34, 32.64, 9.93487e-05
_906_, 71.34, 27.2, 9.94971e-05
FILLER_0_5_137, 71.34, 27.2, 9.94971e-05
FILLER_0_6_136, 71.34, 27.2, 9.94971e-05
FILLER_0_7_147, 71.34, 27.2, 9.94971e-05
_898_, 71.34, 21.76, 0.000105472
_899_, 71.34, 21.76, 0.000105472
_903_, 71.34, 21.76, 0.000105472
_907_, 71.34, 21.76, 0.000105472
FILLER_0_5_144, 71.34, 21.76, 0.000105472
_661_, 71.34, 16.32, 0.000102085
_662_, 71.34, 10.88, 0.000103806
split24, 71.34, 10.88, 0.000103806
FILLER_0_0_137, 71.34, 10.88, 0.000103806
FILLER_0_43_125, 64.74, 130.56, 0.000103264
_638_, 64.74, 125.12, 0.000110916
output28, 64.74, 125.12, 0.000110916
FILLER_0_43_135, 64.74, 125.12, 0.000110916
_637_, 64.74, 119.68, 0.000107568
FILLER_0_40_128, 64.74, 119.68, 0.000107568
FILLER_0_37_124, 64.74, 114.24, 0.000101663
FILLER_0_38_135, 64.74, 114.24, 0.000101663
_620_, 64.74, 108.8, 0.000102566
_621_, 64.74, 108.8, 0.000102566
FILLER_0_36_135, 64.74, 108.8, 0.000102566
_592_, 64.74, 103.36, 0.00010209
_597_, 64.74, 103.36, 0.00010209
_598_, 64.74, 103.36, 0.00010209
FILLER_0_32_133, 64.74, 97.92, 9.81714e-05
_595_, 64.74, 92.48, 9.59582e-05
FILLER_0_30_133, 64.74, 92.48, 9.59582e-05
_688_, 64.74, 87.04, 9.17418e-05
_690_, 64.74, 87.04, 9.17418e-05
FILLER_0_26_135, 64.74, 81.6, 8.41342e-05
_737_, 64.74, 76.16, 8.59388e-05
_738_, 64.74, 76.16, 8.59388e-05
_742_, 64.74, 76.16, 8.59388e-05
_732_, 64.74, 70.72, 7.05754e-05
FILLER_0_22_133, 64.74, 70.72, 7.05754e-05
FILLER_0_23_135, 64.74, 70.72, 7.05754e-05
_778_, 64.74, 65.28, 7.92302e-05
_780_, 64.74, 65.28, 7.92302e-05
_777_, 64.74, 59.84, 8.63879e-05
FILLER_0_18_132, 64.74, 59.84, 8.63879e-05
FILLER_0_19_134, 64.74, 59.84, 8.63879e-05
_816_, 64.74, 54.4, 8.96322e-05
FILLER_0_16_130, 64.74, 54.4, 8.96322e-05
_735_, 64.74, 48.96, 9.31756e-05
_815_, 64.74, 48.96, 9.31756e-05
_849_, 64.74, 48.96, 9.31756e-05
_851_, 64.74, 43.52, 9.5474e-05
_876_, 64.74, 38.08, 9.82808e-05
_879_, 64.74, 32.64, 9.99042e-05
_904_, 64.74, 21.76, 0.000109256
_908_, 64.74, 21.76, 0.000109256
FILLER_0_3_124, 64.74, 21.76, 0.000109256
_901_, 64.74, 16.32, 0.000106319
_902_, 64.74, 16.32, 0.000106319
FILLER_0_1_125, 64.74, 16.32, 0.000106319
_663_, 64.74, 10.88, 0.000105108
_664_, 64.74, 10.88, 0.000105108
input4, 64.74, 10.88, 0.000105108
FILLER_0_0_125, 64.74, 10.88, 0.000105108
_911_, 58.14, 125.12, 0.000108692
_912_, 58.14, 125.12, 0.000108692
FILLER_0_42_114, 58.14, 125.12, 0.000108692
_618_, 58.14, 119.68, 0.000109138
_629_, 58.14, 119.68, 0.000109138
FILLER_0_41_116, 58.14, 119.68, 0.000109138
_617_, 58.14, 114.24, 0.000102647
FILLER_0_37_108, 58.14, 114.24, 0.000102647
_603_, 58.14, 108.8, 0.000103948
_619_, 58.14, 108.8, 0.000103948
_596_, 58.14, 103.36, 0.000103639
_625_, 58.14, 103.36, 0.000103639
FILLER_0_33_108, 58.14, 103.36, 0.000103639
FILLER_0_31_108, 58.14, 97.92, 9.81255e-05
_689_, 58.14, 92.48, 9.78228e-05
FILLER_0_29_109, 58.14, 92.48, 9.78228e-05
FILLER_0_29_113, 58.14, 92.48, 9.78228e-05
FILLER_0_30_120, 58.14, 92.48, 9.78228e-05
_687_, 58.14, 87.04, 9.34412e-05
_691_, 58.14, 87.04, 9.34412e-05
FILLER_0_27_109, 58.14, 87.04, 9.34412e-05
FILLER_0_28_115, 58.14, 87.04, 9.34412e-05
rebuffer19, 58.14, 81.6, 8.71965e-05
FILLER_0_25_109, 58.14, 81.6, 8.71965e-05
rebuffer13, 58.14, 76.16, 8.67817e-05
FILLER_0_23_113, 58.14, 76.16, 8.67817e-05
FILLER_0_24_113, 58.14, 76.16, 8.67817e-05
FILLER_0_24_119, 58.14, 76.16, 8.67817e-05
_736_, 58.14, 70.72, 7.48362e-05
_779_, 58.14, 65.28, 8.47153e-05
_781_, 58.14, 65.28, 8.47153e-05
_783_, 58.14, 65.28, 8.47153e-05
_785_, 58.14, 65.28, 8.47153e-05
FILLER_0_19_109, 58.14, 65.28, 8.47153e-05
FILLER_0_19_120, 58.14, 59.84, 8.70837e-05
_817_, 58.14, 54.4, 9.26836e-05
_819_, 58.14, 54.4, 9.26836e-05
_850_, 58.14, 54.4, 9.26836e-05
FILLER_0_15_109, 58.14, 54.4, 9.26836e-05
FILLER_0_14_121, 58.14, 48.96, 9.45656e-05
_821_, 58.14, 43.52, 9.81168e-05
_852_, 58.14, 43.52, 9.81168e-05
FILLER_0_11_109, 58.14, 43.52, 9.81168e-05
_877_, 58.14, 38.08, 0.000101315
FILLER_0_11_120, 58.14, 38.08, 0.000101315
_857_, 58.14, 27.2, 0.0001054
_883_, 58.14, 27.2, 0.0001054
FILLER_0_3_109, 58.14, 21.76, 0.000107754
_885_, 58.14, 16.32, 0.000110036
_888_, 58.14, 16.32, 0.000110036
output27, 51.54, 130.56, 0.000108614
_913_, 51.54, 125.12, 0.000108396
_914_, 51.54, 125.12, 0.000108396
_630_, 51.54, 119.68, 0.000110134
_631_, 51.54, 119.68, 0.000110134
FILLER_0_39_94, 51.54, 119.68, 0.000110134
FILLER_0_41_102, 51.54, 119.68, 0.000110134
_604_, 51.54, 114.24, 0.000104314
FILLER_0_38_97, 51.54, 114.24, 0.000104314
FILLER_0_38_105, 51.54, 114.24, 0.000104314
_626_, 51.54, 108.8, 0.000106119
_622_, 51.54, 103.36, 0.000105348
_645_, 51.54, 103.36, 0.000105348
_692_, 51.54, 103.36, 0.000105348
FILLER_0_34_96, 51.54, 103.36, 0.000105348
_696_, 51.54, 97.92, 0.000100379
_693_, 51.54, 92.48, 0.000101528
_694_, 51.54, 92.48, 0.000101528
_695_, 51.54, 92.48, 0.000101528
rebuffer20, 51.54, 92.48, 0.000101528
FILLER_0_29_94, 51.54, 92.48, 0.000101528
_739_, 51.54, 87.04, 9.61769e-05
_743_, 51.54, 81.6, 9.13405e-05
FILLER_0_26_97, 51.54, 81.6, 9.13405e-05
FILLER_0_26_105, 51.54, 81.6, 9.13405e-05
FILLER_0_27_101, 51.54, 81.6, 9.13405e-05
_740_, 51.54, 76.16, 9.17051e-05
_782_, 51.54, 76.16, 9.17051e-05
rebuffer2, 51.54, 76.16, 9.17051e-05
FILLER_0_23_97, 51.54, 76.16, 9.17051e-05
FILLER_0_24_94, 51.54, 76.16, 9.17051e-05
_741_, 51.54, 70.72, 8.05559e-05
_786_, 51.54, 65.28, 8.9918e-05
_809_, 51.54, 65.28, 8.9918e-05
FILLER_0_19_93, 51.54, 65.28, 8.9918e-05
FILLER_0_20_93, 51.54, 65.28, 8.9918e-05
FILLER_0_21_105, 51.54, 65.28, 8.9918e-05
_784_, 51.54, 59.84, 9.09871e-05
_818_, 51.54, 54.4, 9.42165e-05
FILLER_0_15_93, 51.54, 54.4, 9.42165e-05
FILLER_0_17_103, 51.54, 54.4, 9.42165e-05
_820_, 51.54, 48.96, 9.83465e-05
_853_, 51.54, 43.52, 0.000100766
FILLER_0_13_107, 51.54, 43.52, 0.000100766
_854_, 51.54, 38.08, 0.000106144
_855_, 51.54, 38.08, 0.000106144
_856_, 51.54, 38.08, 0.000106144
_878_, 51.54, 38.08, 0.000106144
FILLER_0_10_107, 51.54, 38.08, 0.000106144
_657_, 51.54, 32.64, 0.000105361
_882_, 51.54, 32.64, 0.000105361
FILLER_0_8_97, 51.54, 32.64, 0.000105361
FILLER_0_9_105, 51.54, 32.64, 0.000105361
_658_, 51.54, 27.2, 0.000109032
_880_, 51.54, 27.2, 0.000109032
FILLER_0_5_93, 51.54, 27.2, 0.000109032
FILLER_0_6_94, 51.54, 27.2, 0.000109032
FILLER_0_7_102, 51.54, 27.2, 0.000109032
_884_, 51.54, 21.76, 0.000110517
_886_, 51.54, 21.76, 0.000110517
_887_, 51.54, 21.76, 0.000110517
rebuffer14, 51.54, 21.76, 0.000110517
rebuffer15, 51.54, 21.76, 0.000110517
FILLER_0_4_97, 51.54, 21.76, 0.000110517
FILLER_0_5_105, 51.54, 21.76, 0.000110517
_890_, 51.54, 16.32, 0.000115511
_900_, 51.54, 16.32, 0.000115511
FILLER_0_1_103, 51.54, 10.88, 0.000108531
FILLER_0_43_79, 44.94, 130.56, 0.000107278
FILLER_0_43_85, 44.94, 130.56, 0.000107278
_639_, 44.94, 125.12, 0.000110012
rebuffer5, 44.94, 125.12, 0.000110012
FILLER_0_42_88, 44.94, 125.12, 0.000110012
_458_, 44.94, 119.68, 0.000110335
FILLER_0_39_85, 44.94, 119.68, 0.000110335
FILLER_0_40_91, 44.94, 119.68, 0.000110335
FILLER_0_41_90, 44.94, 119.68, 0.000110335
_459_, 44.94, 114.24, 0.000105442
_460_, 44.94, 108.8, 0.00010473
_505_, 44.94, 103.36, 0.000105374
_644_, 44.94, 103.36, 0.000105374
FILLER_0_35_88, 44.94, 103.36, 0.000105374
_746_, 44.94, 97.92, 0.00010114
FILLER_0_32_80, 44.94, 97.92, 0.00010114
_697_, 44.94, 92.48, 0.000103234
FILLER_0_31_89, 44.94, 92.48, 0.000103234
_454_, 44.94, 87.04, 9.81505e-05
_455_, 44.94, 87.04, 9.81505e-05
_744_, 44.94, 81.6, 9.37768e-05
rebuffer11, 44.94, 81.6, 9.37768e-05
_711_, 44.94, 76.16, 9.58395e-05
FILLER_0_23_79, 44.94, 76.16, 9.58395e-05
FILLER_0_24_80, 44.94, 76.16, 9.58395e-05
FILLER_0_25_90, 44.94, 76.16, 9.58395e-05
_750_, 44.94, 70.72, 8.64593e-05
FILLER_0_20_85, 44.94, 65.28, 9.09056e-05
_800_, 44.94, 59.84, 9.65089e-05
_787_, 44.94, 54.4, 9.65615e-05
_827_, 44.94, 43.52, 0.000104234
_845_, 44.94, 43.52, 0.000104234
FILLER_0_10_85, 44.94, 38.08, 0.000104363
_837_, 44.94, 32.64, 0.000107992
FILLER_0_8_81, 44.94, 32.64, 0.000107992
_457_, 44.94, 27.2, 0.000111602
_891_, 44.94, 16.32, 0.00011645
FILLER_0_2_85, 44.94, 16.32, 0.00011645
output24, 44.94, 10.88, 0.000113741
FILLER_0_0_85, 44.94, 10.88, 0.000113741
_633_, 38.34, 125.12, 0.000112317
_640_, 38.34, 125.12, 0.000112317
_653_, 38.34, 119.68, 0.000114992
_654_, 38.34, 119.68, 0.000114992
FILLER_0_39_69, 38.34, 119.68, 0.000114992
FILLER_0_40_75, 38.34, 119.68, 0.000114992
_632_, 38.34, 114.24, 0.000106871
FILLER_0_38_77, 38.34, 114.24, 0.000106871
_461_, 38.34, 108.8, 0.000105475
_627_, 38.34, 108.8, 0.000105475
_648_, 38.34, 108.8, 0.000105475
_462_, 38.34, 103.36, 0.000107505
_646_, 38.34, 103.36, 0.000107505
FILLER_0_33_71, 38.34, 103.36, 0.000107505
FILLER_0_34_66, 38.34, 103.36, 0.000107505
rebuffer6, 38.34, 97.92, 0.00010278
FILLER_0_31_70, 38.34, 97.92, 0.00010278
_698_, 38.34, 92.48, 0.000109268
_703_, 38.34, 92.48, 0.000109268
_747_, 38.34, 92.48, 0.000109268
FILLER_0_30_74, 38.34, 92.48, 0.000109268
_702_, 38.34, 87.04, 0.000101108
rebuffer10, 38.34, 81.6, 9.60097e-05
FILLER_0_26_77, 38.34, 81.6, 9.60097e-05
_765_, 38.34, 76.16, 0.000104685
_766_, 38.34, 76.16, 0.000104685
FILLER_0_25_74, 38.34, 76.16, 0.000104685
_759_, 38.34, 70.72, 9.30426e-05
FILLER_0_20_77, 38.34, 65.28, 9.46096e-05
_791_, 38.34, 59.84, 0.000105246
_824_, 38.34, 59.84, 0.000105246
_823_, 38.34, 54.4, 0.000100295
FILLER_0_16_74, 38.34, 54.4, 0.000100295
_825_, 38.34, 48.96, 0.000103318
FILLER_0_14_77, 38.34, 48.96, 0.000103318
_822_, 38.34, 43.52, 0.000109528
_846_, 38.34, 43.52, 0.000109528
_847_, 38.34, 43.52, 0.000109528
FILLER_0_12_74, 38.34, 43.52, 0.000109528
FILLER_0_13_75, 38.34, 43.52, 0.000109528
FILLER_0_10_77, 38.34, 38.08, 0.000105126
FILLER_0_11_72, 38.34, 38.08, 0.000105126
_873_, 38.34, 32.64, 0.000113294
_874_, 38.34, 32.64, 0.000113294
rebuffer12, 38.34, 32.64, 0.000113294
FILLER_0_8_67, 38.34, 32.64, 0.000113294
_875_, 38.34, 27.2, 0.00011715
_881_, 38.34, 27.2, 0.00011715
FILLER_0_6_72, 38.34, 27.2, 0.00011715
FILLER_0_7_72, 38.34, 27.2, 0.00011715
_909_, 38.34, 21.76, 0.000110587
FILLER_0_4_65, 38.34, 21.76, 0.000110587
FILLER_0_4_77, 38.34, 21.76, 0.000110587
_910_, 38.34, 16.32, 0.000118009
FILLER_0_1_69, 38.34, 16.32, 0.000118009
FILLER_0_2_78, 38.34, 16.32, 0.000118009
_892_, 38.34, 10.88, 0.000120679
FILLER_0_0_78, 38.34, 10.88, 0.000120679
input5, 31.74, 130.56, 0.000111169
FILLER_0_43_53, 31.74, 130.56, 0.000111169
FILLER_0_41_53, 31.74, 125.12, 0.000112874
FILLER_0_39_53, 31.74, 119.68, 0.00011728
_668_, 31.74, 114.24, 0.000109951
_669_, 31.74, 114.24, 0.000109951
_670_, 31.74, 114.24, 0.000109951
FILLER_0_37_51, 31.74, 114.24, 0.000109951
FILLER_0_36_59, 31.74, 108.8, 0.000105271
rebuffer4, 31.74, 103.36, 0.000110893
FILLER_0_33_57, 31.74, 103.36, 0.000110893
_705_, 31.74, 97.92, 0.000105523
rebuffer7, 31.74, 97.92, 0.000105523
FILLER_0_31_51, 31.74, 97.92, 0.000105523
FILLER_0_31_57, 31.74, 97.92, 0.000105523
FILLER_0_32_56, 31.74, 97.92, 0.000105523
_699_, 31.74, 92.48, 0.000114413
_700_, 31.74, 92.48, 0.000114413
_704_, 31.74, 92.48, 0.000114413
rebuffer21, 31.74, 92.48, 0.000114413
FILLER_0_30_62, 31.74, 92.48, 0.000114413
FILLER_0_27_52, 31.74, 87.04, 0.000107281
FILLER_0_28_64, 31.74, 87.04, 0.000107281
_749_, 31.74, 81.6, 9.81263e-05
_752_, 31.74, 81.6, 9.81263e-05
_745_, 31.74, 76.16, 0.000114226
_748_, 31.74, 76.16, 0.000114226
_753_, 31.74, 76.16, 0.000114226
rebuffer1, 31.74, 76.16, 0.000114226
rebuffer23, 31.74, 76.16, 0.000114226
FILLER_0_24_50, 31.74, 76.16, 0.000114226
FILLER_0_21_52, 31.74, 70.72, 0.000101337
FILLER_0_19_52, 31.74, 65.28, 0.000100843
_788_, 31.74, 59.84, 0.000116026
_794_, 31.74, 59.84, 0.000116026
rebuffer3, 31.74, 59.84, 0.000116026
_790_, 31.74, 54.4, 0.000106011
_793_, 31.74, 54.4, 0.000106011
FILLER_0_15_53, 31.74, 54.4, 0.000106011
_829_, 31.74, 48.96, 0.000104146
_830_, 31.74, 48.96, 0.000104146
_826_, 31.74, 43.52, 0.000113091
_834_, 31.74, 43.52, 0.000113091
_835_, 31.74, 43.52, 0.000113091
_859_, 31.74, 43.52, 0.000113091
FILLER_0_11_53, 31.74, 43.52, 0.000113091
FILLER_0_12_50, 31.74, 43.52, 0.000113091
FILLER_0_13_62, 31.74, 43.52, 0.000113091
_858_, 31.74, 32.64, 0.000117975
_862_, 31.74, 32.64, 0.000117975
_866_, 31.74, 27.2, 0.000121496
FILLER_0_7_64, 31.74, 27.2, 0.000121496
FILLER_0_3_52, 31.74, 21.76, 0.000113283
FILLER_0_2_64, 31.74, 16.32, 0.000122336
output21, 31.74, 10.88, 0.000131503
FILLER_0_0_53, 31.74, 10.88, 0.000131503
_641_, 25.14, 119.68, 0.000127653
_719_, 25.14, 119.68, 0.000127653
FILLER_0_39_35, 25.14, 119.68, 0.000127653
FILLER_0_40_41, 25.14, 119.68, 0.000127653
FILLER_0_41_45, 25.14, 119.68, 0.000127653
_628_, 25.14, 114.24, 0.000109629
FILLER_0_39_45, 25.14, 114.24, 0.000109629
_649_, 25.14, 108.8, 0.000106682
_650_, 25.14, 108.8, 0.000106682
FILLER_0_36_41, 25.14, 108.8, 0.000106682
_642_, 25.14, 103.36, 0.00011736
_643_, 25.14, 103.36, 0.00011736
_647_, 25.14, 103.36, 0.00011736
_651_, 25.14, 103.36, 0.00011736
FILLER_0_35_49, 25.14, 103.36, 0.00011736
_655_, 25.14, 97.92, 0.000108827
FILLER_0_32_41, 25.14, 97.92, 0.000108827
FILLER_0_33_46, 25.14, 97.92, 0.000108827
_706_, 25.14, 92.48, 0.000116464
FILLER_0_30_41, 25.14, 92.48, 0.000116464
_701_, 25.14, 87.04, 0.000120054
_708_, 25.14, 87.04, 0.000120054
_709_, 25.14, 87.04, 0.000120054
_754_, 25.14, 87.04, 0.000120054
FILLER_0_29_49, 25.14, 87.04, 0.000120054
_755_, 25.14, 76.16, 0.000119163
_756_, 25.14, 76.16, 0.000119163
_757_, 25.14, 76.16, 0.000119163
_758_, 25.14, 76.16, 0.000119163
FILLER_0_25_48, 25.14, 76.16, 0.000119163
_751_, 25.14, 70.72, 0.000115447
_795_, 25.14, 70.72, 0.000115447
_796_, 25.14, 65.28, 0.000111523
_789_, 25.14, 59.84, 0.000129855
_792_, 25.14, 59.84, 0.000129855
_798_, 25.14, 59.84, 0.000129855
_799_, 25.14, 59.84, 0.000129855
_831_, 25.14, 59.84, 0.000129855
FILLER_0_17_35, 25.14, 59.84, 0.000129855
FILLER_0_16_41, 25.14, 54.4, 0.000113701
FILLER_0_17_46, 25.14, 54.4, 0.000113701
_832_, 25.14, 48.96, 0.000105113
FILLER_0_13_40, 25.14, 48.96, 0.000105113
FILLER_0_15_45, 25.14, 48.96, 0.000105113
_828_, 25.14, 43.52, 0.000117743
_833_, 25.14, 43.52, 0.000117743
_836_, 25.14, 43.52, 0.000117743
rebuffer22, 25.14, 43.52, 0.000117743
FILLER_0_11_39, 25.14, 43.52, 0.000117743
_860_, 25.14, 38.08, 0.000112006
_843_, 25.14, 32.64, 0.000125783
FILLER_0_7_37, 25.14, 32.64, 0.000125783
FILLER_0_8_44, 25.14, 32.64, 0.000125783
_861_, 25.14, 27.2, 0.000133005
_863_, 25.14, 27.2, 0.000133005
_865_, 25.14, 27.2, 0.000133005
FILLER_0_5_39, 25.14, 27.2, 0.000133005
FILLER_0_6_41, 25.14, 27.2, 0.000133005
_867_, 25.14, 21.76, 0.000117367
FILLER_0_3_39, 25.14, 21.76, 0.000117367
_868_, 25.14, 16.32, 0.000132928
_870_, 25.14, 16.32, 0.000132928
_871_, 25.14, 16.32, 0.000132928
_872_, 25.14, 16.32, 0.000132928
_889_, 25.14, 16.32, 0.000132928
FILLER_0_1_46, 25.14, 10.88, 0.000137175
PHY_86, 5.52, 130.56, 0.000134139
output22, 15.33, 130.56, 0.000134139
PHY_82, 5.52, 125.12, 0.000157215
PHY_84, 5.52, 125.12, 0.000157215
output31, 5.52, 125.12, 0.000157215
FILLER_0_43_9, 5.52, 125.12, 0.000157215
FILLER_0_43_23, 15.33, 125.12, 0.000137763
PHY_78, 5.52, 119.68, 0.000173279
PHY_80, 5.52, 119.68, 0.000173279
output18, 5.52, 119.68, 0.000173279
PHY_74, 5.52, 114.24, 0.00010963
PHY_76, 5.52, 114.24, 0.00010963
FILLER_0_38_29, 15.33, 114.24, 0.000109629
FILLER_0_39_27, 15.33, 114.24, 0.000109629
PHY_70, 5.52, 108.8, 0.000106682
PHY_72, 5.52, 108.8, 0.000106682
PHY_66, 5.52, 103.36, 0.000129764
PHY_68, 5.52, 103.36, 0.000129764
input2, 5.52, 103.36, 0.000129764
_656_, 15.33, 103.36, 0.00012765
_707_, 15.33, 103.36, 0.00012765
FILLER_0_33_15, 15.33, 103.36, 0.00012765
PHY_62, 5.52, 97.92, 0.000118674
PHY_64, 5.52, 97.92, 0.000118674
_659_, 15.33, 97.92, 0.000118674
_660_, 15.33, 97.92, 0.000118674
_716_, 5.52, 92.48, 0.00013578
PHY_58, 5.52, 92.48, 0.00013578
PHY_60, 5.52, 92.48, 0.00013578
FILLER_0_30_3, 5.52, 92.48, 0.00013578
_715_, 15.33, 92.48, 0.000130938
_717_, 15.33, 92.48, 0.000130938
_718_, 15.33, 92.48, 0.000130938
FILLER_0_30_20, 15.33, 92.48, 0.000130938
_714_, 5.52, 87.04, 0.000146465
PHY_54, 5.52, 87.04, 0.000146465
PHY_56, 5.52, 87.04, 0.000146465
FILLER_0_28_3, 5.52, 87.04, 0.000146465
_710_, 15.33, 87.04, 0.000143474
_712_, 15.33, 87.04, 0.000143474
_713_, 15.33, 87.04, 0.000143474
_761_, 15.33, 87.04, 0.000143474
PHY_50, 5.52, 81.6, 0.000101899
PHY_52, 5.52, 81.6, 0.000101899
input15, 5.52, 81.6, 0.000101899
FILLER_0_27_31, 15.33, 81.6, 0.000100191
_666_, 5.52, 76.16, 0.000132047
PHY_46, 5.52, 76.16, 0.000132047
PHY_48, 5.52, 76.16, 0.000132047
FILLER_0_24_3, 5.52, 76.16, 0.000132047
_665_, 15.33, 76.16, 0.000129062
_762_, 15.33, 76.16, 0.000129062
_804_, 15.33, 76.16, 0.000129062
FILLER_0_24_11, 15.33, 76.16, 0.000129062
FILLER_0_24_17, 15.33, 76.16, 0.000129062
FILLER_0_24_25, 15.33, 76.16, 0.000129062
FILLER_0_24_29, 15.33, 76.16, 0.000129062
_760_, 5.52, 70.72, 0.000148034
PHY_42, 5.52, 70.72, 0.000148034
PHY_44, 5.52, 70.72, 0.000148034
_763_, 15.33, 70.72, 0.00014253
_764_, 15.33, 70.72, 0.00014253
FILLER_0_23_22, 15.33, 70.72, 0.00014253
FILLER_0_23_30, 15.33, 70.72, 0.00014253
PHY_38, 5.52, 65.28, 0.000154937
PHY_40, 5.52, 65.28, 0.000154937
output30, 5.52, 65.28, 0.000154937
FILLER_0_21_9, 5.52, 65.28, 0.000154937
_805_, 15.33, 65.28, 0.000137886
_808_, 5.52, 59.84, 0.000152147
PHY_34, 5.52, 59.84, 0.000152147
PHY_36, 5.52, 59.84, 0.000152147
FILLER_0_18_3, 5.52, 59.84, 0.000152147
_797_, 15.33, 59.84, 0.00014423
_801_, 15.33, 59.84, 0.00014423
_802_, 15.33, 59.84, 0.00014423
_806_, 5.52, 54.4, 0.00014723
_807_, 5.52, 54.4, 0.00014723
PHY_30, 5.52, 54.4, 0.00014723
PHY_32, 5.52, 54.4, 0.00014723
FILLER_0_16_3, 5.52, 54.4, 0.00014723
FILLER_0_17_3, 5.52, 54.4, 0.00014723
_803_, 15.33, 54.4, 0.000138243
_841_, 15.33, 54.4, 0.000138243
FILLER_0_16_11, 15.33, 54.4, 0.000138243
_923_, 5.52, 48.96, 0.000109765
PHY_26, 5.52, 48.96, 0.000109765
PHY_28, 5.52, 48.96, 0.000109765
output17, 5.52, 48.96, 0.000109765
FILLER_0_14_3, 5.52, 48.96, 0.000109765
FILLER_0_14_25, 15.33, 48.96, 0.000107439
PHY_22, 5.52, 43.52, 0.000117743
PHY_24, 5.52, 43.52, 0.000117743
FILLER_0_12_29, 15.33, 43.52, 0.000117743
FILLER_0_13_27, 15.33, 43.52, 0.000117743
PHY_18, 5.52, 38.08, 0.000113773
PHY_20, 5.52, 38.08, 0.000113773
FILLER_0_10_3, 5.52, 38.08, 0.000113773
split25, 15.33, 38.08, 0.000113773
FILLER_0_10_17, 15.33, 38.08, 0.000113773
FILLER_0_10_25, 15.33, 38.08, 0.000113773
PHY_14, 5.52, 32.64, 0.000155041
PHY_16, 5.52, 32.64, 0.000155041
input3, 5.52, 32.64, 0.000155041
_838_, 15.33, 32.64, 0.000151656
_842_, 15.33, 32.64, 0.000151656
_869_, 15.33, 32.64, 0.000151656
FILLER_0_8_15, 15.33, 32.64, 0.000151656
PHY_10, 5.52, 27.2, 0.000153009
PHY_12, 5.52, 27.2, 0.000153009
_839_, 15.33, 27.2, 0.000153009
_840_, 15.33, 27.2, 0.000153009
_844_, 15.33, 27.2, 0.000153009
FILLER_0_6_15, 15.33, 27.2, 0.000153009
PHY_6, 5.52, 21.76, 0.000121574
PHY_8, 5.52, 21.76, 0.000121574
_667_, 15.33, 21.76, 0.000121574
FILLER_0_3_15, 15.33, 21.76, 0.000121574
PHY_2, 5.52, 16.32, 0.000138684
PHY_4, 5.52, 16.32, 0.000138684
input11, 5.52, 16.32, 0.000138684
FILLER_0_2_21, 15.33, 16.32, 0.000135806
FILLER_0_2_29, 15.33, 16.32, 0.000135806
PHY_0, 5.52, 10.88, 0.000166308
input12, 5.52, 10.88, 0.000166308
output20, 15.33, 10.88, 0.000164134
FILLER_0_0_19, 15.33, 10.88, 0.000164134

