Instance name,  X location,  Y location,  Voltage 
input1, 120.84, 127.84, 1.7999
FILLER_0_42_246, 120.84, 127.84, 1.7999
FILLER_0_43_253, 120.84, 127.84, 1.7999
output26, 120.84, 122.4, 1.7999
FILLER_0_40_245, 120.84, 122.4, 1.7999
FILLER_0_41_249, 120.84, 122.4, 1.7999
FILLER_0_42_253, 120.84, 122.4, 1.7999
FILLER_0_38_249, 120.84, 116.96, 1.7999
FILLER_0_39_249, 120.84, 116.96, 1.7999
FILLER_0_40_253, 120.84, 116.96, 1.7999
FILLER_0_36_249, 120.84, 111.52, 1.7999
FILLER_0_37_251, 120.84, 111.52, 1.7999
FILLER_0_38_253, 120.84, 111.52, 1.7999
output25, 120.84, 106.08, 1.7999
FILLER_0_36_253, 120.84, 106.08, 1.7999
FILLER_0_32_246, 120.84, 100.64, 1.7999
FILLER_0_33_250, 120.84, 100.64, 1.7999
FILLER_0_34_253, 120.84, 100.64, 1.7999
_535_, 120.84, 95.2, 1.7999
FILLER_0_32_253, 120.84, 95.2, 1.7999
input10, 120.84, 89.76, 1.7999
FILLER_0_28_248, 120.84, 89.76, 1.7999
FILLER_0_29_249, 120.84, 89.76, 1.7999
FILLER_0_30_253, 120.84, 89.76, 1.7999
_497_, 120.84, 84.32, 1.79991
FILLER_0_27_249, 120.84, 84.32, 1.79991
FILLER_0_28_253, 120.84, 84.32, 1.79991
_548_, 120.84, 78.88, 1.79991
_549_, 120.84, 78.88, 1.79991
FILLER_0_25_255, 120.84, 78.88, 1.79991
_681_, 120.84, 73.44, 1.79991
FILLER_0_23_249, 120.84, 73.44, 1.79991
FILLER_0_24_253, 120.84, 73.44, 1.79991
_675_, 120.84, 68, 1.7999
input8, 120.84, 68, 1.7999
FILLER_0_22_253, 120.84, 68, 1.7999
_676_, 120.84, 62.56, 1.79991
FILLER_0_18_246, 120.84, 62.56, 1.79991
FILLER_0_19_249, 120.84, 62.56, 1.79991
output32, 120.84, 57.12, 1.79989
FILLER_0_17_249, 120.84, 57.12, 1.79989
FILLER_0_18_253, 120.84, 57.12, 1.79989
_545_, 120.84, 51.68, 1.7999
FILLER_0_15_254, 120.84, 51.68, 1.7999
FILLER_0_16_253, 120.84, 51.68, 1.7999
FILLER_0_12_248, 120.84, 46.24, 1.7999
FILLER_0_13_249, 120.84, 46.24, 1.7999
FILLER_0_14_253, 120.84, 46.24, 1.7999
_542_, 120.84, 40.8, 1.7999
FILLER_0_11_251, 120.84, 40.8, 1.7999
FILLER_0_12_253, 120.84, 40.8, 1.7999
output23, 120.84, 35.36, 1.79989
FILLER_0_8_249, 120.84, 35.36, 1.79989
FILLER_0_10_253, 120.84, 35.36, 1.79989
_499_, 120.84, 29.92, 1.7999
FILLER_0_6_249, 120.84, 29.92, 1.7999
FILLER_0_7_253, 120.84, 29.92, 1.7999
FILLER_0_8_253, 120.84, 29.92, 1.7999
FILLER_0_5_249, 120.84, 24.48, 1.7999
FILLER_0_6_253, 120.84, 24.48, 1.7999
FILLER_0_2_245, 120.84, 19.04, 1.7999
FILLER_0_3_249, 120.84, 19.04, 1.7999
FILLER_0_4_253, 120.84, 19.04, 1.7999
input16, 120.84, 13.6, 1.79988
output19, 120.84, 13.6, 1.79988
FILLER_0_0_247, 120.84, 13.6, 1.79988
FILLER_0_0_253, 120.84, 13.6, 1.79988
FILLER_0_1_249, 120.84, 13.6, 1.79988
input14, 114.24, 127.84, 1.7999
FILLER_0_43_238, 114.24, 127.84, 1.7999
_557_, 114.24, 111.52, 1.7999
FILLER_0_38_241, 114.24, 111.52, 1.7999
_558_, 114.24, 106.08, 1.7999
_918_, 114.24, 106.08, 1.7999
rebuffer8, 114.24, 106.08, 1.7999
FILLER_0_34_231, 114.24, 106.08, 1.7999
FILLER_0_35_233, 114.24, 106.08, 1.7999
FILLER_0_36_241, 114.24, 106.08, 1.7999
_579_, 114.24, 100.64, 1.7999
_583_, 114.24, 100.64, 1.7999
_584_, 114.24, 100.64, 1.7999
rebuffer17, 114.24, 100.64, 1.7999
FILLER_0_34_242, 114.24, 100.64, 1.7999
_534_, 114.24, 95.2, 1.7999
FILLER_0_31_238, 114.24, 95.2, 1.7999
FILLER_0_32_239, 114.24, 95.2, 1.7999
_496_, 114.24, 89.76, 1.7999
_498_, 114.24, 89.76, 1.7999
FILLER_0_30_242, 114.24, 89.76, 1.7999
rebuffer16, 114.24, 84.32, 1.79991
FILLER_0_27_234, 114.24, 84.32, 1.79991
_553_, 114.24, 78.88, 1.79991
_554_, 114.24, 78.88, 1.79991
FILLER_0_25_237, 114.24, 78.88, 1.79991
FILLER_0_26_240, 114.24, 78.88, 1.79991
FILLER_0_22_232, 114.24, 73.44, 1.79991
_679_, 114.24, 68, 1.7999
_680_, 114.24, 68, 1.7999
FILLER_0_21_234, 114.24, 68, 1.7999
_678_, 114.24, 62.56, 1.79991
_546_, 114.24, 57.12, 1.7999
_543_, 114.24, 51.68, 1.7999
_544_, 114.24, 51.68, 1.7999
_491_, 114.24, 40.8, 1.7999
_492_, 114.24, 40.8, 1.7999
_486_, 114.24, 35.36, 1.7999
_489_, 114.24, 35.36, 1.7999
_490_, 114.24, 35.36, 1.7999
_501_, 114.24, 29.92, 1.7999
FILLER_0_4_243, 114.24, 19.04, 1.7999
input7, 114.24, 13.6, 1.79989
FILLER_0_0_237, 114.24, 13.6, 1.79989
FILLER_0_43_219, 107.64, 127.84, 1.7999
FILLER_0_43_225, 107.64, 127.84, 1.7999
FILLER_0_41_217, 107.64, 122.4, 1.7999
FILLER_0_39_221, 107.64, 116.96, 1.7999
_561_, 107.64, 111.52, 1.7999
_563_, 107.64, 111.52, 1.7999
_574_, 107.64, 111.52, 1.7999
_575_, 107.64, 111.52, 1.7999
FILLER_0_37_216, 107.64, 111.52, 1.7999
_564_, 107.64, 106.08, 1.7999
_917_, 107.64, 106.08, 1.7999
FILLER_0_35_220, 107.64, 106.08, 1.7999
FILLER_0_35_225, 107.64, 106.08, 1.7999
_585_, 107.64, 100.64, 1.7999
FILLER_0_32_221, 107.64, 100.64, 1.7999
FILLER_0_33_219, 107.64, 100.64, 1.7999
_509_, 107.64, 95.2, 1.7999
_578_, 107.64, 95.2, 1.7999
FILLER_0_30_217, 107.64, 95.2, 1.7999
FILLER_0_31_219, 107.64, 95.2, 1.7999
_533_, 107.64, 89.76, 1.79991
FILLER_0_28_222, 107.64, 89.76, 1.79991
_495_, 107.64, 84.32, 1.79991
FILLER_0_27_217, 107.64, 84.32, 1.79991
FILLER_0_25_218, 107.64, 78.88, 1.79991
_682_, 107.64, 68, 1.7999
_720_, 107.64, 68, 1.7999
_722_, 107.64, 68, 1.7999
FILLER_0_20_221, 107.64, 68, 1.7999
_677_, 107.64, 62.56, 1.79991
FILLER_0_19_221, 107.64, 62.56, 1.79991
_724_, 107.64, 57.12, 1.7999
_541_, 107.64, 51.68, 1.7999
_547_, 107.64, 51.68, 1.7999
FILLER_0_15_218, 107.64, 51.68, 1.7999
_476_, 107.64, 46.24, 1.7999
FILLER_0_13_216, 107.64, 46.24, 1.7999
_483_, 107.64, 40.8, 1.7999
FILLER_0_10_215, 107.64, 40.8, 1.7999
FILLER_0_11_219, 107.64, 40.8, 1.7999
FILLER_0_11_225, 107.64, 40.8, 1.7999
_487_, 107.64, 35.36, 1.7999
_488_, 107.64, 35.36, 1.7999
_480_, 107.64, 29.92, 1.7999
_500_, 107.64, 29.92, 1.7999
FILLER_0_7_225, 107.64, 29.92, 1.7999
_479_, 107.64, 24.48, 1.7999
FILLER_0_5_217, 107.64, 24.48, 1.7999
FILLER_0_3_221, 107.64, 19.04, 1.7999
FILLER_0_1_217, 107.64, 13.6, 1.7999
_504_, 101.04, 127.84, 1.7999
_652_, 101.04, 122.4, 1.7999
_916_, 101.04, 122.4, 1.7999
_576_, 101.04, 111.52, 1.7999
_607_, 101.04, 111.52, 1.7999
FILLER_0_35_211, 101.04, 106.08, 1.7999
FILLER_0_36_209, 101.04, 106.08, 1.7999
_586_, 101.04, 100.64, 1.7999
_587_, 101.04, 100.64, 1.7999
FILLER_0_33_211, 101.04, 100.64, 1.7999
_532_, 101.04, 95.2, 1.7999
_529_, 101.04, 89.76, 1.79991
_531_, 101.04, 89.76, 1.79991
_528_, 101.04, 84.32, 1.79991
_565_, 101.04, 84.32, 1.79991
_566_, 101.04, 84.32, 1.79991
_559_, 101.04, 78.88, 1.79991
_560_, 101.04, 78.88, 1.79991
_551_, 101.04, 73.44, 1.79991
_552_, 101.04, 73.44, 1.79991
FILLER_0_22_205, 101.04, 73.44, 1.79991
FILLER_0_24_209, 101.04, 73.44, 1.79991
_721_, 101.04, 68, 1.7999
_725_, 101.04, 68, 1.7999
_726_, 101.04, 68, 1.7999
_674_, 101.04, 62.56, 1.79991
_769_, 101.04, 57.12, 1.79991
_723_, 101.04, 51.68, 1.79991
FILLER_0_15_207, 101.04, 51.68, 1.79991
FILLER_0_16_209, 101.04, 51.68, 1.79991
_474_, 101.04, 46.24, 1.7999
FILLER_0_12_205, 101.04, 46.24, 1.7999
FILLER_0_13_201, 101.04, 46.24, 1.7999
_467_, 101.04, 40.8, 1.7999
FILLER_0_12_212, 101.04, 40.8, 1.7999
_484_, 101.04, 35.36, 1.7999
_477_, 101.04, 29.92, 1.7999
FILLER_0_6_204, 101.04, 29.92, 1.7999
FILLER_0_7_212, 101.04, 29.92, 1.7999
FILLER_0_6_212, 101.04, 24.48, 1.7999
input9, 101.04, 13.6, 1.7999
input13, 94.44, 127.84, 1.7999
FILLER_0_43_187, 94.44, 127.84, 1.7999
_567_, 94.44, 122.4, 1.7999
_612_, 94.44, 122.4, 1.7999
FILLER_0_40_191, 94.44, 122.4, 1.7999
FILLER_0_41_195, 94.44, 122.4, 1.7999
FILLER_0_42_197, 94.44, 122.4, 1.7999
_606_, 94.44, 116.96, 1.7999
_608_, 94.44, 116.96, 1.7999
_577_, 94.44, 111.52, 1.7999
_605_, 94.44, 111.52, 1.7999
FILLER_0_37_191, 94.44, 111.52, 1.7999
FILLER_0_37_198, 94.44, 111.52, 1.7999
_600_, 94.44, 106.08, 1.7999
_601_, 94.44, 100.64, 1.7999
rebuffer18, 94.44, 100.64, 1.7999
FILLER_0_32_189, 94.44, 100.64, 1.7999
FILLER_0_33_197, 94.44, 100.64, 1.7999
_530_, 94.44, 95.2, 1.79991
FILLER_0_30_192, 94.44, 95.2, 1.79991
_568_, 94.44, 89.76, 1.79991
_569_, 94.44, 89.76, 1.79991
FILLER_0_28_188, 94.44, 89.76, 1.79991
FILLER_0_29_196, 94.44, 89.76, 1.79991
_523_, 94.44, 84.32, 1.79991
FILLER_0_27_196, 94.44, 84.32, 1.79991
FILLER_0_28_197, 94.44, 84.32, 1.79991
_493_, 94.44, 78.88, 1.79991
_550_, 94.44, 78.88, 1.79991
FILLER_0_26_197, 94.44, 78.88, 1.79991
FILLER_0_20_191, 94.44, 68, 1.79991
FILLER_0_21_196, 94.44, 68, 1.79991
FILLER_0_22_197, 94.44, 68, 1.79991
_525_, 94.44, 62.56, 1.79991
_770_, 94.44, 62.56, 1.79991
FILLER_0_18_193, 94.44, 62.56, 1.79991
_673_, 94.44, 57.12, 1.79991
FILLER_0_16_193, 94.44, 57.12, 1.79991
FILLER_0_17_193, 94.44, 57.12, 1.79991
FILLER_0_18_197, 94.44, 57.12, 1.79991
_518_, 94.44, 51.68, 1.79991
FILLER_0_14_193, 94.44, 51.68, 1.79991
_510_, 94.44, 46.24, 1.7999
_511_, 94.44, 46.24, 1.7999
_516_, 94.44, 46.24, 1.7999
_524_, 94.44, 46.24, 1.7999
_512_, 94.44, 40.8, 1.7999
FILLER_0_10_187, 94.44, 40.8, 1.7999
FILLER_0_11_187, 94.44, 40.8, 1.7999
FILLER_0_12_197, 94.44, 40.8, 1.7999
_473_, 94.44, 35.36, 1.7999
_481_, 94.44, 35.36, 1.7999
_482_, 94.44, 35.36, 1.7999
FILLER_0_9_190, 94.44, 35.36, 1.7999
_472_, 94.44, 29.92, 1.7999
FILLER_0_6_189, 94.44, 29.92, 1.7999
FILLER_0_7_200, 94.44, 29.92, 1.7999
_478_, 94.44, 24.48, 1.7999
split8, 94.44, 24.48, 1.7999
FILLER_0_4_189, 94.44, 24.48, 1.7999
_466_, 94.44, 19.04, 1.7999
_485_, 94.44, 19.04, 1.7999
FILLER_0_2_189, 94.44, 19.04, 1.7999
FILLER_0_0_187, 94.44, 13.6, 1.7999
FILLER_0_0_197, 94.44, 13.6, 1.7999
FILLER_0_42_177, 87.84, 127.84, 1.7999
_571_, 87.84, 122.4, 1.7999
_611_, 87.84, 122.4, 1.7999
_613_, 87.84, 122.4, 1.7999
FILLER_0_42_186, 87.84, 122.4, 1.7999
_572_, 87.84, 116.96, 1.7999
_573_, 87.84, 116.96, 1.7999
_590_, 87.84, 111.52, 1.7999
_591_, 87.84, 106.08, 1.7999
_599_, 87.84, 106.08, 1.7999
FILLER_0_36_186, 87.84, 106.08, 1.7999
_588_, 87.84, 100.64, 1.7999
_602_, 87.84, 100.64, 1.7999
_508_, 87.84, 95.2, 1.79991
_515_, 87.84, 89.76, 1.79991
_581_, 87.84, 89.76, 1.79991
_582_, 87.84, 89.76, 1.79991
_522_, 87.84, 84.32, 1.79991
FILLER_0_24_173, 87.84, 78.88, 1.79992
FILLER_0_25_181, 87.84, 78.88, 1.79992
FILLER_0_26_186, 87.84, 78.88, 1.79992
_494_, 87.84, 73.44, 1.79992
_519_, 87.84, 73.44, 1.79992
_526_, 87.84, 73.44, 1.79992
_527_, 87.84, 73.44, 1.79992
FILLER_0_22_177, 87.84, 73.44, 1.79992
_513_, 87.84, 68, 1.79991
_520_, 87.84, 68, 1.79991
_521_, 87.84, 68, 1.79991
FILLER_0_22_186, 87.84, 68, 1.79991
_506_, 87.84, 62.56, 1.79991
_507_, 87.84, 62.56, 1.79991
_514_, 87.84, 62.56, 1.79991
_502_, 87.84, 57.12, 1.79991
_503_, 87.84, 57.12, 1.79991
FILLER_0_18_185, 87.84, 57.12, 1.79991
_517_, 87.84, 51.68, 1.79991
_536_, 87.84, 51.68, 1.79991
FILLER_0_16_179, 87.84, 51.68, 1.79991
_469_, 87.84, 46.24, 1.7999
FILLER_0_13_174, 87.84, 46.24, 1.7999
FILLER_0_10_175, 87.84, 40.8, 1.7999
FILLER_0_12_184, 87.84, 40.8, 1.7999
_470_, 87.84, 35.36, 1.7999
_475_, 87.84, 35.36, 1.7999
_540_, 87.84, 35.36, 1.7999
FILLER_0_9_178, 87.84, 35.36, 1.7999
_919_, 87.84, 24.48, 1.7999
FILLER_0_3_176, 87.84, 19.04, 1.7999
FILLER_0_3_184, 87.84, 19.04, 1.7999
FILLER_0_4_181, 87.84, 19.04, 1.7999
input6, 81.24, 127.84, 1.7999
FILLER_0_43_165, 81.24, 127.84, 1.7999
_614_, 81.24, 122.4, 1.7999
_623_, 81.24, 122.4, 1.7999
FILLER_0_41_162, 81.24, 122.4, 1.7999
FILLER_0_41_169, 81.24, 122.4, 1.7999
_570_, 81.24, 116.96, 1.7999
_915_, 81.24, 116.96, 1.7999
_464_, 81.24, 111.52, 1.7999
_465_, 81.24, 111.52, 1.7999
FILLER_0_37_163, 81.24, 111.52, 1.7999
_562_, 81.24, 106.08, 1.7999
_672_, 81.24, 106.08, 1.7999
FILLER_0_36_165, 81.24, 106.08, 1.7999
_671_, 81.24, 100.64, 1.7999
FILLER_0_33_159, 81.24, 100.64, 1.7999
FILLER_0_33_169, 81.24, 100.64, 1.7999
FILLER_0_31_161, 81.24, 95.2, 1.79991
FILLER_0_29_165, 81.24, 89.76, 1.79991
FILLER_0_29_169, 81.24, 89.76, 1.79991
FILLER_0_30_165, 81.24, 89.76, 1.79991
_683_, 81.24, 84.32, 1.79991
_729_, 81.24, 84.32, 1.79991
FILLER_0_25_161, 81.24, 78.88, 1.79992
_767_, 81.24, 73.44, 1.79992
FILLER_0_23_169, 81.24, 73.44, 1.79992
FILLER_0_21_161, 81.24, 68, 1.79992
_775_, 81.24, 62.56, 1.79991
FILLER_0_19_161, 81.24, 62.56, 1.79991
FILLER_0_19_169, 81.24, 62.56, 1.79991
FILLER_0_20_165, 81.24, 62.56, 1.79991
FILLER_0_17_159, 81.24, 57.12, 1.79991
_771_, 81.24, 51.68, 1.79991
_772_, 81.24, 51.68, 1.79991
FILLER_0_14_158, 81.24, 51.68, 1.79991
FILLER_0_14_164, 81.24, 51.68, 1.79991
FILLER_0_16_165, 81.24, 51.68, 1.79991
_468_, 81.24, 46.24, 1.7999
_922_, 81.24, 46.24, 1.7999
FILLER_0_12_161, 81.24, 46.24, 1.7999
FILLER_0_13_164, 81.24, 46.24, 1.7999
_471_, 81.24, 40.8, 1.7999
_920_, 81.24, 40.8, 1.7999
FILLER_0_11_162, 81.24, 40.8, 1.7999
_537_, 81.24, 35.36, 1.7999
_893_, 81.24, 35.36, 1.7999
FILLER_0_9_161, 81.24, 35.36, 1.7999
_538_, 81.24, 29.92, 1.7999
_539_, 81.24, 29.92, 1.7999
FILLER_0_7_159, 81.24, 29.92, 1.7999
_921_, 81.24, 19.04, 1.7999
FILLER_0_3_165, 81.24, 19.04, 1.7999
FILLER_0_4_168, 81.24, 19.04, 1.7999
output29, 81.24, 13.6, 1.79989
FILLER_0_0_165, 81.24, 13.6, 1.79989
FILLER_0_1_165, 81.24, 13.6, 1.79989
_610_, 74.64, 122.4, 1.79989
_634_, 74.64, 122.4, 1.79989
_635_, 74.64, 122.4, 1.79989
FILLER_0_40_149, 74.64, 122.4, 1.79989
_594_, 74.64, 111.52, 1.7999
_463_, 74.64, 106.08, 1.7999
FILLER_0_35_149, 74.64, 106.08, 1.7999
_556_, 74.64, 100.64, 1.7999
_589_, 74.64, 100.64, 1.7999
FILLER_0_34_153, 74.64, 100.64, 1.7999
_555_, 74.64, 89.76, 1.79991
_685_, 74.64, 89.76, 1.79991
_684_, 74.64, 84.32, 1.79991
_730_, 74.64, 84.32, 1.79991
FILLER_0_27_149, 74.64, 84.32, 1.79991
rebuffer24, 74.64, 78.88, 1.79992
_768_, 74.64, 73.44, 1.79992
_727_, 74.64, 68, 1.79992
FILLER_0_22_153, 74.64, 68, 1.79992
_776_, 74.64, 62.56, 1.79991
_811_, 74.64, 62.56, 1.79991
_773_, 74.64, 57.12, 1.79991
_774_, 74.64, 57.12, 1.79991
_812_, 74.64, 57.12, 1.79991
_810_, 74.64, 51.68, 1.79991
FILLER_0_14_150, 74.64, 51.68, 1.79991
FILLER_0_15_146, 74.64, 51.68, 1.79991
_580_, 74.64, 46.24, 1.7999
rebuffer9, 74.64, 46.24, 1.7999
FILLER_0_13_150, 74.64, 46.24, 1.7999
_733_, 74.64, 40.8, 1.7999
_894_, 74.64, 29.92, 1.7999
_896_, 74.64, 29.92, 1.7999
FILLER_0_7_147, 74.64, 29.92, 1.7999
_895_, 74.64, 24.48, 1.7999
_898_, 74.64, 24.48, 1.7999
FILLER_0_5_144, 74.64, 24.48, 1.7999
_897_, 74.64, 19.04, 1.79989
FILLER_0_3_157, 74.64, 19.04, 1.79989
_662_, 74.64, 13.6, 1.79989
FILLER_0_0_157, 74.64, 13.6, 1.79989
output28, 68.04, 127.84, 1.79989
FILLER_0_43_135, 68.04, 127.84, 1.79989
_616_, 68.04, 122.4, 1.79989
_637_, 68.04, 122.4, 1.79989
FILLER_0_42_136, 68.04, 122.4, 1.79989
_615_, 68.04, 116.96, 1.7999
_636_, 68.04, 116.96, 1.7999
FILLER_0_38_135, 68.04, 116.96, 1.7999
_609_, 68.04, 111.52, 1.7999
_620_, 68.04, 111.52, 1.7999
_621_, 68.04, 111.52, 1.7999
_624_, 68.04, 111.52, 1.7999
FILLER_0_36_135, 68.04, 111.52, 1.7999
FILLER_0_37_142, 68.04, 111.52, 1.7999
_592_, 68.04, 106.08, 1.7999
_593_, 68.04, 106.08, 1.7999
FILLER_0_32_133, 68.04, 100.64, 1.7999
FILLER_0_30_133, 68.04, 95.2, 1.79991
FILLER_0_32_141, 68.04, 95.2, 1.79991
_686_, 68.04, 89.76, 1.79991
_688_, 68.04, 89.76, 1.79991
FILLER_0_29_138, 68.04, 89.76, 1.79991
FILLER_0_26_135, 68.04, 84.32, 1.79992
FILLER_0_28_141, 68.04, 84.32, 1.79992
_737_, 68.04, 78.88, 1.79992
FILLER_0_25_137, 68.04, 78.88, 1.79992
_728_, 68.04, 73.44, 1.79992
_731_, 68.04, 73.44, 1.79992
_732_, 68.04, 73.44, 1.79992
FILLER_0_22_133, 68.04, 73.44, 1.79992
FILLER_0_23_135, 68.04, 73.44, 1.79992
_778_, 68.04, 68, 1.79992
_777_, 68.04, 62.56, 1.79991
_813_, 68.04, 62.56, 1.79991
FILLER_0_18_132, 68.04, 62.56, 1.79991
FILLER_0_19_134, 68.04, 62.56, 1.79991
FILLER_0_19_142, 68.04, 62.56, 1.79991
_814_, 68.04, 57.12, 1.79991
FILLER_0_16_130, 68.04, 57.12, 1.79991
FILLER_0_17_137, 68.04, 57.12, 1.79991
_815_, 68.04, 51.68, 1.79991
_849_, 68.04, 51.68, 1.79991
_734_, 68.04, 46.24, 1.7999
_848_, 68.04, 46.24, 1.7999
FILLER_0_13_137, 68.04, 46.24, 1.7999
_876_, 68.04, 40.8, 1.7999
FILLER_0_11_143, 68.04, 40.8, 1.7999
FILLER_0_12_141, 68.04, 40.8, 1.7999
_864_, 68.04, 35.36, 1.7999
_879_, 68.04, 35.36, 1.7999
_456_, 68.04, 29.92, 1.7999
_905_, 68.04, 29.92, 1.7999
FILLER_0_7_136, 68.04, 29.92, 1.7999
_906_, 68.04, 24.48, 1.79989
_908_, 68.04, 24.48, 1.79989
FILLER_0_5_137, 68.04, 24.48, 1.79989
FILLER_0_6_136, 68.04, 24.48, 1.79989
_899_, 68.04, 19.04, 1.79989
_901_, 68.04, 19.04, 1.79989
_902_, 68.04, 19.04, 1.79989
_903_, 68.04, 19.04, 1.79989
_907_, 68.04, 19.04, 1.79989
_661_, 68.04, 13.6, 1.79989
_663_, 68.04, 13.6, 1.79989
_664_, 68.04, 13.6, 1.79989
split24, 68.04, 13.6, 1.79989
FILLER_0_0_137, 68.04, 13.6, 1.79989
_912_, 61.44, 127.84, 1.7999
FILLER_0_43_125, 61.44, 127.84, 1.7999
_638_, 61.44, 122.4, 1.7999
FILLER_0_41_116, 61.44, 122.4, 1.7999
FILLER_0_40_128, 61.44, 116.96, 1.7999
_603_, 61.44, 111.52, 1.7999
FILLER_0_37_124, 61.44, 111.52, 1.7999
_596_, 61.44, 106.08, 1.7999
_597_, 61.44, 100.64, 1.7999
_598_, 61.44, 100.64, 1.7999
FILLER_0_30_120, 61.44, 95.2, 1.79991
_595_, 61.44, 89.76, 1.7999
_687_, 61.44, 89.76, 1.7999
_691_, 61.44, 89.76, 1.7999
FILLER_0_28_115, 61.44, 89.76, 1.7999
_690_, 61.44, 84.32, 1.79992
rebuffer13, 61.44, 78.88, 1.79992
FILLER_0_24_119, 61.44, 78.88, 1.79992
_736_, 61.44, 73.44, 1.79992
_738_, 61.44, 73.44, 1.79992
_742_, 61.44, 73.44, 1.79992
_781_, 61.44, 68, 1.79992
_780_, 61.44, 62.56, 1.79991
FILLER_0_19_120, 61.44, 62.56, 1.79991
_817_, 61.44, 57.12, 1.79991
_816_, 61.44, 51.68, 1.7999
FILLER_0_14_121, 61.44, 51.68, 1.7999
_735_, 61.44, 46.24, 1.7999
_821_, 61.44, 46.24, 1.7999
_851_, 61.44, 40.8, 1.7999
FILLER_0_11_120, 61.44, 40.8, 1.7999
_857_, 61.44, 29.92, 1.79989
_885_, 61.44, 19.04, 1.79988
_904_, 61.44, 19.04, 1.79988
FILLER_0_3_124, 61.44, 19.04, 1.79988
input4, 61.44, 13.6, 1.79989
FILLER_0_0_125, 61.44, 13.6, 1.79989
FILLER_0_1_125, 61.44, 13.6, 1.79989
_630_, 54.84, 122.4, 1.7999
_911_, 54.84, 122.4, 1.7999
FILLER_0_41_102, 54.84, 122.4, 1.7999
FILLER_0_42_114, 54.84, 122.4, 1.7999
_604_, 54.84, 116.96, 1.79989
_618_, 54.84, 116.96, 1.79989
_629_, 54.84, 116.96, 1.79989
FILLER_0_38_105, 54.84, 116.96, 1.79989
_617_, 54.84, 111.52, 1.7999
FILLER_0_37_108, 54.84, 111.52, 1.7999
_619_, 54.84, 106.08, 1.79989
_622_, 54.84, 106.08, 1.79989
_692_, 54.84, 106.08, 1.79989
_625_, 54.84, 100.64, 1.7999
FILLER_0_33_108, 54.84, 100.64, 1.7999
_695_, 54.84, 95.2, 1.7999
rebuffer20, 54.84, 95.2, 1.7999
FILLER_0_31_108, 54.84, 95.2, 1.7999
_689_, 54.84, 89.76, 1.7999
_739_, 54.84, 89.76, 1.7999
FILLER_0_29_109, 54.84, 89.76, 1.7999
FILLER_0_29_113, 54.84, 89.76, 1.7999
FILLER_0_26_105, 54.84, 84.32, 1.79991
FILLER_0_27_101, 54.84, 84.32, 1.79991
FILLER_0_27_109, 54.84, 84.32, 1.79991
_740_, 54.84, 78.88, 1.79991
_782_, 54.84, 78.88, 1.79991
rebuffer2, 54.84, 78.88, 1.79991
rebuffer19, 54.84, 78.88, 1.79991
FILLER_0_25_109, 54.84, 78.88, 1.79991
_741_, 54.84, 73.44, 1.79992
FILLER_0_23_113, 54.84, 73.44, 1.79992
FILLER_0_24_113, 54.84, 73.44, 1.79992
_809_, 54.84, 68, 1.79991
FILLER_0_21_105, 54.84, 68, 1.79991
_779_, 54.84, 62.56, 1.79991
_783_, 54.84, 62.56, 1.79991
_784_, 54.84, 62.56, 1.79991
_785_, 54.84, 62.56, 1.79991
FILLER_0_19_109, 54.84, 62.56, 1.79991
_818_, 54.84, 57.12, 1.79991
FILLER_0_17_103, 54.84, 57.12, 1.79991
_819_, 54.84, 51.68, 1.7999
_820_, 54.84, 51.68, 1.7999
_850_, 54.84, 51.68, 1.7999
FILLER_0_15_109, 54.84, 51.68, 1.7999
FILLER_0_13_107, 54.84, 46.24, 1.7999
_852_, 54.84, 40.8, 1.7999
_854_, 54.84, 40.8, 1.7999
_855_, 54.84, 40.8, 1.7999
_878_, 54.84, 40.8, 1.7999
FILLER_0_10_107, 54.84, 40.8, 1.7999
FILLER_0_11_109, 54.84, 40.8, 1.7999
_877_, 54.84, 35.36, 1.79989
FILLER_0_9_105, 54.84, 35.36, 1.79989
_658_, 54.84, 29.92, 1.79989
_880_, 54.84, 29.92, 1.79989
FILLER_0_7_102, 54.84, 29.92, 1.79989
_883_, 54.84, 24.48, 1.79989
_887_, 54.84, 24.48, 1.79989
rebuffer14, 54.84, 24.48, 1.79989
rebuffer15, 54.84, 24.48, 1.79989
FILLER_0_5_105, 54.84, 24.48, 1.79989
_890_, 54.84, 19.04, 1.79988
_900_, 54.84, 19.04, 1.79988
FILLER_0_3_109, 54.84, 19.04, 1.79988
_888_, 54.84, 13.6, 1.79989
FILLER_0_1_103, 54.84, 13.6, 1.79989
output27, 48.24, 127.84, 1.79989
FILLER_0_42_88, 48.24, 127.84, 1.79989
_913_, 48.24, 122.4, 1.79989
_914_, 48.24, 122.4, 1.79989
FILLER_0_40_91, 48.24, 122.4, 1.79989
FILLER_0_41_90, 48.24, 122.4, 1.79989
_459_, 48.24, 116.96, 1.79989
_631_, 48.24, 116.96, 1.79989
FILLER_0_39_94, 48.24, 116.96, 1.79989
FILLER_0_38_97, 48.24, 111.52, 1.7999
_505_, 48.24, 106.08, 1.79989
_626_, 48.24, 106.08, 1.79989
FILLER_0_35_88, 48.24, 106.08, 1.79989
_645_, 48.24, 100.64, 1.7999
FILLER_0_34_96, 48.24, 100.64, 1.7999
_696_, 48.24, 95.2, 1.7999
_697_, 48.24, 95.2, 1.7999
FILLER_0_31_89, 48.24, 95.2, 1.7999
_693_, 48.24, 89.76, 1.7999
_694_, 48.24, 89.76, 1.7999
FILLER_0_29_94, 48.24, 89.76, 1.7999
_743_, 48.24, 78.88, 1.7999
FILLER_0_25_90, 48.24, 78.88, 1.7999
FILLER_0_26_97, 48.24, 78.88, 1.7999
_750_, 48.24, 73.44, 1.79991
FILLER_0_23_97, 48.24, 73.44, 1.79991
FILLER_0_24_94, 48.24, 73.44, 1.79991
_786_, 48.24, 62.56, 1.7999
_800_, 48.24, 62.56, 1.7999
FILLER_0_19_93, 48.24, 62.56, 1.7999
FILLER_0_20_93, 48.24, 62.56, 1.7999
FILLER_0_15_93, 48.24, 51.68, 1.7999
_853_, 48.24, 40.8, 1.79989
_856_, 48.24, 35.36, 1.79989
_657_, 48.24, 29.92, 1.79989
_882_, 48.24, 29.92, 1.79989
FILLER_0_8_97, 48.24, 29.92, 1.79989
FILLER_0_5_93, 48.24, 24.48, 1.79989
FILLER_0_6_94, 48.24, 24.48, 1.79989
_884_, 48.24, 19.04, 1.79988
_886_, 48.24, 19.04, 1.79988
_891_, 48.24, 19.04, 1.79988
FILLER_0_4_97, 48.24, 19.04, 1.79988
output24, 48.24, 13.6, 1.79989
FILLER_0_43_79, 41.64, 127.84, 1.79989
FILLER_0_43_85, 41.64, 127.84, 1.79989
_639_, 41.64, 122.4, 1.79989
_653_, 41.64, 122.4, 1.79989
rebuffer5, 41.64, 122.4, 1.79989
FILLER_0_40_75, 41.64, 122.4, 1.79989
_458_, 41.64, 116.96, 1.79989
_632_, 41.64, 116.96, 1.79989
FILLER_0_38_77, 41.64, 116.96, 1.79989
FILLER_0_39_85, 41.64, 116.96, 1.79989
_648_, 41.64, 111.52, 1.7999
_460_, 41.64, 106.08, 1.79989
_646_, 41.64, 106.08, 1.79989
_644_, 41.64, 100.64, 1.7999
_698_, 41.64, 95.2, 1.7999
_746_, 41.64, 95.2, 1.7999
FILLER_0_30_74, 41.64, 95.2, 1.7999
FILLER_0_32_80, 41.64, 95.2, 1.7999
_702_, 41.64, 89.76, 1.7999
_454_, 41.64, 84.32, 1.79991
_455_, 41.64, 84.32, 1.79991
FILLER_0_26_77, 41.64, 84.32, 1.79991
_744_, 41.64, 78.88, 1.7999
_765_, 41.64, 78.88, 1.7999
rebuffer11, 41.64, 78.88, 1.7999
FILLER_0_25_74, 41.64, 78.88, 1.7999
_711_, 41.64, 73.44, 1.7999
_759_, 41.64, 73.44, 1.7999
FILLER_0_23_79, 41.64, 73.44, 1.7999
FILLER_0_24_80, 41.64, 73.44, 1.7999
FILLER_0_20_77, 41.64, 68, 1.79991
_791_, 41.64, 62.56, 1.7999
FILLER_0_20_85, 41.64, 62.56, 1.7999
_823_, 41.64, 57.12, 1.7999
FILLER_0_16_74, 41.64, 57.12, 1.7999
_787_, 41.64, 51.68, 1.7999
FILLER_0_14_77, 41.64, 51.68, 1.7999
_846_, 41.64, 46.24, 1.79989
_847_, 41.64, 46.24, 1.79989
FILLER_0_12_74, 41.64, 46.24, 1.79989
FILLER_0_13_75, 41.64, 46.24, 1.79989
_827_, 41.64, 40.8, 1.79989
_845_, 41.64, 40.8, 1.79989
FILLER_0_10_77, 41.64, 40.8, 1.79989
FILLER_0_11_72, 41.64, 40.8, 1.79989
_873_, 41.64, 35.36, 1.79989
_874_, 41.64, 35.36, 1.79989
rebuffer12, 41.64, 35.36, 1.79989
FILLER_0_10_85, 41.64, 35.36, 1.79989
_837_, 41.64, 29.92, 1.79988
_875_, 41.64, 29.92, 1.79988
_881_, 41.64, 29.92, 1.79988
FILLER_0_6_72, 41.64, 29.92, 1.79988
FILLER_0_7_72, 41.64, 29.92, 1.79988
FILLER_0_8_81, 41.64, 29.92, 1.79988
_457_, 41.64, 24.48, 1.79989
_909_, 41.64, 24.48, 1.79989
FILLER_0_4_77, 41.64, 24.48, 1.79989
FILLER_0_2_78, 41.64, 19.04, 1.79988
_892_, 41.64, 13.6, 1.79988
FILLER_0_0_78, 41.64, 13.6, 1.79988
FILLER_0_0_85, 41.64, 13.6, 1.79988
FILLER_0_2_85, 41.64, 13.6, 1.79988
input5, 35.04, 127.84, 1.79989
_633_, 35.04, 122.4, 1.79989
_640_, 35.04, 122.4, 1.79989
_654_, 35.04, 116.96, 1.79989
_669_, 35.04, 116.96, 1.79989
FILLER_0_39_69, 35.04, 116.96, 1.79989
_668_, 35.04, 111.52, 1.7999
FILLER_0_36_59, 35.04, 111.52, 1.7999
_461_, 35.04, 106.08, 1.79989
_627_, 35.04, 106.08, 1.79989
_462_, 35.04, 100.64, 1.79989
rebuffer7, 35.04, 100.64, 1.79989
FILLER_0_33_57, 35.04, 100.64, 1.79989
FILLER_0_33_71, 35.04, 100.64, 1.79989
FILLER_0_34_66, 35.04, 100.64, 1.79989
_699_, 35.04, 95.2, 1.79989
rebuffer6, 35.04, 95.2, 1.79989
rebuffer21, 35.04, 95.2, 1.79989
FILLER_0_30_62, 35.04, 95.2, 1.79989
FILLER_0_31_57, 35.04, 95.2, 1.79989
FILLER_0_31_70, 35.04, 95.2, 1.79989
_703_, 35.04, 89.76, 1.79989
_704_, 35.04, 89.76, 1.79989
_747_, 35.04, 89.76, 1.79989
FILLER_0_28_64, 35.04, 89.76, 1.79989
_745_, 35.04, 78.88, 1.79989
_748_, 35.04, 78.88, 1.79989
_752_, 35.04, 78.88, 1.79989
rebuffer1, 35.04, 78.88, 1.79989
rebuffer10, 35.04, 78.88, 1.79989
rebuffer23, 35.04, 78.88, 1.79989
_753_, 35.04, 73.44, 1.7999
_766_, 35.04, 73.44, 1.7999
_788_, 35.04, 62.56, 1.79989
_793_, 35.04, 57.12, 1.79989
_794_, 35.04, 57.12, 1.79989
_824_, 35.04, 57.12, 1.79989
_825_, 35.04, 46.24, 1.79989
_826_, 35.04, 46.24, 1.79989
_829_, 35.04, 46.24, 1.79989
_834_, 35.04, 46.24, 1.79989
FILLER_0_13_62, 35.04, 46.24, 1.79989
_822_, 35.04, 40.8, 1.79989
_859_, 35.04, 40.8, 1.79989
_858_, 35.04, 29.92, 1.79988
_866_, 35.04, 29.92, 1.79988
FILLER_0_7_64, 35.04, 29.92, 1.79988
FILLER_0_8_67, 35.04, 29.92, 1.79988
FILLER_0_2_64, 35.04, 19.04, 1.79988
FILLER_0_4_65, 35.04, 19.04, 1.79988
_910_, 35.04, 13.6, 1.79987
output21, 35.04, 13.6, 1.79987
FILLER_0_1_69, 35.04, 13.6, 1.79987
FILLER_0_43_53, 28.44, 127.84, 1.79989
_719_, 28.44, 122.4, 1.79989
FILLER_0_41_45, 28.44, 122.4, 1.79989
FILLER_0_41_53, 28.44, 122.4, 1.79989
FILLER_0_39_45, 28.44, 116.96, 1.79989
FILLER_0_39_53, 28.44, 116.96, 1.79989
_649_, 28.44, 111.52, 1.79989
_670_, 28.44, 111.52, 1.79989
FILLER_0_37_51, 28.44, 111.52, 1.79989
_642_, 28.44, 106.08, 1.79989
_647_, 28.44, 106.08, 1.79989
FILLER_0_35_49, 28.44, 106.08, 1.79989
_655_, 28.44, 100.64, 1.79989
rebuffer4, 28.44, 100.64, 1.79989
FILLER_0_33_46, 28.44, 100.64, 1.79989
_705_, 28.44, 95.2, 1.79989
_706_, 28.44, 95.2, 1.79989
FILLER_0_31_51, 28.44, 95.2, 1.79989
FILLER_0_32_56, 28.44, 95.2, 1.79989
_700_, 28.44, 89.76, 1.79989
_701_, 28.44, 89.76, 1.79989
_709_, 28.44, 89.76, 1.79989
FILLER_0_29_49, 28.44, 89.76, 1.79989
FILLER_0_27_52, 28.44, 84.32, 1.7999
_749_, 28.44, 78.88, 1.79989
_757_, 28.44, 78.88, 1.79989
FILLER_0_25_48, 28.44, 78.88, 1.79989
_751_, 28.44, 73.44, 1.79989
FILLER_0_24_50, 28.44, 73.44, 1.79989
FILLER_0_21_52, 28.44, 68, 1.79989
_789_, 28.44, 62.56, 1.79989
_798_, 28.44, 62.56, 1.79989
FILLER_0_19_52, 28.44, 62.56, 1.79989
rebuffer3, 28.44, 57.12, 1.79988
FILLER_0_17_46, 28.44, 57.12, 1.79988
_790_, 28.44, 51.68, 1.79989
FILLER_0_15_45, 28.44, 51.68, 1.79989
FILLER_0_15_53, 28.44, 51.68, 1.79989
_828_, 28.44, 46.24, 1.79989
_830_, 28.44, 46.24, 1.79989
rebuffer22, 28.44, 46.24, 1.79989
_835_, 28.44, 40.8, 1.79989
_860_, 28.44, 40.8, 1.79989
FILLER_0_11_53, 28.44, 40.8, 1.79989
FILLER_0_12_50, 28.44, 40.8, 1.79989
FILLER_0_8_44, 28.44, 35.36, 1.79989
_861_, 28.44, 29.92, 1.79987
_862_, 28.44, 29.92, 1.79987
_863_, 28.44, 29.92, 1.79987
_865_, 28.44, 29.92, 1.79987
_867_, 28.44, 24.48, 1.79989
_868_, 28.44, 19.04, 1.79988
_870_, 28.44, 19.04, 1.79988
_889_, 28.44, 19.04, 1.79988
FILLER_0_3_52, 28.44, 19.04, 1.79988
FILLER_0_0_53, 28.44, 13.6, 1.79987
FILLER_0_1_46, 28.44, 13.6, 1.79987
_641_, 21.84, 116.96, 1.79989
FILLER_0_38_29, 21.84, 116.96, 1.79989
FILLER_0_39_27, 21.84, 116.96, 1.79989
FILLER_0_39_35, 21.84, 116.96, 1.79989
FILLER_0_40_41, 21.84, 116.96, 1.79989
_628_, 21.84, 111.52, 1.79989
_650_, 21.84, 106.08, 1.79989
_707_, 21.84, 106.08, 1.79989
FILLER_0_36_41, 21.84, 106.08, 1.79989
_643_, 21.84, 100.64, 1.79989
_651_, 21.84, 100.64, 1.79989
_659_, 21.84, 100.64, 1.79989
FILLER_0_32_41, 21.84, 95.2, 1.79989
_710_, 21.84, 89.76, 1.79988
FILLER_0_30_41, 21.84, 89.76, 1.79988
_708_, 21.84, 84.32, 1.79989
_754_, 21.84, 84.32, 1.79989
FILLER_0_27_31, 21.84, 84.32, 1.79989
FILLER_0_24_29, 21.84, 78.88, 1.7999
_755_, 21.84, 73.44, 1.79988
_756_, 21.84, 73.44, 1.79988
_758_, 21.84, 73.44, 1.79988
FILLER_0_23_30, 21.84, 73.44, 1.79988
_795_, 21.84, 68, 1.79988
_796_, 21.84, 62.56, 1.79989
_797_, 21.84, 62.56, 1.79989
_799_, 21.84, 62.56, 1.79989
_792_, 21.84, 57.12, 1.79987
_831_, 21.84, 57.12, 1.79987
FILLER_0_17_35, 21.84, 57.12, 1.79987
FILLER_0_16_41, 21.84, 51.68, 1.79989
_832_, 21.84, 46.24, 1.79988
_836_, 21.84, 46.24, 1.79988
FILLER_0_12_29, 21.84, 46.24, 1.79988
FILLER_0_13_27, 21.84, 46.24, 1.79988
FILLER_0_13_40, 21.84, 46.24, 1.79988
_833_, 21.84, 40.8, 1.79989
FILLER_0_11_39, 21.84, 40.8, 1.79989
_838_, 21.84, 35.36, 1.79989
_839_, 21.84, 29.92, 1.79986
_843_, 21.84, 29.92, 1.79986
FILLER_0_7_37, 21.84, 29.92, 1.79986
FILLER_0_5_39, 21.84, 24.48, 1.79988
FILLER_0_6_41, 21.84, 24.48, 1.79988
_872_, 21.84, 19.04, 1.79988
FILLER_0_2_29, 21.84, 19.04, 1.79988
FILLER_0_3_39, 21.84, 19.04, 1.79988
_871_, 21.84, 13.6, 1.79986
PHY_84, 5.52, 127.84, 1.79983
PHY_86, 5.52, 127.84, 1.79983
output31, 5.52, 127.84, 1.79983
PHY_85, 125.58, 127.84, 1.7999
PHY_87, 125.58, 127.84, 1.7999
output22, 13.68, 127.84, 1.79984
FILLER_0_43_9, 13.68, 127.84, 1.79984
FILLER_0_43_23, 13.68, 127.84, 1.79984
PHY_80, 5.52, 122.4, 1.79984
PHY_82, 5.52, 122.4, 1.79984
output18, 5.52, 122.4, 1.79984
PHY_81, 125.58, 122.4, 1.7999
PHY_83, 125.58, 122.4, 1.7999
PHY_76, 5.52, 116.96, 1.79989
PHY_78, 5.52, 116.96, 1.79989
PHY_77, 125.58, 116.96, 1.7999
PHY_79, 125.58, 116.96, 1.7999
PHY_72, 5.52, 111.52, 1.79989
PHY_74, 5.52, 111.52, 1.79989
PHY_73, 125.58, 111.52, 1.7999
PHY_75, 125.58, 111.52, 1.7999
PHY_68, 5.52, 106.08, 1.79989
PHY_70, 5.52, 106.08, 1.79989
input2, 5.52, 106.08, 1.79989
PHY_69, 125.58, 106.08, 1.7999
PHY_71, 125.58, 106.08, 1.7999
PHY_64, 5.52, 100.64, 1.79988
PHY_66, 5.52, 100.64, 1.79988
PHY_65, 125.58, 100.64, 1.7999
PHY_67, 125.58, 100.64, 1.7999
_656_, 13.68, 100.64, 1.79988
_660_, 13.68, 100.64, 1.79988
FILLER_0_33_15, 13.68, 100.64, 1.79988
PHY_60, 5.52, 95.2, 1.79989
PHY_62, 5.52, 95.2, 1.79989
PHY_61, 125.58, 95.2, 1.7999
PHY_63, 125.58, 95.2, 1.7999
_718_, 13.68, 95.2, 1.79989
_716_, 5.52, 89.76, 1.79986
PHY_56, 5.52, 89.76, 1.79986
PHY_58, 5.52, 89.76, 1.79986
FILLER_0_30_3, 5.52, 89.76, 1.79986
PHY_57, 125.58, 89.76, 1.7999
PHY_59, 125.58, 89.76, 1.7999
_714_, 13.68, 89.76, 1.79987
_715_, 13.68, 89.76, 1.79987
_717_, 13.68, 89.76, 1.79987
_761_, 13.68, 89.76, 1.79987
FILLER_0_30_20, 13.68, 89.76, 1.79987
PHY_52, 5.52, 84.32, 1.79989
PHY_54, 5.52, 84.32, 1.79989
input15, 5.52, 84.32, 1.79989
FILLER_0_28_3, 5.52, 84.32, 1.79989
PHY_53, 125.58, 84.32, 1.79991
PHY_55, 125.58, 84.32, 1.79991
_712_, 13.68, 84.32, 1.79989
_713_, 13.68, 84.32, 1.79989
_666_, 5.52, 78.88, 1.79989
PHY_48, 5.52, 78.88, 1.79989
PHY_50, 5.52, 78.88, 1.79989
PHY_49, 125.58, 78.88, 1.79991
PHY_51, 125.58, 78.88, 1.79991
_665_, 13.68, 78.88, 1.79989
FILLER_0_24_11, 13.68, 78.88, 1.79989
FILLER_0_24_17, 13.68, 78.88, 1.79989
PHY_44, 5.52, 73.44, 1.79986
PHY_46, 5.52, 73.44, 1.79986
FILLER_0_24_3, 5.52, 73.44, 1.79986
PHY_45, 125.58, 73.44, 1.79991
PHY_47, 125.58, 73.44, 1.79991
_762_, 13.68, 73.44, 1.79986
_764_, 13.68, 73.44, 1.79986
_804_, 13.68, 73.44, 1.79986
FILLER_0_23_22, 13.68, 73.44, 1.79986
FILLER_0_24_25, 13.68, 73.44, 1.79986
_760_, 5.52, 68, 1.79983
PHY_40, 5.52, 68, 1.79983
PHY_42, 5.52, 68, 1.79983
output30, 5.52, 68, 1.79983
PHY_41, 125.58, 68, 1.7999
PHY_43, 125.58, 68, 1.7999
_763_, 13.68, 68, 1.79985
_805_, 13.68, 68, 1.79985
FILLER_0_21_9, 13.68, 68, 1.79985
PHY_36, 5.52, 62.56, 1.79989
PHY_38, 5.52, 62.56, 1.79989
PHY_37, 125.58, 62.56, 1.79991
PHY_39, 125.58, 62.56, 1.79991
_807_, 5.52, 57.12, 1.79984
_808_, 5.52, 57.12, 1.79984
PHY_32, 5.52, 57.12, 1.79984
PHY_34, 5.52, 57.12, 1.79984
FILLER_0_17_3, 5.52, 57.12, 1.79984
FILLER_0_18_3, 5.52, 57.12, 1.79984
PHY_33, 125.58, 57.12, 1.79989
PHY_35, 125.58, 57.12, 1.79989
_801_, 13.68, 57.12, 1.79985
_802_, 13.68, 57.12, 1.79985
_806_, 13.68, 57.12, 1.79985
_841_, 13.68, 57.12, 1.79985
FILLER_0_16_11, 13.68, 57.12, 1.79985
PHY_28, 5.52, 51.68, 1.79988
PHY_30, 5.52, 51.68, 1.79988
output17, 5.52, 51.68, 1.79988
FILLER_0_16_3, 5.52, 51.68, 1.79988
PHY_29, 125.58, 51.68, 1.7999
PHY_31, 125.58, 51.68, 1.7999
_803_, 13.68, 51.68, 1.79989
_923_, 13.68, 51.68, 1.79989
PHY_24, 5.52, 46.24, 1.79988
PHY_26, 5.52, 46.24, 1.79988
FILLER_0_14_3, 5.52, 46.24, 1.79988
PHY_25, 125.58, 46.24, 1.7999
PHY_27, 125.58, 46.24, 1.7999
FILLER_0_14_25, 13.68, 46.24, 1.79988
PHY_20, 5.52, 40.8, 1.79988
PHY_22, 5.52, 40.8, 1.79988
PHY_21, 125.58, 40.8, 1.7999
PHY_23, 125.58, 40.8, 1.7999
split25, 13.68, 40.8, 1.79988
FILLER_0_10_17, 13.68, 40.8, 1.79988
PHY_16, 5.52, 35.36, 1.79988
PHY_18, 5.52, 35.36, 1.79988
input3, 5.52, 35.36, 1.79988
FILLER_0_10_3, 5.52, 35.36, 1.79988
PHY_17, 125.58, 35.36, 1.79989
PHY_19, 125.58, 35.36, 1.79989
FILLER_0_8_15, 13.68, 35.36, 1.79989
FILLER_0_10_25, 13.68, 35.36, 1.79989
PHY_12, 5.52, 29.92, 1.79984
PHY_14, 5.52, 29.92, 1.79984
PHY_13, 125.58, 29.92, 1.7999
PHY_15, 125.58, 29.92, 1.7999
_842_, 13.68, 29.92, 1.79984
_844_, 13.68, 29.92, 1.79984
_869_, 13.68, 29.92, 1.79984
FILLER_0_6_15, 13.68, 29.92, 1.79984
PHY_8, 5.52, 24.48, 1.79988
PHY_10, 5.52, 24.48, 1.79988
PHY_9, 125.58, 24.48, 1.7999
PHY_11, 125.58, 24.48, 1.7999
_840_, 13.68, 24.48, 1.79988
PHY_4, 5.52, 19.04, 1.79987
PHY_6, 5.52, 19.04, 1.79987
PHY_5, 125.58, 19.04, 1.7999
PHY_7, 125.58, 19.04, 1.7999
_667_, 13.68, 19.04, 1.79987
FILLER_0_3_15, 13.68, 19.04, 1.79987
PHY_0, 5.52, 13.6, 1.79983
PHY_2, 5.52, 13.6, 1.79983
input11, 5.52, 13.6, 1.79983
input12, 5.52, 13.6, 1.79983
PHY_1, 125.58, 13.6, 1.79988
PHY_3, 125.58, 13.6, 1.79988
output20, 13.68, 13.6, 1.79984
FILLER_0_0_19, 13.68, 13.6, 1.79984
FILLER_0_2_21, 13.68, 13.6, 1.79984

