
===========================================================================
report_checks -path_delay min (Hold)
============================================================================
======================= Typical Corner ===================================

Startpoint: A[0] (input port clocked by clk)
Endpoint: P[2] (output port clocked by clk)
Path Group: clk
Path Type: min

Fanout     Cap    Slew   Delay    Time   Description
-----------------------------------------------------------------------------
                  0.00    0.00    0.00   clock clk (rise edge)
                          0.00    0.00   clock network delay (ideal)
                          2.00    2.00 ^ input external delay
                  0.02    0.01    2.01 ^ A[0] (in)
     1    0.00                           A[0] (net)
                  0.02    0.00    2.01 ^ input1/A (sky130_fd_sc_hd__clkbuf_2)
                  0.11    0.14    2.15 ^ input1/X (sky130_fd_sc_hd__clkbuf_2)
     5    0.02                           net1 (net)
                  0.11    0.00    2.15 ^ _371_/C (sky130_fd_sc_hd__and4bb_1)
                  0.09    0.21    2.36 ^ _371_/X (sky130_fd_sc_hd__and4bb_1)
     3    0.01                           _307_ (net)
                  0.09    0.00    2.36 ^ _373_/A (sky130_fd_sc_hd__or2_1)
                  0.06    0.11    2.48 ^ _373_/X (sky130_fd_sc_hd__or2_1)
     1    0.01                           _309_ (net)
                  0.06    0.00    2.48 ^ _374_/B (sky130_fd_sc_hd__xnor2_1)
                  0.03    0.05    2.53 v _374_/Y (sky130_fd_sc_hd__xnor2_1)
     1    0.00                           net25 (net)
                  0.03    0.00    2.53 v output25/A (sky130_fd_sc_hd__buf_2)
                  0.09    0.16    2.69 v output25/X (sky130_fd_sc_hd__buf_2)
     1    0.03                           P[2] (net)
                  0.09    0.00    2.69 v P[2] (out)
                                  2.69   data arrival time

                  0.00    0.00    0.00   clock clk (rise edge)
                          0.00    0.00   clock network delay (ideal)
                          0.25    0.25   clock uncertainty
                          0.00    0.25   clock reconvergence pessimism
                         -2.00   -1.75   output external delay
                                 -1.75   data required time
-----------------------------------------------------------------------------
                                 -1.75   data required time
                                 -2.69   data arrival time
-----------------------------------------------------------------------------
                                  4.44   slack (MET)


Startpoint: B[1] (input port clocked by clk)
Endpoint: P[1] (output port clocked by clk)
Path Group: clk
Path Type: min

Fanout     Cap    Slew   Delay    Time   Description
-----------------------------------------------------------------------------
                  0.00    0.00    0.00   clock clk (rise edge)
                          0.00    0.00   clock network delay (ideal)
                          2.00    2.00 v input external delay
                  0.01    0.00    2.00 v B[1] (in)
     1    0.00                           B[1] (net)
                  0.01    0.00    2.00 v input10/A (sky130_fd_sc_hd__buf_2)
                  0.07    0.14    2.14 v input10/X (sky130_fd_sc_hd__buf_2)
     8    0.02                           net10 (net)
                  0.07    0.00    2.14 v _363_/A (sky130_fd_sc_hd__buf_2)
                  0.07    0.17    2.31 v _363_/X (sky130_fd_sc_hd__buf_2)
    10    0.03                           _286_ (net)
                  0.07    0.00    2.31 v _364_/B1 (sky130_fd_sc_hd__a22oi_1)
                  0.13    0.13    2.44 ^ _364_/Y (sky130_fd_sc_hd__a22oi_1)
     1    0.00                           _296_ (net)
                  0.13    0.00    2.44 ^ _366_/A (sky130_fd_sc_hd__nor2_1)
                  0.06    0.09    2.53 v _366_/Y (sky130_fd_sc_hd__nor2_1)
     1    0.01                           net24 (net)
                  0.06    0.00    2.53 v output24/A (sky130_fd_sc_hd__buf_2)
                  0.09    0.18    2.71 v output24/X (sky130_fd_sc_hd__buf_2)
     1    0.03                           P[1] (net)
                  0.09    0.00    2.71 v P[1] (out)
                                  2.71   data arrival time

                  0.00    0.00    0.00   clock clk (rise edge)
                          0.00    0.00   clock network delay (ideal)
                          0.25    0.25   clock uncertainty
                          0.00    0.25   clock reconvergence pessimism
                         -2.00   -1.75   output external delay
                                 -1.75   data required time
-----------------------------------------------------------------------------
                                 -1.75   data required time
                                 -2.71   data arrival time
-----------------------------------------------------------------------------
                                  4.46   slack (MET)


Startpoint: A[0] (input port clocked by clk)
Endpoint: P[3] (output port clocked by clk)
Path Group: clk
Path Type: min

Fanout     Cap    Slew   Delay    Time   Description
-----------------------------------------------------------------------------
                  0.00    0.00    0.00   clock clk (rise edge)
                          0.00    0.00   clock network delay (ideal)
                          2.00    2.00 ^ input external delay
                  0.02    0.01    2.01 ^ A[0] (in)
     1    0.00                           A[0] (net)
                  0.02    0.00    2.01 ^ input1/A (sky130_fd_sc_hd__clkbuf_2)
                  0.11    0.14    2.15 ^ input1/X (sky130_fd_sc_hd__clkbuf_2)
     5    0.02                           net1 (net)
                  0.11    0.00    2.15 ^ _371_/C (sky130_fd_sc_hd__and4bb_1)
                  0.09    0.21    2.36 ^ _371_/X (sky130_fd_sc_hd__and4bb_1)
     3    0.01                           _307_ (net)
                  0.09    0.00    2.36 ^ _375_/A (sky130_fd_sc_hd__nor3b_1)
                  0.04    0.06    2.43 v _375_/Y (sky130_fd_sc_hd__nor3b_1)
     2    0.01                           _310_ (net)
                  0.04    0.00    2.43 v _388_/A (sky130_fd_sc_hd__nor2_1)
                  0.08    0.09    2.51 ^ _388_/Y (sky130_fd_sc_hd__nor2_1)
     1    0.00                           _323_ (net)
                  0.08    0.00    2.51 ^ _389_/B (sky130_fd_sc_hd__nor2_1)
                  0.03    0.04    2.56 v _389_/Y (sky130_fd_sc_hd__nor2_1)
     1    0.00                           net26 (net)
                  0.03    0.00    2.56 v output26/A (sky130_fd_sc_hd__buf_2)
                  0.09    0.16    2.72 v output26/X (sky130_fd_sc_hd__buf_2)
     1    0.03                           P[3] (net)
                  0.09    0.00    2.72 v P[3] (out)
                                  2.72   data arrival time

                  0.00    0.00    0.00   clock clk (rise edge)
                          0.00    0.00   clock network delay (ideal)
                          0.25    0.25   clock uncertainty
                          0.00    0.25   clock reconvergence pessimism
                         -2.00   -1.75   output external delay
                                 -1.75   data required time
-----------------------------------------------------------------------------
                                 -1.75   data required time
                                 -2.72   data arrival time
-----------------------------------------------------------------------------
                                  4.47   slack (MET)


Startpoint: A[0] (input port clocked by clk)
Endpoint: P[0] (output port clocked by clk)
Path Group: clk
Path Type: min

Fanout     Cap    Slew   Delay    Time   Description
-----------------------------------------------------------------------------
                  0.00    0.00    0.00   clock clk (rise edge)
                          0.00    0.00   clock network delay (ideal)
                          2.00    2.00 v input external delay
                  0.01    0.01    2.01 v A[0] (in)
     1    0.00                           A[0] (net)
                  0.01    0.00    2.01 v input1/A (sky130_fd_sc_hd__clkbuf_2)
                  0.08    0.12    2.13 v input1/X (sky130_fd_sc_hd__clkbuf_2)
     5    0.02                           net1 (net)
                  0.08    0.00    2.13 v _359_/A (sky130_fd_sc_hd__buf_2)
                  0.08    0.18    2.31 v _359_/X (sky130_fd_sc_hd__buf_2)
    10    0.03                           _245_ (net)
                  0.08    0.00    2.31 v _360_/B (sky130_fd_sc_hd__and2_1)
                  0.06    0.19    2.49 v _360_/X (sky130_fd_sc_hd__and2_1)
     1    0.01                           _255_ (net)
                  0.06    0.00    2.49 v _361_/A (sky130_fd_sc_hd__clkbuf_1)
                  0.02    0.08    2.58 v _361_/X (sky130_fd_sc_hd__clkbuf_1)
     1    0.00                           net17 (net)
                  0.02    0.00    2.58 v output17/A (sky130_fd_sc_hd__buf_2)
                  0.09    0.16    2.74 v output17/X (sky130_fd_sc_hd__buf_2)
     1    0.03                           P[0] (net)
                  0.09    0.00    2.74 v P[0] (out)
                                  2.74   data arrival time

                  0.00    0.00    0.00   clock clk (rise edge)
                          0.00    0.00   clock network delay (ideal)
                          0.25    0.25   clock uncertainty
                          0.00    0.25   clock reconvergence pessimism
                         -2.00   -1.75   output external delay
                                 -1.75   data required time
-----------------------------------------------------------------------------
                                 -1.75   data required time
                                 -2.74   data arrival time
-----------------------------------------------------------------------------
                                  4.49   slack (MET)


Startpoint: A[0] (input port clocked by clk)
Endpoint: P[5] (output port clocked by clk)
Path Group: clk
Path Type: min

Fanout     Cap    Slew   Delay    Time   Description
-----------------------------------------------------------------------------
                  0.00    0.00    0.00   clock clk (rise edge)
                          0.00    0.00   clock network delay (ideal)
                          2.00    2.00 v input external delay
                  0.01    0.01    2.01 v A[0] (in)
     1    0.00                           A[0] (net)
                  0.01    0.00    2.01 v input1/A (sky130_fd_sc_hd__clkbuf_2)
                  0.08    0.12    2.13 v input1/X (sky130_fd_sc_hd__clkbuf_2)
     5    0.02                           net1 (net)
                  0.08    0.00    2.13 v _394_/A (sky130_fd_sc_hd__and4_1)
                  0.08    0.20    2.32 v _394_/X (sky130_fd_sc_hd__and4_1)
     3    0.01                           _328_ (net)
                  0.08    0.00    2.32 v _433_/A (sky130_fd_sc_hd__xnor2_2)
                  0.06    0.16    2.48 v _433_/Y (sky130_fd_sc_hd__xnor2_2)
     4    0.01                           _008_ (net)
                  0.06    0.00    2.48 v _731_/A (sky130_fd_sc_hd__xnor2_1)
                  0.03    0.12    2.60 v _731_/Y (sky130_fd_sc_hd__xnor2_1)
     1    0.00                           net28 (net)
                  0.03    0.00    2.60 v output28/A (sky130_fd_sc_hd__clkbuf_4)
                  0.08    0.17    2.77 v output28/X (sky130_fd_sc_hd__clkbuf_4)
     1    0.03                           P[5] (net)
                  0.08    0.00    2.77 v P[5] (out)
                                  2.77   data arrival time

                  0.00    0.00    0.00   clock clk (rise edge)
                          0.00    0.00   clock network delay (ideal)
                          0.25    0.25   clock uncertainty
                          0.00    0.25   clock reconvergence pessimism
                         -2.00   -1.75   output external delay
                                 -1.75   data required time
-----------------------------------------------------------------------------
                                 -1.75   data required time
                                 -2.77   data arrival time
-----------------------------------------------------------------------------
                                  4.52   slack (MET)


Startpoint: A[0] (input port clocked by clk)
Endpoint: P[6] (output port clocked by clk)
Path Group: clk
Path Type: min

Fanout     Cap    Slew   Delay    Time   Description
-----------------------------------------------------------------------------
                  0.00    0.00    0.00   clock clk (rise edge)
                          0.00    0.00   clock network delay (ideal)
                          2.00    2.00 v input external delay
                  0.01    0.01    2.01 v A[0] (in)
     1    0.00                           A[0] (net)
                  0.01    0.00    2.01 v input1/A (sky130_fd_sc_hd__clkbuf_2)
                  0.08    0.12    2.13 v input1/X (sky130_fd_sc_hd__clkbuf_2)
     5    0.02                           net1 (net)
                  0.08    0.00    2.13 v _394_/A (sky130_fd_sc_hd__and4_1)
                  0.08    0.20    2.32 v _394_/X (sky130_fd_sc_hd__and4_1)
     3    0.01                           _328_ (net)
                  0.08    0.00    2.32 v _433_/A (sky130_fd_sc_hd__xnor2_2)
                  0.08    0.21    2.54 ^ _433_/Y (sky130_fd_sc_hd__xnor2_2)
     4    0.01                           _008_ (net)
                  0.08    0.00    2.54 ^ _465_/B (sky130_fd_sc_hd__nor2_1)
                  0.06    0.07    2.61 v _465_/Y (sky130_fd_sc_hd__nor2_1)
     2    0.01                           _040_ (net)
                  0.06    0.00    2.61 v _466_/B (sky130_fd_sc_hd__xnor2_2)
                  0.07    0.15    2.76 v _466_/Y (sky130_fd_sc_hd__xnor2_2)
     1    0.01                           net29 (net)
                  0.07    0.00    2.76 v output29/A (sky130_fd_sc_hd__buf_2)
                  0.09    0.18    2.94 v output29/X (sky130_fd_sc_hd__buf_2)
     1    0.03                           P[6] (net)
                  0.09    0.00    2.94 v P[6] (out)
                                  2.94   data arrival time

                  0.00    0.00    0.00   clock clk (rise edge)
                          0.00    0.00   clock network delay (ideal)
                          0.25    0.25   clock uncertainty
                          0.00    0.25   clock reconvergence pessimism
                         -2.00   -1.75   output external delay
                                 -1.75   data required time
-----------------------------------------------------------------------------
                                 -1.75   data required time
                                 -2.94   data arrival time
-----------------------------------------------------------------------------
                                  4.69   slack (MET)


Startpoint: B[6] (input port clocked by clk)
Endpoint: P[7] (output port clocked by clk)
Path Group: clk
Path Type: min

Fanout     Cap    Slew   Delay    Time   Description
-----------------------------------------------------------------------------
                  0.00    0.00    0.00   clock clk (rise edge)
                          0.00    0.00   clock network delay (ideal)
                          2.00    2.00 v input external delay
                  0.01    0.00    2.00 v B[6] (in)
     1    0.00                           B[6] (net)
                  0.01    0.00    2.00 v input15/A (sky130_fd_sc_hd__buf_1)
                  0.09    0.12    2.12 v input15/X (sky130_fd_sc_hd__buf_1)
     6    0.01                           net15 (net)
                  0.09    0.00    2.12 v _435_/A (sky130_fd_sc_hd__buf_2)
                  0.07    0.18    2.30 v _435_/X (sky130_fd_sc_hd__buf_2)
    10    0.03                           _010_ (net)
                  0.07    0.00    2.30 v _436_/C1 (sky130_fd_sc_hd__o211a_1)
                  0.07    0.15    2.44 v _436_/X (sky130_fd_sc_hd__o211a_1)
     4    0.01                           _011_ (net)
                  0.07    0.00    2.44 v _497_/A (sky130_fd_sc_hd__nand3_1)
                  0.09    0.10    2.54 ^ _497_/Y (sky130_fd_sc_hd__nand3_1)
     3    0.01                           _071_ (net)
                  0.09    0.00    2.54 ^ _500_/B (sky130_fd_sc_hd__nand3b_1)
                  0.07    0.09    2.63 v _500_/Y (sky130_fd_sc_hd__nand3b_1)
     2    0.00                           _074_ (net)
                  0.07    0.00    2.63 v _503_/A2 (sky130_fd_sc_hd__a21oi_1)
                  0.09    0.14    2.77 ^ _503_/Y (sky130_fd_sc_hd__a21oi_1)
     1    0.00                           _077_ (net)
                  0.09    0.00    2.77 ^ _504_/B (sky130_fd_sc_hd__nor2_1)
                  0.03    0.05    2.82 v _504_/Y (sky130_fd_sc_hd__nor2_1)
     1    0.00                           net30 (net)
                  0.03    0.00    2.82 v output30/A (sky130_fd_sc_hd__buf_2)
                  0.09    0.17    2.98 v output30/X (sky130_fd_sc_hd__buf_2)
     1    0.03                           P[7] (net)
                  0.09    0.00    2.98 v P[7] (out)
                                  2.98   data arrival time

                  0.00    0.00    0.00   clock clk (rise edge)
                          0.00    0.00   clock network delay (ideal)
                          0.25    0.25   clock uncertainty
                          0.00    0.25   clock reconvergence pessimism
                         -2.00   -1.75   output external delay
                                 -1.75   data required time
-----------------------------------------------------------------------------
                                 -1.75   data required time
                                 -2.98   data arrival time
-----------------------------------------------------------------------------
                                  4.73   slack (MET)


Startpoint: B[7] (input port clocked by clk)
Endpoint: P[15] (output port clocked by clk)
Path Group: clk
Path Type: min

Fanout     Cap    Slew   Delay    Time   Description
-----------------------------------------------------------------------------
                  0.00    0.00    0.00   clock clk (rise edge)
                          0.00    0.00   clock network delay (ideal)
                          2.00    2.00 v input external delay
                  0.01    0.00    2.00 v B[7] (in)
     1    0.00                           B[7] (net)
                  0.01    0.00    2.00 v input16/A (sky130_fd_sc_hd__buf_2)
                  0.08    0.14    2.15 v input16/X (sky130_fd_sc_hd__buf_2)
     8    0.03                           net16 (net)
                  0.08    0.00    2.15 v _468_/A (sky130_fd_sc_hd__inv_2)
                  0.13    0.13    2.28 ^ _468_/Y (sky130_fd_sc_hd__inv_2)
    10    0.03                           _042_ (net)
                  0.13    0.00    2.28 ^ _702_/A2 (sky130_fd_sc_hd__o21ai_1)
                  0.07    0.10    2.38 v _702_/Y (sky130_fd_sc_hd__o21ai_1)
     3    0.01                           _272_ (net)
                  0.07    0.00    2.38 v _727_/A2 (sky130_fd_sc_hd__a21o_1)
                  0.03    0.17    2.55 v _727_/X (sky130_fd_sc_hd__a21o_1)
     1    0.00                           _299_ (net)
                  0.03    0.00    2.55 v _728_/B2 (sky130_fd_sc_hd__a32o_1)
                  0.04    0.19    2.74 v _728_/X (sky130_fd_sc_hd__a32o_1)
     1    0.00                           _300_ (net)
                  0.04    0.00    2.74 v _729_/C1 (sky130_fd_sc_hd__o211a_1)
                  0.04    0.10    2.85 v _729_/X (sky130_fd_sc_hd__o211a_1)
     1    0.00                           net23 (net)
                  0.04    0.00    2.85 v output23/A (sky130_fd_sc_hd__buf_2)
                  0.09    0.17    3.01 v output23/X (sky130_fd_sc_hd__buf_2)
     1    0.03                           P[15] (net)
                  0.09    0.00    3.01 v P[15] (out)
                                  3.01   data arrival time

                  0.00    0.00    0.00   clock clk (rise edge)
                          0.00    0.00   clock network delay (ideal)
                          0.25    0.25   clock uncertainty
                          0.00    0.25   clock reconvergence pessimism
                         -2.00   -1.75   output external delay
                                 -1.75   data required time
-----------------------------------------------------------------------------
                                 -1.75   data required time
                                 -3.01   data arrival time
-----------------------------------------------------------------------------
                                  4.76   slack (MET)


Startpoint: B[6] (input port clocked by clk)
Endpoint: P[8] (output port clocked by clk)
Path Group: clk
Path Type: min

Fanout     Cap    Slew   Delay    Time   Description
-----------------------------------------------------------------------------
                  0.00    0.00    0.00   clock clk (rise edge)
                          0.00    0.00   clock network delay (ideal)
                          2.00    2.00 v input external delay
                  0.01    0.00    2.00 v B[6] (in)
     1    0.00                           B[6] (net)
                  0.01    0.00    2.00 v input15/A (sky130_fd_sc_hd__buf_1)
                  0.09    0.12    2.12 v input15/X (sky130_fd_sc_hd__buf_1)
     6    0.01                           net15 (net)
                  0.09    0.00    2.12 v _435_/A (sky130_fd_sc_hd__buf_2)
                  0.07    0.18    2.30 v _435_/X (sky130_fd_sc_hd__buf_2)
    10    0.03                           _010_ (net)
                  0.07    0.00    2.30 v _436_/C1 (sky130_fd_sc_hd__o211a_1)
                  0.07    0.15    2.44 v _436_/X (sky130_fd_sc_hd__o211a_1)
     4    0.01                           _011_ (net)
                  0.07    0.00    2.44 v _497_/A (sky130_fd_sc_hd__nand3_1)
                  0.09    0.10    2.54 ^ _497_/Y (sky130_fd_sc_hd__nand3_1)
     3    0.01                           _071_ (net)
                  0.09    0.00    2.54 ^ _544_/B (sky130_fd_sc_hd__and3b_1)
                  0.07    0.16    2.70 ^ _544_/X (sky130_fd_sc_hd__and3b_1)
     1    0.00                           _117_ (net)
                  0.07    0.00    2.70 ^ _545_/B1 (sky130_fd_sc_hd__a21oi_2)
                  0.05    0.06    2.76 v _545_/Y (sky130_fd_sc_hd__a21oi_2)
     4    0.02                           _118_ (net)
                  0.05    0.00    2.76 v _546_/B (sky130_fd_sc_hd__xnor2_1)
                  0.05    0.12    2.88 v _546_/Y (sky130_fd_sc_hd__xnor2_1)
     1    0.00                           net31 (net)
                  0.05    0.00    2.88 v output31/A (sky130_fd_sc_hd__clkbuf_4)
                  0.08    0.17    3.05 v output31/X (sky130_fd_sc_hd__clkbuf_4)
     1    0.03                           P[8] (net)
                  0.08    0.00    3.05 v P[8] (out)
                                  3.05   data arrival time

                  0.00    0.00    0.00   clock clk (rise edge)
                          0.00    0.00   clock network delay (ideal)
                          0.25    0.25   clock uncertainty
                          0.00    0.25   clock reconvergence pessimism
                         -2.00   -1.75   output external delay
                                 -1.75   data required time
-----------------------------------------------------------------------------
                                 -1.75   data required time
                                 -3.05   data arrival time
-----------------------------------------------------------------------------
                                  4.80   slack (MET)


Startpoint: A[0] (input port clocked by clk)
Endpoint: P[4] (output port clocked by clk)
Path Group: clk
Path Type: min

Fanout     Cap    Slew   Delay    Time   Description
-----------------------------------------------------------------------------
                  0.00    0.00    0.00   clock clk (rise edge)
                          0.00    0.00   clock network delay (ideal)
                          2.00    2.00 ^ input external delay
                  0.02    0.01    2.01 ^ A[0] (in)
     1    0.00                           A[0] (net)
                  0.02    0.00    2.01 ^ input1/A (sky130_fd_sc_hd__clkbuf_2)
                  0.11    0.14    2.15 ^ input1/X (sky130_fd_sc_hd__clkbuf_2)
     5    0.02                           net1 (net)
                  0.11    0.00    2.15 ^ _371_/C (sky130_fd_sc_hd__and4bb_1)
                  0.09    0.21    2.36 ^ _371_/X (sky130_fd_sc_hd__and4bb_1)
     3    0.01                           _307_ (net)
                  0.09    0.00    2.36 ^ _375_/A (sky130_fd_sc_hd__nor3b_1)
                  0.04    0.06    2.43 v _375_/Y (sky130_fd_sc_hd__nor3b_1)
     2    0.01                           _310_ (net)
                  0.04    0.00    2.43 v _387_/A (sky130_fd_sc_hd__and2_1)
                  0.06    0.15    2.58 v _387_/X (sky130_fd_sc_hd__and2_1)
     3    0.01                           _322_ (net)
                  0.06    0.00    2.58 v _408_/A (sky130_fd_sc_hd__nand3_1)
                  0.10    0.10    2.68 ^ _408_/Y (sky130_fd_sc_hd__nand3_1)
     3    0.01                           _342_ (net)
                  0.10    0.00    2.68 ^ _410_/A (sky130_fd_sc_hd__and2_1)
                  0.05    0.13    2.81 ^ _410_/X (sky130_fd_sc_hd__and2_1)
     1    0.00                           _344_ (net)
                  0.05    0.00    2.81 ^ _411_/A (sky130_fd_sc_hd__clkbuf_1)
                  0.04    0.08    2.88 ^ _411_/X (sky130_fd_sc_hd__clkbuf_1)
     1    0.00                           net27 (net)
                  0.04    0.00    2.88 ^ output27/A (sky130_fd_sc_hd__clkbuf_4)
                  0.11    0.18    3.06 ^ output27/X (sky130_fd_sc_hd__clkbuf_4)
     1    0.03                           P[4] (net)
                  0.11    0.00    3.06 ^ P[4] (out)
                                  3.06   data arrival time

                  0.00    0.00    0.00   clock clk (rise edge)
                          0.00    0.00   clock network delay (ideal)
                          0.25    0.25   clock uncertainty
                          0.00    0.25   clock reconvergence pessimism
                         -2.00   -1.75   output external delay
                                 -1.75   data required time
-----------------------------------------------------------------------------
                                 -1.75   data required time
                                 -3.06   data arrival time
-----------------------------------------------------------------------------
                                  4.81   slack (MET)


Startpoint: B[7] (input port clocked by clk)
Endpoint: P[13] (output port clocked by clk)
Path Group: clk
Path Type: min

Fanout     Cap    Slew   Delay    Time   Description
-----------------------------------------------------------------------------
                  0.00    0.00    0.00   clock clk (rise edge)
                          0.00    0.00   clock network delay (ideal)
                          2.00    2.00 ^ input external delay
                  0.02    0.01    2.01 ^ B[7] (in)
     1    0.00                           B[7] (net)
                  0.02    0.00    2.01 ^ input16/A (sky130_fd_sc_hd__buf_2)
                  0.15    0.16    2.17 ^ input16/X (sky130_fd_sc_hd__buf_2)
     8    0.03                           net16 (net)
                  0.15    0.00    2.17 ^ _620_/D (sky130_fd_sc_hd__and4b_1)
                  0.12    0.25    2.43 ^ _620_/X (sky130_fd_sc_hd__and4b_1)
     3    0.01                           _190_ (net)
                  0.12    0.00    2.43 ^ _693_/A1 (sky130_fd_sc_hd__a21bo_1)
                  0.07    0.14    2.57 ^ _693_/X (sky130_fd_sc_hd__a21bo_1)
     2    0.01                           _264_ (net)
                  0.07    0.00    2.57 ^ _694_/B (sky130_fd_sc_hd__xnor2_1)
                  0.09    0.13    2.70 ^ _694_/Y (sky130_fd_sc_hd__xnor2_1)
     2    0.01                           _265_ (net)
                  0.09    0.00    2.70 ^ _696_/B1 (sky130_fd_sc_hd__o21ai_1)
                  0.08    0.09    2.80 v _696_/Y (sky130_fd_sc_hd__o21ai_1)
     2    0.01                           _267_ (net)
                  0.08    0.00    2.80 v _697_/B (sky130_fd_sc_hd__nand2_1)
                  0.06    0.09    2.88 ^ _697_/Y (sky130_fd_sc_hd__nand2_1)
     1    0.00                           _268_ (net)
                  0.06    0.00    2.88 ^ _700_/A (sky130_fd_sc_hd__xnor2_1)
                  0.03    0.06    2.94 v _700_/Y (sky130_fd_sc_hd__xnor2_1)
     1    0.00                           net21 (net)
                  0.03    0.00    2.94 v output21/A (sky130_fd_sc_hd__buf_2)
                  0.09    0.16    3.11 v output21/X (sky130_fd_sc_hd__buf_2)
     1    0.03                           P[13] (net)
                  0.09    0.00    3.11 v P[13] (out)
                                  3.11   data arrival time

                  0.00    0.00    0.00   clock clk (rise edge)
                          0.00    0.00   clock network delay (ideal)
                          0.25    0.25   clock uncertainty
                          0.00    0.25   clock reconvergence pessimism
                         -2.00   -1.75   output external delay
                                 -1.75   data required time
-----------------------------------------------------------------------------
                                 -1.75   data required time
                                 -3.11   data arrival time
-----------------------------------------------------------------------------
                                  4.86   slack (MET)


Startpoint: B[7] (input port clocked by clk)
Endpoint: P[14] (output port clocked by clk)
Path Group: clk
Path Type: min

Fanout     Cap    Slew   Delay    Time   Description
-----------------------------------------------------------------------------
                  0.00    0.00    0.00   clock clk (rise edge)
                          0.00    0.00   clock network delay (ideal)
                          2.00    2.00 v input external delay
                  0.01    0.00    2.00 v B[7] (in)
     1    0.00                           B[7] (net)
                  0.01    0.00    2.00 v input16/A (sky130_fd_sc_hd__buf_2)
                  0.08    0.14    2.15 v input16/X (sky130_fd_sc_hd__buf_2)
     8    0.03                           net16 (net)
                  0.08    0.00    2.15 v _468_/A (sky130_fd_sc_hd__inv_2)
                  0.13    0.13    2.28 ^ _468_/Y (sky130_fd_sc_hd__inv_2)
    10    0.03                           _042_ (net)
                  0.13    0.00    2.28 ^ _681_/A2 (sky130_fd_sc_hd__o21ai_1)
                  0.04    0.07    2.34 v _681_/Y (sky130_fd_sc_hd__o21ai_1)
     1    0.00                           _251_ (net)
                  0.04    0.00    2.34 v _682_/B (sky130_fd_sc_hd__nand2_1)
                  0.08    0.09    2.43 ^ _682_/Y (sky130_fd_sc_hd__nand2_1)
     2    0.01                           _252_ (net)
                  0.08    0.00    2.43 ^ _712_/A2 (sky130_fd_sc_hd__o21a_1)
                  0.07    0.13    2.56 ^ _712_/X (sky130_fd_sc_hd__o21a_1)
     2    0.01                           _283_ (net)
                  0.07    0.00    2.56 ^ _714_/B (sky130_fd_sc_hd__nand2_1)
                  0.03    0.05    2.61 v _714_/Y (sky130_fd_sc_hd__nand2_1)
     1    0.00                           _285_ (net)
                  0.03    0.00    2.61 v _715_/B (sky130_fd_sc_hd__nand2_1)
                  0.12    0.11    2.71 ^ _715_/Y (sky130_fd_sc_hd__nand2_1)
     2    0.01                           _287_ (net)
                  0.12    0.00    2.71 ^ _718_/A (sky130_fd_sc_hd__xnor2_2)
                  0.09    0.16    2.87 ^ _718_/Y (sky130_fd_sc_hd__xnor2_2)
     2    0.02                           _290_ (net)
                  0.09    0.00    2.87 ^ _721_/A (sky130_fd_sc_hd__xnor2_1)
                  0.08    0.11    2.98 v _721_/Y (sky130_fd_sc_hd__xnor2_1)
     1    0.01                           net22 (net)
                  0.08    0.00    2.98 v output22/A (sky130_fd_sc_hd__clkbuf_4)
                  0.08    0.19    3.17 v output22/X (sky130_fd_sc_hd__clkbuf_4)
     1    0.03                           P[14] (net)
                  0.08    0.00    3.17 v P[14] (out)
                                  3.17   data arrival time

                  0.00    0.00    0.00   clock clk (rise edge)
                          0.00    0.00   clock network delay (ideal)
                          0.25    0.25   clock uncertainty
                          0.00    0.25   clock reconvergence pessimism
                         -2.00   -1.75   output external delay
                                 -1.75   data required time
-----------------------------------------------------------------------------
                                 -1.75   data required time
                                 -3.17   data arrival time
-----------------------------------------------------------------------------
                                  4.92   slack (MET)


Startpoint: B[6] (input port clocked by clk)
Endpoint: P[9] (output port clocked by clk)
Path Group: clk
Path Type: min

Fanout     Cap    Slew   Delay    Time   Description
-----------------------------------------------------------------------------
                  0.00    0.00    0.00   clock clk (rise edge)
                          0.00    0.00   clock network delay (ideal)
                          2.00    2.00 v input external delay
                  0.01    0.00    2.00 v B[6] (in)
     1    0.00                           B[6] (net)
                  0.01    0.00    2.00 v input15/A (sky130_fd_sc_hd__buf_1)
                  0.09    0.12    2.12 v input15/X (sky130_fd_sc_hd__buf_1)
     6    0.01                           net15 (net)
                  0.09    0.00    2.12 v _435_/A (sky130_fd_sc_hd__buf_2)
                  0.07    0.18    2.30 v _435_/X (sky130_fd_sc_hd__buf_2)
    10    0.03                           _010_ (net)
                  0.07    0.00    2.30 v _436_/C1 (sky130_fd_sc_hd__o211a_1)
                  0.07    0.15    2.44 v _436_/X (sky130_fd_sc_hd__o211a_1)
     4    0.01                           _011_ (net)
                  0.07    0.00    2.44 v _497_/A (sky130_fd_sc_hd__nand3_1)
                  0.09    0.10    2.54 ^ _497_/Y (sky130_fd_sc_hd__nand3_1)
     3    0.01                           _071_ (net)
                  0.09    0.00    2.54 ^ _544_/B (sky130_fd_sc_hd__and3b_1)
                  0.07    0.16    2.70 ^ _544_/X (sky130_fd_sc_hd__and3b_1)
     1    0.00                           _117_ (net)
                  0.07    0.00    2.70 ^ _545_/B1 (sky130_fd_sc_hd__a21oi_2)
                  0.05    0.06    2.76 v _545_/Y (sky130_fd_sc_hd__a21oi_2)
     4    0.02                           _118_ (net)
                  0.05    0.00    2.76 v _582_/A2 (sky130_fd_sc_hd__o21bai_1)
                  0.08    0.14    2.90 ^ _582_/Y (sky130_fd_sc_hd__o21bai_1)
     1    0.00                           _154_ (net)
                  0.08    0.00    2.90 ^ _583_/B (sky130_fd_sc_hd__xnor2_1)
                  0.08    0.10    2.99 v _583_/Y (sky130_fd_sc_hd__xnor2_1)
     1    0.01                           net32 (net)
                  0.08    0.00    2.99 v output32/A (sky130_fd_sc_hd__buf_2)
                  0.09    0.19    3.18 v output32/X (sky130_fd_sc_hd__buf_2)
     1    0.03                           P[9] (net)
                  0.09    0.00    3.18 v P[9] (out)
                                  3.18   data arrival time

                  0.00    0.00    0.00   clock clk (rise edge)
                          0.00    0.00   clock network delay (ideal)
                          0.25    0.25   clock uncertainty
                          0.00    0.25   clock reconvergence pessimism
                         -2.00   -1.75   output external delay
                                 -1.75   data required time
-----------------------------------------------------------------------------
                                 -1.75   data required time
                                 -3.18   data arrival time
-----------------------------------------------------------------------------
                                  4.93   slack (MET)


Startpoint: B[6] (input port clocked by clk)
Endpoint: P[12] (output port clocked by clk)
Path Group: clk
Path Type: min

Fanout     Cap    Slew   Delay    Time   Description
-----------------------------------------------------------------------------
                  0.00    0.00    0.00   clock clk (rise edge)
                          0.00    0.00   clock network delay (ideal)
                          2.00    2.00 ^ input external delay
                  0.02    0.01    2.01 ^ B[6] (in)
     1    0.00                           B[6] (net)
                  0.02    0.00    2.01 ^ input15/A (sky130_fd_sc_hd__buf_1)
                  0.18    0.16    2.17 ^ input15/X (sky130_fd_sc_hd__buf_1)
     6    0.01                           net15 (net)
                  0.18    0.00    2.17 ^ _552_/C (sky130_fd_sc_hd__and4b_1)
                  0.13    0.26    2.43 ^ _552_/X (sky130_fd_sc_hd__and4b_1)
     3    0.01                           _124_ (net)
                  0.13    0.00    2.43 ^ _618_/A1 (sky130_fd_sc_hd__a21o_1)
                  0.08    0.15    2.58 ^ _618_/X (sky130_fd_sc_hd__a21o_1)
     2    0.01                           _188_ (net)
                  0.08    0.00    2.58 ^ _671_/A1 (sky130_fd_sc_hd__a21o_1)
                  0.07    0.13    2.71 ^ _671_/X (sky130_fd_sc_hd__a21o_1)
     2    0.01                           _241_ (net)
                  0.07    0.00    2.71 ^ _672_/B (sky130_fd_sc_hd__xor2_1)
                  0.06    0.08    2.80 v _672_/X (sky130_fd_sc_hd__xor2_1)
     2    0.01                           _242_ (net)
                  0.06    0.00    2.80 v _673_/B1 (sky130_fd_sc_hd__a21oi_2)
                  0.18    0.16    2.96 ^ _673_/Y (sky130_fd_sc_hd__a21oi_2)
     4    0.01                           _243_ (net)
                  0.18    0.00    2.96 ^ _675_/A (sky130_fd_sc_hd__nor2_1)
                  0.02    0.07    3.03 v _675_/Y (sky130_fd_sc_hd__nor2_1)
     1    0.00                           net20 (net)
                  0.02    0.00    3.03 v output20/A (sky130_fd_sc_hd__buf_2)
                  0.09    0.16    3.19 v output20/X (sky130_fd_sc_hd__buf_2)
     1    0.03                           P[12] (net)
                  0.09    0.00    3.19 v P[12] (out)
                                  3.19   data arrival time

                  0.00    0.00    0.00   clock clk (rise edge)
                          0.00    0.00   clock network delay (ideal)
                          0.25    0.25   clock uncertainty
                          0.00    0.25   clock reconvergence pessimism
                         -2.00   -1.75   output external delay
                                 -1.75   data required time
-----------------------------------------------------------------------------
                                 -1.75   data required time
                                 -3.19   data arrival time
-----------------------------------------------------------------------------
                                  4.94   slack (MET)


Startpoint: A[1] (input port clocked by clk)
Endpoint: P[10] (output port clocked by clk)
Path Group: clk
Path Type: min

Fanout     Cap    Slew   Delay    Time   Description
-----------------------------------------------------------------------------
                  0.00    0.00    0.00   clock clk (rise edge)
                          0.00    0.00   clock network delay (ideal)
                          2.00    2.00 ^ input external delay
                  0.02    0.01    2.01 ^ A[1] (in)
     1    0.00                           A[1] (net)
                  0.02    0.00    2.01 ^ input2/A (sky130_fd_sc_hd__clkbuf_2)
                  0.12    0.14    2.15 ^ input2/X (sky130_fd_sc_hd__clkbuf_2)
     6    0.02                           net2 (net)
                  0.12    0.00    2.15 ^ _511_/B2 (sky130_fd_sc_hd__o2bb2a_1)
                  0.06    0.15    2.30 ^ _511_/X (sky130_fd_sc_hd__o2bb2a_1)
     2    0.00                           _084_ (net)
                  0.06    0.00    2.30 ^ _512_/C (sky130_fd_sc_hd__or3_1)
                  0.04    0.09    2.40 ^ _512_/X (sky130_fd_sc_hd__or3_1)
     2    0.00                           _085_ (net)
                  0.04    0.00    2.40 ^ _549_/A (sky130_fd_sc_hd__and2_1)
                  0.09    0.13    2.53 ^ _549_/X (sky130_fd_sc_hd__and2_1)
     3    0.01                           _121_ (net)
                  0.09    0.00    2.53 ^ _584_/A1 (sky130_fd_sc_hd__o21ba_1)
                  0.06    0.14    2.67 ^ _584_/X (sky130_fd_sc_hd__o21ba_1)
     2    0.01                           _155_ (net)
                  0.06    0.00    2.67 ^ _608_/A (sky130_fd_sc_hd__or2b_1)
                  0.08    0.12    2.79 ^ _608_/X (sky130_fd_sc_hd__or2b_1)
     3    0.01                           _179_ (net)
                  0.08    0.00    2.79 ^ _610_/A (sky130_fd_sc_hd__nand2_1)
                  0.08    0.09    2.88 v _610_/Y (sky130_fd_sc_hd__nand2_1)
     3    0.01                           _181_ (net)
                  0.08    0.00    2.88 v _614_/A (sky130_fd_sc_hd__xnor2_1)
                  0.07    0.15    3.03 v _614_/Y (sky130_fd_sc_hd__xnor2_1)
     1    0.01                           net18 (net)
                  0.07    0.00    3.03 v output18/A (sky130_fd_sc_hd__buf_2)
                  0.09    0.18    3.21 v output18/X (sky130_fd_sc_hd__buf_2)
     1    0.03                           P[10] (net)
                  0.09    0.00    3.21 v P[10] (out)
                                  3.21   data arrival time

                  0.00    0.00    0.00   clock clk (rise edge)
                          0.00    0.00   clock network delay (ideal)
                          0.25    0.25   clock uncertainty
                          0.00    0.25   clock reconvergence pessimism
                         -2.00   -1.75   output external delay
                                 -1.75   data required time
-----------------------------------------------------------------------------
                                 -1.75   data required time
                                 -3.21   data arrival time
-----------------------------------------------------------------------------
                                  4.96   slack (MET)


Startpoint: A[2] (input port clocked by clk)
Endpoint: P[11] (output port clocked by clk)
Path Group: clk
Path Type: min

Fanout     Cap    Slew   Delay    Time   Description
-----------------------------------------------------------------------------
                  0.00    0.00    0.00   clock clk (rise edge)
                          0.00    0.00   clock network delay (ideal)
                          2.00    2.00 ^ input external delay
                  0.02    0.01    2.01 ^ A[2] (in)
     1    0.00                           A[2] (net)
                  0.02    0.00    2.01 ^ input3/A (sky130_fd_sc_hd__clkbuf_2)
                  0.12    0.14    2.15 ^ input3/X (sky130_fd_sc_hd__clkbuf_2)
     6    0.02                           net3 (net)
                  0.12    0.00    2.15 ^ _509_/B (sky130_fd_sc_hd__and4b_1)
                  0.05    0.18    2.33 ^ _509_/X (sky130_fd_sc_hd__and4b_1)
     1    0.00                           _082_ (net)
                  0.05    0.00    2.33 ^ _510_/A (sky130_fd_sc_hd__buf_1)
                  0.16    0.16    2.49 ^ _510_/X (sky130_fd_sc_hd__buf_1)
     4    0.01                           _083_ (net)
                  0.16    0.00    2.49 ^ _586_/A1 (sky130_fd_sc_hd__a21oi_1)
                  0.04    0.11    2.60 v _586_/Y (sky130_fd_sc_hd__a21oi_1)
     2    0.01                           _157_ (net)
                  0.04    0.00    2.60 v _607_/A (sky130_fd_sc_hd__xnor2_1)
                  0.06    0.15    2.75 ^ _607_/Y (sky130_fd_sc_hd__xnor2_1)
     2    0.00                           _178_ (net)
                  0.06    0.00    2.75 ^ _609_/A (sky130_fd_sc_hd__or2b_1)
                  0.06    0.10    2.85 ^ _609_/X (sky130_fd_sc_hd__or2b_1)
     2    0.01                           _180_ (net)
                  0.06    0.00    2.85 ^ _642_/A1 (sky130_fd_sc_hd__a21bo_1)
                  0.06    0.11    2.96 ^ _642_/X (sky130_fd_sc_hd__a21bo_1)
     1    0.01                           _212_ (net)
                  0.06    0.00    2.96 ^ _643_/B (sky130_fd_sc_hd__xnor2_1)
                  0.09    0.10    3.06 v _643_/Y (sky130_fd_sc_hd__xnor2_1)
     1    0.01                           net19 (net)
                  0.09    0.00    3.06 v output19/A (sky130_fd_sc_hd__clkbuf_4)
                  0.08    0.19    3.25 v output19/X (sky130_fd_sc_hd__clkbuf_4)
     1    0.03                           P[11] (net)
                  0.08    0.00    3.25 v P[11] (out)
                                  3.25   data arrival time

                  0.00    0.00    0.00   clock clk (rise edge)
                          0.00    0.00   clock network delay (ideal)
                          0.25    0.25   clock uncertainty
                          0.00    0.25   clock reconvergence pessimism
                         -2.00   -1.75   output external delay
                                 -1.75   data required time
-----------------------------------------------------------------------------
                                 -1.75   data required time
                                 -3.25   data arrival time
-----------------------------------------------------------------------------
                                  5.00   slack (MET)



