
===========================================================================
report_checks -path_delay max (Setup)
============================================================================
======================= Typical Corner ===================================

Startpoint: A[5] (input port clocked by clk)
Endpoint: P[14] (output port clocked by clk)
Path Group: clk
Path Type: max

Fanout     Cap    Slew   Delay    Time   Description
-----------------------------------------------------------------------------
                  0.00    0.00    0.00   clock clk (rise edge)
                          0.00    0.00   clock network delay (ideal)
                          2.00    2.00 v input external delay
                  0.01    0.01    2.01 v A[5] (in)
     1    0.00                           A[5] (net)
                  0.01    0.00    2.01 v input6/A (sky130_fd_sc_hd__clkbuf_2)
                  0.08    0.14    2.14 v input6/X (sky130_fd_sc_hd__clkbuf_2)
     7    0.02                           net6 (net)
                  0.08    0.00    2.14 v _415_/A (sky130_fd_sc_hd__buf_2)
                  0.07    0.19    2.33 v _415_/X (sky130_fd_sc_hd__buf_2)
    10    0.03                           _348_ (net)
                  0.07    0.00    2.33 v _445_/B1 (sky130_fd_sc_hd__a22o_1)
                  0.06    0.22    2.55 v _445_/X (sky130_fd_sc_hd__a22o_1)
     3    0.01                           _020_ (net)
                  0.06    0.00    2.55 v _485_/A2 (sky130_fd_sc_hd__a21bo_1)
                  0.04    0.21    2.77 v _485_/X (sky130_fd_sc_hd__a21bo_1)
     2    0.01                           _059_ (net)
                  0.04    0.00    2.77 v _487_/B1 (sky130_fd_sc_hd__a21o_1)
                  0.06    0.18    2.95 v _487_/X (sky130_fd_sc_hd__a21o_1)
     3    0.01                           _061_ (net)
                  0.06    0.00    2.95 v _531_/A2 (sky130_fd_sc_hd__a21bo_1)
                  0.05    0.22    3.17 v _531_/X (sky130_fd_sc_hd__a21bo_1)
     2    0.01                           _104_ (net)
                  0.05    0.00    3.17 v _533_/B1 (sky130_fd_sc_hd__a21o_1)
                  0.05    0.18    3.36 v _533_/X (sky130_fd_sc_hd__a21o_1)
     3    0.01                           _106_ (net)
                  0.05    0.00    3.36 v _534_/C (sky130_fd_sc_hd__and3_1)
                  0.05    0.21    3.56 v _534_/X (sky130_fd_sc_hd__and3_1)
     2    0.01                           _107_ (net)
                  0.05    0.00    3.56 v _537_/A1 (sky130_fd_sc_hd__o211a_1)
                  0.06    0.25    3.82 v _537_/X (sky130_fd_sc_hd__o211a_1)
     3    0.01                           _110_ (net)
                  0.06    0.00    3.82 v _538_/C (sky130_fd_sc_hd__or3_1)
                  0.07    0.33    4.15 v _538_/X (sky130_fd_sc_hd__or3_1)
     2    0.00                           _111_ (net)
                  0.07    0.00    4.15 v _541_/A (sky130_fd_sc_hd__and3_1)
                  0.07    0.20    4.34 v _541_/X (sky130_fd_sc_hd__and3_1)
     4    0.01                           _114_ (net)
                  0.07    0.00    4.34 v _611_/A (sky130_fd_sc_hd__or4_1)
                  0.10    0.57    4.92 v _611_/X (sky130_fd_sc_hd__or4_1)
     2    0.01                           _182_ (net)
                  0.10    0.00    4.92 v _646_/C (sky130_fd_sc_hd__or4_1)
                  0.11    0.55    5.46 v _646_/X (sky130_fd_sc_hd__or4_1)
     2    0.01                           _215_ (net)
                  0.11    0.00    5.46 v _673_/A2 (sky130_fd_sc_hd__a21oi_2)
                  0.18    0.24    5.70 ^ _673_/Y (sky130_fd_sc_hd__a21oi_2)
     4    0.01                           _243_ (net)
                  0.18    0.00    5.70 ^ _720_/A2 (sky130_fd_sc_hd__o31a_1)
                  0.07    0.18    5.88 ^ _720_/X (sky130_fd_sc_hd__o31a_1)
     1    0.01                           _292_ (net)
                  0.07    0.00    5.88 ^ _721_/B (sky130_fd_sc_hd__xnor2_1)
                  0.26    0.18    6.06 ^ _721_/Y (sky130_fd_sc_hd__xnor2_1)
     1    0.01                           net22 (net)
                  0.26    0.00    6.06 ^ output22/A (sky130_fd_sc_hd__clkbuf_4)
                  0.11    0.27    6.33 ^ output22/X (sky130_fd_sc_hd__clkbuf_4)
     1    0.03                           P[14] (net)
                  0.11    0.00    6.33 ^ P[14] (out)
                                  6.33   data arrival time

                  0.00   10.00   10.00   clock clk (rise edge)
                          0.00   10.00   clock network delay (ideal)
                         -0.25    9.75   clock uncertainty
                          0.00    9.75   clock reconvergence pessimism
                         -2.00    7.75   output external delay
                                  7.75   data required time
-----------------------------------------------------------------------------
                                  7.75   data required time
                                 -6.33   data arrival time
-----------------------------------------------------------------------------
                                  1.42   slack (MET)


Startpoint: A[5] (input port clocked by clk)
Endpoint: P[15] (output port clocked by clk)
Path Group: clk
Path Type: max

Fanout     Cap    Slew   Delay    Time   Description
-----------------------------------------------------------------------------
                  0.00    0.00    0.00   clock clk (rise edge)
                          0.00    0.00   clock network delay (ideal)
                          2.00    2.00 v input external delay
                  0.01    0.01    2.01 v A[5] (in)
     1    0.00                           A[5] (net)
                  0.01    0.00    2.01 v input6/A (sky130_fd_sc_hd__clkbuf_2)
                  0.08    0.14    2.14 v input6/X (sky130_fd_sc_hd__clkbuf_2)
     7    0.02                           net6 (net)
                  0.08    0.00    2.14 v _415_/A (sky130_fd_sc_hd__buf_2)
                  0.07    0.19    2.33 v _415_/X (sky130_fd_sc_hd__buf_2)
    10    0.03                           _348_ (net)
                  0.07    0.00    2.33 v _445_/B1 (sky130_fd_sc_hd__a22o_1)
                  0.06    0.22    2.55 v _445_/X (sky130_fd_sc_hd__a22o_1)
     3    0.01                           _020_ (net)
                  0.06    0.00    2.55 v _485_/A2 (sky130_fd_sc_hd__a21bo_1)
                  0.04    0.21    2.77 v _485_/X (sky130_fd_sc_hd__a21bo_1)
     2    0.01                           _059_ (net)
                  0.04    0.00    2.77 v _487_/B1 (sky130_fd_sc_hd__a21o_1)
                  0.06    0.18    2.95 v _487_/X (sky130_fd_sc_hd__a21o_1)
     3    0.01                           _061_ (net)
                  0.06    0.00    2.95 v _531_/A2 (sky130_fd_sc_hd__a21bo_1)
                  0.05    0.22    3.17 v _531_/X (sky130_fd_sc_hd__a21bo_1)
     2    0.01                           _104_ (net)
                  0.05    0.00    3.17 v _533_/B1 (sky130_fd_sc_hd__a21o_1)
                  0.05    0.18    3.36 v _533_/X (sky130_fd_sc_hd__a21o_1)
     3    0.01                           _106_ (net)
                  0.05    0.00    3.36 v _534_/C (sky130_fd_sc_hd__and3_1)
                  0.05    0.21    3.56 v _534_/X (sky130_fd_sc_hd__and3_1)
     2    0.01                           _107_ (net)
                  0.05    0.00    3.56 v _537_/A1 (sky130_fd_sc_hd__o211a_1)
                  0.06    0.25    3.82 v _537_/X (sky130_fd_sc_hd__o211a_1)
     3    0.01                           _110_ (net)
                  0.06    0.00    3.82 v _538_/C (sky130_fd_sc_hd__or3_1)
                  0.07    0.33    4.15 v _538_/X (sky130_fd_sc_hd__or3_1)
     2    0.00                           _111_ (net)
                  0.07    0.00    4.15 v _541_/A (sky130_fd_sc_hd__and3_1)
                  0.07    0.20    4.34 v _541_/X (sky130_fd_sc_hd__and3_1)
     4    0.01                           _114_ (net)
                  0.07    0.00    4.34 v _611_/A (sky130_fd_sc_hd__or4_1)
                  0.10    0.57    4.92 v _611_/X (sky130_fd_sc_hd__or4_1)
     2    0.01                           _182_ (net)
                  0.10    0.00    4.92 v _646_/C (sky130_fd_sc_hd__or4_1)
                  0.11    0.55    5.46 v _646_/X (sky130_fd_sc_hd__or4_1)
     2    0.01                           _215_ (net)
                  0.11    0.00    5.46 v _673_/A2 (sky130_fd_sc_hd__a21oi_2)
                  0.18    0.24    5.70 ^ _673_/Y (sky130_fd_sc_hd__a21oi_2)
     4    0.01                           _243_ (net)
                  0.18    0.00    5.70 ^ _723_/A2 (sky130_fd_sc_hd__o311ai_2)
                  0.10    0.15    5.85 v _723_/Y (sky130_fd_sc_hd__o311ai_2)
     1    0.01                           _294_ (net)
                  0.10    0.00    5.85 v _729_/B1 (sky130_fd_sc_hd__o211a_1)
                  0.04    0.16    6.01 v _729_/X (sky130_fd_sc_hd__o211a_1)
     1    0.00                           net23 (net)
                  0.04    0.00    6.01 v output23/A (sky130_fd_sc_hd__buf_2)
                  0.09    0.19    6.19 v output23/X (sky130_fd_sc_hd__buf_2)
     1    0.03                           P[15] (net)
                  0.09    0.00    6.19 v P[15] (out)
                                  6.19   data arrival time

                  0.00   10.00   10.00   clock clk (rise edge)
                          0.00   10.00   clock network delay (ideal)
                         -0.25    9.75   clock uncertainty
                          0.00    9.75   clock reconvergence pessimism
                         -2.00    7.75   output external delay
                                  7.75   data required time
-----------------------------------------------------------------------------
                                  7.75   data required time
                                 -6.19   data arrival time
-----------------------------------------------------------------------------
                                  1.56   slack (MET)


Startpoint: A[5] (input port clocked by clk)
Endpoint: P[13] (output port clocked by clk)
Path Group: clk
Path Type: max

Fanout     Cap    Slew   Delay    Time   Description
-----------------------------------------------------------------------------
                  0.00    0.00    0.00   clock clk (rise edge)
                          0.00    0.00   clock network delay (ideal)
                          2.00    2.00 v input external delay
                  0.01    0.01    2.01 v A[5] (in)
     1    0.00                           A[5] (net)
                  0.01    0.00    2.01 v input6/A (sky130_fd_sc_hd__clkbuf_2)
                  0.08    0.14    2.14 v input6/X (sky130_fd_sc_hd__clkbuf_2)
     7    0.02                           net6 (net)
                  0.08    0.00    2.14 v _415_/A (sky130_fd_sc_hd__buf_2)
                  0.07    0.19    2.33 v _415_/X (sky130_fd_sc_hd__buf_2)
    10    0.03                           _348_ (net)
                  0.07    0.00    2.33 v _445_/B1 (sky130_fd_sc_hd__a22o_1)
                  0.06    0.22    2.55 v _445_/X (sky130_fd_sc_hd__a22o_1)
     3    0.01                           _020_ (net)
                  0.06    0.00    2.55 v _485_/A2 (sky130_fd_sc_hd__a21bo_1)
                  0.04    0.21    2.77 v _485_/X (sky130_fd_sc_hd__a21bo_1)
     2    0.01                           _059_ (net)
                  0.04    0.00    2.77 v _487_/B1 (sky130_fd_sc_hd__a21o_1)
                  0.06    0.18    2.95 v _487_/X (sky130_fd_sc_hd__a21o_1)
     3    0.01                           _061_ (net)
                  0.06    0.00    2.95 v _531_/A2 (sky130_fd_sc_hd__a21bo_1)
                  0.05    0.22    3.17 v _531_/X (sky130_fd_sc_hd__a21bo_1)
     2    0.01                           _104_ (net)
                  0.05    0.00    3.17 v _533_/B1 (sky130_fd_sc_hd__a21o_1)
                  0.05    0.18    3.36 v _533_/X (sky130_fd_sc_hd__a21o_1)
     3    0.01                           _106_ (net)
                  0.05    0.00    3.36 v _534_/C (sky130_fd_sc_hd__and3_1)
                  0.05    0.21    3.56 v _534_/X (sky130_fd_sc_hd__and3_1)
     2    0.01                           _107_ (net)
                  0.05    0.00    3.56 v _537_/A1 (sky130_fd_sc_hd__o211a_1)
                  0.06    0.25    3.82 v _537_/X (sky130_fd_sc_hd__o211a_1)
     3    0.01                           _110_ (net)
                  0.06    0.00    3.82 v _538_/C (sky130_fd_sc_hd__or3_1)
                  0.07    0.33    4.15 v _538_/X (sky130_fd_sc_hd__or3_1)
     2    0.00                           _111_ (net)
                  0.07    0.00    4.15 v _541_/A (sky130_fd_sc_hd__and3_1)
                  0.07    0.20    4.34 v _541_/X (sky130_fd_sc_hd__and3_1)
     4    0.01                           _114_ (net)
                  0.07    0.00    4.34 v _611_/A (sky130_fd_sc_hd__or4_1)
                  0.10    0.57    4.92 v _611_/X (sky130_fd_sc_hd__or4_1)
     2    0.01                           _182_ (net)
                  0.10    0.00    4.92 v _646_/C (sky130_fd_sc_hd__or4_1)
                  0.11    0.55    5.46 v _646_/X (sky130_fd_sc_hd__or4_1)
     2    0.01                           _215_ (net)
                  0.11    0.00    5.46 v _673_/A2 (sky130_fd_sc_hd__a21oi_2)
                  0.18    0.24    5.70 ^ _673_/Y (sky130_fd_sc_hd__a21oi_2)
     4    0.01                           _243_ (net)
                  0.18    0.00    5.70 ^ _699_/B (sky130_fd_sc_hd__or2_1)
                  0.06    0.15    5.85 ^ _699_/X (sky130_fd_sc_hd__or2_1)
     1    0.00                           _270_ (net)
                  0.06    0.00    5.85 ^ _700_/B (sky130_fd_sc_hd__xnor2_1)
                  0.10    0.11    5.95 ^ _700_/Y (sky130_fd_sc_hd__xnor2_1)
     1    0.00                           net21 (net)
                  0.10    0.00    5.95 ^ output21/A (sky130_fd_sc_hd__buf_2)
                  0.17    0.23    6.18 ^ output21/X (sky130_fd_sc_hd__buf_2)
     1    0.03                           P[13] (net)
                  0.17    0.00    6.18 ^ P[13] (out)
                                  6.18   data arrival time

                  0.00   10.00   10.00   clock clk (rise edge)
                          0.00   10.00   clock network delay (ideal)
                         -0.25    9.75   clock uncertainty
                          0.00    9.75   clock reconvergence pessimism
                         -2.00    7.75   output external delay
                                  7.75   data required time
-----------------------------------------------------------------------------
                                  7.75   data required time
                                 -6.18   data arrival time
-----------------------------------------------------------------------------
                                  1.57   slack (MET)


Startpoint: A[5] (input port clocked by clk)
Endpoint: P[12] (output port clocked by clk)
Path Group: clk
Path Type: max

Fanout     Cap    Slew   Delay    Time   Description
-----------------------------------------------------------------------------
                  0.00    0.00    0.00   clock clk (rise edge)
                          0.00    0.00   clock network delay (ideal)
                          2.00    2.00 v input external delay
                  0.01    0.01    2.01 v A[5] (in)
     1    0.00                           A[5] (net)
                  0.01    0.00    2.01 v input6/A (sky130_fd_sc_hd__clkbuf_2)
                  0.08    0.14    2.14 v input6/X (sky130_fd_sc_hd__clkbuf_2)
     7    0.02                           net6 (net)
                  0.08    0.00    2.14 v _415_/A (sky130_fd_sc_hd__buf_2)
                  0.07    0.19    2.33 v _415_/X (sky130_fd_sc_hd__buf_2)
    10    0.03                           _348_ (net)
                  0.07    0.00    2.33 v _445_/B1 (sky130_fd_sc_hd__a22o_1)
                  0.06    0.22    2.55 v _445_/X (sky130_fd_sc_hd__a22o_1)
     3    0.01                           _020_ (net)
                  0.06    0.00    2.55 v _485_/A2 (sky130_fd_sc_hd__a21bo_1)
                  0.04    0.21    2.77 v _485_/X (sky130_fd_sc_hd__a21bo_1)
     2    0.01                           _059_ (net)
                  0.04    0.00    2.77 v _487_/B1 (sky130_fd_sc_hd__a21o_1)
                  0.06    0.18    2.95 v _487_/X (sky130_fd_sc_hd__a21o_1)
     3    0.01                           _061_ (net)
                  0.06    0.00    2.95 v _531_/A2 (sky130_fd_sc_hd__a21bo_1)
                  0.05    0.22    3.17 v _531_/X (sky130_fd_sc_hd__a21bo_1)
     2    0.01                           _104_ (net)
                  0.05    0.00    3.17 v _533_/B1 (sky130_fd_sc_hd__a21o_1)
                  0.05    0.18    3.36 v _533_/X (sky130_fd_sc_hd__a21o_1)
     3    0.01                           _106_ (net)
                  0.05    0.00    3.36 v _534_/C (sky130_fd_sc_hd__and3_1)
                  0.05    0.21    3.56 v _534_/X (sky130_fd_sc_hd__and3_1)
     2    0.01                           _107_ (net)
                  0.05    0.00    3.56 v _537_/A1 (sky130_fd_sc_hd__o211a_1)
                  0.06    0.25    3.82 v _537_/X (sky130_fd_sc_hd__o211a_1)
     3    0.01                           _110_ (net)
                  0.06    0.00    3.82 v _538_/C (sky130_fd_sc_hd__or3_1)
                  0.07    0.33    4.15 v _538_/X (sky130_fd_sc_hd__or3_1)
     2    0.00                           _111_ (net)
                  0.07    0.00    4.15 v _541_/A (sky130_fd_sc_hd__and3_1)
                  0.07    0.20    4.34 v _541_/X (sky130_fd_sc_hd__and3_1)
     4    0.01                           _114_ (net)
                  0.07    0.00    4.34 v _611_/A (sky130_fd_sc_hd__or4_1)
                  0.10    0.57    4.92 v _611_/X (sky130_fd_sc_hd__or4_1)
     2    0.01                           _182_ (net)
                  0.10    0.00    4.92 v _646_/C (sky130_fd_sc_hd__or4_1)
                  0.11    0.55    5.46 v _646_/X (sky130_fd_sc_hd__or4_1)
     2    0.01                           _215_ (net)
                  0.11    0.00    5.46 v _674_/C (sky130_fd_sc_hd__and3_1)
                  0.04    0.21    5.67 v _674_/X (sky130_fd_sc_hd__and3_1)
     1    0.00                           _244_ (net)
                  0.04    0.00    5.67 v _675_/B (sky130_fd_sc_hd__nor2_1)
                  0.08    0.08    5.76 ^ _675_/Y (sky130_fd_sc_hd__nor2_1)
     1    0.00                           net20 (net)
                  0.08    0.00    5.76 ^ output20/A (sky130_fd_sc_hd__buf_2)
                  0.17    0.22    5.98 ^ output20/X (sky130_fd_sc_hd__buf_2)
     1    0.03                           P[12] (net)
                  0.17    0.00    5.98 ^ P[12] (out)
                                  5.98   data arrival time

                  0.00   10.00   10.00   clock clk (rise edge)
                          0.00   10.00   clock network delay (ideal)
                         -0.25    9.75   clock uncertainty
                          0.00    9.75   clock reconvergence pessimism
                         -2.00    7.75   output external delay
                                  7.75   data required time
-----------------------------------------------------------------------------
                                  7.75   data required time
                                 -5.98   data arrival time
-----------------------------------------------------------------------------
                                  1.77   slack (MET)


Startpoint: A[5] (input port clocked by clk)
Endpoint: P[11] (output port clocked by clk)
Path Group: clk
Path Type: max

Fanout     Cap    Slew   Delay    Time   Description
-----------------------------------------------------------------------------
                  0.00    0.00    0.00   clock clk (rise edge)
                          0.00    0.00   clock network delay (ideal)
                          2.00    2.00 v input external delay
                  0.01    0.01    2.01 v A[5] (in)
     1    0.00                           A[5] (net)
                  0.01    0.00    2.01 v input6/A (sky130_fd_sc_hd__clkbuf_2)
                  0.08    0.14    2.14 v input6/X (sky130_fd_sc_hd__clkbuf_2)
     7    0.02                           net6 (net)
                  0.08    0.00    2.14 v _415_/A (sky130_fd_sc_hd__buf_2)
                  0.07    0.19    2.33 v _415_/X (sky130_fd_sc_hd__buf_2)
    10    0.03                           _348_ (net)
                  0.07    0.00    2.33 v _445_/B1 (sky130_fd_sc_hd__a22o_1)
                  0.06    0.22    2.55 v _445_/X (sky130_fd_sc_hd__a22o_1)
     3    0.01                           _020_ (net)
                  0.06    0.00    2.55 v _485_/A2 (sky130_fd_sc_hd__a21bo_1)
                  0.04    0.21    2.77 v _485_/X (sky130_fd_sc_hd__a21bo_1)
     2    0.01                           _059_ (net)
                  0.04    0.00    2.77 v _487_/B1 (sky130_fd_sc_hd__a21o_1)
                  0.06    0.18    2.95 v _487_/X (sky130_fd_sc_hd__a21o_1)
     3    0.01                           _061_ (net)
                  0.06    0.00    2.95 v _531_/A2 (sky130_fd_sc_hd__a21bo_1)
                  0.05    0.22    3.17 v _531_/X (sky130_fd_sc_hd__a21bo_1)
     2    0.01                           _104_ (net)
                  0.05    0.00    3.17 v _533_/B1 (sky130_fd_sc_hd__a21o_1)
                  0.05    0.18    3.36 v _533_/X (sky130_fd_sc_hd__a21o_1)
     3    0.01                           _106_ (net)
                  0.05    0.00    3.36 v _534_/C (sky130_fd_sc_hd__and3_1)
                  0.05    0.21    3.56 v _534_/X (sky130_fd_sc_hd__and3_1)
     2    0.01                           _107_ (net)
                  0.05    0.00    3.56 v _537_/A1 (sky130_fd_sc_hd__o211a_1)
                  0.06    0.25    3.82 v _537_/X (sky130_fd_sc_hd__o211a_1)
     3    0.01                           _110_ (net)
                  0.06    0.00    3.82 v _538_/C (sky130_fd_sc_hd__or3_1)
                  0.07    0.33    4.15 v _538_/X (sky130_fd_sc_hd__or3_1)
     2    0.00                           _111_ (net)
                  0.07    0.00    4.15 v _541_/A (sky130_fd_sc_hd__and3_1)
                  0.07    0.20    4.34 v _541_/X (sky130_fd_sc_hd__and3_1)
     4    0.01                           _114_ (net)
                  0.07    0.00    4.34 v _611_/A (sky130_fd_sc_hd__or4_1)
                  0.10    0.57    4.92 v _611_/X (sky130_fd_sc_hd__or4_1)
     2    0.01                           _182_ (net)
                  0.10    0.00    4.92 v _613_/A2 (sky130_fd_sc_hd__o21ai_1)
                  0.19    0.21    5.12 ^ _613_/Y (sky130_fd_sc_hd__o21ai_1)
     2    0.01                           _184_ (net)
                  0.19    0.00    5.12 ^ _642_/A2 (sky130_fd_sc_hd__a21bo_1)
                  0.06    0.16    5.28 ^ _642_/X (sky130_fd_sc_hd__a21bo_1)
     1    0.01                           _212_ (net)
                  0.06    0.00    5.28 ^ _643_/B (sky130_fd_sc_hd__xnor2_1)
                  0.27    0.18    5.46 ^ _643_/Y (sky130_fd_sc_hd__xnor2_1)
     1    0.01                           net19 (net)
                  0.27    0.00    5.46 ^ output19/A (sky130_fd_sc_hd__clkbuf_4)
                  0.12    0.28    5.74 ^ output19/X (sky130_fd_sc_hd__clkbuf_4)
     1    0.03                           P[11] (net)
                  0.12    0.00    5.74 ^ P[11] (out)
                                  5.74   data arrival time

                  0.00   10.00   10.00   clock clk (rise edge)
                          0.00   10.00   clock network delay (ideal)
                         -0.25    9.75   clock uncertainty
                          0.00    9.75   clock reconvergence pessimism
                         -2.00    7.75   output external delay
                                  7.75   data required time
-----------------------------------------------------------------------------
                                  7.75   data required time
                                 -5.74   data arrival time
-----------------------------------------------------------------------------
                                  2.01   slack (MET)


Startpoint: A[5] (input port clocked by clk)
Endpoint: P[10] (output port clocked by clk)
Path Group: clk
Path Type: max

Fanout     Cap    Slew   Delay    Time   Description
-----------------------------------------------------------------------------
                  0.00    0.00    0.00   clock clk (rise edge)
                          0.00    0.00   clock network delay (ideal)
                          2.00    2.00 v input external delay
                  0.01    0.01    2.01 v A[5] (in)
     1    0.00                           A[5] (net)
                  0.01    0.00    2.01 v input6/A (sky130_fd_sc_hd__clkbuf_2)
                  0.08    0.14    2.14 v input6/X (sky130_fd_sc_hd__clkbuf_2)
     7    0.02                           net6 (net)
                  0.08    0.00    2.14 v _415_/A (sky130_fd_sc_hd__buf_2)
                  0.07    0.19    2.33 v _415_/X (sky130_fd_sc_hd__buf_2)
    10    0.03                           _348_ (net)
                  0.07    0.00    2.33 v _445_/B1 (sky130_fd_sc_hd__a22o_1)
                  0.06    0.22    2.55 v _445_/X (sky130_fd_sc_hd__a22o_1)
     3    0.01                           _020_ (net)
                  0.06    0.00    2.55 v _485_/A2 (sky130_fd_sc_hd__a21bo_1)
                  0.04    0.21    2.77 v _485_/X (sky130_fd_sc_hd__a21bo_1)
     2    0.01                           _059_ (net)
                  0.04    0.00    2.77 v _487_/B1 (sky130_fd_sc_hd__a21o_1)
                  0.06    0.18    2.95 v _487_/X (sky130_fd_sc_hd__a21o_1)
     3    0.01                           _061_ (net)
                  0.06    0.00    2.95 v _531_/A2 (sky130_fd_sc_hd__a21bo_1)
                  0.05    0.22    3.17 v _531_/X (sky130_fd_sc_hd__a21bo_1)
     2    0.01                           _104_ (net)
                  0.05    0.00    3.17 v _533_/B1 (sky130_fd_sc_hd__a21o_1)
                  0.05    0.18    3.36 v _533_/X (sky130_fd_sc_hd__a21o_1)
     3    0.01                           _106_ (net)
                  0.05    0.00    3.36 v _534_/C (sky130_fd_sc_hd__and3_1)
                  0.05    0.21    3.56 v _534_/X (sky130_fd_sc_hd__and3_1)
     2    0.01                           _107_ (net)
                  0.05    0.00    3.56 v _537_/A1 (sky130_fd_sc_hd__o211a_1)
                  0.06    0.25    3.82 v _537_/X (sky130_fd_sc_hd__o211a_1)
     3    0.01                           _110_ (net)
                  0.06    0.00    3.82 v _538_/C (sky130_fd_sc_hd__or3_1)
                  0.07    0.33    4.15 v _538_/X (sky130_fd_sc_hd__or3_1)
     2    0.00                           _111_ (net)
                  0.07    0.00    4.15 v _541_/A (sky130_fd_sc_hd__and3_1)
                  0.07    0.20    4.34 v _541_/X (sky130_fd_sc_hd__and3_1)
     4    0.01                           _114_ (net)
                  0.07    0.00    4.34 v _611_/A (sky130_fd_sc_hd__or4_1)
                  0.10    0.57    4.92 v _611_/X (sky130_fd_sc_hd__or4_1)
     2    0.01                           _182_ (net)
                  0.10    0.00    4.92 v _613_/A2 (sky130_fd_sc_hd__o21ai_1)
                  0.19    0.21    5.12 ^ _613_/Y (sky130_fd_sc_hd__o21ai_1)
     2    0.01                           _184_ (net)
                  0.19    0.00    5.12 ^ _614_/B (sky130_fd_sc_hd__xnor2_1)
                  0.20    0.18    5.31 ^ _614_/Y (sky130_fd_sc_hd__xnor2_1)
     1    0.01                           net18 (net)
                  0.20    0.00    5.31 ^ output18/A (sky130_fd_sc_hd__buf_2)
                  0.17    0.26    5.57 ^ output18/X (sky130_fd_sc_hd__buf_2)
     1    0.03                           P[10] (net)
                  0.17    0.00    5.57 ^ P[10] (out)
                                  5.57   data arrival time

                  0.00   10.00   10.00   clock clk (rise edge)
                          0.00   10.00   clock network delay (ideal)
                         -0.25    9.75   clock uncertainty
                          0.00    9.75   clock reconvergence pessimism
                         -2.00    7.75   output external delay
                                  7.75   data required time
-----------------------------------------------------------------------------
                                  7.75   data required time
                                 -5.57   data arrival time
-----------------------------------------------------------------------------
                                  2.18   slack (MET)


Startpoint: A[4] (input port clocked by clk)
Endpoint: P[9] (output port clocked by clk)
Path Group: clk
Path Type: max

Fanout     Cap    Slew   Delay    Time   Description
-----------------------------------------------------------------------------
                  0.00    0.00    0.00   clock clk (rise edge)
                          0.00    0.00   clock network delay (ideal)
                          2.00    2.00 ^ input external delay
                  0.02    0.01    2.01 ^ A[4] (in)
     1    0.00                           A[4] (net)
                  0.02    0.00    2.01 ^ input5/A (sky130_fd_sc_hd__clkbuf_2)
                  0.14    0.17    2.18 ^ input5/X (sky130_fd_sc_hd__clkbuf_2)
     7    0.02                           net5 (net)
                  0.14    0.00    2.18 ^ _397_/A (sky130_fd_sc_hd__buf_2)
                  0.16    0.24    2.42 ^ _397_/X (sky130_fd_sc_hd__buf_2)
    10    0.03                           _331_ (net)
                  0.16    0.00    2.42 ^ _399_/D (sky130_fd_sc_hd__nand4_1)
                  0.12    0.16    2.58 v _399_/Y (sky130_fd_sc_hd__nand4_1)
     3    0.01                           _333_ (net)
                  0.12    0.00    2.58 v _401_/A2 (sky130_fd_sc_hd__a21o_1)
                  0.04    0.23    2.81 v _401_/X (sky130_fd_sc_hd__a21o_1)
     2    0.01                           _335_ (net)
                  0.04    0.00    2.81 v _403_/A2 (sky130_fd_sc_hd__a211o_1)
                  0.06    0.31    3.12 v _403_/X (sky130_fd_sc_hd__a211o_1)
     2    0.00                           _337_ (net)
                  0.06    0.00    3.12 v _412_/A2 (sky130_fd_sc_hd__a21o_1)
                  0.04    0.19    3.31 v _412_/X (sky130_fd_sc_hd__a21o_1)
     2    0.00                           _345_ (net)
                  0.04    0.00    3.31 v _430_/A (sky130_fd_sc_hd__and3_1)
                  0.07    0.19    3.50 v _430_/X (sky130_fd_sc_hd__and3_1)
     4    0.01                           _005_ (net)
                  0.07    0.00    3.50 v _432_/A_N (sky130_fd_sc_hd__and2b_1)
                  0.09    0.24    3.74 ^ _432_/X (sky130_fd_sc_hd__and2b_1)
     1    0.01                           _007_ (net)
                  0.09    0.00    3.74 ^ _433_/B (sky130_fd_sc_hd__xnor2_2)
                  0.21    0.15    3.89 ^ _433_/Y (sky130_fd_sc_hd__xnor2_2)
     4    0.01                           _008_ (net)
                  0.21    0.00    3.89 ^ _463_/A2_N (sky130_fd_sc_hd__a2bb2o_1)
                  0.06    0.33    4.22 v _463_/X (sky130_fd_sc_hd__a2bb2o_1)
     2    0.00                           _038_ (net)
                  0.06    0.00    4.22 v _501_/A1 (sky130_fd_sc_hd__a21o_1)
                  0.07    0.20    4.42 v _501_/X (sky130_fd_sc_hd__a21o_1)
     3    0.01                           _075_ (net)
                  0.07    0.00    4.42 v _545_/A2 (sky130_fd_sc_hd__a21oi_2)
                  0.22    0.25    4.67 ^ _545_/Y (sky130_fd_sc_hd__a21oi_2)
     4    0.02                           _118_ (net)
                  0.22    0.00    4.67 ^ _582_/A2 (sky130_fd_sc_hd__o21bai_1)
                  0.07    0.11    4.78 v _582_/Y (sky130_fd_sc_hd__o21bai_1)
     1    0.00                           _154_ (net)
                  0.07    0.00    4.78 v _583_/B (sky130_fd_sc_hd__xnor2_1)
                  0.25    0.25    5.03 ^ _583_/Y (sky130_fd_sc_hd__xnor2_1)
     1    0.01                           net32 (net)
                  0.25    0.00    5.03 ^ output32/A (sky130_fd_sc_hd__buf_2)
                  0.17    0.27    5.30 ^ output32/X (sky130_fd_sc_hd__buf_2)
     1    0.03                           P[9] (net)
                  0.17    0.00    5.30 ^ P[9] (out)
                                  5.30   data arrival time

                  0.00   10.00   10.00   clock clk (rise edge)
                          0.00   10.00   clock network delay (ideal)
                         -0.25    9.75   clock uncertainty
                          0.00    9.75   clock reconvergence pessimism
                         -2.00    7.75   output external delay
                                  7.75   data required time
-----------------------------------------------------------------------------
                                  7.75   data required time
                                 -5.30   data arrival time
-----------------------------------------------------------------------------
                                  2.45   slack (MET)


Startpoint: A[4] (input port clocked by clk)
Endpoint: P[8] (output port clocked by clk)
Path Group: clk
Path Type: max

Fanout     Cap    Slew   Delay    Time   Description
-----------------------------------------------------------------------------
                  0.00    0.00    0.00   clock clk (rise edge)
                          0.00    0.00   clock network delay (ideal)
                          2.00    2.00 ^ input external delay
                  0.02    0.01    2.01 ^ A[4] (in)
     1    0.00                           A[4] (net)
                  0.02    0.00    2.01 ^ input5/A (sky130_fd_sc_hd__clkbuf_2)
                  0.14    0.17    2.18 ^ input5/X (sky130_fd_sc_hd__clkbuf_2)
     7    0.02                           net5 (net)
                  0.14    0.00    2.18 ^ _397_/A (sky130_fd_sc_hd__buf_2)
                  0.16    0.24    2.42 ^ _397_/X (sky130_fd_sc_hd__buf_2)
    10    0.03                           _331_ (net)
                  0.16    0.00    2.42 ^ _399_/D (sky130_fd_sc_hd__nand4_1)
                  0.12    0.16    2.58 v _399_/Y (sky130_fd_sc_hd__nand4_1)
     3    0.01                           _333_ (net)
                  0.12    0.00    2.58 v _401_/A2 (sky130_fd_sc_hd__a21o_1)
                  0.04    0.23    2.81 v _401_/X (sky130_fd_sc_hd__a21o_1)
     2    0.01                           _335_ (net)
                  0.04    0.00    2.81 v _403_/A2 (sky130_fd_sc_hd__a211o_1)
                  0.06    0.31    3.12 v _403_/X (sky130_fd_sc_hd__a211o_1)
     2    0.00                           _337_ (net)
                  0.06    0.00    3.12 v _412_/A2 (sky130_fd_sc_hd__a21o_1)
                  0.04    0.19    3.31 v _412_/X (sky130_fd_sc_hd__a21o_1)
     2    0.00                           _345_ (net)
                  0.04    0.00    3.31 v _430_/A (sky130_fd_sc_hd__and3_1)
                  0.07    0.19    3.50 v _430_/X (sky130_fd_sc_hd__and3_1)
     4    0.01                           _005_ (net)
                  0.07    0.00    3.50 v _432_/A_N (sky130_fd_sc_hd__and2b_1)
                  0.09    0.24    3.74 ^ _432_/X (sky130_fd_sc_hd__and2b_1)
     1    0.01                           _007_ (net)
                  0.09    0.00    3.74 ^ _433_/B (sky130_fd_sc_hd__xnor2_2)
                  0.21    0.15    3.89 ^ _433_/Y (sky130_fd_sc_hd__xnor2_2)
     4    0.01                           _008_ (net)
                  0.21    0.00    3.89 ^ _463_/A2_N (sky130_fd_sc_hd__a2bb2o_1)
                  0.06    0.33    4.22 v _463_/X (sky130_fd_sc_hd__a2bb2o_1)
     2    0.00                           _038_ (net)
                  0.06    0.00    4.22 v _501_/A1 (sky130_fd_sc_hd__a21o_1)
                  0.07    0.20    4.42 v _501_/X (sky130_fd_sc_hd__a21o_1)
     3    0.01                           _075_ (net)
                  0.07    0.00    4.42 v _545_/A2 (sky130_fd_sc_hd__a21oi_2)
                  0.22    0.25    4.67 ^ _545_/Y (sky130_fd_sc_hd__a21oi_2)
     4    0.02                           _118_ (net)
                  0.22    0.00    4.67 ^ _546_/B (sky130_fd_sc_hd__xnor2_1)
                  0.15    0.17    4.84 ^ _546_/Y (sky130_fd_sc_hd__xnor2_1)
     1    0.00                           net31 (net)
                  0.15    0.00    4.84 ^ output31/A (sky130_fd_sc_hd__clkbuf_4)
                  0.11    0.23    5.07 ^ output31/X (sky130_fd_sc_hd__clkbuf_4)
     1    0.03                           P[8] (net)
                  0.11    0.00    5.07 ^ P[8] (out)
                                  5.07   data arrival time

                  0.00   10.00   10.00   clock clk (rise edge)
                          0.00   10.00   clock network delay (ideal)
                         -0.25    9.75   clock uncertainty
                          0.00    9.75   clock reconvergence pessimism
                         -2.00    7.75   output external delay
                                  7.75   data required time
-----------------------------------------------------------------------------
                                  7.75   data required time
                                 -5.07   data arrival time
-----------------------------------------------------------------------------
                                  2.68   slack (MET)


Startpoint: A[4] (input port clocked by clk)
Endpoint: P[7] (output port clocked by clk)
Path Group: clk
Path Type: max

Fanout     Cap    Slew   Delay    Time   Description
-----------------------------------------------------------------------------
                  0.00    0.00    0.00   clock clk (rise edge)
                          0.00    0.00   clock network delay (ideal)
                          2.00    2.00 ^ input external delay
                  0.02    0.01    2.01 ^ A[4] (in)
     1    0.00                           A[4] (net)
                  0.02    0.00    2.01 ^ input5/A (sky130_fd_sc_hd__clkbuf_2)
                  0.14    0.17    2.18 ^ input5/X (sky130_fd_sc_hd__clkbuf_2)
     7    0.02                           net5 (net)
                  0.14    0.00    2.18 ^ _397_/A (sky130_fd_sc_hd__buf_2)
                  0.16    0.24    2.42 ^ _397_/X (sky130_fd_sc_hd__buf_2)
    10    0.03                           _331_ (net)
                  0.16    0.00    2.42 ^ _399_/D (sky130_fd_sc_hd__nand4_1)
                  0.12    0.16    2.58 v _399_/Y (sky130_fd_sc_hd__nand4_1)
     3    0.01                           _333_ (net)
                  0.12    0.00    2.58 v _401_/A2 (sky130_fd_sc_hd__a21o_1)
                  0.04    0.23    2.81 v _401_/X (sky130_fd_sc_hd__a21o_1)
     2    0.01                           _335_ (net)
                  0.04    0.00    2.81 v _403_/A2 (sky130_fd_sc_hd__a211o_1)
                  0.06    0.31    3.12 v _403_/X (sky130_fd_sc_hd__a211o_1)
     2    0.00                           _337_ (net)
                  0.06    0.00    3.12 v _412_/A2 (sky130_fd_sc_hd__a21o_1)
                  0.04    0.19    3.31 v _412_/X (sky130_fd_sc_hd__a21o_1)
     2    0.00                           _345_ (net)
                  0.04    0.00    3.31 v _430_/A (sky130_fd_sc_hd__and3_1)
                  0.07    0.19    3.50 v _430_/X (sky130_fd_sc_hd__and3_1)
     4    0.01                           _005_ (net)
                  0.07    0.00    3.50 v _432_/A_N (sky130_fd_sc_hd__and2b_1)
                  0.09    0.24    3.74 ^ _432_/X (sky130_fd_sc_hd__and2b_1)
     1    0.01                           _007_ (net)
                  0.09    0.00    3.74 ^ _433_/B (sky130_fd_sc_hd__xnor2_2)
                  0.21    0.15    3.89 ^ _433_/Y (sky130_fd_sc_hd__xnor2_2)
     4    0.01                           _008_ (net)
                  0.21    0.00    3.89 ^ _463_/A2_N (sky130_fd_sc_hd__a2bb2o_1)
                  0.06    0.33    4.22 v _463_/X (sky130_fd_sc_hd__a2bb2o_1)
     2    0.00                           _038_ (net)
                  0.06    0.00    4.22 v _501_/A1 (sky130_fd_sc_hd__a21o_1)
                  0.07    0.20    4.42 v _501_/X (sky130_fd_sc_hd__a21o_1)
     3    0.01                           _075_ (net)
                  0.07    0.00    4.42 v _502_/C (sky130_fd_sc_hd__and3_1)
                  0.04    0.19    4.61 v _502_/X (sky130_fd_sc_hd__and3_1)
     1    0.00                           _076_ (net)
                  0.04    0.00    4.61 v _504_/A (sky130_fd_sc_hd__nor2_1)
                  0.11    0.13    4.73 ^ _504_/Y (sky130_fd_sc_hd__nor2_1)
     1    0.00                           net30 (net)
                  0.11    0.00    4.73 ^ output30/A (sky130_fd_sc_hd__buf_2)
                  0.17    0.23    4.97 ^ output30/X (sky130_fd_sc_hd__buf_2)
     1    0.03                           P[7] (net)
                  0.17    0.00    4.97 ^ P[7] (out)
                                  4.97   data arrival time

                  0.00   10.00   10.00   clock clk (rise edge)
                          0.00   10.00   clock network delay (ideal)
                         -0.25    9.75   clock uncertainty
                          0.00    9.75   clock reconvergence pessimism
                         -2.00    7.75   output external delay
                                  7.75   data required time
-----------------------------------------------------------------------------
                                  7.75   data required time
                                 -4.97   data arrival time
-----------------------------------------------------------------------------
                                  2.78   slack (MET)


Startpoint: A[4] (input port clocked by clk)
Endpoint: P[6] (output port clocked by clk)
Path Group: clk
Path Type: max

Fanout     Cap    Slew   Delay    Time   Description
-----------------------------------------------------------------------------
                  0.00    0.00    0.00   clock clk (rise edge)
                          0.00    0.00   clock network delay (ideal)
                          2.00    2.00 ^ input external delay
                  0.02    0.01    2.01 ^ A[4] (in)
     1    0.00                           A[4] (net)
                  0.02    0.00    2.01 ^ input5/A (sky130_fd_sc_hd__clkbuf_2)
                  0.14    0.17    2.18 ^ input5/X (sky130_fd_sc_hd__clkbuf_2)
     7    0.02                           net5 (net)
                  0.14    0.00    2.18 ^ _397_/A (sky130_fd_sc_hd__buf_2)
                  0.16    0.24    2.42 ^ _397_/X (sky130_fd_sc_hd__buf_2)
    10    0.03                           _331_ (net)
                  0.16    0.00    2.42 ^ _399_/D (sky130_fd_sc_hd__nand4_1)
                  0.12    0.16    2.58 v _399_/Y (sky130_fd_sc_hd__nand4_1)
     3    0.01                           _333_ (net)
                  0.12    0.00    2.58 v _401_/A2 (sky130_fd_sc_hd__a21o_1)
                  0.04    0.23    2.81 v _401_/X (sky130_fd_sc_hd__a21o_1)
     2    0.01                           _335_ (net)
                  0.04    0.00    2.81 v _403_/A2 (sky130_fd_sc_hd__a211o_1)
                  0.06    0.31    3.12 v _403_/X (sky130_fd_sc_hd__a211o_1)
     2    0.00                           _337_ (net)
                  0.06    0.00    3.12 v _412_/A2 (sky130_fd_sc_hd__a21o_1)
                  0.04    0.19    3.31 v _412_/X (sky130_fd_sc_hd__a21o_1)
     2    0.00                           _345_ (net)
                  0.04    0.00    3.31 v _430_/A (sky130_fd_sc_hd__and3_1)
                  0.07    0.19    3.50 v _430_/X (sky130_fd_sc_hd__and3_1)
     4    0.01                           _005_ (net)
                  0.07    0.00    3.50 v _432_/A_N (sky130_fd_sc_hd__and2b_1)
                  0.09    0.24    3.74 ^ _432_/X (sky130_fd_sc_hd__and2b_1)
     1    0.01                           _007_ (net)
                  0.09    0.00    3.74 ^ _433_/B (sky130_fd_sc_hd__xnor2_2)
                  0.21    0.15    3.89 ^ _433_/Y (sky130_fd_sc_hd__xnor2_2)
     4    0.01                           _008_ (net)
                  0.21    0.00    3.89 ^ _462_/B_N (sky130_fd_sc_hd__and4bb_1)
                  0.05    0.26    4.15 v _462_/X (sky130_fd_sc_hd__and4bb_1)
     2    0.00                           _037_ (net)
                  0.05    0.00    4.15 v _464_/A (sky130_fd_sc_hd__or2b_1)
                  0.07    0.26    4.41 v _464_/X (sky130_fd_sc_hd__or2b_1)
     1    0.01                           _039_ (net)
                  0.07    0.00    4.41 v _466_/A (sky130_fd_sc_hd__xnor2_2)
                  0.20    0.23    4.65 ^ _466_/Y (sky130_fd_sc_hd__xnor2_2)
     1    0.01                           net29 (net)
                  0.20    0.00    4.65 ^ output29/A (sky130_fd_sc_hd__buf_2)
                  0.17    0.26    4.91 ^ output29/X (sky130_fd_sc_hd__buf_2)
     1    0.03                           P[6] (net)
                  0.17    0.00    4.91 ^ P[6] (out)
                                  4.91   data arrival time

                  0.00   10.00   10.00   clock clk (rise edge)
                          0.00   10.00   clock network delay (ideal)
                         -0.25    9.75   clock uncertainty
                          0.00    9.75   clock reconvergence pessimism
                         -2.00    7.75   output external delay
                                  7.75   data required time
-----------------------------------------------------------------------------
                                  7.75   data required time
                                 -4.91   data arrival time
-----------------------------------------------------------------------------
                                  2.84   slack (MET)


Startpoint: B[0] (input port clocked by clk)
Endpoint: P[4] (output port clocked by clk)
Path Group: clk
Path Type: max

Fanout     Cap    Slew   Delay    Time   Description
-----------------------------------------------------------------------------
                  0.00    0.00    0.00   clock clk (rise edge)
                          0.00    0.00   clock network delay (ideal)
                          2.00    2.00 ^ input external delay
                  0.02    0.01    2.01 ^ B[0] (in)
     1    0.00                           B[0] (net)
                  0.02    0.00    2.01 ^ input9/A (sky130_fd_sc_hd__buf_2)
                  0.16    0.19    2.20 ^ input9/X (sky130_fd_sc_hd__buf_2)
    10    0.03                           net9 (net)
                  0.16    0.00    2.20 ^ _358_/A (sky130_fd_sc_hd__clkbuf_2)
                  0.14    0.22    2.42 ^ _358_/X (sky130_fd_sc_hd__clkbuf_2)
    10    0.02                           _234_ (net)
                  0.14    0.00    2.42 ^ _368_/A (sky130_fd_sc_hd__and4_1)
                  0.08    0.22    2.65 ^ _368_/X (sky130_fd_sc_hd__and4_1)
     3    0.01                           _304_ (net)
                  0.08    0.00    2.65 ^ _371_/A_N (sky130_fd_sc_hd__and4bb_1)
                  0.05    0.21    2.86 v _371_/X (sky130_fd_sc_hd__and4bb_1)
     3    0.01                           _307_ (net)
                  0.05    0.00    2.86 v _384_/B (sky130_fd_sc_hd__or2_1)
                  0.07    0.25    3.11 v _384_/X (sky130_fd_sc_hd__or2_1)
     2    0.01                           _319_ (net)
                  0.07    0.00    3.11 v _385_/B (sky130_fd_sc_hd__xor2_1)
                  0.18    0.19    3.30 ^ _385_/X (sky130_fd_sc_hd__xor2_1)
     2    0.01                           _320_ (net)
                  0.18    0.00    3.30 ^ _391_/B_N (sky130_fd_sc_hd__or2b_1)
                  0.06    0.27    3.57 v _391_/X (sky130_fd_sc_hd__or2b_1)
     2    0.01                           _325_ (net)
                  0.06    0.00    3.57 v _406_/A2 (sky130_fd_sc_hd__a21o_1)
                  0.08    0.23    3.81 v _406_/X (sky130_fd_sc_hd__a21o_1)
     5    0.01                           _340_ (net)
                  0.08    0.00    3.81 v _409_/A1 (sky130_fd_sc_hd__a21o_1)
                  0.03    0.16    3.97 v _409_/X (sky130_fd_sc_hd__a21o_1)
     1    0.00                           _343_ (net)
                  0.03    0.00    3.97 v _410_/B (sky130_fd_sc_hd__and2_1)
                  0.04    0.15    4.12 v _410_/X (sky130_fd_sc_hd__and2_1)
     1    0.00                           _344_ (net)
                  0.04    0.00    4.12 v _411_/A (sky130_fd_sc_hd__clkbuf_1)
                  0.02    0.09    4.21 v _411_/X (sky130_fd_sc_hd__clkbuf_1)
     1    0.00                           net27 (net)
                  0.02    0.00    4.21 v output27/A (sky130_fd_sc_hd__clkbuf_4)
                  0.08    0.18    4.39 v output27/X (sky130_fd_sc_hd__clkbuf_4)
     1    0.03                           P[4] (net)
                  0.08    0.00    4.39 v P[4] (out)
                                  4.39   data arrival time

                  0.00   10.00   10.00   clock clk (rise edge)
                          0.00   10.00   clock network delay (ideal)
                         -0.25    9.75   clock uncertainty
                          0.00    9.75   clock reconvergence pessimism
                         -2.00    7.75   output external delay
                                  7.75   data required time
-----------------------------------------------------------------------------
                                  7.75   data required time
                                 -4.39   data arrival time
-----------------------------------------------------------------------------
                                  3.36   slack (MET)


Startpoint: B[0] (input port clocked by clk)
Endpoint: P[5] (output port clocked by clk)
Path Group: clk
Path Type: max

Fanout     Cap    Slew   Delay    Time   Description
-----------------------------------------------------------------------------
                  0.00    0.00    0.00   clock clk (rise edge)
                          0.00    0.00   clock network delay (ideal)
                          2.00    2.00 ^ input external delay
                  0.02    0.01    2.01 ^ B[0] (in)
     1    0.00                           B[0] (net)
                  0.02    0.00    2.01 ^ input9/A (sky130_fd_sc_hd__buf_2)
                  0.16    0.19    2.20 ^ input9/X (sky130_fd_sc_hd__buf_2)
    10    0.03                           net9 (net)
                  0.16    0.00    2.20 ^ _358_/A (sky130_fd_sc_hd__clkbuf_2)
                  0.14    0.22    2.42 ^ _358_/X (sky130_fd_sc_hd__clkbuf_2)
    10    0.02                           _234_ (net)
                  0.14    0.00    2.42 ^ _368_/A (sky130_fd_sc_hd__and4_1)
                  0.08    0.22    2.65 ^ _368_/X (sky130_fd_sc_hd__and4_1)
     3    0.01                           _304_ (net)
                  0.08    0.00    2.65 ^ _371_/A_N (sky130_fd_sc_hd__and4bb_1)
                  0.05    0.21    2.86 v _371_/X (sky130_fd_sc_hd__and4bb_1)
     3    0.01                           _307_ (net)
                  0.05    0.00    2.86 v _384_/B (sky130_fd_sc_hd__or2_1)
                  0.07    0.25    3.11 v _384_/X (sky130_fd_sc_hd__or2_1)
     2    0.01                           _319_ (net)
                  0.07    0.00    3.11 v _385_/B (sky130_fd_sc_hd__xor2_1)
                  0.18    0.19    3.30 ^ _385_/X (sky130_fd_sc_hd__xor2_1)
     2    0.01                           _320_ (net)
                  0.18    0.00    3.30 ^ _391_/B_N (sky130_fd_sc_hd__or2b_1)
                  0.06    0.27    3.57 v _391_/X (sky130_fd_sc_hd__or2b_1)
     2    0.01                           _325_ (net)
                  0.06    0.00    3.57 v _406_/A2 (sky130_fd_sc_hd__a21o_1)
                  0.08    0.23    3.81 v _406_/X (sky130_fd_sc_hd__a21o_1)
     5    0.01                           _340_ (net)
                  0.08    0.00    3.81 v _408_/B (sky130_fd_sc_hd__nand3_1)
                  0.11    0.13    3.94 ^ _408_/Y (sky130_fd_sc_hd__nand3_1)
     3    0.01                           _342_ (net)
                  0.11    0.00    3.94 ^ _730_/B (sky130_fd_sc_hd__nand2_1)
                  0.06    0.08    4.02 v _730_/Y (sky130_fd_sc_hd__nand2_1)
     1    0.00                           _301_ (net)
                  0.06    0.00    4.02 v _731_/B (sky130_fd_sc_hd__xnor2_1)
                  0.11    0.13    4.15 ^ _731_/Y (sky130_fd_sc_hd__xnor2_1)
     1    0.00                           net28 (net)
                  0.11    0.00    4.15 ^ output28/A (sky130_fd_sc_hd__clkbuf_4)
                  0.11    0.22    4.38 ^ output28/X (sky130_fd_sc_hd__clkbuf_4)
     1    0.03                           P[5] (net)
                  0.11    0.00    4.38 ^ P[5] (out)
                                  4.38   data arrival time

                  0.00   10.00   10.00   clock clk (rise edge)
                          0.00   10.00   clock network delay (ideal)
                         -0.25    9.75   clock uncertainty
                          0.00    9.75   clock reconvergence pessimism
                         -2.00    7.75   output external delay
                                  7.75   data required time
-----------------------------------------------------------------------------
                                  7.75   data required time
                                 -4.38   data arrival time
-----------------------------------------------------------------------------
                                  3.37   slack (MET)


Startpoint: B[0] (input port clocked by clk)
Endpoint: P[3] (output port clocked by clk)
Path Group: clk
Path Type: max

Fanout     Cap    Slew   Delay    Time   Description
-----------------------------------------------------------------------------
                  0.00    0.00    0.00   clock clk (rise edge)
                          0.00    0.00   clock network delay (ideal)
                          2.00    2.00 ^ input external delay
                  0.02    0.01    2.01 ^ B[0] (in)
     1    0.00                           B[0] (net)
                  0.02    0.00    2.01 ^ input9/A (sky130_fd_sc_hd__buf_2)
                  0.16    0.19    2.20 ^ input9/X (sky130_fd_sc_hd__buf_2)
    10    0.03                           net9 (net)
                  0.16    0.00    2.20 ^ _358_/A (sky130_fd_sc_hd__clkbuf_2)
                  0.14    0.22    2.42 ^ _358_/X (sky130_fd_sc_hd__clkbuf_2)
    10    0.02                           _234_ (net)
                  0.14    0.00    2.42 ^ _368_/A (sky130_fd_sc_hd__and4_1)
                  0.08    0.22    2.65 ^ _368_/X (sky130_fd_sc_hd__and4_1)
     3    0.01                           _304_ (net)
                  0.08    0.00    2.65 ^ _371_/A_N (sky130_fd_sc_hd__and4bb_1)
                  0.05    0.21    2.86 v _371_/X (sky130_fd_sc_hd__and4bb_1)
     3    0.01                           _307_ (net)
                  0.05    0.00    2.86 v _384_/B (sky130_fd_sc_hd__or2_1)
                  0.07    0.25    3.11 v _384_/X (sky130_fd_sc_hd__or2_1)
     2    0.01                           _319_ (net)
                  0.07    0.00    3.11 v _385_/B (sky130_fd_sc_hd__xor2_1)
                  0.07    0.17    3.28 v _385_/X (sky130_fd_sc_hd__xor2_1)
     2    0.01                           _320_ (net)
                  0.07    0.00    3.28 v _386_/B (sky130_fd_sc_hd__xnor2_1)
                  0.06    0.14    3.42 v _386_/Y (sky130_fd_sc_hd__xnor2_1)
     2    0.00                           _321_ (net)
                  0.06    0.00    3.42 v _387_/B (sky130_fd_sc_hd__and2_1)
                  0.06    0.20    3.62 v _387_/X (sky130_fd_sc_hd__and2_1)
     3    0.01                           _322_ (net)
                  0.06    0.00    3.62 v _389_/A (sky130_fd_sc_hd__nor2_1)
                  0.08    0.11    3.72 ^ _389_/Y (sky130_fd_sc_hd__nor2_1)
     1    0.00                           net26 (net)
                  0.08    0.00    3.72 ^ output26/A (sky130_fd_sc_hd__buf_2)
                  0.17    0.22    3.94 ^ output26/X (sky130_fd_sc_hd__buf_2)
     1    0.03                           P[3] (net)
                  0.17    0.00    3.94 ^ P[3] (out)
                                  3.94   data arrival time

                  0.00   10.00   10.00   clock clk (rise edge)
                          0.00   10.00   clock network delay (ideal)
                         -0.25    9.75   clock uncertainty
                          0.00    9.75   clock reconvergence pessimism
                         -2.00    7.75   output external delay
                                  7.75   data required time
-----------------------------------------------------------------------------
                                  7.75   data required time
                                 -3.94   data arrival time
-----------------------------------------------------------------------------
                                  3.81   slack (MET)


Startpoint: A[2] (input port clocked by clk)
Endpoint: P[2] (output port clocked by clk)
Path Group: clk
Path Type: max

Fanout     Cap    Slew   Delay    Time   Description
-----------------------------------------------------------------------------
                  0.00    0.00    0.00   clock clk (rise edge)
                          0.00    0.00   clock network delay (ideal)
                          2.00    2.00 v input external delay
                  0.01    0.00    2.00 v A[2] (in)
     1    0.00                           A[2] (net)
                  0.01    0.00    2.00 v input3/A (sky130_fd_sc_hd__clkbuf_2)
                  0.08    0.14    2.15 v input3/X (sky130_fd_sc_hd__clkbuf_2)
     6    0.02                           net3 (net)
                  0.08    0.00    2.15 v _367_/A (sky130_fd_sc_hd__buf_2)
                  0.08    0.20    2.34 v _367_/X (sky130_fd_sc_hd__buf_2)
    10    0.03                           _303_ (net)
                  0.08    0.00    2.34 v _368_/D (sky130_fd_sc_hd__and4_1)
                  0.05    0.23    2.58 v _368_/X (sky130_fd_sc_hd__and4_1)
     3    0.01                           _304_ (net)
                  0.05    0.00    2.58 v _372_/B1 (sky130_fd_sc_hd__o2bb2a_1)
                  0.06    0.31    2.89 v _372_/X (sky130_fd_sc_hd__o2bb2a_1)
     2    0.00                           _308_ (net)
                  0.06    0.00    2.89 v _373_/B (sky130_fd_sc_hd__or2_1)
                  0.06    0.23    3.12 v _373_/X (sky130_fd_sc_hd__or2_1)
     1    0.00                           _309_ (net)
                  0.06    0.00    3.12 v _374_/B (sky130_fd_sc_hd__xnor2_1)
                  0.10    0.12    3.24 ^ _374_/Y (sky130_fd_sc_hd__xnor2_1)
     1    0.00                           net25 (net)
                  0.10    0.00    3.24 ^ output25/A (sky130_fd_sc_hd__buf_2)
                  0.17    0.23    3.47 ^ output25/X (sky130_fd_sc_hd__buf_2)
     1    0.03                           P[2] (net)
                  0.17    0.00    3.47 ^ P[2] (out)
                                  3.47   data arrival time

                  0.00   10.00   10.00   clock clk (rise edge)
                          0.00   10.00   clock network delay (ideal)
                         -0.25    9.75   clock uncertainty
                          0.00    9.75   clock reconvergence pessimism
                         -2.00    7.75   output external delay
                                  7.75   data required time
-----------------------------------------------------------------------------
                                  7.75   data required time
                                 -3.47   data arrival time
-----------------------------------------------------------------------------
                                  4.28   slack (MET)


Startpoint: B[1] (input port clocked by clk)
Endpoint: P[1] (output port clocked by clk)
Path Group: clk
Path Type: max

Fanout     Cap    Slew   Delay    Time   Description
-----------------------------------------------------------------------------
                  0.00    0.00    0.00   clock clk (rise edge)
                          0.00    0.00   clock network delay (ideal)
                          2.00    2.00 v input external delay
                  0.01    0.00    2.00 v B[1] (in)
     1    0.00                           B[1] (net)
                  0.01    0.00    2.00 v input10/A (sky130_fd_sc_hd__buf_2)
                  0.07    0.15    2.16 v input10/X (sky130_fd_sc_hd__buf_2)
     8    0.02                           net10 (net)
                  0.07    0.00    2.16 v _363_/A (sky130_fd_sc_hd__buf_2)
                  0.07    0.18    2.34 v _363_/X (sky130_fd_sc_hd__buf_2)
    10    0.03                           _286_ (net)
                  0.07    0.00    2.34 v _365_/D (sky130_fd_sc_hd__and4_1)
                  0.07    0.25    2.59 v _365_/X (sky130_fd_sc_hd__and4_1)
     3    0.01                           _302_ (net)
                  0.07    0.00    2.59 v _366_/B (sky130_fd_sc_hd__nor2_1)
                  0.21    0.20    2.79 ^ _366_/Y (sky130_fd_sc_hd__nor2_1)
     1    0.01                           net24 (net)
                  0.21    0.00    2.79 ^ output24/A (sky130_fd_sc_hd__buf_2)
                  0.17    0.26    3.05 ^ output24/X (sky130_fd_sc_hd__buf_2)
     1    0.03                           P[1] (net)
                  0.17    0.00    3.05 ^ P[1] (out)
                                  3.05   data arrival time

                  0.00   10.00   10.00   clock clk (rise edge)
                          0.00   10.00   clock network delay (ideal)
                         -0.25    9.75   clock uncertainty
                          0.00    9.75   clock reconvergence pessimism
                         -2.00    7.75   output external delay
                                  7.75   data required time
-----------------------------------------------------------------------------
                                  7.75   data required time
                                 -3.05   data arrival time
-----------------------------------------------------------------------------
                                  4.70   slack (MET)


Startpoint: B[0] (input port clocked by clk)
Endpoint: P[0] (output port clocked by clk)
Path Group: clk
Path Type: max

Fanout     Cap    Slew   Delay    Time   Description
-----------------------------------------------------------------------------
                  0.00    0.00    0.00   clock clk (rise edge)
                          0.00    0.00   clock network delay (ideal)
                          2.00    2.00 ^ input external delay
                  0.02    0.01    2.01 ^ B[0] (in)
     1    0.00                           B[0] (net)
                  0.02    0.00    2.01 ^ input9/A (sky130_fd_sc_hd__buf_2)
                  0.16    0.19    2.20 ^ input9/X (sky130_fd_sc_hd__buf_2)
    10    0.03                           net9 (net)
                  0.16    0.00    2.20 ^ _358_/A (sky130_fd_sc_hd__clkbuf_2)
                  0.14    0.22    2.42 ^ _358_/X (sky130_fd_sc_hd__clkbuf_2)
    10    0.02                           _234_ (net)
                  0.14    0.00    2.42 ^ _360_/A (sky130_fd_sc_hd__and2_1)
                  0.11    0.20    2.62 ^ _360_/X (sky130_fd_sc_hd__and2_1)
     1    0.01                           _255_ (net)
                  0.11    0.00    2.62 ^ _361_/A (sky130_fd_sc_hd__clkbuf_1)
                  0.04    0.10    2.72 ^ _361_/X (sky130_fd_sc_hd__clkbuf_1)
     1    0.00                           net17 (net)
                  0.04    0.00    2.72 ^ output17/A (sky130_fd_sc_hd__buf_2)
                  0.17    0.20    2.92 ^ output17/X (sky130_fd_sc_hd__buf_2)
     1    0.03                           P[0] (net)
                  0.17    0.00    2.92 ^ P[0] (out)
                                  2.92   data arrival time

                  0.00   10.00   10.00   clock clk (rise edge)
                          0.00   10.00   clock network delay (ideal)
                         -0.25    9.75   clock uncertainty
                          0.00    9.75   clock reconvergence pessimism
                         -2.00    7.75   output external delay
                                  7.75   data required time
-----------------------------------------------------------------------------
                                  7.75   data required time
                                 -2.92   data arrival time
-----------------------------------------------------------------------------
                                  4.83   slack (MET)



