
===========================================================================
report_checks -path_delay max (Setup)
============================================================================
======================= Typical Corner ===================================

Startpoint: B[4] (input port clocked by clk)
Endpoint: P[14] (output port clocked by clk)
Path Group: clk
Path Type: max

Fanout     Cap    Slew   Delay    Time   Description
-----------------------------------------------------------------------------
                  0.00    0.00    0.00   clock clk (rise edge)
                          0.00    0.00   clock network delay (ideal)
                          2.00    2.00 ^ input external delay
                  0.12    0.09    2.09 ^ B[4] (in)
     8    0.03                           B[4] (net)
                  0.12    0.00    2.09 ^ _392_/A (sky130_fd_sc_hd__buf_1)
                  0.50    0.44    2.53 ^ _392_/X (sky130_fd_sc_hd__buf_1)
    10    0.04                           _326_ (net)
                  0.50    0.00    2.53 ^ _508_/A2 (sky130_fd_sc_hd__a32oi_2)
                  0.14    0.23    2.75 v _508_/Y (sky130_fd_sc_hd__a32oi_2)
     2    0.01                           _081_ (net)
                  0.14    0.00    2.75 v _512_/A (sky130_fd_sc_hd__or3_2)
                  0.08    0.52    3.28 v _512_/X (sky130_fd_sc_hd__or3_2)
     2    0.00                           _085_ (net)
                  0.08    0.00    3.28 v _514_/A (sky130_fd_sc_hd__and2_2)
                  0.05    0.21    3.49 v _514_/X (sky130_fd_sc_hd__and2_2)
     2    0.01                           _087_ (net)
                  0.05    0.00    3.49 v _515_/B (sky130_fd_sc_hd__xnor2_2)
                  0.07    0.16    3.65 v _515_/Y (sky130_fd_sc_hd__xnor2_2)
     3    0.01                           _088_ (net)
                  0.07    0.00    3.65 v _534_/A (sky130_fd_sc_hd__and3_2)
                  0.05    0.21    3.85 v _534_/X (sky130_fd_sc_hd__and3_2)
     2    0.01                           _107_ (net)
                  0.05    0.00    3.85 v _537_/A1 (sky130_fd_sc_hd__o211a_2)
                  0.06    0.30    4.15 v _537_/X (sky130_fd_sc_hd__o211a_2)
     3    0.01                           _110_ (net)
                  0.06    0.00    4.15 v _538_/C (sky130_fd_sc_hd__or3_2)
                  0.09    0.45    4.60 v _538_/X (sky130_fd_sc_hd__or3_2)
     2    0.01                           _111_ (net)
                  0.09    0.00    4.60 v _541_/A (sky130_fd_sc_hd__and3_2)
                  0.06    0.23    4.83 v _541_/X (sky130_fd_sc_hd__and3_2)
     4    0.01                           _114_ (net)
                  0.06    0.00    4.83 v _611_/A (sky130_fd_sc_hd__or4_2)
                  0.12    0.72    5.55 v _611_/X (sky130_fd_sc_hd__or4_2)
     2    0.01                           _182_ (net)
                  0.12    0.00    5.55 v _646_/C (sky130_fd_sc_hd__or4_2)
                  0.12    0.69    6.24 v _646_/X (sky130_fd_sc_hd__or4_2)
     2    0.01                           _215_ (net)
                  0.12    0.00    6.24 v _673_/A2 (sky130_fd_sc_hd__a21oi_2)
                  0.20    0.26    6.49 ^ _673_/Y (sky130_fd_sc_hd__a21oi_2)
     4    0.01                           _243_ (net)
                  0.20    0.00    6.49 ^ _720_/A2 (sky130_fd_sc_hd__o31a_2)
                  0.06    0.20    6.69 ^ _720_/X (sky130_fd_sc_hd__o31a_2)
     1    0.01                           _292_ (net)
                  0.06    0.00    6.69 ^ _721_/B (sky130_fd_sc_hd__xnor2_2)
                  0.55    0.25    6.94 ^ _721_/Y (sky130_fd_sc_hd__xnor2_2)
     1    0.04                           P[14] (net)
                  0.55    0.00    6.94 ^ P[14] (out)
                                  6.94   data arrival time

                  0.00   10.00   10.00   clock clk (rise edge)
                          0.00   10.00   clock network delay (ideal)
                         -0.25    9.75   clock uncertainty
                          0.00    9.75   clock reconvergence pessimism
                         -2.00    7.75   output external delay
                                  7.75   data required time
-----------------------------------------------------------------------------
                                  7.75   data required time
                                 -6.94   data arrival time
-----------------------------------------------------------------------------
                                  0.81   slack (MET)


Startpoint: B[4] (input port clocked by clk)
Endpoint: P[13] (output port clocked by clk)
Path Group: clk
Path Type: max

Fanout     Cap    Slew   Delay    Time   Description
-----------------------------------------------------------------------------
                  0.00    0.00    0.00   clock clk (rise edge)
                          0.00    0.00   clock network delay (ideal)
                          2.00    2.00 ^ input external delay
                  0.12    0.09    2.09 ^ B[4] (in)
     8    0.03                           B[4] (net)
                  0.12    0.00    2.09 ^ _392_/A (sky130_fd_sc_hd__buf_1)
                  0.50    0.44    2.53 ^ _392_/X (sky130_fd_sc_hd__buf_1)
    10    0.04                           _326_ (net)
                  0.50    0.00    2.53 ^ _508_/A2 (sky130_fd_sc_hd__a32oi_2)
                  0.14    0.23    2.75 v _508_/Y (sky130_fd_sc_hd__a32oi_2)
     2    0.01                           _081_ (net)
                  0.14    0.00    2.75 v _512_/A (sky130_fd_sc_hd__or3_2)
                  0.08    0.52    3.28 v _512_/X (sky130_fd_sc_hd__or3_2)
     2    0.00                           _085_ (net)
                  0.08    0.00    3.28 v _514_/A (sky130_fd_sc_hd__and2_2)
                  0.05    0.21    3.49 v _514_/X (sky130_fd_sc_hd__and2_2)
     2    0.01                           _087_ (net)
                  0.05    0.00    3.49 v _515_/B (sky130_fd_sc_hd__xnor2_2)
                  0.07    0.16    3.65 v _515_/Y (sky130_fd_sc_hd__xnor2_2)
     3    0.01                           _088_ (net)
                  0.07    0.00    3.65 v _534_/A (sky130_fd_sc_hd__and3_2)
                  0.05    0.21    3.85 v _534_/X (sky130_fd_sc_hd__and3_2)
     2    0.01                           _107_ (net)
                  0.05    0.00    3.85 v _537_/A1 (sky130_fd_sc_hd__o211a_2)
                  0.06    0.30    4.15 v _537_/X (sky130_fd_sc_hd__o211a_2)
     3    0.01                           _110_ (net)
                  0.06    0.00    4.15 v _538_/C (sky130_fd_sc_hd__or3_2)
                  0.09    0.45    4.60 v _538_/X (sky130_fd_sc_hd__or3_2)
     2    0.01                           _111_ (net)
                  0.09    0.00    4.60 v _541_/A (sky130_fd_sc_hd__and3_2)
                  0.06    0.23    4.83 v _541_/X (sky130_fd_sc_hd__and3_2)
     4    0.01                           _114_ (net)
                  0.06    0.00    4.83 v _611_/A (sky130_fd_sc_hd__or4_2)
                  0.12    0.72    5.55 v _611_/X (sky130_fd_sc_hd__or4_2)
     2    0.01                           _182_ (net)
                  0.12    0.00    5.55 v _646_/C (sky130_fd_sc_hd__or4_2)
                  0.12    0.69    6.24 v _646_/X (sky130_fd_sc_hd__or4_2)
     2    0.01                           _215_ (net)
                  0.12    0.00    6.24 v _673_/A2 (sky130_fd_sc_hd__a21oi_2)
                  0.20    0.26    6.49 ^ _673_/Y (sky130_fd_sc_hd__a21oi_2)
     4    0.01                           _243_ (net)
                  0.20    0.00    6.49 ^ _699_/B (sky130_fd_sc_hd__or2_2)
                  0.06    0.17    6.67 ^ _699_/X (sky130_fd_sc_hd__or2_2)
     1    0.01                           _270_ (net)
                  0.06    0.00    6.67 ^ _700_/B (sky130_fd_sc_hd__xnor2_2)
                  0.46    0.22    6.88 ^ _700_/Y (sky130_fd_sc_hd__xnor2_2)
     1    0.03                           P[13] (net)
                  0.46    0.00    6.88 ^ P[13] (out)
                                  6.88   data arrival time

                  0.00   10.00   10.00   clock clk (rise edge)
                          0.00   10.00   clock network delay (ideal)
                         -0.25    9.75   clock uncertainty
                          0.00    9.75   clock reconvergence pessimism
                         -2.00    7.75   output external delay
                                  7.75   data required time
-----------------------------------------------------------------------------
                                  7.75   data required time
                                 -6.88   data arrival time
-----------------------------------------------------------------------------
                                  0.87   slack (MET)


Startpoint: B[4] (input port clocked by clk)
Endpoint: P[15] (output port clocked by clk)
Path Group: clk
Path Type: max

Fanout     Cap    Slew   Delay    Time   Description
-----------------------------------------------------------------------------
                  0.00    0.00    0.00   clock clk (rise edge)
                          0.00    0.00   clock network delay (ideal)
                          2.00    2.00 ^ input external delay
                  0.12    0.09    2.09 ^ B[4] (in)
     8    0.03                           B[4] (net)
                  0.12    0.00    2.09 ^ _392_/A (sky130_fd_sc_hd__buf_1)
                  0.50    0.44    2.53 ^ _392_/X (sky130_fd_sc_hd__buf_1)
    10    0.04                           _326_ (net)
                  0.50    0.00    2.53 ^ _508_/A2 (sky130_fd_sc_hd__a32oi_2)
                  0.14    0.23    2.75 v _508_/Y (sky130_fd_sc_hd__a32oi_2)
     2    0.01                           _081_ (net)
                  0.14    0.00    2.75 v _512_/A (sky130_fd_sc_hd__or3_2)
                  0.08    0.52    3.28 v _512_/X (sky130_fd_sc_hd__or3_2)
     2    0.00                           _085_ (net)
                  0.08    0.00    3.28 v _514_/A (sky130_fd_sc_hd__and2_2)
                  0.05    0.21    3.49 v _514_/X (sky130_fd_sc_hd__and2_2)
     2    0.01                           _087_ (net)
                  0.05    0.00    3.49 v _515_/B (sky130_fd_sc_hd__xnor2_2)
                  0.07    0.16    3.65 v _515_/Y (sky130_fd_sc_hd__xnor2_2)
     3    0.01                           _088_ (net)
                  0.07    0.00    3.65 v _534_/A (sky130_fd_sc_hd__and3_2)
                  0.05    0.21    3.85 v _534_/X (sky130_fd_sc_hd__and3_2)
     2    0.01                           _107_ (net)
                  0.05    0.00    3.85 v _537_/A1 (sky130_fd_sc_hd__o211a_2)
                  0.06    0.30    4.15 v _537_/X (sky130_fd_sc_hd__o211a_2)
     3    0.01                           _110_ (net)
                  0.06    0.00    4.15 v _538_/C (sky130_fd_sc_hd__or3_2)
                  0.09    0.45    4.60 v _538_/X (sky130_fd_sc_hd__or3_2)
     2    0.01                           _111_ (net)
                  0.09    0.00    4.60 v _541_/A (sky130_fd_sc_hd__and3_2)
                  0.06    0.23    4.83 v _541_/X (sky130_fd_sc_hd__and3_2)
     4    0.01                           _114_ (net)
                  0.06    0.00    4.83 v _611_/A (sky130_fd_sc_hd__or4_2)
                  0.12    0.72    5.55 v _611_/X (sky130_fd_sc_hd__or4_2)
     2    0.01                           _182_ (net)
                  0.12    0.00    5.55 v _646_/C (sky130_fd_sc_hd__or4_2)
                  0.12    0.69    6.24 v _646_/X (sky130_fd_sc_hd__or4_2)
     2    0.01                           _215_ (net)
                  0.12    0.00    6.24 v _673_/A2 (sky130_fd_sc_hd__a21oi_2)
                  0.20    0.26    6.49 ^ _673_/Y (sky130_fd_sc_hd__a21oi_2)
     4    0.01                           _243_ (net)
                  0.20    0.00    6.49 ^ _723_/A2 (sky130_fd_sc_hd__o311ai_2)
                  0.10    0.15    6.64 v _723_/Y (sky130_fd_sc_hd__o311ai_2)
     1    0.01                           _294_ (net)
                  0.10    0.00    6.64 v _729_/B1 (sky130_fd_sc_hd__o211a_2)
                  0.11    0.24    6.88 v _729_/X (sky130_fd_sc_hd__o211a_2)
     1    0.04                           P[15] (net)
                  0.11    0.00    6.88 v P[15] (out)
                                  6.88   data arrival time

                  0.00   10.00   10.00   clock clk (rise edge)
                          0.00   10.00   clock network delay (ideal)
                         -0.25    9.75   clock uncertainty
                          0.00    9.75   clock reconvergence pessimism
                         -2.00    7.75   output external delay
                                  7.75   data required time
-----------------------------------------------------------------------------
                                  7.75   data required time
                                 -6.88   data arrival time
-----------------------------------------------------------------------------
                                  0.87   slack (MET)


Startpoint: B[4] (input port clocked by clk)
Endpoint: P[12] (output port clocked by clk)
Path Group: clk
Path Type: max

Fanout     Cap    Slew   Delay    Time   Description
-----------------------------------------------------------------------------
                  0.00    0.00    0.00   clock clk (rise edge)
                          0.00    0.00   clock network delay (ideal)
                          2.00    2.00 ^ input external delay
                  0.12    0.09    2.09 ^ B[4] (in)
     8    0.03                           B[4] (net)
                  0.12    0.00    2.09 ^ _392_/A (sky130_fd_sc_hd__buf_1)
                  0.50    0.44    2.53 ^ _392_/X (sky130_fd_sc_hd__buf_1)
    10    0.04                           _326_ (net)
                  0.50    0.00    2.53 ^ _508_/A2 (sky130_fd_sc_hd__a32oi_2)
                  0.14    0.23    2.75 v _508_/Y (sky130_fd_sc_hd__a32oi_2)
     2    0.01                           _081_ (net)
                  0.14    0.00    2.75 v _512_/A (sky130_fd_sc_hd__or3_2)
                  0.08    0.52    3.28 v _512_/X (sky130_fd_sc_hd__or3_2)
     2    0.00                           _085_ (net)
                  0.08    0.00    3.28 v _514_/A (sky130_fd_sc_hd__and2_2)
                  0.05    0.21    3.49 v _514_/X (sky130_fd_sc_hd__and2_2)
     2    0.01                           _087_ (net)
                  0.05    0.00    3.49 v _515_/B (sky130_fd_sc_hd__xnor2_2)
                  0.07    0.16    3.65 v _515_/Y (sky130_fd_sc_hd__xnor2_2)
     3    0.01                           _088_ (net)
                  0.07    0.00    3.65 v _534_/A (sky130_fd_sc_hd__and3_2)
                  0.05    0.21    3.85 v _534_/X (sky130_fd_sc_hd__and3_2)
     2    0.01                           _107_ (net)
                  0.05    0.00    3.85 v _537_/A1 (sky130_fd_sc_hd__o211a_2)
                  0.06    0.30    4.15 v _537_/X (sky130_fd_sc_hd__o211a_2)
     3    0.01                           _110_ (net)
                  0.06    0.00    4.15 v _538_/C (sky130_fd_sc_hd__or3_2)
                  0.09    0.45    4.60 v _538_/X (sky130_fd_sc_hd__or3_2)
     2    0.01                           _111_ (net)
                  0.09    0.00    4.60 v _541_/A (sky130_fd_sc_hd__and3_2)
                  0.06    0.23    4.83 v _541_/X (sky130_fd_sc_hd__and3_2)
     4    0.01                           _114_ (net)
                  0.06    0.00    4.83 v _611_/A (sky130_fd_sc_hd__or4_2)
                  0.12    0.72    5.55 v _611_/X (sky130_fd_sc_hd__or4_2)
     2    0.01                           _182_ (net)
                  0.12    0.00    5.55 v _646_/C (sky130_fd_sc_hd__or4_2)
                  0.12    0.69    6.24 v _646_/X (sky130_fd_sc_hd__or4_2)
     2    0.01                           _215_ (net)
                  0.12    0.00    6.24 v _674_/C (sky130_fd_sc_hd__and3_2)
                  0.04    0.25    6.49 v _674_/X (sky130_fd_sc_hd__and3_2)
     1    0.00                           _244_ (net)
                  0.04    0.00    6.49 v _675_/B (sky130_fd_sc_hd__nor2_2)
                  0.39    0.33    6.82 ^ _675_/Y (sky130_fd_sc_hd__nor2_2)
     1    0.04                           P[12] (net)
                  0.39    0.00    6.82 ^ P[12] (out)
                                  6.82   data arrival time

                  0.00   10.00   10.00   clock clk (rise edge)
                          0.00   10.00   clock network delay (ideal)
                         -0.25    9.75   clock uncertainty
                          0.00    9.75   clock reconvergence pessimism
                         -2.00    7.75   output external delay
                                  7.75   data required time
-----------------------------------------------------------------------------
                                  7.75   data required time
                                 -6.82   data arrival time
-----------------------------------------------------------------------------
                                  0.93   slack (MET)


Startpoint: B[4] (input port clocked by clk)
Endpoint: P[11] (output port clocked by clk)
Path Group: clk
Path Type: max

Fanout     Cap    Slew   Delay    Time   Description
-----------------------------------------------------------------------------
                  0.00    0.00    0.00   clock clk (rise edge)
                          0.00    0.00   clock network delay (ideal)
                          2.00    2.00 ^ input external delay
                  0.12    0.09    2.09 ^ B[4] (in)
     8    0.03                           B[4] (net)
                  0.12    0.00    2.09 ^ _392_/A (sky130_fd_sc_hd__buf_1)
                  0.50    0.44    2.53 ^ _392_/X (sky130_fd_sc_hd__buf_1)
    10    0.04                           _326_ (net)
                  0.50    0.00    2.53 ^ _508_/A2 (sky130_fd_sc_hd__a32oi_2)
                  0.14    0.23    2.75 v _508_/Y (sky130_fd_sc_hd__a32oi_2)
     2    0.01                           _081_ (net)
                  0.14    0.00    2.75 v _512_/A (sky130_fd_sc_hd__or3_2)
                  0.08    0.52    3.28 v _512_/X (sky130_fd_sc_hd__or3_2)
     2    0.00                           _085_ (net)
                  0.08    0.00    3.28 v _514_/A (sky130_fd_sc_hd__and2_2)
                  0.05    0.21    3.49 v _514_/X (sky130_fd_sc_hd__and2_2)
     2    0.01                           _087_ (net)
                  0.05    0.00    3.49 v _515_/B (sky130_fd_sc_hd__xnor2_2)
                  0.07    0.16    3.65 v _515_/Y (sky130_fd_sc_hd__xnor2_2)
     3    0.01                           _088_ (net)
                  0.07    0.00    3.65 v _534_/A (sky130_fd_sc_hd__and3_2)
                  0.05    0.21    3.85 v _534_/X (sky130_fd_sc_hd__and3_2)
     2    0.01                           _107_ (net)
                  0.05    0.00    3.85 v _537_/A1 (sky130_fd_sc_hd__o211a_2)
                  0.06    0.30    4.15 v _537_/X (sky130_fd_sc_hd__o211a_2)
     3    0.01                           _110_ (net)
                  0.06    0.00    4.15 v _538_/C (sky130_fd_sc_hd__or3_2)
                  0.09    0.45    4.60 v _538_/X (sky130_fd_sc_hd__or3_2)
     2    0.01                           _111_ (net)
                  0.09    0.00    4.60 v _541_/A (sky130_fd_sc_hd__and3_2)
                  0.06    0.23    4.83 v _541_/X (sky130_fd_sc_hd__and3_2)
     4    0.01                           _114_ (net)
                  0.06    0.00    4.83 v _611_/A (sky130_fd_sc_hd__or4_2)
                  0.12    0.72    5.55 v _611_/X (sky130_fd_sc_hd__or4_2)
     2    0.01                           _182_ (net)
                  0.12    0.00    5.55 v _613_/A2 (sky130_fd_sc_hd__o21ai_2)
                  0.18    0.21    5.76 ^ _613_/Y (sky130_fd_sc_hd__o21ai_2)
     2    0.01                           _184_ (net)
                  0.18    0.00    5.76 ^ _642_/A2 (sky130_fd_sc_hd__a21bo_2)
                  0.06    0.19    5.95 ^ _642_/X (sky130_fd_sc_hd__a21bo_2)
     1    0.01                           _212_ (net)
                  0.06    0.00    5.95 ^ _643_/B (sky130_fd_sc_hd__xnor2_2)
                  0.56    0.25    6.19 ^ _643_/Y (sky130_fd_sc_hd__xnor2_2)
     1    0.04                           P[11] (net)
                  0.56    0.00    6.20 ^ P[11] (out)
                                  6.20   data arrival time

                  0.00   10.00   10.00   clock clk (rise edge)
                          0.00   10.00   clock network delay (ideal)
                         -0.25    9.75   clock uncertainty
                          0.00    9.75   clock reconvergence pessimism
                         -2.00    7.75   output external delay
                                  7.75   data required time
-----------------------------------------------------------------------------
                                  7.75   data required time
                                 -6.20   data arrival time
-----------------------------------------------------------------------------
                                  1.55   slack (MET)


Startpoint: B[4] (input port clocked by clk)
Endpoint: P[10] (output port clocked by clk)
Path Group: clk
Path Type: max

Fanout     Cap    Slew   Delay    Time   Description
-----------------------------------------------------------------------------
                  0.00    0.00    0.00   clock clk (rise edge)
                          0.00    0.00   clock network delay (ideal)
                          2.00    2.00 ^ input external delay
                  0.12    0.09    2.09 ^ B[4] (in)
     8    0.03                           B[4] (net)
                  0.12    0.00    2.09 ^ _392_/A (sky130_fd_sc_hd__buf_1)
                  0.50    0.44    2.53 ^ _392_/X (sky130_fd_sc_hd__buf_1)
    10    0.04                           _326_ (net)
                  0.50    0.00    2.53 ^ _508_/A2 (sky130_fd_sc_hd__a32oi_2)
                  0.14    0.23    2.75 v _508_/Y (sky130_fd_sc_hd__a32oi_2)
     2    0.01                           _081_ (net)
                  0.14    0.00    2.75 v _512_/A (sky130_fd_sc_hd__or3_2)
                  0.08    0.52    3.28 v _512_/X (sky130_fd_sc_hd__or3_2)
     2    0.00                           _085_ (net)
                  0.08    0.00    3.28 v _514_/A (sky130_fd_sc_hd__and2_2)
                  0.05    0.21    3.49 v _514_/X (sky130_fd_sc_hd__and2_2)
     2    0.01                           _087_ (net)
                  0.05    0.00    3.49 v _515_/B (sky130_fd_sc_hd__xnor2_2)
                  0.07    0.16    3.65 v _515_/Y (sky130_fd_sc_hd__xnor2_2)
     3    0.01                           _088_ (net)
                  0.07    0.00    3.65 v _534_/A (sky130_fd_sc_hd__and3_2)
                  0.05    0.21    3.85 v _534_/X (sky130_fd_sc_hd__and3_2)
     2    0.01                           _107_ (net)
                  0.05    0.00    3.85 v _537_/A1 (sky130_fd_sc_hd__o211a_2)
                  0.06    0.30    4.15 v _537_/X (sky130_fd_sc_hd__o211a_2)
     3    0.01                           _110_ (net)
                  0.06    0.00    4.15 v _538_/C (sky130_fd_sc_hd__or3_2)
                  0.09    0.45    4.60 v _538_/X (sky130_fd_sc_hd__or3_2)
     2    0.01                           _111_ (net)
                  0.09    0.00    4.60 v _541_/A (sky130_fd_sc_hd__and3_2)
                  0.06    0.23    4.83 v _541_/X (sky130_fd_sc_hd__and3_2)
     4    0.01                           _114_ (net)
                  0.06    0.00    4.83 v _611_/A (sky130_fd_sc_hd__or4_2)
                  0.12    0.72    5.55 v _611_/X (sky130_fd_sc_hd__or4_2)
     2    0.01                           _182_ (net)
                  0.12    0.00    5.55 v _613_/A2 (sky130_fd_sc_hd__o21ai_2)
                  0.18    0.21    5.76 ^ _613_/Y (sky130_fd_sc_hd__o21ai_2)
     2    0.01                           _184_ (net)
                  0.18    0.00    5.76 ^ _614_/B (sky130_fd_sc_hd__xnor2_2)
                  0.51    0.26    6.02 ^ _614_/Y (sky130_fd_sc_hd__xnor2_2)
     1    0.04                           P[10] (net)
                  0.51    0.00    6.02 ^ P[10] (out)
                                  6.02   data arrival time

                  0.00   10.00   10.00   clock clk (rise edge)
                          0.00   10.00   clock network delay (ideal)
                         -0.25    9.75   clock uncertainty
                          0.00    9.75   clock reconvergence pessimism
                         -2.00    7.75   output external delay
                                  7.75   data required time
-----------------------------------------------------------------------------
                                  7.75   data required time
                                 -6.02   data arrival time
-----------------------------------------------------------------------------
                                  1.73   slack (MET)


Startpoint: B[1] (input port clocked by clk)
Endpoint: P[9] (output port clocked by clk)
Path Group: clk
Path Type: max

Fanout     Cap    Slew   Delay    Time   Description
-----------------------------------------------------------------------------
                  0.00    0.00    0.00   clock clk (rise edge)
                          0.00    0.00   clock network delay (ideal)
                          2.00    2.00 ^ input external delay
                  0.14    0.10    2.10 ^ B[1] (in)
     8    0.03                           B[1] (net)
                  0.14    0.00    2.10 ^ _363_/A (sky130_fd_sc_hd__buf_1)
                  0.43    0.39    2.50 ^ _363_/X (sky130_fd_sc_hd__buf_1)
    10    0.04                           _286_ (net)
                  0.43    0.00    2.50 ^ _563_/B (sky130_fd_sc_hd__and3_2)
                  0.06    0.29    2.78 ^ _563_/X (sky130_fd_sc_hd__and3_2)
     2    0.01                           _135_ (net)
                  0.06    0.00    2.78 ^ _564_/B (sky130_fd_sc_hd__nand2_2)
                  0.15    0.11    2.90 v _564_/Y (sky130_fd_sc_hd__nand2_2)
     5    0.02                           _136_ (net)
                  0.15    0.00    2.90 v _568_/B (sky130_fd_sc_hd__and3_2)
                  0.05    0.26    3.16 v _568_/X (sky130_fd_sc_hd__and3_2)
     2    0.01                           _140_ (net)
                  0.05    0.00    3.16 v _571_/A (sky130_fd_sc_hd__or3b_2)
                  0.10    0.52    3.68 v _571_/X (sky130_fd_sc_hd__or3b_2)
     3    0.01                           _143_ (net)
                  0.10    0.00    3.68 v _573_/B (sky130_fd_sc_hd__and3_2)
                  0.05    0.24    3.92 v _573_/X (sky130_fd_sc_hd__and3_2)
     2    0.01                           _145_ (net)
                  0.05    0.00    3.92 v _576_/A1 (sky130_fd_sc_hd__o211a_2)
                  0.05    0.29    4.21 v _576_/X (sky130_fd_sc_hd__o211a_2)
     3    0.01                           _148_ (net)
                  0.05    0.00    4.21 v _577_/C (sky130_fd_sc_hd__or3_2)
                  0.09    0.45    4.66 v _577_/X (sky130_fd_sc_hd__or3_2)
     2    0.01                           _149_ (net)
                  0.09    0.00    4.66 v _579_/B1 (sky130_fd_sc_hd__o211a_2)
                  0.05    0.17    4.83 v _579_/X (sky130_fd_sc_hd__o211a_2)
     3    0.01                           _151_ (net)
                  0.05    0.00    4.83 v _581_/A (sky130_fd_sc_hd__or2_2)
                  0.07    0.33    5.17 v _581_/X (sky130_fd_sc_hd__or2_2)
     1    0.01                           _153_ (net)
                  0.07    0.00    5.17 v _583_/A (sky130_fd_sc_hd__xnor2_2)
                  0.54    0.49    5.65 ^ _583_/Y (sky130_fd_sc_hd__xnor2_2)
     1    0.04                           P[9] (net)
                  0.54    0.00    5.66 ^ P[9] (out)
                                  5.66   data arrival time

                  0.00   10.00   10.00   clock clk (rise edge)
                          0.00   10.00   clock network delay (ideal)
                         -0.25    9.75   clock uncertainty
                          0.00    9.75   clock reconvergence pessimism
                         -2.00    7.75   output external delay
                                  7.75   data required time
-----------------------------------------------------------------------------
                                  7.75   data required time
                                 -5.66   data arrival time
-----------------------------------------------------------------------------
                                  2.09   slack (MET)


Startpoint: B[4] (input port clocked by clk)
Endpoint: P[8] (output port clocked by clk)
Path Group: clk
Path Type: max

Fanout     Cap    Slew   Delay    Time   Description
-----------------------------------------------------------------------------
                  0.00    0.00    0.00   clock clk (rise edge)
                          0.00    0.00   clock network delay (ideal)
                          2.00    2.00 ^ input external delay
                  0.12    0.09    2.09 ^ B[4] (in)
     8    0.03                           B[4] (net)
                  0.12    0.00    2.09 ^ _392_/A (sky130_fd_sc_hd__buf_1)
                  0.50    0.44    2.53 ^ _392_/X (sky130_fd_sc_hd__buf_1)
    10    0.04                           _326_ (net)
                  0.50    0.00    2.53 ^ _508_/A2 (sky130_fd_sc_hd__a32oi_2)
                  0.14    0.23    2.75 v _508_/Y (sky130_fd_sc_hd__a32oi_2)
     2    0.01                           _081_ (net)
                  0.14    0.00    2.75 v _512_/A (sky130_fd_sc_hd__or3_2)
                  0.08    0.52    3.28 v _512_/X (sky130_fd_sc_hd__or3_2)
     2    0.00                           _085_ (net)
                  0.08    0.00    3.28 v _514_/A (sky130_fd_sc_hd__and2_2)
                  0.05    0.21    3.49 v _514_/X (sky130_fd_sc_hd__and2_2)
     2    0.01                           _087_ (net)
                  0.05    0.00    3.49 v _515_/B (sky130_fd_sc_hd__xnor2_2)
                  0.07    0.16    3.65 v _515_/Y (sky130_fd_sc_hd__xnor2_2)
     3    0.01                           _088_ (net)
                  0.07    0.00    3.65 v _534_/A (sky130_fd_sc_hd__and3_2)
                  0.05    0.21    3.85 v _534_/X (sky130_fd_sc_hd__and3_2)
     2    0.01                           _107_ (net)
                  0.05    0.00    3.85 v _537_/A1 (sky130_fd_sc_hd__o211a_2)
                  0.06    0.30    4.15 v _537_/X (sky130_fd_sc_hd__o211a_2)
     3    0.01                           _110_ (net)
                  0.06    0.00    4.15 v _538_/C (sky130_fd_sc_hd__or3_2)
                  0.09    0.45    4.60 v _538_/X (sky130_fd_sc_hd__or3_2)
     2    0.01                           _111_ (net)
                  0.09    0.00    4.60 v _542_/A1 (sky130_fd_sc_hd__a21oi_2)
                  0.19    0.22    4.82 ^ _542_/Y (sky130_fd_sc_hd__a21oi_2)
     3    0.01                           _115_ (net)
                  0.19    0.00    4.82 ^ _543_/B (sky130_fd_sc_hd__nor2_2)
                  0.05    0.07    4.89 v _543_/Y (sky130_fd_sc_hd__nor2_2)
     1    0.01                           _116_ (net)
                  0.05    0.00    4.89 v _546_/A (sky130_fd_sc_hd__xnor2_2)
                  0.49    0.45    5.34 ^ _546_/Y (sky130_fd_sc_hd__xnor2_2)
     1    0.04                           P[8] (net)
                  0.49    0.00    5.34 ^ P[8] (out)
                                  5.34   data arrival time

                  0.00   10.00   10.00   clock clk (rise edge)
                          0.00   10.00   clock network delay (ideal)
                         -0.25    9.75   clock uncertainty
                          0.00    9.75   clock reconvergence pessimism
                         -2.00    7.75   output external delay
                                  7.75   data required time
-----------------------------------------------------------------------------
                                  7.75   data required time
                                 -5.34   data arrival time
-----------------------------------------------------------------------------
                                  2.41   slack (MET)


Startpoint: A[3] (input port clocked by clk)
Endpoint: P[6] (output port clocked by clk)
Path Group: clk
Path Type: max

Fanout     Cap    Slew   Delay    Time   Description
-----------------------------------------------------------------------------
                  0.00    0.00    0.00   clock clk (rise edge)
                          0.00    0.00   clock network delay (ideal)
                          2.00    2.00 ^ input external delay
                  0.11    0.08    2.08 ^ A[3] (in)
     6    0.02                           A[3] (net)
                  0.11    0.00    2.08 ^ _379_/A (sky130_fd_sc_hd__buf_1)
                  0.48    0.42    2.50 ^ _379_/X (sky130_fd_sc_hd__buf_1)
    10    0.04                           _314_ (net)
                  0.48    0.00    2.50 ^ _399_/C (sky130_fd_sc_hd__nand4_2)
                  0.15    0.20    2.70 v _399_/Y (sky130_fd_sc_hd__nand4_2)
     3    0.01                           _333_ (net)
                  0.15    0.00    2.70 v _401_/A2 (sky130_fd_sc_hd__a21o_2)
                  0.04    0.26    2.96 v _401_/X (sky130_fd_sc_hd__a21o_2)
     2    0.01                           _335_ (net)
                  0.04    0.00    2.96 v _403_/A2 (sky130_fd_sc_hd__a211o_2)
                  0.05    0.35    3.31 v _403_/X (sky130_fd_sc_hd__a211o_2)
     2    0.00                           _337_ (net)
                  0.05    0.00    3.31 v _412_/A2 (sky130_fd_sc_hd__a21o_2)
                  0.04    0.23    3.53 v _412_/X (sky130_fd_sc_hd__a21o_2)
     2    0.00                           _345_ (net)
                  0.04    0.00    3.53 v _431_/B1 (sky130_fd_sc_hd__a21o_2)
                  0.04    0.19    3.73 v _431_/X (sky130_fd_sc_hd__a21o_2)
     2    0.00                           _006_ (net)
                  0.04    0.00    3.73 v _432_/B (sky130_fd_sc_hd__and2b_2)
                  0.05    0.21    3.94 v _432_/X (sky130_fd_sc_hd__and2b_2)
     1    0.01                           _007_ (net)
                  0.05    0.00    3.94 v _433_/B (sky130_fd_sc_hd__xnor2_2)
                  0.28    0.26    4.20 ^ _433_/Y (sky130_fd_sc_hd__xnor2_2)
     4    0.02                           _008_ (net)
                  0.28    0.00    4.20 ^ _462_/B_N (sky130_fd_sc_hd__and4bb_2)
                  0.04    0.30    4.49 v _462_/X (sky130_fd_sc_hd__and4bb_2)
     2    0.00                           _037_ (net)
                  0.04    0.00    4.49 v _464_/A (sky130_fd_sc_hd__or2b_2)
                  0.07    0.32    4.82 v _464_/X (sky130_fd_sc_hd__or2b_2)
     1    0.01                           _039_ (net)
                  0.07    0.00    4.82 v _466_/A (sky130_fd_sc_hd__xnor2_2)
                  0.57    0.51    5.33 ^ _466_/Y (sky130_fd_sc_hd__xnor2_2)
     1    0.04                           P[6] (net)
                  0.57    0.01    5.33 ^ P[6] (out)
                                  5.33   data arrival time

                  0.00   10.00   10.00   clock clk (rise edge)
                          0.00   10.00   clock network delay (ideal)
                         -0.25    9.75   clock uncertainty
                          0.00    9.75   clock reconvergence pessimism
                         -2.00    7.75   output external delay
                                  7.75   data required time
-----------------------------------------------------------------------------
                                  7.75   data required time
                                 -5.33   data arrival time
-----------------------------------------------------------------------------
                                  2.42   slack (MET)


Startpoint: A[3] (input port clocked by clk)
Endpoint: P[7] (output port clocked by clk)
Path Group: clk
Path Type: max

Fanout     Cap    Slew   Delay    Time   Description
-----------------------------------------------------------------------------
                  0.00    0.00    0.00   clock clk (rise edge)
                          0.00    0.00   clock network delay (ideal)
                          2.00    2.00 ^ input external delay
                  0.11    0.08    2.08 ^ A[3] (in)
     6    0.02                           A[3] (net)
                  0.11    0.00    2.08 ^ _379_/A (sky130_fd_sc_hd__buf_1)
                  0.48    0.42    2.50 ^ _379_/X (sky130_fd_sc_hd__buf_1)
    10    0.04                           _314_ (net)
                  0.48    0.00    2.50 ^ _399_/C (sky130_fd_sc_hd__nand4_2)
                  0.15    0.20    2.70 v _399_/Y (sky130_fd_sc_hd__nand4_2)
     3    0.01                           _333_ (net)
                  0.15    0.00    2.70 v _401_/A2 (sky130_fd_sc_hd__a21o_2)
                  0.04    0.26    2.96 v _401_/X (sky130_fd_sc_hd__a21o_2)
     2    0.01                           _335_ (net)
                  0.04    0.00    2.96 v _403_/A2 (sky130_fd_sc_hd__a211o_2)
                  0.05    0.35    3.31 v _403_/X (sky130_fd_sc_hd__a211o_2)
     2    0.00                           _337_ (net)
                  0.05    0.00    3.31 v _412_/A2 (sky130_fd_sc_hd__a21o_2)
                  0.04    0.23    3.53 v _412_/X (sky130_fd_sc_hd__a21o_2)
     2    0.00                           _345_ (net)
                  0.04    0.00    3.53 v _431_/B1 (sky130_fd_sc_hd__a21o_2)
                  0.04    0.19    3.73 v _431_/X (sky130_fd_sc_hd__a21o_2)
     2    0.00                           _006_ (net)
                  0.04    0.00    3.73 v _432_/B (sky130_fd_sc_hd__and2b_2)
                  0.05    0.21    3.94 v _432_/X (sky130_fd_sc_hd__and2b_2)
     1    0.01                           _007_ (net)
                  0.05    0.00    3.94 v _433_/B (sky130_fd_sc_hd__xnor2_2)
                  0.28    0.26    4.20 ^ _433_/Y (sky130_fd_sc_hd__xnor2_2)
     4    0.02                           _008_ (net)
                  0.28    0.00    4.20 ^ _463_/A2_N (sky130_fd_sc_hd__a2bb2o_2)
                  0.05    0.32    4.51 v _463_/X (sky130_fd_sc_hd__a2bb2o_2)
     2    0.00                           _038_ (net)
                  0.05    0.00    4.51 v _501_/A1 (sky130_fd_sc_hd__a21o_2)
                  0.06    0.23    4.74 v _501_/X (sky130_fd_sc_hd__a21o_2)
     3    0.01                           _075_ (net)
                  0.06    0.00    4.74 v _502_/C (sky130_fd_sc_hd__and3_2)
                  0.04    0.23    4.96 v _502_/X (sky130_fd_sc_hd__and3_2)
     1    0.00                           _076_ (net)
                  0.04    0.00    4.96 v _504_/A (sky130_fd_sc_hd__nor2_2)
                  0.41    0.36    5.33 ^ _504_/Y (sky130_fd_sc_hd__nor2_2)
     1    0.04                           P[7] (net)
                  0.41    0.00    5.33 ^ P[7] (out)
                                  5.33   data arrival time

                  0.00   10.00   10.00   clock clk (rise edge)
                          0.00   10.00   clock network delay (ideal)
                         -0.25    9.75   clock uncertainty
                          0.00    9.75   clock reconvergence pessimism
                         -2.00    7.75   output external delay
                                  7.75   data required time
-----------------------------------------------------------------------------
                                  7.75   data required time
                                 -5.33   data arrival time
-----------------------------------------------------------------------------
                                  2.42   slack (MET)


Startpoint: B[0] (input port clocked by clk)
Endpoint: P[4] (output port clocked by clk)
Path Group: clk
Path Type: max

Fanout     Cap    Slew   Delay    Time   Description
-----------------------------------------------------------------------------
                  0.00    0.00    0.00   clock clk (rise edge)
                          0.00    0.00   clock network delay (ideal)
                          2.00    2.00 ^ input external delay
                  0.18    0.13    2.13 ^ B[0] (in)
    10    0.04                           B[0] (net)
                  0.18    0.00    2.13 ^ _358_/A (sky130_fd_sc_hd__buf_1)
                  0.38    0.36    2.50 ^ _358_/X (sky130_fd_sc_hd__buf_1)
    10    0.03                           _234_ (net)
                  0.38    0.00    2.50 ^ _368_/A (sky130_fd_sc_hd__and4_2)
                  0.07    0.32    2.81 ^ _368_/X (sky130_fd_sc_hd__and4_2)
     3    0.01                           _304_ (net)
                  0.07    0.00    2.81 ^ _371_/A_N (sky130_fd_sc_hd__and4bb_2)
                  0.05    0.25    3.07 v _371_/X (sky130_fd_sc_hd__and4bb_2)
     3    0.01                           _307_ (net)
                  0.05    0.00    3.07 v _384_/B (sky130_fd_sc_hd__or2_2)
                  0.08    0.33    3.40 v _384_/X (sky130_fd_sc_hd__or2_2)
     2    0.01                           _319_ (net)
                  0.08    0.00    3.40 v _385_/B (sky130_fd_sc_hd__xor2_2)
                  0.18    0.19    3.59 ^ _385_/X (sky130_fd_sc_hd__xor2_2)
     2    0.01                           _320_ (net)
                  0.18    0.00    3.59 ^ _391_/B_N (sky130_fd_sc_hd__or2b_2)
                  0.06    0.35    3.94 v _391_/X (sky130_fd_sc_hd__or2b_2)
     2    0.01                           _325_ (net)
                  0.06    0.00    3.94 v _406_/A2 (sky130_fd_sc_hd__a21o_2)
                  0.07    0.27    4.21 v _406_/X (sky130_fd_sc_hd__a21o_2)
     5    0.02                           _340_ (net)
                  0.07    0.00    4.21 v _409_/A1 (sky130_fd_sc_hd__a21o_2)
                  0.03    0.19    4.40 v _409_/X (sky130_fd_sc_hd__a21o_2)
     1    0.00                           _343_ (net)
                  0.03    0.00    4.40 v _410_/B (sky130_fd_sc_hd__and2_2)
                  0.04    0.19    4.59 v _410_/X (sky130_fd_sc_hd__and2_2)
     1    0.00                           _344_ (net)
                  0.04    0.00    4.59 v _411_/A (sky130_fd_sc_hd__buf_1)
                  0.20    0.23    4.82 v _411_/X (sky130_fd_sc_hd__buf_1)
     1    0.03                           P[4] (net)
                  0.20    0.00    4.83 v P[4] (out)
                                  4.83   data arrival time

                  0.00   10.00   10.00   clock clk (rise edge)
                          0.00   10.00   clock network delay (ideal)
                         -0.25    9.75   clock uncertainty
                          0.00    9.75   clock reconvergence pessimism
                         -2.00    7.75   output external delay
                                  7.75   data required time
-----------------------------------------------------------------------------
                                  7.75   data required time
                                 -4.83   data arrival time
-----------------------------------------------------------------------------
                                  2.92   slack (MET)


Startpoint: B[0] (input port clocked by clk)
Endpoint: P[5] (output port clocked by clk)
Path Group: clk
Path Type: max

Fanout     Cap    Slew   Delay    Time   Description
-----------------------------------------------------------------------------
                  0.00    0.00    0.00   clock clk (rise edge)
                          0.00    0.00   clock network delay (ideal)
                          2.00    2.00 ^ input external delay
                  0.18    0.13    2.13 ^ B[0] (in)
    10    0.04                           B[0] (net)
                  0.18    0.00    2.13 ^ _358_/A (sky130_fd_sc_hd__buf_1)
                  0.38    0.36    2.50 ^ _358_/X (sky130_fd_sc_hd__buf_1)
    10    0.03                           _234_ (net)
                  0.38    0.00    2.50 ^ _368_/A (sky130_fd_sc_hd__and4_2)
                  0.07    0.32    2.81 ^ _368_/X (sky130_fd_sc_hd__and4_2)
     3    0.01                           _304_ (net)
                  0.07    0.00    2.81 ^ _371_/A_N (sky130_fd_sc_hd__and4bb_2)
                  0.05    0.25    3.07 v _371_/X (sky130_fd_sc_hd__and4bb_2)
     3    0.01                           _307_ (net)
                  0.05    0.00    3.07 v _384_/B (sky130_fd_sc_hd__or2_2)
                  0.08    0.33    3.40 v _384_/X (sky130_fd_sc_hd__or2_2)
     2    0.01                           _319_ (net)
                  0.08    0.00    3.40 v _385_/B (sky130_fd_sc_hd__xor2_2)
                  0.18    0.19    3.59 ^ _385_/X (sky130_fd_sc_hd__xor2_2)
     2    0.01                           _320_ (net)
                  0.18    0.00    3.59 ^ _391_/B_N (sky130_fd_sc_hd__or2b_2)
                  0.06    0.35    3.94 v _391_/X (sky130_fd_sc_hd__or2b_2)
     2    0.01                           _325_ (net)
                  0.06    0.00    3.94 v _406_/A2 (sky130_fd_sc_hd__a21o_2)
                  0.07    0.27    4.21 v _406_/X (sky130_fd_sc_hd__a21o_2)
     5    0.02                           _340_ (net)
                  0.07    0.00    4.21 v _408_/B (sky130_fd_sc_hd__nand3_2)
                  0.09    0.11    4.32 ^ _408_/Y (sky130_fd_sc_hd__nand3_2)
     3    0.01                           _342_ (net)
                  0.09    0.00    4.32 ^ _730_/B (sky130_fd_sc_hd__nand2_2)
                  0.05    0.07    4.40 v _730_/Y (sky130_fd_sc_hd__nand2_2)
     1    0.01                           _301_ (net)
                  0.05    0.00    4.40 v _731_/B (sky130_fd_sc_hd__xnor2_2)
                  0.45    0.39    4.79 ^ _731_/Y (sky130_fd_sc_hd__xnor2_2)
     1    0.03                           P[5] (net)
                  0.45    0.00    4.79 ^ P[5] (out)
                                  4.79   data arrival time

                  0.00   10.00   10.00   clock clk (rise edge)
                          0.00   10.00   clock network delay (ideal)
                         -0.25    9.75   clock uncertainty
                          0.00    9.75   clock reconvergence pessimism
                         -2.00    7.75   output external delay
                                  7.75   data required time
-----------------------------------------------------------------------------
                                  7.75   data required time
                                 -4.79   data arrival time
-----------------------------------------------------------------------------
                                  2.96   slack (MET)


Startpoint: B[0] (input port clocked by clk)
Endpoint: P[3] (output port clocked by clk)
Path Group: clk
Path Type: max

Fanout     Cap    Slew   Delay    Time   Description
-----------------------------------------------------------------------------
                  0.00    0.00    0.00   clock clk (rise edge)
                          0.00    0.00   clock network delay (ideal)
                          2.00    2.00 ^ input external delay
                  0.18    0.13    2.13 ^ B[0] (in)
    10    0.04                           B[0] (net)
                  0.18    0.00    2.13 ^ _358_/A (sky130_fd_sc_hd__buf_1)
                  0.38    0.36    2.50 ^ _358_/X (sky130_fd_sc_hd__buf_1)
    10    0.03                           _234_ (net)
                  0.38    0.00    2.50 ^ _368_/A (sky130_fd_sc_hd__and4_2)
                  0.07    0.32    2.81 ^ _368_/X (sky130_fd_sc_hd__and4_2)
     3    0.01                           _304_ (net)
                  0.07    0.00    2.81 ^ _371_/A_N (sky130_fd_sc_hd__and4bb_2)
                  0.05    0.25    3.07 v _371_/X (sky130_fd_sc_hd__and4bb_2)
     3    0.01                           _307_ (net)
                  0.05    0.00    3.07 v _384_/B (sky130_fd_sc_hd__or2_2)
                  0.08    0.33    3.40 v _384_/X (sky130_fd_sc_hd__or2_2)
     2    0.01                           _319_ (net)
                  0.08    0.00    3.40 v _385_/B (sky130_fd_sc_hd__xor2_2)
                  0.07    0.18    3.58 v _385_/X (sky130_fd_sc_hd__xor2_2)
     2    0.01                           _320_ (net)
                  0.07    0.00    3.58 v _386_/B (sky130_fd_sc_hd__xnor2_2)
                  0.05    0.15    3.73 v _386_/Y (sky130_fd_sc_hd__xnor2_2)
     2    0.01                           _321_ (net)
                  0.05    0.00    3.73 v _387_/B (sky130_fd_sc_hd__and2_2)
                  0.06    0.23    3.96 v _387_/X (sky130_fd_sc_hd__and2_2)
     3    0.01                           _322_ (net)
                  0.06    0.00    3.96 v _389_/A (sky130_fd_sc_hd__nor2_2)
                  0.38    0.35    4.31 ^ _389_/Y (sky130_fd_sc_hd__nor2_2)
     1    0.03                           P[3] (net)
                  0.38    0.00    4.31 ^ P[3] (out)
                                  4.31   data arrival time

                  0.00   10.00   10.00   clock clk (rise edge)
                          0.00   10.00   clock network delay (ideal)
                         -0.25    9.75   clock uncertainty
                          0.00    9.75   clock reconvergence pessimism
                         -2.00    7.75   output external delay
                                  7.75   data required time
-----------------------------------------------------------------------------
                                  7.75   data required time
                                 -4.31   data arrival time
-----------------------------------------------------------------------------
                                  3.44   slack (MET)


Startpoint: B[0] (input port clocked by clk)
Endpoint: P[2] (output port clocked by clk)
Path Group: clk
Path Type: max

Fanout     Cap    Slew   Delay    Time   Description
-----------------------------------------------------------------------------
                  0.00    0.00    0.00   clock clk (rise edge)
                          0.00    0.00   clock network delay (ideal)
                          2.00    2.00 ^ input external delay
                  0.18    0.13    2.13 ^ B[0] (in)
    10    0.04                           B[0] (net)
                  0.18    0.00    2.13 ^ _358_/A (sky130_fd_sc_hd__buf_1)
                  0.38    0.36    2.50 ^ _358_/X (sky130_fd_sc_hd__buf_1)
    10    0.03                           _234_ (net)
                  0.38    0.00    2.50 ^ _368_/A (sky130_fd_sc_hd__and4_2)
                  0.07    0.32    2.81 ^ _368_/X (sky130_fd_sc_hd__and4_2)
     3    0.01                           _304_ (net)
                  0.07    0.00    2.81 ^ _371_/A_N (sky130_fd_sc_hd__and4bb_2)
                  0.05    0.25    3.07 v _371_/X (sky130_fd_sc_hd__and4bb_2)
     3    0.01                           _307_ (net)
                  0.05    0.00    3.07 v _373_/A (sky130_fd_sc_hd__or2_2)
                  0.07    0.33    3.40 v _373_/X (sky130_fd_sc_hd__or2_2)
     1    0.01                           _309_ (net)
                  0.07    0.00    3.40 v _374_/B (sky130_fd_sc_hd__xnor2_2)
                  0.45    0.40    3.80 ^ _374_/Y (sky130_fd_sc_hd__xnor2_2)
     1    0.03                           P[2] (net)
                  0.45    0.00    3.80 ^ P[2] (out)
                                  3.80   data arrival time

                  0.00   10.00   10.00   clock clk (rise edge)
                          0.00   10.00   clock network delay (ideal)
                         -0.25    9.75   clock uncertainty
                          0.00    9.75   clock reconvergence pessimism
                         -2.00    7.75   output external delay
                                  7.75   data required time
-----------------------------------------------------------------------------
                                  7.75   data required time
                                 -3.80   data arrival time
-----------------------------------------------------------------------------
                                  3.95   slack (MET)


Startpoint: A[0] (input port clocked by clk)
Endpoint: P[0] (output port clocked by clk)
Path Group: clk
Path Type: max

Fanout     Cap    Slew   Delay    Time   Description
-----------------------------------------------------------------------------
                  0.00    0.00    0.00   clock clk (rise edge)
                          0.00    0.00   clock network delay (ideal)
                          2.00    2.00 ^ input external delay
                  0.12    0.09    2.09 ^ A[0] (in)
     5    0.03                           A[0] (net)
                  0.12    0.00    2.09 ^ _359_/A (sky130_fd_sc_hd__buf_1)
                  0.46    0.41    2.50 ^ _359_/X (sky130_fd_sc_hd__buf_1)
    10    0.04                           _245_ (net)
                  0.46    0.00    2.50 ^ _360_/B (sky130_fd_sc_hd__and2_2)
                  0.07    0.26    2.76 ^ _360_/X (sky130_fd_sc_hd__and2_2)
     1    0.01                           _255_ (net)
                  0.07    0.00    2.76 ^ _361_/A (sky130_fd_sc_hd__buf_1)
                  0.40    0.36    3.12 ^ _361_/X (sky130_fd_sc_hd__buf_1)
     1    0.03                           P[0] (net)
                  0.40    0.00    3.12 ^ P[0] (out)
                                  3.12   data arrival time

                  0.00   10.00   10.00   clock clk (rise edge)
                          0.00   10.00   clock network delay (ideal)
                         -0.25    9.75   clock uncertainty
                          0.00    9.75   clock reconvergence pessimism
                         -2.00    7.75   output external delay
                                  7.75   data required time
-----------------------------------------------------------------------------
                                  7.75   data required time
                                 -3.12   data arrival time
-----------------------------------------------------------------------------
                                  4.63   slack (MET)


Startpoint: A[1] (input port clocked by clk)
Endpoint: P[1] (output port clocked by clk)
Path Group: clk
Path Type: max

Fanout     Cap    Slew   Delay    Time   Description
-----------------------------------------------------------------------------
                  0.00    0.00    0.00   clock clk (rise edge)
                          0.00    0.00   clock network delay (ideal)
                          2.00    2.00 ^ input external delay
                  0.10    0.07    2.07 ^ A[1] (in)
     6    0.02                           A[1] (net)
                  0.10    0.00    2.07 ^ _362_/A (sky130_fd_sc_hd__buf_1)
                  0.50    0.43    2.51 ^ _362_/X (sky130_fd_sc_hd__buf_1)
    10    0.04                           _275_ (net)
                  0.50    0.00    2.51 ^ _364_/A2 (sky130_fd_sc_hd__a22oi_2)
                  0.11    0.16    2.67 v _364_/Y (sky130_fd_sc_hd__a22oi_2)
     1    0.00                           _296_ (net)
                  0.11    0.00    2.67 v _366_/A (sky130_fd_sc_hd__nor2_2)
                  0.47    0.44    3.10 ^ _366_/Y (sky130_fd_sc_hd__nor2_2)
     1    0.04                           P[1] (net)
                  0.47    0.00    3.11 ^ P[1] (out)
                                  3.11   data arrival time

                  0.00   10.00   10.00   clock clk (rise edge)
                          0.00   10.00   clock network delay (ideal)
                         -0.25    9.75   clock uncertainty
                          0.00    9.75   clock reconvergence pessimism
                         -2.00    7.75   output external delay
                                  7.75   data required time
-----------------------------------------------------------------------------
                                  7.75   data required time
                                 -3.11   data arrival time
-----------------------------------------------------------------------------
                                  4.64   slack (MET)



