
===========================================================================
report_checks -path_delay max (Setup)
============================================================================
======================= Typical Corner ===================================

Startpoint: B[0] (input port clocked by clk)
Endpoint: Sum[0] (output port clocked by clk)
Path Group: clk
Path Type: max

Fanout     Cap    Slew   Delay    Time   Description
-----------------------------------------------------------------------------
                  0.00    0.00    0.00   clock clk (rise edge)
                          0.00    0.00   clock network delay (ideal)
                          2.00    2.00 v input external delay
                  0.01    0.00    2.00 v B[0] (in)
     1    0.00                           B[0] (net)
                  0.01    0.00    2.00 v input17/A (sky130_fd_sc_hd__dlymetal6s2s_1)
                  0.10    0.19    2.19 v input17/X (sky130_fd_sc_hd__dlymetal6s2s_1)
     3    0.02                           net17 (net)
                  0.10    0.00    2.19 v _32_/A (sky130_fd_sc_hd__xnor2_1)
                  0.16    0.21    2.40 ^ _32_/Y (sky130_fd_sc_hd__xnor2_1)
     1    0.01                           _22_ (net)
                  0.16    0.00    2.40 ^ _33_/B (sky130_fd_sc_hd__xnor2_1)
                  0.19    0.17    2.57 ^ _33_/Y (sky130_fd_sc_hd__xnor2_1)
     1    0.01                           net65 (net)
                  0.19    0.00    2.57 ^ output65/A (sky130_fd_sc_hd__clkbuf_4)
                  0.12    0.25    2.82 ^ output65/X (sky130_fd_sc_hd__clkbuf_4)
     1    0.04                           Sum[0] (net)
                  0.12    0.00    2.82 ^ Sum[0] (out)
                                  2.82   data arrival time

                  0.00   10.00   10.00   clock clk (rise edge)
                          0.00   10.00   clock network delay (ideal)
                         -0.25    9.75   clock uncertainty
                          0.00    9.75   clock reconvergence pessimism
                         -2.00    7.75   output external delay
                                  7.75   data required time
-----------------------------------------------------------------------------
                                  7.75   data required time
                                 -2.82   data arrival time
-----------------------------------------------------------------------------
                                  4.93   slack (MET)


Startpoint: B[3] (input port clocked by clk)
Endpoint: Sum[3] (output port clocked by clk)
Path Group: clk
Path Type: max

Fanout     Cap    Slew   Delay    Time   Description
-----------------------------------------------------------------------------
                  0.00    0.00    0.00   clock clk (rise edge)
                          0.00    0.00   clock network delay (ideal)
                          2.00    2.00 ^ input external delay
                  0.02    0.01    2.01 ^ B[3] (in)
     1    0.00                           B[3] (net)
                  0.02    0.00    2.01 ^ input26/A (sky130_fd_sc_hd__buf_1)
                  0.16    0.16    2.18 ^ input26/X (sky130_fd_sc_hd__buf_1)
     3    0.01                           net26 (net)
                  0.16    0.00    2.18 ^ _38_/A (sky130_fd_sc_hd__xnor2_1)
                  0.06    0.11    2.29 v _38_/Y (sky130_fd_sc_hd__xnor2_1)
     1    0.00                           _25_ (net)
                  0.06    0.00    2.29 v _39_/B (sky130_fd_sc_hd__xnor2_1)
                  0.26    0.25    2.54 ^ _39_/Y (sky130_fd_sc_hd__xnor2_1)
     1    0.01                           net74 (net)
                  0.26    0.00    2.54 ^ output74/A (sky130_fd_sc_hd__clkbuf_4)
                  0.12    0.27    2.82 ^ output74/X (sky130_fd_sc_hd__clkbuf_4)
     1    0.03                           Sum[3] (net)
                  0.12    0.00    2.82 ^ Sum[3] (out)
                                  2.82   data arrival time

                  0.00   10.00   10.00   clock clk (rise edge)
                          0.00   10.00   clock network delay (ideal)
                         -0.25    9.75   clock uncertainty
                          0.00    9.75   clock reconvergence pessimism
                         -2.00    7.75   output external delay
                                  7.75   data required time
-----------------------------------------------------------------------------
                                  7.75   data required time
                                 -2.82   data arrival time
-----------------------------------------------------------------------------
                                  4.93   slack (MET)


Startpoint: A[8] (input port clocked by clk)
Endpoint: Sum[8] (output port clocked by clk)
Path Group: clk
Path Type: max

Fanout     Cap    Slew   Delay    Time   Description
-----------------------------------------------------------------------------
                  0.00    0.00    0.00   clock clk (rise edge)
                          0.00    0.00   clock network delay (ideal)
                          2.00    2.00 ^ input external delay
                  0.03    0.02    2.02 ^ A[8] (in)
     1    0.01                           A[8] (net)
                  0.03    0.00    2.02 ^ input15/A (sky130_fd_sc_hd__buf_1)
                  0.19    0.19    2.21 ^ input15/X (sky130_fd_sc_hd__buf_1)
     3    0.02                           net15 (net)
                  0.19    0.00    2.21 ^ _48_/B (sky130_fd_sc_hd__xnor2_1)
                  0.16    0.16    2.37 ^ _48_/Y (sky130_fd_sc_hd__xnor2_1)
     1    0.00                           _30_ (net)
                  0.16    0.00    2.37 ^ _49_/B (sky130_fd_sc_hd__xnor2_1)
                  0.22    0.18    2.55 ^ _49_/Y (sky130_fd_sc_hd__xnor2_1)
     1    0.01                           net79 (net)
                  0.22    0.00    2.55 ^ output79/A (sky130_fd_sc_hd__clkbuf_4)
                  0.12    0.26    2.81 ^ output79/X (sky130_fd_sc_hd__clkbuf_4)
     1    0.04                           Sum[8] (net)
                  0.12    0.00    2.81 ^ Sum[8] (out)
                                  2.81   data arrival time

                  0.00   10.00   10.00   clock clk (rise edge)
                          0.00   10.00   clock network delay (ideal)
                         -0.25    9.75   clock uncertainty
                          0.00    9.75   clock reconvergence pessimism
                         -2.00    7.75   output external delay
                                  7.75   data required time
-----------------------------------------------------------------------------
                                  7.75   data required time
                                 -2.81   data arrival time
-----------------------------------------------------------------------------
                                  4.94   slack (MET)


Startpoint: A[2] (input port clocked by clk)
Endpoint: Sum[2] (output port clocked by clk)
Path Group: clk
Path Type: max

Fanout     Cap    Slew   Delay    Time   Description
-----------------------------------------------------------------------------
                  0.00    0.00    0.00   clock clk (rise edge)
                          0.00    0.00   clock network delay (ideal)
                          2.00    2.00 v input external delay
                  0.01    0.00    2.00 v A[2] (in)
     1    0.00                           A[2] (net)
                  0.01    0.00    2.00 v input9/A (sky130_fd_sc_hd__dlymetal6s2s_1)
                  0.10    0.19    2.19 v input9/X (sky130_fd_sc_hd__dlymetal6s2s_1)
     3    0.02                           net9 (net)
                  0.10    0.00    2.19 v _36_/B (sky130_fd_sc_hd__xnor2_1)
                  0.06    0.16    2.35 v _36_/Y (sky130_fd_sc_hd__xnor2_1)
     1    0.00                           _24_ (net)
                  0.06    0.00    2.35 v _37_/B (sky130_fd_sc_hd__xnor2_1)
                  0.19    0.20    2.56 ^ _37_/Y (sky130_fd_sc_hd__xnor2_1)
     1    0.01                           net73 (net)
                  0.19    0.00    2.56 ^ output73/A (sky130_fd_sc_hd__clkbuf_4)
                  0.12    0.25    2.81 ^ output73/X (sky130_fd_sc_hd__clkbuf_4)
     1    0.04                           Sum[2] (net)
                  0.12    0.00    2.81 ^ Sum[2] (out)
                                  2.81   data arrival time

                  0.00   10.00   10.00   clock clk (rise edge)
                          0.00   10.00   clock network delay (ideal)
                         -0.25    9.75   clock uncertainty
                          0.00    9.75   clock reconvergence pessimism
                         -2.00    7.75   output external delay
                                  7.75   data required time
-----------------------------------------------------------------------------
                                  7.75   data required time
                                 -2.81   data arrival time
-----------------------------------------------------------------------------
                                  4.94   slack (MET)


Startpoint: B[14] (input port clocked by clk)
Endpoint: Sum[14] (output port clocked by clk)
Path Group: clk
Path Type: max

Fanout     Cap    Slew   Delay    Time   Description
-----------------------------------------------------------------------------
                  0.00    0.00    0.00   clock clk (rise edge)
                          0.00    0.00   clock network delay (ideal)
                          2.00    2.00 v input external delay
                  0.01    0.01    2.01 v B[14] (in)
     1    0.00                           B[14] (net)
                  0.01    0.00    2.01 v input22/A (sky130_fd_sc_hd__dlymetal6s2s_1)
                  0.10    0.19    2.19 v input22/X (sky130_fd_sc_hd__dlymetal6s2s_1)
     3    0.02                           net22 (net)
                  0.10    0.00    2.20 v _60_/A (sky130_fd_sc_hd__xnor2_1)
                  0.16    0.21    2.41 ^ _60_/Y (sky130_fd_sc_hd__xnor2_1)
     1    0.00                           _04_ (net)
                  0.16    0.00    2.41 ^ _61_/B (sky130_fd_sc_hd__xnor2_1)
                  0.16    0.16    2.57 ^ _61_/Y (sky130_fd_sc_hd__xnor2_1)
     1    0.01                           net70 (net)
                  0.16    0.00    2.57 ^ output70/A (sky130_fd_sc_hd__clkbuf_4)
                  0.11    0.24    2.80 ^ output70/X (sky130_fd_sc_hd__clkbuf_4)
     1    0.03                           Sum[14] (net)
                  0.11    0.00    2.81 ^ Sum[14] (out)
                                  2.81   data arrival time

                  0.00   10.00   10.00   clock clk (rise edge)
                          0.00   10.00   clock network delay (ideal)
                         -0.25    9.75   clock uncertainty
                          0.00    9.75   clock reconvergence pessimism
                         -2.00    7.75   output external delay
                                  7.75   data required time
-----------------------------------------------------------------------------
                                  7.75   data required time
                                 -2.81   data arrival time
-----------------------------------------------------------------------------
                                  4.94   slack (MET)


Startpoint: B[12] (input port clocked by clk)
Endpoint: Sum[12] (output port clocked by clk)
Path Group: clk
Path Type: max

Fanout     Cap    Slew   Delay    Time   Description
-----------------------------------------------------------------------------
                  0.00    0.00    0.00   clock clk (rise edge)
                          0.00    0.00   clock network delay (ideal)
                          2.00    2.00 v input external delay
                  0.01    0.00    2.00 v B[12] (in)
     1    0.00                           B[12] (net)
                  0.01    0.00    2.00 v input20/A (sky130_fd_sc_hd__dlymetal6s2s_1)
                  0.10    0.19    2.19 v input20/X (sky130_fd_sc_hd__dlymetal6s2s_1)
     3    0.02                           net20 (net)
                  0.10    0.00    2.19 v _56_/A (sky130_fd_sc_hd__xnor2_1)
                  0.16    0.21    2.41 ^ _56_/Y (sky130_fd_sc_hd__xnor2_1)
     1    0.01                           _02_ (net)
                  0.16    0.00    2.41 ^ _57_/B (sky130_fd_sc_hd__xnor2_1)
                  0.15    0.16    2.56 ^ _57_/Y (sky130_fd_sc_hd__xnor2_1)
     1    0.00                           net68 (net)
                  0.15    0.00    2.56 ^ output68/A (sky130_fd_sc_hd__clkbuf_4)
                  0.11    0.24    2.80 ^ output68/X (sky130_fd_sc_hd__clkbuf_4)
     1    0.03                           Sum[12] (net)
                  0.11    0.00    2.80 ^ Sum[12] (out)
                                  2.80   data arrival time

                  0.00   10.00   10.00   clock clk (rise edge)
                          0.00   10.00   clock network delay (ideal)
                         -0.25    9.75   clock uncertainty
                          0.00    9.75   clock reconvergence pessimism
                         -2.00    7.75   output external delay
                                  7.75   data required time
-----------------------------------------------------------------------------
                                  7.75   data required time
                                 -2.80   data arrival time
-----------------------------------------------------------------------------
                                  4.95   slack (MET)


Startpoint: B[5] (input port clocked by clk)
Endpoint: Sum[5] (output port clocked by clk)
Path Group: clk
Path Type: max

Fanout     Cap    Slew   Delay    Time   Description
-----------------------------------------------------------------------------
                  0.00    0.00    0.00   clock clk (rise edge)
                          0.00    0.00   clock network delay (ideal)
                          2.00    2.00 ^ input external delay
                  0.04    0.02    2.02 ^ B[5] (in)
     1    0.01                           B[5] (net)
                  0.04    0.00    2.02 ^ input28/A (sky130_fd_sc_hd__buf_1)
                  0.20    0.19    2.22 ^ input28/X (sky130_fd_sc_hd__buf_1)
     3    0.02                           net28 (net)
                  0.20    0.00    2.22 ^ _42_/A (sky130_fd_sc_hd__xnor2_1)
                  0.16    0.16    2.38 ^ _42_/Y (sky130_fd_sc_hd__xnor2_1)
     1    0.01                           _27_ (net)
                  0.16    0.00    2.38 ^ _43_/B (sky130_fd_sc_hd__xnor2_1)
                  0.17    0.16    2.55 ^ _43_/Y (sky130_fd_sc_hd__xnor2_1)
     1    0.01                           net76 (net)
                  0.17    0.00    2.55 ^ output76/A (sky130_fd_sc_hd__clkbuf_4)
                  0.11    0.24    2.79 ^ output76/X (sky130_fd_sc_hd__clkbuf_4)
     1    0.03                           Sum[5] (net)
                  0.11    0.00    2.79 ^ Sum[5] (out)
                                  2.79   data arrival time

                  0.00   10.00   10.00   clock clk (rise edge)
                          0.00   10.00   clock network delay (ideal)
                         -0.25    9.75   clock uncertainty
                          0.00    9.75   clock reconvergence pessimism
                         -2.00    7.75   output external delay
                                  7.75   data required time
-----------------------------------------------------------------------------
                                  7.75   data required time
                                 -2.79   data arrival time
-----------------------------------------------------------------------------
                                  4.96   slack (MET)


Startpoint: B[13] (input port clocked by clk)
Endpoint: Sum[13] (output port clocked by clk)
Path Group: clk
Path Type: max

Fanout     Cap    Slew   Delay    Time   Description
-----------------------------------------------------------------------------
                  0.00    0.00    0.00   clock clk (rise edge)
                          0.00    0.00   clock network delay (ideal)
                          2.00    2.00 ^ input external delay
                  0.03    0.02    2.02 ^ B[13] (in)
     1    0.00                           B[13] (net)
                  0.03    0.00    2.02 ^ input21/A (sky130_fd_sc_hd__buf_1)
                  0.23    0.21    2.23 ^ input21/X (sky130_fd_sc_hd__buf_1)
     3    0.02                           net21 (net)
                  0.23    0.00    2.23 ^ _58_/A (sky130_fd_sc_hd__xnor2_1)
                  0.16    0.17    2.41 ^ _58_/Y (sky130_fd_sc_hd__xnor2_1)
     1    0.01                           _03_ (net)
                  0.16    0.00    2.41 ^ _59_/B (sky130_fd_sc_hd__xnor2_1)
                  0.14    0.15    2.56 ^ _59_/Y (sky130_fd_sc_hd__xnor2_1)
     1    0.00                           net69 (net)
                  0.14    0.00    2.56 ^ output69/A (sky130_fd_sc_hd__clkbuf_4)
                  0.11    0.23    2.79 ^ output69/X (sky130_fd_sc_hd__clkbuf_4)
     1    0.03                           Sum[13] (net)
                  0.11    0.00    2.79 ^ Sum[13] (out)
                                  2.79   data arrival time

                  0.00   10.00   10.00   clock clk (rise edge)
                          0.00   10.00   clock network delay (ideal)
                         -0.25    9.75   clock uncertainty
                          0.00    9.75   clock reconvergence pessimism
                         -2.00    7.75   output external delay
                                  7.75   data required time
-----------------------------------------------------------------------------
                                  7.75   data required time
                                 -2.79   data arrival time
-----------------------------------------------------------------------------
                                  4.96   slack (MET)


Startpoint: B[1] (input port clocked by clk)
Endpoint: Sum[1] (output port clocked by clk)
Path Group: clk
Path Type: max

Fanout     Cap    Slew   Delay    Time   Description
-----------------------------------------------------------------------------
                  0.00    0.00    0.00   clock clk (rise edge)
                          0.00    0.00   clock network delay (ideal)
                          2.00    2.00 ^ input external delay
                  0.02    0.01    2.01 ^ B[1] (in)
     1    0.00                           B[1] (net)
                  0.02    0.00    2.01 ^ input24/A (sky130_fd_sc_hd__buf_1)
                  0.19    0.19    2.20 ^ input24/X (sky130_fd_sc_hd__buf_1)
     3    0.02                           net24 (net)
                  0.19    0.00    2.20 ^ _34_/A (sky130_fd_sc_hd__xnor2_1)
                  0.16    0.16    2.36 ^ _34_/Y (sky130_fd_sc_hd__xnor2_1)
     1    0.01                           _23_ (net)
                  0.16    0.00    2.36 ^ _35_/B (sky130_fd_sc_hd__xnor2_1)
                  0.18    0.17    2.53 ^ _35_/Y (sky130_fd_sc_hd__xnor2_1)
     1    0.01                           net72 (net)
                  0.18    0.00    2.53 ^ output72/A (sky130_fd_sc_hd__clkbuf_4)
                  0.11    0.24    2.77 ^ output72/X (sky130_fd_sc_hd__clkbuf_4)
     1    0.03                           Sum[1] (net)
                  0.11    0.00    2.77 ^ Sum[1] (out)
                                  2.77   data arrival time

                  0.00   10.00   10.00   clock clk (rise edge)
                          0.00   10.00   clock network delay (ideal)
                         -0.25    9.75   clock uncertainty
                          0.00    9.75   clock reconvergence pessimism
                         -2.00    7.75   output external delay
                                  7.75   data required time
-----------------------------------------------------------------------------
                                  7.75   data required time
                                 -2.77   data arrival time
-----------------------------------------------------------------------------
                                  4.98   slack (MET)


Startpoint: A[15] (input port clocked by clk)
Endpoint: Sum[15] (output port clocked by clk)
Path Group: clk
Path Type: max

Fanout     Cap    Slew   Delay    Time   Description
-----------------------------------------------------------------------------
                  0.00    0.00    0.00   clock clk (rise edge)
                          0.00    0.00   clock network delay (ideal)
                          2.00    2.00 v input external delay
                  0.02    0.01    2.01 v A[15] (in)
     1    0.01                           A[15] (net)
                  0.02    0.00    2.01 v input7/A (sky130_fd_sc_hd__dlymetal6s2s_1)
                  0.10    0.19    2.20 v input7/X (sky130_fd_sc_hd__dlymetal6s2s_1)
     3    0.02                           net7 (net)
                  0.10    0.00    2.20 v _62_/B (sky130_fd_sc_hd__xnor2_1)
                  0.17    0.20    2.39 ^ _62_/Y (sky130_fd_sc_hd__xnor2_1)
     1    0.01                           _05_ (net)
                  0.17    0.00    2.39 ^ _63_/B (sky130_fd_sc_hd__xnor2_1)
                  0.13    0.15    2.54 ^ _63_/Y (sky130_fd_sc_hd__xnor2_1)
     1    0.00                           net71 (net)
                  0.13    0.00    2.54 ^ output71/A (sky130_fd_sc_hd__clkbuf_4)
                  0.11    0.23    2.77 ^ output71/X (sky130_fd_sc_hd__clkbuf_4)
     1    0.03                           Sum[15] (net)
                  0.11    0.00    2.77 ^ Sum[15] (out)
                                  2.77   data arrival time

                  0.00   10.00   10.00   clock clk (rise edge)
                          0.00   10.00   clock network delay (ideal)
                         -0.25    9.75   clock uncertainty
                          0.00    9.75   clock reconvergence pessimism
                         -2.00    7.75   output external delay
                                  7.75   data required time
-----------------------------------------------------------------------------
                                  7.75   data required time
                                 -2.77   data arrival time
-----------------------------------------------------------------------------
                                  4.98   slack (MET)


Startpoint: B[4] (input port clocked by clk)
Endpoint: Sum[4] (output port clocked by clk)
Path Group: clk
Path Type: max

Fanout     Cap    Slew   Delay    Time   Description
-----------------------------------------------------------------------------
                  0.00    0.00    0.00   clock clk (rise edge)
                          0.00    0.00   clock network delay (ideal)
                          2.00    2.00 ^ input external delay
                  0.02    0.02    2.02 ^ B[4] (in)
     1    0.00                           B[4] (net)
                  0.02    0.00    2.02 ^ input27/A (sky130_fd_sc_hd__buf_1)
                  0.21    0.20    2.21 ^ input27/X (sky130_fd_sc_hd__buf_1)
     3    0.02                           net27 (net)
                  0.21    0.00    2.21 ^ _40_/A (sky130_fd_sc_hd__xnor2_1)
                  0.16    0.17    2.38 ^ _40_/Y (sky130_fd_sc_hd__xnor2_1)
     1    0.00                           _26_ (net)
                  0.16    0.00    2.38 ^ _41_/B (sky130_fd_sc_hd__xnor2_1)
                  0.14    0.15    2.53 ^ _41_/Y (sky130_fd_sc_hd__xnor2_1)
     1    0.00                           net75 (net)
                  0.14    0.00    2.53 ^ output75/A (sky130_fd_sc_hd__clkbuf_4)
                  0.12    0.23    2.77 ^ output75/X (sky130_fd_sc_hd__clkbuf_4)
     1    0.04                           Sum[4] (net)
                  0.12    0.00    2.77 ^ Sum[4] (out)
                                  2.77   data arrival time

                  0.00   10.00   10.00   clock clk (rise edge)
                          0.00   10.00   clock network delay (ideal)
                         -0.25    9.75   clock uncertainty
                          0.00    9.75   clock reconvergence pessimism
                         -2.00    7.75   output external delay
                                  7.75   data required time
-----------------------------------------------------------------------------
                                  7.75   data required time
                                 -2.77   data arrival time
-----------------------------------------------------------------------------
                                  4.98   slack (MET)


Startpoint: B[7] (input port clocked by clk)
Endpoint: Sum[7] (output port clocked by clk)
Path Group: clk
Path Type: max

Fanout     Cap    Slew   Delay    Time   Description
-----------------------------------------------------------------------------
                  0.00    0.00    0.00   clock clk (rise edge)
                          0.00    0.00   clock network delay (ideal)
                          2.00    2.00 ^ input external delay
                  0.03    0.02    2.02 ^ B[7] (in)
     1    0.00                           B[7] (net)
                  0.03    0.00    2.02 ^ input30/A (sky130_fd_sc_hd__buf_1)
                  0.15    0.15    2.17 ^ input30/X (sky130_fd_sc_hd__buf_1)
     3    0.01                           net30 (net)
                  0.15    0.00    2.17 ^ _46_/A (sky130_fd_sc_hd__xnor2_1)
                  0.16    0.16    2.33 ^ _46_/Y (sky130_fd_sc_hd__xnor2_1)
     1    0.01                           _29_ (net)
                  0.16    0.00    2.33 ^ _47_/B (sky130_fd_sc_hd__xnor2_1)
                  0.22    0.18    2.51 ^ _47_/Y (sky130_fd_sc_hd__xnor2_1)
     1    0.01                           net78 (net)
                  0.22    0.00    2.51 ^ output78/A (sky130_fd_sc_hd__clkbuf_4)
                  0.11    0.26    2.77 ^ output78/X (sky130_fd_sc_hd__clkbuf_4)
     1    0.03                           Sum[7] (net)
                  0.11    0.00    2.77 ^ Sum[7] (out)
                                  2.77   data arrival time

                  0.00   10.00   10.00   clock clk (rise edge)
                          0.00   10.00   clock network delay (ideal)
                         -0.25    9.75   clock uncertainty
                          0.00    9.75   clock reconvergence pessimism
                         -2.00    7.75   output external delay
                                  7.75   data required time
-----------------------------------------------------------------------------
                                  7.75   data required time
                                 -2.77   data arrival time
-----------------------------------------------------------------------------
                                  4.98   slack (MET)


Startpoint: A[11] (input port clocked by clk)
Endpoint: Sum[11] (output port clocked by clk)
Path Group: clk
Path Type: max

Fanout     Cap    Slew   Delay    Time   Description
-----------------------------------------------------------------------------
                  0.00    0.00    0.00   clock clk (rise edge)
                          0.00    0.00   clock network delay (ideal)
                          2.00    2.00 ^ input external delay
                  0.02    0.01    2.01 ^ A[11] (in)
     1    0.00                           A[11] (net)
                  0.02    0.00    2.01 ^ input3/A (sky130_fd_sc_hd__buf_1)
                  0.20    0.19    2.20 ^ input3/X (sky130_fd_sc_hd__buf_1)
     3    0.02                           net3 (net)
                  0.20    0.00    2.20 ^ _54_/B (sky130_fd_sc_hd__xnor2_1)
                  0.16    0.17    2.37 ^ _54_/Y (sky130_fd_sc_hd__xnor2_1)
     1    0.01                           _01_ (net)
                  0.16    0.00    2.37 ^ _55_/B (sky130_fd_sc_hd__xnor2_1)
                  0.13    0.15    2.52 ^ _55_/Y (sky130_fd_sc_hd__xnor2_1)
     1    0.00                           net67 (net)
                  0.13    0.00    2.52 ^ output67/A (sky130_fd_sc_hd__clkbuf_4)
                  0.11    0.23    2.74 ^ output67/X (sky130_fd_sc_hd__clkbuf_4)
     1    0.03                           Sum[11] (net)
                  0.11    0.00    2.74 ^ Sum[11] (out)
                                  2.74   data arrival time

                  0.00   10.00   10.00   clock clk (rise edge)
                          0.00   10.00   clock network delay (ideal)
                         -0.25    9.75   clock uncertainty
                          0.00    9.75   clock reconvergence pessimism
                         -2.00    7.75   output external delay
                                  7.75   data required time
-----------------------------------------------------------------------------
                                  7.75   data required time
                                 -2.74   data arrival time
-----------------------------------------------------------------------------
                                  5.01   slack (MET)


Startpoint: A[15] (input port clocked by clk)
Endpoint: Carry[15] (output port clocked by clk)
Path Group: clk
Path Type: max

Fanout     Cap    Slew   Delay    Time   Description
-----------------------------------------------------------------------------
                  0.00    0.00    0.00   clock clk (rise edge)
                          0.00    0.00   clock network delay (ideal)
                          2.00    2.00 ^ input external delay
                  0.03    0.02    2.02 ^ A[15] (in)
     1    0.01                           A[15] (net)
                  0.03    0.00    2.02 ^ input7/A (sky130_fd_sc_hd__dlymetal6s2s_1)
                  0.19    0.20    2.22 ^ input7/X (sky130_fd_sc_hd__dlymetal6s2s_1)
     3    0.02                           net7 (net)
                  0.19    0.00    2.22 ^ _94_/A2 (sky130_fd_sc_hd__a21o_1)
                  0.05    0.16    2.38 ^ _94_/X (sky130_fd_sc_hd__a21o_1)
     1    0.00                           _21_ (net)
                  0.05    0.00    2.38 ^ _95_/B1 (sky130_fd_sc_hd__o21a_1)
                  0.08    0.14    2.52 ^ _95_/X (sky130_fd_sc_hd__o21a_1)
     1    0.01                           net55 (net)
                  0.08    0.00    2.52 ^ output55/A (sky130_fd_sc_hd__clkbuf_4)
                  0.11    0.21    2.73 ^ output55/X (sky130_fd_sc_hd__clkbuf_4)
     1    0.03                           Carry[15] (net)
                  0.11    0.00    2.73 ^ Carry[15] (out)
                                  2.73   data arrival time

                  0.00   10.00   10.00   clock clk (rise edge)
                          0.00   10.00   clock network delay (ideal)
                         -0.25    9.75   clock uncertainty
                          0.00    9.75   clock reconvergence pessimism
                         -2.00    7.75   output external delay
                                  7.75   data required time
-----------------------------------------------------------------------------
                                  7.75   data required time
                                 -2.73   data arrival time
-----------------------------------------------------------------------------
                                  5.02   slack (MET)


Startpoint: B[5] (input port clocked by clk)
Endpoint: Carry[5] (output port clocked by clk)
Path Group: clk
Path Type: max

Fanout     Cap    Slew   Delay    Time   Description
-----------------------------------------------------------------------------
                  0.00    0.00    0.00   clock clk (rise edge)
                          0.00    0.00   clock network delay (ideal)
                          2.00    2.00 ^ input external delay
                  0.04    0.02    2.02 ^ B[5] (in)
     1    0.01                           B[5] (net)
                  0.04    0.00    2.02 ^ input28/A (sky130_fd_sc_hd__buf_1)
                  0.20    0.19    2.22 ^ input28/X (sky130_fd_sc_hd__buf_1)
     3    0.02                           net28 (net)
                  0.20    0.00    2.22 ^ _74_/A1 (sky130_fd_sc_hd__a21o_1)
                  0.04    0.14    2.36 ^ _74_/X (sky130_fd_sc_hd__a21o_1)
     1    0.00                           _11_ (net)
                  0.04    0.00    2.36 ^ _75_/B1 (sky130_fd_sc_hd__o21a_1)
                  0.08    0.14    2.51 ^ _75_/X (sky130_fd_sc_hd__o21a_1)
     1    0.01                           net60 (net)
                  0.08    0.00    2.51 ^ output60/A (sky130_fd_sc_hd__clkbuf_4)
                  0.12    0.21    2.72 ^ output60/X (sky130_fd_sc_hd__clkbuf_4)
     1    0.04                           Carry[5] (net)
                  0.12    0.00    2.72 ^ Carry[5] (out)
                                  2.72   data arrival time

                  0.00   10.00   10.00   clock clk (rise edge)
                          0.00   10.00   clock network delay (ideal)
                         -0.25    9.75   clock uncertainty
                          0.00    9.75   clock reconvergence pessimism
                         -2.00    7.75   output external delay
                                  7.75   data required time
-----------------------------------------------------------------------------
                                  7.75   data required time
                                 -2.72   data arrival time
-----------------------------------------------------------------------------
                                  5.03   slack (MET)


Startpoint: A[9] (input port clocked by clk)
Endpoint: Sum[9] (output port clocked by clk)
Path Group: clk
Path Type: max

Fanout     Cap    Slew   Delay    Time   Description
-----------------------------------------------------------------------------
                  0.00    0.00    0.00   clock clk (rise edge)
                          0.00    0.00   clock network delay (ideal)
                          2.00    2.00 ^ input external delay
                  0.03    0.02    2.02 ^ A[9] (in)
     1    0.01                           A[9] (net)
                  0.03    0.00    2.02 ^ input16/A (sky130_fd_sc_hd__buf_1)
                  0.15    0.16    2.18 ^ input16/X (sky130_fd_sc_hd__buf_1)
     3    0.01                           net16 (net)
                  0.15    0.00    2.18 ^ _50_/B (sky130_fd_sc_hd__xnor2_1)
                  0.18    0.17    2.35 ^ _50_/Y (sky130_fd_sc_hd__xnor2_1)
     1    0.01                           _31_ (net)
                  0.18    0.00    2.35 ^ _51_/B (sky130_fd_sc_hd__xnor2_1)
                  0.12    0.15    2.49 ^ _51_/Y (sky130_fd_sc_hd__xnor2_1)
     1    0.00                           net80 (net)
                  0.12    0.00    2.49 ^ output80/A (sky130_fd_sc_hd__clkbuf_4)
                  0.11    0.22    2.72 ^ output80/X (sky130_fd_sc_hd__clkbuf_4)
     1    0.03                           Sum[9] (net)
                  0.11    0.00    2.72 ^ Sum[9] (out)
                                  2.72   data arrival time

                  0.00   10.00   10.00   clock clk (rise edge)
                          0.00   10.00   clock network delay (ideal)
                         -0.25    9.75   clock uncertainty
                          0.00    9.75   clock reconvergence pessimism
                         -2.00    7.75   output external delay
                                  7.75   data required time
-----------------------------------------------------------------------------
                                  7.75   data required time
                                 -2.72   data arrival time
-----------------------------------------------------------------------------
                                  5.03   slack (MET)


Startpoint: B[10] (input port clocked by clk)
Endpoint: Sum[10] (output port clocked by clk)
Path Group: clk
Path Type: max

Fanout     Cap    Slew   Delay    Time   Description
-----------------------------------------------------------------------------
                  0.00    0.00    0.00   clock clk (rise edge)
                          0.00    0.00   clock network delay (ideal)
                          2.00    2.00 ^ input external delay
                  0.03    0.02    2.02 ^ B[10] (in)
     1    0.00                           B[10] (net)
                  0.03    0.00    2.02 ^ input18/A (sky130_fd_sc_hd__buf_1)
                  0.18    0.18    2.20 ^ input18/X (sky130_fd_sc_hd__buf_1)
     3    0.02                           net18 (net)
                  0.18    0.00    2.20 ^ _52_/A (sky130_fd_sc_hd__xnor2_1)
                  0.16    0.16    2.36 ^ _52_/Y (sky130_fd_sc_hd__xnor2_1)
     1    0.00                           _00_ (net)
                  0.16    0.00    2.36 ^ _53_/B (sky130_fd_sc_hd__xnor2_1)
                  0.11    0.14    2.50 ^ _53_/Y (sky130_fd_sc_hd__xnor2_1)
     1    0.00                           net66 (net)
                  0.11    0.00    2.50 ^ output66/A (sky130_fd_sc_hd__clkbuf_4)
                  0.11    0.22    2.72 ^ output66/X (sky130_fd_sc_hd__clkbuf_4)
     1    0.03                           Sum[10] (net)
                  0.11    0.00    2.72 ^ Sum[10] (out)
                                  2.72   data arrival time

                  0.00   10.00   10.00   clock clk (rise edge)
                          0.00   10.00   clock network delay (ideal)
                         -0.25    9.75   clock uncertainty
                          0.00    9.75   clock reconvergence pessimism
                         -2.00    7.75   output external delay
                                  7.75   data required time
-----------------------------------------------------------------------------
                                  7.75   data required time
                                 -2.72   data arrival time
-----------------------------------------------------------------------------
                                  5.03   slack (MET)


Startpoint: A[2] (input port clocked by clk)
Endpoint: Carry[2] (output port clocked by clk)
Path Group: clk
Path Type: max

Fanout     Cap    Slew   Delay    Time   Description
-----------------------------------------------------------------------------
                  0.00    0.00    0.00   clock clk (rise edge)
                          0.00    0.00   clock network delay (ideal)
                          2.00    2.00 ^ input external delay
                  0.02    0.01    2.01 ^ A[2] (in)
     1    0.00                           A[2] (net)
                  0.02    0.00    2.01 ^ input9/A (sky130_fd_sc_hd__dlymetal6s2s_1)
                  0.21    0.20    2.21 ^ input9/X (sky130_fd_sc_hd__dlymetal6s2s_1)
     3    0.02                           net9 (net)
                  0.21    0.00    2.21 ^ _68_/A2 (sky130_fd_sc_hd__a21o_1)
                  0.04    0.15    2.37 ^ _68_/X (sky130_fd_sc_hd__a21o_1)
     1    0.00                           _08_ (net)
                  0.04    0.00    2.37 ^ _69_/B1 (sky130_fd_sc_hd__o21a_1)
                  0.08    0.14    2.51 ^ _69_/X (sky130_fd_sc_hd__o21a_1)
     1    0.01                           net57 (net)
                  0.08    0.00    2.51 ^ output57/A (sky130_fd_sc_hd__clkbuf_4)
                  0.12    0.21    2.71 ^ output57/X (sky130_fd_sc_hd__clkbuf_4)
     1    0.04                           Carry[2] (net)
                  0.12    0.00    2.72 ^ Carry[2] (out)
                                  2.72   data arrival time

                  0.00   10.00   10.00   clock clk (rise edge)
                          0.00   10.00   clock network delay (ideal)
                         -0.25    9.75   clock uncertainty
                          0.00    9.75   clock reconvergence pessimism
                         -2.00    7.75   output external delay
                                  7.75   data required time
-----------------------------------------------------------------------------
                                  7.75   data required time
                                 -2.72   data arrival time
-----------------------------------------------------------------------------
                                  5.03   slack (MET)


Startpoint: A[12] (input port clocked by clk)
Endpoint: Carry[12] (output port clocked by clk)
Path Group: clk
Path Type: max

Fanout     Cap    Slew   Delay    Time   Description
-----------------------------------------------------------------------------
                  0.00    0.00    0.00   clock clk (rise edge)
                          0.00    0.00   clock network delay (ideal)
                          2.00    2.00 ^ input external delay
                  0.02    0.01    2.01 ^ A[12] (in)
     1    0.00                           A[12] (net)
                  0.02    0.00    2.01 ^ input4/A (sky130_fd_sc_hd__dlymetal6s2s_1)
                  0.21    0.21    2.22 ^ input4/X (sky130_fd_sc_hd__dlymetal6s2s_1)
     3    0.02                           net4 (net)
                  0.21    0.00    2.22 ^ _88_/A2 (sky130_fd_sc_hd__a21o_1)
                  0.04    0.16    2.38 ^ _88_/X (sky130_fd_sc_hd__a21o_1)
     1    0.00                           _18_ (net)
                  0.04    0.00    2.38 ^ _89_/B1 (sky130_fd_sc_hd__o21a_1)
                  0.06    0.13    2.51 ^ _89_/X (sky130_fd_sc_hd__o21a_1)
     1    0.01                           net52 (net)
                  0.06    0.00    2.51 ^ output52/A (sky130_fd_sc_hd__clkbuf_4)
                  0.12    0.20    2.71 ^ output52/X (sky130_fd_sc_hd__clkbuf_4)
     1    0.04                           Carry[12] (net)
                  0.12    0.00    2.71 ^ Carry[12] (out)
                                  2.71   data arrival time

                  0.00   10.00   10.00   clock clk (rise edge)
                          0.00   10.00   clock network delay (ideal)
                         -0.25    9.75   clock uncertainty
                          0.00    9.75   clock reconvergence pessimism
                         -2.00    7.75   output external delay
                                  7.75   data required time
-----------------------------------------------------------------------------
                                  7.75   data required time
                                 -2.71   data arrival time
-----------------------------------------------------------------------------
                                  5.04   slack (MET)


Startpoint: A[3] (input port clocked by clk)
Endpoint: Carry[3] (output port clocked by clk)
Path Group: clk
Path Type: max

Fanout     Cap    Slew   Delay    Time   Description
-----------------------------------------------------------------------------
                  0.00    0.00    0.00   clock clk (rise edge)
                          0.00    0.00   clock network delay (ideal)
                          2.00    2.00 ^ input external delay
                  0.02    0.01    2.01 ^ A[3] (in)
     1    0.00                           A[3] (net)
                  0.02    0.00    2.01 ^ input10/A (sky130_fd_sc_hd__buf_1)
                  0.16    0.16    2.18 ^ input10/X (sky130_fd_sc_hd__buf_1)
     3    0.01                           net10 (net)
                  0.16    0.00    2.18 ^ _70_/A2 (sky130_fd_sc_hd__a21o_1)
                  0.05    0.15    2.32 ^ _70_/X (sky130_fd_sc_hd__a21o_1)
     1    0.00                           _09_ (net)
                  0.05    0.00    2.32 ^ _71_/B1 (sky130_fd_sc_hd__o21a_1)
                  0.11    0.17    2.49 ^ _71_/X (sky130_fd_sc_hd__o21a_1)
     1    0.01                           net58 (net)
                  0.11    0.00    2.49 ^ output58/A (sky130_fd_sc_hd__clkbuf_4)
                  0.11    0.22    2.71 ^ output58/X (sky130_fd_sc_hd__clkbuf_4)
     1    0.03                           Carry[3] (net)
                  0.11    0.00    2.71 ^ Carry[3] (out)
                                  2.71   data arrival time

                  0.00   10.00   10.00   clock clk (rise edge)
                          0.00   10.00   clock network delay (ideal)
                         -0.25    9.75   clock uncertainty
                          0.00    9.75   clock reconvergence pessimism
                         -2.00    7.75   output external delay
                                  7.75   data required time
-----------------------------------------------------------------------------
                                  7.75   data required time
                                 -2.71   data arrival time
-----------------------------------------------------------------------------
                                  5.04   slack (MET)


Startpoint: B[6] (input port clocked by clk)
Endpoint: Sum[6] (output port clocked by clk)
Path Group: clk
Path Type: max

Fanout     Cap    Slew   Delay    Time   Description
-----------------------------------------------------------------------------
                  0.00    0.00    0.00   clock clk (rise edge)
                          0.00    0.00   clock network delay (ideal)
                          2.00    2.00 v input external delay
                  0.01    0.01    2.01 v B[6] (in)
     1    0.00                           B[6] (net)
                  0.01    0.00    2.01 v input29/A (sky130_fd_sc_hd__buf_1)
                  0.07    0.11    2.12 v input29/X (sky130_fd_sc_hd__buf_1)
     3    0.01                           net29 (net)
                  0.07    0.00    2.12 v _44_/A (sky130_fd_sc_hd__xnor2_1)
                  0.17    0.21    2.33 ^ _44_/Y (sky130_fd_sc_hd__xnor2_1)
     1    0.01                           _28_ (net)
                  0.17    0.00    2.33 ^ _45_/B (sky130_fd_sc_hd__xnor2_1)
                  0.13    0.15    2.48 ^ _45_/Y (sky130_fd_sc_hd__xnor2_1)
     1    0.00                           net77 (net)
                  0.13    0.00    2.48 ^ output77/A (sky130_fd_sc_hd__clkbuf_4)
                  0.11    0.23    2.71 ^ output77/X (sky130_fd_sc_hd__clkbuf_4)
     1    0.03                           Sum[6] (net)
                  0.11    0.00    2.71 ^ Sum[6] (out)
                                  2.71   data arrival time

                  0.00   10.00   10.00   clock clk (rise edge)
                          0.00   10.00   clock network delay (ideal)
                         -0.25    9.75   clock uncertainty
                          0.00    9.75   clock reconvergence pessimism
                         -2.00    7.75   output external delay
                                  7.75   data required time
-----------------------------------------------------------------------------
                                  7.75   data required time
                                 -2.71   data arrival time
-----------------------------------------------------------------------------
                                  5.04   slack (MET)


Startpoint: B[0] (input port clocked by clk)
Endpoint: Carry[0] (output port clocked by clk)
Path Group: clk
Path Type: max

Fanout     Cap    Slew   Delay    Time   Description
-----------------------------------------------------------------------------
                  0.00    0.00    0.00   clock clk (rise edge)
                          0.00    0.00   clock network delay (ideal)
                          2.00    2.00 ^ input external delay
                  0.02    0.01    2.01 ^ B[0] (in)
     1    0.00                           B[0] (net)
                  0.02    0.00    2.01 ^ input17/A (sky130_fd_sc_hd__dlymetal6s2s_1)
                  0.20    0.20    2.21 ^ input17/X (sky130_fd_sc_hd__dlymetal6s2s_1)
     3    0.02                           net17 (net)
                  0.20    0.00    2.21 ^ _64_/A1 (sky130_fd_sc_hd__a21o_1)
                  0.04    0.15    2.36 ^ _64_/X (sky130_fd_sc_hd__a21o_1)
     1    0.00                           _06_ (net)
                  0.04    0.00    2.36 ^ _65_/B1 (sky130_fd_sc_hd__o21a_1)
                  0.08    0.14    2.50 ^ _65_/X (sky130_fd_sc_hd__o21a_1)
     1    0.01                           net49 (net)
                  0.08    0.00    2.50 ^ output49/A (sky130_fd_sc_hd__clkbuf_4)
                  0.11    0.21    2.70 ^ output49/X (sky130_fd_sc_hd__clkbuf_4)
     1    0.03                           Carry[0] (net)
                  0.11    0.00    2.70 ^ Carry[0] (out)
                                  2.70   data arrival time

                  0.00   10.00   10.00   clock clk (rise edge)
                          0.00   10.00   clock network delay (ideal)
                         -0.25    9.75   clock uncertainty
                          0.00    9.75   clock reconvergence pessimism
                         -2.00    7.75   output external delay
                                  7.75   data required time
-----------------------------------------------------------------------------
                                  7.75   data required time
                                 -2.70   data arrival time
-----------------------------------------------------------------------------
                                  5.05   slack (MET)


Startpoint: B[13] (input port clocked by clk)
Endpoint: Carry[13] (output port clocked by clk)
Path Group: clk
Path Type: max

Fanout     Cap    Slew   Delay    Time   Description
-----------------------------------------------------------------------------
                  0.00    0.00    0.00   clock clk (rise edge)
                          0.00    0.00   clock network delay (ideal)
                          2.00    2.00 ^ input external delay
                  0.03    0.02    2.02 ^ B[13] (in)
     1    0.00                           B[13] (net)
                  0.03    0.00    2.02 ^ input21/A (sky130_fd_sc_hd__buf_1)
                  0.23    0.21    2.23 ^ input21/X (sky130_fd_sc_hd__buf_1)
     3    0.02                           net21 (net)
                  0.23    0.00    2.23 ^ _90_/A1 (sky130_fd_sc_hd__a21o_1)
                  0.04    0.16    2.39 ^ _90_/X (sky130_fd_sc_hd__a21o_1)
     1    0.00                           _19_ (net)
                  0.04    0.00    2.39 ^ _91_/B1 (sky130_fd_sc_hd__o21a_1)
                  0.04    0.11    2.50 ^ _91_/X (sky130_fd_sc_hd__o21a_1)
     1    0.00                           net53 (net)
                  0.04    0.00    2.50 ^ output53/A (sky130_fd_sc_hd__clkbuf_4)
                  0.12    0.20    2.70 ^ output53/X (sky130_fd_sc_hd__clkbuf_4)
     1    0.04                           Carry[13] (net)
                  0.12    0.00    2.70 ^ Carry[13] (out)
                                  2.70   data arrival time

                  0.00   10.00   10.00   clock clk (rise edge)
                          0.00   10.00   clock network delay (ideal)
                         -0.25    9.75   clock uncertainty
                          0.00    9.75   clock reconvergence pessimism
                         -2.00    7.75   output external delay
                                  7.75   data required time
-----------------------------------------------------------------------------
                                  7.75   data required time
                                 -2.70   data arrival time
-----------------------------------------------------------------------------
                                  5.05   slack (MET)


Startpoint: C[6] (input port clocked by clk)
Endpoint: Carry[6] (output port clocked by clk)
Path Group: clk
Path Type: max

Fanout     Cap    Slew   Delay    Time   Description
-----------------------------------------------------------------------------
                  0.00    0.00    0.00   clock clk (rise edge)
                          0.00    0.00   clock network delay (ideal)
                          2.00    2.00 ^ input external delay
                  0.02    0.01    2.01 ^ C[6] (in)
     1    0.00                           C[6] (net)
                  0.02    0.00    2.01 ^ input45/A (sky130_fd_sc_hd__buf_1)
                  0.21    0.20    2.21 ^ input45/X (sky130_fd_sc_hd__buf_1)
     2    0.02                           net45 (net)
                  0.21    0.00    2.21 ^ _76_/B1 (sky130_fd_sc_hd__a21o_1)
                  0.04    0.11    2.32 ^ _76_/X (sky130_fd_sc_hd__a21o_1)
     1    0.00                           _12_ (net)
                  0.04    0.00    2.32 ^ _77_/B1 (sky130_fd_sc_hd__o21a_1)
                  0.09    0.15    2.48 ^ _77_/X (sky130_fd_sc_hd__o21a_1)
     1    0.01                           net61 (net)
                  0.09    0.00    2.48 ^ output61/A (sky130_fd_sc_hd__clkbuf_4)
                  0.12    0.22    2.69 ^ output61/X (sky130_fd_sc_hd__clkbuf_4)
     1    0.04                           Carry[6] (net)
                  0.12    0.00    2.69 ^ Carry[6] (out)
                                  2.69   data arrival time

                  0.00   10.00   10.00   clock clk (rise edge)
                          0.00   10.00   clock network delay (ideal)
                         -0.25    9.75   clock uncertainty
                          0.00    9.75   clock reconvergence pessimism
                         -2.00    7.75   output external delay
                                  7.75   data required time
-----------------------------------------------------------------------------
                                  7.75   data required time
                                 -2.69   data arrival time
-----------------------------------------------------------------------------
                                  5.06   slack (MET)


Startpoint: C[9] (input port clocked by clk)
Endpoint: Carry[9] (output port clocked by clk)
Path Group: clk
Path Type: max

Fanout     Cap    Slew   Delay    Time   Description
-----------------------------------------------------------------------------
                  0.00    0.00    0.00   clock clk (rise edge)
                          0.00    0.00   clock network delay (ideal)
                          2.00    2.00 ^ input external delay
                  0.03    0.02    2.02 ^ C[9] (in)
     1    0.00                           C[9] (net)
                  0.03    0.00    2.02 ^ input48/A (sky130_fd_sc_hd__buf_1)
                  0.25    0.23    2.24 ^ input48/X (sky130_fd_sc_hd__buf_1)
     2    0.02                           net48 (net)
                  0.25    0.00    2.25 ^ _82_/B1 (sky130_fd_sc_hd__a21o_1)
                  0.04    0.12    2.37 ^ _82_/X (sky130_fd_sc_hd__a21o_1)
     1    0.00                           _15_ (net)
                  0.04    0.00    2.37 ^ _83_/B1 (sky130_fd_sc_hd__o21a_1)
                  0.05    0.12    2.49 ^ _83_/X (sky130_fd_sc_hd__o21a_1)
     1    0.00                           net64 (net)
                  0.05    0.00    2.49 ^ output64/A (sky130_fd_sc_hd__clkbuf_4)
                  0.12    0.20    2.69 ^ output64/X (sky130_fd_sc_hd__clkbuf_4)
     1    0.04                           Carry[9] (net)
                  0.12    0.00    2.69 ^ Carry[9] (out)
                                  2.69   data arrival time

                  0.00   10.00   10.00   clock clk (rise edge)
                          0.00   10.00   clock network delay (ideal)
                         -0.25    9.75   clock uncertainty
                          0.00    9.75   clock reconvergence pessimism
                         -2.00    7.75   output external delay
                                  7.75   data required time
-----------------------------------------------------------------------------
                                  7.75   data required time
                                 -2.69   data arrival time
-----------------------------------------------------------------------------
                                  5.06   slack (MET)


Startpoint: B[14] (input port clocked by clk)
Endpoint: Carry[14] (output port clocked by clk)
Path Group: clk
Path Type: max

Fanout     Cap    Slew   Delay    Time   Description
-----------------------------------------------------------------------------
                  0.00    0.00    0.00   clock clk (rise edge)
                          0.00    0.00   clock network delay (ideal)
                          2.00    2.00 ^ input external delay
                  0.03    0.02    2.02 ^ B[14] (in)
     1    0.00                           B[14] (net)
                  0.03    0.00    2.02 ^ input22/A (sky130_fd_sc_hd__dlymetal6s2s_1)
                  0.20    0.20    2.22 ^ input22/X (sky130_fd_sc_hd__dlymetal6s2s_1)
     3    0.02                           net22 (net)
                  0.20    0.00    2.22 ^ _92_/A1 (sky130_fd_sc_hd__a21o_1)
                  0.04    0.15    2.37 ^ _92_/X (sky130_fd_sc_hd__a21o_1)
     1    0.00                           _20_ (net)
                  0.04    0.00    2.37 ^ _93_/B1 (sky130_fd_sc_hd__o21a_1)
                  0.05    0.12    2.49 ^ _93_/X (sky130_fd_sc_hd__o21a_1)
     1    0.00                           net54 (net)
                  0.05    0.00    2.49 ^ output54/A (sky130_fd_sc_hd__clkbuf_4)
                  0.11    0.20    2.68 ^ output54/X (sky130_fd_sc_hd__clkbuf_4)
     1    0.03                           Carry[14] (net)
                  0.11    0.00    2.69 ^ Carry[14] (out)
                                  2.69   data arrival time

                  0.00   10.00   10.00   clock clk (rise edge)
                          0.00   10.00   clock network delay (ideal)
                         -0.25    9.75   clock uncertainty
                          0.00    9.75   clock reconvergence pessimism
                         -2.00    7.75   output external delay
                                  7.75   data required time
-----------------------------------------------------------------------------
                                  7.75   data required time
                                 -2.69   data arrival time
-----------------------------------------------------------------------------
                                  5.06   slack (MET)


Startpoint: A[8] (input port clocked by clk)
Endpoint: Carry[8] (output port clocked by clk)
Path Group: clk
Path Type: max

Fanout     Cap    Slew   Delay    Time   Description
-----------------------------------------------------------------------------
                  0.00    0.00    0.00   clock clk (rise edge)
                          0.00    0.00   clock network delay (ideal)
                          2.00    2.00 ^ input external delay
                  0.03    0.02    2.02 ^ A[8] (in)
     1    0.01                           A[8] (net)
                  0.03    0.00    2.02 ^ input15/A (sky130_fd_sc_hd__buf_1)
                  0.19    0.19    2.21 ^ input15/X (sky130_fd_sc_hd__buf_1)
     3    0.02                           net15 (net)
                  0.19    0.00    2.21 ^ _80_/A2 (sky130_fd_sc_hd__a21o_1)
                  0.04    0.15    2.35 ^ _80_/X (sky130_fd_sc_hd__a21o_1)
     1    0.00                           _14_ (net)
                  0.04    0.00    2.35 ^ _81_/B1 (sky130_fd_sc_hd__o21a_1)
                  0.06    0.13    2.48 ^ _81_/X (sky130_fd_sc_hd__o21a_1)
     1    0.00                           net63 (net)
                  0.06    0.00    2.48 ^ output63/A (sky130_fd_sc_hd__clkbuf_4)
                  0.11    0.20    2.68 ^ output63/X (sky130_fd_sc_hd__clkbuf_4)
     1    0.03                           Carry[8] (net)
                  0.11    0.00    2.68 ^ Carry[8] (out)
                                  2.68   data arrival time

                  0.00   10.00   10.00   clock clk (rise edge)
                          0.00   10.00   clock network delay (ideal)
                         -0.25    9.75   clock uncertainty
                          0.00    9.75   clock reconvergence pessimism
                         -2.00    7.75   output external delay
                                  7.75   data required time
-----------------------------------------------------------------------------
                                  7.75   data required time
                                 -2.68   data arrival time
-----------------------------------------------------------------------------
                                  5.07   slack (MET)


Startpoint: B[4] (input port clocked by clk)
Endpoint: Carry[4] (output port clocked by clk)
Path Group: clk
Path Type: max

Fanout     Cap    Slew   Delay    Time   Description
-----------------------------------------------------------------------------
                  0.00    0.00    0.00   clock clk (rise edge)
                          0.00    0.00   clock network delay (ideal)
                          2.00    2.00 ^ input external delay
                  0.02    0.02    2.02 ^ B[4] (in)
     1    0.00                           B[4] (net)
                  0.02    0.00    2.02 ^ input27/A (sky130_fd_sc_hd__buf_1)
                  0.21    0.20    2.21 ^ input27/X (sky130_fd_sc_hd__buf_1)
     3    0.02                           net27 (net)
                  0.21    0.00    2.21 ^ _72_/A1 (sky130_fd_sc_hd__a21o_1)
                  0.04    0.15    2.37 ^ _72_/X (sky130_fd_sc_hd__a21o_1)
     1    0.00                           _10_ (net)
                  0.04    0.00    2.37 ^ _73_/B1 (sky130_fd_sc_hd__o21a_1)
                  0.05    0.11    2.48 ^ _73_/X (sky130_fd_sc_hd__o21a_1)
     1    0.00                           net59 (net)
                  0.05    0.00    2.48 ^ output59/A (sky130_fd_sc_hd__clkbuf_4)
                  0.11    0.19    2.67 ^ output59/X (sky130_fd_sc_hd__clkbuf_4)
     1    0.03                           Carry[4] (net)
                  0.11    0.00    2.68 ^ Carry[4] (out)
                                  2.68   data arrival time

                  0.00   10.00   10.00   clock clk (rise edge)
                          0.00   10.00   clock network delay (ideal)
                         -0.25    9.75   clock uncertainty
                          0.00    9.75   clock reconvergence pessimism
                         -2.00    7.75   output external delay
                                  7.75   data required time
-----------------------------------------------------------------------------
                                  7.75   data required time
                                 -2.68   data arrival time
-----------------------------------------------------------------------------
                                  5.07   slack (MET)


Startpoint: B[7] (input port clocked by clk)
Endpoint: Carry[7] (output port clocked by clk)
Path Group: clk
Path Type: max

Fanout     Cap    Slew   Delay    Time   Description
-----------------------------------------------------------------------------
                  0.00    0.00    0.00   clock clk (rise edge)
                          0.00    0.00   clock network delay (ideal)
                          2.00    2.00 ^ input external delay
                  0.03    0.02    2.02 ^ B[7] (in)
     1    0.00                           B[7] (net)
                  0.03    0.00    2.02 ^ input30/A (sky130_fd_sc_hd__buf_1)
                  0.15    0.15    2.17 ^ input30/X (sky130_fd_sc_hd__buf_1)
     3    0.01                           net30 (net)
                  0.15    0.00    2.17 ^ _78_/A1 (sky130_fd_sc_hd__a21o_1)
                  0.04    0.14    2.31 ^ _78_/X (sky130_fd_sc_hd__a21o_1)
     1    0.00                           _13_ (net)
                  0.04    0.00    2.31 ^ _79_/B1 (sky130_fd_sc_hd__o21a_1)
                  0.09    0.15    2.46 ^ _79_/X (sky130_fd_sc_hd__o21a_1)
     1    0.01                           net62 (net)
                  0.09    0.00    2.46 ^ output62/A (sky130_fd_sc_hd__clkbuf_4)
                  0.11    0.21    2.67 ^ output62/X (sky130_fd_sc_hd__clkbuf_4)
     1    0.03                           Carry[7] (net)
                  0.11    0.00    2.67 ^ Carry[7] (out)
                                  2.67   data arrival time

                  0.00   10.00   10.00   clock clk (rise edge)
                          0.00   10.00   clock network delay (ideal)
                         -0.25    9.75   clock uncertainty
                          0.00    9.75   clock reconvergence pessimism
                         -2.00    7.75   output external delay
                                  7.75   data required time
-----------------------------------------------------------------------------
                                  7.75   data required time
                                 -2.67   data arrival time
-----------------------------------------------------------------------------
                                  5.08   slack (MET)


Startpoint: B[1] (input port clocked by clk)
Endpoint: Carry[1] (output port clocked by clk)
Path Group: clk
Path Type: max

Fanout     Cap    Slew   Delay    Time   Description
-----------------------------------------------------------------------------
                  0.00    0.00    0.00   clock clk (rise edge)
                          0.00    0.00   clock network delay (ideal)
                          2.00    2.00 ^ input external delay
                  0.02    0.01    2.01 ^ B[1] (in)
     1    0.00                           B[1] (net)
                  0.02    0.00    2.01 ^ input24/A (sky130_fd_sc_hd__buf_1)
                  0.19    0.19    2.20 ^ input24/X (sky130_fd_sc_hd__buf_1)
     3    0.02                           net24 (net)
                  0.19    0.00    2.20 ^ _66_/A1 (sky130_fd_sc_hd__a21o_1)
                  0.04    0.14    2.34 ^ _66_/X (sky130_fd_sc_hd__a21o_1)
     1    0.00                           _07_ (net)
                  0.04    0.00    2.34 ^ _67_/B1 (sky130_fd_sc_hd__o21a_1)
                  0.06    0.13    2.47 ^ _67_/X (sky130_fd_sc_hd__o21a_1)
     1    0.01                           net56 (net)
                  0.06    0.00    2.47 ^ output56/A (sky130_fd_sc_hd__clkbuf_4)
                  0.11    0.20    2.67 ^ output56/X (sky130_fd_sc_hd__clkbuf_4)
     1    0.04                           Carry[1] (net)
                  0.12    0.00    2.67 ^ Carry[1] (out)
                                  2.67   data arrival time

                  0.00   10.00   10.00   clock clk (rise edge)
                          0.00   10.00   clock network delay (ideal)
                         -0.25    9.75   clock uncertainty
                          0.00    9.75   clock reconvergence pessimism
                         -2.00    7.75   output external delay
                                  7.75   data required time
-----------------------------------------------------------------------------
                                  7.75   data required time
                                 -2.67   data arrival time
-----------------------------------------------------------------------------
                                  5.08   slack (MET)


Startpoint: A[11] (input port clocked by clk)
Endpoint: Carry[11] (output port clocked by clk)
Path Group: clk
Path Type: max

Fanout     Cap    Slew   Delay    Time   Description
-----------------------------------------------------------------------------
                  0.00    0.00    0.00   clock clk (rise edge)
                          0.00    0.00   clock network delay (ideal)
                          2.00    2.00 ^ input external delay
                  0.02    0.01    2.01 ^ A[11] (in)
     1    0.00                           A[11] (net)
                  0.02    0.00    2.01 ^ input3/A (sky130_fd_sc_hd__buf_1)
                  0.20    0.19    2.20 ^ input3/X (sky130_fd_sc_hd__buf_1)
     3    0.02                           net3 (net)
                  0.20    0.00    2.20 ^ _86_/A2 (sky130_fd_sc_hd__a21o_1)
                  0.04    0.15    2.35 ^ _86_/X (sky130_fd_sc_hd__a21o_1)
     1    0.00                           _17_ (net)
                  0.04    0.00    2.35 ^ _87_/B1 (sky130_fd_sc_hd__o21a_1)
                  0.05    0.11    2.47 ^ _87_/X (sky130_fd_sc_hd__o21a_1)
     1    0.00                           net51 (net)
                  0.05    0.00    2.47 ^ output51/A (sky130_fd_sc_hd__clkbuf_4)
                  0.11    0.20    2.66 ^ output51/X (sky130_fd_sc_hd__clkbuf_4)
     1    0.03                           Carry[11] (net)
                  0.11    0.00    2.66 ^ Carry[11] (out)
                                  2.66   data arrival time

                  0.00   10.00   10.00   clock clk (rise edge)
                          0.00   10.00   clock network delay (ideal)
                         -0.25    9.75   clock uncertainty
                          0.00    9.75   clock reconvergence pessimism
                         -2.00    7.75   output external delay
                                  7.75   data required time
-----------------------------------------------------------------------------
                                  7.75   data required time
                                 -2.66   data arrival time
-----------------------------------------------------------------------------
                                  5.09   slack (MET)


Startpoint: B[10] (input port clocked by clk)
Endpoint: Carry[10] (output port clocked by clk)
Path Group: clk
Path Type: max

Fanout     Cap    Slew   Delay    Time   Description
-----------------------------------------------------------------------------
                  0.00    0.00    0.00   clock clk (rise edge)
                          0.00    0.00   clock network delay (ideal)
                          2.00    2.00 ^ input external delay
                  0.03    0.02    2.02 ^ B[10] (in)
     1    0.00                           B[10] (net)
                  0.03    0.00    2.02 ^ input18/A (sky130_fd_sc_hd__buf_1)
                  0.18    0.18    2.20 ^ input18/X (sky130_fd_sc_hd__buf_1)
     3    0.02                           net18 (net)
                  0.18    0.00    2.20 ^ _84_/A1 (sky130_fd_sc_hd__a21o_1)
                  0.04    0.14    2.34 ^ _84_/X (sky130_fd_sc_hd__a21o_1)
     1    0.00                           _16_ (net)
                  0.04    0.00    2.34 ^ _85_/B1 (sky130_fd_sc_hd__o21a_1)
                  0.05    0.11    2.45 ^ _85_/X (sky130_fd_sc_hd__o21a_1)
     1    0.00                           net50 (net)
                  0.05    0.00    2.45 ^ output50/A (sky130_fd_sc_hd__clkbuf_4)
                  0.12    0.20    2.65 ^ output50/X (sky130_fd_sc_hd__clkbuf_4)
     1    0.04                           Carry[10] (net)
                  0.12    0.00    2.65 ^ Carry[10] (out)
                                  2.65   data arrival time

                  0.00   10.00   10.00   clock clk (rise edge)
                          0.00   10.00   clock network delay (ideal)
                         -0.25    9.75   clock uncertainty
                          0.00    9.75   clock reconvergence pessimism
                         -2.00    7.75   output external delay
                                  7.75   data required time
-----------------------------------------------------------------------------
                                  7.75   data required time
                                 -2.65   data arrival time
-----------------------------------------------------------------------------
                                  5.10   slack (MET)



