
===========================================================================
report_checks -unconstrained
===========================================================================
======================= Typical Corner ===================================

Startpoint: B[0] (input port clocked by clk)
Endpoint: Sum[0] (output port clocked by clk)
Path Group: clk
Path Type: max

Fanout     Cap    Slew   Delay    Time   Description
-----------------------------------------------------------------------------
                  0.00    0.00    0.00   clock clk (rise edge)
                          0.00    0.00   clock network delay (ideal)
                          2.00    2.00 v input external delay
                  0.01    0.00    2.00 v B[0] (in)
     1    0.00                           B[0] (net)
                  0.01    0.00    2.00 v input17/A (sky130_fd_sc_hd__dlymetal6s2s_1)
                  0.10    0.19    2.19 v input17/X (sky130_fd_sc_hd__dlymetal6s2s_1)
     3    0.02                           net17 (net)
                  0.10    0.00    2.19 v _32_/A (sky130_fd_sc_hd__xnor2_1)
                  0.16    0.21    2.40 ^ _32_/Y (sky130_fd_sc_hd__xnor2_1)
     1    0.01                           _22_ (net)
                  0.16    0.00    2.40 ^ _33_/B (sky130_fd_sc_hd__xnor2_1)
                  0.19    0.17    2.57 ^ _33_/Y (sky130_fd_sc_hd__xnor2_1)
     1    0.01                           net65 (net)
                  0.19    0.00    2.57 ^ output65/A (sky130_fd_sc_hd__clkbuf_4)
                  0.12    0.25    2.82 ^ output65/X (sky130_fd_sc_hd__clkbuf_4)
     1    0.04                           Sum[0] (net)
                  0.12    0.00    2.82 ^ Sum[0] (out)
                                  2.82   data arrival time

                  0.00   10.00   10.00   clock clk (rise edge)
                          0.00   10.00   clock network delay (ideal)
                         -0.25    9.75   clock uncertainty
                          0.00    9.75   clock reconvergence pessimism
                         -2.00    7.75   output external delay
                                  7.75   data required time
-----------------------------------------------------------------------------
                                  7.75   data required time
                                 -2.82   data arrival time
-----------------------------------------------------------------------------
                                  4.93   slack (MET)




===========================================================================
report_checks --slack_max -0.01
============================================================================
======================= Typical Corner ===================================

No paths found.


===========================================================================
 report_check_types -max_slew -max_cap -max_fanout -violators
============================================================================
======================= Typical Corner ===================================



===========================================================================
report_parasitic_annotation -report_unannotated
============================================================================
Found 0 unannotated drivers.
Found 0 partially unannotated drivers.

===========================================================================
max slew violation count 0
max fanout violation count 0
max cap violation count 0
============================================================================

===========================================================================
check_setup -verbose -unconstrained_endpoints -multiple_clock -no_clock -no_input_delay -loops -generated_clocks
===========================================================================
