Instance name,  X location,  Y location,  Voltage 
output74, 51.54, 59.84, 1.82938e-05
_82_, 51.54, 54.4, 2.1303e-05
_83_, 51.54, 54.4, 2.1303e-05
output57, 51.54, 54.4, 2.1303e-05
output64, 51.54, 54.4, 2.1303e-05
_55_, 51.54, 48.96, 1.67914e-05
input20, 51.54, 48.96, 1.67914e-05
input27, 51.54, 48.96, 1.67914e-05
input35, 51.54, 48.96, 1.67914e-05
_51_, 51.54, 43.52, 1.65601e-05
input17, 51.54, 43.52, 1.65601e-05
output73, 51.54, 43.52, 1.65601e-05
FILLER_0_11_93, 51.54, 43.52, 1.65601e-05
_63_, 51.54, 38.08, 1.66604e-05
output67, 51.54, 38.08, 1.66604e-05
output71, 51.54, 38.08, 1.66604e-05
FILLER_0_9_100, 51.54, 38.08, 1.66604e-05
FILLER_0_10_97, 51.54, 38.08, 1.66604e-05
output80, 51.54, 32.64, 1.53457e-05
FILLER_0_7_99, 51.54, 32.64, 1.53457e-05
FILLER_0_8_98, 51.54, 32.64, 1.53457e-05
FILLER_0_8_106, 51.54, 32.64, 1.53457e-05
_78_, 51.54, 27.2, 1.48938e-05
input3, 51.54, 27.2, 1.48938e-05
input47, 51.54, 27.2, 1.48938e-05
FILLER_0_5_93, 51.54, 27.2, 1.48938e-05
FILLER_0_6_97, 51.54, 27.2, 1.48938e-05
_47_, 51.54, 21.76, 1.68341e-05
input14, 51.54, 21.76, 1.68341e-05
input23, 51.54, 21.76, 1.68341e-05
input30, 51.54, 21.76, 1.68341e-05
FILLER_0_5_103, 51.54, 21.76, 1.68341e-05
_76_, 51.54, 16.32, 2.12886e-05
_77_, 51.54, 16.32, 2.12886e-05
input6, 51.54, 16.32, 2.12886e-05
input21, 51.54, 16.32, 2.12886e-05
input29, 51.54, 16.32, 2.12886e-05
input39, 51.54, 16.32, 2.12886e-05
input44, 51.54, 16.32, 2.12886e-05
output65, 51.54, 16.32, 2.12886e-05
input4, 51.54, 10.88, 1.96426e-05
input13, 51.54, 10.88, 1.96426e-05
input46, 51.54, 10.88, 1.96426e-05
input32, 44.94, 59.84, 1.82643e-05
output56, 44.94, 59.84, 1.82643e-05
input15, 44.94, 54.4, 2.01498e-05
input16, 44.94, 54.4, 2.01498e-05
input40, 44.94, 54.4, 2.01498e-05
output61, 44.94, 54.4, 2.01498e-05
FILLER_0_15_81, 44.94, 54.4, 2.01498e-05
_50_, 44.94, 48.96, 1.61356e-05
_54_, 44.94, 48.96, 1.61356e-05
input28, 44.94, 48.96, 1.61356e-05
FILLER_0_14_92, 44.94, 48.96, 1.61356e-05
FILLER_0_13_86, 44.94, 43.52, 1.46348e-05
_62_, 44.94, 32.64, 1.43511e-05
_94_, 44.94, 32.64, 1.43511e-05
_46_, 44.94, 21.76, 1.60813e-05
FILLER_0_4_85, 44.94, 21.76, 1.60813e-05
_79_, 44.94, 16.32, 1.87371e-05
FILLER_0_1_79, 44.94, 16.32, 1.87371e-05
FILLER_0_2_85, 44.94, 16.32, 1.87371e-05
FILLER_0_3_87, 44.94, 16.32, 1.87371e-05
_44_, 44.94, 10.88, 2.04967e-05
input26, 44.94, 10.88, 2.04967e-05
output77, 44.94, 10.88, 2.04967e-05
input8, 38.34, 59.84, 1.80526e-05
input22, 38.34, 59.84, 1.80526e-05
_87_, 38.34, 54.4, 1.9121e-05
FILLER_0_15_69, 38.34, 54.4, 1.9121e-05
FILLER_0_16_76, 38.34, 54.4, 1.9121e-05
_67_, 38.34, 48.96, 1.56307e-05
_86_, 38.34, 48.96, 1.56307e-05
FILLER_0_14_77, 38.34, 48.96, 1.56307e-05
FILLER_0_12_77, 38.34, 43.52, 1.41128e-05
FILLER_0_10_77, 38.34, 38.08, 1.23505e-05
_95_, 38.34, 32.64, 1.37284e-05
FILLER_0_6_74, 38.34, 27.2, 1.42168e-05
_39_, 38.34, 21.76, 1.62542e-05
_70_, 38.34, 21.76, 1.62542e-05
FILLER_0_4_76, 38.34, 21.76, 1.62542e-05
FILLER_0_1_69, 38.34, 16.32, 1.81903e-05
FILLER_0_2_76, 38.34, 16.32, 1.81903e-05
_45_, 38.34, 10.88, 2.14655e-05
input42, 38.34, 10.88, 2.14655e-05
FILLER_0_0_70, 38.34, 10.88, 2.14655e-05
FILLER_0_0_76, 38.34, 10.88, 2.14655e-05
output51, 31.74, 59.84, 1.90798e-05
FILLER_0_17_51, 31.74, 59.84, 1.90798e-05
input2, 31.74, 54.4, 2.1213e-05
FILLER_0_16_64, 31.74, 54.4, 2.1213e-05
FILLER_0_13_57, 31.74, 48.96, 1.59653e-05
_34_, 31.74, 43.52, 1.5076e-05
_66_, 31.74, 43.52, 1.5076e-05
FILLER_0_11_57, 31.74, 43.52, 1.5076e-05
FILLER_0_12_55, 31.74, 43.52, 1.5076e-05
_35_, 31.74, 38.08, 1.20233e-05
_48_, 31.74, 32.64, 1.37975e-05
_49_, 31.74, 32.64, 1.37975e-05
_80_, 31.74, 32.64, 1.37975e-05
_81_, 31.74, 32.64, 1.37975e-05
FILLER_0_3_52, 31.74, 21.76, 1.69651e-05
FILLER_0_3_57, 31.74, 21.76, 1.69651e-05
FILLER_0_4_59, 31.74, 21.76, 1.69651e-05
_38_, 31.74, 16.32, 2.03459e-05
_71_, 31.74, 16.32, 2.03459e-05
FILLER_0_1_53, 31.74, 16.32, 2.03459e-05
output63, 31.74, 10.88, 2.60327e-05
output70, 31.74, 10.88, 2.60327e-05
output72, 31.74, 10.88, 2.60327e-05
input12, 25.14, 59.84, 2.11554e-05
input45, 25.14, 59.84, 2.11554e-05
FILLER_0_17_41, 25.14, 59.84, 2.11554e-05
_36_, 25.14, 54.4, 2.78172e-05
_37_, 25.14, 54.4, 2.78172e-05
_69_, 25.14, 54.4, 2.78172e-05
output55, 25.14, 54.4, 2.78172e-05
_43_, 25.14, 43.52, 1.76759e-05
_74_, 25.14, 43.52, 1.76759e-05
_75_, 25.14, 43.52, 1.76759e-05
FILLER_0_13_48, 25.14, 43.52, 1.76759e-05
FILLER_0_11_46, 25.14, 38.08, 1.2689e-05
FILLER_0_8_41, 25.14, 32.64, 1.34681e-05
_60_, 25.14, 27.2, 1.83934e-05
_92_, 25.14, 27.2, 1.83934e-05
_93_, 25.14, 27.2, 1.83934e-05
FILLER_0_7_45, 25.14, 27.2, 1.83934e-05
_61_, 25.14, 21.76, 1.9912e-05
FILLER_0_4_37, 25.14, 21.76, 1.9912e-05
FILLER_0_5_48, 25.14, 21.76, 1.9912e-05
_32_, 25.14, 16.32, 2.48643e-05
FILLER_0_2_48, 25.14, 16.32, 2.48643e-05
_33_, 25.14, 10.88, 3.03002e-05
input10, 25.14, 10.88, 3.03002e-05
input33, 25.14, 10.88, 3.03002e-05
input38, 25.14, 10.88, 3.03002e-05
PHY_34, 5.52, 59.84, 2.87937e-05
PHY_35, 57.04, 59.84, 1.82938e-05
output76, 15.33, 59.84, 2.87937e-05
output79, 15.33, 59.84, 2.87937e-05
_53_, 5.52, 54.4, 5.29344e-05
PHY_30, 5.52, 54.4, 5.29344e-05
PHY_32, 5.52, 54.4, 5.29344e-05
input34, 5.52, 54.4, 5.29344e-05
output58, 5.52, 54.4, 5.29344e-05
output66, 5.52, 54.4, 5.29344e-05
PHY_31, 57.04, 54.4, 2.1303e-05
PHY_33, 57.04, 54.4, 2.1303e-05
_52_, 15.33, 54.4, 4.42771e-05
_68_, 15.33, 54.4, 4.42771e-05
_84_, 15.33, 54.4, 4.42771e-05
_85_, 15.33, 54.4, 4.42771e-05
input19, 15.33, 54.4, 4.42771e-05
input25, 15.33, 54.4, 4.42771e-05
output50, 15.33, 54.4, 4.42771e-05
PHY_26, 5.52, 48.96, 3.56354e-05
PHY_28, 5.52, 48.96, 3.56354e-05
input5, 5.52, 48.96, 3.56354e-05
output49, 5.52, 48.96, 3.56354e-05
output75, 5.52, 48.96, 3.56354e-05
PHY_27, 57.04, 48.96, 1.67914e-05
PHY_29, 57.04, 48.96, 1.67914e-05
input41, 15.33, 48.96, 2.74146e-05
_72_, 5.52, 43.52, 2.9017e-05
PHY_22, 5.52, 43.52, 2.9017e-05
PHY_24, 5.52, 43.52, 2.9017e-05
input37, 5.52, 43.52, 2.9017e-05
output59, 5.52, 43.52, 2.9017e-05
FILLER_0_12_3, 5.52, 43.52, 2.9017e-05
PHY_23, 57.04, 43.52, 1.65602e-05
PHY_25, 57.04, 43.52, 1.65602e-05
_41_, 15.33, 43.52, 2.42088e-05
_42_, 15.33, 43.52, 2.42088e-05
_40_, 5.52, 38.08, 1.85518e-05
_73_, 5.52, 38.08, 1.85518e-05
PHY_18, 5.52, 38.08, 1.85518e-05
PHY_20, 5.52, 38.08, 1.85518e-05
input11, 5.52, 38.08, 1.85518e-05
input36, 5.52, 38.08, 1.85518e-05
PHY_19, 57.04, 38.08, 1.66604e-05
PHY_21, 57.04, 38.08, 1.66604e-05
FILLER_0_10_24, 15.33, 38.08, 1.56204e-05
PHY_14, 5.52, 32.64, 1.52257e-05
PHY_16, 5.52, 32.64, 1.52257e-05
input24, 5.52, 32.64, 1.52257e-05
PHY_15, 57.04, 32.64, 1.53458e-05
PHY_17, 57.04, 32.64, 1.53458e-05
_56_, 5.52, 27.2, 3.03809e-05
_89_, 5.52, 27.2, 3.03809e-05
PHY_10, 5.52, 27.2, 3.03809e-05
PHY_12, 5.52, 27.2, 3.03809e-05
output54, 5.52, 27.2, 3.03809e-05
PHY_11, 57.04, 27.2, 1.48938e-05
PHY_13, 57.04, 27.2, 1.48938e-05
_57_, 15.33, 27.2, 2.51939e-05
input43, 15.33, 27.2, 2.51939e-05
FILLER_0_6_24, 15.33, 27.2, 2.51939e-05
FILLER_0_6_29, 15.33, 27.2, 2.51939e-05
_88_, 5.52, 21.76, 3.54448e-05
PHY_6, 5.52, 21.76, 3.54448e-05
PHY_8, 5.52, 21.76, 3.54448e-05
output62, 5.52, 21.76, 3.54448e-05
output78, 5.52, 21.76, 3.54448e-05
PHY_7, 57.04, 21.76, 1.68341e-05
PHY_9, 57.04, 21.76, 1.68341e-05
FILLER_0_4_21, 15.33, 21.76, 2.76784e-05
FILLER_0_4_29, 15.33, 21.76, 2.76784e-05
FILLER_0_5_31, 15.33, 21.76, 2.76784e-05
PHY_2, 5.52, 16.32, 4.26749e-05
PHY_4, 5.52, 16.32, 4.26749e-05
input7, 5.52, 16.32, 4.26749e-05
input9, 5.52, 16.32, 4.26749e-05
input18, 5.52, 16.32, 4.26749e-05
PHY_3, 57.04, 16.32, 2.12886e-05
PHY_5, 57.04, 16.32, 2.12886e-05
_59_, 15.33, 16.32, 3.87838e-05
_65_, 15.33, 16.32, 3.87838e-05
_91_, 15.33, 16.32, 3.87838e-05
output52, 15.33, 16.32, 3.87838e-05
output53, 15.33, 16.32, 3.87838e-05
_58_, 5.52, 10.88, 4.83034e-05
_90_, 5.52, 10.88, 4.83034e-05
PHY_0, 5.52, 10.88, 4.83034e-05
input1, 5.52, 10.88, 4.83034e-05
FILLER_0_1_3, 5.52, 10.88, 4.83034e-05
PHY_1, 57.04, 10.88, 1.96427e-05
_64_, 15.33, 10.88, 4.61191e-05
input31, 15.33, 10.88, 4.61191e-05
input48, 15.33, 10.88, 4.61191e-05
output60, 15.33, 10.88, 4.61191e-05
output68, 15.33, 10.88, 4.61191e-05
output69, 15.33, 10.88, 4.61191e-05

