Mon Sep 29 16:59:12 UTC 2025 - Executing "openroad -exit -no_init -python /openlane/scripts/odbpy/lefutil.py get_metal_layers -o /openlane/designs/kogge/runs/myrun/tmp/layers.list /home/jagadeesh97/.ciel/ciel/sky130/versions/0fe599b2afb6708d281543108caf8310912f54af/sky130A/libs.ref/sky130_fd_sc_hd/techlef/sky130_fd_sc_hd__nom.tlef"

Mon Sep 29 16:59:13 UTC 2025 - Executing "/openlane/scripts/mergeLef.py -o /openlane/designs/kogge/runs/myrun/tmp/merged.nom.lef -i /home/jagadeesh97/.ciel/ciel/sky130/versions/0fe599b2afb6708d281543108caf8310912f54af/sky130A/libs.ref/sky130_fd_sc_hd/techlef/sky130_fd_sc_hd__nom.tlef {/home/jagadeesh97/.ciel/ciel/sky130/versions/0fe599b2afb6708d281543108caf8310912f54af/sky130A/libs.ref/sky130_fd_sc_hd/lef/sky130_ef_sc_hd.lef /home/jagadeesh97/.ciel/ciel/sky130/versions/0fe599b2afb6708d281543108caf8310912f54af/sky130A/libs.ref/sky130_fd_sc_hd/lef/sky130_fd_sc_hd.lef} |& tee /dev/null"

Mon Sep 29 16:59:14 UTC 2025 - Executing "/openlane/scripts/mergeLef.py -o /openlane/designs/kogge/runs/myrun/tmp/merged.min.lef -i /home/jagadeesh97/.ciel/ciel/sky130/versions/0fe599b2afb6708d281543108caf8310912f54af/sky130A/libs.ref/sky130_fd_sc_hd/techlef/sky130_fd_sc_hd__min.tlef {/home/jagadeesh97/.ciel/ciel/sky130/versions/0fe599b2afb6708d281543108caf8310912f54af/sky130A/libs.ref/sky130_fd_sc_hd/lef/sky130_ef_sc_hd.lef /home/jagadeesh97/.ciel/ciel/sky130/versions/0fe599b2afb6708d281543108caf8310912f54af/sky130A/libs.ref/sky130_fd_sc_hd/lef/sky130_fd_sc_hd.lef} |& tee /dev/null"

Mon Sep 29 16:59:14 UTC 2025 - Executing "/openlane/scripts/mergeLef.py -o /openlane/designs/kogge/runs/myrun/tmp/merged.max.lef -i /home/jagadeesh97/.ciel/ciel/sky130/versions/0fe599b2afb6708d281543108caf8310912f54af/sky130A/libs.ref/sky130_fd_sc_hd/techlef/sky130_fd_sc_hd__max.tlef {/home/jagadeesh97/.ciel/ciel/sky130/versions/0fe599b2afb6708d281543108caf8310912f54af/sky130A/libs.ref/sky130_fd_sc_hd/lef/sky130_ef_sc_hd.lef /home/jagadeesh97/.ciel/ciel/sky130/versions/0fe599b2afb6708d281543108caf8310912f54af/sky130A/libs.ref/sky130_fd_sc_hd/lef/sky130_fd_sc_hd.lef} |& tee /dev/null"

Mon Sep 29 16:59:14 UTC 2025 - Executing "python3 /openlane/scripts/mergeLib.py --output /openlane/designs/kogge/runs/myrun/tmp/synthesis/merged.lib --name sky130A_merged /home/jagadeesh97/.ciel/ciel/sky130/versions/0fe599b2afb6708d281543108caf8310912f54af/sky130A/libs.ref/sky130_fd_sc_hd/lib/sky130_fd_sc_hd__tt_025C_1v80.lib"

Mon Sep 29 16:59:15 UTC 2025 - Executing "python3 /openlane/scripts/libtrim.py --cell-file /openlane/designs/kogge/runs/myrun/tmp/synthesis/trimmed.lib.exclude.list --output /openlane/designs/kogge/runs/myrun/tmp/synthesis/trimmed.lib /openlane/designs/kogge/runs/myrun/tmp/synthesis/merged.lib"

Mon Sep 29 16:59:15 UTC 2025 - Executing "python3 /openlane/scripts/libtrim.py --cell-file /openlane/designs/kogge/runs/myrun/tmp/cts/cts.lib.exclude.list --output /openlane/designs/kogge/runs/myrun/tmp/cts/cts.lib /home/jagadeesh97/.ciel/ciel/sky130/versions/0fe599b2afb6708d281543108caf8310912f54af/sky130A/libs.ref/sky130_fd_sc_hd/lib/sky130_fd_sc_hd__tt_025C_1v80.lib"

Mon Sep 29 16:59:15 UTC 2025 - Executing "python3 /openlane/scripts/libtrim.py --cell-file /openlane/designs/kogge/runs/myrun/tmp/cts/cts-fastest.lib.exclude.list --output /openlane/designs/kogge/runs/myrun/tmp/cts/cts-fastest.lib /home/jagadeesh97/.ciel/ciel/sky130/versions/0fe599b2afb6708d281543108caf8310912f54af/sky130A/libs.ref/sky130_fd_sc_hd/lib/sky130_fd_sc_hd__ff_n40C_1v95.lib"

Mon Sep 29 16:59:18 UTC 2025 - Executing "python3 /openlane/scripts/libtrim.py --cell-file /openlane/designs/kogge/runs/myrun/tmp/cts/cts-slowest.lib.exclude.list --output /openlane/designs/kogge/runs/myrun/tmp/cts/cts-slowest.lib /home/jagadeesh97/.ciel/ciel/sky130/versions/0fe599b2afb6708d281543108caf8310912f54af/sky130A/libs.ref/sky130_fd_sc_hd/lib/sky130_fd_sc_hd__ss_100C_1v60.lib"

Mon Sep 29 16:59:20 UTC 2025 - Executing "python3 /openlane/scripts/new_tracks.py -i /home/jagadeesh97/.ciel/ciel/sky130/versions/0fe599b2afb6708d281543108caf8310912f54af/sky130A/libs.tech/openlane/sky130_fd_sc_hd/tracks.info -o /openlane/designs/kogge/runs/myrun/tmp/routing/config.tracks"

Mon Sep 29 16:59:20 UTC 2025 - Executing "echo {OpenLane ff5509f65b17bfa4068d5336495ab1718987ff69} > /openlane/designs/kogge/runs/myrun/OPENLANE_COMMIT"

Mon Sep 29 16:59:21 UTC 2025 - Executing "bash -c {verilator  --lint-only  -Wall  --Wno-DECLFILENAME  --top-module kogge  /openlane/designs/kogge/src/kogge.v -Wno-fatal --relative-includes |& tee /openlane/designs/kogge/runs/myrun/logs/synthesis/linter.log /dev/null}"

Mon Sep 29 16:59:25 UTC 2025 - Executing "sed -E {s/^([[:space:]]+)pg_pin(.*)/\1pin\2\n\1    direction : "inout";/g} /home/jagadeesh97/.ciel/ciel/sky130/versions/0fe599b2afb6708d281543108caf8310912f54af/sky130A/libs.ref/sky130_fd_sc_hd/lib/sky130_fd_sc_hd__tt_025C_1v80.lib > /openlane/designs/kogge/runs/myrun/tmp/synthesis/1-sky130_fd_sc_hd__tt_025C_1v80.no_pg.lib"

Mon Sep 29 16:59:26 UTC 2025 - Executing "sed -E {s/^([[:space:]]+)pg_pin(.*)/\1pin\2\n\1    direction : "inout";/g} /openlane/designs/kogge/runs/myrun/tmp/synthesis/trimmed.lib > /openlane/designs/kogge/runs/myrun/tmp/synthesis/1-trimmed.no_pg.lib"

Mon Sep 29 16:59:26 UTC 2025 - Executing "yosys -c /openlane/scripts/yosys/synth.tcl |& tee /dev/null /openlane/designs/kogge/runs/myrun/logs/synthesis/1-synthesis.log"

Mon Sep 29 16:59:27 UTC 2025 - Executing "sed -i.bak -e {s/\(set ::env(CURRENT_NETLIST)\).*/\1 \/openlane\/designs\/kogge\/runs\/myrun\/results\/synthesis\/kogge.v/} /openlane/designs/kogge/runs/myrun/config.tcl"

Mon Sep 29 16:59:27 UTC 2025 - Executing "sed -i.bak /defparam/d /openlane/designs/kogge/runs/myrun/results/synthesis/kogge.v"

Mon Sep 29 16:59:27 UTC 2025 - Executing "sta -exit -no_init /openlane/scripts/openroad/sta/multi_corner.tcl |& tee /dev/null /openlane/designs/kogge/runs/myrun/logs/synthesis/2-sta.log"

Mon Sep 29 16:59:28 UTC 2025 - Executing "openroad -exit /openlane/scripts/openroad/floorplan.tcl |& tee /dev/null /openlane/designs/kogge/runs/myrun/logs/floorplan/3-initial_fp.log"

Mon Sep 29 16:59:29 UTC 2025 - Executing "openroad -exit -no_init -python /openlane/scripts/odbpy/defutil.py extract_core_dims --output-data /openlane/designs/kogge/runs/myrun/tmp/dimensions.txt --input-lef /openlane/designs/kogge/runs/myrun/tmp/merged.nom.lef /openlane/designs/kogge/runs/myrun/tmp/floorplan/3-initial_fp.def"

Mon Sep 29 16:59:29 UTC 2025 - Executing "openroad -exit /openlane/scripts/openroad/ioplacer.tcl |& tee /dev/null /openlane/designs/kogge/runs/myrun/logs/floorplan/4-io.log"

Mon Sep 29 16:59:31 UTC 2025 - Executing "openroad -exit /openlane/scripts/openroad/tapcell.tcl |& tee /dev/null /openlane/designs/kogge/runs/myrun/logs/floorplan/5-tap.log"

Mon Sep 29 16:59:32 UTC 2025 - Executing "openroad -exit /openlane/scripts/openroad/pdn.tcl |& tee /dev/null /openlane/designs/kogge/runs/myrun/logs/floorplan/6-pdn.log"

Mon Sep 29 16:59:33 UTC 2025 - Executing "openroad -exit /openlane/scripts/openroad/gpl.tcl |& tee /dev/null /openlane/designs/kogge/runs/myrun/logs/placement/7-global.log"

Mon Sep 29 16:59:34 UTC 2025 - Executing "sed -i.bak -e {s/\(set ::env(CURRENT_NETLIST)\).*/\1 \/openlane\/designs\/kogge\/runs\/myrun\/tmp\/placement\/7-global.nl.v/} /openlane/designs/kogge/runs/myrun/config.tcl"

Mon Sep 29 16:59:34 UTC 2025 - Executing "openroad -exit /openlane/scripts/openroad/sta/multi_corner.tcl |& tee /dev/null /openlane/designs/kogge/runs/myrun/logs/placement/8-gpl_sta.log"

Mon Sep 29 16:59:35 UTC 2025 - Executing "openroad -exit /openlane/scripts/openroad/resizer.tcl |& tee /dev/null /openlane/designs/kogge/runs/myrun/logs/placement/9-resizer.log"

Mon Sep 29 16:59:36 UTC 2025 - Executing "sed -i.bak -e {s/\(set ::env(CURRENT_NETLIST)\).*/\1 \/openlane\/designs\/kogge\/runs\/myrun\/tmp\/placement\/9-resizer.nl.v/} /openlane/designs/kogge/runs/myrun/config.tcl"

Mon Sep 29 16:59:36 UTC 2025 - Executing "openroad -exit /openlane/scripts/openroad/dpl.tcl |& tee /dev/null /openlane/designs/kogge/runs/myrun/logs/placement/10-detailed.log"

Mon Sep 29 16:59:37 UTC 2025 - Executing "sed -i.bak -e {s/\(set ::env(CURRENT_NETLIST)\).*/\1 \/openlane\/designs\/kogge\/runs\/myrun\/results\/placement\/kogge.nl.v/} /openlane/designs/kogge/runs/myrun/config.tcl"

Mon Sep 29 16:59:37 UTC 2025 - Executing "openroad -exit /openlane/scripts/openroad/sta/multi_corner.tcl |& tee /dev/null /openlane/designs/kogge/runs/myrun/logs/placement/11-dpl_sta.log"

Mon Sep 29 16:59:37 UTC 2025 - Executing "openroad -exit /openlane/scripts/openroad/cts.tcl |& tee /dev/null /openlane/designs/kogge/runs/myrun/logs/cts/12-cts.log"

Mon Sep 29 17:00:05 UTC 2025 - Executing "openroad -exit /openlane/scripts/openroad/sta/multi_corner.tcl |& tee /dev/null /openlane/designs/kogge/runs/myrun/logs/cts/13-cts_sta.log"

Mon Sep 29 17:00:07 UTC 2025 - Executing "openroad -exit /openlane/scripts/openroad/resizer_timing.tcl |& tee /dev/null /openlane/designs/kogge/runs/myrun/logs/cts/14-resizer.log"

Mon Sep 29 17:00:08 UTC 2025 - Executing "sed -i.bak -e {s/\(set ::env(CURRENT_NETLIST)\).*/\1 \/openlane\/designs\/kogge\/runs\/myrun\/tmp\/cts\/14-kogge.resized.nl.v/} /openlane/designs/kogge/runs/myrun/config.tcl"

Mon Sep 29 17:00:08 UTC 2025 - Executing "openroad -exit /openlane/scripts/openroad/resizer_routing_design.tcl |& tee /dev/null /openlane/designs/kogge/runs/myrun/logs/routing/15-resizer_design.log"

Mon Sep 29 17:00:10 UTC 2025 - Executing "sed -i.bak -e {s/\(set ::env(CURRENT_NETLIST)\).*/\1 \/openlane\/designs\/kogge\/runs\/myrun\/tmp\/15-kogge.nl.v/} /openlane/designs/kogge/runs/myrun/config.tcl"

Mon Sep 29 17:00:10 UTC 2025 - Executing "openroad -exit /openlane/scripts/openroad/sta/multi_corner.tcl |& tee /dev/null /openlane/designs/kogge/runs/myrun/logs/routing/16-rsz_design_sta.log"

Mon Sep 29 17:00:11 UTC 2025 - Executing "openroad -exit /openlane/scripts/openroad/resizer_routing_timing.tcl |& tee /dev/null /openlane/designs/kogge/runs/myrun/logs/routing/17-resizer_timing.log"

Mon Sep 29 17:00:12 UTC 2025 - Executing "sed -i.bak -e {s/\(set ::env(CURRENT_NETLIST)\).*/\1 \/openlane\/designs\/kogge\/runs\/myrun\/tmp\/17-kogge.nl.v/} /openlane/designs/kogge/runs/myrun/config.tcl"

Mon Sep 29 17:00:12 UTC 2025 - Executing "openroad -exit /openlane/scripts/openroad/sta/multi_corner.tcl |& tee /dev/null /openlane/designs/kogge/runs/myrun/logs/routing/18-rsz_timing_sta.log"

Mon Sep 29 17:00:13 UTC 2025 - Executing "openroad -exit /openlane/scripts/openroad/groute.tcl |& tee /dev/null /openlane/designs/kogge/runs/myrun/logs/routing/19-global.log"

Mon Sep 29 17:00:13 UTC 2025 - Executing "openroad -exit /openlane/scripts/openroad/write_views.tcl |& tee /dev/null /openlane/designs/kogge/runs/myrun/logs/routing/19-global_write_netlist.log"

Mon Sep 29 17:00:14 UTC 2025 - Executing "sed -i.bak -e {s/\(set ::env(CURRENT_NETLIST)\).*/\1 \/openlane\/designs\/kogge\/runs\/myrun\/tmp\/routing\/global.nl.v/} /openlane/designs/kogge/runs/myrun/config.tcl"

Mon Sep 29 17:00:14 UTC 2025 - Executing "openroad -exit /openlane/scripts/openroad/sta/multi_corner.tcl |& tee /dev/null /openlane/designs/kogge/runs/myrun/logs/routing/21-grt_sta.log"

Mon Sep 29 17:00:14 UTC 2025 - Executing "openroad -exit /openlane/scripts/openroad/fill.tcl |& tee /dev/null /openlane/designs/kogge/runs/myrun/logs/routing/22-fill.log"

Mon Sep 29 17:00:15 UTC 2025 - Executing "sed -i.bak -e {s/\(set ::env(CURRENT_NETLIST)\).*/\1 \/openlane\/designs\/kogge\/runs\/myrun\/tmp\/routing\/22-fill.nl.v/} /openlane/designs/kogge/runs/myrun/config.tcl"

Mon Sep 29 17:00:15 UTC 2025 - Executing "openroad -exit /openlane/scripts/openroad/droute.tcl |& tee /dev/null /openlane/designs/kogge/runs/myrun/logs/routing/23-detailed.log"

Mon Sep 29 17:00:31 UTC 2025 - Executing "sed -i.bak -e {s/\(set ::env(CURRENT_NETLIST)\).*/\1 \/openlane\/designs\/kogge\/runs\/myrun\/results\/routing\/kogge.nl.v/} /openlane/designs/kogge/runs/myrun/config.tcl"

Mon Sep 29 17:00:31 UTC 2025 - Executing "python3 /openlane/scripts/drc_rosetta.py tr to_klayout -o /openlane/designs/kogge/runs/myrun/reports/routing/drt.klayout.xml --design-name kogge /openlane/designs/kogge/runs/myrun/reports/routing/drt.drc"

Mon Sep 29 17:00:32 UTC 2025 - Executing "openroad -exit -no_init -python /openlane/scripts/odbpy/wire_lengths.py --report-out /openlane/designs/kogge/runs/myrun/reports/routing/24-wire_lengths.csv --input-lef /openlane/designs/kogge/runs/myrun/tmp/merged.nom.lef --output-def /dev/null --output /openlane/designs/kogge/runs/myrun/results/routing/kogge.odb /openlane/designs/kogge/runs/myrun/results/routing/kogge.odb |& tee /dev/null /openlane/designs/kogge/runs/myrun/logs/routing/24-wire_lengths.log"

Mon Sep 29 17:00:32 UTC 2025 - Executing "openroad -exit /openlane/scripts/openroad/rcx.tcl |& tee /dev/null /openlane/designs/kogge/runs/myrun/logs/signoff/25-parasitics_extraction.min.log"

Mon Sep 29 17:00:33 UTC 2025 - Executing "sta -exit -no_init /openlane/scripts/openroad/sta/multi_corner.tcl |& tee /dev/null /openlane/designs/kogge/runs/myrun/logs/signoff/26-rcx_mcsta.min.log"

Mon Sep 29 17:00:35 UTC 2025 - Executing "openroad -exit /openlane/scripts/openroad/rcx.tcl |& tee /dev/null /openlane/designs/kogge/runs/myrun/logs/signoff/27-parasitics_extraction.max.log"

Mon Sep 29 17:00:35 UTC 2025 - Executing "sta -exit -no_init /openlane/scripts/openroad/sta/multi_corner.tcl |& tee /dev/null /openlane/designs/kogge/runs/myrun/logs/signoff/28-rcx_mcsta.max.log"

Mon Sep 29 17:00:37 UTC 2025 - Executing "openroad -exit /openlane/scripts/openroad/rcx.tcl |& tee /dev/null /openlane/designs/kogge/runs/myrun/logs/signoff/29-parasitics_extraction.nom.log"

Mon Sep 29 17:00:37 UTC 2025 - Executing "sta -exit -no_init /openlane/scripts/openroad/sta/multi_corner.tcl |& tee /dev/null /openlane/designs/kogge/runs/myrun/logs/signoff/30-rcx_mcsta.nom.log"

Mon Sep 29 17:00:39 UTC 2025 - Executing "sta -exit -no_init /openlane/scripts/openroad/sta/multi_corner.tcl |& tee /dev/null /openlane/designs/kogge/runs/myrun/logs/signoff/31-rcx_sta.log"

Mon Sep 29 17:00:39 UTC 2025 - Executing "openroad -exit /openlane/scripts/openroad/irdrop.tcl |& tee /dev/null /openlane/designs/kogge/runs/myrun/logs/signoff/32-irdrop.log"

Mon Sep 29 17:00:40 UTC 2025 - Executing "magic -noconsole -dnull -rcfile /home/jagadeesh97/.ciel/ciel/sky130/versions/0fe599b2afb6708d281543108caf8310912f54af/sky130A/libs.tech/magic/sky130A.magicrc < /openlane/scripts/magic/wrapper.tcl |& tee /dev/null /openlane/designs/kogge/runs/myrun/logs/signoff/33-gdsii.log"

Mon Sep 29 17:00:41 UTC 2025 - Executing "magic -noconsole -dnull -rcfile /home/jagadeesh97/.ciel/ciel/sky130/versions/0fe599b2afb6708d281543108caf8310912f54af/sky130A/libs.tech/magic/sky130A.magicrc < /openlane/scripts/magic/wrapper.tcl |& tee /dev/null /openlane/designs/kogge/runs/myrun/logs/signoff/33-gds_ptrs.log"

Mon Sep 29 17:00:41 UTC 2025 - Executing "sed -i.bak -n {/^<< properties >>/,/^<< end >>/p} /openlane/designs/kogge/runs/myrun/tmp/signoff/gds_ptrs.mag"

Mon Sep 29 17:00:41 UTC 2025 - Executing "magic -noconsole -dnull -rcfile /home/jagadeesh97/.ciel/ciel/sky130/versions/0fe599b2afb6708d281543108caf8310912f54af/sky130A/libs.tech/magic/sky130A.magicrc < /openlane/scripts/magic/wrapper.tcl |& tee /dev/null /openlane/designs/kogge/runs/myrun/logs/signoff/33-lef.log"

Mon Sep 29 17:00:41 UTC 2025 - Executing "magic -noconsole -dnull -rcfile /home/jagadeesh97/.ciel/ciel/sky130/versions/0fe599b2afb6708d281543108caf8310912f54af/sky130A/libs.tech/magic/sky130A.magicrc < /openlane/scripts/magic/wrapper.tcl |& tee /dev/null /openlane/designs/kogge/runs/myrun/logs/signoff/33-maglef.log"

Mon Sep 29 17:00:42 UTC 2025 - Executing "python3 /openlane/scripts/klayout/stream_out.py --output /openlane/designs/kogge/runs/myrun/results/signoff/kogge.klayout.gds --lyt /home/jagadeesh97/.ciel/ciel/sky130/versions/0fe599b2afb6708d281543108caf8310912f54af/sky130A/libs.tech/klayout/tech/sky130A.lyt --lym /home/jagadeesh97/.ciel/ciel/sky130/versions/0fe599b2afb6708d281543108caf8310912f54af/sky130A/libs.tech/klayout/tech/sky130A.map --lyp /home/jagadeesh97/.ciel/ciel/sky130/versions/0fe599b2afb6708d281543108caf8310912f54af/sky130A/libs.tech/klayout/tech/sky130A.lyp --top kogge --with-gds-file /home/jagadeesh97/.ciel/ciel/sky130/versions/0fe599b2afb6708d281543108caf8310912f54af/sky130A/libs.ref/sky130_fd_sc_hd/gds/sky130_fd_sc_hd.gds --input-lef /openlane/designs/kogge/runs/myrun/tmp/merged.nom.lef /openlane/designs/kogge/runs/myrun/results/routing/kogge.def |& tee /dev/null /openlane/designs/kogge/runs/myrun/logs/signoff/34-gdsii-klayout.log"

Mon Sep 29 17:00:43 UTC 2025 - Executing "klayout -b -r /openlane/scripts/klayout/xor.drc -rd a=/openlane/designs/kogge/runs/myrun/results/signoff/kogge.gds -rd b=/openlane/designs/kogge/runs/myrun/results/signoff/kogge.klayout.gds -rd jobs=1 -rd rdb_out=/openlane/designs/kogge/runs/myrun/reports/signoff/35-xor.xml -rd ignore=81/14 -rd rpt_out=/openlane/designs/kogge/runs/myrun/reports/signoff/35-xor.rpt |& tee /dev/null /openlane/designs/kogge/runs/myrun/logs/signoff/35-xor.log"

Mon Sep 29 17:00:44 UTC 2025 - Executing "magic -noconsole -dnull -rcfile /home/jagadeesh97/.ciel/ciel/sky130/versions/0fe599b2afb6708d281543108caf8310912f54af/sky130A/libs.tech/magic/sky130A.magicrc < /openlane/scripts/magic/wrapper.tcl |& tee /dev/null /openlane/designs/kogge/runs/myrun/logs/signoff/36-spice.log"

Mon Sep 29 17:00:45 UTC 2025 - Executing "openroad -exit -no_init -python /openlane/scripts/odbpy/power_utils.py write_powered_def --output /openlane/designs/kogge/runs/myrun/tmp/signoff/36-kogge.p.def --input-lef /openlane/designs/kogge/runs/myrun/tmp/merged.nom.lef --power-port VPWR --ground-port VGND --powered-netlist {} /openlane/designs/kogge/runs/myrun/results/routing/kogge.def |& tee /dev/null /openlane/designs/kogge/runs/myrun/logs/signoff/37-write_powered_def.log"

Mon Sep 29 17:00:45 UTC 2025 - Executing "openroad -exit /openlane/scripts/openroad/write_views.tcl |& tee /dev/null /openlane/designs/kogge/runs/myrun/logs/signoff/37-write_powered_verilog.log"

Mon Sep 29 17:00:46 UTC 2025 - Executing "sed -i.bak -e {s/\(set ::env(CURRENT_NETLIST)\).*/\1 \/openlane\/designs\/kogge\/runs\/myrun\/tmp\/signoff\/36-kogge.nl.v/} /openlane/designs/kogge/runs/myrun/config.tcl"

Mon Sep 29 17:00:46 UTC 2025 - Executing "netgen -batch source /openlane/designs/kogge/runs/myrun/tmp/signoff/39-setup_file.lef.lvs |& tee /dev/null /openlane/designs/kogge/runs/myrun/logs/signoff/39-lvs.lef.log"

Mon Sep 29 17:00:46 UTC 2025 - Executing "magic -noconsole -dnull -rcfile /home/jagadeesh97/.ciel/ciel/sky130/versions/0fe599b2afb6708d281543108caf8310912f54af/sky130A/libs.tech/magic/sky130A.magicrc < /openlane/scripts/magic/wrapper.tcl |& tee /dev/null /openlane/designs/kogge/runs/myrun/logs/signoff/40-drc.log"

Mon Sep 29 17:00:48 UTC 2025 - Executing "python3 /openlane/scripts/drc_rosetta.py magic to_tcl -o /openlane/designs/kogge/runs/myrun/reports/signoff/drc.tcl /openlane/designs/kogge/runs/myrun/reports/signoff/drc.rpt"

Mon Sep 29 17:00:48 UTC 2025 - Executing "python3 /openlane/scripts/drc_rosetta.py magic to_tr -o /openlane/designs/kogge/runs/myrun/reports/signoff/drc.tr /openlane/designs/kogge/runs/myrun/reports/signoff/drc.rpt"

Mon Sep 29 17:00:48 UTC 2025 - Executing "python3 /openlane/scripts/drc_rosetta.py tr to_klayout -o /openlane/designs/kogge/runs/myrun/reports/signoff/drc.klayout.xml --design-name kogge /openlane/designs/kogge/runs/myrun/reports/signoff/drc.tr"

Mon Sep 29 17:00:48 UTC 2025 - Executing "python3 /openlane/scripts/drc_rosetta.py magic to_rdb -o /openlane/designs/kogge/runs/myrun/reports/signoff/drc.rdb /openlane/designs/kogge/runs/myrun/reports/signoff/drc.rpt"

Mon Sep 29 17:00:48 UTC 2025 - Executing "openroad -exit /openlane/scripts/openroad/antenna_check.tcl |& tee /dev/null /openlane/designs/kogge/runs/myrun/logs/signoff/41-arc.log"

Mon Sep 29 17:00:49 UTC 2025 - Executing "python3 /openlane/scripts/extract_antenna_violators.py --output /openlane/designs/kogge/runs/myrun/reports/signoff/41-antenna_violators.rpt --plain-out /openlane/designs/kogge/runs/myrun/reports/signoff/41-antenna_violators_pins.txt /openlane/designs/kogge/runs/myrun/logs/signoff/41-arc.log"

Mon Sep 29 17:00:49 UTC 2025 - Executing "awk -v vdd=VPWR -v gnd=VGND -f /home/jagadeesh97/.ciel/ciel/sky130/versions/0fe599b2afb6708d281543108caf8310912f54af/sky130A/libs.tech/openlane/cvc/power.awk /openlane/designs/kogge/runs/myrun/tmp/signoff/36-kogge.nl.v > /openlane/designs/kogge/runs/myrun/tmp/signoff/kogge.power"

Mon Sep 29 17:00:49 UTC 2025 - Executing "awk -f /home/jagadeesh97/.ciel/ciel/sky130/versions/0fe599b2afb6708d281543108caf8310912f54af/sky130A/libs.tech/openlane/cvc/cdl.awk /home/jagadeesh97/.ciel/ciel/sky130/versions/0fe599b2afb6708d281543108caf8310912f54af/sky130A/libs.ref/sky130_fd_sc_hd/cdl/sky130_fd_sc_hd.cdl /openlane/designs/kogge/runs/myrun/results/signoff/kogge.lef.spice > /openlane/designs/kogge/runs/myrun/tmp/signoff/kogge.cdl"

Mon Sep 29 17:00:49 UTC 2025 - Executing "cvc_rv /home/jagadeesh97/.ciel/ciel/sky130/versions/0fe599b2afb6708d281543108caf8310912f54af/sky130A/libs.tech/openlane/cvc/cvcrc |& tee /dev/null /openlane/designs/kogge/runs/myrun/logs/signoff/42-erc_screen.log"

