
 /----------------------------------------------------------------------------\
 |                                                                            |
 |  yosys -- Yosys Open SYnthesis Suite                                       |
 |                                                                            |
 |  Copyright (C) 2012 - 2020  Claire Xenia Wolf <claire@yosyshq.com>         |
 |                                                                            |
 |  Permission to use, copy, modify, and/or distribute this software for any  |
 |  purpose with or without fee is hereby granted, provided that the above    |
 |  copyright notice and this permission notice appear in all copies.         |
 |                                                                            |
 |  THE SOFTWARE IS PROVIDED "AS IS" AND THE AUTHOR DISCLAIMS ALL WARRANTIES  |
 |  WITH REGARD TO THIS SOFTWARE INCLUDING ALL IMPLIED WARRANTIES OF          |
 |  MERCHANTABILITY AND FITNESS. IN NO EVENT SHALL THE AUTHOR BE LIABLE FOR   |
 |  ANY SPECIAL, DIRECT, INDIRECT, OR CONSEQUENTIAL DAMAGES OR ANY DAMAGES    |
 |  WHATSOEVER RESULTING FROM LOSS OF USE, DATA OR PROFITS, WHETHER IN AN     |
 |  ACTION OF CONTRACT, NEGLIGENCE OR OTHER TORTIOUS ACTION, ARISING OUT OF   |
 |  OR IN CONNECTION WITH THE USE OR PERFORMANCE OF THIS SOFTWARE.            |
 |                                                                            |
 \----------------------------------------------------------------------------/

 Yosys 0.30+48 (git sha1 14d50a176d5, gcc 8.3.1 -fPIC -Os)

[TCL: yosys -import] Command name collision: found pre-existing command `cd' -> skip.
[TCL: yosys -import] Command name collision: found pre-existing command `eval' -> skip.
[TCL: yosys -import] Command name collision: found pre-existing command `exec' -> skip.
[TCL: yosys -import] Command name collision: found pre-existing command `read' -> skip.
[TCL: yosys -import] Command name collision: found pre-existing command `trace' -> skip.

1. Executing Verilog-2005 frontend: /openlane/designs/booth/src/booth.v
Parsing SystemVerilog input from `/openlane/designs/booth/src/booth.v' to AST representation.
Generating RTLIL representation for module `\booth'.
Successfully finished Verilog frontend.

2. Generating Graphviz representation of design.
Writing dot description to `/openlane/designs/booth/runs/myrun/tmp/synthesis/hierarchy.dot'.
Dumping module booth to page 1.

3. Executing HIERARCHY pass (managing design hierarchy).

3.1. Analyzing design hierarchy..
Top module:  \booth

3.2. Analyzing design hierarchy..
Top module:  \booth
Removed 0 unused modules.

4. Executing TRIBUF pass.

5. Executing HIERARCHY pass (managing design hierarchy).

5.1. Analyzing design hierarchy..
Top module:  \booth

5.2. Analyzing design hierarchy..
Top module:  \booth
Removed 0 unused modules.

6. Executing PROC_CLEAN pass (remove empty switches from decision trees).
Cleaned up 0 empty switches.

7. Executing PROC_RMDEAD pass (remove dead branches from decision trees).
Removed 1 dead cases from process $proc$/openlane/designs/booth/src/booth.v:11$2 in module booth.
Marked 8 switch rules as full_case in process $proc$/openlane/designs/booth/src/booth.v:11$2 in module booth.
Removed a total of 1 dead cases.

8. Executing PROC_PRUNE pass (remove redundant assignments in processes).
Removed 0 redundant assignments.
Promoted 4 assignments to connections.

9. Executing PROC_INIT pass (extract init attributes).

10. Executing PROC_ARST pass (detect async resets in processes).

11. Executing PROC_ROM pass (convert switches to ROMs).
Converted 0 switches.
<suppressed ~8 debug messages>

12. Executing PROC_MUX pass (convert decision trees to multiplexers).
Creating decoders for process `\booth.$proc$/openlane/designs/booth/src/booth.v:11$2'.
     1/8: $8\prod[16:0]
     2/8: $7\prod[16:0]
     3/8: $6\prod[16:0]
     4/8: $5\prod[16:0]
     5/8: $4\prod[16:0]
     6/8: $3\prod[16:0]
     7/8: $2\prod[16:0]
     8/8: $1\prod[16:0]

13. Executing PROC_DLATCH pass (convert process syncs to latches).
No latch inferred for signal `\booth.\prod' from process `\booth.$proc$/openlane/designs/booth/src/booth.v:11$2'.
No latch inferred for signal `\booth.\mcand' from process `\booth.$proc$/openlane/designs/booth/src/booth.v:11$2'.
No latch inferred for signal `\booth.\mplier' from process `\booth.$proc$/openlane/designs/booth/src/booth.v:11$2'.
No latch inferred for signal `\booth.\i' from process `\booth.$proc$/openlane/designs/booth/src/booth.v:11$2'.

14. Executing PROC_DFF pass (convert process syncs to FFs).

15. Executing PROC_MEMWR pass (convert process memory writes to cells).

16. Executing PROC_CLEAN pass (remove empty switches from decision trees).
Found and cleaned up 8 empty switches in `\booth.$proc$/openlane/designs/booth/src/booth.v:11$2'.
Removing empty process `booth.$proc$/openlane/designs/booth/src/booth.v:11$2'.
Cleaned up 8 empty switches.

17. Executing CHECK pass (checking for obvious problems).
Checking module booth...
Found and reported 0 problems.

18. Executing OPT_EXPR pass (perform const folding).
Optimizing module booth.
<suppressed ~26 debug messages>

19. Executing FLATTEN pass (flatten design).

20. Executing OPT_EXPR pass (perform const folding).
Optimizing module booth.

21. Executing OPT_CLEAN pass (remove unused cells and wires).
Finding unused cells or wires in module \booth..
Removed 0 unused cells and 39 unused wires.
<suppressed ~2 debug messages>

22. Executing OPT pass (performing simple optimizations).

22.1. Executing OPT_EXPR pass (perform const folding).
Optimizing module booth.

22.2. Executing OPT_MERGE pass (detect identical cells).
Finding identical cells in module `\booth'.
Removed a total of 0 cells.

22.3. Executing OPT_MUXTREE pass (detect dead branches in mux trees).
Running muxtree optimizer on module \booth..
  Creating internal representation of mux trees.
  Evaluating internal representation of mux trees.
  Analyzing evaluation results.
Removed 0 multiplexer ports.
<suppressed ~8 debug messages>

22.4. Executing OPT_REDUCE pass (consolidate $*mux and $reduce_* inputs).
  Optimizing cells in module \booth.
Performed a total of 0 changes.

22.5. Executing OPT_MERGE pass (detect identical cells).
Finding identical cells in module `\booth'.
Removed a total of 0 cells.

22.6. Executing OPT_DFF pass (perform DFF optimizations).

22.7. Executing OPT_CLEAN pass (remove unused cells and wires).
Finding unused cells or wires in module \booth..

22.8. Executing OPT_EXPR pass (perform const folding).
Optimizing module booth.

22.9. Finished OPT passes. (There is nothing left to do.)

23. Executing FSM pass (extract and optimize FSM).

23.1. Executing FSM_DETECT pass (finding FSMs in design).

23.2. Executing FSM_EXTRACT pass (extracting FSM from design).

23.3. Executing FSM_OPT pass (simple optimizations of FSMs).

23.4. Executing OPT_CLEAN pass (remove unused cells and wires).
Finding unused cells or wires in module \booth..

23.5. Executing FSM_OPT pass (simple optimizations of FSMs).

23.6. Executing FSM_RECODE pass (re-assigning FSM state encoding).

23.7. Executing FSM_INFO pass (dumping all available information on FSM cells).

23.8. Executing FSM_MAP pass (mapping FSMs to basic logic).

24. Executing OPT pass (performing simple optimizations).

24.1. Executing OPT_EXPR pass (perform const folding).
Optimizing module booth.

24.2. Executing OPT_MERGE pass (detect identical cells).
Finding identical cells in module `\booth'.
Removed a total of 0 cells.

24.3. Executing OPT_MUXTREE pass (detect dead branches in mux trees).
Running muxtree optimizer on module \booth..
  Creating internal representation of mux trees.
  Evaluating internal representation of mux trees.
  Analyzing evaluation results.
Removed 0 multiplexer ports.
<suppressed ~8 debug messages>

24.4. Executing OPT_REDUCE pass (consolidate $*mux and $reduce_* inputs).
  Optimizing cells in module \booth.
Performed a total of 0 changes.

24.5. Executing OPT_MERGE pass (detect identical cells).
Finding identical cells in module `\booth'.
Removed a total of 0 cells.

24.6. Executing OPT_DFF pass (perform DFF optimizations).

24.7. Executing OPT_CLEAN pass (remove unused cells and wires).
Finding unused cells or wires in module \booth..

24.8. Executing OPT_EXPR pass (perform const folding).
Optimizing module booth.

24.9. Finished OPT passes. (There is nothing left to do.)

25. Executing WREDUCE pass (reducing word size of cells).
Removed top 16 bits (of 17) from port A of cell booth.$sub$/openlane/designs/booth/src/booth.v:19$6 ($sub).
Removed top 9 bits (of 17) from port B of cell booth.$sub$/openlane/designs/booth/src/booth.v:19$6 ($sub).
Removed top 8 bits (of 17) from port Y of cell booth.$sub$/openlane/designs/booth/src/booth.v:19$6 ($sub).
Removed top 8 bits (of 17) from port B of cell booth.$add$/openlane/designs/booth/src/booth.v:18$9 ($add).
Removed top 8 bits (of 17) from port B of cell booth.$sub$/openlane/designs/booth/src/booth.v:19$11 ($sub).
Removed top 7 bits (of 17) from port B of cell booth.$add$/openlane/designs/booth/src/booth.v:18$14 ($add).
Removed top 7 bits (of 17) from port B of cell booth.$sub$/openlane/designs/booth/src/booth.v:19$16 ($sub).
Removed top 6 bits (of 17) from port B of cell booth.$add$/openlane/designs/booth/src/booth.v:18$19 ($add).
Removed top 6 bits (of 17) from port B of cell booth.$sub$/openlane/designs/booth/src/booth.v:19$21 ($sub).
Removed top 5 bits (of 17) from port B of cell booth.$add$/openlane/designs/booth/src/booth.v:18$24 ($add).
Removed top 5 bits (of 17) from port B of cell booth.$sub$/openlane/designs/booth/src/booth.v:19$26 ($sub).
Removed top 4 bits (of 17) from port B of cell booth.$add$/openlane/designs/booth/src/booth.v:18$29 ($add).
Removed top 4 bits (of 17) from port B of cell booth.$sub$/openlane/designs/booth/src/booth.v:19$31 ($sub).
Removed top 3 bits (of 17) from port B of cell booth.$add$/openlane/designs/booth/src/booth.v:18$34 ($add).
Removed top 3 bits (of 17) from port B of cell booth.$sub$/openlane/designs/booth/src/booth.v:19$36 ($sub).
Removed top 2 bits (of 17) from port B of cell booth.$add$/openlane/designs/booth/src/booth.v:18$39 ($add).
Removed top 2 bits (of 17) from port B of cell booth.$sub$/openlane/designs/booth/src/booth.v:19$41 ($sub).
Removed top 1 bits (of 17) from mux cell booth.$procmux$44 ($pmux).
Removed top 1 bits (of 2) from port B of cell booth.$procmux$46_CMP0 ($eq).
Removed top 1 bits (of 2) from port B of cell booth.$procmux$50_CMP0 ($eq).
Removed top 1 bits (of 2) from port B of cell booth.$procmux$54_CMP0 ($eq).
Removed top 1 bits (of 2) from port B of cell booth.$procmux$58_CMP0 ($eq).
Removed top 1 bits (of 2) from port B of cell booth.$procmux$62_CMP0 ($eq).
Removed top 1 bits (of 2) from port B of cell booth.$procmux$66_CMP0 ($eq).
Removed top 1 bits (of 2) from port B of cell booth.$procmux$70_CMP0 ($eq).
Removed top 1 bits (of 17) from port Y of cell booth.$add$/openlane/designs/booth/src/booth.v:18$39 ($add).
Removed top 1 bits (of 17) from port A of cell booth.$add$/openlane/designs/booth/src/booth.v:18$39 ($add).
Removed top 1 bits (of 17) from port Y of cell booth.$sub$/openlane/designs/booth/src/booth.v:19$41 ($sub).
Removed top 1 bits (of 17) from port A of cell booth.$sub$/openlane/designs/booth/src/booth.v:19$41 ($sub).
Removed top 1 bits (of 17) from mux cell booth.$procmux$48 ($pmux).
Removed top 1 bits (of 17) from port Y of cell booth.$add$/openlane/designs/booth/src/booth.v:18$34 ($add).
Removed top 1 bits (of 17) from port A of cell booth.$add$/openlane/designs/booth/src/booth.v:18$34 ($add).
Removed top 1 bits (of 17) from port Y of cell booth.$sub$/openlane/designs/booth/src/booth.v:19$36 ($sub).
Removed top 1 bits (of 17) from port A of cell booth.$sub$/openlane/designs/booth/src/booth.v:19$36 ($sub).
Removed top 1 bits (of 17) from mux cell booth.$procmux$52 ($pmux).
Removed top 1 bits (of 17) from port Y of cell booth.$add$/openlane/designs/booth/src/booth.v:18$29 ($add).
Removed top 1 bits (of 17) from port A of cell booth.$add$/openlane/designs/booth/src/booth.v:18$29 ($add).
Removed top 1 bits (of 17) from port Y of cell booth.$sub$/openlane/designs/booth/src/booth.v:19$31 ($sub).
Removed top 1 bits (of 17) from port A of cell booth.$sub$/openlane/designs/booth/src/booth.v:19$31 ($sub).
Removed top 1 bits (of 17) from mux cell booth.$procmux$56 ($pmux).
Removed top 1 bits (of 17) from port Y of cell booth.$add$/openlane/designs/booth/src/booth.v:18$24 ($add).
Removed top 1 bits (of 17) from port A of cell booth.$add$/openlane/designs/booth/src/booth.v:18$24 ($add).
Removed top 1 bits (of 17) from port Y of cell booth.$sub$/openlane/designs/booth/src/booth.v:19$26 ($sub).
Removed top 1 bits (of 17) from port A of cell booth.$sub$/openlane/designs/booth/src/booth.v:19$26 ($sub).
Removed top 1 bits (of 17) from mux cell booth.$procmux$60 ($pmux).
Removed top 1 bits (of 17) from port Y of cell booth.$add$/openlane/designs/booth/src/booth.v:18$19 ($add).
Removed top 1 bits (of 17) from port A of cell booth.$add$/openlane/designs/booth/src/booth.v:18$19 ($add).
Removed top 1 bits (of 17) from port Y of cell booth.$sub$/openlane/designs/booth/src/booth.v:19$21 ($sub).
Removed top 1 bits (of 17) from port A of cell booth.$sub$/openlane/designs/booth/src/booth.v:19$21 ($sub).
Removed top 1 bits (of 17) from mux cell booth.$procmux$64 ($pmux).
Removed top 1 bits (of 17) from port Y of cell booth.$add$/openlane/designs/booth/src/booth.v:18$14 ($add).
Removed top 1 bits (of 17) from port A of cell booth.$add$/openlane/designs/booth/src/booth.v:18$14 ($add).
Removed top 1 bits (of 17) from port Y of cell booth.$sub$/openlane/designs/booth/src/booth.v:19$16 ($sub).
Removed top 1 bits (of 17) from port A of cell booth.$sub$/openlane/designs/booth/src/booth.v:19$16 ($sub).
Removed top 1 bits (of 17) from mux cell booth.$procmux$68 ($pmux).
Removed top 1 bits (of 17) from port Y of cell booth.$add$/openlane/designs/booth/src/booth.v:18$9 ($add).
Removed top 1 bits (of 17) from port A of cell booth.$add$/openlane/designs/booth/src/booth.v:18$9 ($add).
Removed top 1 bits (of 17) from port Y of cell booth.$sub$/openlane/designs/booth/src/booth.v:19$11 ($sub).
Removed top 1 bits (of 17) from port A of cell booth.$sub$/openlane/designs/booth/src/booth.v:19$11 ($sub).
Removed top 1 bits (of 17) from mux cell booth.$procmux$72 ($mux).
Removed top 1 bits (of 17) from wire booth.$1\prod[16:0].
Removed top 1 bits (of 17) from wire booth.$2\prod[16:0].
Removed top 1 bits (of 17) from wire booth.$3\prod[16:0].
Removed top 1 bits (of 17) from wire booth.$4\prod[16:0].
Removed top 1 bits (of 17) from wire booth.$5\prod[16:0].
Removed top 1 bits (of 17) from wire booth.$6\prod[16:0].
Removed top 1 bits (of 17) from wire booth.$7\prod[16:0].
Removed top 1 bits (of 17) from wire booth.$add$/openlane/designs/booth/src/booth.v:18$14_Y.
Removed top 1 bits (of 17) from wire booth.$add$/openlane/designs/booth/src/booth.v:18$9_Y.

26. Executing PEEPOPT pass (run peephole optimizers).

27. Executing OPT_CLEAN pass (remove unused cells and wires).
Finding unused cells or wires in module \booth..
Removed 0 unused cells and 9 unused wires.
<suppressed ~1 debug messages>

28. Executing ALUMACC pass (create $alu and $macc cells).
Extracting $alu and $macc cells in module booth:
  creating $macc model for $add$/openlane/designs/booth/src/booth.v:18$14 ($add).
  creating $macc model for $add$/openlane/designs/booth/src/booth.v:18$19 ($add).
  creating $macc model for $add$/openlane/designs/booth/src/booth.v:18$24 ($add).
  creating $macc model for $add$/openlane/designs/booth/src/booth.v:18$29 ($add).
  creating $macc model for $add$/openlane/designs/booth/src/booth.v:18$34 ($add).
  creating $macc model for $add$/openlane/designs/booth/src/booth.v:18$39 ($add).
  creating $macc model for $add$/openlane/designs/booth/src/booth.v:18$9 ($add).
  creating $macc model for $sub$/openlane/designs/booth/src/booth.v:19$11 ($sub).
  creating $macc model for $sub$/openlane/designs/booth/src/booth.v:19$16 ($sub).
  creating $macc model for $sub$/openlane/designs/booth/src/booth.v:19$21 ($sub).
  creating $macc model for $sub$/openlane/designs/booth/src/booth.v:19$26 ($sub).
  creating $macc model for $sub$/openlane/designs/booth/src/booth.v:19$31 ($sub).
  creating $macc model for $sub$/openlane/designs/booth/src/booth.v:19$36 ($sub).
  creating $macc model for $sub$/openlane/designs/booth/src/booth.v:19$41 ($sub).
  creating $macc model for $sub$/openlane/designs/booth/src/booth.v:19$6 ($sub).
  creating $alu model for $macc $sub$/openlane/designs/booth/src/booth.v:19$6.
  creating $alu model for $macc $sub$/openlane/designs/booth/src/booth.v:19$41.
  creating $alu model for $macc $sub$/openlane/designs/booth/src/booth.v:19$36.
  creating $alu model for $macc $sub$/openlane/designs/booth/src/booth.v:19$31.
  creating $alu model for $macc $sub$/openlane/designs/booth/src/booth.v:19$26.
  creating $alu model for $macc $sub$/openlane/designs/booth/src/booth.v:19$21.
  creating $alu model for $macc $sub$/openlane/designs/booth/src/booth.v:19$16.
  creating $alu model for $macc $sub$/openlane/designs/booth/src/booth.v:19$11.
  creating $alu model for $macc $add$/openlane/designs/booth/src/booth.v:18$9.
  creating $alu model for $macc $add$/openlane/designs/booth/src/booth.v:18$39.
  creating $alu model for $macc $add$/openlane/designs/booth/src/booth.v:18$34.
  creating $alu model for $macc $add$/openlane/designs/booth/src/booth.v:18$29.
  creating $alu model for $macc $add$/openlane/designs/booth/src/booth.v:18$24.
  creating $alu model for $macc $add$/openlane/designs/booth/src/booth.v:18$19.
  creating $alu model for $macc $add$/openlane/designs/booth/src/booth.v:18$14.
  creating $alu cell for $add$/openlane/designs/booth/src/booth.v:18$14: $auto$alumacc.cc:485:replace_alu$83
  creating $alu cell for $add$/openlane/designs/booth/src/booth.v:18$19: $auto$alumacc.cc:485:replace_alu$86
  creating $alu cell for $add$/openlane/designs/booth/src/booth.v:18$24: $auto$alumacc.cc:485:replace_alu$89
  creating $alu cell for $add$/openlane/designs/booth/src/booth.v:18$29: $auto$alumacc.cc:485:replace_alu$92
  creating $alu cell for $add$/openlane/designs/booth/src/booth.v:18$34: $auto$alumacc.cc:485:replace_alu$95
  creating $alu cell for $add$/openlane/designs/booth/src/booth.v:18$39: $auto$alumacc.cc:485:replace_alu$98
  creating $alu cell for $add$/openlane/designs/booth/src/booth.v:18$9: $auto$alumacc.cc:485:replace_alu$101
  creating $alu cell for $sub$/openlane/designs/booth/src/booth.v:19$11: $auto$alumacc.cc:485:replace_alu$104
  creating $alu cell for $sub$/openlane/designs/booth/src/booth.v:19$16: $auto$alumacc.cc:485:replace_alu$107
  creating $alu cell for $sub$/openlane/designs/booth/src/booth.v:19$21: $auto$alumacc.cc:485:replace_alu$110
  creating $alu cell for $sub$/openlane/designs/booth/src/booth.v:19$26: $auto$alumacc.cc:485:replace_alu$113
  creating $alu cell for $sub$/openlane/designs/booth/src/booth.v:19$31: $auto$alumacc.cc:485:replace_alu$116
  creating $alu cell for $sub$/openlane/designs/booth/src/booth.v:19$36: $auto$alumacc.cc:485:replace_alu$119
  creating $alu cell for $sub$/openlane/designs/booth/src/booth.v:19$41: $auto$alumacc.cc:485:replace_alu$122
  creating $alu cell for $sub$/openlane/designs/booth/src/booth.v:19$6: $auto$alumacc.cc:485:replace_alu$125
  created 15 $alu and 0 $macc cells.

29. Executing SHARE pass (SAT-based resource sharing).

30. Executing OPT pass (performing simple optimizations).

30.1. Executing OPT_EXPR pass (perform const folding).
Optimizing module booth.

30.2. Executing OPT_MERGE pass (detect identical cells).
Finding identical cells in module `\booth'.
Removed a total of 0 cells.

30.3. Executing OPT_MUXTREE pass (detect dead branches in mux trees).
Running muxtree optimizer on module \booth..
  Creating internal representation of mux trees.
  Evaluating internal representation of mux trees.
  Analyzing evaluation results.
Removed 0 multiplexer ports.
<suppressed ~8 debug messages>

30.4. Executing OPT_REDUCE pass (consolidate $*mux and $reduce_* inputs).
  Optimizing cells in module \booth.
Performed a total of 0 changes.

30.5. Executing OPT_MERGE pass (detect identical cells).
Finding identical cells in module `\booth'.
Removed a total of 0 cells.

30.6. Executing OPT_DFF pass (perform DFF optimizations).

30.7. Executing OPT_CLEAN pass (remove unused cells and wires).
Finding unused cells or wires in module \booth..

30.8. Executing OPT_EXPR pass (perform const folding).
Optimizing module booth.

30.9. Finished OPT passes. (There is nothing left to do.)

31. Executing MEMORY pass.

31.1. Executing OPT_MEM pass (optimize memories).
Performed a total of 0 transformations.

31.2. Executing OPT_MEM_PRIORITY pass (removing unnecessary memory write priority relations).
Performed a total of 0 transformations.

31.3. Executing OPT_MEM_FEEDBACK pass (finding memory read-to-write feedback paths).

31.4. Executing MEMORY_BMUX2ROM pass (converting muxes to ROMs).

31.5. Executing MEMORY_DFF pass (merging $dff cells to $memrd).

31.6. Executing OPT_CLEAN pass (remove unused cells and wires).
Finding unused cells or wires in module \booth..

31.7. Executing MEMORY_SHARE pass (consolidating $memrd/$memwr cells).

31.8. Executing OPT_MEM_WIDEN pass (optimize memories where all ports are wide).
Performed a total of 0 transformations.

31.9. Executing OPT_CLEAN pass (remove unused cells and wires).
Finding unused cells or wires in module \booth..

31.10. Executing MEMORY_COLLECT pass (generating $mem cells).

32. Executing OPT_CLEAN pass (remove unused cells and wires).
Finding unused cells or wires in module \booth..

33. Executing OPT pass (performing simple optimizations).

33.1. Executing OPT_EXPR pass (perform const folding).
Optimizing module booth.
<suppressed ~14 debug messages>

33.2. Executing OPT_MERGE pass (detect identical cells).
Finding identical cells in module `\booth'.
Removed a total of 0 cells.

33.3. Executing OPT_DFF pass (perform DFF optimizations).

33.4. Executing OPT_CLEAN pass (remove unused cells and wires).
Finding unused cells or wires in module \booth..
Removed 28 unused cells and 28 unused wires.
<suppressed ~29 debug messages>

33.5. Finished fast OPT passes.

34. Executing MEMORY_MAP pass (converting memories to logic and flip-flops).

35. Executing OPT pass (performing simple optimizations).

35.1. Executing OPT_EXPR pass (perform const folding).
Optimizing module booth.

35.2. Executing OPT_MERGE pass (detect identical cells).
Finding identical cells in module `\booth'.
Removed a total of 0 cells.

35.3. Executing OPT_MUXTREE pass (detect dead branches in mux trees).
Running muxtree optimizer on module \booth..
  Creating internal representation of mux trees.
  Evaluating internal representation of mux trees.
  Analyzing evaluation results.
Removed 0 multiplexer ports.
<suppressed ~8 debug messages>

35.4. Executing OPT_REDUCE pass (consolidate $*mux and $reduce_* inputs).
  Optimizing cells in module \booth.
    Consolidated identical input bits for $pmux cell $procmux$44:
      Old ports: A=$7\prod[16:0], B={ $add$/openlane/designs/booth/src/booth.v:18$39_Y [15:7] $7\prod[16:0] [6:0] $sub$/openlane/designs/booth/src/booth.v:19$41_Y [15:7] $7\prod[16:0] [6:0] }, Y=\product
      New ports: A=$7\prod[16:0] [15:7], B={ $add$/openlane/designs/booth/src/booth.v:18$39_Y [15:7] $sub$/openlane/designs/booth/src/booth.v:19$41_Y [15:7] }, Y=\product [15:7]
      New connections: \product [6:0] = $7\prod[16:0] [6:0]
    Consolidated identical input bits for $pmux cell $procmux$48:
      Old ports: A=$6\prod[16:0], B={ $add$/openlane/designs/booth/src/booth.v:18$34_Y [15:6] $6\prod[16:0] [5:0] $sub$/openlane/designs/booth/src/booth.v:19$36_Y [15:6] $6\prod[16:0] [5:0] }, Y=$7\prod[16:0]
      New ports: A=$6\prod[16:0] [15:6], B={ $add$/openlane/designs/booth/src/booth.v:18$34_Y [15:6] $sub$/openlane/designs/booth/src/booth.v:19$36_Y [15:6] }, Y=$7\prod[16:0] [15:6]
      New connections: $7\prod[16:0] [5:0] = $6\prod[16:0] [5:0]
    Consolidated identical input bits for $pmux cell $procmux$52:
      Old ports: A=$5\prod[16:0], B={ $add$/openlane/designs/booth/src/booth.v:18$29_Y [15:5] $5\prod[16:0] [4:0] $sub$/openlane/designs/booth/src/booth.v:19$31_Y [15:5] $5\prod[16:0] [4:0] }, Y=$6\prod[16:0]
      New ports: A=$5\prod[16:0] [15:5], B={ $add$/openlane/designs/booth/src/booth.v:18$29_Y [15:5] $sub$/openlane/designs/booth/src/booth.v:19$31_Y [15:5] }, Y=$6\prod[16:0] [15:5]
      New connections: $6\prod[16:0] [4:0] = $5\prod[16:0] [4:0]
    Consolidated identical input bits for $pmux cell $procmux$56:
      Old ports: A=$4\prod[16:0], B={ $add$/openlane/designs/booth/src/booth.v:18$24_Y [15:4] $4\prod[16:0] [3:0] $sub$/openlane/designs/booth/src/booth.v:19$26_Y [15:4] $4\prod[16:0] [3:0] }, Y=$5\prod[16:0]
      New ports: A=$4\prod[16:0] [15:4], B={ $add$/openlane/designs/booth/src/booth.v:18$24_Y [15:4] $sub$/openlane/designs/booth/src/booth.v:19$26_Y [15:4] }, Y=$5\prod[16:0] [15:4]
      New connections: $5\prod[16:0] [3:0] = $4\prod[16:0] [3:0]
    Consolidated identical input bits for $pmux cell $procmux$60:
      Old ports: A=$3\prod[16:0], B={ $add$/openlane/designs/booth/src/booth.v:18$19_Y [15:3] $3\prod[16:0] [2:0] $sub$/openlane/designs/booth/src/booth.v:19$21_Y [15:3] $3\prod[16:0] [2:0] }, Y=$4\prod[16:0]
      New ports: A=$3\prod[16:0] [15:3], B={ $add$/openlane/designs/booth/src/booth.v:18$19_Y [15:3] $sub$/openlane/designs/booth/src/booth.v:19$21_Y [15:3] }, Y=$4\prod[16:0] [15:3]
      New connections: $4\prod[16:0] [2:0] = $3\prod[16:0] [2:0]
    Consolidated identical input bits for $pmux cell $procmux$64:
      Old ports: A=$2\prod[16:0], B={ $add$/openlane/designs/booth/src/booth.v:18$14_Y [15:2] $2\prod[16:0] [1:0] $sub$/openlane/designs/booth/src/booth.v:19$16_Y [15:2] $2\prod[16:0] [1:0] }, Y=$3\prod[16:0]
      New ports: A=$2\prod[16:0] [15:2], B={ $add$/openlane/designs/booth/src/booth.v:18$14_Y [15:2] $sub$/openlane/designs/booth/src/booth.v:19$16_Y [15:2] }, Y=$3\prod[16:0] [15:2]
      New connections: $3\prod[16:0] [1:0] = $2\prod[16:0] [1:0]
    Consolidated identical input bits for $pmux cell $procmux$68:
      Old ports: A=$1\prod[16:0], B={ $add$/openlane/designs/booth/src/booth.v:18$9_Y [15:1] $1\prod[16:0] [0] $sub$/openlane/designs/booth/src/booth.v:19$11_Y [15:1] $1\prod[16:0] [0] }, Y=$2\prod[16:0]
      New ports: A=$1\prod[16:0] [15:1], B={ $add$/openlane/designs/booth/src/booth.v:18$9_Y [15:1] $sub$/openlane/designs/booth/src/booth.v:19$11_Y [15:1] }, Y=$2\prod[16:0] [15:1]
      New connections: $2\prod[16:0] [0] = $1\prod[16:0] [0]
    Consolidated identical input bits for $mux cell $procmux$72:
      Old ports: A=16'0000000000000000, B={ $sub$/openlane/designs/booth/src/booth.v:19$6_Y [16] $sub$/openlane/designs/booth/src/booth.v:19$6_Y [16] $sub$/openlane/designs/booth/src/booth.v:19$6_Y [16] $sub$/openlane/designs/booth/src/booth.v:19$6_Y [16] $sub$/openlane/designs/booth/src/booth.v:19$6_Y [16] $sub$/openlane/designs/booth/src/booth.v:19$6_Y [16] $sub$/openlane/designs/booth/src/booth.v:19$6_Y [16] $sub$/openlane/designs/booth/src/booth.v:19$6_Y [16] $sub$/openlane/designs/booth/src/booth.v:19$6_Y [7:0] }, Y=$1\prod[16:0]
      New ports: A=9'000000000, B={ $sub$/openlane/designs/booth/src/booth.v:19$6_Y [16] $sub$/openlane/designs/booth/src/booth.v:19$6_Y [7:0] }, Y=$1\prod[16:0] [8:0]
      New connections: $1\prod[16:0] [15:9] = { $1\prod[16:0] [8] $1\prod[16:0] [8] $1\prod[16:0] [8] $1\prod[16:0] [8] $1\prod[16:0] [8] $1\prod[16:0] [8] $1\prod[16:0] [8] }
  Optimizing cells in module \booth.
Performed a total of 8 changes.

35.5. Executing OPT_MERGE pass (detect identical cells).
Finding identical cells in module `\booth'.
Removed a total of 0 cells.

35.6. Executing OPT_SHARE pass.
    Found cells that share an operand and can be merged by moving the $pmux $procmux$44 in front of them:
        $auto$alumacc.cc:485:replace_alu$122
        $auto$alumacc.cc:485:replace_alu$98

    Found cells that share an operand and can be merged by moving the $pmux $procmux$48 in front of them:
        $auto$alumacc.cc:485:replace_alu$119
        $auto$alumacc.cc:485:replace_alu$95

    Found cells that share an operand and can be merged by moving the $pmux $procmux$52 in front of them:
        $auto$alumacc.cc:485:replace_alu$116
        $auto$alumacc.cc:485:replace_alu$92

    Found cells that share an operand and can be merged by moving the $pmux $procmux$56 in front of them:
        $auto$alumacc.cc:485:replace_alu$113
        $auto$alumacc.cc:485:replace_alu$89

    Found cells that share an operand and can be merged by moving the $pmux $procmux$60 in front of them:
        $auto$alumacc.cc:485:replace_alu$110
        $auto$alumacc.cc:485:replace_alu$86

    Found cells that share an operand and can be merged by moving the $pmux $procmux$64 in front of them:
        $auto$alumacc.cc:485:replace_alu$107
        $auto$alumacc.cc:485:replace_alu$83

    Found cells that share an operand and can be merged by moving the $pmux $procmux$68 in front of them:
        $auto$alumacc.cc:485:replace_alu$104
        $auto$alumacc.cc:485:replace_alu$101

35.7. Executing OPT_DFF pass (perform DFF optimizations).

35.8. Executing OPT_CLEAN pass (remove unused cells and wires).
Finding unused cells or wires in module \booth..
Removed 0 unused cells and 42 unused wires.
<suppressed ~1 debug messages>

35.9. Executing OPT_EXPR pass (perform const folding).
Optimizing module booth.
<suppressed ~7 debug messages>

35.10. Rerunning OPT passes. (Maybe there is more to do..)

35.11. Executing OPT_MUXTREE pass (detect dead branches in mux trees).
Running muxtree optimizer on module \booth..
  Creating internal representation of mux trees.
  Evaluating internal representation of mux trees.
  Analyzing evaluation results.
Removed 0 multiplexer ports.
<suppressed ~15 debug messages>

35.12. Executing OPT_REDUCE pass (consolidate $*mux and $reduce_* inputs).
  Optimizing cells in module \booth.
    New ctrl vector for $pmux cell $procmux$44: $auto$opt_reduce.cc:134:opt_pmux$234
    New ctrl vector for $pmux cell $procmux$48: $auto$opt_reduce.cc:134:opt_pmux$236
    New ctrl vector for $pmux cell $procmux$52: $auto$opt_reduce.cc:134:opt_pmux$238
    New ctrl vector for $pmux cell $procmux$56: $auto$opt_reduce.cc:134:opt_pmux$240
    New ctrl vector for $pmux cell $procmux$60: $auto$opt_reduce.cc:134:opt_pmux$242
    New ctrl vector for $pmux cell $procmux$64: $auto$opt_reduce.cc:134:opt_pmux$244
    New ctrl vector for $pmux cell $procmux$68: $auto$opt_reduce.cc:134:opt_pmux$246
  Optimizing cells in module \booth.
Performed a total of 7 changes.

35.13. Executing OPT_MERGE pass (detect identical cells).
Finding identical cells in module `\booth'.
Removed a total of 0 cells.

35.14. Executing OPT_SHARE pass.

35.15. Executing OPT_DFF pass (perform DFF optimizations).

35.16. Executing OPT_CLEAN pass (remove unused cells and wires).
Finding unused cells or wires in module \booth..

35.17. Executing OPT_EXPR pass (perform const folding).
Optimizing module booth.

35.18. Rerunning OPT passes. (Maybe there is more to do..)

35.19. Executing OPT_MUXTREE pass (detect dead branches in mux trees).
Running muxtree optimizer on module \booth..
  Creating internal representation of mux trees.
  Evaluating internal representation of mux trees.
  Analyzing evaluation results.
Removed 0 multiplexer ports.
<suppressed ~15 debug messages>

35.20. Executing OPT_REDUCE pass (consolidate $*mux and $reduce_* inputs).
  Optimizing cells in module \booth.
Performed a total of 0 changes.

35.21. Executing OPT_MERGE pass (detect identical cells).
Finding identical cells in module `\booth'.
Removed a total of 0 cells.

35.22. Executing OPT_SHARE pass.

35.23. Executing OPT_DFF pass (perform DFF optimizations).

35.24. Executing OPT_CLEAN pass (remove unused cells and wires).
Finding unused cells or wires in module \booth..

35.25. Executing OPT_EXPR pass (perform const folding).
Optimizing module booth.

35.26. Finished OPT passes. (There is nothing left to do.)

36. Executing TECHMAP pass (map to technology primitives).

36.1. Executing Verilog-2005 frontend: /build/bin/../share/yosys/techmap.v
Parsing Verilog input from `/build/bin/../share/yosys/techmap.v' to AST representation.
Generating RTLIL representation for module `\_90_simplemap_bool_ops'.
Generating RTLIL representation for module `\_90_simplemap_reduce_ops'.
Generating RTLIL representation for module `\_90_simplemap_logic_ops'.
Generating RTLIL representation for module `\_90_simplemap_compare_ops'.
Generating RTLIL representation for module `\_90_simplemap_various'.
Generating RTLIL representation for module `\_90_simplemap_registers'.
Generating RTLIL representation for module `\_90_shift_ops_shr_shl_sshl_sshr'.
Generating RTLIL representation for module `\_90_shift_shiftx'.
Generating RTLIL representation for module `\_90_fa'.
Generating RTLIL representation for module `\_90_lcu'.
Generating RTLIL representation for module `\_90_alu'.
Generating RTLIL representation for module `\_90_macc'.
Generating RTLIL representation for module `\_90_alumacc'.
Generating RTLIL representation for module `\$__div_mod_u'.
Generating RTLIL representation for module `\$__div_mod_trunc'.
Generating RTLIL representation for module `\_90_div'.
Generating RTLIL representation for module `\_90_mod'.
Generating RTLIL representation for module `\$__div_mod_floor'.
Generating RTLIL representation for module `\_90_divfloor'.
Generating RTLIL representation for module `\_90_modfloor'.
Generating RTLIL representation for module `\_90_pow'.
Generating RTLIL representation for module `\_90_pmux'.
Generating RTLIL representation for module `\_90_demux'.
Generating RTLIL representation for module `\_90_lut'.
Successfully finished Verilog frontend.

36.2. Continuing TECHMAP pass.
Running "alumacc" on wrapper $extern:wrap:$neg:A_SIGNED=1:A_WIDTH=13:Y_WIDTH=13:394426c56d1a028ba8fdd5469b163e04011def47.
Using template $extern:wrap:$neg:A_SIGNED=1:A_WIDTH=13:Y_WIDTH=13:394426c56d1a028ba8fdd5469b163e04011def47 for cells of type $extern:wrap:$neg:A_SIGNED=1:A_WIDTH=13:Y_WIDTH=13:394426c56d1a028ba8fdd5469b163e04011def47.
Using extmapper simplemap for cells of type $mux.
Running "alumacc" on wrapper $extern:wrap:$neg:A_SIGNED=1:A_WIDTH=11:Y_WIDTH=11:394426c56d1a028ba8fdd5469b163e04011def47.
Using template $extern:wrap:$neg:A_SIGNED=1:A_WIDTH=11:Y_WIDTH=11:394426c56d1a028ba8fdd5469b163e04011def47 for cells of type $extern:wrap:$neg:A_SIGNED=1:A_WIDTH=11:Y_WIDTH=11:394426c56d1a028ba8fdd5469b163e04011def47.
Using template $paramod$f9c19ff4cb4a16225c995ba7d19f84b51b027f23\_90_alu for cells of type $alu.
Using extmapper simplemap for cells of type $reduce_or.
Using template $paramod$0d7ff93aea395ec407d544a178a4b13ea860d212\_90_alu for cells of type $alu.
Using template $paramod$381bfac1a8d048c2a82a5e9a8ba59722228aaa1f\_90_alu for cells of type $alu.
Using template $paramod$ee1a6f885509cf323a6820ff1379ff6e5dc2e005\_90_alu for cells of type $alu.
Using template $paramod$c6cac7b66cb5130862ba6df599147e943f2b57cd\_90_alu for cells of type $alu.
Running "alumacc" on wrapper $extern:wrap:$neg:A_SIGNED=1:A_WIDTH=12:Y_WIDTH=12:394426c56d1a028ba8fdd5469b163e04011def47.
Using template $extern:wrap:$neg:A_SIGNED=1:A_WIDTH=12:Y_WIDTH=12:394426c56d1a028ba8fdd5469b163e04011def47 for cells of type $extern:wrap:$neg:A_SIGNED=1:A_WIDTH=12:Y_WIDTH=12:394426c56d1a028ba8fdd5469b163e04011def47.
Using template $paramod$3d4d857737ce5ee764ebe220e87ff73b66d6d0ad\_90_alu for cells of type $alu.
Using template $paramod$a7ecfa730f7b429cdd2d19291637694b0937162d\_90_alu for cells of type $alu.
Using template $paramod$703fbbb6d25ac6133395150f88dc94ba22787d01\_90_alu for cells of type $alu.
Using extmapper simplemap for cells of type $eq.
Running "alumacc" on wrapper $extern:wrap:$neg:A_SIGNED=1:A_WIDTH=15:Y_WIDTH=15:394426c56d1a028ba8fdd5469b163e04011def47.
Using template $extern:wrap:$neg:A_SIGNED=1:A_WIDTH=15:Y_WIDTH=15:394426c56d1a028ba8fdd5469b163e04011def47 for cells of type $extern:wrap:$neg:A_SIGNED=1:A_WIDTH=15:Y_WIDTH=15:394426c56d1a028ba8fdd5469b163e04011def47.
Running "alumacc" on wrapper $extern:wrap:$neg:A_SIGNED=1:A_WIDTH=10:Y_WIDTH=10:394426c56d1a028ba8fdd5469b163e04011def47.
Using template $extern:wrap:$neg:A_SIGNED=1:A_WIDTH=10:Y_WIDTH=10:394426c56d1a028ba8fdd5469b163e04011def47 for cells of type $extern:wrap:$neg:A_SIGNED=1:A_WIDTH=10:Y_WIDTH=10:394426c56d1a028ba8fdd5469b163e04011def47.
Running "alumacc" on wrapper $extern:wrap:$neg:A_SIGNED=1:A_WIDTH=14:Y_WIDTH=14:394426c56d1a028ba8fdd5469b163e04011def47.
Using template $extern:wrap:$neg:A_SIGNED=1:A_WIDTH=14:Y_WIDTH=14:394426c56d1a028ba8fdd5469b163e04011def47 for cells of type $extern:wrap:$neg:A_SIGNED=1:A_WIDTH=14:Y_WIDTH=14:394426c56d1a028ba8fdd5469b163e04011def47.
Running "alumacc" on wrapper $extern:wrap:$neg:A_SIGNED=1:A_WIDTH=9:Y_WIDTH=9:394426c56d1a028ba8fdd5469b163e04011def47.
Using template $extern:wrap:$neg:A_SIGNED=1:A_WIDTH=9:Y_WIDTH=9:394426c56d1a028ba8fdd5469b163e04011def47 for cells of type $extern:wrap:$neg:A_SIGNED=1:A_WIDTH=9:Y_WIDTH=9:394426c56d1a028ba8fdd5469b163e04011def47.
Using template $paramod$83b5ea7968049d4100fded4ca9321a3c959a2831\_90_alu for cells of type $alu.
Using template $paramod$b88c814db3182f0c444e9827cc183ec51bbd865d\_90_alu for cells of type $alu.
Using extmapper simplemap for cells of type $xor.
Using extmapper simplemap for cells of type $and.
Using template $paramod\_90_lcu\WIDTH=32'00000000000000000000000000001111 for cells of type $lcu.
Using extmapper simplemap for cells of type $pos.
Using extmapper simplemap for cells of type $not.
Using template $paramod\_90_lcu\WIDTH=32'00000000000000000000000000001110 for cells of type $lcu.
Using template $paramod\_90_lcu\WIDTH=32'00000000000000000000000000001101 for cells of type $lcu.
Using template $paramod\_90_lcu\WIDTH=32'00000000000000000000000000001100 for cells of type $lcu.
Using template $paramod\_90_lcu\WIDTH=32'00000000000000000000000000001011 for cells of type $lcu.
Using template $paramod$ce6e0bffdb8605e70c2145339a50927e2d751e17\_90_alu for cells of type $alu.
Using template $paramod\_90_lcu\WIDTH=32'00000000000000000000000000001010 for cells of type $lcu.
Using template $paramod\_90_lcu\WIDTH=32'00000000000000000000000000001001 for cells of type $lcu.
Using template $paramod$aa43f2dbffadf36a7e9a5a6a61a7417f2989191d\_90_alu for cells of type $alu.
Using template $paramod$bd91b1311a7e26328ec7b35acb363a89aa87e033\_90_alu for cells of type $alu.
Using template $paramod$ca234311274098ce3690ed53881071d692cdb785\_90_alu for cells of type $alu.
Using template $paramod$8045f2881226ae434b154710c783ad25023f386c\_90_alu for cells of type $alu.
Using extmapper simplemap for cells of type $or.
No more expansions possible.
<suppressed ~2090 debug messages>

37. Executing OPT pass (performing simple optimizations).

37.1. Executing OPT_EXPR pass (perform const folding).
Optimizing module booth.
<suppressed ~724 debug messages>

37.2. Executing OPT_MERGE pass (detect identical cells).
Finding identical cells in module `\booth'.
<suppressed ~846 debug messages>
Removed a total of 282 cells.

37.3. Executing OPT_DFF pass (perform DFF optimizations).

37.4. Executing OPT_CLEAN pass (remove unused cells and wires).
Finding unused cells or wires in module \booth..
Removed 34 unused cells and 698 unused wires.
<suppressed ~35 debug messages>

37.5. Finished fast OPT passes.

38. Executing ABC pass (technology mapping using ABC).

38.1. Extracting gate netlist of module `\booth' to `<abc-temp-dir>/input.blif'..
Extracted 843 gates and 860 wires to a netlist network with 16 inputs and 16 outputs.

38.1.1. Executing ABC.
Running ABC command: "<yosys-exe-dir>/yosys-abc" -s -f <abc-temp-dir>/abc.script 2>&1
ABC: ABC command line: "source <abc-temp-dir>/abc.script".
ABC: 
ABC: + read_blif <abc-temp-dir>/input.blif 
ABC: + read_library <abc-temp-dir>/stdcells.genlib 
ABC: Entered genlib library with 13 gates from file "<abc-temp-dir>/stdcells.genlib".
ABC: + strash 
ABC: + dretime 
ABC: + map 
ABC: + write_blif <abc-temp-dir>/output.blif 

38.1.2. Re-integrating ABC results.
ABC RESULTS:             ORNOT cells:       44
ABC RESULTS:              XNOR cells:       39
ABC RESULTS:              NAND cells:       27
ABC RESULTS:                OR cells:       43
ABC RESULTS:               NOR cells:       64
ABC RESULTS:            ANDNOT cells:      187
ABC RESULTS:               NOT cells:       57
ABC RESULTS:               XOR cells:      137
ABC RESULTS:               MUX cells:      152
ABC RESULTS:               AND cells:        2
ABC RESULTS:        internal signals:      828
ABC RESULTS:           input signals:       16
ABC RESULTS:          output signals:       16
Removing temp directory.

39. Executing OPT pass (performing simple optimizations).

39.1. Executing OPT_EXPR pass (perform const folding).
Optimizing module booth.

39.2. Executing OPT_MERGE pass (detect identical cells).
Finding identical cells in module `\booth'.
<suppressed ~21 debug messages>
Removed a total of 7 cells.

39.3. Executing OPT_DFF pass (perform DFF optimizations).

39.4. Executing OPT_CLEAN pass (remove unused cells and wires).
Finding unused cells or wires in module \booth..
Removed 0 unused cells and 341 unused wires.
<suppressed ~1 debug messages>

39.5. Finished fast OPT passes.

40. Executing HIERARCHY pass (managing design hierarchy).

40.1. Analyzing design hierarchy..
Top module:  \booth

40.2. Analyzing design hierarchy..
Top module:  \booth
Removed 0 unused modules.

41. Printing statistics.

=== booth ===

   Number of wires:                736
   Number of wire bits:            827
   Number of public wires:           7
   Number of public wire bits:      98
   Number of memories:               0
   Number of memory bits:            0
   Number of processes:              0
   Number of cells:                745
     $_ANDNOT_                     187
     $_AND_                          2
     $_MUX_                        148
     $_NAND_                        27
     $_NOR_                         64
     $_NOT_                         56
     $_ORNOT_                       44
     $_OR_                          42
     $_XNOR_                        38
     $_XOR_                        137

42. Executing CHECK pass (checking for obvious problems).
Checking module booth...
Found and reported 0 problems.

43. Generating Graphviz representation of design.
Writing dot description to `/openlane/designs/booth/runs/myrun/tmp/synthesis/post_techmap.dot'.
Dumping module booth to page 1.

44. Executing SHARE pass (SAT-based resource sharing).

45. Executing OPT pass (performing simple optimizations).

45.1. Executing OPT_EXPR pass (perform const folding).
Optimizing module booth.
<suppressed ~1 debug messages>

45.2. Executing OPT_MERGE pass (detect identical cells).
Finding identical cells in module `\booth'.
Removed a total of 0 cells.

45.3. Executing OPT_MUXTREE pass (detect dead branches in mux trees).
Running muxtree optimizer on module \booth..
  Creating internal representation of mux trees.
  No muxes found in this module.
Removed 0 multiplexer ports.

45.4. Executing OPT_REDUCE pass (consolidate $*mux and $reduce_* inputs).
  Optimizing cells in module \booth.
Performed a total of 0 changes.

45.5. Executing OPT_MERGE pass (detect identical cells).
Finding identical cells in module `\booth'.
Removed a total of 0 cells.

45.6. Executing OPT_DFF pass (perform DFF optimizations).

45.7. Executing OPT_CLEAN pass (remove unused cells and wires).
Finding unused cells or wires in module \booth..
Removed 0 unused cells and 1 unused wires.
<suppressed ~1 debug messages>

45.8. Executing OPT_EXPR pass (perform const folding).
Optimizing module booth.

45.9. Rerunning OPT passes. (Maybe there is more to do..)

45.10. Executing OPT_MUXTREE pass (detect dead branches in mux trees).
Running muxtree optimizer on module \booth..
  Creating internal representation of mux trees.
  No muxes found in this module.
Removed 0 multiplexer ports.

45.11. Executing OPT_REDUCE pass (consolidate $*mux and $reduce_* inputs).
  Optimizing cells in module \booth.
Performed a total of 0 changes.

45.12. Executing OPT_MERGE pass (detect identical cells).
Finding identical cells in module `\booth'.
Removed a total of 0 cells.

45.13. Executing OPT_DFF pass (perform DFF optimizations).

45.14. Executing OPT_CLEAN pass (remove unused cells and wires).
Finding unused cells or wires in module \booth..

45.15. Executing OPT_EXPR pass (perform const folding).
Optimizing module booth.

45.16. Finished OPT passes. (There is nothing left to do.)

46. Executing OPT_CLEAN pass (remove unused cells and wires).
Finding unused cells or wires in module \booth..
Removed 0 unused cells and 4 unused wires.
<suppressed ~4 debug messages>

47. Printing statistics.

=== booth ===

   Number of wires:                731
   Number of wire bits:            760
   Number of public wires:           3
   Number of public wire bits:      32
   Number of memories:               0
   Number of memory bits:            0
   Number of processes:              0
   Number of cells:                744
     $_ANDNOT_                     187
     $_AND_                          2
     $_MUX_                        148
     $_NAND_                        27
     $_NOR_                         64
     $_NOT_                         56
     $_ORNOT_                       44
     $_OR_                          41
     $_XNOR_                        38
     $_XOR_                        137

mapping tbuf

48. Executing TECHMAP pass (map to technology primitives).

48.1. Executing Verilog-2005 frontend: /home/jagadeesh97/.ciel/ciel/sky130/versions/0fe599b2afb6708d281543108caf8310912f54af/sky130A/libs.tech/openlane/sky130_fd_sc_hd/tribuff_map.v
Parsing Verilog input from `/home/jagadeesh97/.ciel/ciel/sky130/versions/0fe599b2afb6708d281543108caf8310912f54af/sky130A/libs.tech/openlane/sky130_fd_sc_hd/tribuff_map.v' to AST representation.
Generating RTLIL representation for module `\$_TBUF_'.
Successfully finished Verilog frontend.

48.2. Continuing TECHMAP pass.
No more expansions possible.
<suppressed ~3 debug messages>

49. Executing SIMPLEMAP pass (map simple cells to gate primitives).

50. Executing TECHMAP pass (map to technology primitives).

50.1. Executing Verilog-2005 frontend: /home/jagadeesh97/.ciel/ciel/sky130/versions/0fe599b2afb6708d281543108caf8310912f54af/sky130A/libs.tech/openlane/sky130_fd_sc_hd/latch_map.v
Parsing Verilog input from `/home/jagadeesh97/.ciel/ciel/sky130/versions/0fe599b2afb6708d281543108caf8310912f54af/sky130A/libs.tech/openlane/sky130_fd_sc_hd/latch_map.v' to AST representation.
Generating RTLIL representation for module `\$_DLATCH_P_'.
Generating RTLIL representation for module `\$_DLATCH_N_'.
Successfully finished Verilog frontend.

50.2. Continuing TECHMAP pass.
No more expansions possible.
<suppressed ~4 debug messages>

51. Executing SIMPLEMAP pass (map simple cells to gate primitives).

52. Executing DFFLIBMAP pass (mapping DFF cells to sequential cells from liberty file).
  cell sky130_fd_sc_hd__dfxtp_2 (noninv, pins=3, area=21.27) is a direct match for cell type $_DFF_P_.
  cell sky130_fd_sc_hd__dfrtp_2 (noninv, pins=4, area=26.28) is a direct match for cell type $_DFF_PN0_.
  cell sky130_fd_sc_hd__dfstp_2 (noninv, pins=4, area=26.28) is a direct match for cell type $_DFF_PN1_.
  cell sky130_fd_sc_hd__dfbbn_2 (noninv, pins=6, area=35.03) is a direct match for cell type $_DFFSR_NNN_.
  final dff cell mappings:
    unmapped dff cell: $_DFF_N_
    \sky130_fd_sc_hd__dfxtp_2 _DFF_P_ (.CLK( C), .D( D), .Q( Q));
    unmapped dff cell: $_DFF_NN0_
    unmapped dff cell: $_DFF_NN1_
    unmapped dff cell: $_DFF_NP0_
    unmapped dff cell: $_DFF_NP1_
    \sky130_fd_sc_hd__dfrtp_2 _DFF_PN0_ (.CLK( C), .D( D), .Q( Q), .RESET_B( R));
    \sky130_fd_sc_hd__dfstp_2 _DFF_PN1_ (.CLK( C), .D( D), .Q( Q), .SET_B( R));
    unmapped dff cell: $_DFF_PP0_
    unmapped dff cell: $_DFF_PP1_
    \sky130_fd_sc_hd__dfbbn_2 _DFFSR_NNN_ (.CLK_N( C), .D( D), .Q( Q), .Q_N(~Q), .RESET_B( R), .SET_B( S));
    unmapped dff cell: $_DFFSR_NNP_
    unmapped dff cell: $_DFFSR_NPN_
    unmapped dff cell: $_DFFSR_NPP_
    unmapped dff cell: $_DFFSR_PNN_
    unmapped dff cell: $_DFFSR_PNP_
    unmapped dff cell: $_DFFSR_PPN_
    unmapped dff cell: $_DFFSR_PPP_

52.1. Executing DFFLEGALIZE pass (convert FFs to types supported by the target).
Mapping DFF cells in module `\booth':

53. Printing statistics.

=== booth ===

   Number of wires:                731
   Number of wire bits:            760
   Number of public wires:           3
   Number of public wire bits:      32
   Number of memories:               0
   Number of memory bits:            0
   Number of processes:              0
   Number of cells:                744
     $_ANDNOT_                     187
     $_AND_                          2
     $_MUX_                        148
     $_NAND_                        27
     $_NOR_                         64
     $_NOT_                         56
     $_ORNOT_                       44
     $_OR_                          41
     $_XNOR_                        38
     $_XOR_                        137

[INFO]: USING STRATEGY AREA 0

54. Executing ABC pass (technology mapping using ABC).

54.1. Extracting gate netlist of module `\booth' to `/tmp/yosys-abc-CnJDUj/input.blif'..
Extracted 744 gates and 760 wires to a netlist network with 16 inputs and 16 outputs.

54.1.1. Executing ABC.
Running ABC command: "/build/bin/yosys-abc" -s -f /tmp/yosys-abc-CnJDUj/abc.script 2>&1
ABC: ABC command line: "source /tmp/yosys-abc-CnJDUj/abc.script".
ABC: 
ABC: + read_blif /tmp/yosys-abc-CnJDUj/input.blif 
ABC: + read_lib -w /openlane/designs/booth/runs/myrun/tmp/synthesis/trimmed.lib 
ABC: Parsing finished successfully.  Parsing time =     0.05 sec
ABC: Scl_LibertyReadGenlib() skipped sequential cell "sky130_fd_sc_hd__dfbbn_2".
ABC: Scl_LibertyReadGenlib() skipped sequential cell "sky130_fd_sc_hd__dfrbp_2".
ABC: Scl_LibertyReadGenlib() skipped sequential cell "sky130_fd_sc_hd__dfrtp_2".
ABC: Scl_LibertyReadGenlib() skipped sequential cell "sky130_fd_sc_hd__dfrtp_4".
ABC: Scl_LibertyReadGenlib() skipped sequential cell "sky130_fd_sc_hd__dfsbp_2".
ABC: Scl_LibertyReadGenlib() skipped sequential cell "sky130_fd_sc_hd__dfstp_2".
ABC: Scl_LibertyReadGenlib() skipped sequential cell "sky130_fd_sc_hd__dfstp_4".
ABC: Scl_LibertyReadGenlib() skipped sequential cell "sky130_fd_sc_hd__dfxbp_2".
ABC: Scl_LibertyReadGenlib() skipped sequential cell "sky130_fd_sc_hd__dfxtp_2".
ABC: Scl_LibertyReadGenlib() skipped sequential cell "sky130_fd_sc_hd__dfxtp_4".
ABC: Scl_LibertyReadGenlib() skipped sequential cell "sky130_fd_sc_hd__dlxtn_1".
ABC: Scl_LibertyReadGenlib() skipped sequential cell "sky130_fd_sc_hd__dlxtn_2".
ABC: Scl_LibertyReadGenlib() skipped sequential cell "sky130_fd_sc_hd__dlxtn_4".
ABC: Scl_LibertyReadGenlib() skipped sequential cell "sky130_fd_sc_hd__dlxtp_1".
ABC: Scl_LibertyReadGenlib() skipped three-state cell "sky130_fd_sc_hd__ebufn_2".
ABC: Scl_LibertyReadGenlib() skipped three-state cell "sky130_fd_sc_hd__ebufn_4".
ABC: Scl_LibertyReadGenlib() skipped three-state cell "sky130_fd_sc_hd__ebufn_8".
ABC: Library "sky130A_merged" from "/openlane/designs/booth/runs/myrun/tmp/synthesis/trimmed.lib" has 175 cells (17 skipped: 14 seq; 3 tri-state; 0 no func; 0 dont_use).  Time =     0.06 sec
ABC: Memory =    9.54 MB. Time =     0.06 sec
ABC: Warning: Detected 2 multi-output gates (for example, "sky130_fd_sc_hd__fa_1").
ABC: + read_constr -v /openlane/designs/booth/runs/myrun/tmp/synthesis/synthesis.sdc 
ABC: Setting driving cell to be "sky130_fd_sc_hd__inv_2".
ABC: Setting output load to be 33.442001.
ABC: + read_constr /openlane/designs/booth/runs/myrun/tmp/synthesis/synthesis.sdc 
ABC: + fx 
ABC: + mfs 
ABC: + strash 
ABC: + refactor 
ABC: + balance 
ABC: + rewrite 
ABC: + refactor 
ABC: + balance 
ABC: + rewrite 
ABC: + rewrite -z 
ABC: + balance 
ABC: + refactor -z 
ABC: + rewrite -z 
ABC: + balance 
ABC: + retime -D -D 10000.0 -M 5 
ABC: + scleanup 
ABC: Error: The network is combinational.
ABC: + fraig_store 
ABC: + balance 
ABC: + fraig_store 
ABC: + balance 
ABC: + rewrite 
ABC: + refactor 
ABC: + balance 
ABC: + rewrite 
ABC: + rewrite -z 
ABC: + balance 
ABC: + refactor -z 
ABC: + rewrite -z 
ABC: + balance 
ABC: + fraig_store 
ABC: + balance 
ABC: + rewrite 
ABC: + refactor 
ABC: + balance 
ABC: + rewrite 
ABC: + rewrite -z 
ABC: + balance 
ABC: + refactor -z 
ABC: + rewrite -z 
ABC: + balance 
ABC: + fraig_store 
ABC: + balance 
ABC: + rewrite 
ABC: + refactor 
ABC: + balance 
ABC: + rewrite 
ABC: + rewrite -z 
ABC: + balance 
ABC: + refactor -z 
ABC: + rewrite -z 
ABC: + balance 
ABC: + fraig_store 
ABC: + fraig_restore 
ABC: + amap -m -Q 0.1 -F 20 -A 20 -C 5000 
ABC: + retime -D -D 10000.0 
ABC: + &get -n 
ABC: + &st 
ABC: + &dch 
ABC: + &nf 
ABC: + &put 
ABC: + buffer -N 10 -S 750.0 
ABC: + upsize -D 10000.0 
ABC: Current delay (8051.93 ps) does not exceed the target delay (10000.00 ps). Upsizing is not performed.
ABC: + dnsize -D 10000.0 
ABC: + stime -p 
ABC: WireLoad = "none"  Gates =    470 (  7.4 %)   Cap =  9.6 ff (  1.8 %)   Area =     4349.17 ( 91.9 %)   Delay =  8291.00 ps  ( 32.6 %)               
ABC: Path  0 --       4 : 0    9 pi                        A =   0.00  Df =  65.3  -36.1 ps  S =  97.1 ps  Cin =  0.0 ff  Cout =  19.9 ff  Cmax =   0.0 ff  G =    0  
ABC: Path  1 --      47 : 4    1 sky130_fd_sc_hd__or4_2    A =   8.76  Df = 671.7 -475.1 ps  S =  94.4 ps  Cin =  1.5 ff  Cout =   2.2 ff  Cmax = 310.4 ff  G =  140  
ABC: Path  2 --      48 : 1    7 sky130_fd_sc_hd__buf_1    A =   3.75  Df = 863.2 -426.8 ps  S = 284.7 ps  Cin =  2.1 ff  Cout =  23.7 ff  Cmax = 130.0 ff  G = 1078  
ABC: Path  3 --      49 : 3    4 sky130_fd_sc_hd__or3_2    A =   7.51  Df =1357.5 -700.1 ps  S = 119.0 ps  Cin =  1.5 ff  Cout =  16.1 ff  Cmax = 310.4 ff  G = 1024  
ABC: Path  4 --      64 : 2   10 sky130_fd_sc_hd__xor2_2   A =  16.27  Df =1557.9 -647.6 ps  S = 261.1 ps  Cin =  8.6 ff  Cout =  18.2 ff  Cmax = 130.0 ff  G =  202  
ABC: Path  5 --      67 : 5    2 sky130_fd_sc_hd__a221o_2  A =  11.26  Df =1915.9 -267.6 ps  S =  64.3 ps  Cin =  2.3 ff  Cout =   6.7 ff  Cmax = 299.4 ff  G =  277  
ABC: Path  6 --      68 : 2    1 sky130_fd_sc_hd__and2b_2  A =   8.76  Df =2127.8 -112.2 ps  S =  61.4 ps  Cin =  1.6 ff  Cout =   8.5 ff  Cmax = 310.4 ff  G =  515  
ABC: Path  7 --      69 : 2    1 sky130_fd_sc_hd__xor2_2   A =  16.27  Df =2260.2 -114.5 ps  S =  87.6 ps  Cin =  8.6 ff  Cout =   2.4 ff  Cmax = 130.0 ff  G =   27  
ABC: Path  8 --      71 : 3    4 sky130_fd_sc_hd__a21o_2   A =   8.76  Df =2505.7 -172.9 ps  S = 110.8 ps  Cin =  2.4 ff  Cout =  19.9 ff  Cmax = 309.5 ff  G =  808  
ABC: Path  9 --      77 : 2    3 sky130_fd_sc_hd__xnor2_2  A =  16.27  Df =2756.4 -231.9 ps  S = 246.5 ps  Cin =  8.5 ff  Cout =  15.5 ff  Cmax = 121.8 ff  G =  174  
ABC: Path 10 --     114 : 2    5 sky130_fd_sc_hd__nand2b_2 A =   8.76  Df =2966.9 -217.5 ps  S =  98.9 ps  Cin =  3.0 ff  Cout =  14.8 ff  Cmax = 285.7 ff  G =  477  
ABC: Path 11 --     132 : 4    1 sky130_fd_sc_hd__a31o_2   A =   8.76  Df =3115.2 -134.0 ps  S =  36.0 ps  Cin =  2.4 ff  Cout =   1.8 ff  Cmax = 271.9 ff  G =   72  
ABC: Path 12 --     133 : 4    4 sky130_fd_sc_hd__a2bb2o_2 A =  11.26  Df =3405.6 -111.9 ps  S =  88.4 ps  Cin =  1.7 ff  Cout =  13.6 ff  Cmax = 300.3 ff  G =  758  
ABC: Path 13 --     135 : 2    2 sky130_fd_sc_hd__xnor2_2  A =  16.27  Df =3645.0 -173.3 ps  S = 230.8 ps  Cin =  8.5 ff  Cout =  14.1 ff  Cmax = 121.8 ff  G =  159  
ABC: Path 14 --     168 : 2    3 sky130_fd_sc_hd__xnor2_2  A =  16.27  Df =3868.5 -189.4 ps  S = 180.2 ps  Cin =  8.5 ff  Cout =   9.7 ff  Cmax = 121.8 ff  G =  107  
ABC: Path 15 --     175 : 4    3 sky130_fd_sc_hd__a211o_2  A =  10.01  Df =4224.6 -370.9 ps  S =  62.9 ps  Cin =  2.4 ff  Cout =   8.4 ff  Cmax = 325.0 ff  G =  345  
ABC: Path 16 --     201 : 4    1 sky130_fd_sc_hd__a31o_2   A =   8.76  Df =4452.1 -217.5 ps  S =  37.8 ps  Cin =  2.4 ff  Cout =   2.6 ff  Cmax = 271.9 ff  G =  102  
ABC: Path 17 --     205 : 3    5 sky130_fd_sc_hd__o21a_2   A =   8.76  Df =4696.8 -140.2 ps  S = 153.1 ps  Cin =  2.4 ff  Cout =  27.6 ff  Cmax = 294.8 ff  G = 1106  
ABC: Path 18 --     207 : 2    1 sky130_fd_sc_hd__xnor2_2  A =  16.27  Df =4899.1 -151.7 ps  S = 172.3 ps  Cin =  8.5 ff  Cout =   9.0 ff  Cmax = 121.8 ff  G =  102  
ABC: Path 19 --     220 : 2    3 sky130_fd_sc_hd__xnor2_2  A =  16.27  Df =5098.5 -149.7 ps  S = 180.2 ps  Cin =  8.5 ff  Cout =   9.7 ff  Cmax = 121.8 ff  G =  107  
ABC: Path 20 --     229 : 4    2 sky130_fd_sc_hd__a211o_2  A =  10.01  Df =5434.5 -327.4 ps  S =  51.4 ps  Cin =  2.4 ff  Cout =   4.1 ff  Cmax = 325.0 ff  G =  168  
ABC: Path 21 --     286 : 3    3 sky130_fd_sc_hd__a21o_2   A =   8.76  Df =5638.2 -375.8 ps  S =  61.9 ps  Cin =  2.4 ff  Cout =   9.7 ff  Cmax = 309.5 ff  G =  389  
ABC: Path 22 --     333 : 3    3 sky130_fd_sc_hd__a21bo_2  A =  10.01  Df =5866.5 -375.2 ps  S =  66.7 ps  Cin =  2.0 ff  Cout =   9.7 ff  Cmax = 288.4 ff  G =  450  
ABC: Path 23 --     374 : 3    3 sky130_fd_sc_hd__a21bo_2  A =  10.01  Df =6092.5 -104.4 ps  S =  63.3 ps  Cin =  2.0 ff  Cout =   8.8 ff  Cmax = 288.4 ff  G =  408  
ABC: Path 24 --     410 : 3    2 sky130_fd_sc_hd__a21bo_2  A =  10.01  Df =6310.3  -96.9 ps  S =  51.2 ps  Cin =  2.0 ff  Cout =   6.3 ff  Cmax = 288.4 ff  G =  291  
ABC: Path 25 --     412 : 3    2 sky130_fd_sc_hd__and3_2   A =   7.51  Df =6518.0 -124.7 ps  S =  54.6 ps  Cin =  1.5 ff  Cout =   5.1 ff  Cmax = 309.5 ff  G =  316  
ABC: Path 26 --     439 : 3    3 sky130_fd_sc_hd__a21o_2   A =   8.76  Df =6735.4 -214.4 ps  S =  88.7 ps  Cin =  2.4 ff  Cout =  15.5 ff  Cmax = 309.5 ff  G =  636  
ABC: Path 27 --     454 : 3    1 sky130_fd_sc_hd__a21o_2   A =   8.76  Df =6942.1 -299.0 ps  S =  32.3 ps  Cin =  2.4 ff  Cout =   2.5 ff  Cmax = 309.5 ff  G =   99  
ABC: Path 28 --     461 : 5    3 sky130_fd_sc_hd__a221o_2  A =  11.26  Df =7308.8 -201.3 ps  S =  89.5 ps  Cin =  2.3 ff  Cout =  13.6 ff  Cmax = 299.4 ff  G =  567  
ABC: Path 29 --     466 : 3    2 sky130_fd_sc_hd__nand3_2  A =  10.01  Df =7379.0 -208.1 ps  S =  57.8 ps  Cin =  4.4 ff  Cout =   3.9 ff  Cmax = 260.0 ff  G =   85  
ABC: Path 30 --     467 : 2    1 sky130_fd_sc_hd__or2b_2   A =   8.76  Df =7692.2 -114.4 ps  S =  69.8 ps  Cin =  1.6 ff  Cout =   9.0 ff  Cmax = 312.2 ff  G =  555  
ABC: Path 31 --     469 : 2    1 sky130_fd_sc_hd__xnor2_2  A =  16.27  Df =7826.4 -125.7 ps  S =  88.8 ps  Cin =  8.5 ff  Cout =   1.8 ff  Cmax = 121.8 ff  G =   20  
ABC: Path 32 --     470 : 3    1 sky130_fd_sc_hd__mux2_2   A =  11.26  Df =7971.0  -20.6 ps  S =  45.5 ps  Cin =  2.3 ff  Cout =   2.2 ff  Cmax = 297.6 ff  G =   92  
ABC: Path 33 --     471 : 1    1 sky130_fd_sc_hd__buf_1    A =   3.75  Df =8291.0 -121.7 ps  S = 396.3 ps  Cin =  2.1 ff  Cout =  33.4 ff  Cmax = 130.0 ff  G = 1590  
ABC: Start-point = pi3 (\multiplicand [3]).  End-point = po6 (\product [13]).
ABC: + print_stats -m 
ABC: netlist                       : i/o =   16/   16  lat =    0  nd =   470  edge =   1213  area =4349.93  delay =33.00  lev = 33
ABC: + write_blif /tmp/yosys-abc-CnJDUj/output.blif 

54.1.2. Re-integrating ABC results.
ABC RESULTS:   sky130_fd_sc_hd__a32o_2 cells:        1
ABC RESULTS:   sky130_fd_sc_hd__or3_2 cells:        2
ABC RESULTS:   sky130_fd_sc_hd__and3b_2 cells:        1
ABC RESULTS:   sky130_fd_sc_hd__a22oi_2 cells:        1
ABC RESULTS:   sky130_fd_sc_hd__a41o_2 cells:        1
ABC RESULTS:   sky130_fd_sc_hd__nand2b_2 cells:        2
ABC RESULTS:   sky130_fd_sc_hd__or4_2 cells:        2
ABC RESULTS:   sky130_fd_sc_hd__o2bb2a_2 cells:        2
ABC RESULTS:   sky130_fd_sc_hd__a31oi_2 cells:        1
ABC RESULTS:   sky130_fd_sc_hd__nor2b_2 cells:        1
ABC RESULTS:   sky130_fd_sc_hd__a21boi_2 cells:        1
ABC RESULTS:   sky130_fd_sc_hd__a311o_2 cells:        1
ABC RESULTS:   sky130_fd_sc_hd__o22ai_2 cells:        1
ABC RESULTS:   sky130_fd_sc_hd__o22a_2 cells:        7
ABC RESULTS:   sky130_fd_sc_hd__o221a_2 cells:        1
ABC RESULTS:   sky130_fd_sc_hd__o21ba_2 cells:        2
ABC RESULTS:   sky130_fd_sc_hd__a21bo_2 cells:       10
ABC RESULTS:   sky130_fd_sc_hd__and3_2 cells:        6
ABC RESULTS:   sky130_fd_sc_hd__o31a_2 cells:        4
ABC RESULTS:   sky130_fd_sc_hd__o21bai_2 cells:        1
ABC RESULTS:   sky130_fd_sc_hd__o211a_2 cells:        4
ABC RESULTS:   sky130_fd_sc_hd__o21a_2 cells:       13
ABC RESULTS:   sky130_fd_sc_hd__a2bb2o_2 cells:        3
ABC RESULTS:   sky130_fd_sc_hd__and2b_2 cells:        9
ABC RESULTS:   sky130_fd_sc_hd__o21ai_2 cells:       18
ABC RESULTS:   sky130_fd_sc_hd__a211oi_2 cells:        1
ABC RESULTS:   sky130_fd_sc_hd__a221o_2 cells:        2
ABC RESULTS:   sky130_fd_sc_hd__a21oi_2 cells:       20
ABC RESULTS:   sky130_fd_sc_hd__nand3_2 cells:        1
ABC RESULTS:   sky130_fd_sc_hd__or2b_2 cells:       14
ABC RESULTS:   sky130_fd_sc_hd__or3b_2 cells:        1
ABC RESULTS:   sky130_fd_sc_hd__o211ai_2 cells:        9
ABC RESULTS:   sky130_fd_sc_hd__a21o_2 cells:       24
ABC RESULTS:   sky130_fd_sc_hd__or2_2 cells:       20
ABC RESULTS:   sky130_fd_sc_hd__nor2_2 cells:       35
ABC RESULTS:   sky130_fd_sc_hd__mux2_2 cells:       48
ABC RESULTS:   sky130_fd_sc_hd__inv_2 cells:       14
ABC RESULTS:   sky130_fd_sc_hd__a211o_2 cells:       23
ABC RESULTS:   sky130_fd_sc_hd__a31o_2 cells:       13
ABC RESULTS:   sky130_fd_sc_hd__xnor2_2 cells:       36
ABC RESULTS:   sky130_fd_sc_hd__nand2_2 cells:       46
ABC RESULTS:   sky130_fd_sc_hd__xor2_2 cells:       22
ABC RESULTS:   sky130_fd_sc_hd__and2_2 cells:       25
ABC RESULTS:   sky130_fd_sc_hd__buf_1 cells:       21
ABC RESULTS:        internal signals:      728
ABC RESULTS:           input signals:       16
ABC RESULTS:          output signals:       16
Removing temp directory.

55. Executing SETUNDEF pass (replace undef values with defined constants).

56. Executing HILOMAP pass (mapping to constant drivers).

57. Executing SPLITNETS pass (splitting up multi-bit signals).

58. Executing OPT_CLEAN pass (remove unused cells and wires).
Finding unused cells or wires in module \booth..
Removed 0 unused cells and 760 unused wires.
<suppressed ~1 debug messages>

59. Executing INSBUF pass (insert buffer cells for connected wires).

60. Executing CHECK pass (checking for obvious problems).
Checking module booth...
Warning: Wire booth.\product [15] is used but has no driver.
Warning: Wire booth.\product [14] is used but has no driver.
Warning: Wire booth.\product [13] is used but has no driver.
Warning: Wire booth.\product [12] is used but has no driver.
Warning: Wire booth.\product [11] is used but has no driver.
Warning: Wire booth.\product [10] is used but has no driver.
Warning: Wire booth.\product [9] is used but has no driver.
Warning: Wire booth.\product [8] is used but has no driver.
Warning: Wire booth.\product [7] is used but has no driver.
Warning: Wire booth.\product [6] is used but has no driver.
Warning: Wire booth.\product [5] is used but has no driver.
Warning: Wire booth.\product [4] is used but has no driver.
Warning: Wire booth.\product [3] is used but has no driver.
Warning: Wire booth.\product [2] is used but has no driver.
Warning: Wire booth.\product [1] is used but has no driver.
Warning: Wire booth.\product [0] is used but has no driver.
Found and reported 16 problems.

61. Printing statistics.

=== booth ===

   Number of wires:                457
   Number of wire bits:            486
   Number of public wires:           3
   Number of public wire bits:      32
   Number of memories:               0
   Number of memory bits:            0
   Number of processes:              0
   Number of cells:                470
     sky130_fd_sc_hd__a211o_2       23
     sky130_fd_sc_hd__a211oi_2       1
     sky130_fd_sc_hd__a21bo_2       10
     sky130_fd_sc_hd__a21boi_2       1
     sky130_fd_sc_hd__a21o_2        24
     sky130_fd_sc_hd__a21oi_2       20
     sky130_fd_sc_hd__a221o_2        2
     sky130_fd_sc_hd__a22oi_2        1
     sky130_fd_sc_hd__a2bb2o_2       3
     sky130_fd_sc_hd__a311o_2        1
     sky130_fd_sc_hd__a31o_2        13
     sky130_fd_sc_hd__a31oi_2        1
     sky130_fd_sc_hd__a32o_2         1
     sky130_fd_sc_hd__a41o_2         1
     sky130_fd_sc_hd__and2_2        25
     sky130_fd_sc_hd__and2b_2        9
     sky130_fd_sc_hd__and3_2         6
     sky130_fd_sc_hd__and3b_2        1
     sky130_fd_sc_hd__buf_1         21
     sky130_fd_sc_hd__inv_2         14
     sky130_fd_sc_hd__mux2_2        48
     sky130_fd_sc_hd__nand2_2       46
     sky130_fd_sc_hd__nand2b_2       2
     sky130_fd_sc_hd__nand3_2        1
     sky130_fd_sc_hd__nor2_2        35
     sky130_fd_sc_hd__nor2b_2        1
     sky130_fd_sc_hd__o211a_2        4
     sky130_fd_sc_hd__o211ai_2       9
     sky130_fd_sc_hd__o21a_2        13
     sky130_fd_sc_hd__o21ai_2       18
     sky130_fd_sc_hd__o21ba_2        2
     sky130_fd_sc_hd__o21bai_2       1
     sky130_fd_sc_hd__o221a_2        1
     sky130_fd_sc_hd__o22a_2         7
     sky130_fd_sc_hd__o22ai_2        1
     sky130_fd_sc_hd__o2bb2a_2       2
     sky130_fd_sc_hd__o31a_2         4
     sky130_fd_sc_hd__or2_2         20
     sky130_fd_sc_hd__or2b_2        14
     sky130_fd_sc_hd__or3_2          2
     sky130_fd_sc_hd__or3b_2         1
     sky130_fd_sc_hd__or4_2          2
     sky130_fd_sc_hd__xnor2_2       36
     sky130_fd_sc_hd__xor2_2        22

   Chip area for module '\booth': 4349.171200

62. Executing Verilog backend.
Dumping module `\booth'.

Warnings: 16 unique messages, 16 total
End of script. Logfile hash: 3c17cfcfda, CPU: user 1.03s system 0.06s, MEM: 29.96 MB peak
Yosys 0.30+48 (git sha1 14d50a176d5, gcc 8.3.1 -fPIC -Os)
Time spent: 56% 2x abc (1 sec), 9% 32x opt_expr (0 sec), ...
