Instance name,  X location,  Y location,  Voltage 
input4, 61.44, 68, 1.79998
output41, 61.44, 68, 1.79998
output42, 61.44, 68, 1.79998
FILLER_0_20_116, 61.44, 68, 1.79998
input16, 61.44, 62.56, 1.79998
input18, 61.44, 62.56, 1.79998
input30, 61.44, 62.56, 1.79998
_166_, 61.44, 57.12, 1.79998
_174_, 61.44, 57.12, 1.79998
input13, 61.44, 57.12, 1.79998
FILLER_0_17_122, 61.44, 57.12, 1.79998
FILLER_0_18_126, 61.44, 57.12, 1.79998
_165_, 61.44, 51.68, 1.79998
input32, 61.44, 51.68, 1.79998
FILLER_0_16_126, 61.44, 51.68, 1.79998
FILLER_0_13_125, 61.44, 46.24, 1.79999
_153_, 61.44, 40.8, 1.79999
input29, 61.44, 40.8, 1.79999
FILLER_0_10_120, 61.44, 40.8, 1.79999
FILLER_0_11_123, 61.44, 40.8, 1.79999
FILLER_0_12_122, 61.44, 40.8, 1.79999
output48, 61.44, 35.36, 1.79998
FILLER_0_8_121, 61.44, 35.36, 1.79998
FILLER_0_9_126, 61.44, 35.36, 1.79998
output35, 61.44, 29.92, 1.79998
_104_, 61.44, 24.48, 1.79998
input9, 61.44, 24.48, 1.79998
FILLER_0_5_120, 61.44, 24.48, 1.79998
FILLER_0_6_124, 61.44, 24.48, 1.79998
_094_, 61.44, 19.04, 1.79998
_095_, 61.44, 19.04, 1.79998
FILLER_0_3_125, 61.44, 19.04, 1.79998
FILLER_0_4_122, 61.44, 19.04, 1.79998
_096_, 61.44, 13.6, 1.79998
input2, 61.44, 13.6, 1.79998
input11, 61.44, 13.6, 1.79998
input15, 61.44, 13.6, 1.79998
input17, 61.44, 13.6, 1.79998
output33, 61.44, 13.6, 1.79998
FILLER_0_2_124, 61.44, 13.6, 1.79998
input21, 54.84, 68, 1.79998
FILLER_0_21_105, 54.84, 68, 1.79998
_154_, 54.84, 62.56, 1.79998
FILLER_0_19_105, 54.84, 62.56, 1.79998
FILLER_0_17_105, 54.84, 57.12, 1.79999
_146_, 54.84, 51.68, 1.79998
_156_, 54.84, 51.68, 1.79998
FILLER_0_15_107, 54.84, 51.68, 1.79998
_142_, 54.84, 46.24, 1.79999
_155_, 54.84, 46.24, 1.79999
FILLER_0_13_101, 54.84, 46.24, 1.79999
FILLER_0_13_109, 54.84, 46.24, 1.79999
_148_, 54.84, 40.8, 1.79999
_149_, 54.84, 40.8, 1.79999
FILLER_0_10_102, 54.84, 40.8, 1.79999
FILLER_0_11_113, 54.84, 40.8, 1.79999
_137_, 54.84, 35.36, 1.79998
_141_, 54.84, 35.36, 1.79998
_134_, 54.84, 29.92, 1.79998
FILLER_0_7_105, 54.84, 29.92, 1.79998
_122_, 54.84, 24.48, 1.79998
_133_, 54.84, 24.48, 1.79998
_124_, 54.84, 19.04, 1.79998
FILLER_0_3_109, 54.84, 19.04, 1.79998
FILLER_0_4_109, 54.84, 19.04, 1.79998
output45, 54.84, 13.6, 1.79998
FILLER_0_0_107, 54.84, 13.6, 1.79998
FILLER_0_1_101, 54.84, 13.6, 1.79998
FILLER_0_1_109, 54.84, 13.6, 1.79998
FILLER_0_1_113, 54.84, 13.6, 1.79998
FILLER_0_2_108, 54.84, 13.6, 1.79998
input25, 48.24, 68, 1.79998
FILLER_0_21_91, 48.24, 68, 1.79998
_143_, 48.24, 51.68, 1.79998
_157_, 48.24, 51.68, 1.79998
_158_, 48.24, 51.68, 1.79998
_139_, 48.24, 40.8, 1.79999
FILLER_0_11_89, 48.24, 40.8, 1.79999
FILLER_0_12_97, 48.24, 40.8, 1.79999
_140_, 48.24, 35.36, 1.79999
FILLER_0_9_89, 48.24, 35.36, 1.79999
_102_, 48.24, 24.48, 1.79998
_103_, 48.24, 24.48, 1.79998
FILLER_0_6_97, 48.24, 24.48, 1.79998
_125_, 48.24, 19.04, 1.79998
_126_, 48.24, 19.04, 1.79998
_130_, 48.24, 19.04, 1.79998
FILLER_0_3_87, 48.24, 19.04, 1.79998
_131_, 48.24, 13.6, 1.79998
_132_, 48.24, 13.6, 1.79998
input14, 48.24, 13.6, 1.79998
FILLER_0_0_91, 48.24, 13.6, 1.79998
FILLER_0_1_89, 48.24, 13.6, 1.79998
_145_, 41.64, 68, 1.79998
output34, 41.64, 68, 1.79998
FILLER_0_20_74, 41.64, 68, 1.79998
FILLER_0_21_79, 41.64, 68, 1.79998
_161_, 41.64, 62.56, 1.79998
_193_, 41.64, 62.56, 1.79998
_160_, 41.64, 57.12, 1.79999
_173_, 41.64, 57.12, 1.79999
FILLER_0_18_79, 41.64, 57.12, 1.79999
_159_, 41.64, 51.68, 1.79998
_163_, 41.64, 51.68, 1.79998
_171_, 41.64, 51.68, 1.79998
_172_, 41.64, 51.68, 1.79998
_178_, 41.64, 51.68, 1.79998
FILLER_0_15_78, 41.64, 51.68, 1.79998
_144_, 41.64, 46.24, 1.79999
_150_, 41.64, 40.8, 1.79999
_169_, 41.64, 40.8, 1.79999
FILLER_0_10_72, 41.64, 40.8, 1.79999
FILLER_0_12_81, 41.64, 40.8, 1.79999
_147_, 41.64, 35.36, 1.79999
_109_, 41.64, 29.92, 1.79999
FILLER_0_6_74, 41.64, 29.92, 1.79999
FILLER_0_8_79, 41.64, 29.92, 1.79999
_101_, 41.64, 24.48, 1.79998
_111_, 41.64, 24.48, 1.79998
FILLER_0_4_77, 41.64, 24.48, 1.79998
FILLER_0_5_74, 41.64, 24.48, 1.79998
FILLER_0_2_78, 41.64, 19.04, 1.79998
_123_, 41.64, 13.6, 1.79998
output40, 41.64, 13.6, 1.79998
FILLER_0_0_79, 41.64, 13.6, 1.79998
FILLER_0_1_81, 41.64, 13.6, 1.79998
FILLER_0_2_85, 41.64, 13.6, 1.79998
input22, 35.04, 68, 1.79998
FILLER_0_21_62, 35.04, 68, 1.79998
FILLER_0_21_70, 35.04, 68, 1.79998
FILLER_0_20_66, 35.04, 62.56, 1.79998
_194_, 35.04, 57.12, 1.79998
FILLER_0_15_69, 35.04, 51.68, 1.79999
_185_, 35.04, 46.24, 1.79999
FILLER_0_12_58, 35.04, 46.24, 1.79999
_152_, 35.04, 40.8, 1.79999
_164_, 35.04, 40.8, 1.79999
_167_, 35.04, 40.8, 1.79999
_168_, 35.04, 40.8, 1.79999
FILLER_0_10_64, 35.04, 40.8, 1.79999
FILLER_0_11_57, 35.04, 40.8, 1.79999
_151_, 35.04, 35.36, 1.79999
FILLER_0_9_57, 35.04, 35.36, 1.79999
_136_, 35.04, 29.92, 1.79998
FILLER_0_6_59, 35.04, 29.92, 1.79998
FILLER_0_7_57, 35.04, 29.92, 1.79998
FILLER_0_7_71, 35.04, 29.92, 1.79998
_105_, 35.04, 24.48, 1.79998
_107_, 35.04, 24.48, 1.79998
_120_, 35.04, 24.48, 1.79998
_135_, 35.04, 24.48, 1.79998
_100_, 35.04, 19.04, 1.79998
_106_, 35.04, 19.04, 1.79998
_098_, 35.04, 13.6, 1.79998
output38, 35.04, 13.6, 1.79998
FILLER_0_0_63, 35.04, 13.6, 1.79998
FILLER_0_1_57, 35.04, 13.6, 1.79998
_188_, 28.44, 68, 1.79998
input24, 28.44, 68, 1.79998
_198_, 28.44, 62.56, 1.79998
_199_, 28.44, 62.56, 1.79998
FILLER_0_19_52, 28.44, 62.56, 1.79998
_195_, 28.44, 57.12, 1.79998
_196_, 28.44, 57.12, 1.79998
FILLER_0_17_51, 28.44, 57.12, 1.79998
_182_, 28.44, 46.24, 1.79999
_186_, 28.44, 46.24, 1.79999
_197_, 28.44, 46.24, 1.79999
_200_, 28.44, 40.8, 1.79999
_201_, 28.44, 40.8, 1.79999
FILLER_0_11_51, 28.44, 40.8, 1.79999
_138_, 28.44, 35.36, 1.79999
FILLER_0_9_52, 28.44, 35.36, 1.79999
FILLER_0_10_54, 28.44, 35.36, 1.79999
_117_, 28.44, 29.92, 1.79998
FILLER_0_7_45, 28.44, 29.92, 1.79998
FILLER_0_7_53, 28.44, 29.92, 1.79998
FILLER_0_5_51, 28.44, 24.48, 1.79998
_097_, 28.44, 19.04, 1.79998
_099_, 28.44, 19.04, 1.79998
FILLER_0_2_46, 28.44, 19.04, 1.79998
input31, 28.44, 13.6, 1.79998
FILLER_0_0_49, 28.44, 13.6, 1.79998
FILLER_0_1_51, 28.44, 13.6, 1.79998
output44, 21.84, 68, 1.79998
FILLER_0_21_37, 21.84, 68, 1.79998
_180_, 21.84, 62.56, 1.79998
_191_, 21.84, 62.56, 1.79998
FILLER_0_19_27, 21.84, 62.56, 1.79998
FILLER_0_20_41, 21.84, 62.56, 1.79998
_177_, 21.84, 57.12, 1.79998
_189_, 21.84, 57.12, 1.79998
_192_, 21.84, 57.12, 1.79998
FILLER_0_16_29, 21.84, 57.12, 1.79998
FILLER_0_17_32, 21.84, 57.12, 1.79998
FILLER_0_17_40, 21.84, 57.12, 1.79998
_190_, 21.84, 51.68, 1.79999
_181_, 21.84, 46.24, 1.79998
_187_, 21.84, 46.24, 1.79998
FILLER_0_13_42, 21.84, 46.24, 1.79998
FILLER_0_12_41, 21.84, 40.8, 1.79999
_108_, 21.84, 35.36, 1.79998
FILLER_0_10_41, 21.84, 35.36, 1.79998
_128_, 21.84, 29.92, 1.79998
FILLER_0_8_42, 21.84, 29.92, 1.79998
_112_, 21.84, 24.48, 1.79998
_129_, 21.84, 24.48, 1.79998
FILLER_0_4_29, 21.84, 24.48, 1.79998
FILLER_0_6_36, 21.84, 24.48, 1.79998
_118_, 21.84, 19.04, 1.79998
FILLER_0_2_29, 21.84, 19.04, 1.79998
FILLER_0_3_39, 21.84, 19.04, 1.79998
_119_, 21.84, 13.6, 1.79997
output37, 21.84, 13.6, 1.79997
FILLER_0_0_35, 21.84, 13.6, 1.79997
FILLER_0_2_39, 21.84, 13.6, 1.79997
PHY_40, 5.52, 68, 1.79996
PHY_42, 5.52, 68, 1.79996
input10, 5.52, 68, 1.79996
input20, 5.52, 68, 1.79996
PHY_41, 67.16, 68, 1.79998
PHY_43, 67.16, 68, 1.79998
input1, 13.68, 68, 1.79997
input6, 13.68, 68, 1.79997
output43, 13.68, 68, 1.79997
FILLER_0_21_14, 13.68, 68, 1.79997
FILLER_0_21_23, 13.68, 68, 1.79997
PHY_36, 5.52, 62.56, 1.79997
PHY_38, 5.52, 62.56, 1.79997
output47, 5.52, 62.56, 1.79997
PHY_37, 67.16, 62.56, 1.79998
PHY_39, 67.16, 62.56, 1.79998
_170_, 13.68, 62.56, 1.79997
FILLER_0_20_24, 13.68, 62.56, 1.79997
PHY_32, 5.52, 57.12, 1.79998
PHY_34, 5.52, 57.12, 1.79998
input3, 5.52, 57.12, 1.79998
FILLER_0_17_7, 5.52, 57.12, 1.79998
FILLER_0_18_3, 5.52, 57.12, 1.79998
PHY_33, 67.16, 57.12, 1.79998
PHY_35, 67.16, 57.12, 1.79998
_176_, 13.68, 57.12, 1.79998
_183_, 13.68, 57.12, 1.79998
_184_, 13.68, 57.12, 1.79998
PHY_28, 5.52, 51.68, 1.79998
PHY_30, 5.52, 51.68, 1.79998
input19, 5.52, 51.68, 1.79998
FILLER_0_15_7, 5.52, 51.68, 1.79998
PHY_29, 67.16, 51.68, 1.79998
PHY_31, 67.16, 51.68, 1.79998
_175_, 13.68, 51.68, 1.79998
FILLER_0_16_18, 13.68, 51.68, 1.79998
_162_, 5.52, 46.24, 1.79998
PHY_24, 5.52, 46.24, 1.79998
PHY_26, 5.52, 46.24, 1.79998
FILLER_0_13_3, 5.52, 46.24, 1.79998
FILLER_0_14_3, 5.52, 46.24, 1.79998
PHY_25, 67.16, 46.24, 1.79999
PHY_27, 67.16, 46.24, 1.79999
_179_, 13.68, 46.24, 1.79998
FILLER_0_13_20, 13.68, 46.24, 1.79998
FILLER_0_14_20, 13.68, 46.24, 1.79998
PHY_20, 5.52, 40.8, 1.79999
PHY_22, 5.52, 40.8, 1.79999
input26, 5.52, 40.8, 1.79999
PHY_21, 67.16, 40.8, 1.79999
PHY_23, 67.16, 40.8, 1.79999
FILLER_0_12_19, 13.68, 40.8, 1.79999
_203_, 5.52, 35.36, 1.79998
PHY_16, 5.52, 35.36, 1.79998
PHY_18, 5.52, 35.36, 1.79998
input23, 5.52, 35.36, 1.79998
PHY_17, 67.16, 35.36, 1.79998
PHY_19, 67.16, 35.36, 1.79998
_121_, 13.68, 35.36, 1.79998
_202_, 13.68, 35.36, 1.79998
FILLER_0_10_18, 13.68, 35.36, 1.79998
PHY_12, 5.52, 29.92, 1.79997
PHY_14, 5.52, 29.92, 1.79997
output46, 5.52, 29.92, 1.79997
PHY_13, 67.16, 29.92, 1.79998
PHY_15, 67.16, 29.92, 1.79998
_115_, 13.68, 29.92, 1.79998
PHY_8, 5.52, 24.48, 1.79998
PHY_10, 5.52, 24.48, 1.79998
input8, 5.52, 24.48, 1.79998
PHY_9, 67.16, 24.48, 1.79998
PHY_11, 67.16, 24.48, 1.79998
_114_, 13.68, 24.48, 1.79998
_127_, 13.68, 24.48, 1.79998
FILLER_0_6_22, 13.68, 24.48, 1.79998
_116_, 5.52, 19.04, 1.79998
PHY_4, 5.52, 19.04, 1.79998
PHY_6, 5.52, 19.04, 1.79998
PHY_5, 67.16, 19.04, 1.79998
PHY_7, 67.16, 19.04, 1.79998
input7, 67.16, 19.04, 1.79998
_113_, 13.68, 19.04, 1.79998
FILLER_0_4_18, 13.68, 19.04, 1.79998
PHY_0, 5.52, 13.6, 1.79995
PHY_2, 5.52, 13.6, 1.79995
input5, 5.52, 13.6, 1.79995
input12, 5.52, 13.6, 1.79995
input27, 5.52, 13.6, 1.79995
input28, 5.52, 13.6, 1.79995
FILLER_0_0_7, 5.52, 13.6, 1.79995
PHY_1, 67.16, 13.6, 1.79998
PHY_3, 67.16, 13.6, 1.79998
_110_, 13.68, 13.6, 1.79995
output36, 13.68, 13.6, 1.79995
output39, 13.68, 13.6, 1.79995
FILLER_0_0_25, 13.68, 13.6, 1.79995
FILLER_0_1_19, 13.68, 13.6, 1.79995
FILLER_0_2_23, 13.68, 13.6, 1.79995

