Instance name,  X location,  Y location,  Voltage 
output42, 64.74, 70.72, 1.65221e-05
PHY_41, 64.74, 65.28, 1.83695e-05
PHY_43, 64.74, 65.28, 1.83695e-05
input16, 64.74, 65.28, 1.83695e-05
input18, 64.74, 65.28, 1.83695e-05
input30, 64.74, 65.28, 1.83695e-05
PHY_37, 64.74, 59.84, 1.42636e-05
PHY_39, 64.74, 59.84, 1.42636e-05
input13, 64.74, 59.84, 1.42636e-05
FILLER_0_17_122, 64.74, 59.84, 1.42636e-05
FILLER_0_18_126, 64.74, 59.84, 1.42636e-05
PHY_33, 64.74, 54.4, 1.4944e-05
PHY_35, 64.74, 54.4, 1.4944e-05
input32, 64.74, 54.4, 1.4944e-05
FILLER_0_16_126, 64.74, 54.4, 1.4944e-05
PHY_29, 64.74, 48.96, 1.30483e-05
PHY_31, 64.74, 48.96, 1.30483e-05
FILLER_0_13_125, 64.74, 48.96, 1.30483e-05
PHY_25, 64.74, 43.52, 1.3318e-05
PHY_27, 64.74, 43.52, 1.3318e-05
input29, 64.74, 43.52, 1.3318e-05
FILLER_0_11_123, 64.74, 43.52, 1.3318e-05
FILLER_0_12_122, 64.74, 43.52, 1.3318e-05
PHY_21, 64.74, 38.08, 1.69991e-05
PHY_23, 64.74, 38.08, 1.69991e-05
output48, 64.74, 38.08, 1.69991e-05
FILLER_0_9_126, 64.74, 38.08, 1.69991e-05
PHY_17, 64.74, 32.64, 1.63697e-05
PHY_19, 64.74, 32.64, 1.63697e-05
output35, 64.74, 32.64, 1.63697e-05
PHY_13, 64.74, 27.2, 1.58384e-05
PHY_15, 64.74, 27.2, 1.58384e-05
input9, 64.74, 27.2, 1.58384e-05
FILLER_0_6_124, 64.74, 27.2, 1.58384e-05
PHY_9, 64.74, 21.76, 1.49549e-05
PHY_11, 64.74, 21.76, 1.49549e-05
FILLER_0_3_125, 64.74, 21.76, 1.49549e-05
FILLER_0_4_122, 64.74, 21.76, 1.49549e-05
PHY_5, 64.74, 16.32, 1.71501e-05
PHY_7, 64.74, 16.32, 1.71501e-05
input2, 64.74, 16.32, 1.71501e-05
input7, 64.74, 16.32, 1.71501e-05
input17, 64.74, 16.32, 1.71501e-05
FILLER_0_2_124, 64.74, 16.32, 1.71501e-05
PHY_1, 64.74, 10.88, 1.85986e-05
PHY_3, 64.74, 10.88, 1.85986e-05
output33, 64.74, 10.88, 1.85986e-05
_154_, 58.14, 65.28, 1.89168e-05
input4, 58.14, 65.28, 1.89168e-05
output41, 58.14, 65.28, 1.89168e-05
FILLER_0_20_116, 58.14, 65.28, 1.89168e-05
_146_, 58.14, 54.4, 1.54452e-05
_156_, 58.14, 54.4, 1.54452e-05
_166_, 58.14, 54.4, 1.54452e-05
_174_, 58.14, 54.4, 1.54452e-05
_155_, 58.14, 48.96, 1.33118e-05
_165_, 58.14, 48.96, 1.33118e-05
FILLER_0_13_109, 58.14, 48.96, 1.33118e-05
_149_, 58.14, 43.52, 1.30965e-05
FILLER_0_11_113, 58.14, 43.52, 1.30965e-05
_137_, 58.14, 38.08, 1.61404e-05
_141_, 58.14, 38.08, 1.61404e-05
_153_, 58.14, 38.08, 1.61404e-05
FILLER_0_10_120, 58.14, 38.08, 1.61404e-05
FILLER_0_8_121, 58.14, 32.64, 1.46907e-05
_122_, 58.14, 27.2, 1.61107e-05
_133_, 58.14, 27.2, 1.61107e-05
_104_, 58.14, 21.76, 1.5261e-05
FILLER_0_3_109, 58.14, 21.76, 1.5261e-05
FILLER_0_4_109, 58.14, 21.76, 1.5261e-05
FILLER_0_5_120, 58.14, 21.76, 1.5261e-05
_094_, 58.14, 16.32, 1.69268e-05
_095_, 58.14, 16.32, 1.69268e-05
FILLER_0_1_109, 58.14, 16.32, 1.69268e-05
FILLER_0_1_113, 58.14, 16.32, 1.69268e-05
FILLER_0_2_108, 58.14, 16.32, 1.69268e-05
_096_, 58.14, 10.88, 1.88722e-05
input11, 58.14, 10.88, 1.88722e-05
input15, 58.14, 10.88, 1.88722e-05
input21, 51.54, 65.28, 1.75589e-05
FILLER_0_21_105, 51.54, 65.28, 1.75589e-05
FILLER_0_19_105, 51.54, 59.84, 1.40204e-05
_157_, 51.54, 54.4, 1.46401e-05
FILLER_0_17_105, 51.54, 54.4, 1.46401e-05
FILLER_0_15_107, 51.54, 48.96, 1.3148e-05
_139_, 51.54, 43.52, 1.30193e-05
_142_, 51.54, 43.52, 1.30193e-05
FILLER_0_12_97, 51.54, 43.52, 1.30193e-05
FILLER_0_13_101, 51.54, 43.52, 1.30193e-05
_140_, 51.54, 38.08, 1.48828e-05
_148_, 51.54, 38.08, 1.48828e-05
FILLER_0_10_102, 51.54, 38.08, 1.48828e-05
_103_, 51.54, 27.2, 1.60992e-05
_134_, 51.54, 27.2, 1.60992e-05
FILLER_0_6_97, 51.54, 27.2, 1.60992e-05
FILLER_0_7_105, 51.54, 27.2, 1.60992e-05
_125_, 51.54, 21.76, 1.52162e-05
_124_, 51.54, 16.32, 1.72373e-05
_131_, 51.54, 16.32, 1.72373e-05
_132_, 51.54, 16.32, 1.72373e-05
output45, 51.54, 10.88, 1.96944e-05
FILLER_0_0_107, 51.54, 10.88, 1.96944e-05
FILLER_0_1_101, 51.54, 10.88, 1.96944e-05
FILLER_0_21_79, 44.94, 70.72, 1.42028e-05
_161_, 44.94, 65.28, 1.80521e-05
input25, 44.94, 65.28, 1.80521e-05
FILLER_0_21_91, 44.94, 65.28, 1.80521e-05
_160_, 44.94, 59.84, 1.47446e-05
FILLER_0_18_79, 44.94, 59.84, 1.47446e-05
_159_, 44.94, 54.4, 1.45456e-05
_172_, 44.94, 54.4, 1.45456e-05
_178_, 44.94, 54.4, 1.45456e-05
_143_, 44.94, 48.96, 1.37554e-05
_144_, 44.94, 48.96, 1.37554e-05
_158_, 44.94, 48.96, 1.37554e-05
FILLER_0_12_81, 44.94, 43.52, 1.21274e-05
_147_, 44.94, 38.08, 1.41557e-05
FILLER_0_11_89, 44.94, 38.08, 1.41557e-05
FILLER_0_8_79, 44.94, 32.64, 1.35224e-05
FILLER_0_9_89, 44.94, 32.64, 1.35224e-05
_101_, 44.94, 27.2, 1.65546e-05
_111_, 44.94, 27.2, 1.65546e-05
_102_, 44.94, 21.76, 1.56076e-05
_123_, 44.94, 16.32, 1.71815e-05
_126_, 44.94, 16.32, 1.71815e-05
_130_, 44.94, 16.32, 1.71815e-05
FILLER_0_1_81, 44.94, 16.32, 1.71815e-05
FILLER_0_2_85, 44.94, 16.32, 1.71815e-05
FILLER_0_3_87, 44.94, 16.32, 1.71815e-05
input14, 44.94, 10.88, 1.9876e-05
FILLER_0_0_79, 44.94, 10.88, 1.9876e-05
FILLER_0_0_91, 44.94, 10.88, 1.9876e-05
FILLER_0_1_89, 44.94, 10.88, 1.9876e-05
FILLER_0_21_70, 38.34, 70.72, 1.45306e-05
_145_, 38.34, 65.28, 1.97909e-05
output34, 38.34, 65.28, 1.97909e-05
FILLER_0_20_66, 38.34, 65.28, 1.97909e-05
FILLER_0_20_74, 38.34, 65.28, 1.97909e-05
_193_, 38.34, 59.84, 1.59346e-05
_194_, 38.34, 59.84, 1.59346e-05
_173_, 38.34, 54.4, 1.36916e-05
FILLER_0_15_69, 38.34, 54.4, 1.36916e-05
_163_, 38.34, 48.96, 1.37501e-05
_171_, 38.34, 48.96, 1.37501e-05
FILLER_0_15_78, 38.34, 48.96, 1.37501e-05
_152_, 38.34, 43.52, 1.22988e-05
_167_, 38.34, 43.52, 1.22988e-05
_150_, 38.34, 38.08, 1.42405e-05
_169_, 38.34, 38.08, 1.42405e-05
FILLER_0_10_72, 38.34, 38.08, 1.42405e-05
FILLER_0_7_71, 38.34, 32.64, 1.37146e-05
_105_, 38.34, 27.2, 1.81179e-05
_107_, 38.34, 27.2, 1.81179e-05
_109_, 38.34, 27.2, 1.81179e-05
_135_, 38.34, 27.2, 1.81179e-05
FILLER_0_6_74, 38.34, 27.2, 1.81179e-05
_100_, 38.34, 21.76, 1.67274e-05
FILLER_0_4_77, 38.34, 21.76, 1.67274e-05
FILLER_0_5_74, 38.34, 21.76, 1.67274e-05
FILLER_0_2_78, 38.34, 16.32, 1.69848e-05
output40, 38.34, 10.88, 2.24341e-05
input22, 31.74, 65.28, 2.07065e-05
FILLER_0_19_52, 31.74, 65.28, 2.07065e-05
FILLER_0_21_62, 31.74, 65.28, 2.07065e-05
_195_, 31.74, 59.84, 1.74903e-05
FILLER_0_17_51, 31.74, 59.84, 1.74903e-05
_182_, 31.74, 48.96, 1.42851e-05
_185_, 31.74, 48.96, 1.42851e-05
_200_, 31.74, 43.52, 1.30337e-05
FILLER_0_11_51, 31.74, 43.52, 1.30337e-05
FILLER_0_11_57, 31.74, 43.52, 1.30337e-05
FILLER_0_12_58, 31.74, 43.52, 1.30337e-05
_164_, 31.74, 38.08, 1.48026e-05
_168_, 31.74, 38.08, 1.48026e-05
FILLER_0_9_52, 31.74, 38.08, 1.48026e-05
FILLER_0_9_57, 31.74, 38.08, 1.48026e-05
FILLER_0_10_54, 31.74, 38.08, 1.48026e-05
FILLER_0_10_64, 31.74, 38.08, 1.48026e-05
_151_, 31.74, 32.64, 1.47462e-05
FILLER_0_7_53, 31.74, 32.64, 1.47462e-05
FILLER_0_7_57, 31.74, 32.64, 1.47462e-05
_136_, 31.74, 27.2, 1.92479e-05
FILLER_0_5_51, 31.74, 27.2, 1.92479e-05
FILLER_0_6_59, 31.74, 27.2, 1.92479e-05
_106_, 31.74, 21.76, 1.84337e-05
_120_, 31.74, 21.76, 1.84337e-05
FILLER_0_1_51, 31.74, 16.32, 1.82116e-05
FILLER_0_1_57, 31.74, 16.32, 1.82116e-05
_098_, 31.74, 10.88, 2.70463e-05
output38, 31.74, 10.88, 2.70463e-05
FILLER_0_0_63, 31.74, 10.88, 2.70463e-05
FILLER_0_21_37, 25.14, 70.72, 1.76094e-05
_188_, 25.14, 65.28, 2.57241e-05
input24, 25.14, 65.28, 2.57241e-05
FILLER_0_20_41, 25.14, 65.28, 2.57241e-05
_189_, 25.14, 59.84, 2.04027e-05
_192_, 25.14, 59.84, 2.04027e-05
_198_, 25.14, 59.84, 2.04027e-05
_199_, 25.14, 59.84, 2.04027e-05
FILLER_0_17_32, 25.14, 59.84, 2.04027e-05
FILLER_0_17_40, 25.14, 59.84, 2.04027e-05
_177_, 25.14, 54.4, 1.5179e-05
_190_, 25.14, 54.4, 1.5179e-05
_196_, 25.14, 54.4, 1.5179e-05
_181_, 25.14, 48.96, 1.5714e-05
FILLER_0_13_42, 25.14, 48.96, 1.5714e-05
_186_, 25.14, 43.52, 1.46547e-05
_197_, 25.14, 43.52, 1.46547e-05
FILLER_0_12_41, 25.14, 43.52, 1.46547e-05
_201_, 25.14, 38.08, 1.60072e-05
FILLER_0_10_41, 25.14, 38.08, 1.60072e-05
_138_, 25.14, 32.64, 1.65273e-05
FILLER_0_8_42, 25.14, 32.64, 1.65273e-05
_117_, 25.14, 27.2, 2.19335e-05
_129_, 25.14, 27.2, 2.19335e-05
FILLER_0_6_36, 25.14, 27.2, 2.19335e-05
FILLER_0_7_45, 25.14, 27.2, 2.19335e-05
_112_, 25.14, 21.76, 1.97817e-05
FILLER_0_3_39, 25.14, 21.76, 1.97817e-05
_097_, 25.14, 16.32, 2.07434e-05
_099_, 25.14, 16.32, 2.07434e-05
_118_, 25.14, 16.32, 2.07434e-05
_119_, 25.14, 16.32, 2.07434e-05
FILLER_0_2_39, 25.14, 16.32, 2.07434e-05
FILLER_0_2_46, 25.14, 16.32, 2.07434e-05
input31, 25.14, 10.88, 3.39345e-05
FILLER_0_0_35, 25.14, 10.88, 3.39345e-05
FILLER_0_0_49, 25.14, 10.88, 3.39345e-05
PHY_42, 5.52, 70.72, 2.38091e-05
input6, 15.33, 70.72, 2.38091e-05
output43, 15.33, 70.72, 2.38091e-05
FILLER_0_21_14, 15.33, 70.72, 2.38091e-05
PHY_38, 5.52, 65.28, 5.15937e-05
PHY_40, 5.52, 65.28, 5.15937e-05
input1, 5.52, 65.28, 5.15937e-05
input10, 5.52, 65.28, 5.15937e-05
input20, 5.52, 65.28, 5.15937e-05
output47, 5.52, 65.28, 5.15937e-05
output44, 15.33, 65.28, 4.16047e-05
FILLER_0_20_24, 15.33, 65.28, 4.16047e-05
FILLER_0_21_23, 15.33, 65.28, 4.16047e-05
_170_, 5.52, 59.84, 2.84666e-05
PHY_34, 5.52, 59.84, 2.84666e-05
PHY_36, 5.52, 59.84, 2.84666e-05
FILLER_0_18_3, 5.52, 59.84, 2.84666e-05
_180_, 15.33, 59.84, 2.67148e-05
_183_, 15.33, 59.84, 2.67148e-05
_184_, 15.33, 59.84, 2.67148e-05
_191_, 15.33, 59.84, 2.67148e-05
FILLER_0_19_27, 15.33, 59.84, 2.67148e-05
PHY_30, 5.52, 54.4, 1.81519e-05
PHY_32, 5.52, 54.4, 1.81519e-05
input3, 5.52, 54.4, 1.81519e-05
FILLER_0_17_7, 5.52, 54.4, 1.81519e-05
_175_, 15.33, 54.4, 1.70574e-05
_176_, 15.33, 54.4, 1.70574e-05
FILLER_0_16_18, 15.33, 54.4, 1.70574e-05
FILLER_0_16_29, 15.33, 54.4, 1.70574e-05
_162_, 5.52, 48.96, 2.33761e-05
PHY_26, 5.52, 48.96, 2.33761e-05
PHY_28, 5.52, 48.96, 2.33761e-05
input19, 5.52, 48.96, 2.33761e-05
FILLER_0_14_3, 5.52, 48.96, 2.33761e-05
FILLER_0_15_7, 5.52, 48.96, 2.33761e-05
_179_, 15.33, 48.96, 2.02876e-05
FILLER_0_13_20, 15.33, 48.96, 2.02876e-05
FILLER_0_14_20, 15.33, 48.96, 2.02876e-05
PHY_22, 5.52, 43.52, 1.90813e-05
PHY_24, 5.52, 43.52, 1.90813e-05
input26, 5.52, 43.52, 1.90813e-05
FILLER_0_13_3, 5.52, 43.52, 1.90813e-05
_187_, 15.33, 43.52, 1.78082e-05
FILLER_0_12_19, 15.33, 43.52, 1.78082e-05
PHY_18, 5.52, 38.08, 1.94995e-05
PHY_20, 5.52, 38.08, 1.94995e-05
input23, 5.52, 38.08, 1.94995e-05
_121_, 15.33, 38.08, 1.90443e-05
_202_, 15.33, 38.08, 1.90443e-05
FILLER_0_10_18, 15.33, 38.08, 1.90443e-05
_203_, 5.52, 32.64, 2.12708e-05
PHY_14, 5.52, 32.64, 2.12708e-05
PHY_16, 5.52, 32.64, 2.12708e-05
_108_, 15.33, 32.64, 1.95666e-05
PHY_10, 5.52, 27.2, 3.63158e-05
PHY_12, 5.52, 27.2, 3.63158e-05
output46, 5.52, 27.2, 3.63158e-05
_115_, 15.33, 27.2, 3.01705e-05
_127_, 15.33, 27.2, 3.01705e-05
_128_, 15.33, 27.2, 3.01705e-05
FILLER_0_6_22, 15.33, 27.2, 3.01705e-05
_116_, 5.52, 21.76, 2.55106e-05
PHY_6, 5.52, 21.76, 2.55106e-05
PHY_8, 5.52, 21.76, 2.55106e-05
input8, 5.52, 21.76, 2.55106e-05
_113_, 15.33, 21.76, 2.35023e-05
_114_, 15.33, 21.76, 2.35023e-05
FILLER_0_4_18, 15.33, 21.76, 2.35023e-05
FILLER_0_4_29, 15.33, 21.76, 2.35023e-05
PHY_2, 5.52, 16.32, 2.60627e-05
PHY_4, 5.52, 16.32, 2.60627e-05
input5, 5.52, 16.32, 2.60627e-05
input27, 5.52, 16.32, 2.60627e-05
FILLER_0_1_19, 15.33, 16.32, 2.34031e-05
FILLER_0_2_23, 15.33, 16.32, 2.34031e-05
FILLER_0_2_29, 15.33, 16.32, 2.34031e-05
PHY_0, 5.52, 10.88, 6.03107e-05
input12, 5.52, 10.88, 6.03107e-05
input28, 5.52, 10.88, 6.03107e-05
FILLER_0_0_7, 5.52, 10.88, 6.03107e-05
_110_, 15.33, 10.88, 5.73057e-05
output36, 15.33, 10.88, 5.73057e-05
output37, 15.33, 10.88, 5.73057e-05
output39, 15.33, 10.88, 5.73057e-05
FILLER_0_0_25, 15.33, 10.88, 5.73057e-05

