
===========================================================================
report_checks -path_delay min (Hold)
============================================================================
======================= Typical Corner ===================================

Startpoint: A[0] (input port clocked by clk)
Endpoint: P[1] (output port clocked by clk)
Path Group: clk
Path Type: min

Fanout     Cap    Slew   Delay    Time   Description
-----------------------------------------------------------------------------
                  0.00    0.00    0.00   clock clk (rise edge)
                          0.00    0.00   clock network delay (ideal)
                          2.00    2.00 v input external delay
                  0.03    0.02    2.02 v A[0] (in)
     5    0.01                           A[0] (net)
                  0.03    0.00    2.02 v _359_/A (sky130_fd_sc_hd__buf_1)
                  0.16    0.18    2.20 v _359_/X (sky130_fd_sc_hd__buf_1)
    10    0.03                           _245_ (net)
                  0.16    0.00    2.20 v _364_/B2 (sky130_fd_sc_hd__a22oi_2)
                  0.12    0.18    2.38 ^ _364_/Y (sky130_fd_sc_hd__a22oi_2)
     1    0.00                           _296_ (net)
                  0.12    0.00    2.38 ^ _366_/A (sky130_fd_sc_hd__nor2_2)
                  0.09    0.11    2.49 v _366_/Y (sky130_fd_sc_hd__nor2_2)
     1    0.03                           P[1] (net)
                  0.09    0.00    2.49 v P[1] (out)
                                  2.49   data arrival time

                  0.00    0.00    0.00   clock clk (rise edge)
                          0.00    0.00   clock network delay (ideal)
                          0.25    0.25   clock uncertainty
                          0.00    0.25   clock reconvergence pessimism
                         -2.00   -1.75   output external delay
                                 -1.75   data required time
-----------------------------------------------------------------------------
                                 -1.75   data required time
                                 -2.49   data arrival time
-----------------------------------------------------------------------------
                                  4.24   slack (MET)


Startpoint: A[0] (input port clocked by clk)
Endpoint: P[3] (output port clocked by clk)
Path Group: clk
Path Type: min

Fanout     Cap    Slew   Delay    Time   Description
-----------------------------------------------------------------------------
                  0.00    0.00    0.00   clock clk (rise edge)
                          0.00    0.00   clock network delay (ideal)
                          2.00    2.00 ^ input external delay
                  0.07    0.05    2.05 ^ A[0] (in)
     5    0.01                           A[0] (net)
                  0.07    0.00    2.05 ^ _371_/C (sky130_fd_sc_hd__and4bb_2)
                  0.08    0.23    2.28 ^ _371_/X (sky130_fd_sc_hd__and4bb_2)
     3    0.01                           _307_ (net)
                  0.08    0.00    2.28 ^ _375_/A (sky130_fd_sc_hd__nor3b_2)
                  0.03    0.05    2.33 v _375_/Y (sky130_fd_sc_hd__nor3b_2)
     2    0.01                           _310_ (net)
                  0.03    0.00    2.33 v _388_/A (sky130_fd_sc_hd__nor2_2)
                  0.08    0.10    2.42 ^ _388_/Y (sky130_fd_sc_hd__nor2_2)
     1    0.00                           _323_ (net)
                  0.08    0.00    2.42 ^ _389_/B (sky130_fd_sc_hd__nor2_2)
                  0.08    0.09    2.51 v _389_/Y (sky130_fd_sc_hd__nor2_2)
     1    0.03                           P[3] (net)
                  0.08    0.00    2.51 v P[3] (out)
                                  2.51   data arrival time

                  0.00    0.00    0.00   clock clk (rise edge)
                          0.00    0.00   clock network delay (ideal)
                          0.25    0.25   clock uncertainty
                          0.00    0.25   clock reconvergence pessimism
                         -2.00   -1.75   output external delay
                                 -1.75   data required time
-----------------------------------------------------------------------------
                                 -1.75   data required time
                                 -2.51   data arrival time
-----------------------------------------------------------------------------
                                  4.26   slack (MET)


Startpoint: A[0] (input port clocked by clk)
Endpoint: P[2] (output port clocked by clk)
Path Group: clk
Path Type: min

Fanout     Cap    Slew   Delay    Time   Description
-----------------------------------------------------------------------------
                  0.00    0.00    0.00   clock clk (rise edge)
                          0.00    0.00   clock network delay (ideal)
                          2.00    2.00 ^ input external delay
                  0.07    0.05    2.05 ^ A[0] (in)
     5    0.01                           A[0] (net)
                  0.07    0.00    2.05 ^ _371_/C (sky130_fd_sc_hd__and4bb_2)
                  0.08    0.23    2.28 ^ _371_/X (sky130_fd_sc_hd__and4bb_2)
     3    0.01                           _307_ (net)
                  0.08    0.00    2.28 ^ _373_/A (sky130_fd_sc_hd__or2_2)
                  0.06    0.12    2.40 ^ _373_/X (sky130_fd_sc_hd__or2_2)
     1    0.01                           _309_ (net)
                  0.06    0.00    2.40 ^ _374_/B (sky130_fd_sc_hd__xnor2_2)
                  0.15    0.14    2.54 v _374_/Y (sky130_fd_sc_hd__xnor2_2)
     1    0.03                           P[2] (net)
                  0.15    0.00    2.54 v P[2] (out)
                                  2.54   data arrival time

                  0.00    0.00    0.00   clock clk (rise edge)
                          0.00    0.00   clock network delay (ideal)
                          0.25    0.25   clock uncertainty
                          0.00    0.25   clock reconvergence pessimism
                         -2.00   -1.75   output external delay
                                 -1.75   data required time
-----------------------------------------------------------------------------
                                 -1.75   data required time
                                 -2.54   data arrival time
-----------------------------------------------------------------------------
                                  4.29   slack (MET)


Startpoint: A[0] (input port clocked by clk)
Endpoint: P[5] (output port clocked by clk)
Path Group: clk
Path Type: min

Fanout     Cap    Slew   Delay    Time   Description
-----------------------------------------------------------------------------
                  0.00    0.00    0.00   clock clk (rise edge)
                          0.00    0.00   clock network delay (ideal)
                          2.00    2.00 v input external delay
                  0.03    0.02    2.02 v A[0] (in)
     5    0.01                           A[0] (net)
                  0.03    0.00    2.02 v _394_/A (sky130_fd_sc_hd__and4_2)
                  0.06    0.19    2.21 v _394_/X (sky130_fd_sc_hd__and4_2)
     3    0.01                           _328_ (net)
                  0.06    0.00    2.21 v _433_/A (sky130_fd_sc_hd__xnor2_2)
                  0.08    0.17    2.38 v _433_/Y (sky130_fd_sc_hd__xnor2_2)
     4    0.02                           _008_ (net)
                  0.08    0.00    2.38 v _731_/A (sky130_fd_sc_hd__xnor2_2)
                  0.15    0.23    2.61 v _731_/Y (sky130_fd_sc_hd__xnor2_2)
     1    0.03                           P[5] (net)
                  0.15    0.00    2.61 v P[5] (out)
                                  2.61   data arrival time

                  0.00    0.00    0.00   clock clk (rise edge)
                          0.00    0.00   clock network delay (ideal)
                          0.25    0.25   clock uncertainty
                          0.00    0.25   clock reconvergence pessimism
                         -2.00   -1.75   output external delay
                                 -1.75   data required time
-----------------------------------------------------------------------------
                                 -1.75   data required time
                                 -2.61   data arrival time
-----------------------------------------------------------------------------
                                  4.36   slack (MET)


Startpoint: A[0] (input port clocked by clk)
Endpoint: P[0] (output port clocked by clk)
Path Group: clk
Path Type: min

Fanout     Cap    Slew   Delay    Time   Description
-----------------------------------------------------------------------------
                  0.00    0.00    0.00   clock clk (rise edge)
                          0.00    0.00   clock network delay (ideal)
                          2.00    2.00 v input external delay
                  0.03    0.02    2.02 v A[0] (in)
     5    0.01                           A[0] (net)
                  0.03    0.00    2.02 v _359_/A (sky130_fd_sc_hd__buf_1)
                  0.16    0.18    2.20 v _359_/X (sky130_fd_sc_hd__buf_1)
    10    0.03                           _245_ (net)
                  0.16    0.00    2.20 v _360_/B (sky130_fd_sc_hd__and2_2)
                  0.03    0.22    2.42 v _360_/X (sky130_fd_sc_hd__and2_2)
     1    0.00                           _255_ (net)
                  0.03    0.00    2.42 v _361_/A (sky130_fd_sc_hd__buf_1)
                  0.19    0.20    2.62 v _361_/X (sky130_fd_sc_hd__buf_1)
     1    0.03                           P[0] (net)
                  0.19    0.00    2.62 v P[0] (out)
                                  2.62   data arrival time

                  0.00    0.00    0.00   clock clk (rise edge)
                          0.00    0.00   clock network delay (ideal)
                          0.25    0.25   clock uncertainty
                          0.00    0.25   clock reconvergence pessimism
                         -2.00   -1.75   output external delay
                                 -1.75   data required time
-----------------------------------------------------------------------------
                                 -1.75   data required time
                                 -2.62   data arrival time
-----------------------------------------------------------------------------
                                  4.37   slack (MET)


Startpoint: A[0] (input port clocked by clk)
Endpoint: P[6] (output port clocked by clk)
Path Group: clk
Path Type: min

Fanout     Cap    Slew   Delay    Time   Description
-----------------------------------------------------------------------------
                  0.00    0.00    0.00   clock clk (rise edge)
                          0.00    0.00   clock network delay (ideal)
                          2.00    2.00 v input external delay
                  0.03    0.02    2.02 v A[0] (in)
     5    0.01                           A[0] (net)
                  0.03    0.00    2.02 v _394_/A (sky130_fd_sc_hd__and4_2)
                  0.06    0.19    2.21 v _394_/X (sky130_fd_sc_hd__and4_2)
     3    0.01                           _328_ (net)
                  0.06    0.00    2.21 v _433_/A (sky130_fd_sc_hd__xnor2_2)
                  0.08    0.17    2.38 v _433_/Y (sky130_fd_sc_hd__xnor2_2)
     4    0.02                           _008_ (net)
                  0.08    0.00    2.38 v _465_/B (sky130_fd_sc_hd__nor2_2)
                  0.14    0.14    2.51 ^ _465_/Y (sky130_fd_sc_hd__nor2_2)
     2    0.01                           _040_ (net)
                  0.14    0.00    2.51 ^ _466_/B (sky130_fd_sc_hd__xnor2_2)
                  0.16    0.16    2.68 v _466_/Y (sky130_fd_sc_hd__xnor2_2)
     1    0.03                           P[6] (net)
                  0.16    0.00    2.68 v P[6] (out)
                                  2.68   data arrival time

                  0.00    0.00    0.00   clock clk (rise edge)
                          0.00    0.00   clock network delay (ideal)
                          0.25    0.25   clock uncertainty
                          0.00    0.25   clock reconvergence pessimism
                         -2.00   -1.75   output external delay
                                 -1.75   data required time
-----------------------------------------------------------------------------
                                 -1.75   data required time
                                 -2.68   data arrival time
-----------------------------------------------------------------------------
                                  4.43   slack (MET)


Startpoint: B[6] (input port clocked by clk)
Endpoint: P[7] (output port clocked by clk)
Path Group: clk
Path Type: min

Fanout     Cap    Slew   Delay    Time   Description
-----------------------------------------------------------------------------
                  0.00    0.00    0.00   clock clk (rise edge)
                          0.00    0.00   clock network delay (ideal)
                          2.00    2.00 v input external delay
                  0.02    0.02    2.02 v B[6] (in)
     6    0.01                           B[6] (net)
                  0.02    0.00    2.02 v _435_/A (sky130_fd_sc_hd__buf_1)
                  0.14    0.16    2.18 v _435_/X (sky130_fd_sc_hd__buf_1)
    10    0.02                           _010_ (net)
                  0.14    0.00    2.18 v _436_/C1 (sky130_fd_sc_hd__o211a_2)
                  0.05    0.17    2.35 v _436_/X (sky130_fd_sc_hd__o211a_2)
     4    0.01                           _011_ (net)
                  0.05    0.00    2.35 v _497_/A (sky130_fd_sc_hd__nand3_2)
                  0.06    0.07    2.42 ^ _497_/Y (sky130_fd_sc_hd__nand3_2)
     3    0.01                           _071_ (net)
                  0.06    0.00    2.42 ^ _500_/B (sky130_fd_sc_hd__nand3b_2)
                  0.06    0.08    2.50 v _500_/Y (sky130_fd_sc_hd__nand3b_2)
     2    0.01                           _074_ (net)
                  0.06    0.00    2.50 v _503_/A2 (sky130_fd_sc_hd__a21oi_2)
                  0.09    0.14    2.64 ^ _503_/Y (sky130_fd_sc_hd__a21oi_2)
     1    0.00                           _077_ (net)
                  0.09    0.00    2.64 ^ _504_/B (sky130_fd_sc_hd__nor2_2)
                  0.08    0.09    2.73 v _504_/Y (sky130_fd_sc_hd__nor2_2)
     1    0.03                           P[7] (net)
                  0.08    0.00    2.73 v P[7] (out)
                                  2.73   data arrival time

                  0.00    0.00    0.00   clock clk (rise edge)
                          0.00    0.00   clock network delay (ideal)
                          0.25    0.25   clock uncertainty
                          0.00    0.25   clock reconvergence pessimism
                         -2.00   -1.75   output external delay
                                 -1.75   data required time
-----------------------------------------------------------------------------
                                 -1.75   data required time
                                 -2.73   data arrival time
-----------------------------------------------------------------------------
                                  4.48   slack (MET)


Startpoint: B[7] (input port clocked by clk)
Endpoint: P[15] (output port clocked by clk)
Path Group: clk
Path Type: min

Fanout     Cap    Slew   Delay    Time   Description
-----------------------------------------------------------------------------
                  0.00    0.00    0.00   clock clk (rise edge)
                          0.00    0.00   clock network delay (ideal)
                          2.00    2.00 ^ input external delay
                  0.09    0.06    2.06 ^ B[7] (in)
     8    0.02                           B[7] (net)
                  0.09    0.00    2.06 ^ _468_/A (sky130_fd_sc_hd__inv_2)
                  0.06    0.08    2.14 v _468_/Y (sky130_fd_sc_hd__inv_2)
    10    0.02                           _042_ (net)
                  0.06    0.00    2.14 v _702_/A2 (sky130_fd_sc_hd__o21ai_2)
                  0.08    0.15    2.29 ^ _702_/Y (sky130_fd_sc_hd__o21ai_2)
     3    0.01                           _272_ (net)
                  0.08    0.00    2.29 ^ _727_/A2 (sky130_fd_sc_hd__a21o_2)
                  0.03    0.11    2.40 ^ _727_/X (sky130_fd_sc_hd__a21o_2)
     1    0.00                           _299_ (net)
                  0.03    0.00    2.40 ^ _728_/B2 (sky130_fd_sc_hd__a32o_2)
                  0.04    0.10    2.50 ^ _728_/X (sky130_fd_sc_hd__a32o_2)
     1    0.00                           _300_ (net)
                  0.04    0.00    2.50 ^ _729_/C1 (sky130_fd_sc_hd__o211a_2)
                  0.20    0.27    2.77 ^ _729_/X (sky130_fd_sc_hd__o211a_2)
     1    0.03                           P[15] (net)
                  0.20    0.00    2.77 ^ P[15] (out)
                                  2.77   data arrival time

                  0.00    0.00    0.00   clock clk (rise edge)
                          0.00    0.00   clock network delay (ideal)
                          0.25    0.25   clock uncertainty
                          0.00    0.25   clock reconvergence pessimism
                         -2.00   -1.75   output external delay
                                 -1.75   data required time
-----------------------------------------------------------------------------
                                 -1.75   data required time
                                 -2.77   data arrival time
-----------------------------------------------------------------------------
                                  4.52   slack (MET)


Startpoint: B[7] (input port clocked by clk)
Endpoint: P[14] (output port clocked by clk)
Path Group: clk
Path Type: min

Fanout     Cap    Slew   Delay    Time   Description
-----------------------------------------------------------------------------
                  0.00    0.00    0.00   clock clk (rise edge)
                          0.00    0.00   clock network delay (ideal)
                          2.00    2.00 v input external delay
                  0.04    0.03    2.03 v B[7] (in)
     8    0.02                           B[7] (net)
                  0.04    0.00    2.03 v _468_/A (sky130_fd_sc_hd__inv_2)
                  0.13    0.11    2.14 ^ _468_/Y (sky130_fd_sc_hd__inv_2)
    10    0.03                           _042_ (net)
                  0.13    0.00    2.14 ^ _681_/A2 (sky130_fd_sc_hd__o21ai_2)
                  0.04    0.06    2.20 v _681_/Y (sky130_fd_sc_hd__o21ai_2)
     1    0.00                           _251_ (net)
                  0.04    0.00    2.20 v _682_/B (sky130_fd_sc_hd__nand2_2)
                  0.07    0.08    2.28 ^ _682_/Y (sky130_fd_sc_hd__nand2_2)
     2    0.01                           _252_ (net)
                  0.07    0.00    2.28 ^ _712_/A2 (sky130_fd_sc_hd__o21a_2)
                  0.05    0.12    2.40 ^ _712_/X (sky130_fd_sc_hd__o21a_2)
     2    0.01                           _283_ (net)
                  0.05    0.00    2.40 ^ _714_/B (sky130_fd_sc_hd__nand2_2)
                  0.03    0.05    2.44 v _714_/Y (sky130_fd_sc_hd__nand2_2)
     1    0.00                           _285_ (net)
                  0.03    0.00    2.44 v _715_/B (sky130_fd_sc_hd__nand2_2)
                  0.07    0.08    2.52 ^ _715_/Y (sky130_fd_sc_hd__nand2_2)
     2    0.01                           _287_ (net)
                  0.07    0.00    2.52 ^ _718_/A (sky130_fd_sc_hd__xnor2_2)
                  0.08    0.14    2.66 ^ _718_/Y (sky130_fd_sc_hd__xnor2_2)
     2    0.01                           _290_ (net)
                  0.08    0.00    2.66 ^ _721_/A (sky130_fd_sc_hd__xnor2_2)
                  0.15    0.16    2.81 v _721_/Y (sky130_fd_sc_hd__xnor2_2)
     1    0.03                           P[14] (net)
                  0.15    0.00    2.81 v P[14] (out)
                                  2.81   data arrival time

                  0.00    0.00    0.00   clock clk (rise edge)
                          0.00    0.00   clock network delay (ideal)
                          0.25    0.25   clock uncertainty
                          0.00    0.25   clock reconvergence pessimism
                         -2.00   -1.75   output external delay
                                 -1.75   data required time
-----------------------------------------------------------------------------
                                 -1.75   data required time
                                 -2.81   data arrival time
-----------------------------------------------------------------------------
                                  4.56   slack (MET)


Startpoint: B[6] (input port clocked by clk)
Endpoint: P[8] (output port clocked by clk)
Path Group: clk
Path Type: min

Fanout     Cap    Slew   Delay    Time   Description
-----------------------------------------------------------------------------
                  0.00    0.00    0.00   clock clk (rise edge)
                          0.00    0.00   clock network delay (ideal)
                          2.00    2.00 v input external delay
                  0.02    0.02    2.02 v B[6] (in)
     6    0.01                           B[6] (net)
                  0.02    0.00    2.02 v _435_/A (sky130_fd_sc_hd__buf_1)
                  0.14    0.16    2.18 v _435_/X (sky130_fd_sc_hd__buf_1)
    10    0.02                           _010_ (net)
                  0.14    0.00    2.18 v _436_/C1 (sky130_fd_sc_hd__o211a_2)
                  0.05    0.17    2.35 v _436_/X (sky130_fd_sc_hd__o211a_2)
     4    0.01                           _011_ (net)
                  0.05    0.00    2.35 v _497_/A (sky130_fd_sc_hd__nand3_2)
                  0.06    0.07    2.42 ^ _497_/Y (sky130_fd_sc_hd__nand3_2)
     3    0.01                           _071_ (net)
                  0.06    0.00    2.42 ^ _544_/B (sky130_fd_sc_hd__and3b_2)
                  0.05    0.17    2.59 ^ _544_/X (sky130_fd_sc_hd__and3b_2)
     1    0.00                           _117_ (net)
                  0.05    0.00    2.59 ^ _545_/B1 (sky130_fd_sc_hd__a21oi_2)
                  0.05    0.06    2.65 v _545_/Y (sky130_fd_sc_hd__a21oi_2)
     4    0.02                           _118_ (net)
                  0.05    0.00    2.65 v _546_/B (sky130_fd_sc_hd__xnor2_2)
                  0.16    0.21    2.86 v _546_/Y (sky130_fd_sc_hd__xnor2_2)
     1    0.03                           P[8] (net)
                  0.16    0.00    2.86 v P[8] (out)
                                  2.86   data arrival time

                  0.00    0.00    0.00   clock clk (rise edge)
                          0.00    0.00   clock network delay (ideal)
                          0.25    0.25   clock uncertainty
                          0.00    0.25   clock reconvergence pessimism
                         -2.00   -1.75   output external delay
                                 -1.75   data required time
-----------------------------------------------------------------------------
                                 -1.75   data required time
                                 -2.86   data arrival time
-----------------------------------------------------------------------------
                                  4.61   slack (MET)


Startpoint: B[7] (input port clocked by clk)
Endpoint: P[13] (output port clocked by clk)
Path Group: clk
Path Type: min

Fanout     Cap    Slew   Delay    Time   Description
-----------------------------------------------------------------------------
                  0.00    0.00    0.00   clock clk (rise edge)
                          0.00    0.00   clock network delay (ideal)
                          2.00    2.00 ^ input external delay
                  0.09    0.06    2.06 ^ B[7] (in)
     8    0.02                           B[7] (net)
                  0.09    0.00    2.06 ^ _620_/D (sky130_fd_sc_hd__and4b_2)
                  0.10    0.27    2.32 ^ _620_/X (sky130_fd_sc_hd__and4b_2)
     3    0.01                           _190_ (net)
                  0.10    0.00    2.32 ^ _693_/A1 (sky130_fd_sc_hd__a21bo_2)
                  0.07    0.15    2.48 ^ _693_/X (sky130_fd_sc_hd__a21bo_2)
     2    0.01                           _264_ (net)
                  0.07    0.00    2.48 ^ _694_/B (sky130_fd_sc_hd__xnor2_2)
                  0.05    0.11    2.58 ^ _694_/Y (sky130_fd_sc_hd__xnor2_2)
     2    0.01                           _265_ (net)
                  0.05    0.00    2.58 ^ _696_/B1 (sky130_fd_sc_hd__o21ai_2)
                  0.05    0.06    2.64 v _696_/Y (sky130_fd_sc_hd__o21ai_2)
     2    0.01                           _267_ (net)
                  0.05    0.00    2.64 v _697_/B (sky130_fd_sc_hd__nand2_2)
                  0.07    0.08    2.72 ^ _697_/Y (sky130_fd_sc_hd__nand2_2)
     1    0.01                           _268_ (net)
                  0.07    0.00    2.72 ^ _700_/A (sky130_fd_sc_hd__xnor2_2)
                  0.15    0.15    2.87 v _700_/Y (sky130_fd_sc_hd__xnor2_2)
     1    0.03                           P[13] (net)
                  0.15    0.00    2.87 v P[13] (out)
                                  2.87   data arrival time

                  0.00    0.00    0.00   clock clk (rise edge)
                          0.00    0.00   clock network delay (ideal)
                          0.25    0.25   clock uncertainty
                          0.00    0.25   clock reconvergence pessimism
                         -2.00   -1.75   output external delay
                                 -1.75   data required time
-----------------------------------------------------------------------------
                                 -1.75   data required time
                                 -2.87   data arrival time
-----------------------------------------------------------------------------
                                  4.62   slack (MET)


Startpoint: B[7] (input port clocked by clk)
Endpoint: P[9] (output port clocked by clk)
Path Group: clk
Path Type: min

Fanout     Cap    Slew   Delay    Time   Description
-----------------------------------------------------------------------------
                  0.00    0.00    0.00   clock clk (rise edge)
                          0.00    0.00   clock network delay (ideal)
                          2.00    2.00 v input external delay
                  0.04    0.03    2.03 v B[7] (in)
     8    0.02                           B[7] (net)
                  0.04    0.00    2.03 v _468_/A (sky130_fd_sc_hd__inv_2)
                  0.13    0.11    2.14 ^ _468_/Y (sky130_fd_sc_hd__inv_2)
    10    0.03                           _042_ (net)
                  0.13    0.00    2.14 ^ _472_/A2 (sky130_fd_sc_hd__o22a_2)
                  0.05    0.15    2.29 ^ _472_/X (sky130_fd_sc_hd__o22a_2)
     2    0.01                           _046_ (net)
                  0.05    0.00    2.29 ^ _505_/C (sky130_fd_sc_hd__or3_2)
                  0.07    0.12    2.41 ^ _505_/X (sky130_fd_sc_hd__or3_2)
     3    0.01                           _078_ (net)
                  0.07    0.00    2.41 ^ _538_/A (sky130_fd_sc_hd__or3_2)
                  0.04    0.12    2.53 ^ _538_/X (sky130_fd_sc_hd__or3_2)
     2    0.01                           _111_ (net)
                  0.04    0.00    2.53 ^ _542_/A1 (sky130_fd_sc_hd__a21oi_2)
                  0.03    0.06    2.58 v _542_/Y (sky130_fd_sc_hd__a21oi_2)
     3    0.01                           _115_ (net)
                  0.03    0.00    2.58 v _582_/A1 (sky130_fd_sc_hd__o21bai_2)
                  0.07    0.15    2.74 ^ _582_/Y (sky130_fd_sc_hd__o21bai_2)
     1    0.01                           _154_ (net)
                  0.07    0.00    2.74 ^ _583_/B (sky130_fd_sc_hd__xnor2_2)
                  0.16    0.15    2.88 v _583_/Y (sky130_fd_sc_hd__xnor2_2)
     1    0.03                           P[9] (net)
                  0.16    0.00    2.88 v P[9] (out)
                                  2.88   data arrival time

                  0.00    0.00    0.00   clock clk (rise edge)
                          0.00    0.00   clock network delay (ideal)
                          0.25    0.25   clock uncertainty
                          0.00    0.25   clock reconvergence pessimism
                         -2.00   -1.75   output external delay
                                 -1.75   data required time
-----------------------------------------------------------------------------
                                 -1.75   data required time
                                 -2.88   data arrival time
-----------------------------------------------------------------------------
                                  4.63   slack (MET)


Startpoint: A[1] (input port clocked by clk)
Endpoint: P[10] (output port clocked by clk)
Path Group: clk
Path Type: min

Fanout     Cap    Slew   Delay    Time   Description
-----------------------------------------------------------------------------
                  0.00    0.00    0.00   clock clk (rise edge)
                          0.00    0.00   clock network delay (ideal)
                          2.00    2.00 ^ input external delay
                  0.05    0.03    2.03 ^ A[1] (in)
     6    0.01                           A[1] (net)
                  0.05    0.00    2.03 ^ _511_/B2 (sky130_fd_sc_hd__o2bb2a_2)
                  0.05    0.15    2.19 ^ _511_/X (sky130_fd_sc_hd__o2bb2a_2)
     2    0.01                           _084_ (net)
                  0.05    0.00    2.19 ^ _512_/C (sky130_fd_sc_hd__or3_2)
                  0.03    0.10    2.28 ^ _512_/X (sky130_fd_sc_hd__or3_2)
     2    0.00                           _085_ (net)
                  0.03    0.00    2.28 ^ _549_/A (sky130_fd_sc_hd__and2_2)
                  0.06    0.14    2.42 ^ _549_/X (sky130_fd_sc_hd__and2_2)
     3    0.01                           _121_ (net)
                  0.06    0.00    2.42 ^ _584_/A1 (sky130_fd_sc_hd__o21ba_2)
                  0.04    0.13    2.55 ^ _584_/X (sky130_fd_sc_hd__o21ba_2)
     2    0.00                           _155_ (net)
                  0.04    0.00    2.55 ^ _608_/A (sky130_fd_sc_hd__or2b_2)
                  0.05    0.11    2.65 ^ _608_/X (sky130_fd_sc_hd__or2b_2)
     3    0.01                           _179_ (net)
                  0.05    0.00    2.65 ^ _610_/A (sky130_fd_sc_hd__nand2_2)
                  0.06    0.06    2.72 v _610_/Y (sky130_fd_sc_hd__nand2_2)
     3    0.01                           _181_ (net)
                  0.06    0.00    2.72 v _614_/A (sky130_fd_sc_hd__xnor2_2)
                  0.16    0.22    2.93 v _614_/Y (sky130_fd_sc_hd__xnor2_2)
     1    0.03                           P[10] (net)
                  0.16    0.00    2.93 v P[10] (out)
                                  2.93   data arrival time

                  0.00    0.00    0.00   clock clk (rise edge)
                          0.00    0.00   clock network delay (ideal)
                          0.25    0.25   clock uncertainty
                          0.00    0.25   clock reconvergence pessimism
                         -2.00   -1.75   output external delay
                                 -1.75   data required time
-----------------------------------------------------------------------------
                                 -1.75   data required time
                                 -2.93   data arrival time
-----------------------------------------------------------------------------
                                  4.68   slack (MET)


Startpoint: B[6] (input port clocked by clk)
Endpoint: P[12] (output port clocked by clk)
Path Group: clk
Path Type: min

Fanout     Cap    Slew   Delay    Time   Description
-----------------------------------------------------------------------------
                  0.00    0.00    0.00   clock clk (rise edge)
                          0.00    0.00   clock network delay (ideal)
                          2.00    2.00 ^ input external delay
                  0.06    0.03    2.03 ^ B[6] (in)
     6    0.01                           B[6] (net)
                  0.06    0.00    2.03 ^ _552_/C (sky130_fd_sc_hd__and4b_2)
                  0.12    0.26    2.30 ^ _552_/X (sky130_fd_sc_hd__and4b_2)
     3    0.02                           _124_ (net)
                  0.12    0.00    2.30 ^ _618_/A1 (sky130_fd_sc_hd__a21o_2)
                  0.07    0.16    2.45 ^ _618_/X (sky130_fd_sc_hd__a21o_2)
     2    0.01                           _188_ (net)
                  0.07    0.00    2.45 ^ _671_/A1 (sky130_fd_sc_hd__a21o_2)
                  0.06    0.13    2.59 ^ _671_/X (sky130_fd_sc_hd__a21o_2)
     2    0.01                           _241_ (net)
                  0.06    0.00    2.59 ^ _672_/B (sky130_fd_sc_hd__xor2_2)
                  0.04    0.06    2.65 v _672_/X (sky130_fd_sc_hd__xor2_2)
     2    0.01                           _242_ (net)
                  0.04    0.00    2.65 v _673_/B1 (sky130_fd_sc_hd__a21oi_2)
                  0.19    0.16    2.81 ^ _673_/Y (sky130_fd_sc_hd__a21oi_2)
     4    0.01                           _243_ (net)
                  0.19    0.00    2.81 ^ _675_/A (sky130_fd_sc_hd__nor2_2)
                  0.08    0.13    2.94 v _675_/Y (sky130_fd_sc_hd__nor2_2)
     1    0.03                           P[12] (net)
                  0.08    0.00    2.94 v P[12] (out)
                                  2.94   data arrival time

                  0.00    0.00    0.00   clock clk (rise edge)
                          0.00    0.00   clock network delay (ideal)
                          0.25    0.25   clock uncertainty
                          0.00    0.25   clock reconvergence pessimism
                         -2.00   -1.75   output external delay
                                 -1.75   data required time
-----------------------------------------------------------------------------
                                 -1.75   data required time
                                 -2.94   data arrival time
-----------------------------------------------------------------------------
                                  4.69   slack (MET)


Startpoint: A[1] (input port clocked by clk)
Endpoint: P[4] (output port clocked by clk)
Path Group: clk
Path Type: min

Fanout     Cap    Slew   Delay    Time   Description
-----------------------------------------------------------------------------
                  0.00    0.00    0.00   clock clk (rise edge)
                          0.00    0.00   clock network delay (ideal)
                          2.00    2.00 ^ input external delay
                  0.05    0.03    2.03 ^ A[1] (in)
     6    0.01                           A[1] (net)
                  0.05    0.00    2.03 ^ _368_/B (sky130_fd_sc_hd__and4_2)
                  0.06    0.20    2.24 ^ _368_/X (sky130_fd_sc_hd__and4_2)
     3    0.00                           _304_ (net)
                  0.06    0.00    2.24 ^ _384_/A (sky130_fd_sc_hd__or2_2)
                  0.08    0.13    2.37 ^ _384_/X (sky130_fd_sc_hd__or2_2)
     2    0.01                           _319_ (net)
                  0.08    0.00    2.37 ^ _390_/B (sky130_fd_sc_hd__nand2_2)
                  0.04    0.06    2.43 v _390_/Y (sky130_fd_sc_hd__nand2_2)
     2    0.01                           _324_ (net)
                  0.04    0.00    2.43 v _407_/A (sky130_fd_sc_hd__nand3_2)
                  0.05    0.06    2.49 ^ _407_/Y (sky130_fd_sc_hd__nand3_2)
     2    0.01                           _341_ (net)
                  0.05    0.00    2.49 ^ _408_/C (sky130_fd_sc_hd__nand3_2)
                  0.08    0.09    2.58 v _408_/Y (sky130_fd_sc_hd__nand3_2)
     3    0.01                           _342_ (net)
                  0.08    0.00    2.58 v _410_/A (sky130_fd_sc_hd__and2_2)
                  0.03    0.16    2.74 v _410_/X (sky130_fd_sc_hd__and2_2)
     1    0.00                           _344_ (net)
                  0.03    0.00    2.74 v _411_/A (sky130_fd_sc_hd__buf_1)
                  0.19    0.20    2.95 v _411_/X (sky130_fd_sc_hd__buf_1)
     1    0.03                           P[4] (net)
                  0.19    0.00    2.95 v P[4] (out)
                                  2.95   data arrival time

                  0.00    0.00    0.00   clock clk (rise edge)
                          0.00    0.00   clock network delay (ideal)
                          0.25    0.25   clock uncertainty
                          0.00    0.25   clock reconvergence pessimism
                         -2.00   -1.75   output external delay
                                 -1.75   data required time
-----------------------------------------------------------------------------
                                 -1.75   data required time
                                 -2.95   data arrival time
-----------------------------------------------------------------------------
                                  4.70   slack (MET)


Startpoint: B[6] (input port clocked by clk)
Endpoint: P[11] (output port clocked by clk)
Path Group: clk
Path Type: min

Fanout     Cap    Slew   Delay    Time   Description
-----------------------------------------------------------------------------
                  0.00    0.00    0.00   clock clk (rise edge)
                          0.00    0.00   clock network delay (ideal)
                          2.00    2.00 ^ input external delay
                  0.06    0.03    2.03 ^ B[6] (in)
     6    0.01                           B[6] (net)
                  0.06    0.00    2.03 ^ _552_/C (sky130_fd_sc_hd__and4b_2)
                  0.12    0.26    2.30 ^ _552_/X (sky130_fd_sc_hd__and4b_2)
     3    0.02                           _124_ (net)
                  0.12    0.00    2.30 ^ _618_/A1 (sky130_fd_sc_hd__a21o_2)
                  0.07    0.16    2.45 ^ _618_/X (sky130_fd_sc_hd__a21o_2)
     2    0.01                           _188_ (net)
                  0.07    0.00    2.45 ^ _638_/A (sky130_fd_sc_hd__xnor2_2)
                  0.04    0.10    2.56 ^ _638_/Y (sky130_fd_sc_hd__xnor2_2)
     2    0.00                           _208_ (net)
                  0.04    0.00    2.56 ^ _639_/C (sky130_fd_sc_hd__and3_2)
                  0.05    0.17    2.72 ^ _639_/X (sky130_fd_sc_hd__and3_2)
     2    0.00                           _209_ (net)
                  0.05    0.00    2.72 ^ _641_/A (sky130_fd_sc_hd__or2b_2)
                  0.07    0.13    2.85 ^ _641_/X (sky130_fd_sc_hd__or2b_2)
     3    0.01                           _211_ (net)
                  0.07    0.00    2.85 ^ _643_/A (sky130_fd_sc_hd__xnor2_2)
                  0.15    0.16    3.00 v _643_/Y (sky130_fd_sc_hd__xnor2_2)
     1    0.03                           P[11] (net)
                  0.15    0.00    3.00 v P[11] (out)
                                  3.00   data arrival time

                  0.00    0.00    0.00   clock clk (rise edge)
                          0.00    0.00   clock network delay (ideal)
                          0.25    0.25   clock uncertainty
                          0.00    0.25   clock reconvergence pessimism
                         -2.00   -1.75   output external delay
                                 -1.75   data required time
-----------------------------------------------------------------------------
                                 -1.75   data required time
                                 -3.00   data arrival time
-----------------------------------------------------------------------------
                                  4.75   slack (MET)



