
===========================================================================
report_checks -unconstrained
===========================================================================
======================= Fastest Corner ===================================

Startpoint: B[2] (input port clocked by clk)
Endpoint: P[14] (output port clocked by clk)
Path Group: clk
Path Type: max
Corner: Fastest

Fanout     Cap    Slew   Delay    Time   Description
-----------------------------------------------------------------------------
                  0.00    0.00    0.00   clock clk (rise edge)
                          0.00    0.00   clock network delay (ideal)
                          2.00    2.00 ^ input external delay
                  0.01    0.01    2.01 ^ B[2] (in)
     1    0.00                           B[2] (net)
                  0.01    0.00    2.01 ^ input11/A (sky130_fd_sc_hd__buf_2)
                  0.17    0.17    2.17 ^ input11/X (sky130_fd_sc_hd__buf_2)
     7    0.05                           net11 (net)
                  0.17    0.01    2.18 ^ _370_/A (sky130_fd_sc_hd__buf_2)
                  0.15    0.19    2.37 ^ _370_/X (sky130_fd_sc_hd__buf_2)
    10    0.04                           _306_ (net)
                  0.15    0.00    2.37 ^ _565_/A1 (sky130_fd_sc_hd__a22oi_2)
                  0.05    0.05    2.42 v _565_/Y (sky130_fd_sc_hd__a22oi_2)
     1    0.01                           _137_ (net)
                  0.05    0.00    2.42 v _567_/A1 (sky130_fd_sc_hd__o211ai_2)
                  0.17    0.18    2.61 ^ _567_/Y (sky130_fd_sc_hd__o211ai_2)
     3    0.01                           _139_ (net)
                  0.17    0.00    2.61 ^ rebuffer1/A (sky130_fd_sc_hd__clkbuf_1)
                  0.05    0.07    2.68 ^ rebuffer1/X (sky130_fd_sc_hd__clkbuf_1)
     1    0.00                           net34 (net)
                  0.05    0.00    2.68 ^ _569_/A2 (sky130_fd_sc_hd__a21oi_1)
                  0.06    0.06    2.74 v _569_/Y (sky130_fd_sc_hd__a21oi_1)
     2    0.01                           _141_ (net)
                  0.06    0.00    2.74 v _571_/B (sky130_fd_sc_hd__or3b_4)
                  0.05    0.26    3.00 v _571_/X (sky130_fd_sc_hd__or3b_4)
     3    0.01                           _143_ (net)
                  0.05    0.00    3.00 v _573_/B (sky130_fd_sc_hd__and3_1)
                  0.04    0.13    3.13 v _573_/X (sky130_fd_sc_hd__and3_1)
     2    0.01                           _145_ (net)
                  0.04    0.00    3.13 v _576_/A1 (sky130_fd_sc_hd__o211a_1)
                  0.04    0.17    3.29 v _576_/X (sky130_fd_sc_hd__o211a_1)
     3    0.01                           _148_ (net)
                  0.04    0.00    3.29 v _577_/C (sky130_fd_sc_hd__or3_4)
                  0.05    0.21    3.50 v _577_/X (sky130_fd_sc_hd__or3_4)
     2    0.01                           _149_ (net)
                  0.05    0.00    3.50 v _579_/B1 (sky130_fd_sc_hd__o211a_1)
                  0.05    0.11    3.61 v _579_/X (sky130_fd_sc_hd__o211a_1)
     3    0.01                           _151_ (net)
                  0.05    0.00    3.61 v _611_/C (sky130_fd_sc_hd__or4_4)
                  0.06    0.31    3.92 v _611_/X (sky130_fd_sc_hd__or4_4)
     2    0.01                           _182_ (net)
                  0.06    0.00    3.92 v _646_/C (sky130_fd_sc_hd__or4_4)
                  0.07    0.32    4.24 v _646_/X (sky130_fd_sc_hd__or4_4)
     2    0.01                           _215_ (net)
                  0.07    0.00    4.25 v _673_/A2 (sky130_fd_sc_hd__a21oi_4)
                  0.13    0.16    4.41 ^ _673_/Y (sky130_fd_sc_hd__a21oi_4)
     4    0.02                           _243_ (net)
                  0.13    0.00    4.41 ^ _720_/A2 (sky130_fd_sc_hd__o31a_1)
                  0.08    0.13    4.54 ^ _720_/X (sky130_fd_sc_hd__o31a_1)
     1    0.01                           _292_ (net)
                  0.08    0.00    4.54 ^ _721_/B (sky130_fd_sc_hd__xnor2_2)
                  0.21    0.11    4.65 ^ _721_/Y (sky130_fd_sc_hd__xnor2_2)
     1    0.02                           net22 (net)
                  0.21    0.00    4.66 ^ output22/A (sky130_fd_sc_hd__buf_6)
                  0.06    0.11    4.77 ^ output22/X (sky130_fd_sc_hd__buf_6)
     1    0.03                           P[14] (net)
                  0.06    0.00    4.77 ^ P[14] (out)
                                  4.77   data arrival time

                  0.00   10.00   10.00   clock clk (rise edge)
                          0.00   10.00   clock network delay (ideal)
                         -0.25    9.75   clock uncertainty
                          0.00    9.75   clock reconvergence pessimism
                         -2.00    7.75   output external delay
                                  7.75   data required time
-----------------------------------------------------------------------------
                                  7.75   data required time
                                 -4.77   data arrival time
-----------------------------------------------------------------------------
                                  2.98   slack (MET)



======================= Slowest Corner ===================================

Startpoint: B[2] (input port clocked by clk)
Endpoint: P[14] (output port clocked by clk)
Path Group: clk
Path Type: max
Corner: Slowest

Fanout     Cap    Slew   Delay    Time   Description
-----------------------------------------------------------------------------
                  0.00    0.00    0.00   clock clk (rise edge)
                          0.00    0.00   clock network delay (ideal)
                          2.00    2.00 ^ input external delay
                  0.03    0.01    2.01 ^ B[2] (in)
     1    0.00                           B[2] (net)
                  0.03    0.00    2.01 ^ input11/A (sky130_fd_sc_hd__buf_2)
                  0.36    0.40    2.42 ^ input11/X (sky130_fd_sc_hd__buf_2)
     7    0.05                           net11 (net)
                  0.36    0.01    2.42 ^ _370_/A (sky130_fd_sc_hd__buf_2)
                  0.31    0.52    2.94 ^ _370_/X (sky130_fd_sc_hd__buf_2)
    10    0.04                           _306_ (net)
                  0.31    0.00    2.94 ^ _565_/A1 (sky130_fd_sc_hd__a22oi_2)
                  0.13    0.25    3.19 v _565_/Y (sky130_fd_sc_hd__a22oi_2)
     1    0.01                           _137_ (net)
                  0.13    0.00    3.19 v _567_/A1 (sky130_fd_sc_hd__o211ai_2)
                  0.35    0.43    3.62 ^ _567_/Y (sky130_fd_sc_hd__o211ai_2)
     3    0.01                           _139_ (net)
                  0.35    0.00    3.62 ^ rebuffer1/A (sky130_fd_sc_hd__clkbuf_1)
                  0.10    0.29    3.91 ^ rebuffer1/X (sky130_fd_sc_hd__clkbuf_1)
     1    0.00                           net34 (net)
                  0.10    0.00    3.91 ^ _569_/A2 (sky130_fd_sc_hd__a21oi_1)
                  0.18    0.21    4.12 v _569_/Y (sky130_fd_sc_hd__a21oi_1)
     2    0.01                           _141_ (net)
                  0.18    0.00    4.12 v _571_/B (sky130_fd_sc_hd__or3b_4)
                  0.14    0.83    4.95 v _571_/X (sky130_fd_sc_hd__or3b_4)
     3    0.01                           _143_ (net)
                  0.14    0.00    4.96 v _573_/B (sky130_fd_sc_hd__and3_1)
                  0.11    0.42    5.38 v _573_/X (sky130_fd_sc_hd__and3_1)
     2    0.01                           _145_ (net)
                  0.11    0.00    5.38 v _576_/A1 (sky130_fd_sc_hd__o211a_1)
                  0.12    0.49    5.87 v _576_/X (sky130_fd_sc_hd__o211a_1)
     3    0.01                           _148_ (net)
                  0.12    0.00    5.87 v _577_/C (sky130_fd_sc_hd__or3_4)
                  0.13    0.71    6.58 v _577_/X (sky130_fd_sc_hd__or3_4)
     2    0.01                           _149_ (net)
                  0.13    0.00    6.58 v _579_/B1 (sky130_fd_sc_hd__o211a_1)
                  0.13    0.33    6.91 v _579_/X (sky130_fd_sc_hd__o211a_1)
     3    0.01                           _151_ (net)
                  0.13    0.00    6.91 v _611_/C (sky130_fd_sc_hd__or4_4)
                  0.17    1.05    7.95 v _611_/X (sky130_fd_sc_hd__or4_4)
     2    0.01                           _182_ (net)
                  0.17    0.00    7.96 v _646_/C (sky130_fd_sc_hd__or4_4)
                  0.18    1.10    9.05 v _646_/X (sky130_fd_sc_hd__or4_4)
     2    0.01                           _215_ (net)
                  0.18    0.00    9.05 v _673_/A2 (sky130_fd_sc_hd__a21oi_4)
                  0.28    0.40    9.45 ^ _673_/Y (sky130_fd_sc_hd__a21oi_4)
     4    0.02                           _243_ (net)
                  0.28    0.00    9.45 ^ _720_/A2 (sky130_fd_sc_hd__o31a_1)
                  0.18    0.41    9.86 ^ _720_/X (sky130_fd_sc_hd__o31a_1)
     1    0.01                           _292_ (net)
                  0.18    0.00    9.86 ^ _721_/B (sky130_fd_sc_hd__xnor2_2)
                  0.43    0.33   10.19 ^ _721_/Y (sky130_fd_sc_hd__xnor2_2)
     1    0.02                           net22 (net)
                  0.43    0.00   10.20 ^ output22/A (sky130_fd_sc_hd__buf_6)
                  0.13    0.38   10.58 ^ output22/X (sky130_fd_sc_hd__buf_6)
     1    0.03                           P[14] (net)
                  0.13    0.00   10.58 ^ P[14] (out)
                                 10.58   data arrival time

                  0.00   10.00   10.00   clock clk (rise edge)
                          0.00   10.00   clock network delay (ideal)
                         -0.25    9.75   clock uncertainty
                          0.00    9.75   clock reconvergence pessimism
                         -2.00    7.75   output external delay
                                  7.75   data required time
-----------------------------------------------------------------------------
                                  7.75   data required time
                                -10.58   data arrival time
-----------------------------------------------------------------------------
                                 -2.83   slack (VIOLATED)



======================= Typical Corner ===================================

Startpoint: B[2] (input port clocked by clk)
Endpoint: P[14] (output port clocked by clk)
Path Group: clk
Path Type: max
Corner: Typical

Fanout     Cap    Slew   Delay    Time   Description
-----------------------------------------------------------------------------
                  0.00    0.00    0.00   clock clk (rise edge)
                          0.00    0.00   clock network delay (ideal)
                          2.00    2.00 ^ input external delay
                  0.02    0.01    2.01 ^ B[2] (in)
     1    0.00                           B[2] (net)
                  0.02    0.00    2.01 ^ input11/A (sky130_fd_sc_hd__buf_2)
                  0.23    0.23    2.24 ^ input11/X (sky130_fd_sc_hd__buf_2)
     7    0.05                           net11 (net)
                  0.23    0.01    2.25 ^ _370_/A (sky130_fd_sc_hd__buf_2)
                  0.19    0.28    2.54 ^ _370_/X (sky130_fd_sc_hd__buf_2)
    10    0.04                           _306_ (net)
                  0.19    0.00    2.54 ^ _565_/A1 (sky130_fd_sc_hd__a22oi_2)
                  0.07    0.12    2.65 v _565_/Y (sky130_fd_sc_hd__a22oi_2)
     1    0.01                           _137_ (net)
                  0.07    0.00    2.65 v _567_/A1 (sky130_fd_sc_hd__o211ai_2)
                  0.22    0.26    2.91 ^ _567_/Y (sky130_fd_sc_hd__o211ai_2)
     3    0.01                           _139_ (net)
                  0.22    0.00    2.91 ^ rebuffer1/A (sky130_fd_sc_hd__clkbuf_1)
                  0.06    0.14    3.05 ^ rebuffer1/X (sky130_fd_sc_hd__clkbuf_1)
     1    0.00                           net34 (net)
                  0.06    0.00    3.05 ^ _569_/A2 (sky130_fd_sc_hd__a21oi_1)
                  0.09    0.10    3.14 v _569_/Y (sky130_fd_sc_hd__a21oi_1)
     2    0.01                           _141_ (net)
                  0.09    0.00    3.14 v _571_/B (sky130_fd_sc_hd__or3b_4)
                  0.08    0.42    3.56 v _571_/X (sky130_fd_sc_hd__or3b_4)
     3    0.01                           _143_ (net)
                  0.08    0.00    3.56 v _573_/B (sky130_fd_sc_hd__and3_1)
                  0.06    0.20    3.77 v _573_/X (sky130_fd_sc_hd__and3_1)
     2    0.01                           _145_ (net)
                  0.06    0.00    3.77 v _576_/A1 (sky130_fd_sc_hd__o211a_1)
                  0.06    0.26    4.03 v _576_/X (sky130_fd_sc_hd__o211a_1)
     3    0.01                           _148_ (net)
                  0.06    0.00    4.03 v _577_/C (sky130_fd_sc_hd__or3_4)
                  0.07    0.35    4.38 v _577_/X (sky130_fd_sc_hd__or3_4)
     2    0.01                           _149_ (net)
                  0.07    0.00    4.38 v _579_/B1 (sky130_fd_sc_hd__o211a_1)
                  0.07    0.17    4.55 v _579_/X (sky130_fd_sc_hd__o211a_1)
     3    0.01                           _151_ (net)
                  0.07    0.00    4.55 v _611_/C (sky130_fd_sc_hd__or4_4)
                  0.09    0.52    5.07 v _611_/X (sky130_fd_sc_hd__or4_4)
     2    0.01                           _182_ (net)
                  0.09    0.00    5.07 v _646_/C (sky130_fd_sc_hd__or4_4)
                  0.10    0.55    5.62 v _646_/X (sky130_fd_sc_hd__or4_4)
     2    0.01                           _215_ (net)
                  0.10    0.00    5.62 v _673_/A2 (sky130_fd_sc_hd__a21oi_4)
                  0.18    0.23    5.85 ^ _673_/Y (sky130_fd_sc_hd__a21oi_4)
     4    0.02                           _243_ (net)
                  0.18    0.00    5.85 ^ _720_/A2 (sky130_fd_sc_hd__o31a_1)
                  0.11    0.21    6.06 ^ _720_/X (sky130_fd_sc_hd__o31a_1)
     1    0.01                           _292_ (net)
                  0.11    0.00    6.06 ^ _721_/B (sky130_fd_sc_hd__xnor2_2)
                  0.28    0.18    6.24 ^ _721_/Y (sky130_fd_sc_hd__xnor2_2)
     1    0.02                           net22 (net)
                  0.28    0.00    6.24 ^ output22/A (sky130_fd_sc_hd__buf_6)
                  0.08    0.19    6.43 ^ output22/X (sky130_fd_sc_hd__buf_6)
     1    0.03                           P[14] (net)
                  0.08    0.00    6.43 ^ P[14] (out)
                                  6.43   data arrival time

                  0.00   10.00   10.00   clock clk (rise edge)
                          0.00   10.00   clock network delay (ideal)
                         -0.25    9.75   clock uncertainty
                          0.00    9.75   clock reconvergence pessimism
                         -2.00    7.75   output external delay
                                  7.75   data required time
-----------------------------------------------------------------------------
                                  7.75   data required time
                                 -6.43   data arrival time
-----------------------------------------------------------------------------
                                  1.32   slack (MET)




===========================================================================
report_checks --slack_max -0.01
============================================================================
======================= Fastest Corner ===================================

No paths found.

======================= Slowest Corner ===================================

Startpoint: B[2] (input port clocked by clk)
Endpoint: P[14] (output port clocked by clk)
Path Group: clk
Path Type: max
Corner: Slowest

Fanout     Cap    Slew   Delay    Time   Description
-----------------------------------------------------------------------------
                  0.00    0.00    0.00   clock clk (rise edge)
                          0.00    0.00   clock network delay (ideal)
                          2.00    2.00 ^ input external delay
                  0.03    0.01    2.01 ^ B[2] (in)
     1    0.00                           B[2] (net)
                  0.03    0.00    2.01 ^ input11/A (sky130_fd_sc_hd__buf_2)
                  0.36    0.40    2.42 ^ input11/X (sky130_fd_sc_hd__buf_2)
     7    0.05                           net11 (net)
                  0.36    0.01    2.42 ^ _370_/A (sky130_fd_sc_hd__buf_2)
                  0.31    0.52    2.94 ^ _370_/X (sky130_fd_sc_hd__buf_2)
    10    0.04                           _306_ (net)
                  0.31    0.00    2.94 ^ _565_/A1 (sky130_fd_sc_hd__a22oi_2)
                  0.13    0.25    3.19 v _565_/Y (sky130_fd_sc_hd__a22oi_2)
     1    0.01                           _137_ (net)
                  0.13    0.00    3.19 v _567_/A1 (sky130_fd_sc_hd__o211ai_2)
                  0.35    0.43    3.62 ^ _567_/Y (sky130_fd_sc_hd__o211ai_2)
     3    0.01                           _139_ (net)
                  0.35    0.00    3.62 ^ rebuffer1/A (sky130_fd_sc_hd__clkbuf_1)
                  0.10    0.29    3.91 ^ rebuffer1/X (sky130_fd_sc_hd__clkbuf_1)
     1    0.00                           net34 (net)
                  0.10    0.00    3.91 ^ _569_/A2 (sky130_fd_sc_hd__a21oi_1)
                  0.18    0.21    4.12 v _569_/Y (sky130_fd_sc_hd__a21oi_1)
     2    0.01                           _141_ (net)
                  0.18    0.00    4.12 v _571_/B (sky130_fd_sc_hd__or3b_4)
                  0.14    0.83    4.95 v _571_/X (sky130_fd_sc_hd__or3b_4)
     3    0.01                           _143_ (net)
                  0.14    0.00    4.96 v _573_/B (sky130_fd_sc_hd__and3_1)
                  0.11    0.42    5.38 v _573_/X (sky130_fd_sc_hd__and3_1)
     2    0.01                           _145_ (net)
                  0.11    0.00    5.38 v _576_/A1 (sky130_fd_sc_hd__o211a_1)
                  0.12    0.49    5.87 v _576_/X (sky130_fd_sc_hd__o211a_1)
     3    0.01                           _148_ (net)
                  0.12    0.00    5.87 v _577_/C (sky130_fd_sc_hd__or3_4)
                  0.13    0.71    6.58 v _577_/X (sky130_fd_sc_hd__or3_4)
     2    0.01                           _149_ (net)
                  0.13    0.00    6.58 v _579_/B1 (sky130_fd_sc_hd__o211a_1)
                  0.13    0.33    6.91 v _579_/X (sky130_fd_sc_hd__o211a_1)
     3    0.01                           _151_ (net)
                  0.13    0.00    6.91 v _611_/C (sky130_fd_sc_hd__or4_4)
                  0.17    1.05    7.95 v _611_/X (sky130_fd_sc_hd__or4_4)
     2    0.01                           _182_ (net)
                  0.17    0.00    7.96 v _646_/C (sky130_fd_sc_hd__or4_4)
                  0.18    1.10    9.05 v _646_/X (sky130_fd_sc_hd__or4_4)
     2    0.01                           _215_ (net)
                  0.18    0.00    9.05 v _673_/A2 (sky130_fd_sc_hd__a21oi_4)
                  0.28    0.40    9.45 ^ _673_/Y (sky130_fd_sc_hd__a21oi_4)
     4    0.02                           _243_ (net)
                  0.28    0.00    9.45 ^ _720_/A2 (sky130_fd_sc_hd__o31a_1)
                  0.18    0.41    9.86 ^ _720_/X (sky130_fd_sc_hd__o31a_1)
     1    0.01                           _292_ (net)
                  0.18    0.00    9.86 ^ _721_/B (sky130_fd_sc_hd__xnor2_2)
                  0.43    0.33   10.19 ^ _721_/Y (sky130_fd_sc_hd__xnor2_2)
     1    0.02                           net22 (net)
                  0.43    0.00   10.20 ^ output22/A (sky130_fd_sc_hd__buf_6)
                  0.13    0.38   10.58 ^ output22/X (sky130_fd_sc_hd__buf_6)
     1    0.03                           P[14] (net)
                  0.13    0.00   10.58 ^ P[14] (out)
                                 10.58   data arrival time

                  0.00   10.00   10.00   clock clk (rise edge)
                          0.00   10.00   clock network delay (ideal)
                         -0.25    9.75   clock uncertainty
                          0.00    9.75   clock reconvergence pessimism
                         -2.00    7.75   output external delay
                                  7.75   data required time
-----------------------------------------------------------------------------
                                  7.75   data required time
                                -10.58   data arrival time
-----------------------------------------------------------------------------
                                 -2.83   slack (VIOLATED)



======================= Typical Corner ===================================

No paths found.


===========================================================================
 report_check_types -max_slew -max_cap -max_fanout -violators
============================================================================
======================= Fastest Corner ===================================


======================= Slowest Corner ===================================


======================= Typical Corner ===================================



===========================================================================
report_parasitic_annotation -report_unannotated
============================================================================
Found 0 unannotated drivers.
Found 0 partially unannotated drivers.

===========================================================================
max slew violation count 0
max fanout violation count 0
max cap violation count 0
============================================================================

===========================================================================
check_setup -verbose -unconstrained_endpoints -multiple_clock -no_clock -no_input_delay -loops -generated_clocks
===========================================================================
