
===========================================================================
report_checks -path_delay max (Setup)
============================================================================
======================= Typical Corner ===================================

Startpoint: A[0] (input port clocked by clk)
Endpoint: SUM[6] (output port clocked by clk)
Path Group: clk
Path Type: max

Fanout     Cap    Slew   Delay    Time   Description
-----------------------------------------------------------------------------
                  0.00    0.00    0.00   clock clk (rise edge)
                          0.00    0.00   clock network delay (ideal)
                          2.00    2.00 v input external delay
                  0.01    0.00    2.00 v A[0] (in)
     1    0.00                           A[0] (net)
                  0.01    0.00    2.00 v input1/A (sky130_fd_sc_hd__dlymetal6s2s_1)
                  0.09    0.18    2.19 v input1/X (sky130_fd_sc_hd__dlymetal6s2s_1)
     4    0.02                           net1 (net)
                  0.09    0.00    2.19 v _27_/A2 (sky130_fd_sc_hd__a21o_1)
                  0.04    0.21    2.40 v _27_/X (sky130_fd_sc_hd__a21o_1)
     2    0.00                           _00_ (net)
                  0.04    0.00    2.40 v _30_/B (sky130_fd_sc_hd__and3_1)
                  0.06    0.19    2.59 v _30_/X (sky130_fd_sc_hd__and3_1)
     3    0.01                           _03_ (net)
                  0.06    0.00    2.59 v _33_/C (sky130_fd_sc_hd__or3_1)
                  0.08    0.34    2.92 v _33_/X (sky130_fd_sc_hd__or3_1)
     2    0.00                           _05_ (net)
                  0.08    0.00    2.92 v _37_/A2 (sky130_fd_sc_hd__a21bo_1)
                  0.05    0.23    3.15 v _37_/X (sky130_fd_sc_hd__a21bo_1)
     2    0.01                           _08_ (net)
                  0.05    0.00    3.15 v _38_/B (sky130_fd_sc_hd__xor2_1)
                  0.25    0.25    3.39 ^ _38_/X (sky130_fd_sc_hd__xor2_1)
     2    0.01                           _09_ (net)
                  0.25    0.00    3.39 ^ _41_/A2 (sky130_fd_sc_hd__a21oi_2)
                  0.08    0.13    3.52 v _41_/Y (sky130_fd_sc_hd__a21oi_2)
     2    0.01                           _11_ (net)
                  0.08    0.00    3.52 v _42_/B (sky130_fd_sc_hd__xnor2_1)
                  0.26    0.26    3.78 ^ _42_/Y (sky130_fd_sc_hd__xnor2_1)
     2    0.01                           _12_ (net)
                  0.26    0.00    3.78 ^ _45_/A2 (sky130_fd_sc_hd__a21oi_2)
                  0.07    0.11    3.90 v _45_/Y (sky130_fd_sc_hd__a21oi_2)
     2    0.01                           _14_ (net)
                  0.07    0.00    3.90 v _46_/B (sky130_fd_sc_hd__xnor2_1)
                  0.16    0.18    4.08 ^ _46_/Y (sky130_fd_sc_hd__xnor2_1)
     2    0.01                           _15_ (net)
                  0.16    0.00    4.08 ^ _48_/A (sky130_fd_sc_hd__nand2_1)
                  0.10    0.13    4.21 v _48_/Y (sky130_fd_sc_hd__nand2_1)
     4    0.01                           _17_ (net)
                  0.10    0.00    4.21 v _53_/A2 (sky130_fd_sc_hd__a21bo_1)
                  0.03    0.21    4.42 v _53_/X (sky130_fd_sc_hd__a21bo_1)
     1    0.00                           _21_ (net)
                  0.03    0.00    4.42 v _54_/B (sky130_fd_sc_hd__nand2_1)
                  0.07    0.08    4.50 ^ _54_/Y (sky130_fd_sc_hd__nand2_1)
     1    0.01                           _22_ (net)
                  0.07    0.00    4.50 ^ _55_/B (sky130_fd_sc_hd__xnor2_1)
                  0.22    0.16    4.66 ^ _55_/Y (sky130_fd_sc_hd__xnor2_1)
     1    0.01                           net23 (net)
                  0.22    0.00    4.66 ^ output23/A (sky130_fd_sc_hd__buf_4)
                  0.11    0.22    4.89 ^ output23/X (sky130_fd_sc_hd__buf_4)
     1    0.04                           SUM[6] (net)
                  0.11    0.00    4.89 ^ SUM[6] (out)
                                  4.89   data arrival time

                  0.00   10.00   10.00   clock clk (rise edge)
                          0.00   10.00   clock network delay (ideal)
                         -0.25    9.75   clock uncertainty
                          0.00    9.75   clock reconvergence pessimism
                         -2.00    7.75   output external delay
                                  7.75   data required time
-----------------------------------------------------------------------------
                                  7.75   data required time
                                 -4.89   data arrival time
-----------------------------------------------------------------------------
                                  2.86   slack (MET)


Startpoint: A[0] (input port clocked by clk)
Endpoint: SUM[7] (output port clocked by clk)
Path Group: clk
Path Type: max

Fanout     Cap    Slew   Delay    Time   Description
-----------------------------------------------------------------------------
                  0.00    0.00    0.00   clock clk (rise edge)
                          0.00    0.00   clock network delay (ideal)
                          2.00    2.00 v input external delay
                  0.01    0.00    2.00 v A[0] (in)
     1    0.00                           A[0] (net)
                  0.01    0.00    2.00 v input1/A (sky130_fd_sc_hd__dlymetal6s2s_1)
                  0.09    0.18    2.19 v input1/X (sky130_fd_sc_hd__dlymetal6s2s_1)
     4    0.02                           net1 (net)
                  0.09    0.00    2.19 v _27_/A2 (sky130_fd_sc_hd__a21o_1)
                  0.04    0.21    2.40 v _27_/X (sky130_fd_sc_hd__a21o_1)
     2    0.00                           _00_ (net)
                  0.04    0.00    2.40 v _30_/B (sky130_fd_sc_hd__and3_1)
                  0.06    0.19    2.59 v _30_/X (sky130_fd_sc_hd__and3_1)
     3    0.01                           _03_ (net)
                  0.06    0.00    2.59 v _33_/C (sky130_fd_sc_hd__or3_1)
                  0.08    0.34    2.92 v _33_/X (sky130_fd_sc_hd__or3_1)
     2    0.00                           _05_ (net)
                  0.08    0.00    2.92 v _37_/A2 (sky130_fd_sc_hd__a21bo_1)
                  0.05    0.23    3.15 v _37_/X (sky130_fd_sc_hd__a21bo_1)
     2    0.01                           _08_ (net)
                  0.05    0.00    3.15 v _38_/B (sky130_fd_sc_hd__xor2_1)
                  0.25    0.25    3.39 ^ _38_/X (sky130_fd_sc_hd__xor2_1)
     2    0.01                           _09_ (net)
                  0.25    0.00    3.39 ^ _41_/A2 (sky130_fd_sc_hd__a21oi_2)
                  0.08    0.13    3.52 v _41_/Y (sky130_fd_sc_hd__a21oi_2)
     2    0.01                           _11_ (net)
                  0.08    0.00    3.52 v _42_/B (sky130_fd_sc_hd__xnor2_1)
                  0.26    0.26    3.78 ^ _42_/Y (sky130_fd_sc_hd__xnor2_1)
     2    0.01                           _12_ (net)
                  0.26    0.00    3.78 ^ _45_/A2 (sky130_fd_sc_hd__a21oi_2)
                  0.07    0.11    3.90 v _45_/Y (sky130_fd_sc_hd__a21oi_2)
     2    0.01                           _14_ (net)
                  0.07    0.00    3.90 v _46_/B (sky130_fd_sc_hd__xnor2_1)
                  0.16    0.18    4.08 ^ _46_/Y (sky130_fd_sc_hd__xnor2_1)
     2    0.01                           _15_ (net)
                  0.16    0.00    4.08 ^ _48_/A (sky130_fd_sc_hd__nand2_1)
                  0.10    0.13    4.21 v _48_/Y (sky130_fd_sc_hd__nand2_1)
     4    0.01                           _17_ (net)
                  0.10    0.00    4.21 v _56_/A2 (sky130_fd_sc_hd__a21boi_1)
                  0.13    0.18    4.39 ^ _56_/Y (sky130_fd_sc_hd__a21boi_1)
     1    0.00                           _23_ (net)
                  0.13    0.00    4.39 ^ _57_/B1 (sky130_fd_sc_hd__a21oi_1)
                  0.06    0.07    4.46 v _57_/Y (sky130_fd_sc_hd__a21oi_1)
     1    0.00                           _24_ (net)
                  0.06    0.00    4.46 v _59_/A (sky130_fd_sc_hd__xnor2_1)
                  0.12    0.16    4.62 ^ _59_/Y (sky130_fd_sc_hd__xnor2_1)
     1    0.00                           net24 (net)
                  0.12    0.00    4.62 ^ output24/A (sky130_fd_sc_hd__buf_2)
                  0.17    0.24    4.86 ^ output24/X (sky130_fd_sc_hd__buf_2)
     1    0.03                           SUM[7] (net)
                  0.17    0.00    4.86 ^ SUM[7] (out)
                                  4.86   data arrival time

                  0.00   10.00   10.00   clock clk (rise edge)
                          0.00   10.00   clock network delay (ideal)
                         -0.25    9.75   clock uncertainty
                          0.00    9.75   clock reconvergence pessimism
                         -2.00    7.75   output external delay
                                  7.75   data required time
-----------------------------------------------------------------------------
                                  7.75   data required time
                                 -4.86   data arrival time
-----------------------------------------------------------------------------
                                  2.89   slack (MET)


Startpoint: A[0] (input port clocked by clk)
Endpoint: SUM[5] (output port clocked by clk)
Path Group: clk
Path Type: max

Fanout     Cap    Slew   Delay    Time   Description
-----------------------------------------------------------------------------
                  0.00    0.00    0.00   clock clk (rise edge)
                          0.00    0.00   clock network delay (ideal)
                          2.00    2.00 v input external delay
                  0.01    0.00    2.00 v A[0] (in)
     1    0.00                           A[0] (net)
                  0.01    0.00    2.00 v input1/A (sky130_fd_sc_hd__dlymetal6s2s_1)
                  0.09    0.18    2.19 v input1/X (sky130_fd_sc_hd__dlymetal6s2s_1)
     4    0.02                           net1 (net)
                  0.09    0.00    2.19 v _27_/A2 (sky130_fd_sc_hd__a21o_1)
                  0.04    0.21    2.40 v _27_/X (sky130_fd_sc_hd__a21o_1)
     2    0.00                           _00_ (net)
                  0.04    0.00    2.40 v _30_/B (sky130_fd_sc_hd__and3_1)
                  0.06    0.19    2.59 v _30_/X (sky130_fd_sc_hd__and3_1)
     3    0.01                           _03_ (net)
                  0.06    0.00    2.59 v _33_/C (sky130_fd_sc_hd__or3_1)
                  0.08    0.34    2.92 v _33_/X (sky130_fd_sc_hd__or3_1)
     2    0.00                           _05_ (net)
                  0.08    0.00    2.92 v _37_/A2 (sky130_fd_sc_hd__a21bo_1)
                  0.05    0.23    3.15 v _37_/X (sky130_fd_sc_hd__a21bo_1)
     2    0.01                           _08_ (net)
                  0.05    0.00    3.15 v _38_/B (sky130_fd_sc_hd__xor2_1)
                  0.25    0.25    3.39 ^ _38_/X (sky130_fd_sc_hd__xor2_1)
     2    0.01                           _09_ (net)
                  0.25    0.00    3.39 ^ _41_/A2 (sky130_fd_sc_hd__a21oi_2)
                  0.08    0.13    3.52 v _41_/Y (sky130_fd_sc_hd__a21oi_2)
     2    0.01                           _11_ (net)
                  0.08    0.00    3.52 v _42_/B (sky130_fd_sc_hd__xnor2_1)
                  0.26    0.26    3.78 ^ _42_/Y (sky130_fd_sc_hd__xnor2_1)
     2    0.01                           _12_ (net)
                  0.26    0.00    3.78 ^ _45_/A2 (sky130_fd_sc_hd__a21oi_2)
                  0.07    0.11    3.90 v _45_/Y (sky130_fd_sc_hd__a21oi_2)
     2    0.01                           _14_ (net)
                  0.07    0.00    3.90 v _46_/B (sky130_fd_sc_hd__xnor2_1)
                  0.16    0.18    4.08 ^ _46_/Y (sky130_fd_sc_hd__xnor2_1)
     2    0.01                           _15_ (net)
                  0.16    0.00    4.08 ^ _48_/A (sky130_fd_sc_hd__nand2_1)
                  0.10    0.13    4.21 v _48_/Y (sky130_fd_sc_hd__nand2_1)
     4    0.01                           _17_ (net)
                  0.10    0.00    4.21 v _49_/B (sky130_fd_sc_hd__and2_1)
                  0.04    0.19    4.40 v _49_/X (sky130_fd_sc_hd__and2_1)
     1    0.00                           _18_ (net)
                  0.04    0.00    4.40 v _50_/A (sky130_fd_sc_hd__clkbuf_1)
                  0.03    0.09    4.49 v _50_/X (sky130_fd_sc_hd__clkbuf_1)
     1    0.00                           net22 (net)
                  0.03    0.00    4.49 v output22/A (sky130_fd_sc_hd__clkbuf_4)
                  0.08    0.18    4.67 v output22/X (sky130_fd_sc_hd__clkbuf_4)
     1    0.03                           SUM[5] (net)
                  0.08    0.00    4.67 v SUM[5] (out)
                                  4.67   data arrival time

                  0.00   10.00   10.00   clock clk (rise edge)
                          0.00   10.00   clock network delay (ideal)
                         -0.25    9.75   clock uncertainty
                          0.00    9.75   clock reconvergence pessimism
                         -2.00    7.75   output external delay
                                  7.75   data required time
-----------------------------------------------------------------------------
                                  7.75   data required time
                                 -4.67   data arrival time
-----------------------------------------------------------------------------
                                  3.08   slack (MET)


Startpoint: A[0] (input port clocked by clk)
Endpoint: SUM[4] (output port clocked by clk)
Path Group: clk
Path Type: max

Fanout     Cap    Slew   Delay    Time   Description
-----------------------------------------------------------------------------
                  0.00    0.00    0.00   clock clk (rise edge)
                          0.00    0.00   clock network delay (ideal)
                          2.00    2.00 v input external delay
                  0.01    0.00    2.00 v A[0] (in)
     1    0.00                           A[0] (net)
                  0.01    0.00    2.00 v input1/A (sky130_fd_sc_hd__dlymetal6s2s_1)
                  0.09    0.18    2.19 v input1/X (sky130_fd_sc_hd__dlymetal6s2s_1)
     4    0.02                           net1 (net)
                  0.09    0.00    2.19 v _27_/A2 (sky130_fd_sc_hd__a21o_1)
                  0.04    0.21    2.40 v _27_/X (sky130_fd_sc_hd__a21o_1)
     2    0.00                           _00_ (net)
                  0.04    0.00    2.40 v _30_/B (sky130_fd_sc_hd__and3_1)
                  0.06    0.19    2.59 v _30_/X (sky130_fd_sc_hd__and3_1)
     3    0.01                           _03_ (net)
                  0.06    0.00    2.59 v _33_/C (sky130_fd_sc_hd__or3_1)
                  0.08    0.34    2.92 v _33_/X (sky130_fd_sc_hd__or3_1)
     2    0.00                           _05_ (net)
                  0.08    0.00    2.92 v _37_/A2 (sky130_fd_sc_hd__a21bo_1)
                  0.05    0.23    3.15 v _37_/X (sky130_fd_sc_hd__a21bo_1)
     2    0.01                           _08_ (net)
                  0.05    0.00    3.15 v _38_/B (sky130_fd_sc_hd__xor2_1)
                  0.25    0.25    3.39 ^ _38_/X (sky130_fd_sc_hd__xor2_1)
     2    0.01                           _09_ (net)
                  0.25    0.00    3.39 ^ _41_/A2 (sky130_fd_sc_hd__a21oi_2)
                  0.08    0.13    3.52 v _41_/Y (sky130_fd_sc_hd__a21oi_2)
     2    0.01                           _11_ (net)
                  0.08    0.00    3.52 v _42_/B (sky130_fd_sc_hd__xnor2_1)
                  0.26    0.26    3.78 ^ _42_/Y (sky130_fd_sc_hd__xnor2_1)
     2    0.01                           _12_ (net)
                  0.26    0.00    3.78 ^ _43_/B (sky130_fd_sc_hd__xor2_1)
                  0.16    0.21    4.00 ^ _43_/X (sky130_fd_sc_hd__xor2_1)
     1    0.01                           net21 (net)
                  0.16    0.00    4.00 ^ output21/A (sky130_fd_sc_hd__clkbuf_4)
                  0.11    0.24    4.23 ^ output21/X (sky130_fd_sc_hd__clkbuf_4)
     1    0.03                           SUM[4] (net)
                  0.11    0.00    4.24 ^ SUM[4] (out)
                                  4.24   data arrival time

                  0.00   10.00   10.00   clock clk (rise edge)
                          0.00   10.00   clock network delay (ideal)
                         -0.25    9.75   clock uncertainty
                          0.00    9.75   clock reconvergence pessimism
                         -2.00    7.75   output external delay
                                  7.75   data required time
-----------------------------------------------------------------------------
                                  7.75   data required time
                                 -4.24   data arrival time
-----------------------------------------------------------------------------
                                  3.51   slack (MET)


Startpoint: A[0] (input port clocked by clk)
Endpoint: SUM[3] (output port clocked by clk)
Path Group: clk
Path Type: max

Fanout     Cap    Slew   Delay    Time   Description
-----------------------------------------------------------------------------
                  0.00    0.00    0.00   clock clk (rise edge)
                          0.00    0.00   clock network delay (ideal)
                          2.00    2.00 v input external delay
                  0.01    0.00    2.00 v A[0] (in)
     1    0.00                           A[0] (net)
                  0.01    0.00    2.00 v input1/A (sky130_fd_sc_hd__dlymetal6s2s_1)
                  0.09    0.18    2.19 v input1/X (sky130_fd_sc_hd__dlymetal6s2s_1)
     4    0.02                           net1 (net)
                  0.09    0.00    2.19 v _27_/A2 (sky130_fd_sc_hd__a21o_1)
                  0.04    0.21    2.40 v _27_/X (sky130_fd_sc_hd__a21o_1)
     2    0.00                           _00_ (net)
                  0.04    0.00    2.40 v _30_/B (sky130_fd_sc_hd__and3_1)
                  0.06    0.19    2.59 v _30_/X (sky130_fd_sc_hd__and3_1)
     3    0.01                           _03_ (net)
                  0.06    0.00    2.59 v _33_/C (sky130_fd_sc_hd__or3_1)
                  0.08    0.34    2.92 v _33_/X (sky130_fd_sc_hd__or3_1)
     2    0.00                           _05_ (net)
                  0.08    0.00    2.92 v _37_/A2 (sky130_fd_sc_hd__a21bo_1)
                  0.05    0.23    3.15 v _37_/X (sky130_fd_sc_hd__a21bo_1)
     2    0.01                           _08_ (net)
                  0.05    0.00    3.15 v _38_/B (sky130_fd_sc_hd__xor2_1)
                  0.25    0.25    3.39 ^ _38_/X (sky130_fd_sc_hd__xor2_1)
     2    0.01                           _09_ (net)
                  0.25    0.00    3.39 ^ _39_/B (sky130_fd_sc_hd__xor2_1)
                  0.11    0.17    3.57 ^ _39_/X (sky130_fd_sc_hd__xor2_1)
     1    0.00                           net20 (net)
                  0.11    0.00    3.57 ^ output20/A (sky130_fd_sc_hd__clkbuf_4)
                  0.12    0.22    3.79 ^ output20/X (sky130_fd_sc_hd__clkbuf_4)
     1    0.04                           SUM[3] (net)
                  0.12    0.00    3.79 ^ SUM[3] (out)
                                  3.79   data arrival time

                  0.00   10.00   10.00   clock clk (rise edge)
                          0.00   10.00   clock network delay (ideal)
                         -0.25    9.75   clock uncertainty
                          0.00    9.75   clock reconvergence pessimism
                         -2.00    7.75   output external delay
                                  7.75   data required time
-----------------------------------------------------------------------------
                                  7.75   data required time
                                 -3.79   data arrival time
-----------------------------------------------------------------------------
                                  3.96   slack (MET)


Startpoint: A[0] (input port clocked by clk)
Endpoint: SUM[2] (output port clocked by clk)
Path Group: clk
Path Type: max

Fanout     Cap    Slew   Delay    Time   Description
-----------------------------------------------------------------------------
                  0.00    0.00    0.00   clock clk (rise edge)
                          0.00    0.00   clock network delay (ideal)
                          2.00    2.00 v input external delay
                  0.01    0.00    2.00 v A[0] (in)
     1    0.00                           A[0] (net)
                  0.01    0.00    2.00 v input1/A (sky130_fd_sc_hd__dlymetal6s2s_1)
                  0.09    0.18    2.19 v input1/X (sky130_fd_sc_hd__dlymetal6s2s_1)
     4    0.02                           net1 (net)
                  0.09    0.00    2.19 v _27_/A2 (sky130_fd_sc_hd__a21o_1)
                  0.04    0.21    2.40 v _27_/X (sky130_fd_sc_hd__a21o_1)
     2    0.00                           _00_ (net)
                  0.04    0.00    2.40 v _30_/B (sky130_fd_sc_hd__and3_1)
                  0.06    0.19    2.59 v _30_/X (sky130_fd_sc_hd__and3_1)
     3    0.01                           _03_ (net)
                  0.06    0.00    2.59 v _33_/C (sky130_fd_sc_hd__or3_1)
                  0.08    0.34    2.92 v _33_/X (sky130_fd_sc_hd__or3_1)
     2    0.00                           _05_ (net)
                  0.08    0.00    2.92 v _35_/A (sky130_fd_sc_hd__and2_1)
                  0.04    0.16    3.08 v _35_/X (sky130_fd_sc_hd__and2_1)
     1    0.00                           _07_ (net)
                  0.04    0.00    3.08 v _36_/B (sky130_fd_sc_hd__xor2_1)
                  0.14    0.15    3.24 ^ _36_/X (sky130_fd_sc_hd__xor2_1)
     1    0.00                           net19 (net)
                  0.14    0.00    3.24 ^ output19/A (sky130_fd_sc_hd__clkbuf_4)
                  0.11    0.23    3.47 ^ output19/X (sky130_fd_sc_hd__clkbuf_4)
     1    0.03                           SUM[2] (net)
                  0.11    0.00    3.47 ^ SUM[2] (out)
                                  3.47   data arrival time

                  0.00   10.00   10.00   clock clk (rise edge)
                          0.00   10.00   clock network delay (ideal)
                         -0.25    9.75   clock uncertainty
                          0.00    9.75   clock reconvergence pessimism
                         -2.00    7.75   output external delay
                                  7.75   data required time
-----------------------------------------------------------------------------
                                  7.75   data required time
                                 -3.47   data arrival time
-----------------------------------------------------------------------------
                                  4.28   slack (MET)


Startpoint: A[0] (input port clocked by clk)
Endpoint: SUM[1] (output port clocked by clk)
Path Group: clk
Path Type: max

Fanout     Cap    Slew   Delay    Time   Description
-----------------------------------------------------------------------------
                  0.00    0.00    0.00   clock clk (rise edge)
                          0.00    0.00   clock network delay (ideal)
                          2.00    2.00 v input external delay
                  0.01    0.00    2.00 v A[0] (in)
     1    0.00                           A[0] (net)
                  0.01    0.00    2.00 v input1/A (sky130_fd_sc_hd__dlymetal6s2s_1)
                  0.09    0.18    2.19 v input1/X (sky130_fd_sc_hd__dlymetal6s2s_1)
     4    0.02                           net1 (net)
                  0.09    0.00    2.19 v _27_/A2 (sky130_fd_sc_hd__a21o_1)
                  0.04    0.21    2.40 v _27_/X (sky130_fd_sc_hd__a21o_1)
     2    0.00                           _00_ (net)
                  0.04    0.00    2.40 v _30_/B (sky130_fd_sc_hd__and3_1)
                  0.06    0.19    2.59 v _30_/X (sky130_fd_sc_hd__and3_1)
     3    0.01                           _03_ (net)
                  0.06    0.00    2.59 v _31_/B (sky130_fd_sc_hd__nor2_1)
                  0.14    0.14    2.73 ^ _31_/Y (sky130_fd_sc_hd__nor2_1)
     1    0.01                           net18 (net)
                  0.14    0.00    2.73 ^ output18/A (sky130_fd_sc_hd__buf_2)
                  0.17    0.24    2.97 ^ output18/X (sky130_fd_sc_hd__buf_2)
     1    0.03                           SUM[1] (net)
                  0.17    0.00    2.97 ^ SUM[1] (out)
                                  2.97   data arrival time

                  0.00   10.00   10.00   clock clk (rise edge)
                          0.00   10.00   clock network delay (ideal)
                         -0.25    9.75   clock uncertainty
                          0.00    9.75   clock reconvergence pessimism
                         -2.00    7.75   output external delay
                                  7.75   data required time
-----------------------------------------------------------------------------
                                  7.75   data required time
                                 -2.97   data arrival time
-----------------------------------------------------------------------------
                                  4.78   slack (MET)


Startpoint: A[0] (input port clocked by clk)
Endpoint: SUM[0] (output port clocked by clk)
Path Group: clk
Path Type: max

Fanout     Cap    Slew   Delay    Time   Description
-----------------------------------------------------------------------------
                  0.00    0.00    0.00   clock clk (rise edge)
                          0.00    0.00   clock network delay (ideal)
                          2.00    2.00 ^ input external delay
                  0.02    0.01    2.01 ^ A[0] (in)
     1    0.00                           A[0] (net)
                  0.02    0.00    2.01 ^ input1/A (sky130_fd_sc_hd__dlymetal6s2s_1)
                  0.19    0.19    2.20 ^ input1/X (sky130_fd_sc_hd__dlymetal6s2s_1)
     4    0.02                           net1 (net)
                  0.19    0.00    2.20 ^ _26_/B (sky130_fd_sc_hd__xor2_1)
                  0.11    0.17    2.37 ^ _26_/X (sky130_fd_sc_hd__xor2_1)
     1    0.00                           net17 (net)
                  0.11    0.00    2.37 ^ output17/A (sky130_fd_sc_hd__clkbuf_4)
                  0.11    0.22    2.59 ^ output17/X (sky130_fd_sc_hd__clkbuf_4)
     1    0.03                           SUM[0] (net)
                  0.11    0.00    2.59 ^ SUM[0] (out)
                                  2.59   data arrival time

                  0.00   10.00   10.00   clock clk (rise edge)
                          0.00   10.00   clock network delay (ideal)
                         -0.25    9.75   clock uncertainty
                          0.00    9.75   clock reconvergence pessimism
                         -2.00    7.75   output external delay
                                  7.75   data required time
-----------------------------------------------------------------------------
                                  7.75   data required time
                                 -2.59   data arrival time
-----------------------------------------------------------------------------
                                  5.16   slack (MET)



