Instance name,  X location,  Y location,  Voltage 
input1, 35.04, 40.8, 1.79999
input7, 35.04, 40.8, 1.79999
output20, 35.04, 40.8, 1.79999
_39_, 35.04, 35.36, 1.79999
input4, 35.04, 35.36, 1.79999
output18, 35.04, 35.36, 1.79999
FILLER_0_9_64, 35.04, 35.36, 1.79999
input5, 35.04, 29.92, 1.79999
_52_, 35.04, 24.48, 1.79999
_55_, 35.04, 24.48, 1.79999
FILLER_0_4_64, 35.04, 24.48, 1.79999
FILLER_0_5_64, 35.04, 24.48, 1.79999
FILLER_0_6_65, 35.04, 24.48, 1.79999
_57_, 35.04, 19.04, 1.79999
output24, 35.04, 19.04, 1.79999
FILLER_0_2_62, 35.04, 19.04, 1.79999
FILLER_0_3_61, 35.04, 19.04, 1.79999
FILLER_0_3_69, 35.04, 19.04, 1.79999
input6, 35.04, 13.6, 1.79999
input8, 35.04, 13.6, 1.79999
input11, 35.04, 13.6, 1.79999
input15, 35.04, 13.6, 1.79999
FILLER_0_1_69, 35.04, 13.6, 1.79999
FILLER_0_11_46, 28.44, 40.8, 1.79999
_38_, 28.44, 35.36, 1.79999
_41_, 28.44, 35.36, 1.79999
FILLER_0_8_43, 28.44, 35.36, 1.79999
FILLER_0_9_45, 28.44, 35.36, 1.79999
_40_, 28.44, 29.92, 1.79999
FILLER_0_7_45, 28.44, 29.92, 1.79999
FILLER_0_7_53, 28.44, 29.92, 1.79999
FILLER_0_8_51, 28.44, 29.92, 1.79999
_56_, 28.44, 24.48, 1.79999
_53_, 28.44, 19.04, 1.79999
_54_, 28.44, 19.04, 1.79999
_58_, 28.44, 19.04, 1.79999
FILLER_0_3_53, 28.44, 19.04, 1.79999
_59_, 28.44, 13.6, 1.79999
output21, 28.44, 13.6, 1.79999
FILLER_0_0_51, 28.44, 13.6, 1.79999
FILLER_0_1_51, 28.44, 13.6, 1.79999
input14, 21.84, 40.8, 1.79999
_35_, 21.84, 35.36, 1.79999
_37_, 21.84, 35.36, 1.79999
FILLER_0_8_29, 21.84, 35.36, 1.79999
FILLER_0_9_29, 21.84, 35.36, 1.79999
FILLER_0_10_41, 21.84, 35.36, 1.79999
_36_, 21.84, 29.92, 1.79999
_47_, 21.84, 24.48, 1.79999
_49_, 21.84, 24.48, 1.79999
_46_, 21.84, 19.04, 1.79999
FILLER_0_4_39, 21.84, 19.04, 1.79999
_51_, 21.84, 13.6, 1.79999
FILLER_0_0_41, 21.84, 13.6, 1.79999
FILLER_0_2_42, 21.84, 13.6, 1.79999
PHY_20, 5.52, 40.8, 1.79997
PHY_22, 5.52, 40.8, 1.79997
output17, 5.52, 40.8, 1.79997
PHY_21, 40.02, 40.8, 1.79999
PHY_23, 40.02, 40.8, 1.79999
input3, 13.68, 40.8, 1.79998
output23, 13.68, 40.8, 1.79998
FILLER_0_11_20, 13.68, 40.8, 1.79998
_26_, 5.52, 35.36, 1.79998
PHY_16, 5.52, 35.36, 1.79998
PHY_18, 5.52, 35.36, 1.79998
output19, 5.52, 35.36, 1.79998
FILLER_0_9_3, 5.52, 35.36, 1.79998
PHY_17, 40.02, 35.36, 1.79999
PHY_19, 40.02, 35.36, 1.79999
_32_, 13.68, 35.36, 1.79998
_33_, 13.68, 35.36, 1.79998
_34_, 13.68, 35.36, 1.79998
FILLER_0_8_9, 13.68, 35.36, 1.79998
FILLER_0_9_14, 13.68, 35.36, 1.79998
FILLER_0_10_21, 13.68, 35.36, 1.79998
_29_, 5.52, 29.92, 1.79997
PHY_12, 5.52, 29.92, 1.79997
PHY_14, 5.52, 29.92, 1.79997
output22, 5.52, 29.92, 1.79997
FILLER_0_7_3, 5.52, 29.92, 1.79997
PHY_13, 40.02, 29.92, 1.79999
PHY_15, 40.02, 29.92, 1.79999
_27_, 13.68, 29.92, 1.79998
_28_, 13.68, 29.92, 1.79998
_30_, 13.68, 29.92, 1.79998
_31_, 13.68, 29.92, 1.79998
_50_, 13.68, 29.92, 1.79998
FILLER_0_8_23, 13.68, 29.92, 1.79998
PHY_8, 5.52, 24.48, 1.79999
PHY_10, 5.52, 24.48, 1.79999
input9, 5.52, 24.48, 1.79999
FILLER_0_6_3, 5.52, 24.48, 1.79999
PHY_9, 40.02, 24.48, 1.79999
PHY_11, 40.02, 24.48, 1.79999
FILLER_0_4_15, 13.68, 24.48, 1.79999
PHY_4, 5.52, 19.04, 1.79998
PHY_6, 5.52, 19.04, 1.79998
FILLER_0_3_3, 5.52, 19.04, 1.79998
PHY_5, 40.02, 19.04, 1.79999
PHY_7, 40.02, 19.04, 1.79999
_42_, 13.68, 19.04, 1.79998
_43_, 13.68, 19.04, 1.79998
_44_, 13.68, 19.04, 1.79998
_45_, 13.68, 19.04, 1.79998
_48_, 13.68, 19.04, 1.79998
PHY_0, 5.52, 13.6, 1.79998
PHY_2, 5.52, 13.6, 1.79998
input2, 5.52, 13.6, 1.79998
input10, 5.52, 13.6, 1.79998
input13, 5.52, 13.6, 1.79998
FILLER_0_2_6, 5.52, 13.6, 1.79998
PHY_1, 40.02, 13.6, 1.79999
PHY_3, 40.02, 13.6, 1.79999
input12, 13.68, 13.6, 1.79999
input16, 13.68, 13.6, 1.79999
FILLER_0_2_24, 13.68, 13.6, 1.79999

