Instance name,  X location,  Y location,  Voltage 
PHY_21, 38.34, 38.08, 1.47175e-05
PHY_23, 38.34, 38.08, 1.47175e-05
input4, 38.34, 38.08, 1.47175e-05
output18, 38.34, 38.08, 1.47175e-05
PHY_17, 38.34, 32.64, 8.69488e-06
PHY_19, 38.34, 32.64, 8.69488e-06
input5, 38.34, 32.64, 8.69488e-06
PHY_13, 38.34, 27.2, 7.39259e-06
PHY_15, 38.34, 27.2, 7.39259e-06
FILLER_0_6_65, 38.34, 27.2, 7.39259e-06
PHY_9, 38.34, 21.76, 1.25977e-05
PHY_11, 38.34, 21.76, 1.25977e-05
output24, 38.34, 21.76, 1.25977e-05
FILLER_0_3_69, 38.34, 21.76, 1.25977e-05
PHY_5, 38.34, 16.32, 8.9526e-06
PHY_7, 38.34, 16.32, 8.9526e-06
FILLER_0_1_69, 38.34, 16.32, 8.9526e-06
PHY_1, 38.34, 10.88, 1.00551e-05
PHY_3, 38.34, 10.88, 1.00551e-05
input11, 38.34, 10.88, 1.00551e-05
input15, 38.34, 10.88, 1.00551e-05
_39_, 31.74, 38.08, 1.72092e-05
_41_, 31.74, 38.08, 1.72092e-05
input1, 31.74, 38.08, 1.72092e-05
input7, 31.74, 38.08, 1.72092e-05
output20, 31.74, 38.08, 1.72092e-05
_40_, 31.74, 32.64, 9.78518e-06
FILLER_0_7_53, 31.74, 32.64, 9.78518e-06
FILLER_0_8_51, 31.74, 32.64, 9.78518e-06
FILLER_0_9_64, 31.74, 32.64, 9.78518e-06
_55_, 31.74, 27.2, 7.96315e-06
_52_, 31.74, 21.76, 1.24823e-05
_53_, 31.74, 21.76, 1.24823e-05
_54_, 31.74, 21.76, 1.24823e-05
_57_, 31.74, 21.76, 1.24823e-05
FILLER_0_3_53, 31.74, 21.76, 1.24823e-05
FILLER_0_4_64, 31.74, 21.76, 1.24823e-05
FILLER_0_5_64, 31.74, 21.76, 1.24823e-05
_59_, 31.74, 16.32, 9.99752e-06
FILLER_0_1_51, 31.74, 16.32, 9.99752e-06
FILLER_0_2_62, 31.74, 16.32, 9.99752e-06
FILLER_0_3_61, 31.74, 16.32, 9.99752e-06
input6, 31.74, 10.88, 1.08165e-05
input8, 31.74, 10.88, 1.08165e-05
FILLER_0_0_51, 31.74, 10.88, 1.08165e-05
_35_, 25.14, 38.08, 2.00423e-05
_37_, 25.14, 38.08, 2.00423e-05
FILLER_0_10_41, 25.14, 38.08, 2.00423e-05
FILLER_0_11_46, 25.14, 38.08, 2.00423e-05
_36_, 25.14, 32.64, 1.27384e-05
_38_, 25.14, 32.64, 1.27384e-05
FILLER_0_8_43, 25.14, 32.64, 1.27384e-05
FILLER_0_9_45, 25.14, 32.64, 1.27384e-05
FILLER_0_7_45, 25.14, 27.2, 8.24096e-06
_47_, 25.14, 21.76, 1.32741e-05
_56_, 25.14, 21.76, 1.32741e-05
FILLER_0_4_39, 25.14, 21.76, 1.32741e-05
_51_, 25.14, 16.32, 1.1761e-05
_58_, 25.14, 16.32, 1.1761e-05
FILLER_0_2_42, 25.14, 16.32, 1.1761e-05
output21, 25.14, 10.88, 1.29449e-05
FILLER_0_0_41, 25.14, 10.88, 1.29449e-05
PHY_22, 5.52, 43.52, 7.46102e-06
input3, 15.33, 43.52, 7.46101e-06
FILLER_0_11_20, 15.33, 43.52, 7.46101e-06
PHY_18, 5.52, 38.08, 4.87502e-05
PHY_20, 5.52, 38.08, 4.87502e-05
output17, 5.52, 38.08, 4.87502e-05
output19, 5.52, 38.08, 4.87502e-05
output23, 5.52, 38.08, 4.87502e-05
_34_, 15.33, 38.08, 3.48719e-05
input14, 15.33, 38.08, 3.48719e-05
FILLER_0_9_14, 15.33, 38.08, 3.48719e-05
FILLER_0_10_21, 15.33, 38.08, 3.48719e-05
_26_, 5.52, 32.64, 2.7597e-05
PHY_14, 5.52, 32.64, 2.7597e-05
PHY_16, 5.52, 32.64, 2.7597e-05
output22, 5.52, 32.64, 2.7597e-05
FILLER_0_8_9, 5.52, 32.64, 2.7597e-05
FILLER_0_9_3, 5.52, 32.64, 2.7597e-05
_30_, 15.33, 32.64, 2.1475e-05
_31_, 15.33, 32.64, 2.1475e-05
_32_, 15.33, 32.64, 2.1475e-05
_33_, 15.33, 32.64, 2.1475e-05
FILLER_0_8_23, 15.33, 32.64, 2.1475e-05
FILLER_0_8_29, 15.33, 32.64, 2.1475e-05
FILLER_0_9_29, 15.33, 32.64, 2.1475e-05
_27_, 5.52, 27.2, 1.20534e-05
_28_, 5.52, 27.2, 1.20534e-05
_29_, 5.52, 27.2, 1.20534e-05
PHY_10, 5.52, 27.2, 1.20534e-05
PHY_12, 5.52, 27.2, 1.20534e-05
FILLER_0_6_3, 5.52, 27.2, 1.20534e-05
FILLER_0_7_3, 5.52, 27.2, 1.20534e-05
_50_, 15.33, 27.2, 1.06406e-05
PHY_6, 5.52, 21.76, 1.98937e-05
PHY_8, 5.52, 21.76, 1.98937e-05
input9, 5.52, 21.76, 1.98937e-05
_42_, 15.33, 21.76, 1.91226e-05
_44_, 15.33, 21.76, 1.91226e-05
_48_, 15.33, 21.76, 1.91226e-05
_49_, 15.33, 21.76, 1.91226e-05
FILLER_0_4_15, 15.33, 21.76, 1.91226e-05
_43_, 5.52, 16.32, 1.83749e-05
PHY_2, 5.52, 16.32, 1.83749e-05
PHY_4, 5.52, 16.32, 1.83749e-05
input2, 5.52, 16.32, 1.83749e-05
FILLER_0_2_6, 5.52, 16.32, 1.83749e-05
FILLER_0_3_3, 5.52, 16.32, 1.83749e-05
_45_, 15.33, 16.32, 1.66258e-05
_46_, 15.33, 16.32, 1.66258e-05
FILLER_0_2_24, 15.33, 16.32, 1.66258e-05
PHY_0, 5.52, 10.88, 1.75987e-05
input10, 5.52, 10.88, 1.75987e-05
input12, 5.52, 10.88, 1.75987e-05
input13, 5.52, 10.88, 1.75987e-05
input16, 15.33, 10.88, 1.55289e-05

