
===========================================================================
report_checks -path_delay max (Setup)
============================================================================
======================= Typical Corner ===================================

Startpoint: A[0] (input port clocked by clk)
Endpoint: SUM[6] (output port clocked by clk)
Path Group: clk
Path Type: max

Fanout     Cap    Slew   Delay    Time   Description
-----------------------------------------------------------------------------
                  0.00    0.00    0.00   clock clk (rise edge)
                          0.00    0.00   clock network delay (ideal)
                          2.00    2.00 v input external delay
                  0.01    0.00    2.00 v A[0] (in)
     1    0.00                           A[0] (net)
                  0.01    0.00    2.00 v input1/A (sky130_fd_sc_hd__buf_1)
                  0.08    0.13    2.13 v input1/X (sky130_fd_sc_hd__buf_1)
     4    0.01                           net1 (net)
                  0.08    0.00    2.13 v _27_/A2 (sky130_fd_sc_hd__a21o_1)
                  0.04    0.20    2.34 v _27_/X (sky130_fd_sc_hd__a21o_1)
     2    0.00                           _00_ (net)
                  0.04    0.00    2.34 v _30_/B (sky130_fd_sc_hd__and3_1)
                  0.05    0.18    2.52 v _30_/X (sky130_fd_sc_hd__and3_1)
     3    0.01                           _03_ (net)
                  0.05    0.00    2.52 v _33_/C (sky130_fd_sc_hd__or3_1)
                  0.08    0.33    2.85 v _33_/X (sky130_fd_sc_hd__or3_1)
     2    0.00                           _05_ (net)
                  0.08    0.00    2.85 v _37_/A2 (sky130_fd_sc_hd__a21bo_1)
                  0.05    0.22    3.07 v _37_/X (sky130_fd_sc_hd__a21bo_1)
     2    0.01                           _08_ (net)
                  0.05    0.00    3.07 v _38_/B (sky130_fd_sc_hd__xor2_1)
                  0.07    0.16    3.24 v _38_/X (sky130_fd_sc_hd__xor2_1)
     2    0.01                           _09_ (net)
                  0.07    0.00    3.24 v _41_/A2 (sky130_fd_sc_hd__a21oi_1)
                  0.22    0.25    3.48 ^ _41_/Y (sky130_fd_sc_hd__a21oi_1)
     2    0.01                           _11_ (net)
                  0.22    0.00    3.48 ^ _44_/A_N (sky130_fd_sc_hd__and2b_1)
                  0.03    0.22    3.70 v _44_/X (sky130_fd_sc_hd__and2b_1)
     1    0.00                           _13_ (net)
                  0.03    0.00    3.70 v _45_/B1 (sky130_fd_sc_hd__a21oi_1)
                  0.19    0.18    3.88 ^ _45_/Y (sky130_fd_sc_hd__a21oi_1)
     2    0.01                           _14_ (net)
                  0.19    0.00    3.88 ^ _46_/B (sky130_fd_sc_hd__xnor2_1)
                  0.16    0.16    4.04 ^ _46_/Y (sky130_fd_sc_hd__xnor2_1)
     2    0.00                           _15_ (net)
                  0.16    0.00    4.04 ^ _48_/B (sky130_fd_sc_hd__nand2_1)
                  0.08    0.12    4.16 v _48_/Y (sky130_fd_sc_hd__nand2_1)
     4    0.01                           _17_ (net)
                  0.08    0.00    4.16 v _53_/A2 (sky130_fd_sc_hd__a21bo_1)
                  0.03    0.20    4.37 v _53_/X (sky130_fd_sc_hd__a21bo_1)
     1    0.00                           _21_ (net)
                  0.03    0.00    4.37 v _54_/B (sky130_fd_sc_hd__nand2_1)
                  0.06    0.08    4.44 ^ _54_/Y (sky130_fd_sc_hd__nand2_1)
     1    0.01                           _22_ (net)
                  0.06    0.00    4.44 ^ _55_/B (sky130_fd_sc_hd__xnor2_1)
                  0.16    0.13    4.58 ^ _55_/Y (sky130_fd_sc_hd__xnor2_1)
     1    0.01                           net23 (net)
                  0.16    0.00    4.58 ^ output23/A (sky130_fd_sc_hd__clkbuf_4)
                  0.11    0.24    4.82 ^ output23/X (sky130_fd_sc_hd__clkbuf_4)
     1    0.03                           SUM[6] (net)
                  0.11    0.00    4.82 ^ SUM[6] (out)
                                  4.82   data arrival time

                  0.00   10.00   10.00   clock clk (rise edge)
                          0.00   10.00   clock network delay (ideal)
                         -0.25    9.75   clock uncertainty
                          0.00    9.75   clock reconvergence pessimism
                         -2.00    7.75   output external delay
                                  7.75   data required time
-----------------------------------------------------------------------------
                                  7.75   data required time
                                 -4.82   data arrival time
-----------------------------------------------------------------------------
                                  2.93   slack (MET)


Startpoint: A[0] (input port clocked by clk)
Endpoint: SUM[7] (output port clocked by clk)
Path Group: clk
Path Type: max

Fanout     Cap    Slew   Delay    Time   Description
-----------------------------------------------------------------------------
                  0.00    0.00    0.00   clock clk (rise edge)
                          0.00    0.00   clock network delay (ideal)
                          2.00    2.00 v input external delay
                  0.01    0.00    2.00 v A[0] (in)
     1    0.00                           A[0] (net)
                  0.01    0.00    2.00 v input1/A (sky130_fd_sc_hd__buf_1)
                  0.08    0.13    2.13 v input1/X (sky130_fd_sc_hd__buf_1)
     4    0.01                           net1 (net)
                  0.08    0.00    2.13 v _27_/A2 (sky130_fd_sc_hd__a21o_1)
                  0.04    0.20    2.34 v _27_/X (sky130_fd_sc_hd__a21o_1)
     2    0.00                           _00_ (net)
                  0.04    0.00    2.34 v _30_/B (sky130_fd_sc_hd__and3_1)
                  0.05    0.18    2.52 v _30_/X (sky130_fd_sc_hd__and3_1)
     3    0.01                           _03_ (net)
                  0.05    0.00    2.52 v _33_/C (sky130_fd_sc_hd__or3_1)
                  0.08    0.33    2.85 v _33_/X (sky130_fd_sc_hd__or3_1)
     2    0.00                           _05_ (net)
                  0.08    0.00    2.85 v _37_/A2 (sky130_fd_sc_hd__a21bo_1)
                  0.05    0.22    3.07 v _37_/X (sky130_fd_sc_hd__a21bo_1)
     2    0.01                           _08_ (net)
                  0.05    0.00    3.07 v _38_/B (sky130_fd_sc_hd__xor2_1)
                  0.07    0.16    3.24 v _38_/X (sky130_fd_sc_hd__xor2_1)
     2    0.01                           _09_ (net)
                  0.07    0.00    3.24 v _41_/A2 (sky130_fd_sc_hd__a21oi_1)
                  0.22    0.25    3.48 ^ _41_/Y (sky130_fd_sc_hd__a21oi_1)
     2    0.01                           _11_ (net)
                  0.22    0.00    3.48 ^ _44_/A_N (sky130_fd_sc_hd__and2b_1)
                  0.03    0.22    3.70 v _44_/X (sky130_fd_sc_hd__and2b_1)
     1    0.00                           _13_ (net)
                  0.03    0.00    3.70 v _45_/B1 (sky130_fd_sc_hd__a21oi_1)
                  0.19    0.18    3.88 ^ _45_/Y (sky130_fd_sc_hd__a21oi_1)
     2    0.01                           _14_ (net)
                  0.19    0.00    3.88 ^ _46_/B (sky130_fd_sc_hd__xnor2_1)
                  0.16    0.16    4.04 ^ _46_/Y (sky130_fd_sc_hd__xnor2_1)
     2    0.00                           _15_ (net)
                  0.16    0.00    4.04 ^ _48_/B (sky130_fd_sc_hd__nand2_1)
                  0.08    0.12    4.16 v _48_/Y (sky130_fd_sc_hd__nand2_1)
     4    0.01                           _17_ (net)
                  0.08    0.00    4.16 v _56_/A2 (sky130_fd_sc_hd__a21boi_1)
                  0.11    0.16    4.32 ^ _56_/Y (sky130_fd_sc_hd__a21boi_1)
     1    0.00                           _23_ (net)
                  0.11    0.00    4.32 ^ _57_/B1 (sky130_fd_sc_hd__a21oi_1)
                  0.06    0.06    4.39 v _57_/Y (sky130_fd_sc_hd__a21oi_1)
     1    0.00                           _24_ (net)
                  0.06    0.00    4.39 v _59_/A (sky130_fd_sc_hd__xnor2_1)
                  0.11    0.15    4.54 ^ _59_/Y (sky130_fd_sc_hd__xnor2_1)
     1    0.00                           net24 (net)
                  0.11    0.00    4.54 ^ output24/A (sky130_fd_sc_hd__buf_2)
                  0.17    0.23    4.77 ^ output24/X (sky130_fd_sc_hd__buf_2)
     1    0.03                           SUM[7] (net)
                  0.17    0.00    4.77 ^ SUM[7] (out)
                                  4.77   data arrival time

                  0.00   10.00   10.00   clock clk (rise edge)
                          0.00   10.00   clock network delay (ideal)
                         -0.25    9.75   clock uncertainty
                          0.00    9.75   clock reconvergence pessimism
                         -2.00    7.75   output external delay
                                  7.75   data required time
-----------------------------------------------------------------------------
                                  7.75   data required time
                                 -4.77   data arrival time
-----------------------------------------------------------------------------
                                  2.98   slack (MET)


Startpoint: A[0] (input port clocked by clk)
Endpoint: SUM[5] (output port clocked by clk)
Path Group: clk
Path Type: max

Fanout     Cap    Slew   Delay    Time   Description
-----------------------------------------------------------------------------
                  0.00    0.00    0.00   clock clk (rise edge)
                          0.00    0.00   clock network delay (ideal)
                          2.00    2.00 v input external delay
                  0.01    0.00    2.00 v A[0] (in)
     1    0.00                           A[0] (net)
                  0.01    0.00    2.00 v input1/A (sky130_fd_sc_hd__buf_1)
                  0.08    0.13    2.13 v input1/X (sky130_fd_sc_hd__buf_1)
     4    0.01                           net1 (net)
                  0.08    0.00    2.13 v _27_/A2 (sky130_fd_sc_hd__a21o_1)
                  0.04    0.20    2.34 v _27_/X (sky130_fd_sc_hd__a21o_1)
     2    0.00                           _00_ (net)
                  0.04    0.00    2.34 v _30_/B (sky130_fd_sc_hd__and3_1)
                  0.05    0.18    2.52 v _30_/X (sky130_fd_sc_hd__and3_1)
     3    0.01                           _03_ (net)
                  0.05    0.00    2.52 v _33_/C (sky130_fd_sc_hd__or3_1)
                  0.08    0.33    2.85 v _33_/X (sky130_fd_sc_hd__or3_1)
     2    0.00                           _05_ (net)
                  0.08    0.00    2.85 v _37_/A2 (sky130_fd_sc_hd__a21bo_1)
                  0.05    0.22    3.07 v _37_/X (sky130_fd_sc_hd__a21bo_1)
     2    0.01                           _08_ (net)
                  0.05    0.00    3.07 v _38_/B (sky130_fd_sc_hd__xor2_1)
                  0.07    0.16    3.24 v _38_/X (sky130_fd_sc_hd__xor2_1)
     2    0.01                           _09_ (net)
                  0.07    0.00    3.24 v _41_/A2 (sky130_fd_sc_hd__a21oi_1)
                  0.22    0.25    3.48 ^ _41_/Y (sky130_fd_sc_hd__a21oi_1)
     2    0.01                           _11_ (net)
                  0.22    0.00    3.48 ^ _44_/A_N (sky130_fd_sc_hd__and2b_1)
                  0.03    0.22    3.70 v _44_/X (sky130_fd_sc_hd__and2b_1)
     1    0.00                           _13_ (net)
                  0.03    0.00    3.70 v _45_/B1 (sky130_fd_sc_hd__a21oi_1)
                  0.19    0.18    3.88 ^ _45_/Y (sky130_fd_sc_hd__a21oi_1)
     2    0.01                           _14_ (net)
                  0.19    0.00    3.88 ^ _46_/B (sky130_fd_sc_hd__xnor2_1)
                  0.16    0.16    4.04 ^ _46_/Y (sky130_fd_sc_hd__xnor2_1)
     2    0.00                           _15_ (net)
                  0.16    0.00    4.04 ^ _48_/B (sky130_fd_sc_hd__nand2_1)
                  0.08    0.12    4.16 v _48_/Y (sky130_fd_sc_hd__nand2_1)
     4    0.01                           _17_ (net)
                  0.08    0.00    4.16 v _49_/B (sky130_fd_sc_hd__and2_1)
                  0.04    0.18    4.34 v _49_/X (sky130_fd_sc_hd__and2_1)
     1    0.00                           _18_ (net)
                  0.04    0.00    4.34 v _50_/A (sky130_fd_sc_hd__clkbuf_1)
                  0.03    0.09    4.42 v _50_/X (sky130_fd_sc_hd__clkbuf_1)
     1    0.00                           net22 (net)
                  0.03    0.00    4.42 v output22/A (sky130_fd_sc_hd__buf_2)
                  0.09    0.18    4.60 v output22/X (sky130_fd_sc_hd__buf_2)
     1    0.03                           SUM[5] (net)
                  0.09    0.00    4.60 v SUM[5] (out)
                                  4.60   data arrival time

                  0.00   10.00   10.00   clock clk (rise edge)
                          0.00   10.00   clock network delay (ideal)
                         -0.25    9.75   clock uncertainty
                          0.00    9.75   clock reconvergence pessimism
                         -2.00    7.75   output external delay
                                  7.75   data required time
-----------------------------------------------------------------------------
                                  7.75   data required time
                                 -4.60   data arrival time
-----------------------------------------------------------------------------
                                  3.15   slack (MET)


Startpoint: A[0] (input port clocked by clk)
Endpoint: SUM[4] (output port clocked by clk)
Path Group: clk
Path Type: max

Fanout     Cap    Slew   Delay    Time   Description
-----------------------------------------------------------------------------
                  0.00    0.00    0.00   clock clk (rise edge)
                          0.00    0.00   clock network delay (ideal)
                          2.00    2.00 v input external delay
                  0.01    0.00    2.00 v A[0] (in)
     1    0.00                           A[0] (net)
                  0.01    0.00    2.00 v input1/A (sky130_fd_sc_hd__buf_1)
                  0.08    0.13    2.13 v input1/X (sky130_fd_sc_hd__buf_1)
     4    0.01                           net1 (net)
                  0.08    0.00    2.13 v _27_/A2 (sky130_fd_sc_hd__a21o_1)
                  0.04    0.20    2.34 v _27_/X (sky130_fd_sc_hd__a21o_1)
     2    0.00                           _00_ (net)
                  0.04    0.00    2.34 v _30_/B (sky130_fd_sc_hd__and3_1)
                  0.05    0.18    2.52 v _30_/X (sky130_fd_sc_hd__and3_1)
     3    0.01                           _03_ (net)
                  0.05    0.00    2.52 v _33_/C (sky130_fd_sc_hd__or3_1)
                  0.08    0.33    2.85 v _33_/X (sky130_fd_sc_hd__or3_1)
     2    0.00                           _05_ (net)
                  0.08    0.00    2.85 v _37_/A2 (sky130_fd_sc_hd__a21bo_1)
                  0.05    0.22    3.07 v _37_/X (sky130_fd_sc_hd__a21bo_1)
     2    0.01                           _08_ (net)
                  0.05    0.00    3.07 v _38_/B (sky130_fd_sc_hd__xor2_1)
                  0.07    0.16    3.24 v _38_/X (sky130_fd_sc_hd__xor2_1)
     2    0.01                           _09_ (net)
                  0.07    0.00    3.24 v _41_/A2 (sky130_fd_sc_hd__a21oi_1)
                  0.22    0.25    3.48 ^ _41_/Y (sky130_fd_sc_hd__a21oi_1)
     2    0.01                           _11_ (net)
                  0.22    0.00    3.48 ^ _42_/B (sky130_fd_sc_hd__xnor2_1)
                  0.21    0.19    3.67 ^ _42_/Y (sky130_fd_sc_hd__xnor2_1)
     2    0.01                           _12_ (net)
                  0.21    0.00    3.67 ^ _43_/B (sky130_fd_sc_hd__xor2_1)
                  0.12    0.18    3.85 ^ _43_/X (sky130_fd_sc_hd__xor2_1)
     1    0.00                           net21 (net)
                  0.12    0.00    3.85 ^ output21/A (sky130_fd_sc_hd__buf_2)
                  0.17    0.24    4.09 ^ output21/X (sky130_fd_sc_hd__buf_2)
     1    0.03                           SUM[4] (net)
                  0.17    0.00    4.09 ^ SUM[4] (out)
                                  4.09   data arrival time

                  0.00   10.00   10.00   clock clk (rise edge)
                          0.00   10.00   clock network delay (ideal)
                         -0.25    9.75   clock uncertainty
                          0.00    9.75   clock reconvergence pessimism
                         -2.00    7.75   output external delay
                                  7.75   data required time
-----------------------------------------------------------------------------
                                  7.75   data required time
                                 -4.09   data arrival time
-----------------------------------------------------------------------------
                                  3.66   slack (MET)


Startpoint: A[0] (input port clocked by clk)
Endpoint: SUM[3] (output port clocked by clk)
Path Group: clk
Path Type: max

Fanout     Cap    Slew   Delay    Time   Description
-----------------------------------------------------------------------------
                  0.00    0.00    0.00   clock clk (rise edge)
                          0.00    0.00   clock network delay (ideal)
                          2.00    2.00 v input external delay
                  0.01    0.00    2.00 v A[0] (in)
     1    0.00                           A[0] (net)
                  0.01    0.00    2.00 v input1/A (sky130_fd_sc_hd__buf_1)
                  0.08    0.13    2.13 v input1/X (sky130_fd_sc_hd__buf_1)
     4    0.01                           net1 (net)
                  0.08    0.00    2.13 v _27_/A2 (sky130_fd_sc_hd__a21o_1)
                  0.04    0.20    2.34 v _27_/X (sky130_fd_sc_hd__a21o_1)
     2    0.00                           _00_ (net)
                  0.04    0.00    2.34 v _30_/B (sky130_fd_sc_hd__and3_1)
                  0.05    0.18    2.52 v _30_/X (sky130_fd_sc_hd__and3_1)
     3    0.01                           _03_ (net)
                  0.05    0.00    2.52 v _33_/C (sky130_fd_sc_hd__or3_1)
                  0.08    0.33    2.85 v _33_/X (sky130_fd_sc_hd__or3_1)
     2    0.00                           _05_ (net)
                  0.08    0.00    2.85 v _37_/A2 (sky130_fd_sc_hd__a21bo_1)
                  0.05    0.22    3.07 v _37_/X (sky130_fd_sc_hd__a21bo_1)
     2    0.01                           _08_ (net)
                  0.05    0.00    3.07 v _38_/B (sky130_fd_sc_hd__xor2_1)
                  0.20    0.20    3.27 ^ _38_/X (sky130_fd_sc_hd__xor2_1)
     2    0.01                           _09_ (net)
                  0.20    0.00    3.27 ^ _39_/B (sky130_fd_sc_hd__xor2_1)
                  0.11    0.17    3.44 ^ _39_/X (sky130_fd_sc_hd__xor2_1)
     1    0.00                           net20 (net)
                  0.11    0.00    3.44 ^ output20/A (sky130_fd_sc_hd__clkbuf_4)
                  0.11    0.22    3.66 ^ output20/X (sky130_fd_sc_hd__clkbuf_4)
     1    0.03                           SUM[3] (net)
                  0.11    0.00    3.66 ^ SUM[3] (out)
                                  3.66   data arrival time

                  0.00   10.00   10.00   clock clk (rise edge)
                          0.00   10.00   clock network delay (ideal)
                         -0.25    9.75   clock uncertainty
                          0.00    9.75   clock reconvergence pessimism
                         -2.00    7.75   output external delay
                                  7.75   data required time
-----------------------------------------------------------------------------
                                  7.75   data required time
                                 -3.66   data arrival time
-----------------------------------------------------------------------------
                                  4.09   slack (MET)


Startpoint: A[0] (input port clocked by clk)
Endpoint: SUM[2] (output port clocked by clk)
Path Group: clk
Path Type: max

Fanout     Cap    Slew   Delay    Time   Description
-----------------------------------------------------------------------------
                  0.00    0.00    0.00   clock clk (rise edge)
                          0.00    0.00   clock network delay (ideal)
                          2.00    2.00 v input external delay
                  0.01    0.00    2.00 v A[0] (in)
     1    0.00                           A[0] (net)
                  0.01    0.00    2.00 v input1/A (sky130_fd_sc_hd__buf_1)
                  0.08    0.13    2.13 v input1/X (sky130_fd_sc_hd__buf_1)
     4    0.01                           net1 (net)
                  0.08    0.00    2.13 v _27_/A2 (sky130_fd_sc_hd__a21o_1)
                  0.04    0.20    2.34 v _27_/X (sky130_fd_sc_hd__a21o_1)
     2    0.00                           _00_ (net)
                  0.04    0.00    2.34 v _30_/B (sky130_fd_sc_hd__and3_1)
                  0.05    0.18    2.52 v _30_/X (sky130_fd_sc_hd__and3_1)
     3    0.01                           _03_ (net)
                  0.05    0.00    2.52 v _33_/C (sky130_fd_sc_hd__or3_1)
                  0.08    0.33    2.85 v _33_/X (sky130_fd_sc_hd__or3_1)
     2    0.00                           _05_ (net)
                  0.08    0.00    2.85 v _35_/A (sky130_fd_sc_hd__and2_1)
                  0.04    0.16    3.01 v _35_/X (sky130_fd_sc_hd__and2_1)
     1    0.00                           _07_ (net)
                  0.04    0.00    3.01 v _36_/B (sky130_fd_sc_hd__xor2_1)
                  0.12    0.14    3.15 ^ _36_/X (sky130_fd_sc_hd__xor2_1)
     1    0.00                           net19 (net)
                  0.12    0.00    3.15 ^ output19/A (sky130_fd_sc_hd__buf_2)
                  0.17    0.24    3.38 ^ output19/X (sky130_fd_sc_hd__buf_2)
     1    0.03                           SUM[2] (net)
                  0.17    0.00    3.39 ^ SUM[2] (out)
                                  3.39   data arrival time

                  0.00   10.00   10.00   clock clk (rise edge)
                          0.00   10.00   clock network delay (ideal)
                         -0.25    9.75   clock uncertainty
                          0.00    9.75   clock reconvergence pessimism
                         -2.00    7.75   output external delay
                                  7.75   data required time
-----------------------------------------------------------------------------
                                  7.75   data required time
                                 -3.39   data arrival time
-----------------------------------------------------------------------------
                                  4.36   slack (MET)


Startpoint: A[0] (input port clocked by clk)
Endpoint: SUM[1] (output port clocked by clk)
Path Group: clk
Path Type: max

Fanout     Cap    Slew   Delay    Time   Description
-----------------------------------------------------------------------------
                  0.00    0.00    0.00   clock clk (rise edge)
                          0.00    0.00   clock network delay (ideal)
                          2.00    2.00 v input external delay
                  0.01    0.00    2.00 v A[0] (in)
     1    0.00                           A[0] (net)
                  0.01    0.00    2.00 v input1/A (sky130_fd_sc_hd__buf_1)
                  0.08    0.13    2.13 v input1/X (sky130_fd_sc_hd__buf_1)
     4    0.01                           net1 (net)
                  0.08    0.00    2.13 v _27_/A2 (sky130_fd_sc_hd__a21o_1)
                  0.04    0.20    2.34 v _27_/X (sky130_fd_sc_hd__a21o_1)
     2    0.00                           _00_ (net)
                  0.04    0.00    2.34 v _30_/B (sky130_fd_sc_hd__and3_1)
                  0.05    0.18    2.52 v _30_/X (sky130_fd_sc_hd__and3_1)
     3    0.01                           _03_ (net)
                  0.05    0.00    2.52 v _31_/B (sky130_fd_sc_hd__nor2_1)
                  0.09    0.10    2.62 ^ _31_/Y (sky130_fd_sc_hd__nor2_1)
     1    0.00                           net18 (net)
                  0.09    0.00    2.62 ^ output18/A (sky130_fd_sc_hd__buf_2)
                  0.17    0.23    2.85 ^ output18/X (sky130_fd_sc_hd__buf_2)
     1    0.03                           SUM[1] (net)
                  0.17    0.00    2.85 ^ SUM[1] (out)
                                  2.85   data arrival time

                  0.00   10.00   10.00   clock clk (rise edge)
                          0.00   10.00   clock network delay (ideal)
                         -0.25    9.75   clock uncertainty
                          0.00    9.75   clock reconvergence pessimism
                         -2.00    7.75   output external delay
                                  7.75   data required time
-----------------------------------------------------------------------------
                                  7.75   data required time
                                 -2.85   data arrival time
-----------------------------------------------------------------------------
                                  4.90   slack (MET)


Startpoint: A[0] (input port clocked by clk)
Endpoint: SUM[0] (output port clocked by clk)
Path Group: clk
Path Type: max

Fanout     Cap    Slew   Delay    Time   Description
-----------------------------------------------------------------------------
                  0.00    0.00    0.00   clock clk (rise edge)
                          0.00    0.00   clock network delay (ideal)
                          2.00    2.00 ^ input external delay
                  0.02    0.01    2.01 ^ A[0] (in)
     1    0.00                           A[0] (net)
                  0.02    0.00    2.01 ^ input1/A (sky130_fd_sc_hd__buf_1)
                  0.17    0.17    2.18 ^ input1/X (sky130_fd_sc_hd__buf_1)
     4    0.01                           net1 (net)
                  0.17    0.00    2.18 ^ _26_/B (sky130_fd_sc_hd__xor2_1)
                  0.11    0.16    2.35 ^ _26_/X (sky130_fd_sc_hd__xor2_1)
     1    0.00                           net17 (net)
                  0.11    0.00    2.35 ^ output17/A (sky130_fd_sc_hd__clkbuf_4)
                  0.11    0.22    2.57 ^ output17/X (sky130_fd_sc_hd__clkbuf_4)
     1    0.03                           SUM[0] (net)
                  0.11    0.00    2.57 ^ SUM[0] (out)
                                  2.57   data arrival time

                  0.00   10.00   10.00   clock clk (rise edge)
                          0.00   10.00   clock network delay (ideal)
                         -0.25    9.75   clock uncertainty
                          0.00    9.75   clock reconvergence pessimism
                         -2.00    7.75   output external delay
                                  7.75   data required time
-----------------------------------------------------------------------------
                                  7.75   data required time
                                 -2.57   data arrival time
-----------------------------------------------------------------------------
                                  5.18   slack (MET)



