
===========================================================================
report_checks -unconstrained
===========================================================================
======================= Typical Corner ===================================

Startpoint: A[0] (input port clocked by clk)
Endpoint: SUM[7] (output port clocked by clk)
Path Group: clk
Path Type: max

Fanout     Cap    Slew   Delay    Time   Description
-----------------------------------------------------------------------------
                  0.00    0.00    0.00   clock clk (rise edge)
                          0.00    0.00   clock network delay (ideal)
                          2.00    2.00 v input external delay
                  0.05    0.03    2.03 v A[0] (in)
     4    0.02                           A[0] (net)
                  0.05    0.00    2.03 v _27_/A2 (sky130_fd_sc_hd__a21o_2)
                  0.04    0.23    2.26 v _27_/X (sky130_fd_sc_hd__a21o_2)
     2    0.01                           _00_ (net)
                  0.04    0.00    2.26 v _30_/B (sky130_fd_sc_hd__and3_2)
                  0.06    0.22    2.48 v _30_/X (sky130_fd_sc_hd__and3_2)
     3    0.01                           _03_ (net)
                  0.06    0.00    2.48 v _33_/C (sky130_fd_sc_hd__or3_2)
                  0.08    0.44    2.92 v _33_/X (sky130_fd_sc_hd__or3_2)
     2    0.00                           _05_ (net)
                  0.08    0.00    2.92 v _37_/A2 (sky130_fd_sc_hd__a21bo_2)
                  0.05    0.26    3.18 v _37_/X (sky130_fd_sc_hd__a21bo_2)
     2    0.01                           _08_ (net)
                  0.05    0.00    3.18 v _38_/B (sky130_fd_sc_hd__xor2_2)
                  0.07    0.17    3.35 v _38_/X (sky130_fd_sc_hd__xor2_2)
     2    0.01                           _09_ (net)
                  0.07    0.00    3.35 v _41_/A2 (sky130_fd_sc_hd__a21oi_2)
                  0.18    0.22    3.57 ^ _41_/Y (sky130_fd_sc_hd__a21oi_2)
     2    0.01                           _11_ (net)
                  0.18    0.00    3.57 ^ _44_/A_N (sky130_fd_sc_hd__and2b_2)
                  0.04    0.25    3.83 v _44_/X (sky130_fd_sc_hd__and2b_2)
     1    0.00                           _13_ (net)
                  0.04    0.00    3.83 v _45_/B1 (sky130_fd_sc_hd__a21oi_2)
                  0.17    0.16    3.99 ^ _45_/Y (sky130_fd_sc_hd__a21oi_2)
     2    0.01                           _14_ (net)
                  0.17    0.00    3.99 ^ _46_/B (sky130_fd_sc_hd__xnor2_2)
                  0.14    0.14    4.13 ^ _46_/Y (sky130_fd_sc_hd__xnor2_2)
     2    0.01                           _15_ (net)
                  0.14    0.00    4.13 ^ _48_/B (sky130_fd_sc_hd__nand2_2)
                  0.07    0.11    4.24 v _48_/Y (sky130_fd_sc_hd__nand2_2)
     4    0.01                           _17_ (net)
                  0.07    0.00    4.24 v _56_/A2 (sky130_fd_sc_hd__a21boi_2)
                  0.10    0.16    4.40 ^ _56_/Y (sky130_fd_sc_hd__a21boi_2)
     1    0.00                           _23_ (net)
                  0.10    0.00    4.40 ^ _57_/B1 (sky130_fd_sc_hd__a21oi_2)
                  0.05    0.06    4.45 v _57_/Y (sky130_fd_sc_hd__a21oi_2)
     1    0.01                           _24_ (net)
                  0.05    0.00    4.45 v _59_/A (sky130_fd_sc_hd__xnor2_2)
                  0.45    0.42    4.87 ^ _59_/Y (sky130_fd_sc_hd__xnor2_2)
     1    0.03                           SUM[7] (net)
                  0.45    0.00    4.87 ^ SUM[7] (out)
                                  4.87   data arrival time

                  0.00   10.00   10.00   clock clk (rise edge)
                          0.00   10.00   clock network delay (ideal)
                         -0.25    9.75   clock uncertainty
                          0.00    9.75   clock reconvergence pessimism
                         -2.00    7.75   output external delay
                                  7.75   data required time
-----------------------------------------------------------------------------
                                  7.75   data required time
                                 -4.87   data arrival time
-----------------------------------------------------------------------------
                                  2.88   slack (MET)




===========================================================================
report_checks --slack_max -0.01
============================================================================
======================= Typical Corner ===================================

No paths found.


===========================================================================
 report_check_types -max_slew -max_cap -max_fanout -violators
============================================================================
======================= Typical Corner ===================================



===========================================================================
report_parasitic_annotation -report_unannotated
============================================================================
Found 50 unannotated drivers.
 A[0]
 A[1]
 A[2]
 A[3]
 A[4]
 A[5]
 A[6]
 A[7]
 B[0]
 B[1]
 B[2]
 B[3]
 B[4]
 B[5]
 B[6]
 B[7]
 _26_/X
 _27_/X
 _28_/Y
 _29_/Y
 _30_/X
 _31_/Y
 _32_/X
 _33_/X
 _34_/Y
 _35_/X
 _36_/X
 _37_/X
 _38_/X
 _39_/X
 _40_/X
 _41_/Y
 _42_/Y
 _43_/X
 _44_/X
 _45_/Y
 _46_/Y
 _47_/X
 _48_/Y
 _49_/X
 _50_/X
 _51_/X
 _52_/Y
 _53_/X
 _54_/Y
 _55_/Y
 _56_/Y
 _57_/Y
 _58_/X
 _59_/Y
Found 0 partially unannotated drivers.

===========================================================================
max slew violation count 0
max fanout violation count 0
max cap violation count 0
============================================================================

===========================================================================
check_setup -verbose -unconstrained_endpoints -multiple_clock -no_clock -no_input_delay -loops -generated_clocks
===========================================================================
