
===========================================================================
report_checks -path_delay max (Setup)
============================================================================
======================= Typical Corner ===================================

Startpoint: A[0] (input port clocked by clk)
Endpoint: SUM[7] (output port clocked by clk)
Path Group: clk
Path Type: max

Fanout     Cap    Slew   Delay    Time   Description
-----------------------------------------------------------------------------
                  0.00    0.00    0.00   clock clk (rise edge)
                          0.00    0.00   clock network delay (ideal)
                          2.00    2.00 v input external delay
                  0.05    0.03    2.03 v A[0] (in)
     4    0.02                           A[0] (net)
                  0.05    0.00    2.03 v _27_/A2 (sky130_fd_sc_hd__a21o_2)
                  0.04    0.23    2.26 v _27_/X (sky130_fd_sc_hd__a21o_2)
     2    0.01                           _00_ (net)
                  0.04    0.00    2.26 v _30_/B (sky130_fd_sc_hd__and3_2)
                  0.06    0.22    2.48 v _30_/X (sky130_fd_sc_hd__and3_2)
     3    0.01                           _03_ (net)
                  0.06    0.00    2.48 v _33_/C (sky130_fd_sc_hd__or3_2)
                  0.08    0.44    2.92 v _33_/X (sky130_fd_sc_hd__or3_2)
     2    0.00                           _05_ (net)
                  0.08    0.00    2.92 v _37_/A2 (sky130_fd_sc_hd__a21bo_2)
                  0.05    0.26    3.18 v _37_/X (sky130_fd_sc_hd__a21bo_2)
     2    0.01                           _08_ (net)
                  0.05    0.00    3.18 v _38_/B (sky130_fd_sc_hd__xor2_2)
                  0.07    0.17    3.35 v _38_/X (sky130_fd_sc_hd__xor2_2)
     2    0.01                           _09_ (net)
                  0.07    0.00    3.35 v _41_/A2 (sky130_fd_sc_hd__a21oi_2)
                  0.18    0.22    3.57 ^ _41_/Y (sky130_fd_sc_hd__a21oi_2)
     2    0.01                           _11_ (net)
                  0.18    0.00    3.57 ^ _44_/A_N (sky130_fd_sc_hd__and2b_2)
                  0.04    0.25    3.83 v _44_/X (sky130_fd_sc_hd__and2b_2)
     1    0.00                           _13_ (net)
                  0.04    0.00    3.83 v _45_/B1 (sky130_fd_sc_hd__a21oi_2)
                  0.17    0.16    3.99 ^ _45_/Y (sky130_fd_sc_hd__a21oi_2)
     2    0.01                           _14_ (net)
                  0.17    0.00    3.99 ^ _46_/B (sky130_fd_sc_hd__xnor2_2)
                  0.14    0.14    4.13 ^ _46_/Y (sky130_fd_sc_hd__xnor2_2)
     2    0.01                           _15_ (net)
                  0.14    0.00    4.13 ^ _48_/B (sky130_fd_sc_hd__nand2_2)
                  0.07    0.11    4.24 v _48_/Y (sky130_fd_sc_hd__nand2_2)
     4    0.01                           _17_ (net)
                  0.07    0.00    4.24 v _56_/A2 (sky130_fd_sc_hd__a21boi_2)
                  0.10    0.16    4.40 ^ _56_/Y (sky130_fd_sc_hd__a21boi_2)
     1    0.00                           _23_ (net)
                  0.10    0.00    4.40 ^ _57_/B1 (sky130_fd_sc_hd__a21oi_2)
                  0.05    0.06    4.45 v _57_/Y (sky130_fd_sc_hd__a21oi_2)
     1    0.01                           _24_ (net)
                  0.05    0.00    4.45 v _59_/A (sky130_fd_sc_hd__xnor2_2)
                  0.45    0.42    4.87 ^ _59_/Y (sky130_fd_sc_hd__xnor2_2)
     1    0.03                           SUM[7] (net)
                  0.45    0.00    4.87 ^ SUM[7] (out)
                                  4.87   data arrival time

                  0.00   10.00   10.00   clock clk (rise edge)
                          0.00   10.00   clock network delay (ideal)
                         -0.25    9.75   clock uncertainty
                          0.00    9.75   clock reconvergence pessimism
                         -2.00    7.75   output external delay
                                  7.75   data required time
-----------------------------------------------------------------------------
                                  7.75   data required time
                                 -4.87   data arrival time
-----------------------------------------------------------------------------
                                  2.88   slack (MET)


Startpoint: A[0] (input port clocked by clk)
Endpoint: SUM[6] (output port clocked by clk)
Path Group: clk
Path Type: max

Fanout     Cap    Slew   Delay    Time   Description
-----------------------------------------------------------------------------
                  0.00    0.00    0.00   clock clk (rise edge)
                          0.00    0.00   clock network delay (ideal)
                          2.00    2.00 v input external delay
                  0.05    0.03    2.03 v A[0] (in)
     4    0.02                           A[0] (net)
                  0.05    0.00    2.03 v _27_/A2 (sky130_fd_sc_hd__a21o_2)
                  0.04    0.23    2.26 v _27_/X (sky130_fd_sc_hd__a21o_2)
     2    0.01                           _00_ (net)
                  0.04    0.00    2.26 v _30_/B (sky130_fd_sc_hd__and3_2)
                  0.06    0.22    2.48 v _30_/X (sky130_fd_sc_hd__and3_2)
     3    0.01                           _03_ (net)
                  0.06    0.00    2.48 v _33_/C (sky130_fd_sc_hd__or3_2)
                  0.08    0.44    2.92 v _33_/X (sky130_fd_sc_hd__or3_2)
     2    0.00                           _05_ (net)
                  0.08    0.00    2.92 v _37_/A2 (sky130_fd_sc_hd__a21bo_2)
                  0.05    0.26    3.18 v _37_/X (sky130_fd_sc_hd__a21bo_2)
     2    0.01                           _08_ (net)
                  0.05    0.00    3.18 v _38_/B (sky130_fd_sc_hd__xor2_2)
                  0.07    0.17    3.35 v _38_/X (sky130_fd_sc_hd__xor2_2)
     2    0.01                           _09_ (net)
                  0.07    0.00    3.35 v _41_/A2 (sky130_fd_sc_hd__a21oi_2)
                  0.18    0.22    3.57 ^ _41_/Y (sky130_fd_sc_hd__a21oi_2)
     2    0.01                           _11_ (net)
                  0.18    0.00    3.57 ^ _44_/A_N (sky130_fd_sc_hd__and2b_2)
                  0.04    0.25    3.83 v _44_/X (sky130_fd_sc_hd__and2b_2)
     1    0.00                           _13_ (net)
                  0.04    0.00    3.83 v _45_/B1 (sky130_fd_sc_hd__a21oi_2)
                  0.17    0.16    3.99 ^ _45_/Y (sky130_fd_sc_hd__a21oi_2)
     2    0.01                           _14_ (net)
                  0.17    0.00    3.99 ^ _46_/B (sky130_fd_sc_hd__xnor2_2)
                  0.14    0.14    4.13 ^ _46_/Y (sky130_fd_sc_hd__xnor2_2)
     2    0.01                           _15_ (net)
                  0.14    0.00    4.13 ^ _48_/B (sky130_fd_sc_hd__nand2_2)
                  0.07    0.11    4.24 v _48_/Y (sky130_fd_sc_hd__nand2_2)
     4    0.01                           _17_ (net)
                  0.07    0.00    4.24 v _52_/C (sky130_fd_sc_hd__nand3b_2)
                  0.10    0.12    4.36 ^ _52_/Y (sky130_fd_sc_hd__nand3b_2)
     2    0.01                           _20_ (net)
                  0.10    0.00    4.36 ^ _54_/A (sky130_fd_sc_hd__nand2_2)
                  0.05    0.07    4.43 v _54_/Y (sky130_fd_sc_hd__nand2_2)
     1    0.01                           _22_ (net)
                  0.05    0.00    4.43 v _55_/B (sky130_fd_sc_hd__xnor2_2)
                  0.49    0.42    4.85 ^ _55_/Y (sky130_fd_sc_hd__xnor2_2)
     1    0.04                           SUM[6] (net)
                  0.49    0.00    4.85 ^ SUM[6] (out)
                                  4.85   data arrival time

                  0.00   10.00   10.00   clock clk (rise edge)
                          0.00   10.00   clock network delay (ideal)
                         -0.25    9.75   clock uncertainty
                          0.00    9.75   clock reconvergence pessimism
                         -2.00    7.75   output external delay
                                  7.75   data required time
-----------------------------------------------------------------------------
                                  7.75   data required time
                                 -4.85   data arrival time
-----------------------------------------------------------------------------
                                  2.90   slack (MET)


Startpoint: A[0] (input port clocked by clk)
Endpoint: SUM[5] (output port clocked by clk)
Path Group: clk
Path Type: max

Fanout     Cap    Slew   Delay    Time   Description
-----------------------------------------------------------------------------
                  0.00    0.00    0.00   clock clk (rise edge)
                          0.00    0.00   clock network delay (ideal)
                          2.00    2.00 v input external delay
                  0.05    0.03    2.03 v A[0] (in)
     4    0.02                           A[0] (net)
                  0.05    0.00    2.03 v _27_/A2 (sky130_fd_sc_hd__a21o_2)
                  0.04    0.23    2.26 v _27_/X (sky130_fd_sc_hd__a21o_2)
     2    0.01                           _00_ (net)
                  0.04    0.00    2.26 v _30_/B (sky130_fd_sc_hd__and3_2)
                  0.06    0.22    2.48 v _30_/X (sky130_fd_sc_hd__and3_2)
     3    0.01                           _03_ (net)
                  0.06    0.00    2.48 v _33_/C (sky130_fd_sc_hd__or3_2)
                  0.08    0.44    2.92 v _33_/X (sky130_fd_sc_hd__or3_2)
     2    0.00                           _05_ (net)
                  0.08    0.00    2.92 v _37_/A2 (sky130_fd_sc_hd__a21bo_2)
                  0.05    0.26    3.18 v _37_/X (sky130_fd_sc_hd__a21bo_2)
     2    0.01                           _08_ (net)
                  0.05    0.00    3.18 v _38_/B (sky130_fd_sc_hd__xor2_2)
                  0.07    0.17    3.35 v _38_/X (sky130_fd_sc_hd__xor2_2)
     2    0.01                           _09_ (net)
                  0.07    0.00    3.35 v _41_/A2 (sky130_fd_sc_hd__a21oi_2)
                  0.18    0.22    3.57 ^ _41_/Y (sky130_fd_sc_hd__a21oi_2)
     2    0.01                           _11_ (net)
                  0.18    0.00    3.57 ^ _44_/A_N (sky130_fd_sc_hd__and2b_2)
                  0.04    0.25    3.83 v _44_/X (sky130_fd_sc_hd__and2b_2)
     1    0.00                           _13_ (net)
                  0.04    0.00    3.83 v _45_/B1 (sky130_fd_sc_hd__a21oi_2)
                  0.17    0.16    3.99 ^ _45_/Y (sky130_fd_sc_hd__a21oi_2)
     2    0.01                           _14_ (net)
                  0.17    0.00    3.99 ^ _46_/B (sky130_fd_sc_hd__xnor2_2)
                  0.06    0.09    4.08 v _46_/Y (sky130_fd_sc_hd__xnor2_2)
     2    0.01                           _15_ (net)
                  0.06    0.00    4.08 v _47_/B (sky130_fd_sc_hd__or2_2)
                  0.05    0.28    4.36 v _47_/X (sky130_fd_sc_hd__or2_2)
     1    0.00                           _16_ (net)
                  0.05    0.00    4.36 v _49_/A (sky130_fd_sc_hd__and2_2)
                  0.04    0.17    4.53 v _49_/X (sky130_fd_sc_hd__and2_2)
     1    0.00                           _18_ (net)
                  0.04    0.00    4.53 v _50_/A (sky130_fd_sc_hd__buf_1)
                  0.20    0.23    4.76 v _50_/X (sky130_fd_sc_hd__buf_1)
     1    0.03                           SUM[5] (net)
                  0.20    0.00    4.76 v SUM[5] (out)
                                  4.76   data arrival time

                  0.00   10.00   10.00   clock clk (rise edge)
                          0.00   10.00   clock network delay (ideal)
                         -0.25    9.75   clock uncertainty
                          0.00    9.75   clock reconvergence pessimism
                         -2.00    7.75   output external delay
                                  7.75   data required time
-----------------------------------------------------------------------------
                                  7.75   data required time
                                 -4.76   data arrival time
-----------------------------------------------------------------------------
                                  2.99   slack (MET)


Startpoint: A[0] (input port clocked by clk)
Endpoint: SUM[4] (output port clocked by clk)
Path Group: clk
Path Type: max

Fanout     Cap    Slew   Delay    Time   Description
-----------------------------------------------------------------------------
                  0.00    0.00    0.00   clock clk (rise edge)
                          0.00    0.00   clock network delay (ideal)
                          2.00    2.00 v input external delay
                  0.05    0.03    2.03 v A[0] (in)
     4    0.02                           A[0] (net)
                  0.05    0.00    2.03 v _27_/A2 (sky130_fd_sc_hd__a21o_2)
                  0.04    0.23    2.26 v _27_/X (sky130_fd_sc_hd__a21o_2)
     2    0.01                           _00_ (net)
                  0.04    0.00    2.26 v _30_/B (sky130_fd_sc_hd__and3_2)
                  0.06    0.22    2.48 v _30_/X (sky130_fd_sc_hd__and3_2)
     3    0.01                           _03_ (net)
                  0.06    0.00    2.48 v _33_/C (sky130_fd_sc_hd__or3_2)
                  0.08    0.44    2.92 v _33_/X (sky130_fd_sc_hd__or3_2)
     2    0.00                           _05_ (net)
                  0.08    0.00    2.92 v _37_/A2 (sky130_fd_sc_hd__a21bo_2)
                  0.05    0.26    3.18 v _37_/X (sky130_fd_sc_hd__a21bo_2)
     2    0.01                           _08_ (net)
                  0.05    0.00    3.18 v _38_/B (sky130_fd_sc_hd__xor2_2)
                  0.07    0.17    3.35 v _38_/X (sky130_fd_sc_hd__xor2_2)
     2    0.01                           _09_ (net)
                  0.07    0.00    3.35 v _41_/A2 (sky130_fd_sc_hd__a21oi_2)
                  0.18    0.22    3.57 ^ _41_/Y (sky130_fd_sc_hd__a21oi_2)
     2    0.01                           _11_ (net)
                  0.18    0.00    3.57 ^ _42_/B (sky130_fd_sc_hd__xnor2_2)
                  0.23    0.17    3.75 ^ _42_/Y (sky130_fd_sc_hd__xnor2_2)
     2    0.01                           _12_ (net)
                  0.23    0.00    3.75 ^ _43_/B (sky130_fd_sc_hd__xor2_2)
                  0.44    0.42    4.17 ^ _43_/X (sky130_fd_sc_hd__xor2_2)
     1    0.04                           SUM[4] (net)
                  0.44    0.00    4.17 ^ SUM[4] (out)
                                  4.17   data arrival time

                  0.00   10.00   10.00   clock clk (rise edge)
                          0.00   10.00   clock network delay (ideal)
                         -0.25    9.75   clock uncertainty
                          0.00    9.75   clock reconvergence pessimism
                         -2.00    7.75   output external delay
                                  7.75   data required time
-----------------------------------------------------------------------------
                                  7.75   data required time
                                 -4.17   data arrival time
-----------------------------------------------------------------------------
                                  3.58   slack (MET)


Startpoint: A[0] (input port clocked by clk)
Endpoint: SUM[3] (output port clocked by clk)
Path Group: clk
Path Type: max

Fanout     Cap    Slew   Delay    Time   Description
-----------------------------------------------------------------------------
                  0.00    0.00    0.00   clock clk (rise edge)
                          0.00    0.00   clock network delay (ideal)
                          2.00    2.00 v input external delay
                  0.05    0.03    2.03 v A[0] (in)
     4    0.02                           A[0] (net)
                  0.05    0.00    2.03 v _27_/A2 (sky130_fd_sc_hd__a21o_2)
                  0.04    0.23    2.26 v _27_/X (sky130_fd_sc_hd__a21o_2)
     2    0.01                           _00_ (net)
                  0.04    0.00    2.26 v _30_/B (sky130_fd_sc_hd__and3_2)
                  0.06    0.22    2.48 v _30_/X (sky130_fd_sc_hd__and3_2)
     3    0.01                           _03_ (net)
                  0.06    0.00    2.48 v _33_/C (sky130_fd_sc_hd__or3_2)
                  0.08    0.44    2.92 v _33_/X (sky130_fd_sc_hd__or3_2)
     2    0.00                           _05_ (net)
                  0.08    0.00    2.92 v _37_/A2 (sky130_fd_sc_hd__a21bo_2)
                  0.05    0.26    3.18 v _37_/X (sky130_fd_sc_hd__a21bo_2)
     2    0.01                           _08_ (net)
                  0.05    0.00    3.18 v _38_/B (sky130_fd_sc_hd__xor2_2)
                  0.21    0.21    3.39 ^ _38_/X (sky130_fd_sc_hd__xor2_2)
     2    0.01                           _09_ (net)
                  0.21    0.00    3.39 ^ _39_/B (sky130_fd_sc_hd__xor2_2)
                  0.44    0.42    3.81 ^ _39_/X (sky130_fd_sc_hd__xor2_2)
     1    0.04                           SUM[3] (net)
                  0.44    0.00    3.81 ^ SUM[3] (out)
                                  3.81   data arrival time

                  0.00   10.00   10.00   clock clk (rise edge)
                          0.00   10.00   clock network delay (ideal)
                         -0.25    9.75   clock uncertainty
                          0.00    9.75   clock reconvergence pessimism
                         -2.00    7.75   output external delay
                                  7.75   data required time
-----------------------------------------------------------------------------
                                  7.75   data required time
                                 -3.81   data arrival time
-----------------------------------------------------------------------------
                                  3.94   slack (MET)


Startpoint: A[0] (input port clocked by clk)
Endpoint: SUM[2] (output port clocked by clk)
Path Group: clk
Path Type: max

Fanout     Cap    Slew   Delay    Time   Description
-----------------------------------------------------------------------------
                  0.00    0.00    0.00   clock clk (rise edge)
                          0.00    0.00   clock network delay (ideal)
                          2.00    2.00 v input external delay
                  0.05    0.03    2.03 v A[0] (in)
     4    0.02                           A[0] (net)
                  0.05    0.00    2.03 v _27_/A2 (sky130_fd_sc_hd__a21o_2)
                  0.04    0.23    2.26 v _27_/X (sky130_fd_sc_hd__a21o_2)
     2    0.01                           _00_ (net)
                  0.04    0.00    2.26 v _30_/B (sky130_fd_sc_hd__and3_2)
                  0.06    0.22    2.48 v _30_/X (sky130_fd_sc_hd__and3_2)
     3    0.01                           _03_ (net)
                  0.06    0.00    2.48 v _33_/C (sky130_fd_sc_hd__or3_2)
                  0.08    0.44    2.92 v _33_/X (sky130_fd_sc_hd__or3_2)
     2    0.00                           _05_ (net)
                  0.08    0.00    2.92 v _35_/A (sky130_fd_sc_hd__and2_2)
                  0.05    0.21    3.13 v _35_/X (sky130_fd_sc_hd__and2_2)
     1    0.01                           _07_ (net)
                  0.05    0.00    3.13 v _36_/B (sky130_fd_sc_hd__xor2_2)
                  0.45    0.39    3.52 ^ _36_/X (sky130_fd_sc_hd__xor2_2)
     1    0.04                           SUM[2] (net)
                  0.45    0.00    3.52 ^ SUM[2] (out)
                                  3.52   data arrival time

                  0.00   10.00   10.00   clock clk (rise edge)
                          0.00   10.00   clock network delay (ideal)
                         -0.25    9.75   clock uncertainty
                          0.00    9.75   clock reconvergence pessimism
                         -2.00    7.75   output external delay
                                  7.75   data required time
-----------------------------------------------------------------------------
                                  7.75   data required time
                                 -3.52   data arrival time
-----------------------------------------------------------------------------
                                  4.23   slack (MET)


Startpoint: A[0] (input port clocked by clk)
Endpoint: SUM[1] (output port clocked by clk)
Path Group: clk
Path Type: max

Fanout     Cap    Slew   Delay    Time   Description
-----------------------------------------------------------------------------
                  0.00    0.00    0.00   clock clk (rise edge)
                          0.00    0.00   clock network delay (ideal)
                          2.00    2.00 v input external delay
                  0.05    0.03    2.03 v A[0] (in)
     4    0.02                           A[0] (net)
                  0.05    0.00    2.03 v _27_/A2 (sky130_fd_sc_hd__a21o_2)
                  0.04    0.23    2.26 v _27_/X (sky130_fd_sc_hd__a21o_2)
     2    0.01                           _00_ (net)
                  0.04    0.00    2.26 v _30_/B (sky130_fd_sc_hd__and3_2)
                  0.06    0.22    2.48 v _30_/X (sky130_fd_sc_hd__and3_2)
     3    0.01                           _03_ (net)
                  0.06    0.00    2.48 v _31_/B (sky130_fd_sc_hd__nor2_2)
                  0.39    0.34    2.82 ^ _31_/Y (sky130_fd_sc_hd__nor2_2)
     1    0.04                           SUM[1] (net)
                  0.39    0.00    2.82 ^ SUM[1] (out)
                                  2.82   data arrival time

                  0.00   10.00   10.00   clock clk (rise edge)
                          0.00   10.00   clock network delay (ideal)
                         -0.25    9.75   clock uncertainty
                          0.00    9.75   clock reconvergence pessimism
                         -2.00    7.75   output external delay
                                  7.75   data required time
-----------------------------------------------------------------------------
                                  7.75   data required time
                                 -2.82   data arrival time
-----------------------------------------------------------------------------
                                  4.93   slack (MET)


Startpoint: A[0] (input port clocked by clk)
Endpoint: SUM[0] (output port clocked by clk)
Path Group: clk
Path Type: max

Fanout     Cap    Slew   Delay    Time   Description
-----------------------------------------------------------------------------
                  0.00    0.00    0.00   clock clk (rise edge)
                          0.00    0.00   clock network delay (ideal)
                          2.00    2.00 ^ input external delay
                  0.10    0.07    2.07 ^ A[0] (in)
     4    0.02                           A[0] (net)
                  0.10    0.00    2.07 ^ _26_/B (sky130_fd_sc_hd__xor2_2)
                  0.44    0.41    2.48 ^ _26_/X (sky130_fd_sc_hd__xor2_2)
     1    0.04                           SUM[0] (net)
                  0.44    0.00    2.48 ^ SUM[0] (out)
                                  2.48   data arrival time

                  0.00   10.00   10.00   clock clk (rise edge)
                          0.00   10.00   clock network delay (ideal)
                         -0.25    9.75   clock uncertainty
                          0.00    9.75   clock reconvergence pessimism
                         -2.00    7.75   output external delay
                                  7.75   data required time
-----------------------------------------------------------------------------
                                  7.75   data required time
                                 -2.48   data arrival time
-----------------------------------------------------------------------------
                                  5.27   slack (MET)



