OpenROAD 41a51eaf4ca2171c92ff38afb91eb37bbd3f36da 
This program is licensed under the BSD-3 license. See the LICENSE file for details.
Components of this program may be licensed under more restrictive licenses which must be honored.
[INFO]: Reading ODB at '/openlane/designs/booth/runs/myrun/tmp/15-booth.odb'…
define_corners Slowest Typical Fastest
read_liberty -corner Slowest /home/jagadeesh97/.ciel/ciel/sky130/versions/0fe599b2afb6708d281543108caf8310912f54af/sky130A/libs.ref/sky130_fd_sc_hd/lib/sky130_fd_sc_hd__ss_100C_1v60.lib
read_liberty -corner Typical /home/jagadeesh97/.ciel/ciel/sky130/versions/0fe599b2afb6708d281543108caf8310912f54af/sky130A/libs.ref/sky130_fd_sc_hd/lib/sky130_fd_sc_hd__tt_025C_1v80.lib
read_liberty -corner Fastest /home/jagadeesh97/.ciel/ciel/sky130/versions/0fe599b2afb6708d281543108caf8310912f54af/sky130A/libs.ref/sky130_fd_sc_hd/lib/sky130_fd_sc_hd__ff_n40C_1v95.lib
Using 1e-12 for capacitance...
Using 1e+03 for resistance...
Using 1e-09 for time...
Using 1e+00 for voltage...
Using 1e-03 for current...
Using 1e-09 for power...
Using 1e-06 for distance...
Reading design constraints file at '/openlane/designs/booth/runs/myrun/tmp/15-booth.sdc'…
[WARNING STA-0357] virtual clock clk can not be propagated.
[INFO]: Setting signal min routing layer to: met1 and clock min routing layer to met3. 
[INFO]: Setting signal max routing layer to: met5 and clock max routing layer to met5. 
-congestion_iterations 50 -verbose -congestion_report_file /openlane/designs/booth/runs/myrun/tmp/routing/resizer-routing-timing-congestion.rpt
[INFO GRT-0020] Min routing layer: met1
[INFO GRT-0021] Max routing layer: met5
[INFO GRT-0022] Global adjustment: 30%
[INFO GRT-0023] Grid origin: (0, 0)
[INFO GRT-0043] No OR_DEFAULT vias defined.
[INFO GRT-0088] Layer li1     Track-Pitch = 0.4600  line-2-Via Pitch: 0.3400
[INFO GRT-0088] Layer met1    Track-Pitch = 0.3400  line-2-Via Pitch: 0.3400
[INFO GRT-0088] Layer met2    Track-Pitch = 0.4600  line-2-Via Pitch: 0.3500
[INFO GRT-0088] Layer met3    Track-Pitch = 0.6800  line-2-Via Pitch: 0.6150
[INFO GRT-0088] Layer met4    Track-Pitch = 0.9200  line-2-Via Pitch: 1.0400
[INFO GRT-0088] Layer met5    Track-Pitch = 3.4000  line-2-Via Pitch: 3.1100
[INFO GRT-0019] Found 0 clock nets.
[INFO GRT-0001] Minimum degree: 2
[INFO GRT-0002] Maximum degree: 11
[INFO GRT-0003] Macros: 0
[INFO GRT-0004] Blockages: 80

[INFO GRT-0053] Routing resources analysis:
          Routing      Original      Derated      Resource
Layer     Direction    Resources     Resources    Reduction (%)
---------------------------------------------------------------
li1        Vertical            0             0          0.00%
met1       Horizontal       7600          4028          47.00%
met2       Vertical         5700          3603          36.79%
met3       Horizontal       3800          2481          34.71%
met4       Vertical         2280           719          68.46%
met5       Horizontal        760           126          83.42%
---------------------------------------------------------------

[INFO GRT-0197] Via related to pin nodes: 2163
[INFO GRT-0198] Via related Steiner nodes: 43
[INFO GRT-0199] Via filling finished.
[INFO GRT-0111] Final number of vias: 2368
[INFO GRT-0112] Final usage 3D: 9027

[INFO GRT-0096] Final congestion report:
Layer         Resource        Demand        Usage (%)    Max H / Max V / Total Overflow
---------------------------------------------------------------------------------------
li1                  0             0            0.00%             0 /  0 /  0
met1              4028           915           22.72%             0 /  0 /  0
met2              3603          1000           27.75%             0 /  0 /  0
met3              2481             8            0.32%             0 /  0 /  0
met4               719             0            0.00%             0 /  0 /  0
met5               126             0            0.00%             0 /  0 /  0
---------------------------------------------------------------------------------------
Total            10957          1923           17.55%             0 /  0 /  0

[INFO GRT-0018] Total wirelength: 21555 um
[INFO GRT-0014] Routed nets: 542
[INFO]: Setting RC values...
[INFO GRT-0009] rerouting 3 nets.
[INFO GRT-0009] rerouting 6 nets.
[INFO GRT-0001] Minimum degree: 2
[INFO GRT-0002] Maximum degree: 5
[INFO GRT-0009] rerouting 3 nets.
[INFO GRT-0009] rerouting 9 nets.
[INFO GRT-0001] Minimum degree: 3
[INFO GRT-0002] Maximum degree: 3
[INFO GRT-0009] rerouting 4 nets.
[INFO GRT-0001] Minimum degree: 10
[INFO GRT-0002] Maximum degree: 10
[INFO GRT-0009] rerouting 3 nets.
[INFO GRT-0009] rerouting 7 nets.
[INFO GRT-0009] rerouting 12 nets.
[INFO GRT-0009] rerouting 16 nets.
[INFO GRT-0009] rerouting 20 nets.
[INFO GRT-0009] rerouting 23 nets.
[INFO GRT-0009] rerouting 23 nets.
[INFO GRT-0001] Minimum degree: 5
[INFO GRT-0002] Maximum degree: 7
[INFO GRT-0009] rerouting 2 nets.
[INFO GRT-0001] Minimum degree: 2
[INFO GRT-0002] Maximum degree: 5
[INFO GRT-0009] rerouting 4 nets.
[INFO GRT-0009] rerouting 7 nets.
[INFO GRT-0001] Minimum degree: 3
[INFO GRT-0002] Maximum degree: 3
[WARNING RSZ-0073] driver pin _604_/X not found in global routes
[WARNING RSZ-0075] makeBufferedNet failed for driver _604_/X
[INFO GRT-0009] rerouting 5 nets.
[INFO GRT-0001] Minimum degree: 5
[INFO GRT-0002] Maximum degree: 5
[INFO GRT-0009] rerouting 3 nets.
[INFO GRT-0001] Minimum degree: 4
[INFO GRT-0002] Maximum degree: 4
[INFO GRT-0009] rerouting 2 nets.
[INFO GRT-0001] Minimum degree: 2
[INFO GRT-0002] Maximum degree: 3
[INFO GRT-0009] rerouting 3 nets.
[INFO GRT-0001] Minimum degree: 7
[INFO GRT-0002] Maximum degree: 7
[INFO GRT-0009] rerouting 4 nets.
[INFO GRT-0009] rerouting 6 nets.
[INFO GRT-0009] rerouting 8 nets.
[INFO GRT-0009] rerouting 13 nets.
[INFO GRT-0001] Minimum degree: 2
[INFO GRT-0002] Maximum degree: 3
[WARNING RSZ-0073] driver pin _745_/X not found in global routes
[WARNING RSZ-0075] makeBufferedNet failed for driver _745_/X
[INFO GRT-0009] rerouting 4 nets.
[INFO GRT-0001] Minimum degree: 3
[INFO GRT-0002] Maximum degree: 3
[WARNING RSZ-0073] driver pin _745_/X not found in global routes
[WARNING RSZ-0075] makeBufferedNet failed for driver _745_/X
[INFO GRT-0009] rerouting 2 nets.
[WARNING RSZ-0073] driver pin _745_/X not found in global routes
[WARNING RSZ-0075] makeBufferedNet failed for driver _745_/X
[INFO GRT-0009] rerouting 6 nets.
[WARNING RSZ-0073] driver pin _745_/X not found in global routes
[WARNING RSZ-0075] makeBufferedNet failed for driver _745_/X
[INFO GRT-0009] rerouting 6 nets.
[WARNING RSZ-0073] driver pin _745_/X not found in global routes
[WARNING RSZ-0075] makeBufferedNet failed for driver _745_/X
[INFO GRT-0009] rerouting 7 nets.
[INFO GRT-0001] Minimum degree: 6
[INFO GRT-0002] Maximum degree: 7
[INFO GRT-0009] rerouting 2 nets.
[WARNING RSZ-0073] driver pin _745_/X not found in global routes
[WARNING RSZ-0075] makeBufferedNet failed for driver _745_/X
[INFO GRT-0009] rerouting 6 nets.
[INFO GRT-0001] Minimum degree: 2
[INFO GRT-0002] Maximum degree: 7
[INFO GRT-0009] rerouting 3 nets.
[WARNING RSZ-0073] driver pin _745_/X not found in global routes
[WARNING RSZ-0075] makeBufferedNet failed for driver _745_/X
[INFO GRT-0009] rerouting 5 nets.
[WARNING RSZ-0073] driver pin _745_/X not found in global routes
[WARNING RSZ-0075] makeBufferedNet failed for driver _745_/X
[INFO GRT-0009] rerouting 5 nets.
[INFO GRT-0009] rerouting 5 nets.
[INFO RSZ-0045] Inserted 3 buffers, 1 to split loads.
[INFO RSZ-0041] Resized 26 instances.
[WARNING RSZ-0062] Unable to repair all setup violations.
[INFO RSZ-0033] No hold violations found.
[INFO GRT-0009] rerouting 5 nets.
Placement Analysis
---------------------------------
total displacement         21.1 u
average displacement        0.0 u
max displacement            3.2 u
original HPWL           12105.0 u
legalized HPWL          12493.2 u
delta HPWL                    3 %

[INFO DPL-0020] Mirrored 231 instances
[INFO DPL-0021] HPWL before           12493.2 u
[INFO DPL-0022] HPWL after            12084.9 u
[INFO DPL-0023] HPWL delta               -3.3 %
Setting global connections for newly added cells…
Writing OpenROAD database to '/openlane/designs/booth/runs/myrun/tmp/17-booth.odb'…
Writing netlist to '/openlane/designs/booth/runs/myrun/tmp/17-booth.nl.v'…
Writing powered netlist to '/openlane/designs/booth/runs/myrun/tmp/17-booth.pnl.v'…
Writing layout to '/openlane/designs/booth/runs/myrun/tmp/17-booth.def'…
Writing timing constraints to '/openlane/designs/booth/runs/myrun/tmp/17-booth.sdc'…
area_report

===========================================================================
report_design_area
============================================================================
Design area 4407 u^2 31% utilization.
area_report_end
