
61. Printing statistics.

=== kogge ===

   Number of wires:                 97
   Number of wire bits:            142
   Number of public wires:           3
   Number of public wire bits:      48
   Number of memories:               0
   Number of memory bits:            0
   Number of processes:              0
   Number of cells:                110
     sky130_fd_sc_hd__a211o_2        1
     sky130_fd_sc_hd__a21bo_2        1
     sky130_fd_sc_hd__a21o_2         4
     sky130_fd_sc_hd__a21oi_2        2
     sky130_fd_sc_hd__a221o_2        2
     sky130_fd_sc_hd__a221oi_2       1
     sky130_fd_sc_hd__a22o_2         9
     sky130_fd_sc_hd__a2bb2o_2       1
     sky130_fd_sc_hd__a31o_2         4
     sky130_fd_sc_hd__and2_2         6
     sky130_fd_sc_hd__and2b_2        1
     sky130_fd_sc_hd__and3_2         1
     sky130_fd_sc_hd__and4_2         1
     sky130_fd_sc_hd__inv_2          1
     sky130_fd_sc_hd__nand2_2        5
     sky130_fd_sc_hd__nor2_2        13
     sky130_fd_sc_hd__nor3_2         1
     sky130_fd_sc_hd__o211a_2        3
     sky130_fd_sc_hd__o21a_2         2
     sky130_fd_sc_hd__o21ai_2        8
     sky130_fd_sc_hd__o21ba_2        1
     sky130_fd_sc_hd__o221a_2        1
     sky130_fd_sc_hd__o31a_2         1
     sky130_fd_sc_hd__o31ai_2        2
     sky130_fd_sc_hd__or2_2          8
     sky130_fd_sc_hd__or3_2          1
     sky130_fd_sc_hd__xnor2_2       19
     sky130_fd_sc_hd__xor2_2        10

   Chip area for module '\kogge': 1147.350400

