
===========================================================================
report_checks -path_delay min (Hold)
============================================================================
======================= Typical Corner ===================================

Startpoint: B[0] (input port clocked by clk)
Endpoint: SUM[0] (output port clocked by clk)
Path Group: clk
Path Type: min

Fanout     Cap    Slew   Delay    Time   Description
-----------------------------------------------------------------------------
                  0.00    0.00    0.00   clock clk (rise edge)
                          0.00    0.00   clock network delay (ideal)
                          2.00    2.00 v input external delay
                  0.01    0.00    2.00 v B[0] (in)
     1    0.00                           B[0] (net)
                  0.01    0.00    2.00 v input17/A (sky130_fd_sc_hd__clkbuf_1)
                  0.03    0.07    2.08 v input17/X (sky130_fd_sc_hd__clkbuf_1)
     2    0.00                           net17 (net)
                  0.03    0.00    2.08 v _094_/A (sky130_fd_sc_hd__nor2_1)
                  0.08    0.09    2.17 ^ _094_/Y (sky130_fd_sc_hd__nor2_1)
     1    0.00                           _051_ (net)
                  0.08    0.00    2.17 ^ _096_/A (sky130_fd_sc_hd__nor2_1)
                  0.03    0.05    2.21 v _096_/Y (sky130_fd_sc_hd__nor2_1)
     1    0.00                           net33 (net)
                  0.03    0.00    2.21 v output33/A (sky130_fd_sc_hd__clkbuf_4)
                  0.08    0.17    2.38 v output33/X (sky130_fd_sc_hd__clkbuf_4)
     1    0.03                           SUM[0] (net)
                  0.08    0.00    2.38 v SUM[0] (out)
                                  2.38   data arrival time

                  0.00    0.00    0.00   clock clk (rise edge)
                          0.00    0.00   clock network delay (ideal)
                          0.25    0.25   clock uncertainty
                          0.00    0.25   clock reconvergence pessimism
                         -2.00   -1.75   output external delay
                                 -1.75   data required time
-----------------------------------------------------------------------------
                                 -1.75   data required time
                                 -2.38   data arrival time
-----------------------------------------------------------------------------
                                  4.13   slack (MET)


Startpoint: B[15] (input port clocked by clk)
Endpoint: SUM[15] (output port clocked by clk)
Path Group: clk
Path Type: min

Fanout     Cap    Slew   Delay    Time   Description
-----------------------------------------------------------------------------
                  0.00    0.00    0.00   clock clk (rise edge)
                          0.00    0.00   clock network delay (ideal)
                          2.00    2.00 ^ input external delay
                  0.02    0.01    2.01 ^ B[15] (in)
     1    0.00                           B[15] (net)
                  0.02    0.00    2.01 ^ input23/A (sky130_fd_sc_hd__clkbuf_1)
                  0.07    0.09    2.10 ^ input23/X (sky130_fd_sc_hd__clkbuf_1)
     1    0.01                           net23 (net)
                  0.07    0.00    2.10 ^ _202_/A (sky130_fd_sc_hd__xnor2_1)
                  0.07    0.12    2.22 ^ _202_/Y (sky130_fd_sc_hd__xnor2_1)
     1    0.00                           _050_ (net)
                  0.07    0.00    2.22 ^ _203_/B (sky130_fd_sc_hd__xnor2_1)
                  0.04    0.07    2.28 v _203_/Y (sky130_fd_sc_hd__xnor2_1)
     1    0.00                           net39 (net)
                  0.04    0.00    2.28 v output39/A (sky130_fd_sc_hd__clkbuf_4)
                  0.08    0.17    2.46 v output39/X (sky130_fd_sc_hd__clkbuf_4)
     1    0.03                           SUM[15] (net)
                  0.08    0.00    2.46 v SUM[15] (out)
                                  2.46   data arrival time

                  0.00    0.00    0.00   clock clk (rise edge)
                          0.00    0.00   clock network delay (ideal)
                          0.25    0.25   clock uncertainty
                          0.00    0.25   clock reconvergence pessimism
                         -2.00   -1.75   output external delay
                                 -1.75   data required time
-----------------------------------------------------------------------------
                                 -1.75   data required time
                                 -2.46   data arrival time
-----------------------------------------------------------------------------
                                  4.21   slack (MET)


Startpoint: B[6] (input port clocked by clk)
Endpoint: SUM[6] (output port clocked by clk)
Path Group: clk
Path Type: min

Fanout     Cap    Slew   Delay    Time   Description
-----------------------------------------------------------------------------
                  0.00    0.00    0.00   clock clk (rise edge)
                          0.00    0.00   clock network delay (ideal)
                          2.00    2.00 ^ input external delay
                  0.02    0.01    2.01 ^ B[6] (in)
     1    0.00                           B[6] (net)
                  0.02    0.00    2.01 ^ input29/A (sky130_fd_sc_hd__clkbuf_2)
                  0.11    0.13    2.14 ^ input29/X (sky130_fd_sc_hd__clkbuf_2)
     4    0.02                           net29 (net)
                  0.11    0.00    2.14 ^ _122_/A (sky130_fd_sc_hd__xnor2_2)
                  0.07    0.14    2.28 ^ _122_/Y (sky130_fd_sc_hd__xnor2_2)
     3    0.01                           _073_ (net)
                  0.07    0.00    2.28 ^ _131_/A (sky130_fd_sc_hd__xor2_1)
                  0.03    0.06    2.34 v _131_/X (sky130_fd_sc_hd__xor2_1)
     1    0.00                           net45 (net)
                  0.03    0.00    2.34 v output45/A (sky130_fd_sc_hd__buf_2)
                  0.09    0.17    2.51 v output45/X (sky130_fd_sc_hd__buf_2)
     1    0.03                           SUM[6] (net)
                  0.09    0.00    2.51 v SUM[6] (out)
                                  2.51   data arrival time

                  0.00    0.00    0.00   clock clk (rise edge)
                          0.00    0.00   clock network delay (ideal)
                          0.25    0.25   clock uncertainty
                          0.00    0.25   clock reconvergence pessimism
                         -2.00   -1.75   output external delay
                                 -1.75   data required time
-----------------------------------------------------------------------------
                                 -1.75   data required time
                                 -2.51   data arrival time
-----------------------------------------------------------------------------
                                  4.26   slack (MET)


Startpoint: B[10] (input port clocked by clk)
Endpoint: SUM[10] (output port clocked by clk)
Path Group: clk
Path Type: min

Fanout     Cap    Slew   Delay    Time   Description
-----------------------------------------------------------------------------
                  0.00    0.00    0.00   clock clk (rise edge)
                          0.00    0.00   clock network delay (ideal)
                          2.00    2.00 ^ input external delay
                  0.02    0.01    2.01 ^ B[10] (in)
     1    0.00                           B[10] (net)
                  0.02    0.00    2.01 ^ input18/A (sky130_fd_sc_hd__clkbuf_2)
                  0.10    0.13    2.15 ^ input18/X (sky130_fd_sc_hd__clkbuf_2)
     4    0.02                           net18 (net)
                  0.10    0.00    2.15 ^ _154_/A (sky130_fd_sc_hd__xnor2_2)
                  0.07    0.14    2.28 ^ _154_/Y (sky130_fd_sc_hd__xnor2_2)
     3    0.01                           _007_ (net)
                  0.07    0.00    2.28 ^ _161_/A (sky130_fd_sc_hd__xnor2_1)
                  0.03    0.07    2.35 v _161_/Y (sky130_fd_sc_hd__xnor2_1)
     1    0.00                           net34 (net)
                  0.03    0.00    2.35 v output34/A (sky130_fd_sc_hd__clkbuf_4)
                  0.08    0.17    2.52 v output34/X (sky130_fd_sc_hd__clkbuf_4)
     1    0.03                           SUM[10] (net)
                  0.08    0.00    2.52 v SUM[10] (out)
                                  2.52   data arrival time

                  0.00    0.00    0.00   clock clk (rise edge)
                          0.00    0.00   clock network delay (ideal)
                          0.25    0.25   clock uncertainty
                          0.00    0.25   clock reconvergence pessimism
                         -2.00   -1.75   output external delay
                                 -1.75   data required time
-----------------------------------------------------------------------------
                                 -1.75   data required time
                                 -2.52   data arrival time
-----------------------------------------------------------------------------
                                  4.27   slack (MET)


Startpoint: A[9] (input port clocked by clk)
Endpoint: SUM[9] (output port clocked by clk)
Path Group: clk
Path Type: min

Fanout     Cap    Slew   Delay    Time   Description
-----------------------------------------------------------------------------
                  0.00    0.00    0.00   clock clk (rise edge)
                          0.00    0.00   clock network delay (ideal)
                          2.00    2.00 ^ input external delay
                  0.02    0.01    2.01 ^ A[9] (in)
     1    0.00                           A[9] (net)
                  0.02    0.00    2.01 ^ input16/A (sky130_fd_sc_hd__clkbuf_2)
                  0.10    0.13    2.14 ^ input16/X (sky130_fd_sc_hd__clkbuf_2)
     4    0.02                           net16 (net)
                  0.10    0.00    2.14 ^ _146_/B (sky130_fd_sc_hd__xnor2_2)
                  0.09    0.14    2.29 ^ _146_/Y (sky130_fd_sc_hd__xnor2_2)
     4    0.01                           _000_ (net)
                  0.09    0.00    2.29 ^ _153_/A (sky130_fd_sc_hd__xnor2_1)
                  0.03    0.07    2.35 v _153_/Y (sky130_fd_sc_hd__xnor2_1)
     1    0.00                           net48 (net)
                  0.03    0.00    2.35 v output48/A (sky130_fd_sc_hd__buf_2)
                  0.09    0.16    2.52 v output48/X (sky130_fd_sc_hd__buf_2)
     1    0.03                           SUM[9] (net)
                  0.09    0.00    2.52 v SUM[9] (out)
                                  2.52   data arrival time

                  0.00    0.00    0.00   clock clk (rise edge)
                          0.00    0.00   clock network delay (ideal)
                          0.25    0.25   clock uncertainty
                          0.00    0.25   clock reconvergence pessimism
                         -2.00   -1.75   output external delay
                                 -1.75   data required time
-----------------------------------------------------------------------------
                                 -1.75   data required time
                                 -2.52   data arrival time
-----------------------------------------------------------------------------
                                  4.27   slack (MET)


Startpoint: A[7] (input port clocked by clk)
Endpoint: SUM[7] (output port clocked by clk)
Path Group: clk
Path Type: min

Fanout     Cap    Slew   Delay    Time   Description
-----------------------------------------------------------------------------
                  0.00    0.00    0.00   clock clk (rise edge)
                          0.00    0.00   clock network delay (ideal)
                          2.00    2.00 ^ input external delay
                  0.02    0.01    2.01 ^ A[7] (in)
     1    0.00                           A[7] (net)
                  0.02    0.00    2.01 ^ input14/A (sky130_fd_sc_hd__clkbuf_2)
                  0.11    0.14    2.15 ^ input14/X (sky130_fd_sc_hd__clkbuf_2)
     4    0.02                           net14 (net)
                  0.11    0.00    2.15 ^ _137_/B (sky130_fd_sc_hd__xnor2_2)
                  0.07    0.14    2.29 ^ _137_/Y (sky130_fd_sc_hd__xnor2_2)
     3    0.01                           _087_ (net)
                  0.07    0.00    2.29 ^ _138_/B (sky130_fd_sc_hd__xnor2_1)
                  0.04    0.06    2.35 v _138_/Y (sky130_fd_sc_hd__xnor2_1)
     1    0.00                           net46 (net)
                  0.04    0.00    2.35 v output46/A (sky130_fd_sc_hd__buf_2)
                  0.09    0.17    2.52 v output46/X (sky130_fd_sc_hd__buf_2)
     1    0.03                           SUM[7] (net)
                  0.09    0.00    2.52 v SUM[7] (out)
                                  2.52   data arrival time

                  0.00    0.00    0.00   clock clk (rise edge)
                          0.00    0.00   clock network delay (ideal)
                          0.25    0.25   clock uncertainty
                          0.00    0.25   clock reconvergence pessimism
                         -2.00   -1.75   output external delay
                                 -1.75   data required time
-----------------------------------------------------------------------------
                                 -1.75   data required time
                                 -2.52   data arrival time
-----------------------------------------------------------------------------
                                  4.27   slack (MET)


Startpoint: A[1] (input port clocked by clk)
Endpoint: SUM[1] (output port clocked by clk)
Path Group: clk
Path Type: min

Fanout     Cap    Slew   Delay    Time   Description
-----------------------------------------------------------------------------
                  0.00    0.00    0.00   clock clk (rise edge)
                          0.00    0.00   clock network delay (ideal)
                          2.00    2.00 ^ input external delay
                  0.02    0.01    2.01 ^ A[1] (in)
     1    0.00                           A[1] (net)
                  0.02    0.00    2.01 ^ input8/A (sky130_fd_sc_hd__buf_1)
                  0.11    0.11    2.12 ^ input8/X (sky130_fd_sc_hd__buf_1)
     2    0.01                           net8 (net)
                  0.11    0.00    2.12 ^ _097_/B (sky130_fd_sc_hd__xor2_1)
                  0.06    0.10    2.22 v _097_/X (sky130_fd_sc_hd__xor2_1)
     3    0.01                           _053_ (net)
                  0.06    0.00    2.22 v _098_/B (sky130_fd_sc_hd__xor2_1)
                  0.03    0.13    2.35 v _098_/X (sky130_fd_sc_hd__xor2_1)
     1    0.00                           net40 (net)
                  0.03    0.00    2.35 v output40/A (sky130_fd_sc_hd__buf_2)
                  0.09    0.17    2.52 v output40/X (sky130_fd_sc_hd__buf_2)
     1    0.03                           SUM[1] (net)
                  0.09    0.00    2.52 v SUM[1] (out)
                                  2.52   data arrival time

                  0.00    0.00    0.00   clock clk (rise edge)
                          0.00    0.00   clock network delay (ideal)
                          0.25    0.25   clock uncertainty
                          0.00    0.25   clock reconvergence pessimism
                         -2.00   -1.75   output external delay
                                 -1.75   data required time
-----------------------------------------------------------------------------
                                 -1.75   data required time
                                 -2.52   data arrival time
-----------------------------------------------------------------------------
                                  4.27   slack (MET)


Startpoint: B[11] (input port clocked by clk)
Endpoint: SUM[11] (output port clocked by clk)
Path Group: clk
Path Type: min

Fanout     Cap    Slew   Delay    Time   Description
-----------------------------------------------------------------------------
                  0.00    0.00    0.00   clock clk (rise edge)
                          0.00    0.00   clock network delay (ideal)
                          2.00    2.00 ^ input external delay
                  0.02    0.01    2.01 ^ B[11] (in)
     1    0.00                           B[11] (net)
                  0.02    0.00    2.01 ^ input19/A (sky130_fd_sc_hd__clkbuf_2)
                  0.10    0.13    2.14 ^ input19/X (sky130_fd_sc_hd__clkbuf_2)
     4    0.02                           net19 (net)
                  0.10    0.00    2.14 ^ _162_/A (sky130_fd_sc_hd__xnor2_2)
                  0.08    0.14    2.28 ^ _162_/Y (sky130_fd_sc_hd__xnor2_2)
     3    0.01                           _014_ (net)
                  0.08    0.00    2.28 ^ _169_/A (sky130_fd_sc_hd__xnor2_1)
                  0.04    0.07    2.36 v _169_/Y (sky130_fd_sc_hd__xnor2_1)
     1    0.00                           net35 (net)
                  0.04    0.00    2.36 v output35/A (sky130_fd_sc_hd__buf_2)
                  0.09    0.17    2.52 v output35/X (sky130_fd_sc_hd__buf_2)
     1    0.03                           SUM[11] (net)
                  0.09    0.00    2.52 v SUM[11] (out)
                                  2.52   data arrival time

                  0.00    0.00    0.00   clock clk (rise edge)
                          0.00    0.00   clock network delay (ideal)
                          0.25    0.25   clock uncertainty
                          0.00    0.25   clock reconvergence pessimism
                         -2.00   -1.75   output external delay
                                 -1.75   data required time
-----------------------------------------------------------------------------
                                 -1.75   data required time
                                 -2.52   data arrival time
-----------------------------------------------------------------------------
                                  4.27   slack (MET)


Startpoint: B[12] (input port clocked by clk)
Endpoint: SUM[12] (output port clocked by clk)
Path Group: clk
Path Type: min

Fanout     Cap    Slew   Delay    Time   Description
-----------------------------------------------------------------------------
                  0.00    0.00    0.00   clock clk (rise edge)
                          0.00    0.00   clock network delay (ideal)
                          2.00    2.00 ^ input external delay
                  0.02    0.01    2.01 ^ B[12] (in)
     1    0.00                           B[12] (net)
                  0.02    0.00    2.01 ^ input20/A (sky130_fd_sc_hd__clkbuf_2)
                  0.10    0.13    2.15 ^ input20/X (sky130_fd_sc_hd__clkbuf_2)
     4    0.02                           net20 (net)
                  0.10    0.00    2.15 ^ _170_/A (sky130_fd_sc_hd__xnor2_2)
                  0.07    0.14    2.28 ^ _170_/Y (sky130_fd_sc_hd__xnor2_2)
     3    0.01                           _021_ (net)
                  0.07    0.00    2.28 ^ _179_/A (sky130_fd_sc_hd__xor2_1)
                  0.04    0.07    2.35 v _179_/X (sky130_fd_sc_hd__xor2_1)
     1    0.00                           net36 (net)
                  0.04    0.00    2.36 v output36/A (sky130_fd_sc_hd__buf_2)
                  0.09    0.17    2.53 v output36/X (sky130_fd_sc_hd__buf_2)
     1    0.03                           SUM[12] (net)
                  0.09    0.00    2.53 v SUM[12] (out)
                                  2.53   data arrival time

                  0.00    0.00    0.00   clock clk (rise edge)
                          0.00    0.00   clock network delay (ideal)
                          0.25    0.25   clock uncertainty
                          0.00    0.25   clock reconvergence pessimism
                         -2.00   -1.75   output external delay
                                 -1.75   data required time
-----------------------------------------------------------------------------
                                 -1.75   data required time
                                 -2.53   data arrival time
-----------------------------------------------------------------------------
                                  4.28   slack (MET)


Startpoint: B[13] (input port clocked by clk)
Endpoint: SUM[13] (output port clocked by clk)
Path Group: clk
Path Type: min

Fanout     Cap    Slew   Delay    Time   Description
-----------------------------------------------------------------------------
                  0.00    0.00    0.00   clock clk (rise edge)
                          0.00    0.00   clock network delay (ideal)
                          2.00    2.00 ^ input external delay
                  0.02    0.01    2.01 ^ B[13] (in)
     1    0.00                           B[13] (net)
                  0.02    0.00    2.01 ^ input21/A (sky130_fd_sc_hd__clkbuf_2)
                  0.11    0.14    2.15 ^ input21/X (sky130_fd_sc_hd__clkbuf_2)
     4    0.02                           net21 (net)
                  0.11    0.00    2.15 ^ _180_/A (sky130_fd_sc_hd__xnor2_2)
                  0.07    0.14    2.29 ^ _180_/Y (sky130_fd_sc_hd__xnor2_2)
     3    0.01                           _030_ (net)
                  0.07    0.00    2.29 ^ _187_/A (sky130_fd_sc_hd__xnor2_1)
                  0.04    0.08    2.37 v _187_/Y (sky130_fd_sc_hd__xnor2_1)
     1    0.00                           net37 (net)
                  0.04    0.00    2.37 v output37/A (sky130_fd_sc_hd__buf_2)
                  0.09    0.17    2.54 v output37/X (sky130_fd_sc_hd__buf_2)
     1    0.03                           SUM[13] (net)
                  0.09    0.00    2.54 v SUM[13] (out)
                                  2.54   data arrival time

                  0.00    0.00    0.00   clock clk (rise edge)
                          0.00    0.00   clock network delay (ideal)
                          0.25    0.25   clock uncertainty
                          0.00    0.25   clock reconvergence pessimism
                         -2.00   -1.75   output external delay
                                 -1.75   data required time
-----------------------------------------------------------------------------
                                 -1.75   data required time
                                 -2.54   data arrival time
-----------------------------------------------------------------------------
                                  4.29   slack (MET)


Startpoint: A[8] (input port clocked by clk)
Endpoint: SUM[8] (output port clocked by clk)
Path Group: clk
Path Type: min

Fanout     Cap    Slew   Delay    Time   Description
-----------------------------------------------------------------------------
                  0.00    0.00    0.00   clock clk (rise edge)
                          0.00    0.00   clock network delay (ideal)
                          2.00    2.00 ^ input external delay
                  0.02    0.01    2.01 ^ A[8] (in)
     1    0.00                           A[8] (net)
                  0.02    0.00    2.01 ^ input15/A (sky130_fd_sc_hd__clkbuf_2)
                  0.11    0.14    2.15 ^ input15/X (sky130_fd_sc_hd__clkbuf_2)
     4    0.02                           net15 (net)
                  0.11    0.00    2.15 ^ _139_/B (sky130_fd_sc_hd__xnor2_2)
                  0.08    0.15    2.30 ^ _139_/Y (sky130_fd_sc_hd__xnor2_2)
     4    0.01                           _088_ (net)
                  0.08    0.00    2.30 ^ _145_/A (sky130_fd_sc_hd__xor2_1)
                  0.04    0.07    2.37 v _145_/X (sky130_fd_sc_hd__xor2_1)
     1    0.00                           net47 (net)
                  0.04    0.00    2.37 v output47/A (sky130_fd_sc_hd__buf_2)
                  0.09    0.17    2.54 v output47/X (sky130_fd_sc_hd__buf_2)
     1    0.03                           SUM[8] (net)
                  0.09    0.00    2.54 v SUM[8] (out)
                                  2.54   data arrival time

                  0.00    0.00    0.00   clock clk (rise edge)
                          0.00    0.00   clock network delay (ideal)
                          0.25    0.25   clock uncertainty
                          0.00    0.25   clock reconvergence pessimism
                         -2.00   -1.75   output external delay
                                 -1.75   data required time
-----------------------------------------------------------------------------
                                 -1.75   data required time
                                 -2.54   data arrival time
-----------------------------------------------------------------------------
                                  4.29   slack (MET)


Startpoint: B[3] (input port clocked by clk)
Endpoint: SUM[3] (output port clocked by clk)
Path Group: clk
Path Type: min

Fanout     Cap    Slew   Delay    Time   Description
-----------------------------------------------------------------------------
                  0.00    0.00    0.00   clock clk (rise edge)
                          0.00    0.00   clock network delay (ideal)
                          2.00    2.00 ^ input external delay
                  0.02    0.01    2.01 ^ B[3] (in)
     1    0.00                           B[3] (net)
                  0.02    0.00    2.01 ^ input26/A (sky130_fd_sc_hd__clkbuf_2)
                  0.11    0.14    2.15 ^ input26/X (sky130_fd_sc_hd__clkbuf_2)
     4    0.02                           net26 (net)
                  0.11    0.00    2.15 ^ _108_/A (sky130_fd_sc_hd__xor2_2)
                  0.05    0.10    2.24 v _108_/X (sky130_fd_sc_hd__xor2_2)
     3    0.01                           _062_ (net)
                  0.05    0.00    2.24 v _109_/B (sky130_fd_sc_hd__xnor2_1)
                  0.06    0.13    2.38 v _109_/Y (sky130_fd_sc_hd__xnor2_1)
     1    0.01                           net42 (net)
                  0.06    0.00    2.38 v output42/A (sky130_fd_sc_hd__clkbuf_4)
                  0.08    0.18    2.56 v output42/X (sky130_fd_sc_hd__clkbuf_4)
     1    0.03                           SUM[3] (net)
                  0.08    0.00    2.56 v SUM[3] (out)
                                  2.56   data arrival time

                  0.00    0.00    0.00   clock clk (rise edge)
                          0.00    0.00   clock network delay (ideal)
                          0.25    0.25   clock uncertainty
                          0.00    0.25   clock reconvergence pessimism
                         -2.00   -1.75   output external delay
                                 -1.75   data required time
-----------------------------------------------------------------------------
                                 -1.75   data required time
                                 -2.56   data arrival time
-----------------------------------------------------------------------------
                                  4.31   slack (MET)


Startpoint: B[14] (input port clocked by clk)
Endpoint: SUM[14] (output port clocked by clk)
Path Group: clk
Path Type: min

Fanout     Cap    Slew   Delay    Time   Description
-----------------------------------------------------------------------------
                  0.00    0.00    0.00   clock clk (rise edge)
                          0.00    0.00   clock network delay (ideal)
                          2.00    2.00 ^ input external delay
                  0.02    0.01    2.01 ^ B[14] (in)
     1    0.00                           B[14] (net)
                  0.02    0.00    2.01 ^ input22/A (sky130_fd_sc_hd__buf_1)
                  0.13    0.13    2.14 ^ input22/X (sky130_fd_sc_hd__buf_1)
     3    0.01                           net22 (net)
                  0.13    0.00    2.14 ^ _188_/A (sky130_fd_sc_hd__xnor2_1)
                  0.07    0.11    2.25 v _188_/Y (sky130_fd_sc_hd__xnor2_1)
     2    0.01                           _037_ (net)
                  0.07    0.00    2.25 v _195_/A (sky130_fd_sc_hd__xnor2_1)
                  0.05    0.14    2.39 v _195_/Y (sky130_fd_sc_hd__xnor2_1)
     1    0.01                           net38 (net)
                  0.05    0.00    2.39 v output38/A (sky130_fd_sc_hd__buf_2)
                  0.09    0.17    2.56 v output38/X (sky130_fd_sc_hd__buf_2)
     1    0.03                           SUM[14] (net)
                  0.09    0.00    2.56 v SUM[14] (out)
                                  2.56   data arrival time

                  0.00    0.00    0.00   clock clk (rise edge)
                          0.00    0.00   clock network delay (ideal)
                          0.25    0.25   clock uncertainty
                          0.00    0.25   clock reconvergence pessimism
                         -2.00   -1.75   output external delay
                                 -1.75   data required time
-----------------------------------------------------------------------------
                                 -1.75   data required time
                                 -2.56   data arrival time
-----------------------------------------------------------------------------
                                  4.31   slack (MET)


Startpoint: A[4] (input port clocked by clk)
Endpoint: SUM[4] (output port clocked by clk)
Path Group: clk
Path Type: min

Fanout     Cap    Slew   Delay    Time   Description
-----------------------------------------------------------------------------
                  0.00    0.00    0.00   clock clk (rise edge)
                          0.00    0.00   clock network delay (ideal)
                          2.00    2.00 ^ input external delay
                  0.02    0.01    2.01 ^ A[4] (in)
     1    0.00                           A[4] (net)
                  0.02    0.00    2.01 ^ input11/A (sky130_fd_sc_hd__clkbuf_2)
                  0.11    0.14    2.15 ^ input11/X (sky130_fd_sc_hd__clkbuf_2)
     4    0.02                           net11 (net)
                  0.11    0.00    2.15 ^ _110_/B (sky130_fd_sc_hd__xor2_2)
                  0.05    0.09    2.24 v _110_/X (sky130_fd_sc_hd__xor2_2)
     4    0.01                           _063_ (net)
                  0.05    0.00    2.24 v _115_/A (sky130_fd_sc_hd__xor2_1)
                  0.05    0.16    2.40 v _115_/X (sky130_fd_sc_hd__xor2_1)
     1    0.01                           net43 (net)
                  0.05    0.00    2.40 v output43/A (sky130_fd_sc_hd__clkbuf_4)
                  0.08    0.17    2.58 v output43/X (sky130_fd_sc_hd__clkbuf_4)
     1    0.03                           SUM[4] (net)
                  0.08    0.00    2.58 v SUM[4] (out)
                                  2.58   data arrival time

                  0.00    0.00    0.00   clock clk (rise edge)
                          0.00    0.00   clock network delay (ideal)
                          0.25    0.25   clock uncertainty
                          0.00    0.25   clock reconvergence pessimism
                         -2.00   -1.75   output external delay
                                 -1.75   data required time
-----------------------------------------------------------------------------
                                 -1.75   data required time
                                 -2.58   data arrival time
-----------------------------------------------------------------------------
                                  4.33   slack (MET)


Startpoint: A[5] (input port clocked by clk)
Endpoint: SUM[5] (output port clocked by clk)
Path Group: clk
Path Type: min

Fanout     Cap    Slew   Delay    Time   Description
-----------------------------------------------------------------------------
                  0.00    0.00    0.00   clock clk (rise edge)
                          0.00    0.00   clock network delay (ideal)
                          2.00    2.00 ^ input external delay
                  0.02    0.01    2.01 ^ A[5] (in)
     1    0.00                           A[5] (net)
                  0.02    0.00    2.01 ^ input12/A (sky130_fd_sc_hd__dlymetal6s2s_1)
                  0.18    0.17    2.18 ^ input12/X (sky130_fd_sc_hd__dlymetal6s2s_1)
     4    0.02                           net12 (net)
                  0.18    0.00    2.18 ^ _116_/B (sky130_fd_sc_hd__xor2_1)
                  0.06    0.12    2.30 v _116_/X (sky130_fd_sc_hd__xor2_1)
     3    0.01                           _068_ (net)
                  0.06    0.00    2.30 v _121_/A (sky130_fd_sc_hd__xnor2_1)
                  0.05    0.13    2.43 v _121_/Y (sky130_fd_sc_hd__xnor2_1)
     1    0.00                           net44 (net)
                  0.05    0.00    2.43 v output44/A (sky130_fd_sc_hd__clkbuf_4)
                  0.08    0.18    2.60 v output44/X (sky130_fd_sc_hd__clkbuf_4)
     1    0.03                           SUM[5] (net)
                  0.08    0.00    2.60 v SUM[5] (out)
                                  2.60   data arrival time

                  0.00    0.00    0.00   clock clk (rise edge)
                          0.00    0.00   clock network delay (ideal)
                          0.25    0.25   clock uncertainty
                          0.00    0.25   clock reconvergence pessimism
                         -2.00   -1.75   output external delay
                                 -1.75   data required time
-----------------------------------------------------------------------------
                                 -1.75   data required time
                                 -2.60   data arrival time
-----------------------------------------------------------------------------
                                  4.35   slack (MET)


Startpoint: A[2] (input port clocked by clk)
Endpoint: SUM[2] (output port clocked by clk)
Path Group: clk
Path Type: min

Fanout     Cap    Slew   Delay    Time   Description
-----------------------------------------------------------------------------
                  0.00    0.00    0.00   clock clk (rise edge)
                          0.00    0.00   clock network delay (ideal)
                          2.00    2.00 v input external delay
                  0.01    0.00    2.00 v A[2] (in)
     1    0.00                           A[2] (net)
                  0.01    0.00    2.00 v input9/A (sky130_fd_sc_hd__dlymetal6s2s_1)
                  0.08    0.15    2.16 v input9/X (sky130_fd_sc_hd__dlymetal6s2s_1)
     5    0.01                           net9 (net)
                  0.08    0.00    2.16 v _101_/B (sky130_fd_sc_hd__nand2_1)
                  0.05    0.08    2.24 ^ _101_/Y (sky130_fd_sc_hd__nand2_1)
     2    0.00                           _056_ (net)
                  0.05    0.00    2.24 ^ _103_/A (sky130_fd_sc_hd__and2_1)
                  0.07    0.12    2.36 ^ _103_/X (sky130_fd_sc_hd__and2_1)
     1    0.01                           _058_ (net)
                  0.07    0.00    2.36 ^ _104_/B (sky130_fd_sc_hd__xor2_1)
                  0.05    0.07    2.43 v _104_/X (sky130_fd_sc_hd__xor2_1)
     1    0.01                           net41 (net)
                  0.05    0.00    2.43 v output41/A (sky130_fd_sc_hd__clkbuf_4)
                  0.08    0.18    2.61 v output41/X (sky130_fd_sc_hd__clkbuf_4)
     1    0.04                           SUM[2] (net)
                  0.08    0.00    2.61 v SUM[2] (out)
                                  2.61   data arrival time

                  0.00    0.00    0.00   clock clk (rise edge)
                          0.00    0.00   clock network delay (ideal)
                          0.25    0.25   clock uncertainty
                          0.00    0.25   clock reconvergence pessimism
                         -2.00   -1.75   output external delay
                                 -1.75   data required time
-----------------------------------------------------------------------------
                                 -1.75   data required time
                                 -2.61   data arrival time
-----------------------------------------------------------------------------
                                  4.36   slack (MET)



