
===========================================================================
report_checks -path_delay max (Setup)
============================================================================
======================= Typical Corner ===================================

Startpoint: multiplicand[3] (input port clocked by clk)
Endpoint: product[15] (output port clocked by clk)
Path Group: clk
Path Type: max

Fanout     Cap    Slew   Delay    Time   Description
-----------------------------------------------------------------------------
                  0.00    0.00    0.00   clock clk (rise edge)
                          0.00    0.00   clock network delay (ideal)
                          2.00    2.00 v input external delay
                  0.08    0.06    2.06 v multiplicand[3] (in)
     9    0.03                           multiplicand[3] (net)
                  0.08    0.00    2.06 v _468_/A (sky130_fd_sc_hd__or4_2)
                  0.10    0.69    2.75 v _468_/X (sky130_fd_sc_hd__or4_2)
     1    0.00                           _387_ (net)
                  0.10    0.00    2.75 v _469_/A (sky130_fd_sc_hd__buf_1)
                  0.15    0.22    2.97 v _469_/X (sky130_fd_sc_hd__buf_1)
     7    0.02                           _395_ (net)
                  0.15    0.00    2.97 v _537_/D (sky130_fd_sc_hd__or4_2)
                  0.12    0.63    3.59 v _537_/X (sky130_fd_sc_hd__or4_2)
     3    0.01                           _016_ (net)
                  0.12    0.00    3.59 v _538_/B (sky130_fd_sc_hd__and2_2)
                  0.07    0.28    3.87 v _538_/X (sky130_fd_sc_hd__and2_2)
     7    0.02                           _017_ (net)
                  0.07    0.00    3.87 v _540_/A (sky130_fd_sc_hd__or2_2)
                  0.10    0.38    4.25 v _540_/X (sky130_fd_sc_hd__or2_2)
     7    0.02                           _019_ (net)
                  0.10    0.00    4.25 v _541_/B (sky130_fd_sc_hd__nand2_2)
                  0.09    0.12    4.37 ^ _541_/Y (sky130_fd_sc_hd__nand2_2)
     2    0.01                           _020_ (net)
                  0.09    0.00    4.37 ^ _544_/A (sky130_fd_sc_hd__xnor2_2)
                  0.06    0.09    4.47 v _544_/Y (sky130_fd_sc_hd__xnor2_2)
     1    0.01                           _023_ (net)
                  0.06    0.00    4.47 v _545_/B (sky130_fd_sc_hd__xnor2_2)
                  0.04    0.13    4.60 v _545_/Y (sky130_fd_sc_hd__xnor2_2)
     1    0.00                           _024_ (net)
                  0.04    0.00    4.60 v _546_/A1 (sky130_fd_sc_hd__mux2_2)
                  0.08    0.32    4.92 v _546_/X (sky130_fd_sc_hd__mux2_2)
     4    0.02                           _025_ (net)
                  0.08    0.00    4.92 v _675_/A (sky130_fd_sc_hd__or2_2)
                  0.06    0.33    5.25 v _675_/X (sky130_fd_sc_hd__or2_2)
     2    0.00                           _153_ (net)
                  0.06    0.00    5.25 v _679_/A3 (sky130_fd_sc_hd__a311o_2)
                  0.06    0.42    5.66 v _679_/X (sky130_fd_sc_hd__a311o_2)
     2    0.01                           _157_ (net)
                  0.06    0.00    5.66 v _722_/B1 (sky130_fd_sc_hd__o21ai_2)
                  0.15    0.09    5.75 ^ _722_/Y (sky130_fd_sc_hd__o21ai_2)
     1    0.01                           _199_ (net)
                  0.15    0.00    5.75 ^ _725_/A (sky130_fd_sc_hd__xnor2_2)
                  0.11    0.13    5.88 ^ _725_/Y (sky130_fd_sc_hd__xnor2_2)
     1    0.00                           _202_ (net)
                  0.11    0.00    5.88 ^ _726_/S (sky130_fd_sc_hd__mux2_2)
                  0.08    0.41    6.29 v _726_/X (sky130_fd_sc_hd__mux2_2)
     4    0.02                           _203_ (net)
                  0.08    0.00    6.29 v _728_/A (sky130_fd_sc_hd__xnor2_2)
                  0.23    0.26    6.55 ^ _728_/Y (sky130_fd_sc_hd__xnor2_2)
     2    0.01                           _205_ (net)
                  0.23    0.00    6.55 ^ _731_/A (sky130_fd_sc_hd__xnor2_2)
                  0.08    0.13    6.68 v _731_/Y (sky130_fd_sc_hd__xnor2_2)
     3    0.01                           _208_ (net)
                  0.08    0.00    6.68 v _736_/A2 (sky130_fd_sc_hd__a211o_2)
                  0.06    0.38    7.06 v _736_/X (sky130_fd_sc_hd__a211o_2)
     3    0.01                           _213_ (net)
                  0.06    0.00    7.06 v _741_/A2 (sky130_fd_sc_hd__a31o_2)
                  0.04    0.24    7.30 v _741_/X (sky130_fd_sc_hd__a31o_2)
     1    0.00                           _218_ (net)
                  0.04    0.00    7.30 v _743_/A2 (sky130_fd_sc_hd__o21a_2)
                  0.07    0.24    7.54 v _743_/X (sky130_fd_sc_hd__o21a_2)
     4    0.02                           _220_ (net)
                  0.07    0.00    7.54 v _745_/A (sky130_fd_sc_hd__xor2_2)
                  0.07    0.20    7.74 v _745_/X (sky130_fd_sc_hd__xor2_2)
     2    0.01                           _222_ (net)
                  0.07    0.00    7.74 v _748_/A (sky130_fd_sc_hd__xnor2_2)
                  0.07    0.17    7.91 v _748_/Y (sky130_fd_sc_hd__xnor2_2)
     3    0.01                           _225_ (net)
                  0.07    0.00    7.91 v _751_/A2 (sky130_fd_sc_hd__a211o_2)
                  0.06    0.37    8.28 v _751_/X (sky130_fd_sc_hd__a211o_2)
     3    0.01                           _228_ (net)
                  0.06    0.00    8.28 v _756_/A1 (sky130_fd_sc_hd__a31o_2)
                  0.04    0.21    8.49 v _756_/X (sky130_fd_sc_hd__a31o_2)
     1    0.00                           _233_ (net)
                  0.04    0.00    8.49 v _758_/A2 (sky130_fd_sc_hd__o21a_2)
                  0.07    0.24    8.73 v _758_/X (sky130_fd_sc_hd__o21a_2)
     3    0.02                           _235_ (net)
                  0.07    0.00    8.73 v _760_/A (sky130_fd_sc_hd__xor2_2)
                  0.07    0.20    8.93 v _760_/X (sky130_fd_sc_hd__xor2_2)
     3    0.01                           _237_ (net)
                  0.07    0.00    8.93 v _805_/A1 (sky130_fd_sc_hd__a21o_2)
                  0.06    0.23    9.16 v _805_/X (sky130_fd_sc_hd__a21o_2)
     2    0.01                           _286_ (net)
                  0.06    0.00    9.16 v _841_/A2 (sky130_fd_sc_hd__a21o_2)
                  0.06    0.25    9.41 v _841_/X (sky130_fd_sc_hd__a21o_2)
     2    0.01                           _325_ (net)
                  0.06    0.00    9.42 v _869_/A2 (sky130_fd_sc_hd__a21o_2)
                  0.05    0.25    9.66 v _869_/X (sky130_fd_sc_hd__a21o_2)
     3    0.01                           _354_ (net)
                  0.05    0.00    9.66 v _889_/A2 (sky130_fd_sc_hd__a21o_2)
                  0.06    0.25    9.92 v _889_/X (sky130_fd_sc_hd__a21o_2)
     2    0.01                           _375_ (net)
                  0.06    0.00    9.92 v _900_/A2 (sky130_fd_sc_hd__a21o_2)
                  0.05    0.24   10.16 v _900_/X (sky130_fd_sc_hd__a21o_2)
     3    0.01                           _386_ (net)
                  0.05    0.00   10.16 v _907_/A2 (sky130_fd_sc_hd__a211o_2)
                  0.05    0.34   10.49 v _907_/X (sky130_fd_sc_hd__a211o_2)
     1    0.00                           _393_ (net)
                  0.05    0.00   10.49 v _908_/A3 (sky130_fd_sc_hd__a31o_2)
                  0.11    0.35   10.84 v _908_/X (sky130_fd_sc_hd__a31o_2)
     1    0.04                           product[15] (net)
                  0.11    0.00   10.84 v product[15] (out)
                                 10.84   data arrival time

                  0.00   10.00   10.00   clock clk (rise edge)
                          0.00   10.00   clock network delay (ideal)
                         -0.25    9.75   clock uncertainty
                          0.00    9.75   clock reconvergence pessimism
                         -2.00    7.75   output external delay
                                  7.75   data required time
-----------------------------------------------------------------------------
                                  7.75   data required time
                                -10.84   data arrival time
-----------------------------------------------------------------------------
                                 -3.09   slack (VIOLATED)


Startpoint: multiplicand[3] (input port clocked by clk)
Endpoint: product[13] (output port clocked by clk)
Path Group: clk
Path Type: max

Fanout     Cap    Slew   Delay    Time   Description
-----------------------------------------------------------------------------
                  0.00    0.00    0.00   clock clk (rise edge)
                          0.00    0.00   clock network delay (ideal)
                          2.00    2.00 v input external delay
                  0.08    0.06    2.06 v multiplicand[3] (in)
     9    0.03                           multiplicand[3] (net)
                  0.08    0.00    2.06 v _468_/A (sky130_fd_sc_hd__or4_2)
                  0.10    0.69    2.75 v _468_/X (sky130_fd_sc_hd__or4_2)
     1    0.00                           _387_ (net)
                  0.10    0.00    2.75 v _469_/A (sky130_fd_sc_hd__buf_1)
                  0.15    0.22    2.97 v _469_/X (sky130_fd_sc_hd__buf_1)
     7    0.02                           _395_ (net)
                  0.15    0.00    2.97 v _470_/C (sky130_fd_sc_hd__or3_2)
                  0.12    0.53    3.50 v _470_/X (sky130_fd_sc_hd__or3_2)
     4    0.02                           _402_ (net)
                  0.12    0.00    3.50 v _485_/B (sky130_fd_sc_hd__xor2_2)
                  0.40    0.38    3.88 ^ _485_/X (sky130_fd_sc_hd__xor2_2)
    10    0.03                           _418_ (net)
                  0.40    0.00    3.88 ^ _486_/C (sky130_fd_sc_hd__and3_2)
                  0.06    0.27    4.15 ^ _486_/X (sky130_fd_sc_hd__and3_2)
     2    0.01                           _419_ (net)
                  0.06    0.00    4.15 ^ _489_/A_N (sky130_fd_sc_hd__and2b_2)
                  0.05    0.24    4.39 v _489_/X (sky130_fd_sc_hd__and2b_2)
     1    0.01                           _422_ (net)
                  0.05    0.00    4.39 v _490_/B (sky130_fd_sc_hd__xor2_2)
                  0.04    0.14    4.53 v _490_/X (sky130_fd_sc_hd__xor2_2)
     1    0.00                           _423_ (net)
                  0.04    0.00    4.53 v _492_/A2 (sky130_fd_sc_hd__a21o_2)
                  0.08    0.27    4.80 v _492_/X (sky130_fd_sc_hd__a21o_2)
     4    0.02                           _425_ (net)
                  0.08    0.00    4.80 v _498_/A (sky130_fd_sc_hd__xnor2_2)
                  0.25    0.28    5.08 ^ _498_/Y (sky130_fd_sc_hd__xnor2_2)
     3    0.02                           _431_ (net)
                  0.25    0.00    5.08 ^ _535_/A_N (sky130_fd_sc_hd__nand2b_2)
                  0.11    0.23    5.32 ^ _535_/Y (sky130_fd_sc_hd__nand2b_2)
     5    0.02                           _014_ (net)
                  0.11    0.00    5.32 ^ _553_/A2 (sky130_fd_sc_hd__a31o_2)
                  0.04    0.16    5.48 ^ _553_/X (sky130_fd_sc_hd__a31o_2)
     1    0.00                           _032_ (net)
                  0.04    0.00    5.48 ^ _554_/A2_N (sky130_fd_sc_hd__a2bb2o_2)
                  0.08    0.32    5.80 v _554_/X (sky130_fd_sc_hd__a2bb2o_2)
     4    0.02                           _033_ (net)
                  0.08    0.00    5.80 v _556_/A (sky130_fd_sc_hd__xnor2_2)
                  0.23    0.26    6.06 ^ _556_/Y (sky130_fd_sc_hd__xnor2_2)
     2    0.01                           _035_ (net)
                  0.23    0.00    6.06 ^ _589_/A (sky130_fd_sc_hd__xnor2_2)
                  0.08    0.13    6.19 v _589_/Y (sky130_fd_sc_hd__xnor2_2)
     3    0.01                           _068_ (net)
                  0.08    0.00    6.19 v _596_/A2 (sky130_fd_sc_hd__a211o_2)
                  0.06    0.38    6.57 v _596_/X (sky130_fd_sc_hd__a211o_2)
     3    0.01                           _075_ (net)
                  0.06    0.00    6.57 v _622_/A2 (sky130_fd_sc_hd__a31o_2)
                  0.04    0.24    6.81 v _622_/X (sky130_fd_sc_hd__a31o_2)
     1    0.00                           _101_ (net)
                  0.04    0.00    6.81 v _626_/A2 (sky130_fd_sc_hd__o21a_2)
                  0.09    0.26    7.07 v _626_/X (sky130_fd_sc_hd__o21a_2)
     5    0.03                           _105_ (net)
                  0.09    0.00    7.07 v _628_/A (sky130_fd_sc_hd__xnor2_2)
                  0.07    0.17    7.24 v _628_/Y (sky130_fd_sc_hd__xnor2_2)
     1    0.01                           _107_ (net)
                  0.07    0.00    7.24 v _641_/A (sky130_fd_sc_hd__xnor2_2)
                  0.07    0.17    7.41 v _641_/Y (sky130_fd_sc_hd__xnor2_2)
     3    0.01                           _120_ (net)
                  0.07    0.00    7.41 v _650_/A2 (sky130_fd_sc_hd__a211o_2)
                  0.05    0.36    7.77 v _650_/X (sky130_fd_sc_hd__a211o_2)
     2    0.00                           _129_ (net)
                  0.05    0.00    7.77 v _707_/A1 (sky130_fd_sc_hd__a21o_2)
                  0.05    0.22    7.99 v _707_/X (sky130_fd_sc_hd__a21o_2)
     3    0.01                           _185_ (net)
                  0.05    0.00    7.99 v _754_/A2 (sky130_fd_sc_hd__a21bo_2)
                  0.05    0.25    8.24 v _754_/X (sky130_fd_sc_hd__a21bo_2)
     3    0.01                           _231_ (net)
                  0.05    0.00    8.24 v _795_/A2 (sky130_fd_sc_hd__a21bo_2)
                  0.05    0.24    8.48 v _795_/X (sky130_fd_sc_hd__a21bo_2)
     3    0.01                           _275_ (net)
                  0.05    0.00    8.48 v _831_/A2 (sky130_fd_sc_hd__a21bo_2)
                  0.04    0.23    8.71 v _831_/X (sky130_fd_sc_hd__a21bo_2)
     2    0.01                           _314_ (net)
                  0.04    0.00    8.71 v _833_/C (sky130_fd_sc_hd__and3_2)
                  0.04    0.22    8.93 v _833_/X (sky130_fd_sc_hd__and3_2)
     2    0.00                           _316_ (net)
                  0.04    0.00    8.93 v _860_/B1 (sky130_fd_sc_hd__a21o_2)
                  0.07    0.23    9.17 v _860_/X (sky130_fd_sc_hd__a21o_2)
     3    0.02                           _344_ (net)
                  0.07    0.00    9.17 v _875_/A2 (sky130_fd_sc_hd__a21o_2)
                  0.03    0.22    9.39 v _875_/X (sky130_fd_sc_hd__a21o_2)
     1    0.00                           _360_ (net)
                  0.03    0.00    9.39 v _882_/B1 (sky130_fd_sc_hd__a221o_2)
                  0.08    0.39    9.78 v _882_/X (sky130_fd_sc_hd__a221o_2)
     3    0.01                           _368_ (net)
                  0.08    0.00    9.78 v _887_/A (sky130_fd_sc_hd__nand3_2)
                  0.06    0.08    9.85 ^ _887_/Y (sky130_fd_sc_hd__nand3_2)
     2    0.00                           _373_ (net)
                  0.06    0.00    9.85 ^ _888_/B_N (sky130_fd_sc_hd__or2b_2)
                  0.07    0.33   10.18 v _888_/X (sky130_fd_sc_hd__or2b_2)
     1    0.01                           _374_ (net)
                  0.07    0.00   10.18 v _890_/A (sky130_fd_sc_hd__xnor2_2)
                  0.09    0.15   10.33 ^ _890_/Y (sky130_fd_sc_hd__xnor2_2)
     1    0.00                           _376_ (net)
                  0.09    0.00   10.33 ^ _891_/A1 (sky130_fd_sc_hd__mux2_2)
                  0.04    0.16   10.49 ^ _891_/X (sky130_fd_sc_hd__mux2_2)
     1    0.00                           _378_ (net)
                  0.04    0.00   10.49 ^ _892_/A (sky130_fd_sc_hd__buf_1)
                  0.41    0.35   10.84 ^ _892_/X (sky130_fd_sc_hd__buf_1)
     1    0.04                           product[13] (net)
                  0.41    0.00   10.84 ^ product[13] (out)
                                 10.84   data arrival time

                  0.00   10.00   10.00   clock clk (rise edge)
                          0.00   10.00   clock network delay (ideal)
                         -0.25    9.75   clock uncertainty
                          0.00    9.75   clock reconvergence pessimism
                         -2.00    7.75   output external delay
                                  7.75   data required time
-----------------------------------------------------------------------------
                                  7.75   data required time
                                -10.84   data arrival time
-----------------------------------------------------------------------------
                                 -3.09   slack (VIOLATED)


Startpoint: multiplicand[3] (input port clocked by clk)
Endpoint: product[14] (output port clocked by clk)
Path Group: clk
Path Type: max

Fanout     Cap    Slew   Delay    Time   Description
-----------------------------------------------------------------------------
                  0.00    0.00    0.00   clock clk (rise edge)
                          0.00    0.00   clock network delay (ideal)
                          2.00    2.00 v input external delay
                  0.08    0.06    2.06 v multiplicand[3] (in)
     9    0.03                           multiplicand[3] (net)
                  0.08    0.00    2.06 v _468_/A (sky130_fd_sc_hd__or4_2)
                  0.10    0.69    2.75 v _468_/X (sky130_fd_sc_hd__or4_2)
     1    0.00                           _387_ (net)
                  0.10    0.00    2.75 v _469_/A (sky130_fd_sc_hd__buf_1)
                  0.15    0.22    2.97 v _469_/X (sky130_fd_sc_hd__buf_1)
     7    0.02                           _395_ (net)
                  0.15    0.00    2.97 v _537_/D (sky130_fd_sc_hd__or4_2)
                  0.12    0.63    3.59 v _537_/X (sky130_fd_sc_hd__or4_2)
     3    0.01                           _016_ (net)
                  0.12    0.00    3.59 v _538_/B (sky130_fd_sc_hd__and2_2)
                  0.07    0.28    3.87 v _538_/X (sky130_fd_sc_hd__and2_2)
     7    0.02                           _017_ (net)
                  0.07    0.00    3.87 v _540_/A (sky130_fd_sc_hd__or2_2)
                  0.10    0.38    4.25 v _540_/X (sky130_fd_sc_hd__or2_2)
     7    0.02                           _019_ (net)
                  0.10    0.00    4.25 v _541_/B (sky130_fd_sc_hd__nand2_2)
                  0.09    0.12    4.37 ^ _541_/Y (sky130_fd_sc_hd__nand2_2)
     2    0.01                           _020_ (net)
                  0.09    0.00    4.37 ^ _544_/A (sky130_fd_sc_hd__xnor2_2)
                  0.06    0.09    4.47 v _544_/Y (sky130_fd_sc_hd__xnor2_2)
     1    0.01                           _023_ (net)
                  0.06    0.00    4.47 v _545_/B (sky130_fd_sc_hd__xnor2_2)
                  0.04    0.13    4.60 v _545_/Y (sky130_fd_sc_hd__xnor2_2)
     1    0.00                           _024_ (net)
                  0.04    0.00    4.60 v _546_/A1 (sky130_fd_sc_hd__mux2_2)
                  0.08    0.32    4.92 v _546_/X (sky130_fd_sc_hd__mux2_2)
     4    0.02                           _025_ (net)
                  0.08    0.00    4.92 v _675_/A (sky130_fd_sc_hd__or2_2)
                  0.06    0.33    5.25 v _675_/X (sky130_fd_sc_hd__or2_2)
     2    0.00                           _153_ (net)
                  0.06    0.00    5.25 v _679_/A3 (sky130_fd_sc_hd__a311o_2)
                  0.06    0.42    5.66 v _679_/X (sky130_fd_sc_hd__a311o_2)
     2    0.01                           _157_ (net)
                  0.06    0.00    5.66 v _722_/B1 (sky130_fd_sc_hd__o21ai_2)
                  0.15    0.09    5.75 ^ _722_/Y (sky130_fd_sc_hd__o21ai_2)
     1    0.01                           _199_ (net)
                  0.15    0.00    5.75 ^ _725_/A (sky130_fd_sc_hd__xnor2_2)
                  0.11    0.13    5.88 ^ _725_/Y (sky130_fd_sc_hd__xnor2_2)
     1    0.00                           _202_ (net)
                  0.11    0.00    5.88 ^ _726_/S (sky130_fd_sc_hd__mux2_2)
                  0.08    0.41    6.29 v _726_/X (sky130_fd_sc_hd__mux2_2)
     4    0.02                           _203_ (net)
                  0.08    0.00    6.29 v _728_/A (sky130_fd_sc_hd__xnor2_2)
                  0.23    0.26    6.55 ^ _728_/Y (sky130_fd_sc_hd__xnor2_2)
     2    0.01                           _205_ (net)
                  0.23    0.00    6.55 ^ _731_/A (sky130_fd_sc_hd__xnor2_2)
                  0.08    0.13    6.68 v _731_/Y (sky130_fd_sc_hd__xnor2_2)
     3    0.01                           _208_ (net)
                  0.08    0.00    6.68 v _736_/A2 (sky130_fd_sc_hd__a211o_2)
                  0.06    0.38    7.06 v _736_/X (sky130_fd_sc_hd__a211o_2)
     3    0.01                           _213_ (net)
                  0.06    0.00    7.06 v _741_/A2 (sky130_fd_sc_hd__a31o_2)
                  0.04    0.24    7.30 v _741_/X (sky130_fd_sc_hd__a31o_2)
     1    0.00                           _218_ (net)
                  0.04    0.00    7.30 v _743_/A2 (sky130_fd_sc_hd__o21a_2)
                  0.07    0.24    7.54 v _743_/X (sky130_fd_sc_hd__o21a_2)
     4    0.02                           _220_ (net)
                  0.07    0.00    7.54 v _745_/A (sky130_fd_sc_hd__xor2_2)
                  0.07    0.20    7.74 v _745_/X (sky130_fd_sc_hd__xor2_2)
     2    0.01                           _222_ (net)
                  0.07    0.00    7.74 v _748_/A (sky130_fd_sc_hd__xnor2_2)
                  0.07    0.17    7.91 v _748_/Y (sky130_fd_sc_hd__xnor2_2)
     3    0.01                           _225_ (net)
                  0.07    0.00    7.91 v _751_/A2 (sky130_fd_sc_hd__a211o_2)
                  0.06    0.37    8.28 v _751_/X (sky130_fd_sc_hd__a211o_2)
     3    0.01                           _228_ (net)
                  0.06    0.00    8.28 v _756_/A1 (sky130_fd_sc_hd__a31o_2)
                  0.04    0.21    8.49 v _756_/X (sky130_fd_sc_hd__a31o_2)
     1    0.00                           _233_ (net)
                  0.04    0.00    8.49 v _758_/A2 (sky130_fd_sc_hd__o21a_2)
                  0.07    0.24    8.73 v _758_/X (sky130_fd_sc_hd__o21a_2)
     3    0.02                           _235_ (net)
                  0.07    0.00    8.73 v _760_/A (sky130_fd_sc_hd__xor2_2)
                  0.07    0.20    8.93 v _760_/X (sky130_fd_sc_hd__xor2_2)
     3    0.01                           _237_ (net)
                  0.07    0.00    8.93 v _805_/A1 (sky130_fd_sc_hd__a21o_2)
                  0.06    0.23    9.16 v _805_/X (sky130_fd_sc_hd__a21o_2)
     2    0.01                           _286_ (net)
                  0.06    0.00    9.16 v _841_/A2 (sky130_fd_sc_hd__a21o_2)
                  0.06    0.25    9.41 v _841_/X (sky130_fd_sc_hd__a21o_2)
     2    0.01                           _325_ (net)
                  0.06    0.00    9.42 v _869_/A2 (sky130_fd_sc_hd__a21o_2)
                  0.05    0.25    9.66 v _869_/X (sky130_fd_sc_hd__a21o_2)
     3    0.01                           _354_ (net)
                  0.05    0.00    9.66 v _889_/A2 (sky130_fd_sc_hd__a21o_2)
                  0.06    0.25    9.92 v _889_/X (sky130_fd_sc_hd__a21o_2)
     2    0.01                           _375_ (net)
                  0.06    0.00    9.92 v _900_/A2 (sky130_fd_sc_hd__a21o_2)
                  0.05    0.24   10.16 v _900_/X (sky130_fd_sc_hd__a21o_2)
     3    0.01                           _386_ (net)
                  0.05    0.00   10.16 v _901_/B (sky130_fd_sc_hd__or2_2)
                  0.05    0.28   10.44 v _901_/X (sky130_fd_sc_hd__or2_2)
     1    0.00                           _388_ (net)
                  0.05    0.00   10.44 v _904_/A2 (sky130_fd_sc_hd__a31o_2)
                  0.13    0.35   10.78 v _904_/X (sky130_fd_sc_hd__a31o_2)
     1    0.05                           product[14] (net)
                  0.13    0.01   10.79 v product[14] (out)
                                 10.79   data arrival time

                  0.00   10.00   10.00   clock clk (rise edge)
                          0.00   10.00   clock network delay (ideal)
                         -0.25    9.75   clock uncertainty
                          0.00    9.75   clock reconvergence pessimism
                         -2.00    7.75   output external delay
                                  7.75   data required time
-----------------------------------------------------------------------------
                                  7.75   data required time
                                -10.79   data arrival time
-----------------------------------------------------------------------------
                                 -3.04   slack (VIOLATED)


Startpoint: multiplicand[3] (input port clocked by clk)
Endpoint: product[12] (output port clocked by clk)
Path Group: clk
Path Type: max

Fanout     Cap    Slew   Delay    Time   Description
-----------------------------------------------------------------------------
                  0.00    0.00    0.00   clock clk (rise edge)
                          0.00    0.00   clock network delay (ideal)
                          2.00    2.00 v input external delay
                  0.08    0.06    2.06 v multiplicand[3] (in)
     9    0.03                           multiplicand[3] (net)
                  0.08    0.00    2.06 v _468_/A (sky130_fd_sc_hd__or4_2)
                  0.10    0.69    2.75 v _468_/X (sky130_fd_sc_hd__or4_2)
     1    0.00                           _387_ (net)
                  0.10    0.00    2.75 v _469_/A (sky130_fd_sc_hd__buf_1)
                  0.15    0.22    2.97 v _469_/X (sky130_fd_sc_hd__buf_1)
     7    0.02                           _395_ (net)
                  0.15    0.00    2.97 v _470_/C (sky130_fd_sc_hd__or3_2)
                  0.12    0.53    3.50 v _470_/X (sky130_fd_sc_hd__or3_2)
     4    0.02                           _402_ (net)
                  0.12    0.00    3.50 v _485_/B (sky130_fd_sc_hd__xor2_2)
                  0.40    0.38    3.88 ^ _485_/X (sky130_fd_sc_hd__xor2_2)
    10    0.03                           _418_ (net)
                  0.40    0.00    3.88 ^ _486_/C (sky130_fd_sc_hd__and3_2)
                  0.06    0.27    4.15 ^ _486_/X (sky130_fd_sc_hd__and3_2)
     2    0.01                           _419_ (net)
                  0.06    0.00    4.15 ^ _489_/A_N (sky130_fd_sc_hd__and2b_2)
                  0.05    0.24    4.39 v _489_/X (sky130_fd_sc_hd__and2b_2)
     1    0.01                           _422_ (net)
                  0.05    0.00    4.39 v _490_/B (sky130_fd_sc_hd__xor2_2)
                  0.04    0.14    4.53 v _490_/X (sky130_fd_sc_hd__xor2_2)
     1    0.00                           _423_ (net)
                  0.04    0.00    4.53 v _492_/A2 (sky130_fd_sc_hd__a21o_2)
                  0.08    0.27    4.80 v _492_/X (sky130_fd_sc_hd__a21o_2)
     4    0.02                           _425_ (net)
                  0.08    0.00    4.80 v _498_/A (sky130_fd_sc_hd__xnor2_2)
                  0.25    0.28    5.08 ^ _498_/Y (sky130_fd_sc_hd__xnor2_2)
     3    0.02                           _431_ (net)
                  0.25    0.00    5.08 ^ _535_/A_N (sky130_fd_sc_hd__nand2b_2)
                  0.11    0.23    5.32 ^ _535_/Y (sky130_fd_sc_hd__nand2b_2)
     5    0.02                           _014_ (net)
                  0.11    0.00    5.32 ^ _553_/A2 (sky130_fd_sc_hd__a31o_2)
                  0.04    0.16    5.48 ^ _553_/X (sky130_fd_sc_hd__a31o_2)
     1    0.00                           _032_ (net)
                  0.04    0.00    5.48 ^ _554_/A2_N (sky130_fd_sc_hd__a2bb2o_2)
                  0.08    0.32    5.80 v _554_/X (sky130_fd_sc_hd__a2bb2o_2)
     4    0.02                           _033_ (net)
                  0.08    0.00    5.80 v _556_/A (sky130_fd_sc_hd__xnor2_2)
                  0.23    0.26    6.06 ^ _556_/Y (sky130_fd_sc_hd__xnor2_2)
     2    0.01                           _035_ (net)
                  0.23    0.00    6.06 ^ _589_/A (sky130_fd_sc_hd__xnor2_2)
                  0.08    0.13    6.19 v _589_/Y (sky130_fd_sc_hd__xnor2_2)
     3    0.01                           _068_ (net)
                  0.08    0.00    6.19 v _596_/A2 (sky130_fd_sc_hd__a211o_2)
                  0.06    0.38    6.57 v _596_/X (sky130_fd_sc_hd__a211o_2)
     3    0.01                           _075_ (net)
                  0.06    0.00    6.57 v _622_/A2 (sky130_fd_sc_hd__a31o_2)
                  0.04    0.24    6.81 v _622_/X (sky130_fd_sc_hd__a31o_2)
     1    0.00                           _101_ (net)
                  0.04    0.00    6.81 v _626_/A2 (sky130_fd_sc_hd__o21a_2)
                  0.09    0.26    7.07 v _626_/X (sky130_fd_sc_hd__o21a_2)
     5    0.03                           _105_ (net)
                  0.09    0.00    7.07 v _628_/A (sky130_fd_sc_hd__xnor2_2)
                  0.07    0.17    7.24 v _628_/Y (sky130_fd_sc_hd__xnor2_2)
     1    0.01                           _107_ (net)
                  0.07    0.00    7.24 v _641_/A (sky130_fd_sc_hd__xnor2_2)
                  0.07    0.17    7.41 v _641_/Y (sky130_fd_sc_hd__xnor2_2)
     3    0.01                           _120_ (net)
                  0.07    0.00    7.41 v _650_/A2 (sky130_fd_sc_hd__a211o_2)
                  0.05    0.36    7.77 v _650_/X (sky130_fd_sc_hd__a211o_2)
     2    0.00                           _129_ (net)
                  0.05    0.00    7.77 v _707_/A1 (sky130_fd_sc_hd__a21o_2)
                  0.05    0.22    7.99 v _707_/X (sky130_fd_sc_hd__a21o_2)
     3    0.01                           _185_ (net)
                  0.05    0.00    7.99 v _754_/A2 (sky130_fd_sc_hd__a21bo_2)
                  0.05    0.25    8.24 v _754_/X (sky130_fd_sc_hd__a21bo_2)
     3    0.01                           _231_ (net)
                  0.05    0.00    8.24 v _795_/A2 (sky130_fd_sc_hd__a21bo_2)
                  0.05    0.24    8.48 v _795_/X (sky130_fd_sc_hd__a21bo_2)
     3    0.01                           _275_ (net)
                  0.05    0.00    8.48 v _831_/A2 (sky130_fd_sc_hd__a21bo_2)
                  0.04    0.23    8.71 v _831_/X (sky130_fd_sc_hd__a21bo_2)
     2    0.01                           _314_ (net)
                  0.04    0.00    8.71 v _833_/C (sky130_fd_sc_hd__and3_2)
                  0.04    0.22    8.93 v _833_/X (sky130_fd_sc_hd__and3_2)
     2    0.00                           _316_ (net)
                  0.04    0.00    8.93 v _860_/B1 (sky130_fd_sc_hd__a21o_2)
                  0.07    0.23    9.17 v _860_/X (sky130_fd_sc_hd__a21o_2)
     3    0.02                           _344_ (net)
                  0.07    0.00    9.17 v _861_/B (sky130_fd_sc_hd__xnor2_2)
                  0.07    0.16    9.33 v _861_/Y (sky130_fd_sc_hd__xnor2_2)
     3    0.01                           _346_ (net)
                  0.07    0.00    9.33 v _867_/A2 (sky130_fd_sc_hd__a211o_2)
                  0.05    0.36    9.68 v _867_/X (sky130_fd_sc_hd__a211o_2)
     2    0.00                           _352_ (net)
                  0.05    0.00    9.68 v _868_/B (sky130_fd_sc_hd__and2b_2)
                  0.05    0.21    9.90 v _868_/X (sky130_fd_sc_hd__and2b_2)
     2    0.01                           _353_ (net)
                  0.05    0.00    9.90 v _871_/A1 (sky130_fd_sc_hd__o21a_2)
                  0.03    0.21   10.10 v _871_/X (sky130_fd_sc_hd__o21a_2)
     1    0.00                           _357_ (net)
                  0.03    0.00   10.10 v _872_/B2 (sky130_fd_sc_hd__a2bb2o_2)
                  0.12    0.33   10.43 v _872_/X (sky130_fd_sc_hd__a2bb2o_2)
     1    0.04                           product[12] (net)
                  0.12    0.00   10.43 v product[12] (out)
                                 10.43   data arrival time

                  0.00   10.00   10.00   clock clk (rise edge)
                          0.00   10.00   clock network delay (ideal)
                         -0.25    9.75   clock uncertainty
                          0.00    9.75   clock reconvergence pessimism
                         -2.00    7.75   output external delay
                                  7.75   data required time
-----------------------------------------------------------------------------
                                  7.75   data required time
                                -10.43   data arrival time
-----------------------------------------------------------------------------
                                 -2.68   slack (VIOLATED)


Startpoint: multiplicand[3] (input port clocked by clk)
Endpoint: product[11] (output port clocked by clk)
Path Group: clk
Path Type: max

Fanout     Cap    Slew   Delay    Time   Description
-----------------------------------------------------------------------------
                  0.00    0.00    0.00   clock clk (rise edge)
                          0.00    0.00   clock network delay (ideal)
                          2.00    2.00 v input external delay
                  0.08    0.06    2.06 v multiplicand[3] (in)
     9    0.03                           multiplicand[3] (net)
                  0.08    0.00    2.06 v _468_/A (sky130_fd_sc_hd__or4_2)
                  0.10    0.69    2.75 v _468_/X (sky130_fd_sc_hd__or4_2)
     1    0.00                           _387_ (net)
                  0.10    0.00    2.75 v _469_/A (sky130_fd_sc_hd__buf_1)
                  0.15    0.22    2.97 v _469_/X (sky130_fd_sc_hd__buf_1)
     7    0.02                           _395_ (net)
                  0.15    0.00    2.97 v _470_/C (sky130_fd_sc_hd__or3_2)
                  0.12    0.53    3.50 v _470_/X (sky130_fd_sc_hd__or3_2)
     4    0.02                           _402_ (net)
                  0.12    0.00    3.50 v _485_/B (sky130_fd_sc_hd__xor2_2)
                  0.40    0.38    3.88 ^ _485_/X (sky130_fd_sc_hd__xor2_2)
    10    0.03                           _418_ (net)
                  0.40    0.00    3.88 ^ _486_/C (sky130_fd_sc_hd__and3_2)
                  0.06    0.27    4.15 ^ _486_/X (sky130_fd_sc_hd__and3_2)
     2    0.01                           _419_ (net)
                  0.06    0.00    4.15 ^ _489_/A_N (sky130_fd_sc_hd__and2b_2)
                  0.05    0.24    4.39 v _489_/X (sky130_fd_sc_hd__and2b_2)
     1    0.01                           _422_ (net)
                  0.05    0.00    4.39 v _490_/B (sky130_fd_sc_hd__xor2_2)
                  0.04    0.14    4.53 v _490_/X (sky130_fd_sc_hd__xor2_2)
     1    0.00                           _423_ (net)
                  0.04    0.00    4.53 v _492_/A2 (sky130_fd_sc_hd__a21o_2)
                  0.08    0.27    4.80 v _492_/X (sky130_fd_sc_hd__a21o_2)
     4    0.02                           _425_ (net)
                  0.08    0.00    4.80 v _498_/A (sky130_fd_sc_hd__xnor2_2)
                  0.25    0.28    5.08 ^ _498_/Y (sky130_fd_sc_hd__xnor2_2)
     3    0.02                           _431_ (net)
                  0.25    0.00    5.08 ^ _535_/A_N (sky130_fd_sc_hd__nand2b_2)
                  0.11    0.23    5.32 ^ _535_/Y (sky130_fd_sc_hd__nand2b_2)
     5    0.02                           _014_ (net)
                  0.11    0.00    5.32 ^ _553_/A2 (sky130_fd_sc_hd__a31o_2)
                  0.04    0.16    5.48 ^ _553_/X (sky130_fd_sc_hd__a31o_2)
     1    0.00                           _032_ (net)
                  0.04    0.00    5.48 ^ _554_/A2_N (sky130_fd_sc_hd__a2bb2o_2)
                  0.08    0.32    5.80 v _554_/X (sky130_fd_sc_hd__a2bb2o_2)
     4    0.02                           _033_ (net)
                  0.08    0.00    5.80 v _556_/A (sky130_fd_sc_hd__xnor2_2)
                  0.23    0.26    6.06 ^ _556_/Y (sky130_fd_sc_hd__xnor2_2)
     2    0.01                           _035_ (net)
                  0.23    0.00    6.06 ^ _589_/A (sky130_fd_sc_hd__xnor2_2)
                  0.08    0.13    6.19 v _589_/Y (sky130_fd_sc_hd__xnor2_2)
     3    0.01                           _068_ (net)
                  0.08    0.00    6.19 v _596_/A2 (sky130_fd_sc_hd__a211o_2)
                  0.06    0.38    6.57 v _596_/X (sky130_fd_sc_hd__a211o_2)
     3    0.01                           _075_ (net)
                  0.06    0.00    6.57 v _622_/A2 (sky130_fd_sc_hd__a31o_2)
                  0.04    0.24    6.81 v _622_/X (sky130_fd_sc_hd__a31o_2)
     1    0.00                           _101_ (net)
                  0.04    0.00    6.81 v _626_/A2 (sky130_fd_sc_hd__o21a_2)
                  0.09    0.26    7.07 v _626_/X (sky130_fd_sc_hd__o21a_2)
     5    0.03                           _105_ (net)
                  0.09    0.00    7.07 v _628_/A (sky130_fd_sc_hd__xnor2_2)
                  0.07    0.17    7.24 v _628_/Y (sky130_fd_sc_hd__xnor2_2)
     1    0.01                           _107_ (net)
                  0.07    0.00    7.24 v _641_/A (sky130_fd_sc_hd__xnor2_2)
                  0.07    0.17    7.41 v _641_/Y (sky130_fd_sc_hd__xnor2_2)
     3    0.01                           _120_ (net)
                  0.07    0.00    7.41 v _650_/A2 (sky130_fd_sc_hd__a211o_2)
                  0.05    0.36    7.77 v _650_/X (sky130_fd_sc_hd__a211o_2)
     2    0.00                           _129_ (net)
                  0.05    0.00    7.77 v _707_/A1 (sky130_fd_sc_hd__a21o_2)
                  0.05    0.22    7.99 v _707_/X (sky130_fd_sc_hd__a21o_2)
     3    0.01                           _185_ (net)
                  0.05    0.00    7.99 v _754_/A2 (sky130_fd_sc_hd__a21bo_2)
                  0.05    0.25    8.24 v _754_/X (sky130_fd_sc_hd__a21bo_2)
     3    0.01                           _231_ (net)
                  0.05    0.00    8.24 v _795_/A2 (sky130_fd_sc_hd__a21bo_2)
                  0.05    0.24    8.48 v _795_/X (sky130_fd_sc_hd__a21bo_2)
     3    0.01                           _275_ (net)
                  0.05    0.00    8.48 v _831_/A2 (sky130_fd_sc_hd__a21bo_2)
                  0.04    0.23    8.71 v _831_/X (sky130_fd_sc_hd__a21bo_2)
     2    0.01                           _314_ (net)
                  0.04    0.00    8.71 v _833_/C (sky130_fd_sc_hd__and3_2)
                  0.04    0.22    8.93 v _833_/X (sky130_fd_sc_hd__and3_2)
     2    0.00                           _316_ (net)
                  0.04    0.00    8.93 v _836_/A3 (sky130_fd_sc_hd__o31a_2)
                  0.08    0.34    9.27 v _836_/X (sky130_fd_sc_hd__o31a_2)
     3    0.01                           _319_ (net)
                  0.08    0.00    9.27 v _839_/A (sky130_fd_sc_hd__nand2_2)
                  0.04    0.07    9.34 ^ _839_/Y (sky130_fd_sc_hd__nand2_2)
     2    0.00                           _322_ (net)
                  0.04    0.00    9.34 ^ _840_/B_N (sky130_fd_sc_hd__or2b_2)
                  0.07    0.33    9.67 v _840_/X (sky130_fd_sc_hd__or2b_2)
     1    0.01                           _323_ (net)
                  0.07    0.00    9.67 v _842_/A (sky130_fd_sc_hd__xnor2_2)
                  0.04    0.14    9.80 v _842_/Y (sky130_fd_sc_hd__xnor2_2)
     1    0.00                           _326_ (net)
                  0.04    0.00    9.80 v _844_/A2 (sky130_fd_sc_hd__a21o_2)
                  0.12    0.32   10.12 v _844_/X (sky130_fd_sc_hd__a21o_2)
     1    0.04                           product[11] (net)
                  0.12    0.01   10.13 v product[11] (out)
                                 10.13   data arrival time

                  0.00   10.00   10.00   clock clk (rise edge)
                          0.00   10.00   clock network delay (ideal)
                         -0.25    9.75   clock uncertainty
                          0.00    9.75   clock reconvergence pessimism
                         -2.00    7.75   output external delay
                                  7.75   data required time
-----------------------------------------------------------------------------
                                  7.75   data required time
                                -10.13   data arrival time
-----------------------------------------------------------------------------
                                 -2.38   slack (VIOLATED)


Startpoint: multiplicand[3] (input port clocked by clk)
Endpoint: product[10] (output port clocked by clk)
Path Group: clk
Path Type: max

Fanout     Cap    Slew   Delay    Time   Description
-----------------------------------------------------------------------------
                  0.00    0.00    0.00   clock clk (rise edge)
                          0.00    0.00   clock network delay (ideal)
                          2.00    2.00 v input external delay
                  0.08    0.06    2.06 v multiplicand[3] (in)
     9    0.03                           multiplicand[3] (net)
                  0.08    0.00    2.06 v _468_/A (sky130_fd_sc_hd__or4_2)
                  0.10    0.69    2.75 v _468_/X (sky130_fd_sc_hd__or4_2)
     1    0.00                           _387_ (net)
                  0.10    0.00    2.75 v _469_/A (sky130_fd_sc_hd__buf_1)
                  0.15    0.22    2.97 v _469_/X (sky130_fd_sc_hd__buf_1)
     7    0.02                           _395_ (net)
                  0.15    0.00    2.97 v _537_/D (sky130_fd_sc_hd__or4_2)
                  0.12    0.63    3.59 v _537_/X (sky130_fd_sc_hd__or4_2)
     3    0.01                           _016_ (net)
                  0.12    0.00    3.59 v _538_/B (sky130_fd_sc_hd__and2_2)
                  0.07    0.28    3.87 v _538_/X (sky130_fd_sc_hd__and2_2)
     7    0.02                           _017_ (net)
                  0.07    0.00    3.87 v _540_/A (sky130_fd_sc_hd__or2_2)
                  0.10    0.38    4.25 v _540_/X (sky130_fd_sc_hd__or2_2)
     7    0.02                           _019_ (net)
                  0.10    0.00    4.25 v _541_/B (sky130_fd_sc_hd__nand2_2)
                  0.09    0.12    4.37 ^ _541_/Y (sky130_fd_sc_hd__nand2_2)
     2    0.01                           _020_ (net)
                  0.09    0.00    4.37 ^ _544_/A (sky130_fd_sc_hd__xnor2_2)
                  0.06    0.09    4.47 v _544_/Y (sky130_fd_sc_hd__xnor2_2)
     1    0.01                           _023_ (net)
                  0.06    0.00    4.47 v _545_/B (sky130_fd_sc_hd__xnor2_2)
                  0.04    0.13    4.60 v _545_/Y (sky130_fd_sc_hd__xnor2_2)
     1    0.00                           _024_ (net)
                  0.04    0.00    4.60 v _546_/A1 (sky130_fd_sc_hd__mux2_2)
                  0.08    0.32    4.92 v _546_/X (sky130_fd_sc_hd__mux2_2)
     4    0.02                           _025_ (net)
                  0.08    0.00    4.92 v _675_/A (sky130_fd_sc_hd__or2_2)
                  0.06    0.33    5.25 v _675_/X (sky130_fd_sc_hd__or2_2)
     2    0.00                           _153_ (net)
                  0.06    0.00    5.25 v _679_/A3 (sky130_fd_sc_hd__a311o_2)
                  0.06    0.42    5.66 v _679_/X (sky130_fd_sc_hd__a311o_2)
     2    0.01                           _157_ (net)
                  0.06    0.00    5.66 v _722_/B1 (sky130_fd_sc_hd__o21ai_2)
                  0.15    0.09    5.75 ^ _722_/Y (sky130_fd_sc_hd__o21ai_2)
     1    0.01                           _199_ (net)
                  0.15    0.00    5.75 ^ _725_/A (sky130_fd_sc_hd__xnor2_2)
                  0.11    0.13    5.88 ^ _725_/Y (sky130_fd_sc_hd__xnor2_2)
     1    0.00                           _202_ (net)
                  0.11    0.00    5.88 ^ _726_/S (sky130_fd_sc_hd__mux2_2)
                  0.08    0.41    6.29 v _726_/X (sky130_fd_sc_hd__mux2_2)
     4    0.02                           _203_ (net)
                  0.08    0.00    6.29 v _728_/A (sky130_fd_sc_hd__xnor2_2)
                  0.23    0.26    6.55 ^ _728_/Y (sky130_fd_sc_hd__xnor2_2)
     2    0.01                           _205_ (net)
                  0.23    0.00    6.55 ^ _731_/A (sky130_fd_sc_hd__xnor2_2)
                  0.08    0.13    6.68 v _731_/Y (sky130_fd_sc_hd__xnor2_2)
     3    0.01                           _208_ (net)
                  0.08    0.00    6.68 v _736_/A2 (sky130_fd_sc_hd__a211o_2)
                  0.06    0.38    7.06 v _736_/X (sky130_fd_sc_hd__a211o_2)
     3    0.01                           _213_ (net)
                  0.06    0.00    7.06 v _741_/A2 (sky130_fd_sc_hd__a31o_2)
                  0.04    0.24    7.30 v _741_/X (sky130_fd_sc_hd__a31o_2)
     1    0.00                           _218_ (net)
                  0.04    0.00    7.30 v _743_/A2 (sky130_fd_sc_hd__o21a_2)
                  0.07    0.24    7.54 v _743_/X (sky130_fd_sc_hd__o21a_2)
     4    0.02                           _220_ (net)
                  0.07    0.00    7.54 v _745_/A (sky130_fd_sc_hd__xor2_2)
                  0.07    0.20    7.74 v _745_/X (sky130_fd_sc_hd__xor2_2)
     2    0.01                           _222_ (net)
                  0.07    0.00    7.74 v _766_/A1 (sky130_fd_sc_hd__a21o_2)
                  0.06    0.24    7.98 v _766_/X (sky130_fd_sc_hd__a21o_2)
     2    0.01                           _243_ (net)
                  0.06    0.00    7.98 v _789_/A (sky130_fd_sc_hd__xnor2_2)
                  0.07    0.16    8.14 v _789_/Y (sky130_fd_sc_hd__xnor2_2)
     3    0.01                           _268_ (net)
                  0.07    0.00    8.14 v _792_/A2 (sky130_fd_sc_hd__a211o_2)
                  0.06    0.37    8.51 v _792_/X (sky130_fd_sc_hd__a211o_2)
     3    0.01                           _272_ (net)
                  0.06    0.00    8.51 v _796_/A (sky130_fd_sc_hd__and3_2)
                  0.04    0.18    8.69 v _796_/X (sky130_fd_sc_hd__and3_2)
     1    0.00                           _276_ (net)
                  0.04    0.00    8.69 v _799_/A2 (sky130_fd_sc_hd__o31a_2)
                  0.08    0.37    9.07 v _799_/X (sky130_fd_sc_hd__o31a_2)
     3    0.01                           _279_ (net)
                  0.08    0.00    9.07 v _802_/A (sky130_fd_sc_hd__nand2_2)
                  0.05    0.07    9.13 ^ _802_/Y (sky130_fd_sc_hd__nand2_2)
     2    0.00                           _283_ (net)
                  0.05    0.00    9.13 ^ _803_/B_N (sky130_fd_sc_hd__or2b_2)
                  0.07    0.33    9.46 v _803_/X (sky130_fd_sc_hd__or2b_2)
     1    0.01                           _284_ (net)
                  0.07    0.00    9.46 v _806_/A (sky130_fd_sc_hd__xnor2_2)
                  0.04    0.14    9.60 v _806_/Y (sky130_fd_sc_hd__xnor2_2)
     1    0.00                           _287_ (net)
                  0.04    0.00    9.60 v _808_/A2 (sky130_fd_sc_hd__a21o_2)
                  0.11    0.31    9.91 v _808_/X (sky130_fd_sc_hd__a21o_2)
     1    0.04                           product[10] (net)
                  0.11    0.00    9.91 v product[10] (out)
                                  9.91   data arrival time

                  0.00   10.00   10.00   clock clk (rise edge)
                          0.00   10.00   clock network delay (ideal)
                         -0.25    9.75   clock uncertainty
                          0.00    9.75   clock reconvergence pessimism
                         -2.00    7.75   output external delay
                                  7.75   data required time
-----------------------------------------------------------------------------
                                  7.75   data required time
                                 -9.91   data arrival time
-----------------------------------------------------------------------------
                                 -2.16   slack (VIOLATED)


Startpoint: multiplicand[3] (input port clocked by clk)
Endpoint: product[9] (output port clocked by clk)
Path Group: clk
Path Type: max

Fanout     Cap    Slew   Delay    Time   Description
-----------------------------------------------------------------------------
                  0.00    0.00    0.00   clock clk (rise edge)
                          0.00    0.00   clock network delay (ideal)
                          2.00    2.00 v input external delay
                  0.08    0.06    2.06 v multiplicand[3] (in)
     9    0.03                           multiplicand[3] (net)
                  0.08    0.00    2.06 v _468_/A (sky130_fd_sc_hd__or4_2)
                  0.10    0.69    2.75 v _468_/X (sky130_fd_sc_hd__or4_2)
     1    0.00                           _387_ (net)
                  0.10    0.00    2.75 v _469_/A (sky130_fd_sc_hd__buf_1)
                  0.15    0.22    2.97 v _469_/X (sky130_fd_sc_hd__buf_1)
     7    0.02                           _395_ (net)
                  0.15    0.00    2.97 v _537_/D (sky130_fd_sc_hd__or4_2)
                  0.12    0.63    3.59 v _537_/X (sky130_fd_sc_hd__or4_2)
     3    0.01                           _016_ (net)
                  0.12    0.00    3.59 v _538_/B (sky130_fd_sc_hd__and2_2)
                  0.07    0.28    3.87 v _538_/X (sky130_fd_sc_hd__and2_2)
     7    0.02                           _017_ (net)
                  0.07    0.00    3.87 v _540_/A (sky130_fd_sc_hd__or2_2)
                  0.10    0.38    4.25 v _540_/X (sky130_fd_sc_hd__or2_2)
     7    0.02                           _019_ (net)
                  0.10    0.00    4.25 v _541_/B (sky130_fd_sc_hd__nand2_2)
                  0.09    0.12    4.37 ^ _541_/Y (sky130_fd_sc_hd__nand2_2)
     2    0.01                           _020_ (net)
                  0.09    0.00    4.37 ^ _544_/A (sky130_fd_sc_hd__xnor2_2)
                  0.06    0.09    4.47 v _544_/Y (sky130_fd_sc_hd__xnor2_2)
     1    0.01                           _023_ (net)
                  0.06    0.00    4.47 v _545_/B (sky130_fd_sc_hd__xnor2_2)
                  0.04    0.13    4.60 v _545_/Y (sky130_fd_sc_hd__xnor2_2)
     1    0.00                           _024_ (net)
                  0.04    0.00    4.60 v _546_/A1 (sky130_fd_sc_hd__mux2_2)
                  0.08    0.32    4.92 v _546_/X (sky130_fd_sc_hd__mux2_2)
     4    0.02                           _025_ (net)
                  0.08    0.00    4.92 v _675_/A (sky130_fd_sc_hd__or2_2)
                  0.06    0.33    5.25 v _675_/X (sky130_fd_sc_hd__or2_2)
     2    0.00                           _153_ (net)
                  0.06    0.00    5.25 v _679_/A3 (sky130_fd_sc_hd__a311o_2)
                  0.06    0.42    5.66 v _679_/X (sky130_fd_sc_hd__a311o_2)
     2    0.01                           _157_ (net)
                  0.06    0.00    5.66 v _722_/B1 (sky130_fd_sc_hd__o21ai_2)
                  0.15    0.09    5.75 ^ _722_/Y (sky130_fd_sc_hd__o21ai_2)
     1    0.01                           _199_ (net)
                  0.15    0.00    5.75 ^ _725_/A (sky130_fd_sc_hd__xnor2_2)
                  0.11    0.13    5.88 ^ _725_/Y (sky130_fd_sc_hd__xnor2_2)
     1    0.00                           _202_ (net)
                  0.11    0.00    5.88 ^ _726_/S (sky130_fd_sc_hd__mux2_2)
                  0.08    0.41    6.29 v _726_/X (sky130_fd_sc_hd__mux2_2)
     4    0.02                           _203_ (net)
                  0.08    0.00    6.29 v _728_/A (sky130_fd_sc_hd__xnor2_2)
                  0.23    0.26    6.55 ^ _728_/Y (sky130_fd_sc_hd__xnor2_2)
     2    0.01                           _205_ (net)
                  0.23    0.00    6.55 ^ _731_/A (sky130_fd_sc_hd__xnor2_2)
                  0.08    0.13    6.68 v _731_/Y (sky130_fd_sc_hd__xnor2_2)
     3    0.01                           _208_ (net)
                  0.08    0.00    6.68 v _736_/A2 (sky130_fd_sc_hd__a211o_2)
                  0.06    0.38    7.06 v _736_/X (sky130_fd_sc_hd__a211o_2)
     3    0.01                           _213_ (net)
                  0.06    0.00    7.06 v _741_/A2 (sky130_fd_sc_hd__a31o_2)
                  0.04    0.24    7.30 v _741_/X (sky130_fd_sc_hd__a31o_2)
     1    0.00                           _218_ (net)
                  0.04    0.00    7.30 v _743_/A2 (sky130_fd_sc_hd__o21a_2)
                  0.07    0.24    7.54 v _743_/X (sky130_fd_sc_hd__o21a_2)
     4    0.02                           _220_ (net)
                  0.07    0.00    7.54 v _745_/A (sky130_fd_sc_hd__xor2_2)
                  0.07    0.20    7.74 v _745_/X (sky130_fd_sc_hd__xor2_2)
     2    0.01                           _222_ (net)
                  0.07    0.00    7.74 v _748_/A (sky130_fd_sc_hd__xnor2_2)
                  0.07    0.17    7.91 v _748_/Y (sky130_fd_sc_hd__xnor2_2)
     3    0.01                           _225_ (net)
                  0.07    0.00    7.91 v _751_/A2 (sky130_fd_sc_hd__a211o_2)
                  0.06    0.37    8.28 v _751_/X (sky130_fd_sc_hd__a211o_2)
     3    0.01                           _228_ (net)
                  0.06    0.00    8.28 v _756_/A1 (sky130_fd_sc_hd__a31o_2)
                  0.04    0.21    8.49 v _756_/X (sky130_fd_sc_hd__a31o_2)
     1    0.00                           _233_ (net)
                  0.04    0.00    8.49 v _758_/A2 (sky130_fd_sc_hd__o21a_2)
                  0.07    0.24    8.73 v _758_/X (sky130_fd_sc_hd__o21a_2)
     3    0.02                           _235_ (net)
                  0.07    0.00    8.73 v _760_/A (sky130_fd_sc_hd__xor2_2)
                  0.07    0.20    8.93 v _760_/X (sky130_fd_sc_hd__xor2_2)
     3    0.01                           _237_ (net)
                  0.07    0.00    8.93 v _763_/A1 (sky130_fd_sc_hd__a21bo_2)
                  0.04    0.21    9.14 v _763_/X (sky130_fd_sc_hd__a21bo_2)
     1    0.00                           _241_ (net)
                  0.04    0.00    9.14 v _764_/B2 (sky130_fd_sc_hd__o22ai_2)
                  0.52    0.40    9.54 ^ _764_/Y (sky130_fd_sc_hd__o22ai_2)
     1    0.04                           product[9] (net)
                  0.52    0.00    9.55 ^ product[9] (out)
                                  9.55   data arrival time

                  0.00   10.00   10.00   clock clk (rise edge)
                          0.00   10.00   clock network delay (ideal)
                         -0.25    9.75   clock uncertainty
                          0.00    9.75   clock reconvergence pessimism
                         -2.00    7.75   output external delay
                                  7.75   data required time
-----------------------------------------------------------------------------
                                  7.75   data required time
                                 -9.55   data arrival time
-----------------------------------------------------------------------------
                                 -1.80   slack (VIOLATED)


Startpoint: multiplicand[3] (input port clocked by clk)
Endpoint: product[8] (output port clocked by clk)
Path Group: clk
Path Type: max

Fanout     Cap    Slew   Delay    Time   Description
-----------------------------------------------------------------------------
                  0.00    0.00    0.00   clock clk (rise edge)
                          0.00    0.00   clock network delay (ideal)
                          2.00    2.00 v input external delay
                  0.08    0.06    2.06 v multiplicand[3] (in)
     9    0.03                           multiplicand[3] (net)
                  0.08    0.00    2.06 v _468_/A (sky130_fd_sc_hd__or4_2)
                  0.10    0.69    2.75 v _468_/X (sky130_fd_sc_hd__or4_2)
     1    0.00                           _387_ (net)
                  0.10    0.00    2.75 v _469_/A (sky130_fd_sc_hd__buf_1)
                  0.15    0.22    2.97 v _469_/X (sky130_fd_sc_hd__buf_1)
     7    0.02                           _395_ (net)
                  0.15    0.00    2.97 v _470_/C (sky130_fd_sc_hd__or3_2)
                  0.12    0.53    3.50 v _470_/X (sky130_fd_sc_hd__or3_2)
     4    0.02                           _402_ (net)
                  0.12    0.00    3.50 v _485_/B (sky130_fd_sc_hd__xor2_2)
                  0.40    0.38    3.88 ^ _485_/X (sky130_fd_sc_hd__xor2_2)
    10    0.03                           _418_ (net)
                  0.40    0.00    3.88 ^ _486_/C (sky130_fd_sc_hd__and3_2)
                  0.06    0.27    4.15 ^ _486_/X (sky130_fd_sc_hd__and3_2)
     2    0.01                           _419_ (net)
                  0.06    0.00    4.15 ^ _489_/A_N (sky130_fd_sc_hd__and2b_2)
                  0.05    0.24    4.39 v _489_/X (sky130_fd_sc_hd__and2b_2)
     1    0.01                           _422_ (net)
                  0.05    0.00    4.39 v _490_/B (sky130_fd_sc_hd__xor2_2)
                  0.04    0.14    4.53 v _490_/X (sky130_fd_sc_hd__xor2_2)
     1    0.00                           _423_ (net)
                  0.04    0.00    4.53 v _492_/A2 (sky130_fd_sc_hd__a21o_2)
                  0.08    0.27    4.80 v _492_/X (sky130_fd_sc_hd__a21o_2)
     4    0.02                           _425_ (net)
                  0.08    0.00    4.80 v _498_/A (sky130_fd_sc_hd__xnor2_2)
                  0.25    0.28    5.08 ^ _498_/Y (sky130_fd_sc_hd__xnor2_2)
     3    0.02                           _431_ (net)
                  0.25    0.00    5.08 ^ _535_/A_N (sky130_fd_sc_hd__nand2b_2)
                  0.11    0.23    5.32 ^ _535_/Y (sky130_fd_sc_hd__nand2b_2)
     5    0.02                           _014_ (net)
                  0.11    0.00    5.32 ^ _553_/A2 (sky130_fd_sc_hd__a31o_2)
                  0.04    0.16    5.48 ^ _553_/X (sky130_fd_sc_hd__a31o_2)
     1    0.00                           _032_ (net)
                  0.04    0.00    5.48 ^ _554_/A2_N (sky130_fd_sc_hd__a2bb2o_2)
                  0.08    0.32    5.80 v _554_/X (sky130_fd_sc_hd__a2bb2o_2)
     4    0.02                           _033_ (net)
                  0.08    0.00    5.80 v _556_/A (sky130_fd_sc_hd__xnor2_2)
                  0.23    0.26    6.06 ^ _556_/Y (sky130_fd_sc_hd__xnor2_2)
     2    0.01                           _035_ (net)
                  0.23    0.00    6.06 ^ _589_/A (sky130_fd_sc_hd__xnor2_2)
                  0.08    0.13    6.19 v _589_/Y (sky130_fd_sc_hd__xnor2_2)
     3    0.01                           _068_ (net)
                  0.08    0.00    6.19 v _596_/A2 (sky130_fd_sc_hd__a211o_2)
                  0.06    0.38    6.57 v _596_/X (sky130_fd_sc_hd__a211o_2)
     3    0.01                           _075_ (net)
                  0.06    0.00    6.57 v _622_/A2 (sky130_fd_sc_hd__a31o_2)
                  0.04    0.24    6.81 v _622_/X (sky130_fd_sc_hd__a31o_2)
     1    0.00                           _101_ (net)
                  0.04    0.00    6.81 v _626_/A2 (sky130_fd_sc_hd__o21a_2)
                  0.09    0.26    7.07 v _626_/X (sky130_fd_sc_hd__o21a_2)
     5    0.03                           _105_ (net)
                  0.09    0.00    7.07 v _628_/A (sky130_fd_sc_hd__xnor2_2)
                  0.07    0.17    7.24 v _628_/Y (sky130_fd_sc_hd__xnor2_2)
     1    0.01                           _107_ (net)
                  0.07    0.00    7.24 v _641_/A (sky130_fd_sc_hd__xnor2_2)
                  0.07    0.17    7.41 v _641_/Y (sky130_fd_sc_hd__xnor2_2)
     3    0.01                           _120_ (net)
                  0.07    0.00    7.41 v _650_/A2 (sky130_fd_sc_hd__a211o_2)
                  0.05    0.36    7.77 v _650_/X (sky130_fd_sc_hd__a211o_2)
     2    0.00                           _129_ (net)
                  0.05    0.00    7.77 v _707_/A1 (sky130_fd_sc_hd__a21o_2)
                  0.05    0.22    7.99 v _707_/X (sky130_fd_sc_hd__a21o_2)
     3    0.01                           _185_ (net)
                  0.05    0.00    7.99 v _709_/A3 (sky130_fd_sc_hd__a31o_2)
                  0.04    0.25    8.24 v _709_/X (sky130_fd_sc_hd__a31o_2)
     1    0.00                           _187_ (net)
                  0.04    0.00    8.24 v _710_/B2 (sky130_fd_sc_hd__o22a_2)
                  0.06    0.21    8.45 v _710_/X (sky130_fd_sc_hd__o22a_2)
     3    0.01                           _188_ (net)
                  0.06    0.00    8.45 v _712_/A (sky130_fd_sc_hd__or2_2)
                  0.07    0.32    8.78 v _712_/X (sky130_fd_sc_hd__or2_2)
     2    0.01                           _190_ (net)
                  0.07    0.00    8.78 v _714_/A (sky130_fd_sc_hd__nand2_2)
                  0.07    0.08    8.86 ^ _714_/Y (sky130_fd_sc_hd__nand2_2)
     1    0.01                           _192_ (net)
                  0.07    0.00    8.86 ^ _716_/A (sky130_fd_sc_hd__xnor2_2)
                  0.11    0.11    8.97 ^ _716_/Y (sky130_fd_sc_hd__xnor2_2)
     1    0.00                           _194_ (net)
                  0.11    0.00    8.97 ^ _718_/A2 (sky130_fd_sc_hd__a21o_2)
                  0.19    0.26    9.23 ^ _718_/X (sky130_fd_sc_hd__a21o_2)
     1    0.04                           product[8] (net)
                  0.19    0.00    9.23 ^ product[8] (out)
                                  9.23   data arrival time

                  0.00   10.00   10.00   clock clk (rise edge)
                          0.00   10.00   clock network delay (ideal)
                         -0.25    9.75   clock uncertainty
                          0.00    9.75   clock reconvergence pessimism
                         -2.00    7.75   output external delay
                                  7.75   data required time
-----------------------------------------------------------------------------
                                  7.75   data required time
                                 -9.23   data arrival time
-----------------------------------------------------------------------------
                                 -1.48   slack (VIOLATED)


Startpoint: multiplicand[3] (input port clocked by clk)
Endpoint: product[7] (output port clocked by clk)
Path Group: clk
Path Type: max

Fanout     Cap    Slew   Delay    Time   Description
-----------------------------------------------------------------------------
                  0.00    0.00    0.00   clock clk (rise edge)
                          0.00    0.00   clock network delay (ideal)
                          2.00    2.00 v input external delay
                  0.08    0.06    2.06 v multiplicand[3] (in)
     9    0.03                           multiplicand[3] (net)
                  0.08    0.00    2.06 v _468_/A (sky130_fd_sc_hd__or4_2)
                  0.10    0.69    2.75 v _468_/X (sky130_fd_sc_hd__or4_2)
     1    0.00                           _387_ (net)
                  0.10    0.00    2.75 v _469_/A (sky130_fd_sc_hd__buf_1)
                  0.15    0.22    2.97 v _469_/X (sky130_fd_sc_hd__buf_1)
     7    0.02                           _395_ (net)
                  0.15    0.00    2.97 v _470_/C (sky130_fd_sc_hd__or3_2)
                  0.12    0.53    3.50 v _470_/X (sky130_fd_sc_hd__or3_2)
     4    0.02                           _402_ (net)
                  0.12    0.00    3.50 v _485_/B (sky130_fd_sc_hd__xor2_2)
                  0.40    0.38    3.88 ^ _485_/X (sky130_fd_sc_hd__xor2_2)
    10    0.03                           _418_ (net)
                  0.40    0.00    3.88 ^ _486_/C (sky130_fd_sc_hd__and3_2)
                  0.06    0.27    4.15 ^ _486_/X (sky130_fd_sc_hd__and3_2)
     2    0.01                           _419_ (net)
                  0.06    0.00    4.15 ^ _489_/A_N (sky130_fd_sc_hd__and2b_2)
                  0.05    0.24    4.39 v _489_/X (sky130_fd_sc_hd__and2b_2)
     1    0.01                           _422_ (net)
                  0.05    0.00    4.39 v _490_/B (sky130_fd_sc_hd__xor2_2)
                  0.04    0.14    4.53 v _490_/X (sky130_fd_sc_hd__xor2_2)
     1    0.00                           _423_ (net)
                  0.04    0.00    4.53 v _492_/A2 (sky130_fd_sc_hd__a21o_2)
                  0.08    0.27    4.80 v _492_/X (sky130_fd_sc_hd__a21o_2)
     4    0.02                           _425_ (net)
                  0.08    0.00    4.80 v _498_/A (sky130_fd_sc_hd__xnor2_2)
                  0.25    0.28    5.08 ^ _498_/Y (sky130_fd_sc_hd__xnor2_2)
     3    0.02                           _431_ (net)
                  0.25    0.00    5.08 ^ _535_/A_N (sky130_fd_sc_hd__nand2b_2)
                  0.11    0.23    5.32 ^ _535_/Y (sky130_fd_sc_hd__nand2b_2)
     5    0.02                           _014_ (net)
                  0.11    0.00    5.32 ^ _553_/A2 (sky130_fd_sc_hd__a31o_2)
                  0.04    0.16    5.48 ^ _553_/X (sky130_fd_sc_hd__a31o_2)
     1    0.00                           _032_ (net)
                  0.04    0.00    5.48 ^ _554_/A2_N (sky130_fd_sc_hd__a2bb2o_2)
                  0.08    0.32    5.80 v _554_/X (sky130_fd_sc_hd__a2bb2o_2)
     4    0.02                           _033_ (net)
                  0.08    0.00    5.80 v _556_/A (sky130_fd_sc_hd__xnor2_2)
                  0.23    0.26    6.06 ^ _556_/Y (sky130_fd_sc_hd__xnor2_2)
     2    0.01                           _035_ (net)
                  0.23    0.00    6.06 ^ _589_/A (sky130_fd_sc_hd__xnor2_2)
                  0.08    0.13    6.19 v _589_/Y (sky130_fd_sc_hd__xnor2_2)
     3    0.01                           _068_ (net)
                  0.08    0.00    6.19 v _596_/A2 (sky130_fd_sc_hd__a211o_2)
                  0.06    0.38    6.57 v _596_/X (sky130_fd_sc_hd__a211o_2)
     3    0.01                           _075_ (net)
                  0.06    0.00    6.57 v _622_/A2 (sky130_fd_sc_hd__a31o_2)
                  0.04    0.24    6.81 v _622_/X (sky130_fd_sc_hd__a31o_2)
     1    0.00                           _101_ (net)
                  0.04    0.00    6.81 v _626_/A2 (sky130_fd_sc_hd__o21a_2)
                  0.09    0.26    7.07 v _626_/X (sky130_fd_sc_hd__o21a_2)
     5    0.03                           _105_ (net)
                  0.09    0.00    7.07 v _628_/A (sky130_fd_sc_hd__xnor2_2)
                  0.07    0.17    7.24 v _628_/Y (sky130_fd_sc_hd__xnor2_2)
     1    0.01                           _107_ (net)
                  0.07    0.00    7.24 v _641_/A (sky130_fd_sc_hd__xnor2_2)
                  0.07    0.17    7.41 v _641_/Y (sky130_fd_sc_hd__xnor2_2)
     3    0.01                           _120_ (net)
                  0.07    0.00    7.41 v _650_/A2 (sky130_fd_sc_hd__a211o_2)
                  0.05    0.36    7.77 v _650_/X (sky130_fd_sc_hd__a211o_2)
     2    0.00                           _129_ (net)
                  0.05    0.00    7.77 v _651_/B (sky130_fd_sc_hd__and2b_2)
                  0.05    0.21    7.98 v _651_/X (sky130_fd_sc_hd__and2b_2)
     2    0.01                           _130_ (net)
                  0.05    0.00    7.98 v _659_/A1 (sky130_fd_sc_hd__a21o_2)
                  0.03    0.19    8.17 v _659_/X (sky130_fd_sc_hd__a21o_2)
     1    0.00                           _138_ (net)
                  0.03    0.00    8.17 v _660_/B2 (sky130_fd_sc_hd__o22a_2)
                  0.07    0.22    8.39 v _660_/X (sky130_fd_sc_hd__o22a_2)
     2    0.02                           _139_ (net)
                  0.07    0.00    8.40 v _666_/A (sky130_fd_sc_hd__xor2_2)
                  0.44    0.42    8.82 ^ _666_/X (sky130_fd_sc_hd__xor2_2)
     1    0.04                           product[7] (net)
                  0.44    0.00    8.82 ^ product[7] (out)
                                  8.82   data arrival time

                  0.00   10.00   10.00   clock clk (rise edge)
                          0.00   10.00   clock network delay (ideal)
                         -0.25    9.75   clock uncertainty
                          0.00    9.75   clock reconvergence pessimism
                         -2.00    7.75   output external delay
                                  7.75   data required time
-----------------------------------------------------------------------------
                                  7.75   data required time
                                 -8.82   data arrival time
-----------------------------------------------------------------------------
                                 -1.07   slack (VIOLATED)


Startpoint: multiplicand[3] (input port clocked by clk)
Endpoint: product[6] (output port clocked by clk)
Path Group: clk
Path Type: max

Fanout     Cap    Slew   Delay    Time   Description
-----------------------------------------------------------------------------
                  0.00    0.00    0.00   clock clk (rise edge)
                          0.00    0.00   clock network delay (ideal)
                          2.00    2.00 v input external delay
                  0.08    0.06    2.06 v multiplicand[3] (in)
     9    0.03                           multiplicand[3] (net)
                  0.08    0.00    2.06 v _468_/A (sky130_fd_sc_hd__or4_2)
                  0.10    0.69    2.75 v _468_/X (sky130_fd_sc_hd__or4_2)
     1    0.00                           _387_ (net)
                  0.10    0.00    2.75 v _469_/A (sky130_fd_sc_hd__buf_1)
                  0.15    0.22    2.97 v _469_/X (sky130_fd_sc_hd__buf_1)
     7    0.02                           _395_ (net)
                  0.15    0.00    2.97 v _470_/C (sky130_fd_sc_hd__or3_2)
                  0.12    0.53    3.50 v _470_/X (sky130_fd_sc_hd__or3_2)
     4    0.02                           _402_ (net)
                  0.12    0.00    3.50 v _485_/B (sky130_fd_sc_hd__xor2_2)
                  0.40    0.38    3.88 ^ _485_/X (sky130_fd_sc_hd__xor2_2)
    10    0.03                           _418_ (net)
                  0.40    0.00    3.88 ^ _486_/C (sky130_fd_sc_hd__and3_2)
                  0.06    0.27    4.15 ^ _486_/X (sky130_fd_sc_hd__and3_2)
     2    0.01                           _419_ (net)
                  0.06    0.00    4.15 ^ _489_/A_N (sky130_fd_sc_hd__and2b_2)
                  0.05    0.24    4.39 v _489_/X (sky130_fd_sc_hd__and2b_2)
     1    0.01                           _422_ (net)
                  0.05    0.00    4.39 v _490_/B (sky130_fd_sc_hd__xor2_2)
                  0.04    0.14    4.53 v _490_/X (sky130_fd_sc_hd__xor2_2)
     1    0.00                           _423_ (net)
                  0.04    0.00    4.53 v _492_/A2 (sky130_fd_sc_hd__a21o_2)
                  0.08    0.27    4.80 v _492_/X (sky130_fd_sc_hd__a21o_2)
     4    0.02                           _425_ (net)
                  0.08    0.00    4.80 v _498_/A (sky130_fd_sc_hd__xnor2_2)
                  0.09    0.19    5.00 v _498_/Y (sky130_fd_sc_hd__xnor2_2)
     3    0.02                           _431_ (net)
                  0.09    0.00    5.00 v _535_/A_N (sky130_fd_sc_hd__nand2b_2)
                  0.09    0.25    5.24 v _535_/Y (sky130_fd_sc_hd__nand2b_2)
     5    0.02                           _014_ (net)
                  0.09    0.00    5.24 v _583_/A1 (sky130_fd_sc_hd__a211o_2)
                  0.08    0.36    5.61 v _583_/X (sky130_fd_sc_hd__a211o_2)
     3    0.01                           _062_ (net)
                  0.08    0.00    5.61 v _600_/A3 (sky130_fd_sc_hd__a31o_2)
                  0.04    0.26    5.87 v _600_/X (sky130_fd_sc_hd__a31o_2)
     1    0.00                           _079_ (net)
                  0.04    0.00    5.87 v _602_/A2 (sky130_fd_sc_hd__o21a_2)
                  0.07    0.24    6.11 v _602_/X (sky130_fd_sc_hd__o21a_2)
     3    0.02                           _081_ (net)
                  0.07    0.00    6.11 v _604_/A (sky130_fd_sc_hd__xor2_2)
                  0.06    0.20    6.31 v _604_/X (sky130_fd_sc_hd__xor2_2)
     3    0.01                           _083_ (net)
                  0.06    0.00    6.31 v _630_/A1 (sky130_fd_sc_hd__a21o_2)
                  0.03    0.19    6.50 v _630_/X (sky130_fd_sc_hd__a21o_2)
     1    0.00                           _109_ (net)
                  0.03    0.00    6.50 v _631_/B2 (sky130_fd_sc_hd__o22a_2)
                  0.07    0.22    6.72 v _631_/X (sky130_fd_sc_hd__o22a_2)
     3    0.01                           _110_ (net)
                  0.07    0.00    6.72 v _633_/A (sky130_fd_sc_hd__xnor2_2)
                  0.23    0.25    6.97 ^ _633_/Y (sky130_fd_sc_hd__xnor2_2)
     2    0.01                           _112_ (net)
                  0.23    0.00    6.97 ^ _653_/A (sky130_fd_sc_hd__xnor2_2)
                  0.05    0.09    7.07 v _653_/Y (sky130_fd_sc_hd__xnor2_2)
     1    0.00                           _132_ (net)
                  0.05    0.00    7.07 v _654_/A1 (sky130_fd_sc_hd__mux2_2)
                  0.10    0.34    7.41 v _654_/X (sky130_fd_sc_hd__mux2_2)
     2    0.02                           _133_ (net)
                  0.10    0.00    7.41 v _910_/A (sky130_fd_sc_hd__xor2_2)
                  0.46    0.45    7.87 ^ _910_/X (sky130_fd_sc_hd__xor2_2)
     1    0.04                           product[6] (net)
                  0.46    0.00    7.87 ^ product[6] (out)
                                  7.87   data arrival time

                  0.00   10.00   10.00   clock clk (rise edge)
                          0.00   10.00   clock network delay (ideal)
                         -0.25    9.75   clock uncertainty
                          0.00    9.75   clock reconvergence pessimism
                         -2.00    7.75   output external delay
                                  7.75   data required time
-----------------------------------------------------------------------------
                                  7.75   data required time
                                 -7.87   data arrival time
-----------------------------------------------------------------------------
                                 -0.12   slack (VIOLATED)


Startpoint: multiplicand[3] (input port clocked by clk)
Endpoint: product[5] (output port clocked by clk)
Path Group: clk
Path Type: max

Fanout     Cap    Slew   Delay    Time   Description
-----------------------------------------------------------------------------
                  0.00    0.00    0.00   clock clk (rise edge)
                          0.00    0.00   clock network delay (ideal)
                          2.00    2.00 v input external delay
                  0.08    0.06    2.06 v multiplicand[3] (in)
     9    0.03                           multiplicand[3] (net)
                  0.08    0.00    2.06 v _468_/A (sky130_fd_sc_hd__or4_2)
                  0.10    0.69    2.75 v _468_/X (sky130_fd_sc_hd__or4_2)
     1    0.00                           _387_ (net)
                  0.10    0.00    2.75 v _469_/A (sky130_fd_sc_hd__buf_1)
                  0.15    0.22    2.97 v _469_/X (sky130_fd_sc_hd__buf_1)
     7    0.02                           _395_ (net)
                  0.15    0.00    2.97 v _470_/C (sky130_fd_sc_hd__or3_2)
                  0.12    0.53    3.50 v _470_/X (sky130_fd_sc_hd__or3_2)
     4    0.02                           _402_ (net)
                  0.12    0.00    3.50 v _477_/B (sky130_fd_sc_hd__and3_2)
                  0.06    0.26    3.76 v _477_/X (sky130_fd_sc_hd__and3_2)
     2    0.01                           _410_ (net)
                  0.06    0.00    3.76 v _480_/A (sky130_fd_sc_hd__xnor2_2)
                  0.07    0.16    3.92 v _480_/Y (sky130_fd_sc_hd__xnor2_2)
     3    0.01                           _413_ (net)
                  0.07    0.00    3.92 v _499_/A (sky130_fd_sc_hd__and2_2)
                  0.03    0.17    4.10 v _499_/X (sky130_fd_sc_hd__and2_2)
     1    0.00                           _432_ (net)
                  0.03    0.00    4.10 v _501_/B1 (sky130_fd_sc_hd__o2bb2a_2)
                  0.09    0.32    4.42 v _501_/X (sky130_fd_sc_hd__o2bb2a_2)
     4    0.02                           _434_ (net)
                  0.09    0.00    4.42 v _509_/A (sky130_fd_sc_hd__xnor2_2)
                  0.11    0.21    4.63 v _509_/Y (sky130_fd_sc_hd__xnor2_2)
     4    0.02                           _442_ (net)
                  0.11    0.00    4.63 v _557_/A (sky130_fd_sc_hd__or2_2)
                  0.07    0.35    4.98 v _557_/X (sky130_fd_sc_hd__or2_2)
     2    0.01                           _036_ (net)
                  0.07    0.00    4.98 v _564_/A1 (sky130_fd_sc_hd__a211o_2)
                  0.07    0.34    5.33 v _564_/X (sky130_fd_sc_hd__a211o_2)
     3    0.01                           _043_ (net)
                  0.07    0.00    5.33 v _606_/A2 (sky130_fd_sc_hd__a31o_2)
                  0.04    0.24    5.57 v _606_/X (sky130_fd_sc_hd__a31o_2)
     1    0.00                           _085_ (net)
                  0.04    0.00    5.57 v _608_/A2 (sky130_fd_sc_hd__o21a_2)
                  0.06    0.23    5.80 v _608_/X (sky130_fd_sc_hd__o21a_2)
     3    0.02                           _087_ (net)
                  0.06    0.00    5.80 v _610_/A (sky130_fd_sc_hd__nand2_2)
                  0.04    0.06    5.86 ^ _610_/Y (sky130_fd_sc_hd__nand2_2)
     2    0.00                           _089_ (net)
                  0.04    0.00    5.86 ^ _634_/B_N (sky130_fd_sc_hd__or2b_2)
                  0.07    0.33    6.19 v _634_/X (sky130_fd_sc_hd__or2b_2)
     1    0.01                           _113_ (net)
                  0.07    0.00    6.19 v _635_/A (sky130_fd_sc_hd__xnor2_2)
                  0.04    0.14    6.33 v _635_/Y (sky130_fd_sc_hd__xnor2_2)
     1    0.00                           _114_ (net)
                  0.04    0.00    6.33 v _637_/A2 (sky130_fd_sc_hd__o21a_2)
                  0.05    0.22    6.55 v _637_/X (sky130_fd_sc_hd__o21a_2)
     2    0.01                           _116_ (net)
                  0.05    0.00    6.55 v _912_/A (sky130_fd_sc_hd__xnor2_2)
                  0.46    0.42    6.98 ^ _912_/Y (sky130_fd_sc_hd__xnor2_2)
     1    0.03                           product[5] (net)
                  0.46    0.00    6.98 ^ product[5] (out)
                                  6.98   data arrival time

                  0.00   10.00   10.00   clock clk (rise edge)
                          0.00   10.00   clock network delay (ideal)
                         -0.25    9.75   clock uncertainty
                          0.00    9.75   clock reconvergence pessimism
                         -2.00    7.75   output external delay
                                  7.75   data required time
-----------------------------------------------------------------------------
                                  7.75   data required time
                                 -6.98   data arrival time
-----------------------------------------------------------------------------
                                  0.77   slack (MET)


Startpoint: multiplicand[3] (input port clocked by clk)
Endpoint: product[4] (output port clocked by clk)
Path Group: clk
Path Type: max

Fanout     Cap    Slew   Delay    Time   Description
-----------------------------------------------------------------------------
                  0.00    0.00    0.00   clock clk (rise edge)
                          0.00    0.00   clock network delay (ideal)
                          2.00    2.00 v input external delay
                  0.08    0.06    2.06 v multiplicand[3] (in)
     9    0.03                           multiplicand[3] (net)
                  0.08    0.00    2.06 v _468_/A (sky130_fd_sc_hd__or4_2)
                  0.10    0.69    2.75 v _468_/X (sky130_fd_sc_hd__or4_2)
     1    0.00                           _387_ (net)
                  0.10    0.00    2.75 v _469_/A (sky130_fd_sc_hd__buf_1)
                  0.15    0.22    2.97 v _469_/X (sky130_fd_sc_hd__buf_1)
     7    0.02                           _395_ (net)
                  0.15    0.00    2.97 v _475_/B (sky130_fd_sc_hd__xor2_2)
                  0.49    0.47    3.43 ^ _475_/X (sky130_fd_sc_hd__xor2_2)
     9    0.04                           _408_ (net)
                  0.49    0.00    3.43 ^ _481_/B (sky130_fd_sc_hd__nand2_2)
                  0.13    0.16    3.59 v _481_/Y (sky130_fd_sc_hd__nand2_2)
     2    0.01                           _414_ (net)
                  0.13    0.00    3.59 v _512_/A (sky130_fd_sc_hd__xor2_2)
                  0.09    0.24    3.84 v _512_/X (sky130_fd_sc_hd__xor2_2)
     3    0.02                           _445_ (net)
                  0.09    0.00    3.84 v _530_/A (sky130_fd_sc_hd__xor2_2)
                  0.07    0.20    4.04 v _530_/X (sky130_fd_sc_hd__xor2_2)
     2    0.01                           _009_ (net)
                  0.07    0.00    4.04 v _568_/A1 (sky130_fd_sc_hd__o31a_2)
                  0.05    0.36    4.39 v _568_/X (sky130_fd_sc_hd__o31a_2)
     1    0.00                           _047_ (net)
                  0.05    0.00    4.39 v _569_/A2_N (sky130_fd_sc_hd__o2bb2a_2)
                  0.12    0.31    4.71 ^ _569_/X (sky130_fd_sc_hd__o2bb2a_2)
     3    0.02                           _048_ (net)
                  0.12    0.00    4.71 ^ _571_/A (sky130_fd_sc_hd__xor2_2)
                  0.06    0.10    4.81 v _571_/X (sky130_fd_sc_hd__xor2_2)
     3    0.01                           _050_ (net)
                  0.06    0.00    4.81 v _612_/A2 (sky130_fd_sc_hd__a21o_2)
                  0.03    0.22    5.03 v _612_/X (sky130_fd_sc_hd__a21o_2)
     1    0.00                           _091_ (net)
                  0.03    0.00    5.03 v _613_/B2 (sky130_fd_sc_hd__o22a_2)
                  0.07    0.23    5.25 v _613_/X (sky130_fd_sc_hd__o22a_2)
     2    0.02                           _092_ (net)
                  0.07    0.00    5.25 v _914_/A (sky130_fd_sc_hd__xor2_2)
                  0.43    0.42    5.68 ^ _914_/X (sky130_fd_sc_hd__xor2_2)
     1    0.03                           product[4] (net)
                  0.43    0.00    5.68 ^ product[4] (out)
                                  5.68   data arrival time

                  0.00   10.00   10.00   clock clk (rise edge)
                          0.00   10.00   clock network delay (ideal)
                         -0.25    9.75   clock uncertainty
                          0.00    9.75   clock reconvergence pessimism
                         -2.00    7.75   output external delay
                                  7.75   data required time
-----------------------------------------------------------------------------
                                  7.75   data required time
                                 -5.68   data arrival time
-----------------------------------------------------------------------------
                                  2.07   slack (MET)


Startpoint: multiplicand[3] (input port clocked by clk)
Endpoint: product[3] (output port clocked by clk)
Path Group: clk
Path Type: max

Fanout     Cap    Slew   Delay    Time   Description
-----------------------------------------------------------------------------
                  0.00    0.00    0.00   clock clk (rise edge)
                          0.00    0.00   clock network delay (ideal)
                          2.00    2.00 v input external delay
                  0.08    0.06    2.06 v multiplicand[3] (in)
     9    0.03                           multiplicand[3] (net)
                  0.08    0.00    2.06 v _468_/A (sky130_fd_sc_hd__or4_2)
                  0.10    0.69    2.75 v _468_/X (sky130_fd_sc_hd__or4_2)
     1    0.00                           _387_ (net)
                  0.10    0.00    2.75 v _469_/A (sky130_fd_sc_hd__buf_1)
                  0.15    0.22    2.97 v _469_/X (sky130_fd_sc_hd__buf_1)
     7    0.02                           _395_ (net)
                  0.15    0.00    2.97 v _516_/C (sky130_fd_sc_hd__and3b_2)
                  0.05    0.28    3.25 v _516_/X (sky130_fd_sc_hd__and3b_2)
     1    0.01                           _449_ (net)
                  0.05    0.00    3.25 v _518_/A (sky130_fd_sc_hd__xnor2_2)
                  0.28    0.29    3.54 ^ _518_/Y (sky130_fd_sc_hd__xnor2_2)
     3    0.02                           _451_ (net)
                  0.28    0.00    3.54 ^ _528_/A (sky130_fd_sc_hd__xnor2_2)
                  0.07    0.12    3.66 v _528_/Y (sky130_fd_sc_hd__xnor2_2)
     2    0.01                           _007_ (net)
                  0.07    0.00    3.66 v _565_/A2 (sky130_fd_sc_hd__a31o_2)
                  0.04    0.25    3.91 v _565_/X (sky130_fd_sc_hd__a31o_2)
     1    0.00                           _044_ (net)
                  0.04    0.00    3.91 v _566_/B2 (sky130_fd_sc_hd__o22a_2)
                  0.07    0.23    4.14 v _566_/X (sky130_fd_sc_hd__o22a_2)
     2    0.02                           _045_ (net)
                  0.07    0.00    4.14 v _916_/A (sky130_fd_sc_hd__xor2_2)
                  0.44    0.43    4.56 ^ _916_/X (sky130_fd_sc_hd__xor2_2)
     1    0.04                           product[3] (net)
                  0.44    0.00    4.56 ^ product[3] (out)
                                  4.56   data arrival time

                  0.00   10.00   10.00   clock clk (rise edge)
                          0.00   10.00   clock network delay (ideal)
                         -0.25    9.75   clock uncertainty
                          0.00    9.75   clock reconvergence pessimism
                         -2.00    7.75   output external delay
                                  7.75   data required time
-----------------------------------------------------------------------------
                                  7.75   data required time
                                 -4.56   data arrival time
-----------------------------------------------------------------------------
                                  3.19   slack (MET)


Startpoint: multiplicand[0] (input port clocked by clk)
Endpoint: product[0] (output port clocked by clk)
Path Group: clk
Path Type: max

Fanout     Cap    Slew   Delay    Time   Description
-----------------------------------------------------------------------------
                  0.00    0.00    0.00   clock clk (rise edge)
                          0.00    0.00   clock network delay (ideal)
                          2.00    2.00 ^ input external delay
                  0.08    0.06    2.06 ^ multiplicand[0] (in)
     3    0.02                           multiplicand[0] (net)
                  0.08    0.00    2.06 ^ _504_/A (sky130_fd_sc_hd__buf_1)
                  0.50    0.43    2.48 ^ _504_/X (sky130_fd_sc_hd__buf_1)
    10    0.04                           _437_ (net)
                  0.50    0.00    2.48 ^ _652_/A (sky130_fd_sc_hd__buf_1)
                  0.76    0.67    3.16 ^ _652_/X (sky130_fd_sc_hd__buf_1)
    10    0.07                           _131_ (net)
                  0.76    0.00    3.16 ^ _922_/B (sky130_fd_sc_hd__and2_2)
                  0.07    0.30    3.45 ^ _922_/X (sky130_fd_sc_hd__and2_2)
     1    0.01                           _403_ (net)
                  0.07    0.00    3.45 ^ _923_/A (sky130_fd_sc_hd__buf_1)
                  0.40    0.35    3.81 ^ _923_/X (sky130_fd_sc_hd__buf_1)
     1    0.03                           product[0] (net)
                  0.40    0.00    3.81 ^ product[0] (out)
                                  3.81   data arrival time

                  0.00   10.00   10.00   clock clk (rise edge)
                          0.00   10.00   clock network delay (ideal)
                         -0.25    9.75   clock uncertainty
                          0.00    9.75   clock reconvergence pessimism
                         -2.00    7.75   output external delay
                                  7.75   data required time
-----------------------------------------------------------------------------
                                  7.75   data required time
                                 -3.81   data arrival time
-----------------------------------------------------------------------------
                                  3.94   slack (MET)


Startpoint: multiplicand[0] (input port clocked by clk)
Endpoint: product[1] (output port clocked by clk)
Path Group: clk
Path Type: max

Fanout     Cap    Slew   Delay    Time   Description
-----------------------------------------------------------------------------
                  0.00    0.00    0.00   clock clk (rise edge)
                          0.00    0.00   clock network delay (ideal)
                          2.00    2.00 ^ input external delay
                  0.08    0.06    2.06 ^ multiplicand[0] (in)
     3    0.02                           multiplicand[0] (net)
                  0.08    0.00    2.06 ^ _504_/A (sky130_fd_sc_hd__buf_1)
                  0.50    0.43    2.48 ^ _504_/X (sky130_fd_sc_hd__buf_1)
    10    0.04                           _437_ (net)
                  0.50    0.00    2.48 ^ _652_/A (sky130_fd_sc_hd__buf_1)
                  0.76    0.67    3.16 ^ _652_/X (sky130_fd_sc_hd__buf_1)
    10    0.07                           _131_ (net)
                  0.76    0.00    3.16 ^ _919_/A (sky130_fd_sc_hd__nand2_2)
                  0.15    0.14    3.30 v _919_/Y (sky130_fd_sc_hd__nand2_2)
     1    0.01                           _400_ (net)
                  0.15    0.00    3.30 v _921_/A (sky130_fd_sc_hd__xor2_2)
                  0.47    0.48    3.77 ^ _921_/X (sky130_fd_sc_hd__xor2_2)
     1    0.04                           product[1] (net)
                  0.47    0.00    3.78 ^ product[1] (out)
                                  3.78   data arrival time

                  0.00   10.00   10.00   clock clk (rise edge)
                          0.00   10.00   clock network delay (ideal)
                         -0.25    9.75   clock uncertainty
                          0.00    9.75   clock reconvergence pessimism
                         -2.00    7.75   output external delay
                                  7.75   data required time
-----------------------------------------------------------------------------
                                  7.75   data required time
                                 -3.78   data arrival time
-----------------------------------------------------------------------------
                                  3.97   slack (MET)


Startpoint: multiplicand[0] (input port clocked by clk)
Endpoint: product[2] (output port clocked by clk)
Path Group: clk
Path Type: max

Fanout     Cap    Slew   Delay    Time   Description
-----------------------------------------------------------------------------
                  0.00    0.00    0.00   clock clk (rise edge)
                          0.00    0.00   clock network delay (ideal)
                          2.00    2.00 ^ input external delay
                  0.08    0.06    2.06 ^ multiplicand[0] (in)
     3    0.02                           multiplicand[0] (net)
                  0.08    0.00    2.06 ^ _504_/A (sky130_fd_sc_hd__buf_1)
                  0.50    0.43    2.48 ^ _504_/X (sky130_fd_sc_hd__buf_1)
    10    0.04                           _437_ (net)
                  0.50    0.00    2.48 ^ _652_/A (sky130_fd_sc_hd__buf_1)
                  0.76    0.67    3.16 ^ _652_/X (sky130_fd_sc_hd__buf_1)
    10    0.07                           _131_ (net)
                  0.76    0.00    3.16 ^ _917_/A (sky130_fd_sc_hd__nand2_2)
                  0.15    0.13    3.29 v _917_/Y (sky130_fd_sc_hd__nand2_2)
     1    0.01                           _399_ (net)
                  0.15    0.00    3.29 v _918_/B (sky130_fd_sc_hd__xor2_2)
                  0.43    0.42    3.71 ^ _918_/X (sky130_fd_sc_hd__xor2_2)
     1    0.03                           product[2] (net)
                  0.43    0.00    3.71 ^ product[2] (out)
                                  3.71   data arrival time

                  0.00   10.00   10.00   clock clk (rise edge)
                          0.00   10.00   clock network delay (ideal)
                         -0.25    9.75   clock uncertainty
                          0.00    9.75   clock reconvergence pessimism
                         -2.00    7.75   output external delay
                                  7.75   data required time
-----------------------------------------------------------------------------
                                  7.75   data required time
                                 -3.71   data arrival time
-----------------------------------------------------------------------------
                                  4.04   slack (MET)



