
===========================================================================
report_checks -unconstrained
===========================================================================
======================= Fastest Corner ===================================

Startpoint: B[2] (input port clocked by clk)
Endpoint: P[14] (output port clocked by clk)
Path Group: clk
Path Type: max
Corner: Fastest

Fanout     Cap    Slew   Delay    Time   Description
-----------------------------------------------------------------------------
                  0.00    0.00    0.00   clock clk (rise edge)
                          0.00    0.00   clock network delay (ideal)
                          2.00    2.00 ^ input external delay
                  0.01    0.01    2.01 ^ B[2] (in)
     1    0.00                           B[2] (net)
                  0.01    0.00    2.01 ^ input11/A (sky130_fd_sc_hd__buf_2)
                  0.15    0.15    2.16 ^ input11/X (sky130_fd_sc_hd__buf_2)
     7    0.04                           net11 (net)
                  0.15    0.00    2.16 ^ _370_/A (sky130_fd_sc_hd__buf_2)
                  0.14    0.18    2.34 ^ _370_/X (sky130_fd_sc_hd__buf_2)
    10    0.04                           _306_ (net)
                  0.14    0.00    2.34 ^ _565_/A1 (sky130_fd_sc_hd__a22oi_2)
                  0.05    0.05    2.40 v _565_/Y (sky130_fd_sc_hd__a22oi_2)
     1    0.00                           _137_ (net)
                  0.05    0.00    2.40 v _567_/A1 (sky130_fd_sc_hd__o211ai_2)
                  0.16    0.17    2.57 ^ _567_/Y (sky130_fd_sc_hd__o211ai_2)
     3    0.01                           _139_ (net)
                  0.16    0.00    2.57 ^ rebuffer1/A (sky130_fd_sc_hd__clkbuf_1)
                  0.04    0.07    2.64 ^ rebuffer1/X (sky130_fd_sc_hd__clkbuf_1)
     1    0.00                           net34 (net)
                  0.04    0.00    2.64 ^ _569_/A2 (sky130_fd_sc_hd__a21oi_1)
                  0.06    0.06    2.70 v _569_/Y (sky130_fd_sc_hd__a21oi_1)
     2    0.01                           _141_ (net)
                  0.06    0.00    2.70 v _571_/B (sky130_fd_sc_hd__or3b_4)
                  0.05    0.25    2.95 v _571_/X (sky130_fd_sc_hd__or3b_4)
     3    0.01                           _143_ (net)
                  0.05    0.00    2.95 v _573_/B (sky130_fd_sc_hd__and3_1)
                  0.04    0.13    3.08 v _573_/X (sky130_fd_sc_hd__and3_1)
     2    0.01                           _145_ (net)
                  0.04    0.00    3.08 v _576_/A1 (sky130_fd_sc_hd__o211a_1)
                  0.04    0.17    3.24 v _576_/X (sky130_fd_sc_hd__o211a_1)
     3    0.01                           _148_ (net)
                  0.04    0.00    3.24 v _577_/C (sky130_fd_sc_hd__or3_4)
                  0.05    0.21    3.45 v _577_/X (sky130_fd_sc_hd__or3_4)
     2    0.01                           _149_ (net)
                  0.05    0.00    3.45 v _579_/B1 (sky130_fd_sc_hd__o211a_1)
                  0.05    0.10    3.56 v _579_/X (sky130_fd_sc_hd__o211a_1)
     3    0.01                           _151_ (net)
                  0.05    0.00    3.56 v _611_/C (sky130_fd_sc_hd__or4_4)
                  0.06    0.31    3.86 v _611_/X (sky130_fd_sc_hd__or4_4)
     2    0.01                           _182_ (net)
                  0.06    0.00    3.86 v _646_/C (sky130_fd_sc_hd__or4_4)
                  0.07    0.32    4.19 v _646_/X (sky130_fd_sc_hd__or4_4)
     2    0.01                           _215_ (net)
                  0.07    0.00    4.19 v _673_/A2 (sky130_fd_sc_hd__a21oi_4)
                  0.13    0.16    4.35 ^ _673_/Y (sky130_fd_sc_hd__a21oi_4)
     4    0.02                           _243_ (net)
                  0.13    0.00    4.35 ^ _720_/A2 (sky130_fd_sc_hd__o31a_1)
                  0.08    0.13    4.48 ^ _720_/X (sky130_fd_sc_hd__o31a_1)
     1    0.01                           _292_ (net)
                  0.08    0.00    4.48 ^ _721_/B (sky130_fd_sc_hd__xnor2_2)
                  0.19    0.11    4.59 ^ _721_/Y (sky130_fd_sc_hd__xnor2_2)
     1    0.02                           net22 (net)
                  0.19    0.00    4.59 ^ output22/A (sky130_fd_sc_hd__buf_6)
                  0.06    0.11    4.70 ^ output22/X (sky130_fd_sc_hd__buf_6)
     1    0.03                           P[14] (net)
                  0.06    0.00    4.70 ^ P[14] (out)
                                  4.70   data arrival time

                  0.00   10.00   10.00   clock clk (rise edge)
                          0.00   10.00   clock network delay (ideal)
                         -0.25    9.75   clock uncertainty
                          0.00    9.75   clock reconvergence pessimism
                         -2.00    7.75   output external delay
                                  7.75   data required time
-----------------------------------------------------------------------------
                                  7.75   data required time
                                 -4.70   data arrival time
-----------------------------------------------------------------------------
                                  3.05   slack (MET)



======================= Slowest Corner ===================================

Startpoint: B[7] (input port clocked by clk)
Endpoint: P[14] (output port clocked by clk)
Path Group: clk
Path Type: max
Corner: Slowest

Fanout     Cap    Slew   Delay    Time   Description
-----------------------------------------------------------------------------
                  0.00    0.00    0.00   clock clk (rise edge)
                          0.00    0.00   clock network delay (ideal)
                          2.00    2.00 v input external delay
                  0.04    0.02    2.02 v B[7] (in)
     1    0.01                           B[7] (net)
                  0.04    0.00    2.02 v input16/A (sky130_fd_sc_hd__buf_8)
                  0.07    0.24    2.26 v input16/X (sky130_fd_sc_hd__buf_8)
     8    0.04                           net16 (net)
                  0.07    0.00    2.27 v _482_/C (sky130_fd_sc_hd__and3_1)
                  0.11    0.43    2.70 v _482_/X (sky130_fd_sc_hd__and3_1)
     3    0.01                           _056_ (net)
                  0.11    0.00    2.70 v _483_/C (sky130_fd_sc_hd__or3_4)
                  0.12    0.70    3.40 v _483_/X (sky130_fd_sc_hd__or3_4)
     2    0.01                           _057_ (net)
                  0.12    0.00    3.40 v _487_/A1 (sky130_fd_sc_hd__a21o_1)
                  0.12    0.38    3.78 v _487_/X (sky130_fd_sc_hd__a21o_1)
     3    0.01                           _061_ (net)
                  0.12    0.00    3.78 v _531_/A2 (sky130_fd_sc_hd__a21bo_1)
                  0.13    0.45    4.24 v _531_/X (sky130_fd_sc_hd__a21bo_1)
     2    0.01                           _104_ (net)
                  0.13    0.00    4.24 v _533_/B1 (sky130_fd_sc_hd__a21o_1)
                  0.11    0.38    4.61 v _533_/X (sky130_fd_sc_hd__a21o_1)
     3    0.01                           _106_ (net)
                  0.11    0.00    4.61 v _534_/C (sky130_fd_sc_hd__and3_1)
                  0.10    0.43    5.04 v _534_/X (sky130_fd_sc_hd__and3_1)
     2    0.01                           _107_ (net)
                  0.10    0.00    5.04 v rebuffer10/A (sky130_fd_sc_hd__clkbuf_1)
                  0.07    0.20    5.24 v rebuffer10/X (sky130_fd_sc_hd__clkbuf_1)
     1    0.00                           net43 (net)
                  0.07    0.00    5.24 v _536_/B1 (sky130_fd_sc_hd__a211oi_2)
                  0.48    0.54    5.78 ^ _536_/Y (sky130_fd_sc_hd__a211oi_2)
     4    0.01                           _109_ (net)
                  0.48    0.00    5.78 ^ _539_/A1 (sky130_fd_sc_hd__o21ai_1)
                  0.20    0.37    6.15 v _539_/Y (sky130_fd_sc_hd__o21ai_1)
     2    0.01                           _112_ (net)
                  0.20    0.00    6.15 v _541_/B (sky130_fd_sc_hd__and3_1)
                  0.15    0.51    6.66 v _541_/X (sky130_fd_sc_hd__and3_1)
     4    0.01                           _114_ (net)
                  0.15    0.00    6.66 v _611_/A (sky130_fd_sc_hd__or4_4)
                  0.17    1.15    7.81 v _611_/X (sky130_fd_sc_hd__or4_4)
     2    0.01                           _182_ (net)
                  0.17    0.00    7.82 v _646_/C (sky130_fd_sc_hd__or4_4)
                  0.18    1.09    8.91 v _646_/X (sky130_fd_sc_hd__or4_4)
     2    0.01                           _215_ (net)
                  0.18    0.00    8.91 v _673_/A2 (sky130_fd_sc_hd__a21oi_4)
                  0.27    0.39    9.30 ^ _673_/Y (sky130_fd_sc_hd__a21oi_4)
     4    0.02                           _243_ (net)
                  0.27    0.00    9.30 ^ _720_/A2 (sky130_fd_sc_hd__o31a_1)
                  0.17    0.41    9.71 ^ _720_/X (sky130_fd_sc_hd__o31a_1)
     1    0.01                           _292_ (net)
                  0.17    0.00    9.71 ^ _721_/B (sky130_fd_sc_hd__xnor2_2)
                  0.39    0.32   10.03 ^ _721_/Y (sky130_fd_sc_hd__xnor2_2)
     1    0.02                           net22 (net)
                  0.39    0.00   10.03 ^ output22/A (sky130_fd_sc_hd__buf_6)
                  0.12    0.37   10.39 ^ output22/X (sky130_fd_sc_hd__buf_6)
     1    0.03                           P[14] (net)
                  0.12    0.00   10.39 ^ P[14] (out)
                                 10.39   data arrival time

                  0.00   10.00   10.00   clock clk (rise edge)
                          0.00   10.00   clock network delay (ideal)
                         -0.25    9.75   clock uncertainty
                          0.00    9.75   clock reconvergence pessimism
                         -2.00    7.75   output external delay
                                  7.75   data required time
-----------------------------------------------------------------------------
                                  7.75   data required time
                                -10.39   data arrival time
-----------------------------------------------------------------------------
                                 -2.64   slack (VIOLATED)



======================= Typical Corner ===================================

Startpoint: A[5] (input port clocked by clk)
Endpoint: P[14] (output port clocked by clk)
Path Group: clk
Path Type: max
Corner: Typical

Fanout     Cap    Slew   Delay    Time   Description
-----------------------------------------------------------------------------
                  0.00    0.00    0.00   clock clk (rise edge)
                          0.00    0.00   clock network delay (ideal)
                          2.00    2.00 v input external delay
                  0.01    0.00    2.00 v A[5] (in)
     1    0.00                           A[5] (net)
                  0.01    0.00    2.00 v input6/A (sky130_fd_sc_hd__clkbuf_4)
                  0.07    0.16    2.17 v input6/X (sky130_fd_sc_hd__clkbuf_4)
     7    0.03                           net6 (net)
                  0.07    0.00    2.17 v _415_/A (sky130_fd_sc_hd__buf_6)
                  0.04    0.15    2.33 v _415_/X (sky130_fd_sc_hd__buf_6)
    10    0.03                           _348_ (net)
                  0.04    0.00    2.33 v _445_/B1 (sky130_fd_sc_hd__a22o_1)
                  0.07    0.21    2.54 v _445_/X (sky130_fd_sc_hd__a22o_1)
     3    0.01                           _020_ (net)
                  0.07    0.00    2.54 v _485_/A2 (sky130_fd_sc_hd__a21bo_1)
                  0.05    0.22    2.76 v _485_/X (sky130_fd_sc_hd__a21bo_1)
     2    0.01                           _059_ (net)
                  0.05    0.00    2.76 v _487_/B1 (sky130_fd_sc_hd__a21o_1)
                  0.06    0.19    2.95 v _487_/X (sky130_fd_sc_hd__a21o_1)
     3    0.01                           _061_ (net)
                  0.06    0.00    2.95 v _531_/A2 (sky130_fd_sc_hd__a21bo_1)
                  0.07    0.24    3.19 v _531_/X (sky130_fd_sc_hd__a21bo_1)
     2    0.01                           _104_ (net)
                  0.07    0.00    3.19 v _533_/B1 (sky130_fd_sc_hd__a21o_1)
                  0.06    0.20    3.39 v _533_/X (sky130_fd_sc_hd__a21o_1)
     3    0.01                           _106_ (net)
                  0.06    0.00    3.39 v _534_/C (sky130_fd_sc_hd__and3_1)
                  0.05    0.21    3.60 v _534_/X (sky130_fd_sc_hd__and3_1)
     2    0.01                           _107_ (net)
                  0.05    0.00    3.60 v rebuffer10/A (sky130_fd_sc_hd__clkbuf_1)
                  0.04    0.10    3.70 v rebuffer10/X (sky130_fd_sc_hd__clkbuf_1)
     1    0.00                           net43 (net)
                  0.04    0.00    3.70 v _536_/B1 (sky130_fd_sc_hd__a211oi_2)
                  0.30    0.32    4.02 ^ _536_/Y (sky130_fd_sc_hd__a211oi_2)
     4    0.01                           _109_ (net)
                  0.30    0.00    4.02 ^ _539_/A1 (sky130_fd_sc_hd__o21ai_1)
                  0.10    0.16    4.18 v _539_/Y (sky130_fd_sc_hd__o21ai_1)
     2    0.01                           _112_ (net)
                  0.10    0.00    4.18 v _541_/B (sky130_fd_sc_hd__and3_1)
                  0.08    0.24    4.42 v _541_/X (sky130_fd_sc_hd__and3_1)
     4    0.01                           _114_ (net)
                  0.08    0.00    4.42 v _611_/A (sky130_fd_sc_hd__or4_4)
                  0.09    0.58    5.00 v _611_/X (sky130_fd_sc_hd__or4_4)
     2    0.01                           _182_ (net)
                  0.09    0.00    5.00 v _646_/C (sky130_fd_sc_hd__or4_4)
                  0.10    0.54    5.54 v _646_/X (sky130_fd_sc_hd__or4_4)
     2    0.01                           _215_ (net)
                  0.10    0.00    5.54 v _673_/A2 (sky130_fd_sc_hd__a21oi_4)
                  0.17    0.23    5.77 ^ _673_/Y (sky130_fd_sc_hd__a21oi_4)
     4    0.02                           _243_ (net)
                  0.17    0.00    5.77 ^ _720_/A2 (sky130_fd_sc_hd__o31a_1)
                  0.10    0.21    5.98 ^ _720_/X (sky130_fd_sc_hd__o31a_1)
     1    0.01                           _292_ (net)
                  0.10    0.00    5.98 ^ _721_/B (sky130_fd_sc_hd__xnor2_2)
                  0.25    0.17    6.15 ^ _721_/Y (sky130_fd_sc_hd__xnor2_2)
     1    0.02                           net22 (net)
                  0.25    0.00    6.15 ^ output22/A (sky130_fd_sc_hd__buf_6)
                  0.08    0.19    6.33 ^ output22/X (sky130_fd_sc_hd__buf_6)
     1    0.03                           P[14] (net)
                  0.08    0.00    6.34 ^ P[14] (out)
                                  6.34   data arrival time

                  0.00   10.00   10.00   clock clk (rise edge)
                          0.00   10.00   clock network delay (ideal)
                         -0.25    9.75   clock uncertainty
                          0.00    9.75   clock reconvergence pessimism
                         -2.00    7.75   output external delay
                                  7.75   data required time
-----------------------------------------------------------------------------
                                  7.75   data required time
                                 -6.34   data arrival time
-----------------------------------------------------------------------------
                                  1.41   slack (MET)




===========================================================================
report_checks --slack_max -0.01
============================================================================
======================= Fastest Corner ===================================

No paths found.

======================= Slowest Corner ===================================

Startpoint: B[7] (input port clocked by clk)
Endpoint: P[14] (output port clocked by clk)
Path Group: clk
Path Type: max
Corner: Slowest

Fanout     Cap    Slew   Delay    Time   Description
-----------------------------------------------------------------------------
                  0.00    0.00    0.00   clock clk (rise edge)
                          0.00    0.00   clock network delay (ideal)
                          2.00    2.00 v input external delay
                  0.04    0.02    2.02 v B[7] (in)
     1    0.01                           B[7] (net)
                  0.04    0.00    2.02 v input16/A (sky130_fd_sc_hd__buf_8)
                  0.07    0.24    2.26 v input16/X (sky130_fd_sc_hd__buf_8)
     8    0.04                           net16 (net)
                  0.07    0.00    2.27 v _482_/C (sky130_fd_sc_hd__and3_1)
                  0.11    0.43    2.70 v _482_/X (sky130_fd_sc_hd__and3_1)
     3    0.01                           _056_ (net)
                  0.11    0.00    2.70 v _483_/C (sky130_fd_sc_hd__or3_4)
                  0.12    0.70    3.40 v _483_/X (sky130_fd_sc_hd__or3_4)
     2    0.01                           _057_ (net)
                  0.12    0.00    3.40 v _487_/A1 (sky130_fd_sc_hd__a21o_1)
                  0.12    0.38    3.78 v _487_/X (sky130_fd_sc_hd__a21o_1)
     3    0.01                           _061_ (net)
                  0.12    0.00    3.78 v _531_/A2 (sky130_fd_sc_hd__a21bo_1)
                  0.13    0.45    4.24 v _531_/X (sky130_fd_sc_hd__a21bo_1)
     2    0.01                           _104_ (net)
                  0.13    0.00    4.24 v _533_/B1 (sky130_fd_sc_hd__a21o_1)
                  0.11    0.38    4.61 v _533_/X (sky130_fd_sc_hd__a21o_1)
     3    0.01                           _106_ (net)
                  0.11    0.00    4.61 v _534_/C (sky130_fd_sc_hd__and3_1)
                  0.10    0.43    5.04 v _534_/X (sky130_fd_sc_hd__and3_1)
     2    0.01                           _107_ (net)
                  0.10    0.00    5.04 v rebuffer10/A (sky130_fd_sc_hd__clkbuf_1)
                  0.07    0.20    5.24 v rebuffer10/X (sky130_fd_sc_hd__clkbuf_1)
     1    0.00                           net43 (net)
                  0.07    0.00    5.24 v _536_/B1 (sky130_fd_sc_hd__a211oi_2)
                  0.48    0.54    5.78 ^ _536_/Y (sky130_fd_sc_hd__a211oi_2)
     4    0.01                           _109_ (net)
                  0.48    0.00    5.78 ^ _539_/A1 (sky130_fd_sc_hd__o21ai_1)
                  0.20    0.37    6.15 v _539_/Y (sky130_fd_sc_hd__o21ai_1)
     2    0.01                           _112_ (net)
                  0.20    0.00    6.15 v _541_/B (sky130_fd_sc_hd__and3_1)
                  0.15    0.51    6.66 v _541_/X (sky130_fd_sc_hd__and3_1)
     4    0.01                           _114_ (net)
                  0.15    0.00    6.66 v _611_/A (sky130_fd_sc_hd__or4_4)
                  0.17    1.15    7.81 v _611_/X (sky130_fd_sc_hd__or4_4)
     2    0.01                           _182_ (net)
                  0.17    0.00    7.82 v _646_/C (sky130_fd_sc_hd__or4_4)
                  0.18    1.09    8.91 v _646_/X (sky130_fd_sc_hd__or4_4)
     2    0.01                           _215_ (net)
                  0.18    0.00    8.91 v _673_/A2 (sky130_fd_sc_hd__a21oi_4)
                  0.27    0.39    9.30 ^ _673_/Y (sky130_fd_sc_hd__a21oi_4)
     4    0.02                           _243_ (net)
                  0.27    0.00    9.30 ^ _720_/A2 (sky130_fd_sc_hd__o31a_1)
                  0.17    0.41    9.71 ^ _720_/X (sky130_fd_sc_hd__o31a_1)
     1    0.01                           _292_ (net)
                  0.17    0.00    9.71 ^ _721_/B (sky130_fd_sc_hd__xnor2_2)
                  0.39    0.32   10.03 ^ _721_/Y (sky130_fd_sc_hd__xnor2_2)
     1    0.02                           net22 (net)
                  0.39    0.00   10.03 ^ output22/A (sky130_fd_sc_hd__buf_6)
                  0.12    0.37   10.39 ^ output22/X (sky130_fd_sc_hd__buf_6)
     1    0.03                           P[14] (net)
                  0.12    0.00   10.39 ^ P[14] (out)
                                 10.39   data arrival time

                  0.00   10.00   10.00   clock clk (rise edge)
                          0.00   10.00   clock network delay (ideal)
                         -0.25    9.75   clock uncertainty
                          0.00    9.75   clock reconvergence pessimism
                         -2.00    7.75   output external delay
                                  7.75   data required time
-----------------------------------------------------------------------------
                                  7.75   data required time
                                -10.39   data arrival time
-----------------------------------------------------------------------------
                                 -2.64   slack (VIOLATED)



======================= Typical Corner ===================================

No paths found.


===========================================================================
 report_check_types -max_slew -max_cap -max_fanout -violators
============================================================================
======================= Fastest Corner ===================================


======================= Slowest Corner ===================================


======================= Typical Corner ===================================



===========================================================================
report_parasitic_annotation -report_unannotated
============================================================================
Found 0 unannotated drivers.
Found 0 partially unannotated drivers.

===========================================================================
max slew violation count 0
max fanout violation count 0
max cap violation count 0
============================================================================

===========================================================================
check_setup -verbose -unconstrained_endpoints -multiple_clock -no_clock -no_input_delay -loops -generated_clocks
===========================================================================
