OpenROAD 41a51eaf4ca2171c92ff38afb91eb37bbd3f36da 
This program is licensed under the BSD-3 license. See the LICENSE file for details.
Components of this program may be licensed under more restrictive licenses which must be honored.
[INFO]: Reading ODB at '/openlane/designs/csa/runs/myrun/results/cts/csa.odb'…
define_corners Slowest Typical Fastest
read_liberty -corner Slowest /home/jagadeesh97/.ciel/ciel/sky130/versions/0fe599b2afb6708d281543108caf8310912f54af/sky130A/libs.ref/sky130_fd_sc_hd/lib/sky130_fd_sc_hd__ss_100C_1v60.lib
read_liberty -corner Typical /home/jagadeesh97/.ciel/ciel/sky130/versions/0fe599b2afb6708d281543108caf8310912f54af/sky130A/libs.ref/sky130_fd_sc_hd/lib/sky130_fd_sc_hd__tt_025C_1v80.lib
read_liberty -corner Fastest /home/jagadeesh97/.ciel/ciel/sky130/versions/0fe599b2afb6708d281543108caf8310912f54af/sky130A/libs.ref/sky130_fd_sc_hd/lib/sky130_fd_sc_hd__ff_n40C_1v95.lib
Using 1e-12 for capacitance...
Using 1e+03 for resistance...
Using 1e-09 for time...
Using 1e+00 for voltage...
Using 1e-03 for current...
Using 1e-09 for power...
Using 1e-06 for distance...
Reading design constraints file at '/openlane/designs/csa/runs/myrun/results/cts/csa.sdc'…
[WARNING STA-0357] virtual clock clk can not be propagated.
[INFO]: Setting RC values...
[INFO RSZ-0033] No hold violations found.
Placement Analysis
---------------------------------
total displacement          0.0 u
average displacement        0.0 u
max displacement            0.0 u
original HPWL            3446.5 u
legalized HPWL           3553.6 u
delta HPWL                    3 %

[INFO DPL-0020] Mirrored 61 instances
[INFO DPL-0021] HPWL before            3553.6 u
[INFO DPL-0022] HPWL after             3446.5 u
[INFO DPL-0023] HPWL delta               -3.0 %
Setting global connections for newly added cells…
Writing OpenROAD database to '/openlane/designs/csa/runs/myrun/tmp/cts/14-csa.resized.odb'…
Writing netlist to '/openlane/designs/csa/runs/myrun/tmp/cts/14-csa.resized.nl.v'…
Writing powered netlist to '/openlane/designs/csa/runs/myrun/tmp/cts/14-csa.resized.pnl.v'…
Writing layout to '/openlane/designs/csa/runs/myrun/tmp/cts/14-csa.resized.def'…
Writing timing constraints to '/openlane/designs/csa/runs/myrun/tmp/cts/14-csa.resized.sdc'…
area_report

===========================================================================
report_design_area
============================================================================
Design area 933 u^2 37% utilization.
area_report_end
