
===========================================================================
report_checks -path_delay max (Setup)
============================================================================
======================= Typical Corner ===================================

Startpoint: A[0] (input port clocked by clk)
Endpoint: P[15] (output port clocked by clk)
Path Group: clk
Path Type: max

Fanout     Cap    Slew   Delay    Time   Description
-----------------------------------------------------------------------------
                  0.00    0.00    0.00   clock clk (rise edge)
                          0.00    0.00   clock network delay (ideal)
                          2.00    2.00 v input external delay
                  0.04    0.03    2.03 v A[0] (in)
     5    0.02                           A[0] (net)
                  0.04    0.00    2.03 v _297_/A (sky130_fd_sc_hd__or4_2)
                  0.09    0.67    2.70 v _297_/X (sky130_fd_sc_hd__or4_2)
     1    0.00                           _231_ (net)
                  0.09    0.00    2.70 v _298_/A (sky130_fd_sc_hd__buf_1)
                  0.12    0.19    2.90 v _298_/X (sky130_fd_sc_hd__buf_1)
     7    0.02                           _232_ (net)
                  0.12    0.00    2.90 v _360_/D (sky130_fd_sc_hd__or4_2)
                  0.14    0.64    3.54 v _360_/X (sky130_fd_sc_hd__or4_2)
     3    0.01                           _014_ (net)
                  0.14    0.00    3.54 v _361_/B (sky130_fd_sc_hd__and3b_2)
                  0.05    0.25    3.80 v _361_/X (sky130_fd_sc_hd__and3b_2)
     2    0.01                           _015_ (net)
                  0.05    0.00    3.80 v _367_/A1 (sky130_fd_sc_hd__o31a_2)
                  0.06    0.37    4.17 v _367_/X (sky130_fd_sc_hd__o31a_2)
     3    0.01                           _021_ (net)
                  0.06    0.00    4.17 v _371_/A (sky130_fd_sc_hd__or3b_2)
                  0.09    0.51    4.68 v _371_/X (sky130_fd_sc_hd__or3b_2)
     3    0.01                           _025_ (net)
                  0.09    0.00    4.68 v _373_/B (sky130_fd_sc_hd__and3_2)
                  0.08    0.27    4.95 v _373_/X (sky130_fd_sc_hd__and3_2)
     5    0.02                           _027_ (net)
                  0.08    0.00    4.95 v _378_/A (sky130_fd_sc_hd__or3_2)
                  0.08    0.50    5.46 v _378_/X (sky130_fd_sc_hd__or3_2)
     2    0.00                           _032_ (net)
                  0.08    0.00    5.46 v _382_/A1 (sky130_fd_sc_hd__a21o_2)
                  0.04    0.22    5.67 v _382_/X (sky130_fd_sc_hd__a21o_2)
     2    0.01                           _036_ (net)
                  0.04    0.00    5.67 v _415_/A1 (sky130_fd_sc_hd__a21oi_2)
                  0.19    0.20    5.88 ^ _415_/Y (sky130_fd_sc_hd__a21oi_2)
     2    0.01                           _068_ (net)
                  0.19    0.00    5.88 ^ _436_/A2 (sky130_fd_sc_hd__a21oi_2)
                  0.09    0.13    6.01 v _436_/Y (sky130_fd_sc_hd__a21oi_2)
     4    0.02                           _088_ (net)
                  0.09    0.00    6.01 v _524_/B2 (sky130_fd_sc_hd__a221oi_2)
                  0.42    0.43    6.44 ^ _524_/Y (sky130_fd_sc_hd__a221oi_2)
     3    0.02                           _172_ (net)
                  0.42    0.00    6.44 ^ _560_/A2 (sky130_fd_sc_hd__o31ai_2)
                  0.10    0.15    6.59 v _560_/Y (sky130_fd_sc_hd__o31ai_2)
     2    0.01                           _206_ (net)
                  0.10    0.00    6.59 v _562_/A2 (sky130_fd_sc_hd__a21o_2)
                  0.05    0.26    6.85 v _562_/X (sky130_fd_sc_hd__a21o_2)
     1    0.01                           _207_ (net)
                  0.05    0.00    6.85 v _568_/A (sky130_fd_sc_hd__xnor2_2)
                  0.45    0.41    7.26 ^ _568_/Y (sky130_fd_sc_hd__xnor2_2)
     1    0.03                           P[15] (net)
                  0.45    0.00    7.26 ^ P[15] (out)
                                  7.26   data arrival time

                  0.00   10.00   10.00   clock clk (rise edge)
                          0.00   10.00   clock network delay (ideal)
                         -0.25    9.75   clock uncertainty
                          0.00    9.75   clock reconvergence pessimism
                         -2.00    7.75   output external delay
                                  7.75   data required time
-----------------------------------------------------------------------------
                                  7.75   data required time
                                 -7.26   data arrival time
-----------------------------------------------------------------------------
                                  0.49   slack (MET)


Startpoint: A[0] (input port clocked by clk)
Endpoint: P[14] (output port clocked by clk)
Path Group: clk
Path Type: max

Fanout     Cap    Slew   Delay    Time   Description
-----------------------------------------------------------------------------
                  0.00    0.00    0.00   clock clk (rise edge)
                          0.00    0.00   clock network delay (ideal)
                          2.00    2.00 v input external delay
                  0.04    0.03    2.03 v A[0] (in)
     5    0.02                           A[0] (net)
                  0.04    0.00    2.03 v _297_/A (sky130_fd_sc_hd__or4_2)
                  0.09    0.67    2.70 v _297_/X (sky130_fd_sc_hd__or4_2)
     1    0.00                           _231_ (net)
                  0.09    0.00    2.70 v _298_/A (sky130_fd_sc_hd__buf_1)
                  0.12    0.19    2.90 v _298_/X (sky130_fd_sc_hd__buf_1)
     7    0.02                           _232_ (net)
                  0.12    0.00    2.90 v _360_/D (sky130_fd_sc_hd__or4_2)
                  0.14    0.64    3.54 v _360_/X (sky130_fd_sc_hd__or4_2)
     3    0.01                           _014_ (net)
                  0.14    0.00    3.54 v _361_/B (sky130_fd_sc_hd__and3b_2)
                  0.05    0.25    3.80 v _361_/X (sky130_fd_sc_hd__and3b_2)
     2    0.01                           _015_ (net)
                  0.05    0.00    3.80 v _367_/A1 (sky130_fd_sc_hd__o31a_2)
                  0.06    0.37    4.17 v _367_/X (sky130_fd_sc_hd__o31a_2)
     3    0.01                           _021_ (net)
                  0.06    0.00    4.17 v _371_/A (sky130_fd_sc_hd__or3b_2)
                  0.09    0.51    4.68 v _371_/X (sky130_fd_sc_hd__or3b_2)
     3    0.01                           _025_ (net)
                  0.09    0.00    4.68 v _373_/B (sky130_fd_sc_hd__and3_2)
                  0.08    0.27    4.95 v _373_/X (sky130_fd_sc_hd__and3_2)
     5    0.02                           _027_ (net)
                  0.08    0.00    4.95 v _378_/A (sky130_fd_sc_hd__or3_2)
                  0.08    0.50    5.46 v _378_/X (sky130_fd_sc_hd__or3_2)
     2    0.00                           _032_ (net)
                  0.08    0.00    5.46 v _382_/A1 (sky130_fd_sc_hd__a21o_2)
                  0.04    0.22    5.67 v _382_/X (sky130_fd_sc_hd__a21o_2)
     2    0.01                           _036_ (net)
                  0.04    0.00    5.67 v _415_/A1 (sky130_fd_sc_hd__a21oi_2)
                  0.19    0.20    5.88 ^ _415_/Y (sky130_fd_sc_hd__a21oi_2)
     2    0.01                           _068_ (net)
                  0.19    0.00    5.88 ^ _436_/A2 (sky130_fd_sc_hd__a21oi_2)
                  0.09    0.13    6.01 v _436_/Y (sky130_fd_sc_hd__a21oi_2)
     4    0.02                           _088_ (net)
                  0.09    0.00    6.01 v _524_/B2 (sky130_fd_sc_hd__a221oi_2)
                  0.42    0.43    6.44 ^ _524_/Y (sky130_fd_sc_hd__a221oi_2)
     3    0.02                           _172_ (net)
                  0.42    0.00    6.44 ^ _560_/A2 (sky130_fd_sc_hd__o31ai_2)
                  0.10    0.15    6.59 v _560_/Y (sky130_fd_sc_hd__o31ai_2)
     2    0.01                           _206_ (net)
                  0.10    0.00    6.59 v _561_/B (sky130_fd_sc_hd__xor2_2)
                  0.43    0.39    6.99 ^ _561_/X (sky130_fd_sc_hd__xor2_2)
     1    0.03                           P[14] (net)
                  0.43    0.00    6.99 ^ P[14] (out)
                                  6.99   data arrival time

                  0.00   10.00   10.00   clock clk (rise edge)
                          0.00   10.00   clock network delay (ideal)
                         -0.25    9.75   clock uncertainty
                          0.00    9.75   clock reconvergence pessimism
                         -2.00    7.75   output external delay
                                  7.75   data required time
-----------------------------------------------------------------------------
                                  7.75   data required time
                                 -6.99   data arrival time
-----------------------------------------------------------------------------
                                  0.76   slack (MET)


Startpoint: A[0] (input port clocked by clk)
Endpoint: P[13] (output port clocked by clk)
Path Group: clk
Path Type: max

Fanout     Cap    Slew   Delay    Time   Description
-----------------------------------------------------------------------------
                  0.00    0.00    0.00   clock clk (rise edge)
                          0.00    0.00   clock network delay (ideal)
                          2.00    2.00 v input external delay
                  0.04    0.03    2.03 v A[0] (in)
     5    0.02                           A[0] (net)
                  0.04    0.00    2.03 v _297_/A (sky130_fd_sc_hd__or4_2)
                  0.09    0.67    2.70 v _297_/X (sky130_fd_sc_hd__or4_2)
     1    0.00                           _231_ (net)
                  0.09    0.00    2.70 v _298_/A (sky130_fd_sc_hd__buf_1)
                  0.12    0.19    2.90 v _298_/X (sky130_fd_sc_hd__buf_1)
     7    0.02                           _232_ (net)
                  0.12    0.00    2.90 v _360_/D (sky130_fd_sc_hd__or4_2)
                  0.14    0.64    3.54 v _360_/X (sky130_fd_sc_hd__or4_2)
     3    0.01                           _014_ (net)
                  0.14    0.00    3.54 v _361_/B (sky130_fd_sc_hd__and3b_2)
                  0.05    0.25    3.80 v _361_/X (sky130_fd_sc_hd__and3b_2)
     2    0.01                           _015_ (net)
                  0.05    0.00    3.80 v _367_/A1 (sky130_fd_sc_hd__o31a_2)
                  0.06    0.37    4.17 v _367_/X (sky130_fd_sc_hd__o31a_2)
     3    0.01                           _021_ (net)
                  0.06    0.00    4.17 v _371_/A (sky130_fd_sc_hd__or3b_2)
                  0.09    0.51    4.68 v _371_/X (sky130_fd_sc_hd__or3b_2)
     3    0.01                           _025_ (net)
                  0.09    0.00    4.68 v _373_/B (sky130_fd_sc_hd__and3_2)
                  0.08    0.27    4.95 v _373_/X (sky130_fd_sc_hd__and3_2)
     5    0.02                           _027_ (net)
                  0.08    0.00    4.95 v _378_/A (sky130_fd_sc_hd__or3_2)
                  0.08    0.50    5.46 v _378_/X (sky130_fd_sc_hd__or3_2)
     2    0.00                           _032_ (net)
                  0.08    0.00    5.46 v _382_/A1 (sky130_fd_sc_hd__a21o_2)
                  0.04    0.22    5.67 v _382_/X (sky130_fd_sc_hd__a21o_2)
     2    0.01                           _036_ (net)
                  0.04    0.00    5.67 v _415_/A1 (sky130_fd_sc_hd__a21oi_2)
                  0.19    0.20    5.88 ^ _415_/Y (sky130_fd_sc_hd__a21oi_2)
     2    0.01                           _068_ (net)
                  0.19    0.00    5.88 ^ _436_/A2 (sky130_fd_sc_hd__a21oi_2)
                  0.09    0.13    6.01 v _436_/Y (sky130_fd_sc_hd__a21oi_2)
     4    0.02                           _088_ (net)
                  0.09    0.00    6.01 v _524_/B2 (sky130_fd_sc_hd__a221oi_2)
                  0.42    0.43    6.44 ^ _524_/Y (sky130_fd_sc_hd__a221oi_2)
     3    0.02                           _172_ (net)
                  0.42    0.00    6.44 ^ _541_/A2 (sky130_fd_sc_hd__o21ai_2)
                  0.09    0.12    6.56 v _541_/Y (sky130_fd_sc_hd__o21ai_2)
     1    0.01                           _188_ (net)
                  0.09    0.00    6.56 v _542_/B (sky130_fd_sc_hd__xnor2_2)
                  0.45    0.40    6.96 ^ _542_/Y (sky130_fd_sc_hd__xnor2_2)
     1    0.03                           P[13] (net)
                  0.45    0.00    6.96 ^ P[13] (out)
                                  6.96   data arrival time

                  0.00   10.00   10.00   clock clk (rise edge)
                          0.00   10.00   clock network delay (ideal)
                         -0.25    9.75   clock uncertainty
                          0.00    9.75   clock reconvergence pessimism
                         -2.00    7.75   output external delay
                                  7.75   data required time
-----------------------------------------------------------------------------
                                  7.75   data required time
                                 -6.96   data arrival time
-----------------------------------------------------------------------------
                                  0.79   slack (MET)


Startpoint: A[0] (input port clocked by clk)
Endpoint: P[12] (output port clocked by clk)
Path Group: clk
Path Type: max

Fanout     Cap    Slew   Delay    Time   Description
-----------------------------------------------------------------------------
                  0.00    0.00    0.00   clock clk (rise edge)
                          0.00    0.00   clock network delay (ideal)
                          2.00    2.00 v input external delay
                  0.04    0.03    2.03 v A[0] (in)
     5    0.02                           A[0] (net)
                  0.04    0.00    2.03 v _297_/A (sky130_fd_sc_hd__or4_2)
                  0.09    0.67    2.70 v _297_/X (sky130_fd_sc_hd__or4_2)
     1    0.00                           _231_ (net)
                  0.09    0.00    2.70 v _298_/A (sky130_fd_sc_hd__buf_1)
                  0.12    0.19    2.90 v _298_/X (sky130_fd_sc_hd__buf_1)
     7    0.02                           _232_ (net)
                  0.12    0.00    2.90 v _360_/D (sky130_fd_sc_hd__or4_2)
                  0.14    0.64    3.54 v _360_/X (sky130_fd_sc_hd__or4_2)
     3    0.01                           _014_ (net)
                  0.14    0.00    3.54 v _361_/B (sky130_fd_sc_hd__and3b_2)
                  0.05    0.25    3.80 v _361_/X (sky130_fd_sc_hd__and3b_2)
     2    0.01                           _015_ (net)
                  0.05    0.00    3.80 v _367_/A1 (sky130_fd_sc_hd__o31a_2)
                  0.06    0.37    4.17 v _367_/X (sky130_fd_sc_hd__o31a_2)
     3    0.01                           _021_ (net)
                  0.06    0.00    4.17 v _371_/A (sky130_fd_sc_hd__or3b_2)
                  0.09    0.51    4.68 v _371_/X (sky130_fd_sc_hd__or3b_2)
     3    0.01                           _025_ (net)
                  0.09    0.00    4.68 v _373_/B (sky130_fd_sc_hd__and3_2)
                  0.08    0.27    4.95 v _373_/X (sky130_fd_sc_hd__and3_2)
     5    0.02                           _027_ (net)
                  0.08    0.00    4.95 v _378_/A (sky130_fd_sc_hd__or3_2)
                  0.08    0.50    5.46 v _378_/X (sky130_fd_sc_hd__or3_2)
     2    0.00                           _032_ (net)
                  0.08    0.00    5.46 v _382_/A1 (sky130_fd_sc_hd__a21o_2)
                  0.04    0.22    5.67 v _382_/X (sky130_fd_sc_hd__a21o_2)
     2    0.01                           _036_ (net)
                  0.04    0.00    5.67 v _415_/A1 (sky130_fd_sc_hd__a21oi_2)
                  0.19    0.20    5.88 ^ _415_/Y (sky130_fd_sc_hd__a21oi_2)
     2    0.01                           _068_ (net)
                  0.19    0.00    5.88 ^ _436_/A2 (sky130_fd_sc_hd__a21oi_2)
                  0.09    0.13    6.01 v _436_/Y (sky130_fd_sc_hd__a21oi_2)
     4    0.02                           _088_ (net)
                  0.09    0.00    6.01 v _524_/B2 (sky130_fd_sc_hd__a221oi_2)
                  0.42    0.43    6.44 ^ _524_/Y (sky130_fd_sc_hd__a221oi_2)
     3    0.02                           _172_ (net)
                  0.42    0.00    6.44 ^ _525_/B (sky130_fd_sc_hd__xor2_2)
                  0.43    0.42    6.86 ^ _525_/X (sky130_fd_sc_hd__xor2_2)
     1    0.03                           P[12] (net)
                  0.43    0.00    6.86 ^ P[12] (out)
                                  6.86   data arrival time

                  0.00   10.00   10.00   clock clk (rise edge)
                          0.00   10.00   clock network delay (ideal)
                         -0.25    9.75   clock uncertainty
                          0.00    9.75   clock reconvergence pessimism
                         -2.00    7.75   output external delay
                                  7.75   data required time
-----------------------------------------------------------------------------
                                  7.75   data required time
                                 -6.86   data arrival time
-----------------------------------------------------------------------------
                                  0.89   slack (MET)


Startpoint: A[0] (input port clocked by clk)
Endpoint: P[11] (output port clocked by clk)
Path Group: clk
Path Type: max

Fanout     Cap    Slew   Delay    Time   Description
-----------------------------------------------------------------------------
                  0.00    0.00    0.00   clock clk (rise edge)
                          0.00    0.00   clock network delay (ideal)
                          2.00    2.00 v input external delay
                  0.04    0.03    2.03 v A[0] (in)
     5    0.02                           A[0] (net)
                  0.04    0.00    2.03 v _297_/A (sky130_fd_sc_hd__or4_2)
                  0.09    0.67    2.70 v _297_/X (sky130_fd_sc_hd__or4_2)
     1    0.00                           _231_ (net)
                  0.09    0.00    2.70 v _298_/A (sky130_fd_sc_hd__buf_1)
                  0.12    0.19    2.90 v _298_/X (sky130_fd_sc_hd__buf_1)
     7    0.02                           _232_ (net)
                  0.12    0.00    2.90 v _360_/D (sky130_fd_sc_hd__or4_2)
                  0.14    0.64    3.54 v _360_/X (sky130_fd_sc_hd__or4_2)
     3    0.01                           _014_ (net)
                  0.14    0.00    3.54 v _361_/B (sky130_fd_sc_hd__and3b_2)
                  0.05    0.25    3.80 v _361_/X (sky130_fd_sc_hd__and3b_2)
     2    0.01                           _015_ (net)
                  0.05    0.00    3.80 v _367_/A1 (sky130_fd_sc_hd__o31a_2)
                  0.06    0.37    4.17 v _367_/X (sky130_fd_sc_hd__o31a_2)
     3    0.01                           _021_ (net)
                  0.06    0.00    4.17 v _371_/A (sky130_fd_sc_hd__or3b_2)
                  0.09    0.51    4.68 v _371_/X (sky130_fd_sc_hd__or3b_2)
     3    0.01                           _025_ (net)
                  0.09    0.00    4.68 v _373_/B (sky130_fd_sc_hd__and3_2)
                  0.08    0.27    4.95 v _373_/X (sky130_fd_sc_hd__and3_2)
     5    0.02                           _027_ (net)
                  0.08    0.00    4.95 v _378_/A (sky130_fd_sc_hd__or3_2)
                  0.08    0.50    5.46 v _378_/X (sky130_fd_sc_hd__or3_2)
     2    0.00                           _032_ (net)
                  0.08    0.00    5.46 v _382_/A1 (sky130_fd_sc_hd__a21o_2)
                  0.04    0.22    5.67 v _382_/X (sky130_fd_sc_hd__a21o_2)
     2    0.01                           _036_ (net)
                  0.04    0.00    5.67 v _415_/A1 (sky130_fd_sc_hd__a21oi_2)
                  0.19    0.20    5.88 ^ _415_/Y (sky130_fd_sc_hd__a21oi_2)
     2    0.01                           _068_ (net)
                  0.19    0.00    5.88 ^ _436_/A2 (sky130_fd_sc_hd__a21oi_2)
                  0.09    0.13    6.01 v _436_/Y (sky130_fd_sc_hd__a21oi_2)
     4    0.02                           _088_ (net)
                  0.09    0.00    6.01 v _482_/A1 (sky130_fd_sc_hd__a21oi_2)
                  0.19    0.22    6.23 ^ _482_/Y (sky130_fd_sc_hd__a21oi_2)
     2    0.01                           _132_ (net)
                  0.19    0.00    6.23 ^ _500_/A2 (sky130_fd_sc_hd__o21ai_2)
                  0.08    0.09    6.33 v _500_/Y (sky130_fd_sc_hd__o21ai_2)
     1    0.01                           _149_ (net)
                  0.08    0.00    6.33 v _501_/B (sky130_fd_sc_hd__xnor2_2)
                  0.45    0.40    6.72 ^ _501_/Y (sky130_fd_sc_hd__xnor2_2)
     1    0.03                           P[11] (net)
                  0.45    0.00    6.72 ^ P[11] (out)
                                  6.72   data arrival time

                  0.00   10.00   10.00   clock clk (rise edge)
                          0.00   10.00   clock network delay (ideal)
                         -0.25    9.75   clock uncertainty
                          0.00    9.75   clock reconvergence pessimism
                         -2.00    7.75   output external delay
                                  7.75   data required time
-----------------------------------------------------------------------------
                                  7.75   data required time
                                 -6.72   data arrival time
-----------------------------------------------------------------------------
                                  1.03   slack (MET)


Startpoint: A[0] (input port clocked by clk)
Endpoint: P[9] (output port clocked by clk)
Path Group: clk
Path Type: max

Fanout     Cap    Slew   Delay    Time   Description
-----------------------------------------------------------------------------
                  0.00    0.00    0.00   clock clk (rise edge)
                          0.00    0.00   clock network delay (ideal)
                          2.00    2.00 v input external delay
                  0.04    0.03    2.03 v A[0] (in)
     5    0.02                           A[0] (net)
                  0.04    0.00    2.03 v _297_/A (sky130_fd_sc_hd__or4_2)
                  0.09    0.67    2.70 v _297_/X (sky130_fd_sc_hd__or4_2)
     1    0.00                           _231_ (net)
                  0.09    0.00    2.70 v _298_/A (sky130_fd_sc_hd__buf_1)
                  0.12    0.19    2.90 v _298_/X (sky130_fd_sc_hd__buf_1)
     7    0.02                           _232_ (net)
                  0.12    0.00    2.90 v _360_/D (sky130_fd_sc_hd__or4_2)
                  0.14    0.64    3.54 v _360_/X (sky130_fd_sc_hd__or4_2)
     3    0.01                           _014_ (net)
                  0.14    0.00    3.54 v _361_/B (sky130_fd_sc_hd__and3b_2)
                  0.05    0.25    3.80 v _361_/X (sky130_fd_sc_hd__and3b_2)
     2    0.01                           _015_ (net)
                  0.05    0.00    3.80 v _367_/A1 (sky130_fd_sc_hd__o31a_2)
                  0.06    0.37    4.17 v _367_/X (sky130_fd_sc_hd__o31a_2)
     3    0.01                           _021_ (net)
                  0.06    0.00    4.17 v _371_/A (sky130_fd_sc_hd__or3b_2)
                  0.09    0.51    4.68 v _371_/X (sky130_fd_sc_hd__or3b_2)
     3    0.01                           _025_ (net)
                  0.09    0.00    4.68 v _373_/B (sky130_fd_sc_hd__and3_2)
                  0.08    0.27    4.95 v _373_/X (sky130_fd_sc_hd__and3_2)
     5    0.02                           _027_ (net)
                  0.08    0.00    4.95 v _378_/A (sky130_fd_sc_hd__or3_2)
                  0.08    0.50    5.46 v _378_/X (sky130_fd_sc_hd__or3_2)
     2    0.00                           _032_ (net)
                  0.08    0.00    5.46 v _382_/A1 (sky130_fd_sc_hd__a21o_2)
                  0.04    0.22    5.67 v _382_/X (sky130_fd_sc_hd__a21o_2)
     2    0.01                           _036_ (net)
                  0.04    0.00    5.67 v _415_/A1 (sky130_fd_sc_hd__a21oi_2)
                  0.19    0.20    5.88 ^ _415_/Y (sky130_fd_sc_hd__a21oi_2)
     2    0.01                           _068_ (net)
                  0.19    0.00    5.88 ^ _436_/A2 (sky130_fd_sc_hd__a21oi_2)
                  0.09    0.13    6.01 v _436_/Y (sky130_fd_sc_hd__a21oi_2)
     4    0.02                           _088_ (net)
                  0.09    0.00    6.01 v _457_/B_N (sky130_fd_sc_hd__or2b_2)
                  0.04    0.19    6.20 ^ _457_/X (sky130_fd_sc_hd__or2b_2)
     1    0.00                           _108_ (net)
                  0.04    0.00    6.20 ^ _458_/B1 (sky130_fd_sc_hd__o21ai_2)
                  0.07    0.06    6.26 v _458_/Y (sky130_fd_sc_hd__o21ai_2)
     1    0.01                           _109_ (net)
                  0.07    0.00    6.26 v _459_/B (sky130_fd_sc_hd__xnor2_2)
                  0.45    0.39    6.65 ^ _459_/Y (sky130_fd_sc_hd__xnor2_2)
     1    0.03                           P[9] (net)
                  0.45    0.00    6.65 ^ P[9] (out)
                                  6.65   data arrival time

                  0.00   10.00   10.00   clock clk (rise edge)
                          0.00   10.00   clock network delay (ideal)
                         -0.25    9.75   clock uncertainty
                          0.00    9.75   clock reconvergence pessimism
                         -2.00    7.75   output external delay
                                  7.75   data required time
-----------------------------------------------------------------------------
                                  7.75   data required time
                                 -6.65   data arrival time
-----------------------------------------------------------------------------
                                  1.10   slack (MET)


Startpoint: A[0] (input port clocked by clk)
Endpoint: P[10] (output port clocked by clk)
Path Group: clk
Path Type: max

Fanout     Cap    Slew   Delay    Time   Description
-----------------------------------------------------------------------------
                  0.00    0.00    0.00   clock clk (rise edge)
                          0.00    0.00   clock network delay (ideal)
                          2.00    2.00 v input external delay
                  0.04    0.03    2.03 v A[0] (in)
     5    0.02                           A[0] (net)
                  0.04    0.00    2.03 v _297_/A (sky130_fd_sc_hd__or4_2)
                  0.09    0.67    2.70 v _297_/X (sky130_fd_sc_hd__or4_2)
     1    0.00                           _231_ (net)
                  0.09    0.00    2.70 v _298_/A (sky130_fd_sc_hd__buf_1)
                  0.12    0.19    2.90 v _298_/X (sky130_fd_sc_hd__buf_1)
     7    0.02                           _232_ (net)
                  0.12    0.00    2.90 v _360_/D (sky130_fd_sc_hd__or4_2)
                  0.14    0.64    3.54 v _360_/X (sky130_fd_sc_hd__or4_2)
     3    0.01                           _014_ (net)
                  0.14    0.00    3.54 v _361_/B (sky130_fd_sc_hd__and3b_2)
                  0.05    0.25    3.80 v _361_/X (sky130_fd_sc_hd__and3b_2)
     2    0.01                           _015_ (net)
                  0.05    0.00    3.80 v _367_/A1 (sky130_fd_sc_hd__o31a_2)
                  0.06    0.37    4.17 v _367_/X (sky130_fd_sc_hd__o31a_2)
     3    0.01                           _021_ (net)
                  0.06    0.00    4.17 v _371_/A (sky130_fd_sc_hd__or3b_2)
                  0.09    0.51    4.68 v _371_/X (sky130_fd_sc_hd__or3b_2)
     3    0.01                           _025_ (net)
                  0.09    0.00    4.68 v _373_/B (sky130_fd_sc_hd__and3_2)
                  0.08    0.27    4.95 v _373_/X (sky130_fd_sc_hd__and3_2)
     5    0.02                           _027_ (net)
                  0.08    0.00    4.95 v _378_/A (sky130_fd_sc_hd__or3_2)
                  0.08    0.50    5.46 v _378_/X (sky130_fd_sc_hd__or3_2)
     2    0.00                           _032_ (net)
                  0.08    0.00    5.46 v _382_/A1 (sky130_fd_sc_hd__a21o_2)
                  0.04    0.22    5.67 v _382_/X (sky130_fd_sc_hd__a21o_2)
     2    0.01                           _036_ (net)
                  0.04    0.00    5.67 v _415_/A1 (sky130_fd_sc_hd__a21oi_2)
                  0.19    0.20    5.88 ^ _415_/Y (sky130_fd_sc_hd__a21oi_2)
     2    0.01                           _068_ (net)
                  0.19    0.00    5.88 ^ _436_/A2 (sky130_fd_sc_hd__a21oi_2)
                  0.09    0.13    6.01 v _436_/Y (sky130_fd_sc_hd__a21oi_2)
     4    0.02                           _088_ (net)
                  0.09    0.00    6.01 v _482_/A1 (sky130_fd_sc_hd__a21oi_2)
                  0.19    0.22    6.23 ^ _482_/Y (sky130_fd_sc_hd__a21oi_2)
     2    0.01                           _132_ (net)
                  0.19    0.00    6.23 ^ _483_/B (sky130_fd_sc_hd__xor2_2)
                  0.43    0.40    6.64 ^ _483_/X (sky130_fd_sc_hd__xor2_2)
     1    0.03                           P[10] (net)
                  0.43    0.00    6.64 ^ P[10] (out)
                                  6.64   data arrival time

                  0.00   10.00   10.00   clock clk (rise edge)
                          0.00   10.00   clock network delay (ideal)
                         -0.25    9.75   clock uncertainty
                          0.00    9.75   clock reconvergence pessimism
                         -2.00    7.75   output external delay
                                  7.75   data required time
-----------------------------------------------------------------------------
                                  7.75   data required time
                                 -6.64   data arrival time
-----------------------------------------------------------------------------
                                  1.11   slack (MET)


Startpoint: A[0] (input port clocked by clk)
Endpoint: P[8] (output port clocked by clk)
Path Group: clk
Path Type: max

Fanout     Cap    Slew   Delay    Time   Description
-----------------------------------------------------------------------------
                  0.00    0.00    0.00   clock clk (rise edge)
                          0.00    0.00   clock network delay (ideal)
                          2.00    2.00 v input external delay
                  0.04    0.03    2.03 v A[0] (in)
     5    0.02                           A[0] (net)
                  0.04    0.00    2.03 v _297_/A (sky130_fd_sc_hd__or4_2)
                  0.09    0.67    2.70 v _297_/X (sky130_fd_sc_hd__or4_2)
     1    0.00                           _231_ (net)
                  0.09    0.00    2.70 v _298_/A (sky130_fd_sc_hd__buf_1)
                  0.12    0.19    2.90 v _298_/X (sky130_fd_sc_hd__buf_1)
     7    0.02                           _232_ (net)
                  0.12    0.00    2.90 v _360_/D (sky130_fd_sc_hd__or4_2)
                  0.14    0.64    3.54 v _360_/X (sky130_fd_sc_hd__or4_2)
     3    0.01                           _014_ (net)
                  0.14    0.00    3.54 v _361_/B (sky130_fd_sc_hd__and3b_2)
                  0.05    0.25    3.80 v _361_/X (sky130_fd_sc_hd__and3b_2)
     2    0.01                           _015_ (net)
                  0.05    0.00    3.80 v _367_/A1 (sky130_fd_sc_hd__o31a_2)
                  0.06    0.37    4.17 v _367_/X (sky130_fd_sc_hd__o31a_2)
     3    0.01                           _021_ (net)
                  0.06    0.00    4.17 v _371_/A (sky130_fd_sc_hd__or3b_2)
                  0.09    0.51    4.68 v _371_/X (sky130_fd_sc_hd__or3b_2)
     3    0.01                           _025_ (net)
                  0.09    0.00    4.68 v _373_/B (sky130_fd_sc_hd__and3_2)
                  0.08    0.27    4.95 v _373_/X (sky130_fd_sc_hd__and3_2)
     5    0.02                           _027_ (net)
                  0.08    0.00    4.95 v _378_/A (sky130_fd_sc_hd__or3_2)
                  0.08    0.50    5.46 v _378_/X (sky130_fd_sc_hd__or3_2)
     2    0.00                           _032_ (net)
                  0.08    0.00    5.46 v _382_/A1 (sky130_fd_sc_hd__a21o_2)
                  0.04    0.22    5.67 v _382_/X (sky130_fd_sc_hd__a21o_2)
     2    0.01                           _036_ (net)
                  0.04    0.00    5.67 v _415_/A1 (sky130_fd_sc_hd__a21oi_2)
                  0.19    0.20    5.88 ^ _415_/Y (sky130_fd_sc_hd__a21oi_2)
     2    0.01                           _068_ (net)
                  0.19    0.00    5.88 ^ _436_/A2 (sky130_fd_sc_hd__a21oi_2)
                  0.09    0.13    6.01 v _436_/Y (sky130_fd_sc_hd__a21oi_2)
     4    0.02                           _088_ (net)
                  0.09    0.00    6.01 v _437_/B (sky130_fd_sc_hd__xnor2_2)
                  0.45    0.40    6.41 ^ _437_/Y (sky130_fd_sc_hd__xnor2_2)
     1    0.03                           P[8] (net)
                  0.45    0.00    6.41 ^ P[8] (out)
                                  6.41   data arrival time

                  0.00   10.00   10.00   clock clk (rise edge)
                          0.00   10.00   clock network delay (ideal)
                         -0.25    9.75   clock uncertainty
                          0.00    9.75   clock reconvergence pessimism
                         -2.00    7.75   output external delay
                                  7.75   data required time
-----------------------------------------------------------------------------
                                  7.75   data required time
                                 -6.41   data arrival time
-----------------------------------------------------------------------------
                                  1.34   slack (MET)


Startpoint: A[0] (input port clocked by clk)
Endpoint: P[6] (output port clocked by clk)
Path Group: clk
Path Type: max

Fanout     Cap    Slew   Delay    Time   Description
-----------------------------------------------------------------------------
                  0.00    0.00    0.00   clock clk (rise edge)
                          0.00    0.00   clock network delay (ideal)
                          2.00    2.00 v input external delay
                  0.04    0.03    2.03 v A[0] (in)
     5    0.02                           A[0] (net)
                  0.04    0.00    2.03 v _297_/A (sky130_fd_sc_hd__or4_2)
                  0.09    0.67    2.70 v _297_/X (sky130_fd_sc_hd__or4_2)
     1    0.00                           _231_ (net)
                  0.09    0.00    2.70 v _298_/A (sky130_fd_sc_hd__buf_1)
                  0.12    0.19    2.90 v _298_/X (sky130_fd_sc_hd__buf_1)
     7    0.02                           _232_ (net)
                  0.12    0.00    2.90 v _360_/D (sky130_fd_sc_hd__or4_2)
                  0.14    0.64    3.54 v _360_/X (sky130_fd_sc_hd__or4_2)
     3    0.01                           _014_ (net)
                  0.14    0.00    3.54 v _361_/B (sky130_fd_sc_hd__and3b_2)
                  0.05    0.25    3.80 v _361_/X (sky130_fd_sc_hd__and3b_2)
     2    0.01                           _015_ (net)
                  0.05    0.00    3.80 v _367_/A1 (sky130_fd_sc_hd__o31a_2)
                  0.06    0.37    4.17 v _367_/X (sky130_fd_sc_hd__o31a_2)
     3    0.01                           _021_ (net)
                  0.06    0.00    4.17 v _371_/A (sky130_fd_sc_hd__or3b_2)
                  0.09    0.51    4.68 v _371_/X (sky130_fd_sc_hd__or3b_2)
     3    0.01                           _025_ (net)
                  0.09    0.00    4.68 v _373_/B (sky130_fd_sc_hd__and3_2)
                  0.08    0.27    4.95 v _373_/X (sky130_fd_sc_hd__and3_2)
     5    0.02                           _027_ (net)
                  0.08    0.00    4.95 v _378_/A (sky130_fd_sc_hd__or3_2)
                  0.08    0.50    5.46 v _378_/X (sky130_fd_sc_hd__or3_2)
     2    0.00                           _032_ (net)
                  0.08    0.00    5.46 v _381_/A (sky130_fd_sc_hd__and3_2)
                  0.05    0.20    5.66 v _381_/X (sky130_fd_sc_hd__and3_2)
     2    0.01                           _035_ (net)
                  0.05    0.00    5.66 v _383_/A (sky130_fd_sc_hd__or2b_2)
                  0.07    0.32    5.98 v _383_/X (sky130_fd_sc_hd__or2b_2)
     1    0.01                           _037_ (net)
                  0.07    0.00    5.98 v _385_/A (sky130_fd_sc_hd__xnor2_2)
                  0.45    0.42    6.40 ^ _385_/Y (sky130_fd_sc_hd__xnor2_2)
     1    0.03                           P[6] (net)
                  0.45    0.00    6.40 ^ P[6] (out)
                                  6.40   data arrival time

                  0.00   10.00   10.00   clock clk (rise edge)
                          0.00   10.00   clock network delay (ideal)
                         -0.25    9.75   clock uncertainty
                          0.00    9.75   clock reconvergence pessimism
                         -2.00    7.75   output external delay
                                  7.75   data required time
-----------------------------------------------------------------------------
                                  7.75   data required time
                                 -6.40   data arrival time
-----------------------------------------------------------------------------
                                  1.35   slack (MET)


Startpoint: A[0] (input port clocked by clk)
Endpoint: P[7] (output port clocked by clk)
Path Group: clk
Path Type: max

Fanout     Cap    Slew   Delay    Time   Description
-----------------------------------------------------------------------------
                  0.00    0.00    0.00   clock clk (rise edge)
                          0.00    0.00   clock network delay (ideal)
                          2.00    2.00 v input external delay
                  0.04    0.03    2.03 v A[0] (in)
     5    0.02                           A[0] (net)
                  0.04    0.00    2.03 v _297_/A (sky130_fd_sc_hd__or4_2)
                  0.09    0.67    2.70 v _297_/X (sky130_fd_sc_hd__or4_2)
     1    0.00                           _231_ (net)
                  0.09    0.00    2.70 v _298_/A (sky130_fd_sc_hd__buf_1)
                  0.12    0.19    2.90 v _298_/X (sky130_fd_sc_hd__buf_1)
     7    0.02                           _232_ (net)
                  0.12    0.00    2.90 v _360_/D (sky130_fd_sc_hd__or4_2)
                  0.14    0.64    3.54 v _360_/X (sky130_fd_sc_hd__or4_2)
     3    0.01                           _014_ (net)
                  0.14    0.00    3.54 v _361_/B (sky130_fd_sc_hd__and3b_2)
                  0.05    0.25    3.80 v _361_/X (sky130_fd_sc_hd__and3b_2)
     2    0.01                           _015_ (net)
                  0.05    0.00    3.80 v _367_/A1 (sky130_fd_sc_hd__o31a_2)
                  0.06    0.37    4.17 v _367_/X (sky130_fd_sc_hd__o31a_2)
     3    0.01                           _021_ (net)
                  0.06    0.00    4.17 v _371_/A (sky130_fd_sc_hd__or3b_2)
                  0.09    0.51    4.68 v _371_/X (sky130_fd_sc_hd__or3b_2)
     3    0.01                           _025_ (net)
                  0.09    0.00    4.68 v _407_/B (sky130_fd_sc_hd__and2b_2)
                  0.05    0.24    4.92 v _407_/X (sky130_fd_sc_hd__and2b_2)
     2    0.01                           _060_ (net)
                  0.05    0.00    4.92 v _408_/B (sky130_fd_sc_hd__xnor2_2)
                  0.09    0.16    5.09 v _408_/Y (sky130_fd_sc_hd__xnor2_2)
     2    0.01                           _061_ (net)
                  0.09    0.00    5.09 v _411_/A (sky130_fd_sc_hd__xor2_2)
                  0.08    0.21    5.29 v _411_/X (sky130_fd_sc_hd__xor2_2)
     2    0.01                           _064_ (net)
                  0.08    0.00    5.29 v _412_/C (sky130_fd_sc_hd__nor3_2)
                  0.17    0.15    5.45 ^ _412_/Y (sky130_fd_sc_hd__nor3_2)
     2    0.01                           _065_ (net)
                  0.17    0.00    5.45 ^ _414_/A_N (sky130_fd_sc_hd__and2b_2)
                  0.05    0.27    5.71 v _414_/X (sky130_fd_sc_hd__and2b_2)
     1    0.01                           _067_ (net)
                  0.05    0.00    5.71 v _416_/A (sky130_fd_sc_hd__xnor2_2)
                  0.45    0.41    6.12 ^ _416_/Y (sky130_fd_sc_hd__xnor2_2)
     1    0.03                           P[7] (net)
                  0.45    0.00    6.12 ^ P[7] (out)
                                  6.12   data arrival time

                  0.00   10.00   10.00   clock clk (rise edge)
                          0.00   10.00   clock network delay (ideal)
                         -0.25    9.75   clock uncertainty
                          0.00    9.75   clock reconvergence pessimism
                         -2.00    7.75   output external delay
                                  7.75   data required time
-----------------------------------------------------------------------------
                                  7.75   data required time
                                 -6.12   data arrival time
-----------------------------------------------------------------------------
                                  1.63   slack (MET)


Startpoint: A[0] (input port clocked by clk)
Endpoint: P[5] (output port clocked by clk)
Path Group: clk
Path Type: max

Fanout     Cap    Slew   Delay    Time   Description
-----------------------------------------------------------------------------
                  0.00    0.00    0.00   clock clk (rise edge)
                          0.00    0.00   clock network delay (ideal)
                          2.00    2.00 v input external delay
                  0.04    0.03    2.03 v A[0] (in)
     5    0.02                           A[0] (net)
                  0.04    0.00    2.03 v _297_/A (sky130_fd_sc_hd__or4_2)
                  0.09    0.67    2.70 v _297_/X (sky130_fd_sc_hd__or4_2)
     1    0.00                           _231_ (net)
                  0.09    0.00    2.70 v _298_/A (sky130_fd_sc_hd__buf_1)
                  0.12    0.19    2.90 v _298_/X (sky130_fd_sc_hd__buf_1)
     7    0.02                           _232_ (net)
                  0.12    0.00    2.90 v _331_/C (sky130_fd_sc_hd__or3_2)
                  0.08    0.46    3.36 v _331_/X (sky130_fd_sc_hd__or3_2)
     3    0.00                           _264_ (net)
                  0.08    0.00    3.36 v _333_/B (sky130_fd_sc_hd__and3_2)
                  0.05    0.23    3.59 v _333_/X (sky130_fd_sc_hd__and3_2)
     2    0.01                           _266_ (net)
                  0.05    0.00    3.59 v _338_/A1 (sky130_fd_sc_hd__o31a_2)
                  0.07    0.39    3.98 v _338_/X (sky130_fd_sc_hd__o31a_2)
     4    0.01                           _271_ (net)
                  0.07    0.00    3.98 v _341_/A (sky130_fd_sc_hd__or3b_2)
                  0.11    0.54    4.52 v _341_/X (sky130_fd_sc_hd__or3b_2)
     3    0.01                           _274_ (net)
                  0.11    0.00    4.52 v _352_/A1 (sky130_fd_sc_hd__a21o_2)
                  0.04    0.22    4.74 v _352_/X (sky130_fd_sc_hd__a21o_2)
     2    0.00                           _007_ (net)
                  0.04    0.00    4.74 v _356_/A2 (sky130_fd_sc_hd__a21o_2)
                  0.04    0.21    4.95 v _356_/X (sky130_fd_sc_hd__a21o_2)
     2    0.00                           _011_ (net)
                  0.04    0.00    4.95 v _357_/B (sky130_fd_sc_hd__and2b_2)
                  0.05    0.21    5.16 v _357_/X (sky130_fd_sc_hd__and2b_2)
     1    0.01                           _012_ (net)
                  0.05    0.00    5.16 v _358_/B (sky130_fd_sc_hd__xnor2_2)
                  0.45    0.38    5.55 ^ _358_/Y (sky130_fd_sc_hd__xnor2_2)
     1    0.03                           P[5] (net)
                  0.45    0.00    5.55 ^ P[5] (out)
                                  5.55   data arrival time

                  0.00   10.00   10.00   clock clk (rise edge)
                          0.00   10.00   clock network delay (ideal)
                         -0.25    9.75   clock uncertainty
                          0.00    9.75   clock reconvergence pessimism
                         -2.00    7.75   output external delay
                                  7.75   data required time
-----------------------------------------------------------------------------
                                  7.75   data required time
                                 -5.55   data arrival time
-----------------------------------------------------------------------------
                                  2.20   slack (MET)


Startpoint: A[0] (input port clocked by clk)
Endpoint: P[4] (output port clocked by clk)
Path Group: clk
Path Type: max

Fanout     Cap    Slew   Delay    Time   Description
-----------------------------------------------------------------------------
                  0.00    0.00    0.00   clock clk (rise edge)
                          0.00    0.00   clock network delay (ideal)
                          2.00    2.00 v input external delay
                  0.04    0.03    2.03 v A[0] (in)
     5    0.02                           A[0] (net)
                  0.04    0.00    2.03 v _297_/A (sky130_fd_sc_hd__or4_2)
                  0.09    0.67    2.70 v _297_/X (sky130_fd_sc_hd__or4_2)
     1    0.00                           _231_ (net)
                  0.09    0.00    2.70 v _298_/A (sky130_fd_sc_hd__buf_1)
                  0.12    0.19    2.90 v _298_/X (sky130_fd_sc_hd__buf_1)
     7    0.02                           _232_ (net)
                  0.12    0.00    2.90 v _299_/B1_N (sky130_fd_sc_hd__a21boi_2)
                  0.08    0.23    3.13 v _299_/Y (sky130_fd_sc_hd__a21boi_2)
     8    0.02                           _233_ (net)
                  0.08    0.00    3.13 v _321_/A2 (sky130_fd_sc_hd__a221o_2)
                  0.07    0.44    3.56 v _321_/X (sky130_fd_sc_hd__a221o_2)
     2    0.01                           _254_ (net)
                  0.07    0.00    3.56 v _322_/B (sky130_fd_sc_hd__xor2_2)
                  0.17    0.19    3.75 ^ _322_/X (sky130_fd_sc_hd__xor2_2)
     2    0.01                           _255_ (net)
                  0.17    0.00    3.75 ^ _323_/B (sky130_fd_sc_hd__xor2_2)
                  0.19    0.22    3.97 ^ _323_/X (sky130_fd_sc_hd__xor2_2)
     2    0.01                           _256_ (net)
                  0.19    0.00    3.97 ^ _328_/A (sky130_fd_sc_hd__xnor2_2)
                  0.07    0.11    4.08 v _328_/Y (sky130_fd_sc_hd__xnor2_2)
     3    0.01                           _261_ (net)
                  0.07    0.00    4.08 v _569_/B (sky130_fd_sc_hd__or2_2)
                  0.05    0.28    4.36 v _569_/X (sky130_fd_sc_hd__or2_2)
     1    0.00                           _213_ (net)
                  0.05    0.00    4.36 v _570_/B (sky130_fd_sc_hd__and2_2)
                  0.03    0.19    4.55 v _570_/X (sky130_fd_sc_hd__and2_2)
     1    0.00                           _214_ (net)
                  0.03    0.00    4.55 v _571_/A (sky130_fd_sc_hd__buf_1)
                  0.19    0.22    4.78 v _571_/X (sky130_fd_sc_hd__buf_1)
     1    0.03                           P[4] (net)
                  0.19    0.00    4.78 v P[4] (out)
                                  4.78   data arrival time

                  0.00   10.00   10.00   clock clk (rise edge)
                          0.00   10.00   clock network delay (ideal)
                         -0.25    9.75   clock uncertainty
                          0.00    9.75   clock reconvergence pessimism
                         -2.00    7.75   output external delay
                                  7.75   data required time
-----------------------------------------------------------------------------
                                  7.75   data required time
                                 -4.78   data arrival time
-----------------------------------------------------------------------------
                                  2.97   slack (MET)


Startpoint: A[0] (input port clocked by clk)
Endpoint: P[3] (output port clocked by clk)
Path Group: clk
Path Type: max

Fanout     Cap    Slew   Delay    Time   Description
-----------------------------------------------------------------------------
                  0.00    0.00    0.00   clock clk (rise edge)
                          0.00    0.00   clock network delay (ideal)
                          2.00    2.00 v input external delay
                  0.04    0.03    2.03 v A[0] (in)
     5    0.02                           A[0] (net)
                  0.04    0.00    2.03 v _297_/A (sky130_fd_sc_hd__or4_2)
                  0.09    0.67    2.70 v _297_/X (sky130_fd_sc_hd__or4_2)
     1    0.00                           _231_ (net)
                  0.09    0.00    2.70 v _298_/A (sky130_fd_sc_hd__buf_1)
                  0.12    0.19    2.90 v _298_/X (sky130_fd_sc_hd__buf_1)
     7    0.02                           _232_ (net)
                  0.12    0.00    2.90 v _299_/B1_N (sky130_fd_sc_hd__a21boi_2)
                  0.08    0.23    3.13 v _299_/Y (sky130_fd_sc_hd__a21boi_2)
     8    0.02                           _233_ (net)
                  0.08    0.00    3.13 v _300_/B (sky130_fd_sc_hd__and2_2)
                  0.05    0.22    3.35 v _300_/X (sky130_fd_sc_hd__and2_2)
     2    0.01                           _234_ (net)
                  0.05    0.00    3.35 v _311_/B (sky130_fd_sc_hd__nor3_2)
                  0.14    0.17    3.52 ^ _311_/Y (sky130_fd_sc_hd__nor3_2)
     1    0.00                           _245_ (net)
                  0.14    0.00    3.52 ^ _312_/B (sky130_fd_sc_hd__nor2_2)
                  0.04    0.06    3.57 v _312_/Y (sky130_fd_sc_hd__nor2_2)
     2    0.01                           _246_ (net)
                  0.04    0.00    3.57 v _313_/B (sky130_fd_sc_hd__and2_2)
                  0.06    0.22    3.79 v _313_/X (sky130_fd_sc_hd__and2_2)
     4    0.01                           _247_ (net)
                  0.06    0.00    3.79 v _315_/A (sky130_fd_sc_hd__nor2_2)
                  0.37    0.34    4.14 ^ _315_/Y (sky130_fd_sc_hd__nor2_2)
     1    0.03                           P[3] (net)
                  0.37    0.00    4.14 ^ P[3] (out)
                                  4.14   data arrival time

                  0.00   10.00   10.00   clock clk (rise edge)
                          0.00   10.00   clock network delay (ideal)
                         -0.25    9.75   clock uncertainty
                          0.00    9.75   clock reconvergence pessimism
                         -2.00    7.75   output external delay
                                  7.75   data required time
-----------------------------------------------------------------------------
                                  7.75   data required time
                                 -4.14   data arrival time
-----------------------------------------------------------------------------
                                  3.61   slack (MET)


Startpoint: A[1] (input port clocked by clk)
Endpoint: P[2] (output port clocked by clk)
Path Group: clk
Path Type: max

Fanout     Cap    Slew   Delay    Time   Description
-----------------------------------------------------------------------------
                  0.00    0.00    0.00   clock clk (rise edge)
                          0.00    0.00   clock network delay (ideal)
                          2.00    2.00 v input external delay
                  0.01    0.01    2.01 v A[1] (in)
     2    0.00                           A[1] (net)
                  0.01    0.00    2.01 v _281_/A (sky130_fd_sc_hd__buf_1)
                  0.17    0.19    2.20 v _281_/X (sky130_fd_sc_hd__buf_1)
    10    0.03                           _217_ (net)
                  0.17    0.00    2.20 v _289_/B (sky130_fd_sc_hd__or3_2)
                  0.09    0.53    2.73 v _289_/X (sky130_fd_sc_hd__or3_2)
     2    0.01                           _224_ (net)
                  0.09    0.00    2.73 v _291_/A (sky130_fd_sc_hd__and2_2)
                  0.07    0.23    2.96 v _291_/X (sky130_fd_sc_hd__and2_2)
     8    0.02                           _226_ (net)
                  0.07    0.00    2.96 v _293_/A2 (sky130_fd_sc_hd__a21o_2)
                  0.04    0.23    3.20 v _293_/X (sky130_fd_sc_hd__a21o_2)
     2    0.01                           _228_ (net)
                  0.04    0.00    3.20 v _294_/C (sky130_fd_sc_hd__and3_2)
                  0.06    0.24    3.43 v _294_/X (sky130_fd_sc_hd__and3_2)
     3    0.01                           _229_ (net)
                  0.06    0.00    3.43 v _296_/A (sky130_fd_sc_hd__nor2_2)
                  0.37    0.34    3.78 ^ _296_/Y (sky130_fd_sc_hd__nor2_2)
     1    0.03                           P[2] (net)
                  0.37    0.00    3.78 ^ P[2] (out)
                                  3.78   data arrival time

                  0.00   10.00   10.00   clock clk (rise edge)
                          0.00   10.00   clock network delay (ideal)
                         -0.25    9.75   clock uncertainty
                          0.00    9.75   clock reconvergence pessimism
                         -2.00    7.75   output external delay
                                  7.75   data required time
-----------------------------------------------------------------------------
                                  7.75   data required time
                                 -3.78   data arrival time
-----------------------------------------------------------------------------
                                  3.97   slack (MET)


Startpoint: A[1] (input port clocked by clk)
Endpoint: P[1] (output port clocked by clk)
Path Group: clk
Path Type: max

Fanout     Cap    Slew   Delay    Time   Description
-----------------------------------------------------------------------------
                  0.00    0.00    0.00   clock clk (rise edge)
                          0.00    0.00   clock network delay (ideal)
                          2.00    2.00 ^ input external delay
                  0.03    0.02    2.02 ^ A[1] (in)
     2    0.00                           A[1] (net)
                  0.03    0.00    2.02 ^ _281_/A (sky130_fd_sc_hd__buf_1)
                  0.38    0.32    2.34 ^ _281_/X (sky130_fd_sc_hd__buf_1)
    10    0.03                           _217_ (net)
                  0.38    0.00    2.34 ^ _284_/B (sky130_fd_sc_hd__xor2_2)
                  0.15    0.19    2.53 v _284_/X (sky130_fd_sc_hd__xor2_2)
     8    0.02                           _220_ (net)
                  0.15    0.00    2.53 v _286_/A2 (sky130_fd_sc_hd__a22o_2)
                  0.04    0.30    2.83 v _286_/X (sky130_fd_sc_hd__a22o_2)
     1    0.00                           _222_ (net)
                  0.04    0.00    2.83 v _287_/B1 (sky130_fd_sc_hd__a21o_2)
                  0.10    0.27    3.10 v _287_/X (sky130_fd_sc_hd__a21o_2)
     1    0.03                           P[1] (net)
                  0.10    0.00    3.10 v P[1] (out)
                                  3.10   data arrival time

                  0.00   10.00   10.00   clock clk (rise edge)
                          0.00   10.00   clock network delay (ideal)
                         -0.25    9.75   clock uncertainty
                          0.00    9.75   clock reconvergence pessimism
                         -2.00    7.75   output external delay
                                  7.75   data required time
-----------------------------------------------------------------------------
                                  7.75   data required time
                                 -3.10   data arrival time
-----------------------------------------------------------------------------
                                  4.65   slack (MET)


Startpoint: A[0] (input port clocked by clk)
Endpoint: P[0] (output port clocked by clk)
Path Group: clk
Path Type: max

Fanout     Cap    Slew   Delay    Time   Description
-----------------------------------------------------------------------------
                  0.00    0.00    0.00   clock clk (rise edge)
                          0.00    0.00   clock network delay (ideal)
                          2.00    2.00 ^ input external delay
                  0.10    0.07    2.07 ^ A[0] (in)
     5    0.02                           A[0] (net)
                  0.10    0.00    2.07 ^ _278_/A (sky130_fd_sc_hd__buf_1)
                  0.35    0.32    2.39 ^ _278_/X (sky130_fd_sc_hd__buf_1)
    10    0.03                           _215_ (net)
                  0.35    0.00    2.39 ^ _279_/B (sky130_fd_sc_hd__and2_2)
                  0.04    0.21    2.59 ^ _279_/X (sky130_fd_sc_hd__and2_2)
     1    0.00                           _216_ (net)
                  0.04    0.00    2.59 ^ _280_/A (sky130_fd_sc_hd__buf_1)
                  0.40    0.34    2.93 ^ _280_/X (sky130_fd_sc_hd__buf_1)
     1    0.03                           P[0] (net)
                  0.40    0.00    2.93 ^ P[0] (out)
                                  2.93   data arrival time

                  0.00   10.00   10.00   clock clk (rise edge)
                          0.00   10.00   clock network delay (ideal)
                         -0.25    9.75   clock uncertainty
                          0.00    9.75   clock reconvergence pessimism
                         -2.00    7.75   output external delay
                                  7.75   data required time
-----------------------------------------------------------------------------
                                  7.75   data required time
                                 -2.93   data arrival time
-----------------------------------------------------------------------------
                                  4.82   slack (MET)



