
===========================================================================
report_checks -path_delay min (Hold)
============================================================================
======================= Typical Corner ===================================

Startpoint: B[0] (input port clocked by clk)
Endpoint: P[0] (output port clocked by clk)
Path Group: clk
Path Type: min

Fanout     Cap    Slew   Delay    Time   Description
-----------------------------------------------------------------------------
                  0.00    0.00    0.00   clock clk (rise edge)
                          0.00    0.00   clock network delay (ideal)
                          2.00    2.00 v input external delay
                  0.02    0.01    2.01 v B[0] (in)
     4    0.01                           B[0] (net)
                  0.02    0.00    2.01 v _279_/A (sky130_fd_sc_hd__and2_2)
                  0.03    0.14    2.15 v _279_/X (sky130_fd_sc_hd__and2_2)
     1    0.00                           _216_ (net)
                  0.03    0.00    2.15 v _280_/A (sky130_fd_sc_hd__buf_1)
                  0.19    0.20    2.35 v _280_/X (sky130_fd_sc_hd__buf_1)
     1    0.03                           P[0] (net)
                  0.19    0.00    2.35 v P[0] (out)
                                  2.35   data arrival time

                  0.00    0.00    0.00   clock clk (rise edge)
                          0.00    0.00   clock network delay (ideal)
                          0.25    0.25   clock uncertainty
                          0.00    0.25   clock reconvergence pessimism
                         -2.00   -1.75   output external delay
                                 -1.75   data required time
-----------------------------------------------------------------------------
                                 -1.75   data required time
                                 -2.35   data arrival time
-----------------------------------------------------------------------------
                                  4.10   slack (MET)


Startpoint: B[2] (input port clocked by clk)
Endpoint: P[2] (output port clocked by clk)
Path Group: clk
Path Type: min

Fanout     Cap    Slew   Delay    Time   Description
-----------------------------------------------------------------------------
                  0.00    0.00    0.00   clock clk (rise edge)
                          0.00    0.00   clock network delay (ideal)
                          2.00    2.00 ^ input external delay
                  0.08    0.05    2.05 ^ B[2] (in)
     4    0.02                           B[2] (net)
                  0.08    0.00    2.05 ^ _288_/B (sky130_fd_sc_hd__xor2_2)
                  0.05    0.08    2.13 v _288_/X (sky130_fd_sc_hd__xor2_2)
     5    0.01                           _223_ (net)
                  0.05    0.00    2.13 v _295_/A2 (sky130_fd_sc_hd__a21oi_2)
                  0.10    0.13    2.27 ^ _295_/Y (sky130_fd_sc_hd__a21oi_2)
     1    0.00                           _230_ (net)
                  0.10    0.00    2.27 ^ _296_/B (sky130_fd_sc_hd__nor2_2)
                  0.08    0.10    2.36 v _296_/Y (sky130_fd_sc_hd__nor2_2)
     1    0.03                           P[2] (net)
                  0.08    0.00    2.36 v P[2] (out)
                                  2.36   data arrival time

                  0.00    0.00    0.00   clock clk (rise edge)
                          0.00    0.00   clock network delay (ideal)
                          0.25    0.25   clock uncertainty
                          0.00    0.25   clock reconvergence pessimism
                         -2.00   -1.75   output external delay
                                 -1.75   data required time
-----------------------------------------------------------------------------
                                 -1.75   data required time
                                 -2.36   data arrival time
-----------------------------------------------------------------------------
                                  4.11   slack (MET)


Startpoint: B[0] (input port clocked by clk)
Endpoint: P[1] (output port clocked by clk)
Path Group: clk
Path Type: min

Fanout     Cap    Slew   Delay    Time   Description
-----------------------------------------------------------------------------
                  0.00    0.00    0.00   clock clk (rise edge)
                          0.00    0.00   clock network delay (ideal)
                          2.00    2.00 ^ input external delay
                  0.04    0.02    2.02 ^ B[0] (in)
     4    0.01                           B[0] (net)
                  0.04    0.00    2.02 ^ _282_/B (sky130_fd_sc_hd__and2b_2)
                  0.08    0.16    2.18 ^ _282_/X (sky130_fd_sc_hd__and2b_2)
     7    0.01                           _218_ (net)
                  0.08    0.00    2.18 ^ _287_/A2 (sky130_fd_sc_hd__a21o_2)
                  0.17    0.22    2.40 ^ _287_/X (sky130_fd_sc_hd__a21o_2)
     1    0.03                           P[1] (net)
                  0.17    0.00    2.40 ^ P[1] (out)
                                  2.40   data arrival time

                  0.00    0.00    0.00   clock clk (rise edge)
                          0.00    0.00   clock network delay (ideal)
                          0.25    0.25   clock uncertainty
                          0.00    0.25   clock reconvergence pessimism
                         -2.00   -1.75   output external delay
                                 -1.75   data required time
-----------------------------------------------------------------------------
                                 -1.75   data required time
                                 -2.40   data arrival time
-----------------------------------------------------------------------------
                                  4.15   slack (MET)


Startpoint: B[2] (input port clocked by clk)
Endpoint: P[3] (output port clocked by clk)
Path Group: clk
Path Type: min

Fanout     Cap    Slew   Delay    Time   Description
-----------------------------------------------------------------------------
                  0.00    0.00    0.00   clock clk (rise edge)
                          0.00    0.00   clock network delay (ideal)
                          2.00    2.00 ^ input external delay
                  0.08    0.05    2.05 ^ B[2] (in)
     4    0.02                           B[2] (net)
                  0.08    0.00    2.05 ^ _288_/B (sky130_fd_sc_hd__xor2_2)
                  0.05    0.08    2.13 v _288_/X (sky130_fd_sc_hd__xor2_2)
     5    0.01                           _223_ (net)
                  0.05    0.00    2.13 v _294_/B (sky130_fd_sc_hd__and3_2)
                  0.05    0.21    2.34 v _294_/X (sky130_fd_sc_hd__and3_2)
     3    0.01                           _229_ (net)
                  0.05    0.00    2.34 v _314_/A (sky130_fd_sc_hd__nor2_2)
                  0.08    0.10    2.44 ^ _314_/Y (sky130_fd_sc_hd__nor2_2)
     1    0.00                           _248_ (net)
                  0.08    0.00    2.44 ^ _315_/B (sky130_fd_sc_hd__nor2_2)
                  0.08    0.09    2.53 v _315_/Y (sky130_fd_sc_hd__nor2_2)
     1    0.03                           P[3] (net)
                  0.08    0.00    2.53 v P[3] (out)
                                  2.53   data arrival time

                  0.00    0.00    0.00   clock clk (rise edge)
                          0.00    0.00   clock network delay (ideal)
                          0.25    0.25   clock uncertainty
                          0.00    0.25   clock reconvergence pessimism
                         -2.00   -1.75   output external delay
                                 -1.75   data required time
-----------------------------------------------------------------------------
                                 -1.75   data required time
                                 -2.53   data arrival time
-----------------------------------------------------------------------------
                                  4.28   slack (MET)


Startpoint: A[0] (input port clocked by clk)
Endpoint: P[5] (output port clocked by clk)
Path Group: clk
Path Type: min

Fanout     Cap    Slew   Delay    Time   Description
-----------------------------------------------------------------------------
                  0.00    0.00    0.00   clock clk (rise edge)
                          0.00    0.00   clock network delay (ideal)
                          2.00    2.00 v input external delay
                  0.04    0.03    2.03 v A[0] (in)
     5    0.02                           A[0] (net)
                  0.04    0.00    2.03 v _278_/A (sky130_fd_sc_hd__buf_1)
                  0.16    0.18    2.21 v _278_/X (sky130_fd_sc_hd__buf_1)
    10    0.03                           _215_ (net)
                  0.16    0.00    2.21 v _327_/A (sky130_fd_sc_hd__nand2_2)
                  0.06    0.11    2.32 ^ _327_/Y (sky130_fd_sc_hd__nand2_2)
     1    0.01                           _260_ (net)
                  0.06    0.00    2.32 ^ _328_/B (sky130_fd_sc_hd__xnor2_2)
                  0.05    0.07    2.39 v _328_/Y (sky130_fd_sc_hd__xnor2_2)
     3    0.01                           _261_ (net)
                  0.05    0.00    2.39 v _329_/B (sky130_fd_sc_hd__nand2_2)
                  0.07    0.08    2.47 ^ _329_/Y (sky130_fd_sc_hd__nand2_2)
     2    0.01                           _262_ (net)
                  0.07    0.00    2.47 ^ _358_/A (sky130_fd_sc_hd__xnor2_2)
                  0.15    0.15    2.62 v _358_/Y (sky130_fd_sc_hd__xnor2_2)
     1    0.03                           P[5] (net)
                  0.15    0.00    2.62 v P[5] (out)
                                  2.62   data arrival time

                  0.00    0.00    0.00   clock clk (rise edge)
                          0.00    0.00   clock network delay (ideal)
                          0.25    0.25   clock uncertainty
                          0.00    0.25   clock reconvergence pessimism
                         -2.00   -1.75   output external delay
                                 -1.75   data required time
-----------------------------------------------------------------------------
                                 -1.75   data required time
                                 -2.62   data arrival time
-----------------------------------------------------------------------------
                                  4.37   slack (MET)


Startpoint: A[3] (input port clocked by clk)
Endpoint: P[9] (output port clocked by clk)
Path Group: clk
Path Type: min

Fanout     Cap    Slew   Delay    Time   Description
-----------------------------------------------------------------------------
                  0.00    0.00    0.00   clock clk (rise edge)
                          0.00    0.00   clock network delay (ideal)
                          2.00    2.00 ^ input external delay
                  0.11    0.07    2.07 ^ A[3] (in)
     9    0.02                           A[3] (net)
                  0.11    0.00    2.07 ^ _409_/B2 (sky130_fd_sc_hd__a22o_2)
                  0.03    0.13    2.20 ^ _409_/X (sky130_fd_sc_hd__a22o_2)
     1    0.00                           _062_ (net)
                  0.03    0.00    2.20 ^ _410_/C1 (sky130_fd_sc_hd__a221o_2)
                  0.08    0.13    2.33 ^ _410_/X (sky130_fd_sc_hd__a221o_2)
     2    0.01                           _063_ (net)
                  0.08    0.00    2.33 ^ _434_/A2 (sky130_fd_sc_hd__a21oi_2)
                  0.04    0.08    2.41 v _434_/Y (sky130_fd_sc_hd__a21oi_2)
     3    0.01                           _086_ (net)
                  0.04    0.00    2.41 v _458_/A2 (sky130_fd_sc_hd__o21ai_2)
                  0.07    0.13    2.54 ^ _458_/Y (sky130_fd_sc_hd__o21ai_2)
     1    0.01                           _109_ (net)
                  0.07    0.00    2.54 ^ _459_/B (sky130_fd_sc_hd__xnor2_2)
                  0.16    0.15    2.69 v _459_/Y (sky130_fd_sc_hd__xnor2_2)
     1    0.03                           P[9] (net)
                  0.16    0.00    2.69 v P[9] (out)
                                  2.69   data arrival time

                  0.00    0.00    0.00   clock clk (rise edge)
                          0.00    0.00   clock network delay (ideal)
                          0.25    0.25   clock uncertainty
                          0.00    0.25   clock reconvergence pessimism
                         -2.00   -1.75   output external delay
                                 -1.75   data required time
-----------------------------------------------------------------------------
                                 -1.75   data required time
                                 -2.69   data arrival time
-----------------------------------------------------------------------------
                                  4.44   slack (MET)


Startpoint: A[2] (input port clocked by clk)
Endpoint: P[7] (output port clocked by clk)
Path Group: clk
Path Type: min

Fanout     Cap    Slew   Delay    Time   Description
-----------------------------------------------------------------------------
                  0.00    0.00    0.00   clock clk (rise edge)
                          0.00    0.00   clock network delay (ideal)
                          2.00    2.00 ^ input external delay
                  0.12    0.08    2.08 ^ A[2] (in)
    10    0.03                           A[2] (net)
                  0.12    0.00    2.08 ^ _376_/B2 (sky130_fd_sc_hd__a221o_2)
                  0.04    0.15    2.23 ^ _376_/X (sky130_fd_sc_hd__a221o_2)
     1    0.00                           _030_ (net)
                  0.04    0.00    2.23 ^ _377_/A (sky130_fd_sc_hd__inv_2)
                  0.03    0.04    2.27 v _377_/Y (sky130_fd_sc_hd__inv_2)
     3    0.01                           _031_ (net)
                  0.03    0.00    2.27 v _379_/B1 (sky130_fd_sc_hd__o21ai_2)
                  0.04    0.04    2.31 ^ _379_/Y (sky130_fd_sc_hd__o21ai_2)
     2    0.00                           _033_ (net)
                  0.04    0.00    2.31 ^ _382_/A2 (sky130_fd_sc_hd__a21o_2)
                  0.04    0.12    2.43 ^ _382_/X (sky130_fd_sc_hd__a21o_2)
     2    0.01                           _036_ (net)
                  0.04    0.00    2.43 ^ _415_/A1 (sky130_fd_sc_hd__a21oi_2)
                  0.04    0.06    2.49 v _415_/Y (sky130_fd_sc_hd__a21oi_2)
     2    0.01                           _068_ (net)
                  0.04    0.00    2.49 v _416_/B (sky130_fd_sc_hd__xnor2_2)
                  0.16    0.20    2.69 v _416_/Y (sky130_fd_sc_hd__xnor2_2)
     1    0.03                           P[7] (net)
                  0.16    0.00    2.69 v P[7] (out)
                                  2.69   data arrival time

                  0.00    0.00    0.00   clock clk (rise edge)
                          0.00    0.00   clock network delay (ideal)
                          0.25    0.25   clock uncertainty
                          0.00    0.25   clock reconvergence pessimism
                         -2.00   -1.75   output external delay
                                 -1.75   data required time
-----------------------------------------------------------------------------
                                 -1.75   data required time
                                 -2.69   data arrival time
-----------------------------------------------------------------------------
                                  4.44   slack (MET)


Startpoint: B[7] (input port clocked by clk)
Endpoint: P[15] (output port clocked by clk)
Path Group: clk
Path Type: min

Fanout     Cap    Slew   Delay    Time   Description
-----------------------------------------------------------------------------
                  0.00    0.00    0.00   clock clk (rise edge)
                          0.00    0.00   clock network delay (ideal)
                          2.00    2.00 v input external delay
                  0.02    0.01    2.01 v B[7] (in)
     3    0.01                           B[7] (net)
                  0.02    0.00    2.01 v _394_/A (sky130_fd_sc_hd__inv_2)
                  0.06    0.05    2.06 ^ _394_/Y (sky130_fd_sc_hd__inv_2)
     4    0.01                           _047_ (net)
                  0.06    0.00    2.06 ^ _546_/A1 (sky130_fd_sc_hd__a32o_2)
                  0.06    0.16    2.23 ^ _546_/X (sky130_fd_sc_hd__a32o_2)
     2    0.01                           _192_ (net)
                  0.06    0.00    2.23 ^ _564_/B1 (sky130_fd_sc_hd__a21o_2)
                  0.06    0.10    2.33 ^ _564_/X (sky130_fd_sc_hd__a21o_2)
     1    0.01                           _209_ (net)
                  0.06    0.00    2.33 ^ _566_/A (sky130_fd_sc_hd__xnor2_2)
                  0.05    0.08    2.40 v _566_/Y (sky130_fd_sc_hd__xnor2_2)
     1    0.01                           _211_ (net)
                  0.05    0.00    2.40 v _567_/B (sky130_fd_sc_hd__xnor2_2)
                  0.06    0.15    2.55 ^ _567_/Y (sky130_fd_sc_hd__xnor2_2)
     1    0.01                           _212_ (net)
                  0.06    0.00    2.55 ^ _568_/B (sky130_fd_sc_hd__xnor2_2)
                  0.15    0.14    2.70 v _568_/Y (sky130_fd_sc_hd__xnor2_2)
     1    0.03                           P[15] (net)
                  0.15    0.00    2.70 v P[15] (out)
                                  2.70   data arrival time

                  0.00    0.00    0.00   clock clk (rise edge)
                          0.00    0.00   clock network delay (ideal)
                          0.25    0.25   clock uncertainty
                          0.00    0.25   clock reconvergence pessimism
                         -2.00   -1.75   output external delay
                                 -1.75   data required time
-----------------------------------------------------------------------------
                                 -1.75   data required time
                                 -2.70   data arrival time
-----------------------------------------------------------------------------
                                  4.45   slack (MET)


Startpoint: A[7] (input port clocked by clk)
Endpoint: P[12] (output port clocked by clk)
Path Group: clk
Path Type: min

Fanout     Cap    Slew   Delay    Time   Description
-----------------------------------------------------------------------------
                  0.00    0.00    0.00   clock clk (rise edge)
                          0.00    0.00   clock network delay (ideal)
                          2.00    2.00 ^ input external delay
                  0.10    0.06    2.06 ^ A[7] (in)
     8    0.02                           A[7] (net)
                  0.10    0.00    2.06 ^ _502_/A2 (sky130_fd_sc_hd__a32o_2)
                  0.06    0.18    2.25 ^ _502_/X (sky130_fd_sc_hd__a32o_2)
     2    0.01                           _150_ (net)
                  0.06    0.00    2.25 ^ _503_/B1 (sky130_fd_sc_hd__a21oi_2)
                  0.04    0.05    2.29 v _503_/Y (sky130_fd_sc_hd__a21oi_2)
     2    0.01                           _151_ (net)
                  0.04    0.00    2.29 v _513_/A (sky130_fd_sc_hd__xnor2_2)
                  0.05    0.15    2.44 ^ _513_/Y (sky130_fd_sc_hd__xnor2_2)
     2    0.01                           _161_ (net)
                  0.05    0.00    2.44 ^ _517_/A (sky130_fd_sc_hd__nand2_2)
                  0.03    0.04    2.48 v _517_/Y (sky130_fd_sc_hd__nand2_2)
     1    0.00                           _165_ (net)
                  0.03    0.00    2.48 v _518_/B (sky130_fd_sc_hd__nand2_2)
                  0.11    0.10    2.59 ^ _518_/Y (sky130_fd_sc_hd__nand2_2)
     3    0.02                           _166_ (net)
                  0.11    0.00    2.59 ^ _525_/A (sky130_fd_sc_hd__xor2_2)
                  0.10    0.16    2.74 v _525_/X (sky130_fd_sc_hd__xor2_2)
     1    0.03                           P[12] (net)
                  0.10    0.00    2.74 v P[12] (out)
                                  2.74   data arrival time

                  0.00    0.00    0.00   clock clk (rise edge)
                          0.00    0.00   clock network delay (ideal)
                          0.25    0.25   clock uncertainty
                          0.00    0.25   clock reconvergence pessimism
                         -2.00   -1.75   output external delay
                                 -1.75   data required time
-----------------------------------------------------------------------------
                                 -1.75   data required time
                                 -2.74   data arrival time
-----------------------------------------------------------------------------
                                  4.49   slack (MET)


Startpoint: A[2] (input port clocked by clk)
Endpoint: P[6] (output port clocked by clk)
Path Group: clk
Path Type: min

Fanout     Cap    Slew   Delay    Time   Description
-----------------------------------------------------------------------------
                  0.00    0.00    0.00   clock clk (rise edge)
                          0.00    0.00   clock network delay (ideal)
                          2.00    2.00 ^ input external delay
                  0.12    0.08    2.08 ^ A[2] (in)
    10    0.03                           A[2] (net)
                  0.12    0.00    2.08 ^ _376_/B2 (sky130_fd_sc_hd__a221o_2)
                  0.04    0.15    2.23 ^ _376_/X (sky130_fd_sc_hd__a221o_2)
     1    0.00                           _030_ (net)
                  0.04    0.00    2.23 ^ _377_/A (sky130_fd_sc_hd__inv_2)
                  0.03    0.04    2.27 v _377_/Y (sky130_fd_sc_hd__inv_2)
     3    0.01                           _031_ (net)
                  0.03    0.00    2.27 v _379_/B1 (sky130_fd_sc_hd__o21ai_2)
                  0.04    0.04    2.31 ^ _379_/Y (sky130_fd_sc_hd__o21ai_2)
     2    0.00                           _033_ (net)
                  0.04    0.00    2.31 ^ _381_/B (sky130_fd_sc_hd__and3_2)
                  0.06    0.17    2.48 ^ _381_/X (sky130_fd_sc_hd__and3_2)
     2    0.01                           _035_ (net)
                  0.06    0.00    2.48 ^ _383_/A (sky130_fd_sc_hd__or2b_2)
                  0.06    0.12    2.59 ^ _383_/X (sky130_fd_sc_hd__or2b_2)
     1    0.01                           _037_ (net)
                  0.06    0.00    2.59 ^ _385_/A (sky130_fd_sc_hd__xnor2_2)
                  0.16    0.15    2.75 v _385_/Y (sky130_fd_sc_hd__xnor2_2)
     1    0.03                           P[6] (net)
                  0.16    0.00    2.75 v P[6] (out)
                                  2.75   data arrival time

                  0.00    0.00    0.00   clock clk (rise edge)
                          0.00    0.00   clock network delay (ideal)
                          0.25    0.25   clock uncertainty
                          0.00    0.25   clock reconvergence pessimism
                         -2.00   -1.75   output external delay
                                 -1.75   data required time
-----------------------------------------------------------------------------
                                 -1.75   data required time
                                 -2.75   data arrival time
-----------------------------------------------------------------------------
                                  4.50   slack (MET)


Startpoint: A[3] (input port clocked by clk)
Endpoint: P[8] (output port clocked by clk)
Path Group: clk
Path Type: min

Fanout     Cap    Slew   Delay    Time   Description
-----------------------------------------------------------------------------
                  0.00    0.00    0.00   clock clk (rise edge)
                          0.00    0.00   clock network delay (ideal)
                          2.00    2.00 ^ input external delay
                  0.11    0.07    2.07 ^ A[3] (in)
     9    0.02                           A[3] (net)
                  0.11    0.00    2.07 ^ _409_/B2 (sky130_fd_sc_hd__a22o_2)
                  0.03    0.13    2.20 ^ _409_/X (sky130_fd_sc_hd__a22o_2)
     1    0.00                           _062_ (net)
                  0.03    0.00    2.20 ^ _410_/C1 (sky130_fd_sc_hd__a221o_2)
                  0.08    0.13    2.33 ^ _410_/X (sky130_fd_sc_hd__a221o_2)
     2    0.01                           _063_ (net)
                  0.08    0.00    2.33 ^ _411_/B (sky130_fd_sc_hd__xor2_2)
                  0.04    0.07    2.40 v _411_/X (sky130_fd_sc_hd__xor2_2)
     2    0.01                           _064_ (net)
                  0.04    0.00    2.40 v _413_/B1 (sky130_fd_sc_hd__o21ai_2)
                  0.06    0.06    2.46 ^ _413_/Y (sky130_fd_sc_hd__o21ai_2)
     2    0.01                           _066_ (net)
                  0.06    0.00    2.46 ^ _436_/A1 (sky130_fd_sc_hd__a21oi_2)
                  0.07    0.08    2.54 v _436_/Y (sky130_fd_sc_hd__a21oi_2)
     4    0.02                           _088_ (net)
                  0.07    0.00    2.54 v _437_/B (sky130_fd_sc_hd__xnor2_2)
                  0.16    0.22    2.76 v _437_/Y (sky130_fd_sc_hd__xnor2_2)
     1    0.03                           P[8] (net)
                  0.16    0.00    2.76 v P[8] (out)
                                  2.76   data arrival time

                  0.00    0.00    0.00   clock clk (rise edge)
                          0.00    0.00   clock network delay (ideal)
                          0.25    0.25   clock uncertainty
                          0.00    0.25   clock reconvergence pessimism
                         -2.00   -1.75   output external delay
                                 -1.75   data required time
-----------------------------------------------------------------------------
                                 -1.75   data required time
                                 -2.76   data arrival time
-----------------------------------------------------------------------------
                                  4.51   slack (MET)


Startpoint: A[6] (input port clocked by clk)
Endpoint: P[10] (output port clocked by clk)
Path Group: clk
Path Type: min

Fanout     Cap    Slew   Delay    Time   Description
-----------------------------------------------------------------------------
                  0.00    0.00    0.00   clock clk (rise edge)
                          0.00    0.00   clock network delay (ideal)
                          2.00    2.00 ^ input external delay
                  0.11    0.07    2.07 ^ A[6] (in)
    10    0.02                           A[6] (net)
                  0.11    0.00    2.07 ^ _472_/B2 (sky130_fd_sc_hd__a22o_2)
                  0.04    0.14    2.21 ^ _472_/X (sky130_fd_sc_hd__a22o_2)
     1    0.00                           _122_ (net)
                  0.04    0.00    2.21 ^ _473_/C1 (sky130_fd_sc_hd__a221oi_2)
                  0.04    0.04    2.25 v _473_/Y (sky130_fd_sc_hd__a221oi_2)
     2    0.01                           _123_ (net)
                  0.04    0.00    2.25 v _474_/B (sky130_fd_sc_hd__xor2_2)
                  0.16    0.16    2.41 ^ _474_/X (sky130_fd_sc_hd__xor2_2)
     2    0.01                           _124_ (net)
                  0.16    0.00    2.41 ^ _478_/A (sky130_fd_sc_hd__xor2_2)
                  0.08    0.14    2.55 v _478_/X (sky130_fd_sc_hd__xor2_2)
     4    0.02                           _128_ (net)
                  0.08    0.00    2.55 v _483_/A (sky130_fd_sc_hd__xor2_2)
                  0.10    0.23    2.79 v _483_/X (sky130_fd_sc_hd__xor2_2)
     1    0.03                           P[10] (net)
                  0.10    0.00    2.79 v P[10] (out)
                                  2.79   data arrival time

                  0.00    0.00    0.00   clock clk (rise edge)
                          0.00    0.00   clock network delay (ideal)
                          0.25    0.25   clock uncertainty
                          0.00    0.25   clock reconvergence pessimism
                         -2.00   -1.75   output external delay
                                 -1.75   data required time
-----------------------------------------------------------------------------
                                 -1.75   data required time
                                 -2.79   data arrival time
-----------------------------------------------------------------------------
                                  4.54   slack (MET)


Startpoint: A[6] (input port clocked by clk)
Endpoint: P[11] (output port clocked by clk)
Path Group: clk
Path Type: min

Fanout     Cap    Slew   Delay    Time   Description
-----------------------------------------------------------------------------
                  0.00    0.00    0.00   clock clk (rise edge)
                          0.00    0.00   clock network delay (ideal)
                          2.00    2.00 ^ input external delay
                  0.11    0.07    2.07 ^ A[6] (in)
    10    0.02                           A[6] (net)
                  0.11    0.00    2.07 ^ _472_/B2 (sky130_fd_sc_hd__a22o_2)
                  0.04    0.14    2.21 ^ _472_/X (sky130_fd_sc_hd__a22o_2)
     1    0.00                           _122_ (net)
                  0.04    0.00    2.21 ^ _473_/C1 (sky130_fd_sc_hd__a221oi_2)
                  0.04    0.04    2.25 v _473_/Y (sky130_fd_sc_hd__a221oi_2)
     2    0.01                           _123_ (net)
                  0.04    0.00    2.25 v _474_/B (sky130_fd_sc_hd__xor2_2)
                  0.05    0.15    2.40 v _474_/X (sky130_fd_sc_hd__xor2_2)
     2    0.01                           _124_ (net)
                  0.05    0.00    2.40 v _499_/B_N (sky130_fd_sc_hd__or2b_2)
                  0.06    0.17    2.57 ^ _499_/X (sky130_fd_sc_hd__or2b_2)
     2    0.01                           _148_ (net)
                  0.06    0.00    2.57 ^ _500_/B1 (sky130_fd_sc_hd__o21ai_2)
                  0.05    0.06    2.62 v _500_/Y (sky130_fd_sc_hd__o21ai_2)
     1    0.01                           _149_ (net)
                  0.05    0.00    2.62 v _501_/B (sky130_fd_sc_hd__xnor2_2)
                  0.16    0.21    2.83 v _501_/Y (sky130_fd_sc_hd__xnor2_2)
     1    0.03                           P[11] (net)
                  0.16    0.00    2.83 v P[11] (out)
                                  2.83   data arrival time

                  0.00    0.00    0.00   clock clk (rise edge)
                          0.00    0.00   clock network delay (ideal)
                          0.25    0.25   clock uncertainty
                          0.00    0.25   clock reconvergence pessimism
                         -2.00   -1.75   output external delay
                                 -1.75   data required time
-----------------------------------------------------------------------------
                                 -1.75   data required time
                                 -2.83   data arrival time
-----------------------------------------------------------------------------
                                  4.58   slack (MET)


Startpoint: A[7] (input port clocked by clk)
Endpoint: P[13] (output port clocked by clk)
Path Group: clk
Path Type: min

Fanout     Cap    Slew   Delay    Time   Description
-----------------------------------------------------------------------------
                  0.00    0.00    0.00   clock clk (rise edge)
                          0.00    0.00   clock network delay (ideal)
                          2.00    2.00 ^ input external delay
                  0.10    0.06    2.06 ^ A[7] (in)
     8    0.02                           A[7] (net)
                  0.10    0.00    2.06 ^ _502_/A2 (sky130_fd_sc_hd__a32o_2)
                  0.06    0.18    2.25 ^ _502_/X (sky130_fd_sc_hd__a32o_2)
     2    0.01                           _150_ (net)
                  0.06    0.00    2.25 ^ _503_/B1 (sky130_fd_sc_hd__a21oi_2)
                  0.04    0.05    2.29 v _503_/Y (sky130_fd_sc_hd__a21oi_2)
     2    0.01                           _151_ (net)
                  0.04    0.00    2.29 v _513_/A (sky130_fd_sc_hd__xnor2_2)
                  0.05    0.15    2.44 ^ _513_/Y (sky130_fd_sc_hd__xnor2_2)
     2    0.01                           _161_ (net)
                  0.05    0.00    2.44 ^ _516_/A (sky130_fd_sc_hd__or2_2)
                  0.07    0.12    2.57 ^ _516_/X (sky130_fd_sc_hd__or2_2)
     3    0.01                           _164_ (net)
                  0.07    0.00    2.57 ^ _541_/B1 (sky130_fd_sc_hd__o21ai_2)
                  0.05    0.06    2.63 v _541_/Y (sky130_fd_sc_hd__o21ai_2)
     1    0.01                           _188_ (net)
                  0.05    0.00    2.63 v _542_/B (sky130_fd_sc_hd__xnor2_2)
                  0.16    0.21    2.84 v _542_/Y (sky130_fd_sc_hd__xnor2_2)
     1    0.03                           P[13] (net)
                  0.16    0.00    2.84 v P[13] (out)
                                  2.84   data arrival time

                  0.00    0.00    0.00   clock clk (rise edge)
                          0.00    0.00   clock network delay (ideal)
                          0.25    0.25   clock uncertainty
                          0.00    0.25   clock reconvergence pessimism
                         -2.00   -1.75   output external delay
                                 -1.75   data required time
-----------------------------------------------------------------------------
                                 -1.75   data required time
                                 -2.84   data arrival time
-----------------------------------------------------------------------------
                                  4.59   slack (MET)


Startpoint: B[4] (input port clocked by clk)
Endpoint: P[4] (output port clocked by clk)
Path Group: clk
Path Type: min

Fanout     Cap    Slew   Delay    Time   Description
-----------------------------------------------------------------------------
                  0.00    0.00    0.00   clock clk (rise edge)
                          0.00    0.00   clock network delay (ideal)
                          2.00    2.00 v input external delay
                  0.02    0.01    2.01 v B[4] (in)
     2    0.01                           B[4] (net)
                  0.02    0.00    2.01 v _325_/B (sky130_fd_sc_hd__nand2_2)
                  0.06    0.06    2.07 ^ _325_/Y (sky130_fd_sc_hd__nand2_2)
     4    0.01                           _258_ (net)
                  0.06    0.00    2.07 ^ _326_/B (sky130_fd_sc_hd__and2_2)
                  0.06    0.14    2.22 ^ _326_/X (sky130_fd_sc_hd__and2_2)
     2    0.01                           _259_ (net)
                  0.06    0.00    2.22 ^ _327_/B (sky130_fd_sc_hd__nand2_2)
                  0.04    0.06    2.28 v _327_/Y (sky130_fd_sc_hd__nand2_2)
     1    0.01                           _260_ (net)
                  0.04    0.00    2.28 v _328_/B (sky130_fd_sc_hd__xnor2_2)
                  0.06    0.15    2.42 ^ _328_/Y (sky130_fd_sc_hd__xnor2_2)
     3    0.01                           _261_ (net)
                  0.06    0.00    2.42 ^ _329_/B (sky130_fd_sc_hd__nand2_2)
                  0.05    0.06    2.49 v _329_/Y (sky130_fd_sc_hd__nand2_2)
     2    0.01                           _262_ (net)
                  0.05    0.00    2.49 v _570_/A (sky130_fd_sc_hd__and2_2)
                  0.03    0.15    2.64 v _570_/X (sky130_fd_sc_hd__and2_2)
     1    0.00                           _214_ (net)
                  0.03    0.00    2.64 v _571_/A (sky130_fd_sc_hd__buf_1)
                  0.19    0.20    2.84 v _571_/X (sky130_fd_sc_hd__buf_1)
     1    0.03                           P[4] (net)
                  0.19    0.00    2.84 v P[4] (out)
                                  2.84   data arrival time

                  0.00    0.00    0.00   clock clk (rise edge)
                          0.00    0.00   clock network delay (ideal)
                          0.25    0.25   clock uncertainty
                          0.00    0.25   clock reconvergence pessimism
                         -2.00   -1.75   output external delay
                                 -1.75   data required time
-----------------------------------------------------------------------------
                                 -1.75   data required time
                                 -2.84   data arrival time
-----------------------------------------------------------------------------
                                  4.59   slack (MET)


Startpoint: A[7] (input port clocked by clk)
Endpoint: P[14] (output port clocked by clk)
Path Group: clk
Path Type: min

Fanout     Cap    Slew   Delay    Time   Description
-----------------------------------------------------------------------------
                  0.00    0.00    0.00   clock clk (rise edge)
                          0.00    0.00   clock network delay (ideal)
                          2.00    2.00 ^ input external delay
                  0.10    0.06    2.06 ^ A[7] (in)
     8    0.02                           A[7] (net)
                  0.10    0.00    2.06 ^ _502_/A2 (sky130_fd_sc_hd__a32o_2)
                  0.06    0.18    2.25 ^ _502_/X (sky130_fd_sc_hd__a32o_2)
     2    0.01                           _150_ (net)
                  0.06    0.00    2.25 ^ _503_/B1 (sky130_fd_sc_hd__a21oi_2)
                  0.04    0.05    2.29 v _503_/Y (sky130_fd_sc_hd__a21oi_2)
     2    0.01                           _151_ (net)
                  0.04    0.00    2.29 v _513_/A (sky130_fd_sc_hd__xnor2_2)
                  0.05    0.15    2.44 ^ _513_/Y (sky130_fd_sc_hd__xnor2_2)
     2    0.01                           _161_ (net)
                  0.05    0.00    2.44 ^ _517_/A (sky130_fd_sc_hd__nand2_2)
                  0.03    0.04    2.48 v _517_/Y (sky130_fd_sc_hd__nand2_2)
     1    0.00                           _165_ (net)
                  0.03    0.00    2.48 v _518_/B (sky130_fd_sc_hd__nand2_2)
                  0.11    0.10    2.59 ^ _518_/Y (sky130_fd_sc_hd__nand2_2)
     3    0.02                           _166_ (net)
                  0.11    0.00    2.59 ^ _560_/A1 (sky130_fd_sc_hd__o31ai_2)
                  0.05    0.10    2.69 v _560_/Y (sky130_fd_sc_hd__o31ai_2)
     2    0.01                           _206_ (net)
                  0.05    0.00    2.69 v _561_/B (sky130_fd_sc_hd__xor2_2)
                  0.10    0.20    2.88 v _561_/X (sky130_fd_sc_hd__xor2_2)
     1    0.03                           P[14] (net)
                  0.10    0.00    2.88 v P[14] (out)
                                  2.88   data arrival time

                  0.00    0.00    0.00   clock clk (rise edge)
                          0.00    0.00   clock network delay (ideal)
                          0.25    0.25   clock uncertainty
                          0.00    0.25   clock reconvergence pessimism
                         -2.00   -1.75   output external delay
                                 -1.75   data required time
-----------------------------------------------------------------------------
                                 -1.75   data required time
                                 -2.88   data arrival time
-----------------------------------------------------------------------------
                                  4.63   slack (MET)



