OpenROAD 41a51eaf4ca2171c92ff38afb91eb37bbd3f36da 
This program is licensed under the BSD-3 license. See the LICENSE file for details.
Components of this program may be licensed under more restrictive licenses which must be honored.
[INFO]: Reading ODB at '/openlane/designs/booth/runs/myrun/results/floorplan/booth.odb'…
define_corners Typical
read_liberty -corner Typical /home/jagadeesh97/.ciel/ciel/sky130/versions/0fe599b2afb6708d281543108caf8310912f54af/sky130A/libs.ref/sky130_fd_sc_hd/lib/sky130_fd_sc_hd__tt_025C_1v80.lib
Using 1e-12 for capacitance...
Using 1e+03 for resistance...
Using 1e-09 for time...
Using 1e+00 for voltage...
Using 1e-03 for current...
Using 1e-09 for power...
Using 1e-06 for distance...
Reading design constraints file at '/openlane/designs/booth/runs/myrun/tmp/floorplan/3-initial_fp.sdc'…
[INFO]: Setting RC values...
[INFO]: Setting signal min routing layer to: met1 and clock min routing layer to met3. 
[INFO]: Setting signal max routing layer to: met5 and clock max routing layer to met5. 
[INFO GPL-0002] DBU: 1000
[INFO GPL-0003] SiteSize: 460 2720
[INFO GPL-0004] CoreAreaLxLy: 5520 10880
[INFO GPL-0005] CoreAreaUxUy: 125580 130560
[INFO GPL-0006] NumInstances: 765
[INFO GPL-0007] NumPlaceInstances: 470
[INFO GPL-0008] NumFixedInstances: 295
[INFO GPL-0009] NumDummyInstances: 0
[INFO GPL-0010] NumNets: 486
[INFO GPL-0011] NumPins: 1715
[INFO GPL-0012] DieAreaLxLy: 0 0
[INFO GPL-0013] DieAreaUxUy: 131445 142165
[INFO GPL-0014] CoreAreaLxLy: 5520 10880
[INFO GPL-0015] CoreAreaUxUy: 125580 130560
[INFO GPL-0016] CoreArea: 14368780800
[INFO GPL-0017] NonPlaceInstsArea: 589315200
[INFO GPL-0018] PlaceInstsArea: 4349171200
[INFO GPL-0019] Util(%): 31.56
[INFO GPL-0020] StdInstsArea: 4349171200
[INFO GPL-0021] MacroInstsArea: 0
[InitialPlace]  Iter: 1 CG residual: 0.00000008 HPWL: 7703110
[InitialPlace]  Iter: 2 CG residual: 0.00000006 HPWL: 6968924
[InitialPlace]  Iter: 3 CG residual: 0.00000007 HPWL: 6952409
[InitialPlace]  Iter: 4 CG residual: 0.00000008 HPWL: 6979649
[InitialPlace]  Iter: 5 CG residual: 0.00000008 HPWL: 6959003
[INFO GPL-0031] FillerInit: NumGCells: 536
[INFO GPL-0032] FillerInit: NumGNets: 486
[INFO GPL-0033] FillerInit: NumGPins: 1715
[INFO GPL-0023] TargetDensity: 0.36
[INFO GPL-0024] AveragePlaceInstArea: 9253555
[INFO GPL-0025] IdealBinArea: 25704318
[INFO GPL-0026] IdealBinCnt: 559
[INFO GPL-0027] TotalBinArea: 14368780800
[INFO GPL-0028] BinCnt: 16 16
[INFO GPL-0029] BinSize: 7504 7480
[INFO GPL-0030] NumBins: 256
[NesterovSolve] Iter: 1 overflow: 0.918938 HPWL: 4674439
[NesterovSolve] Iter: 10 overflow: 0.831183 HPWL: 5989291
[NesterovSolve] Iter: 20 overflow: 0.828081 HPWL: 6018622
[NesterovSolve] Iter: 30 overflow: 0.828232 HPWL: 6012809
[NesterovSolve] Iter: 40 overflow: 0.828348 HPWL: 6010679
[NesterovSolve] Iter: 50 overflow: 0.82891 HPWL: 6015877
[NesterovSolve] Iter: 60 overflow: 0.828854 HPWL: 6018303
[NesterovSolve] Iter: 70 overflow: 0.828558 HPWL: 6019613
[NesterovSolve] Iter: 80 overflow: 0.828184 HPWL: 6021498
[NesterovSolve] Iter: 90 overflow: 0.827688 HPWL: 6027186
[NesterovSolve] Iter: 100 overflow: 0.827126 HPWL: 6037809
[NesterovSolve] Iter: 110 overflow: 0.826432 HPWL: 6054899
[NesterovSolve] Iter: 120 overflow: 0.825273 HPWL: 6084697
[NesterovSolve] Iter: 130 overflow: 0.823252 HPWL: 6136276
[NesterovSolve] Iter: 140 overflow: 0.819726 HPWL: 6224044
[NesterovSolve] Iter: 150 overflow: 0.813114 HPWL: 6375546
[NesterovSolve] Iter: 160 overflow: 0.801577 HPWL: 6594087
[NesterovSolve] Iter: 170 overflow: 0.786056 HPWL: 6845627
[INFO GPL-0100] worst slack -2.19e-09
[INFO GPL-0103] Weighted 48 nets.
[NesterovSolve] Iter: 180 overflow: 0.774136 HPWL: 7186873
[NesterovSolve] Iter: 190 overflow: 0.756188 HPWL: 7571676
[NesterovSolve] Iter: 200 overflow: 0.71879 HPWL: 7942179
[NesterovSolve] Iter: 210 overflow: 0.691427 HPWL: 8315630
[NesterovSolve] Iter: 220 overflow: 0.64865 HPWL: 8814978
[INFO GPL-0100] worst slack -2.25e-09
[INFO GPL-0103] Weighted 48 nets.
[NesterovSolve] Iter: 230 overflow: 0.608677 HPWL: 9129778
[NesterovSolve] Snapshot saved at iter = 232
[NesterovSolve] Iter: 240 overflow: 0.561771 HPWL: 9557187
[NesterovSolve] Iter: 250 overflow: 0.50865 HPWL: 9830811
[INFO GPL-0100] worst slack -2.31e-09
[INFO GPL-0103] Weighted 48 nets.
[NesterovSolve] Iter: 260 overflow: 0.457495 HPWL: 10060017
[NesterovSolve] Iter: 270 overflow: 0.398755 HPWL: 10207489
[NesterovSolve] Iter: 280 overflow: 0.338342 HPWL: 10397901
[NesterovSolve] Iter: 290 overflow: 0.304048 HPWL: 10458412
[INFO GPL-0100] worst slack -2.33e-09
[INFO GPL-0103] Weighted 48 nets.
[NesterovSolve] Iter: 300 overflow: 0.261658 HPWL: 10601200
[NesterovSolve] Iter: 310 overflow: 0.23213 HPWL: 10732530
[NesterovSolve] Iter: 320 overflow: 0.203356 HPWL: 10831571
[INFO GPL-0100] worst slack -2.32e-09
[INFO GPL-0103] Weighted 48 nets.
[INFO GPL-0075] Routability numCall: 1 inflationIterCnt: 1 bloatIterCnt: 0
[INFO GPL-0036] TileLxLy: 0 0
[INFO GPL-0037] TileSize: 6900 6900
[INFO GPL-0038] TileCnt: 19 20
[INFO GPL-0039] numRoutingLayers: 6
[INFO GPL-0040] NumTiles: 380
[INFO GPL-0063] TotalRouteOverflowH2: 0.0
[INFO GPL-0064] TotalRouteOverflowV2: 0.0
[INFO GPL-0065] OverflowTileCnt2: 0
[INFO GPL-0066] 0.5%RC: 1.0
[INFO GPL-0067] 1.0%RC: 1.0
[INFO GPL-0068] 2.0%RC: 1.0
[INFO GPL-0069] 5.0%RC: 0.9635135048144573
[INFO GPL-0070] 0.5rcK: 1.0
[INFO GPL-0071] 1.0rcK: 1.0
[INFO GPL-0072] 2.0rcK: 0.0
[INFO GPL-0073] 5.0rcK: 0.0
[INFO GPL-0074] FinalRC: 1.0
[NesterovSolve] Iter: 330 overflow: 0.177014 HPWL: 10925814
[NesterovSolve] Iter: 340 overflow: 0.155067 HPWL: 10968470
[INFO GPL-0100] worst slack -2.32e-09
[INFO GPL-0103] Weighted 48 nets.
[NesterovSolve] Iter: 350 overflow: 0.136358 HPWL: 11036131
[NesterovSolve] Iter: 360 overflow: 0.123358 HPWL: 11119064
[NesterovSolve] Iter: 370 overflow: 0.106245 HPWL: 11174556
[NesterovSolve] Finished with Overflow: 0.099461
Setting global connections for newly added cells…
Writing OpenROAD database to '/openlane/designs/booth/runs/myrun/tmp/placement/7-global.odb'…
Writing netlist to '/openlane/designs/booth/runs/myrun/tmp/placement/7-global.nl.v'…
Writing powered netlist to '/openlane/designs/booth/runs/myrun/tmp/placement/7-global.pnl.v'…
Writing layout to '/openlane/designs/booth/runs/myrun/tmp/placement/7-global.def'…
